[*] Load dataset...
[*] Fix malformed data...
[*] Split...
[*] Encoding...
[*] -> domain...
pipeline.py:185: SettingWithCopyWarning: 
A value is trying to be set on a copy of a slice from a DataFrame.
Try using .loc[row_indexer,col_indexer] = value instead

See the caveats in the documentation: https://pandas.pydata.org/pandas-docs/stable/user_guide/indexing.html#returning-a-view-versus-a-copy
  train_df['domain'] = train_df['url'].apply(extract_domain)
pipeline.py:186: SettingWithCopyWarning: 
A value is trying to be set on a copy of a slice from a DataFrame.
Try using .loc[row_indexer,col_indexer] = value instead

See the caveats in the documentation: https://pandas.pydata.org/pandas-docs/stable/user_guide/indexing.html#returning-a-view-versus-a-copy
  test_df['domain'] = test_df['url'].apply(extract_domain)
[*] -> tweet_ids...
[*] Encoding complete!
==============================
Using GPU for training
Dataset: FakeNewsNet-politifact
TMU params: num-clauses=5000, T=100, s=10.0
Epochs: 100
Feature(s): domain, tweet
max-vocab=3000, max-domain=500, max-tweet=500
====================
Train size: 844
Train classes: 2
Test size: 212
Test classes: 2
Total features: 818
==============================
[*] Training for 100 epochs...
Epoch   1: Train%/Test% | Accuracy: 58.06%/63.21%/usr/local/lib/python3.8/dist-packages/sklearn/metrics/_classification.py:1245: UndefinedMetricWarning: Precision is ill-defined and being set to 0.0 in labels with no predicted samples. Use `zero_division` parameter to control this behavior.
  _warn_prf(average, modifier, msg_start, len(result))
/usr/local/lib/python3.8/dist-packages/sklearn/metrics/_classification.py:1245: UndefinedMetricWarning: Precision is ill-defined and being set to 0.0 in labels with no predicted samples. Use `zero_division` parameter to control this behavior.
  _warn_prf(average, modifier, msg_start, len(result))
 | Precision: 29.03%/31.60% | Recall: 50.00%/50.00% | F1: 36.73%/38.73% | Time: fit=002s, train=000s, test=000s, total=002s
Epoch   2: Train%/Test% | Accuracy: 58.06%/63.21%/usr/local/lib/python3.8/dist-packages/sklearn/metrics/_classification.py:1245: UndefinedMetricWarning: Precision is ill-defined and being set to 0.0 in labels with no predicted samples. Use `zero_division` parameter to control this behavior.
  _warn_prf(average, modifier, msg_start, len(result))
/usr/local/lib/python3.8/dist-packages/sklearn/metrics/_classification.py:1245: UndefinedMetricWarning: Precision is ill-defined and being set to 0.0 in labels with no predicted samples. Use `zero_division` parameter to control this behavior.
  _warn_prf(average, modifier, msg_start, len(result))
 | Precision: 29.03%/31.60% | Recall: 50.00%/50.00% | F1: 36.73%/38.73% | Time: fit=001s, train=000s, test=000s, total=001s
Epoch   3: Train%/Test% | Accuracy: 58.06%/63.21%/usr/local/lib/python3.8/dist-packages/sklearn/metrics/_classification.py:1245: UndefinedMetricWarning: Precision is ill-defined and being set to 0.0 in labels with no predicted samples. Use `zero_division` parameter to control this behavior.
  _warn_prf(average, modifier, msg_start, len(result))
/usr/local/lib/python3.8/dist-packages/sklearn/metrics/_classification.py:1245: UndefinedMetricWarning: Precision is ill-defined and being set to 0.0 in labels with no predicted samples. Use `zero_division` parameter to control this behavior.
  _warn_prf(average, modifier, msg_start, len(result))
 | Precision: 29.03%/31.60% | Recall: 50.00%/50.00% | F1: 36.73%/38.73% | Time: fit=001s, train=000s, test=000s, total=001s
Epoch   4: Train%/Test% | Accuracy: 58.06%/63.21%/usr/local/lib/python3.8/dist-packages/sklearn/metrics/_classification.py:1245: UndefinedMetricWarning: Precision is ill-defined and being set to 0.0 in labels with no predicted samples. Use `zero_division` parameter to control this behavior.
  _warn_prf(average, modifier, msg_start, len(result))
/usr/local/lib/python3.8/dist-packages/sklearn/metrics/_classification.py:1245: UndefinedMetricWarning: Precision is ill-defined and being set to 0.0 in labels with no predicted samples. Use `zero_division` parameter to control this behavior.
  _warn_prf(average, modifier, msg_start, len(result))
 | Precision: 29.03%/31.60% | Recall: 50.00%/50.00% | F1: 36.73%/38.73% | Time: fit=001s, train=000s, test=000s, total=001s
Epoch   5: Train%/Test% | Accuracy: 59.36%/65.09% | Precision: 79.41%/82.21% | Recall: 51.55%/52.56% | F1: 40.05%/44.06% | Time: fit=001s, train=000s, test=000s, total=001s
Epoch   6: Train%/Test% | Accuracy: 62.20%/67.45% | Precision: 80.28%/83.00% | Recall: 54.94%/55.77% | F1: 46.72%/50.11% | Time: fit=001s, train=000s, test=000s, total=001s
Epoch   7: Train%/Test% | Accuracy: 66.71%/70.28% | Precision: 79.93%/84.01% | Recall: 60.43%/59.62% | F1: 56.36%/56.61% | Time: fit=001s, train=000s, test=000s, total=001s
Epoch   8: Train%/Test% | Accuracy: 73.46%/67.92% | Precision: 72.96%/68.45% | Recall: 73.42%/69.80% | F1: 73.07%/67.51% | Time: fit=001s, train=000s, test=000s, total=001s
Epoch   9: Train%/Test% | Accuracy: 70.14%/68.87% | Precision: 80.16%/75.43% | Recall: 64.68%/58.50% | F1: 62.85%/55.56% | Time: fit=001s, train=000s, test=000s, total=001s
Epoch  10: Train%/Test% | Accuracy: 74.88%/70.75% | Precision: 74.48%/71.28% | Recall: 75.04%/72.85% | F1: 74.57%/70.38% | Time: fit=001s, train=000s, test=000s, total=001s
Epoch  11: Train%/Test% | Accuracy: 74.41%/71.23% | Precision: 73.74%/71.10% | Recall: 73.45%/72.68% | F1: 73.57%/70.68% | Time: fit=001s, train=000s, test=000s, total=001s
Epoch  12: Train%/Test% | Accuracy: 74.88%/70.28% | Precision: 74.67%/71.25% | Recall: 75.31%/72.74% | F1: 74.65%/69.99% | Time: fit=001s, train=000s, test=000s, total=001s
Epoch  13: Train%/Test% | Accuracy: 75.47%/71.23% | Precision: 75.22%/71.90% | Recall: 75.86%/73.49% | F1: 75.23%/70.88% | Time: fit=001s, train=000s, test=000s, total=001s
Epoch  14: Train%/Test% | Accuracy: 74.76%/71.70% | Precision: 74.57%/72.23% | Recall: 75.21%/73.86% | F1: 74.54%/71.33% | Time: fit=001s, train=000s, test=000s, total=001s
Epoch  15: Train%/Test% | Accuracy: 74.17%/69.81% | Precision: 73.96%/70.93% | Recall: 74.58%/72.37% | F1: 73.94%/69.54% | Time: fit=001s, train=000s, test=000s, total=001s
Epoch  16: Train%/Test% | Accuracy: 75.12%/69.81% | Precision: 74.77%/70.93% | Recall: 75.36%/72.37% | F1: 74.83%/69.54% | Time: fit=001s, train=000s, test=000s, total=001s
Epoch  17: Train%/Test% | Accuracy: 74.64%/72.17% | Precision: 73.99%/72.30% | Recall: 73.66%/73.97% | F1: 73.79%/71.71% | Time: fit=001s, train=000s, test=000s, total=001s
Epoch  18: Train%/Test% | Accuracy: 76.42%/72.64% | Precision: 75.80%/72.90% | Recall: 75.70%/74.61% | F1: 75.74%/72.22% | Time: fit=001s, train=000s, test=000s, total=001s
Epoch  19: Train%/Test% | Accuracy: 71.33%/65.09% | Precision: 72.94%/74.11% | Recall: 73.07%/71.85% | F1: 71.32%/64.94% | Time: fit=001s, train=000s, test=000s, total=001s
Epoch  20: Train%/Test% | Accuracy: 72.87%/64.62% | Precision: 74.69%/72.53% | Recall: 74.75%/70.94% | F1: 72.87%/64.53% | Time: fit=001s, train=000s, test=000s, total=001s
Epoch  21: Train%/Test% | Accuracy: 73.22%/65.09% | Precision: 74.94%/73.41% | Recall: 75.06%/71.58% | F1: 73.22%/64.98% | Time: fit=001s, train=000s, test=000s, total=001s
Epoch  22: Train%/Test% | Accuracy: 71.45%/64.62% | Precision: 73.54%/73.92% | Recall: 73.45%/71.48% | F1: 71.44%/64.44% | Time: fit=001s, train=000s, test=000s, total=001s
Epoch  23: Train%/Test% | Accuracy: 71.68%/65.57% | Precision: 73.48%/74.31% | Recall: 73.53%/72.23% | F1: 71.68%/65.44% | Time: fit=001s, train=000s, test=000s, total=001s
Epoch  24: Train%/Test% | Accuracy: 71.80%/65.57% | Precision: 73.28%/74.31% | Recall: 73.48%/72.23% | F1: 71.80%/65.44% | Time: fit=001s, train=000s, test=000s, total=001s
Epoch  25: Train%/Test% | Accuracy: 73.10%/66.51% | Precision: 74.71%/73.42% | Recall: 74.88%/72.44% | F1: 73.10%/66.47% | Time: fit=001s, train=000s, test=000s, total=001s
Epoch  26: Train%/Test% | Accuracy: 72.63%/65.57% | Precision: 74.16%/72.98% | Recall: 74.35%/71.69% | F1: 72.63%/65.50% | Time: fit=001s, train=000s, test=000s, total=001s
Epoch  27: Train%/Test% | Accuracy: 72.75%/66.04% | Precision: 74.39%/73.20% | Recall: 74.53%/72.06% | F1: 72.75%/65.99% | Time: fit=001s, train=000s, test=000s, total=001s
Epoch  28: Train%/Test% | Accuracy: 72.75%/67.45% | Precision: 74.85%/74.48% | Recall: 74.77%/73.45% | F1: 72.75%/67.42% | Time: fit=001s, train=000s, test=000s, total=001s
Epoch  29: Train%/Test% | Accuracy: 73.34%/66.98% | Precision: 75.34%/74.27% | Recall: 75.32%/73.08% | F1: 73.34%/66.93% | Time: fit=001s, train=000s, test=000s, total=001s
Epoch  30: Train%/Test% | Accuracy: 72.75%/66.51% | Precision: 74.54%/74.05% | Recall: 74.61%/72.70% | F1: 72.75%/66.45% | Time: fit=001s, train=000s, test=000s, total=001s
Epoch  31: Train%/Test% | Accuracy: 73.10%/65.09% | Precision: 75.09%/72.75% | Recall: 75.07%/71.32% | F1: 73.10%/65.02% | Time: fit=001s, train=000s, test=000s, total=001s
Epoch  32: Train%/Test% | Accuracy: 72.39%/65.57% | Precision: 73.99%/73.62% | Recall: 74.15%/71.96% | F1: 72.39%/65.47% | Time: fit=001s, train=000s, test=000s, total=001s
Epoch  33: Train%/Test% | Accuracy: 71.68%/65.57% | Precision: 73.71%/73.62% | Recall: 73.65%/71.96% | F1: 71.68%/65.47% | Time: fit=001s, train=000s, test=000s, total=001s
Epoch  34: Train%/Test% | Accuracy: 77.25%/73.58% | Precision: 76.87%/72.72% | Recall: 75.98%/74.28% | F1: 76.29%/72.80% | Time: fit=001s, train=000s, test=000s, total=001s
Epoch  35: Train%/Test% | Accuracy: 78.44%/75.00% | Precision: 78.01%/74.43% | Recall: 77.39%/76.21% | F1: 77.63%/74.38% | Time: fit=001s, train=000s, test=000s, total=001s
Epoch  36: Train%/Test% | Accuracy: 77.37%/75.00% | Precision: 77.04%/74.65% | Recall: 76.04%/76.47% | F1: 76.38%/74.45% | Time: fit=001s, train=000s, test=000s, total=001s
Epoch  37: Train%/Test% | Accuracy: 76.78%/75.00% | Precision: 76.48%/74.43% | Recall: 75.33%/76.21% | F1: 75.70%/74.38% | Time: fit=001s, train=000s, test=000s, total=001s
Epoch  38: Train%/Test% | Accuracy: 77.25%/74.06% | Precision: 76.87%/73.49% | Recall: 75.98%/75.19% | F1: 76.29%/73.41% | Time: fit=001s, train=000s, test=000s, total=001s
Epoch  39: Train%/Test% | Accuracy: 72.39%/66.51% | Precision: 73.52%/74.05% | Recall: 73.87%/72.70% | F1: 72.37%/66.45% | Time: fit=001s, train=000s, test=000s, total=001s
Epoch  40: Train%/Test% | Accuracy: 72.04%/65.57% | Precision: 73.96%/72.98% | Recall: 73.96%/71.69% | F1: 72.04%/65.50% | Time: fit=001s, train=000s, test=000s, total=001s
Epoch  41: Train%/Test% | Accuracy: 73.22%/66.04% | Precision: 75.10%/73.84% | Recall: 75.14%/72.33% | F1: 73.22%/65.96% | Time: fit=001s, train=000s, test=000s, total=001s
Epoch  42: Train%/Test% | Accuracy: 73.34%/66.98% | Precision: 75.42%/74.92% | Recall: 75.36%/73.34% | F1: 73.34%/66.91% | Time: fit=001s, train=000s, test=000s, total=001s
Epoch  43: Train%/Test% | Accuracy: 73.93%/66.98% | Precision: 76.15%/74.92% | Recall: 76.02%/73.34% | F1: 73.93%/66.91% | Time: fit=001s, train=000s, test=000s, total=001s
Epoch  44: Train%/Test% | Accuracy: 73.93%/66.98% | Precision: 76.32%/74.92% | Recall: 76.10%/73.34% | F1: 73.93%/66.91% | Time: fit=001s, train=000s, test=000s, total=001s
Epoch  45: Train%/Test% | Accuracy: 73.70%/66.04% | Precision: 75.66%/74.51% | Recall: 75.66%/72.60% | F1: 73.70%/65.93% | Time: fit=001s, train=000s, test=000s, total=001s
Epoch  46: Train%/Test% | Accuracy: 74.64%/65.57% | Precision: 76.88%/74.31% | Recall: 76.75%/72.23% | F1: 74.64%/65.44% | Time: fit=001s, train=000s, test=000s, total=001s
Epoch  47: Train%/Test% | Accuracy: 74.76%/66.04% | Precision: 76.80%/74.51% | Recall: 76.78%/72.60% | F1: 74.76%/65.93% | Time: fit=001s, train=000s, test=000s, total=001s
Epoch  48: Train%/Test% | Accuracy: 75.00%/66.51% | Precision: 76.96%/74.05% | Recall: 76.98%/72.70% | F1: 75.00%/66.45% | Time: fit=001s, train=000s, test=000s, total=001s
Epoch  49: Train%/Test% | Accuracy: 75.71%/67.45% | Precision: 77.30%/74.48% | Recall: 77.51%/73.45% | F1: 75.71%/67.42% | Time: fit=001s, train=000s, test=000s, total=001s
Epoch  50: Train%/Test% | Accuracy: 74.64%/66.98% | Precision: 76.48%/74.27% | Recall: 76.56%/73.08% | F1: 74.64%/66.93% | Time: fit=001s, train=000s, test=000s, total=001s
Epoch  51: Train%/Test% | Accuracy: 75.00%/66.98% | Precision: 76.88%/74.27% | Recall: 76.94%/73.08% | F1: 75.00%/66.93% | Time: fit=001s, train=000s, test=000s, total=001s
Epoch  52: Train%/Test% | Accuracy: 75.12%/66.51% | Precision: 77.55%/74.05% | Recall: 77.32%/72.70% | F1: 75.11%/66.45% | Time: fit=001s, train=000s, test=000s, total=001s
Epoch  53: Train%/Test% | Accuracy: 75.00%/66.51% | Precision: 77.65%/74.05% | Recall: 77.29%/72.70% | F1: 74.99%/66.45% | Time: fit=001s, train=000s, test=000s, total=001s
Epoch  54: Train%/Test% | Accuracy: 74.29%/65.57% | Precision: 76.65%/72.37% | Recall: 76.45%/71.42% | F1: 74.29%/65.53% | Time: fit=001s, train=000s, test=000s, total=001s
Epoch  55: Train%/Test% | Accuracy: 73.58%/65.09% | Precision: 76.45%/72.13% | Recall: 75.95%/71.05% | F1: 73.56%/65.04% | Time: fit=001s, train=000s, test=000s, total=001s
Epoch  56: Train%/Test% | Accuracy: 73.10%/65.57% | Precision: 75.68%/71.79% | Recall: 75.35%/71.15% | F1: 73.10%/65.55% | Time: fit=001s, train=000s, test=000s, total=001s
Epoch  57: Train%/Test% | Accuracy: 74.05%/66.04% | Precision: 76.58%/73.20% | Recall: 76.28%/72.06% | F1: 74.05%/65.99% | Time: fit=001s, train=000s, test=000s, total=001s
Epoch  58: Train%/Test% | Accuracy: 74.05%/65.57% | Precision: 76.23%/72.37% | Recall: 76.12%/71.42% | F1: 74.05%/65.53% | Time: fit=001s, train=000s, test=000s, total=001s
Epoch  59: Train%/Test% | Accuracy: 74.76%/66.04% | Precision: 77.05%/73.84% | Recall: 76.89%/72.33% | F1: 74.76%/65.96% | Time: fit=001s, train=000s, test=000s, total=001s
Epoch  60: Train%/Test% | Accuracy: 75.24%/66.51% | Precision: 77.90%/74.71% | Recall: 77.54%/72.97% | F1: 75.23%/66.42% | Time: fit=001s, train=000s, test=000s, total=001s
Epoch  61: Train%/Test% | Accuracy: 75.47%/66.51% | Precision: 77.78%/74.05% | Recall: 77.62%/72.70% | F1: 75.47%/66.45% | Time: fit=001s, train=000s, test=000s, total=001s
Epoch  62: Train%/Test% | Accuracy: 75.59%/67.45% | Precision: 77.53%/74.48% | Recall: 77.57%/73.45% | F1: 75.59%/67.42% | Time: fit=001s, train=000s, test=000s, total=001s
Epoch  63: Train%/Test% | Accuracy: 74.76%/66.51% | Precision: 77.14%/73.42% | Recall: 76.93%/72.44% | F1: 74.76%/66.47% | Time: fit=001s, train=000s, test=000s, total=001s
Epoch  64: Train%/Test% | Accuracy: 75.95%/67.45% | Precision: 78.36%/75.12% | Recall: 78.15%/73.72% | F1: 75.95%/67.39% | Time: fit=001s, train=000s, test=000s, total=001s
Epoch  65: Train%/Test% | Accuracy: 75.95%/68.40% | Precision: 78.36%/75.54% | Recall: 78.15%/74.46% | F1: 75.95%/68.36% | Time: fit=001s, train=000s, test=000s, total=001s
Epoch  66: Train%/Test% | Accuracy: 74.76%/67.45% | Precision: 76.96%/74.48% | Recall: 76.85%/73.45% | F1: 74.76%/67.42% | Time: fit=001s, train=000s, test=000s, total=001s
Epoch  67: Train%/Test% | Accuracy: 75.71%/67.45% | Precision: 77.77%/74.48% | Recall: 77.75%/73.45% | F1: 75.71%/67.42% | Time: fit=001s, train=000s, test=000s, total=001s
Epoch  68: Train%/Test% | Accuracy: 77.73%/68.40% | Precision: 80.06%/75.54% | Recall: 79.91%/74.46% | F1: 77.72%/68.36% | Time: fit=001s, train=000s, test=000s, total=001s
Epoch  69: Train%/Test% | Accuracy: 78.20%/68.40% | Precision: 80.46%/75.54% | Recall: 80.36%/74.46% | F1: 78.20%/68.36% | Time: fit=001s, train=000s, test=000s, total=001s
Epoch  70: Train%/Test% | Accuracy: 78.08%/67.92% | Precision: 80.21%/75.33% | Recall: 80.18%/74.09% | F1: 78.08%/67.88% | Time: fit=001s, train=000s, test=000s, total=001s
Epoch  71: Train%/Test% | Accuracy: 77.61%/67.92% | Precision: 79.55%/74.70% | Recall: 79.62%/73.82% | F1: 77.61%/67.90% | Time: fit=001s, train=000s, test=000s, total=001s
Epoch  72: Train%/Test% | Accuracy: 77.13%/67.45% | Precision: 79.06%/74.48% | Recall: 79.13%/73.45% | F1: 77.13%/67.42% | Time: fit=001s, train=000s, test=000s, total=001s
Epoch  73: Train%/Test% | Accuracy: 76.90%/67.92% | Precision: 78.90%/74.70% | Recall: 78.93%/73.82% | F1: 76.90%/67.90% | Time: fit=001s, train=000s, test=000s, total=001s
Epoch  74: Train%/Test% | Accuracy: 76.78%/67.92% | Precision: 78.74%/75.33% | Recall: 78.78%/74.09% | F1: 76.78%/67.88% | Time: fit=001s, train=000s, test=000s, total=001s
Epoch  75: Train%/Test% | Accuracy: 76.78%/66.98% | Precision: 78.74%/74.27% | Recall: 78.78%/73.08% | F1: 76.78%/66.93% | Time: fit=001s, train=000s, test=000s, total=001s
Epoch  76: Train%/Test% | Accuracy: 77.25%/68.40% | Precision: 78.98%/75.54% | Recall: 79.15%/74.46% | F1: 77.25%/68.36% | Time: fit=001s, train=000s, test=000s, total=001s
Epoch  77: Train%/Test% | Accuracy: 75.95%/68.40% | Precision: 78.10%/75.54% | Recall: 78.03%/74.46% | F1: 75.95%/68.36% | Time: fit=001s, train=000s, test=000s, total=001s
Epoch  78: Train%/Test% | Accuracy: 75.83%/68.40% | Precision: 78.11%/75.54% | Recall: 77.97%/74.46% | F1: 75.83%/68.36% | Time: fit=001s, train=000s, test=000s, total=001s
Epoch  79: Train%/Test% | Accuracy: 76.18%/68.40% | Precision: 78.52%/75.54% | Recall: 78.35%/74.46% | F1: 76.18%/68.36% | Time: fit=001s, train=000s, test=000s, total=001s
Epoch  80: Train%/Test% | Accuracy: 76.18%/66.98% | Precision: 78.70%/74.92% | Recall: 78.43%/73.34% | F1: 76.18%/66.91% | Time: fit=001s, train=000s, test=000s, total=001s
Epoch  81: Train%/Test% | Accuracy: 77.13%/66.98% | Precision: 79.50%/74.27% | Recall: 79.33%/73.08% | F1: 77.13%/66.93% | Time: fit=001s, train=000s, test=000s, total=001s
Epoch  82: Train%/Test% | Accuracy: 76.54%/66.98% | Precision: 79.11%/74.27% | Recall: 78.82%/73.08% | F1: 76.54%/66.93% | Time: fit=001s, train=000s, test=000s, total=001s
Epoch  83: Train%/Test% | Accuracy: 76.30%/67.45% | Precision: 79.06%/74.48% | Recall: 78.65%/73.45% | F1: 76.29%/67.42% | Time: fit=001s, train=000s, test=000s, total=001s
Epoch  84: Train%/Test% | Accuracy: 76.42%/67.92% | Precision: 78.85%/74.70% | Recall: 78.64%/73.82% | F1: 76.42%/67.90% | Time: fit=001s, train=000s, test=000s, total=001s
Epoch  85: Train%/Test% | Accuracy: 76.66%/67.92% | Precision: 78.92%/74.70% | Recall: 78.80%/73.82% | F1: 76.66%/67.90% | Time: fit=001s, train=000s, test=000s, total=001s
Epoch  86: Train%/Test% | Accuracy: 77.13%/68.40% | Precision: 79.23%/75.54% | Recall: 79.21%/74.46% | F1: 77.13%/68.36% | Time: fit=001s, train=000s, test=000s, total=001s
Epoch  87: Train%/Test% | Accuracy: 76.54%/67.45% | Precision: 78.84%/74.48% | Recall: 78.70%/73.45% | F1: 76.54%/67.42% | Time: fit=001s, train=000s, test=000s, total=001s
Epoch  88: Train%/Test% | Accuracy: 76.18%/67.45% | Precision: 78.43%/74.48% | Recall: 78.31%/73.45% | F1: 76.18%/67.42% | Time: fit=001s, train=000s, test=000s, total=001s
Epoch  89: Train%/Test% | Accuracy: 76.90%/67.92% | Precision: 78.99%/75.33% | Recall: 78.97%/74.09% | F1: 76.90%/67.88% | Time: fit=001s, train=000s, test=000s, total=001s
Epoch  90: Train%/Test% | Accuracy: 76.54%/67.45% | Precision: 79.11%/75.12% | Recall: 78.82%/73.72% | F1: 76.54%/67.39% | Time: fit=001s, train=000s, test=000s, total=001s
Epoch  91: Train%/Test% | Accuracy: 76.18%/66.98% | Precision: 78.70%/74.27% | Recall: 78.43%/73.08% | F1: 76.18%/66.93% | Time: fit=001s, train=000s, test=000s, total=001s
Epoch  92: Train%/Test% | Accuracy: 77.01%/67.45% | Precision: 79.70%/74.48% | Recall: 79.34%/73.45% | F1: 77.01%/67.42% | Time: fit=001s, train=000s, test=000s, total=001s
Epoch  93: Train%/Test% | Accuracy: 76.78%/67.45% | Precision: 79.36%/74.48% | Recall: 79.06%/73.45% | F1: 76.77%/67.42% | Time: fit=001s, train=000s, test=000s, total=001s
Epoch  94: Train%/Test% | Accuracy: 77.25%/67.45% | Precision: 79.95%/74.48% | Recall: 79.58%/73.45% | F1: 77.24%/67.42% | Time: fit=001s, train=000s, test=000s, total=001s
Epoch  95: Train%/Test% | Accuracy: 77.25%/67.45% | Precision: 79.85%/74.48% | Recall: 79.55%/73.45% | F1: 77.25%/67.42% | Time: fit=001s, train=000s, test=000s, total=001s
Epoch  96: Train%/Test% | Accuracy: 76.30%/67.92% | Precision: 79.26%/75.33% | Recall: 78.73%/74.09% | F1: 76.29%/67.88% | Time: fit=001s, train=000s, test=000s, total=001s
Epoch  97: Train%/Test% | Accuracy: 76.42%/67.92% | Precision: 79.13%/75.33% | Recall: 78.75%/74.09% | F1: 76.41%/67.88% | Time: fit=001s, train=000s, test=000s, total=001s
Epoch  98: Train%/Test% | Accuracy: 76.90%/67.92% | Precision: 79.63%/75.33% | Recall: 79.24%/74.09% | F1: 76.89%/67.88% | Time: fit=001s, train=000s, test=000s, total=001s
Epoch  99: Train%/Test% | Accuracy: 76.90%/67.92% | Precision: 79.44%/75.33% | Recall: 79.16%/74.09% | F1: 76.89%/67.88% | Time: fit=001s, train=000s, test=000s, total=001s
Epoch 100: Train%/Test% | Accuracy: 77.73%/68.87% | Precision: 80.06%/75.75% | Recall: 79.91%/74.84% | F1: 77.72%/68.84% | Time: fit=001s, train=000s, test=000s, total=001s
