[nltk_data] Downloading package wordnet to /home/bjorvl16/nltk_data...
[nltk_data]   Package wordnet is already up-to-date!
[nltk_data] Downloading package stopwords to
[nltk_data]     /home/bjorvl16/nltk_data...
[nltk_data]   Package stopwords is already up-to-date!
[*] Load dataset...
[*] Fix malformed data...
[*] Split...
[*] Encoding...
[*] Encoding feature: text... 464
[*] Encoding feature: domain... 34
==============================
Using GPU for training
Dataset: FakeNewsNet-politifact
TMU params: num-clauses=5000, T=150, s=10.0
Epochs: 150
Feature(s): text, domain
max-vocab=15000, max-domain=500, max-tweet=500
====================
Train size: 844
Train classes: 2
Test size: 212
Test classes: 2
Total features: 498
==============================
[*] Training for 150 epochs...
Epoch   1: Train%/Test% | Accuracy: 74.53%/76.89% | Precision: 77.45%/76.43% | Recall: 71.00%/72.34% | F1: 71.35%/73.37% | Time: fit=003s, train=000s, test=000s, total=003s
Epoch   2: Train%/Test% | Accuracy: 75.47%/77.36% | Precision: 77.45%/78.27% | Recall: 72.41%/71.91% | F1: 72.92%/73.14% | Time: fit=002s, train=000s, test=000s, total=002s
Epoch   3: Train%/Test% | Accuracy: 78.67%/81.13% | Precision: 80.85%/81.29% | Recall: 75.91%/77.31% | F1: 76.66%/78.51% | Time: fit=002s, train=000s, test=000s, total=003s
Epoch   4: Train%/Test% | Accuracy: 81.52%/81.60% | Precision: 82.14%/80.34% | Recall: 79.77%/79.82% | F1: 80.42%/80.06% | Time: fit=002s, train=000s, test=000s, total=003s
Epoch   5: Train%/Test% | Accuracy: 82.11%/77.36% | Precision: 81.86%/76.51% | Recall: 82.67%/78.34% | F1: 81.93%/76.69% | Time: fit=002s, train=000s, test=000s, total=003s
Epoch   6: Train%/Test% | Accuracy: 83.06%/80.66% | Precision: 82.64%/79.23% | Recall: 82.51%/80.42% | F1: 82.57%/79.66% | Time: fit=002s, train=000s, test=000s, total=003s
Epoch   7: Train%/Test% | Accuracy: 81.87%/83.49% | Precision: 82.06%/82.29% | Recall: 80.47%/82.12% | F1: 80.98%/82.20% | Time: fit=002s, train=000s, test=000s, total=003s
Epoch   8: Train%/Test% | Accuracy: 83.89%/83.49% | Precision: 83.67%/82.22% | Recall: 83.06%/82.39% | F1: 83.32%/82.30% | Time: fit=002s, train=000s, test=000s, total=003s
Epoch   9: Train%/Test% | Accuracy: 82.58%/82.55% | Precision: 82.64%/81.37% | Recall: 81.35%/80.84% | F1: 81.80%/81.08% | Time: fit=002s, train=000s, test=000s, total=003s
Epoch  10: Train%/Test% | Accuracy: 82.94%/82.08% | Precision: 82.91%/80.80% | Recall: 81.82%/80.46% | F1: 82.22%/80.63% | Time: fit=002s, train=000s, test=000s, total=003s
Epoch  11: Train%/Test% | Accuracy: 84.95%/82.55% | Precision: 84.80%/81.21% | Recall: 84.14%/81.37% | F1: 84.41%/81.29% | Time: fit=002s, train=000s, test=000s, total=003s
Epoch  12: Train%/Test% | Accuracy: 85.90%/82.08% | Precision: 85.62%/80.65% | Recall: 85.35%/81.53% | F1: 85.47%/81.02% | Time: fit=002s, train=000s, test=000s, total=003s
Epoch  13: Train%/Test% | Accuracy: 82.94%/82.08% | Precision: 82.71%/80.73% | Recall: 82.05%/80.73% | F1: 82.32%/80.73% | Time: fit=002s, train=000s, test=000s, total=003s
Epoch  14: Train%/Test% | Accuracy: 82.46%/81.60% | Precision: 82.53%/80.34% | Recall: 81.21%/79.82% | F1: 81.67%/80.06% | Time: fit=002s, train=000s, test=000s, total=003s
Epoch  15: Train%/Test% | Accuracy: 83.18%/82.08% | Precision: 83.34%/80.80% | Recall: 81.90%/80.46% | F1: 82.39%/80.63% | Time: fit=002s, train=000s, test=000s, total=003s
Epoch  16: Train%/Test% | Accuracy: 82.11%/81.60% | Precision: 82.64%/80.44% | Recall: 80.48%/79.55% | F1: 81.10%/79.94% | Time: fit=002s, train=000s, test=000s, total=003s
Epoch  17: Train%/Test% | Accuracy: 83.53%/81.60% | Precision: 83.70%/80.34% | Recall: 82.29%/79.82% | F1: 82.77%/80.06% | Time: fit=002s, train=000s, test=000s, total=003s
Epoch  18: Train%/Test% | Accuracy: 83.53%/82.55% | Precision: 83.04%/81.15% | Recall: 83.39%/82.18% | F1: 83.19%/81.56% | Time: fit=002s, train=000s, test=000s, total=003s
Epoch  19: Train%/Test% | Accuracy: 82.70%/81.60% | Precision: 82.22%/80.17% | Recall: 82.75%/81.16% | F1: 82.40%/80.57% | Time: fit=002s, train=000s, test=000s, total=003s
Epoch  20: Train%/Test% | Accuracy: 84.12%/81.60% | Precision: 83.67%/80.26% | Recall: 84.29%/81.70% | F1: 83.87%/80.74% | Time: fit=002s, train=000s, test=000s, total=003s
Epoch  21: Train%/Test% | Accuracy: 83.53%/81.60% | Precision: 83.15%/80.34% | Recall: 83.90%/81.97% | F1: 83.32%/80.81% | Time: fit=002s, train=000s, test=000s, total=003s
Epoch  22: Train%/Test% | Accuracy: 84.60%/81.13% | Precision: 84.17%/79.91% | Recall: 84.85%/81.59% | F1: 84.37%/80.36% | Time: fit=002s, train=000s, test=000s, total=003s
Epoch  23: Train%/Test% | Accuracy: 85.07%/80.66% | Precision: 84.61%/79.19% | Recall: 84.91%/80.15% | F1: 84.74%/79.57% | Time: fit=002s, train=000s, test=000s, total=003s
Epoch  24: Train%/Test% | Accuracy: 85.43%/80.19% | Precision: 85.02%/78.85% | Recall: 85.76%/80.31% | F1: 85.22%/79.30% | Time: fit=002s, train=000s, test=000s, total=003s
Epoch  25: Train%/Test% | Accuracy: 83.89%/81.60% | Precision: 83.41%/80.17% | Recall: 83.65%/81.16% | F1: 83.52%/80.57% | Time: fit=002s, train=000s, test=000s, total=003s
Epoch  26: Train%/Test% | Accuracy: 83.77%/79.25% | Precision: 84.15%/79.50% | Recall: 85.00%/81.71% | F1: 83.71%/78.93% | Time: fit=002s, train=000s, test=000s, total=003s
Epoch  27: Train%/Test% | Accuracy: 83.77%/81.13% | Precision: 83.71%/80.31% | Recall: 84.61%/82.40% | F1: 83.65%/80.57% | Time: fit=002s, train=000s, test=000s, total=003s
Epoch  28: Train%/Test% | Accuracy: 84.36%/80.66% | Precision: 84.36%/80.10% | Recall: 85.28%/82.29% | F1: 84.26%/80.18% | Time: fit=002s, train=000s, test=000s, total=003s
Epoch  29: Train%/Test% | Accuracy: 78.20%/75.00% | Precision: 80.37%/77.42% | Recall: 80.32%/78.88% | F1: 78.20%/74.91% | Time: fit=002s, train=000s, test=000s, total=003s
Epoch  30: Train%/Test% | Accuracy: 80.09%/75.00% | Precision: 81.21%/77.03% | Recall: 81.72%/78.62% | F1: 80.08%/74.87% | Time: fit=002s, train=000s, test=000s, total=003s
Epoch  31: Train%/Test% | Accuracy: 81.64%/76.42% | Precision: 82.34%/77.91% | Recall: 83.05%/79.74% | F1: 81.60%/76.24% | Time: fit=002s, train=000s, test=000s, total=003s
Epoch  32: Train%/Test% | Accuracy: 81.16%/76.42% | Precision: 82.05%/77.57% | Recall: 82.68%/79.47% | F1: 81.13%/76.20% | Time: fit=002s, train=000s, test=000s, total=003s
Epoch  33: Train%/Test% | Accuracy: 84.00%/78.77% | Precision: 84.39%/78.90% | Recall: 85.24%/81.07% | F1: 83.95%/78.42% | Time: fit=002s, train=000s, test=000s, total=003s
Epoch  34: Train%/Test% | Accuracy: 80.69%/76.89% | Precision: 81.70%/78.21% | Recall: 82.27%/80.11% | F1: 80.66%/76.70% | Time: fit=002s, train=000s, test=000s, total=003s
Epoch  35: Train%/Test% | Accuracy: 83.41%/78.77% | Precision: 83.82%/79.46% | Recall: 84.66%/81.60% | F1: 83.35%/78.52% | Time: fit=002s, train=000s, test=000s, total=003s
Epoch  36: Train%/Test% | Accuracy: 82.23%/78.77% | Precision: 82.74%/78.90% | Recall: 83.52%/81.07% | F1: 82.17%/78.42% | Time: fit=002s, train=000s, test=000s, total=003s
Epoch  37: Train%/Test% | Accuracy: 85.90%/83.49% | Precision: 85.63%/82.36% | Recall: 86.52%/84.26% | F1: 85.76%/82.85% | Time: fit=002s, train=000s, test=000s, total=003s
Epoch  38: Train%/Test% | Accuracy: 84.36%/83.49% | Precision: 84.36%/82.60% | Recall: 85.28%/84.80% | F1: 84.26%/82.97% | Time: fit=002s, train=000s, test=000s, total=003s
Epoch  39: Train%/Test% | Accuracy: 83.77%/81.13% | Precision: 84.00%/80.68% | Recall: 84.88%/82.93% | F1: 83.69%/80.69% | Time: fit=002s, train=000s, test=000s, total=003s
Epoch  40: Train%/Test% | Accuracy: 85.31%/83.49% | Precision: 85.27%/82.47% | Recall: 86.21%/84.53% | F1: 85.21%/82.91% | Time: fit=002s, train=000s, test=000s, total=003s
Epoch  41: Train%/Test% | Accuracy: 80.81%/75.94% | Precision: 81.86%/77.61% | Recall: 82.41%/79.36% | F1: 80.78%/75.79% | Time: fit=002s, train=000s, test=000s, total=003s
Epoch  42: Train%/Test% | Accuracy: 83.41%/80.66% | Precision: 83.82%/80.54% | Recall: 84.66%/82.83% | F1: 83.35%/80.29% | Time: fit=002s, train=000s, test=000s, total=003s
Epoch  43: Train%/Test% | Accuracy: 83.29%/77.83% | Precision: 83.67%/78.52% | Recall: 84.51%/80.59% | F1: 83.23%/77.57% | Time: fit=002s, train=000s, test=000s, total=003s
Epoch  44: Train%/Test% | Accuracy: 83.29%/76.89% | Precision: 83.83%/78.21% | Recall: 84.63%/80.11% | F1: 83.25%/76.70% | Time: fit=002s, train=000s, test=000s, total=003s
Epoch  45: Train%/Test% | Accuracy: 83.41%/75.94% | Precision: 83.98%/77.26% | Recall: 84.77%/79.09% | F1: 83.37%/75.75% | Time: fit=002s, train=000s, test=000s, total=003s
Epoch  46: Train%/Test% | Accuracy: 81.16%/74.06% | Precision: 82.32%/76.07% | Recall: 82.83%/77.60% | F1: 81.14%/73.93% | Time: fit=002s, train=000s, test=000s, total=003s
Epoch  47: Train%/Test% | Accuracy: 80.45%/73.58% | Precision: 81.74%/76.17% | Recall: 82.18%/77.50% | F1: 80.44%/73.50% | Time: fit=002s, train=000s, test=000s, total=003s
Epoch  48: Train%/Test% | Accuracy: 80.69%/75.00% | Precision: 82.05%/77.42% | Recall: 82.47%/78.88% | F1: 80.68%/74.91% | Time: fit=002s, train=000s, test=000s, total=003s
Epoch  49: Train%/Test% | Accuracy: 80.21%/74.53% | Precision: 81.73%/76.74% | Recall: 82.06%/78.24% | F1: 80.21%/74.42% | Time: fit=002s, train=000s, test=000s, total=003s
Epoch  50: Train%/Test% | Accuracy: 81.04%/74.53% | Precision: 81.96%/76.74% | Recall: 82.58%/78.24% | F1: 81.02%/74.42% | Time: fit=002s, train=000s, test=000s, total=003s
Epoch  51: Train%/Test% | Accuracy: 83.53%/77.36% | Precision: 83.81%/77.90% | Recall: 84.68%/79.95% | F1: 83.46%/77.06% | Time: fit=002s, train=000s, test=000s, total=003s
Epoch  52: Train%/Test% | Accuracy: 82.70%/75.47% | Precision: 83.27%/76.96% | Recall: 84.04%/78.72% | F1: 82.65%/75.29% | Time: fit=002s, train=000s, test=000s, total=003s
Epoch  53: Train%/Test% | Accuracy: 83.41%/76.42% | Precision: 83.62%/77.57% | Recall: 84.50%/79.47% | F1: 83.33%/76.20% | Time: fit=002s, train=000s, test=000s, total=003s
Epoch  54: Train%/Test% | Accuracy: 81.16%/75.47% | Precision: 82.18%/76.96% | Recall: 82.76%/78.72% | F1: 81.14%/75.29% | Time: fit=002s, train=000s, test=000s, total=003s
Epoch  55: Train%/Test% | Accuracy: 80.45%/74.06% | Precision: 81.97%/76.46% | Recall: 82.30%/77.87% | F1: 80.44%/73.96% | Time: fit=002s, train=000s, test=000s, total=003s
Epoch  56: Train%/Test% | Accuracy: 79.27%/73.11% | Precision: 81.51%/75.90% | Recall: 81.44%/77.12% | F1: 79.27%/73.04% | Time: fit=002s, train=000s, test=000s, total=003s
Epoch  57: Train%/Test% | Accuracy: 80.21%/75.94% | Precision: 81.16%/77.61% | Recall: 81.74%/79.36% | F1: 80.19%/75.79% | Time: fit=002s, train=000s, test=000s, total=003s
Epoch  58: Train%/Test% | Accuracy: 80.45%/75.47% | Precision: 81.21%/76.62% | Recall: 81.87%/78.45% | F1: 80.41%/75.25% | Time: fit=002s, train=000s, test=000s, total=003s
Epoch  59: Train%/Test% | Accuracy: 82.58%/76.89% | Precision: 82.60%/77.28% | Recall: 83.47%/79.31% | F1: 82.47%/76.56% | Time: fit=002s, train=000s, test=000s, total=003s
Epoch  60: Train%/Test% | Accuracy: 83.18%/78.30% | Precision: 83.48%/78.84% | Recall: 84.33%/80.96% | F1: 83.11%/78.02% | Time: fit=002s, train=000s, test=000s, total=003s
Epoch  61: Train%/Test% | Accuracy: 82.82%/77.83% | Precision: 83.30%/78.52% | Recall: 84.11%/80.59% | F1: 82.77%/77.57% | Time: fit=002s, train=000s, test=000s, total=003s
Epoch  62: Train%/Test% | Accuracy: 81.87%/75.00% | Precision: 82.97%/77.42% | Recall: 83.53%/78.88% | F1: 81.85%/74.91% | Time: fit=002s, train=000s, test=000s, total=003s
Epoch  63: Train%/Test% | Accuracy: 83.18%/77.83% | Precision: 83.86%/79.52% | Recall: 84.61%/81.39% | F1: 83.14%/77.69% | Time: fit=002s, train=000s, test=000s, total=003s
Epoch  64: Train%/Test% | Accuracy: 81.40%/76.89% | Precision: 82.78%/78.94% | Recall: 83.20%/80.64% | F1: 81.39%/76.77% | Time: fit=002s, train=000s, test=000s, total=003s
Epoch  65: Train%/Test% | Accuracy: 83.06%/77.36% | Precision: 84.09%/79.23% | Recall: 84.70%/81.02% | F1: 83.04%/77.23% | Time: fit=002s, train=000s, test=000s, total=003s
Epoch  66: Train%/Test% | Accuracy: 84.00%/77.36% | Precision: 84.49%/78.20% | Recall: 85.32%/80.21% | F1: 83.95%/77.11% | Time: fit=002s, train=000s, test=000s, total=003s
Epoch  67: Train%/Test% | Accuracy: 84.00%/78.77% | Precision: 84.55%/79.46% | Recall: 85.36%/81.60% | F1: 83.96%/78.52% | Time: fit=002s, train=000s, test=000s, total=003s
Epoch  68: Train%/Test% | Accuracy: 84.48%/80.19% | Precision: 84.91%/80.45% | Recall: 85.77%/82.72% | F1: 84.43%/79.89% | Time: fit=002s, train=000s, test=000s, total=003s
Epoch  69: Train%/Test% | Accuracy: 82.11%/76.42% | Precision: 83.73%/78.27% | Recall: 84.04%/80.00% | F1: 82.10%/76.28% | Time: fit=002s, train=000s, test=000s, total=003s
Epoch  70: Train%/Test% | Accuracy: 81.87%/77.83% | Precision: 83.26%/78.83% | Recall: 83.68%/80.86% | F1: 81.86%/77.61% | Time: fit=002s, train=000s, test=000s, total=003s
Epoch  71: Train%/Test% | Accuracy: 80.33%/75.00% | Precision: 82.47%/77.42% | Recall: 82.47%/78.88% | F1: 80.33%/74.91% | Time: fit=002s, train=000s, test=000s, total=003s
Epoch  72: Train%/Test% | Accuracy: 82.35%/76.42% | Precision: 83.66%/78.27% | Recall: 84.13%/80.00% | F1: 82.34%/76.28% | Time: fit=002s, train=000s, test=000s, total=003s
Epoch  73: Train%/Test% | Accuracy: 82.58%/76.42% | Precision: 83.83%/78.27% | Recall: 84.33%/80.00% | F1: 82.57%/76.28% | Time: fit=002s, train=000s, test=000s, total=003s
Epoch  74: Train%/Test% | Accuracy: 81.16%/75.47% | Precision: 82.69%/77.70% | Recall: 83.03%/79.26% | F1: 81.16%/75.36% | Time: fit=002s, train=000s, test=000s, total=003s
Epoch  75: Train%/Test% | Accuracy: 80.57%/74.53% | Precision: 81.97%/76.74% | Recall: 82.36%/78.24% | F1: 80.56%/74.42% | Time: fit=002s, train=000s, test=000s, total=003s
Epoch  76: Train%/Test% | Accuracy: 81.52%/75.00% | Precision: 82.64%/77.03% | Recall: 83.18%/78.62% | F1: 81.50%/74.87% | Time: fit=002s, train=000s, test=000s, total=003s
Epoch  77: Train%/Test% | Accuracy: 81.75%/75.47% | Precision: 82.81%/77.32% | Recall: 83.38%/78.99% | F1: 81.73%/75.33% | Time: fit=002s, train=000s, test=000s, total=003s
Epoch  78: Train%/Test% | Accuracy: 82.11%/75.00% | Precision: 83.07%/77.42% | Recall: 83.69%/78.88% | F1: 82.08%/74.91% | Time: fit=002s, train=000s, test=000s, total=003s
Epoch  79: Train%/Test% | Accuracy: 82.11%/74.06% | Precision: 83.35%/76.46% | Recall: 83.85%/77.87% | F1: 82.10%/73.96% | Time: fit=002s, train=000s, test=000s, total=003s
Epoch  80: Train%/Test% | Accuracy: 81.52%/75.00% | Precision: 82.71%/77.42% | Recall: 83.22%/78.88% | F1: 81.50%/74.91% | Time: fit=002s, train=000s, test=000s, total=003s
Epoch  81: Train%/Test% | Accuracy: 81.52%/75.47% | Precision: 82.64%/77.70% | Recall: 83.18%/79.26% | F1: 81.50%/75.36% | Time: fit=002s, train=000s, test=000s, total=003s
Epoch  82: Train%/Test% | Accuracy: 81.04%/75.00% | Precision: 82.45%/77.42% | Recall: 82.85%/78.88% | F1: 81.03%/74.91% | Time: fit=002s, train=000s, test=000s, total=003s
Epoch  83: Train%/Test% | Accuracy: 81.28%/75.00% | Precision: 82.54%/77.42% | Recall: 83.02%/78.88% | F1: 81.27%/74.91% | Time: fit=002s, train=000s, test=000s, total=003s
Epoch  84: Train%/Test% | Accuracy: 81.40%/74.53% | Precision: 82.49%/76.36% | Recall: 83.04%/77.98% | F1: 81.38%/74.38% | Time: fit=002s, train=000s, test=000s, total=003s
Epoch  85: Train%/Test% | Accuracy: 84.00%/78.30% | Precision: 84.44%/79.14% | Recall: 85.28%/81.23% | F1: 83.95%/78.07% | Time: fit=002s, train=000s, test=000s, total=003s
Epoch  86: Train%/Test% | Accuracy: 81.75%/75.94% | Precision: 82.81%/77.61% | Recall: 83.38%/79.36% | F1: 81.73%/75.79% | Time: fit=002s, train=000s, test=000s, total=003s
Epoch  87: Train%/Test% | Accuracy: 83.53%/76.89% | Precision: 84.25%/78.21% | Recall: 84.99%/80.11% | F1: 83.50%/76.70% | Time: fit=002s, train=000s, test=000s, total=003s
Epoch  88: Train%/Test% | Accuracy: 82.46%/75.00% | Precision: 83.60%/77.42% | Recall: 84.15%/78.88% | F1: 82.45%/74.91% | Time: fit=002s, train=000s, test=000s, total=003s
Epoch  89: Train%/Test% | Accuracy: 81.28%/75.94% | Precision: 82.85%/78.38% | Recall: 83.17%/79.90% | F1: 81.27%/75.85% | Time: fit=002s, train=000s, test=000s, total=003s
Epoch  90: Train%/Test% | Accuracy: 83.29%/76.89% | Precision: 84.20%/78.94% | Recall: 84.87%/80.64% | F1: 83.27%/76.77% | Time: fit=002s, train=000s, test=000s, total=003s
Epoch  91: Train%/Test% | Accuracy: 83.41%/78.77% | Precision: 84.22%/79.46% | Recall: 84.93%/81.60% | F1: 83.38%/78.52% | Time: fit=002s, train=000s, test=000s, total=003s
Epoch  92: Train%/Test% | Accuracy: 87.20%/84.43% | Precision: 86.79%/83.13% | Recall: 87.53%/84.47% | F1: 87.01%/83.63% | Time: fit=002s, train=000s, test=000s, total=003s
Epoch  93: Train%/Test% | Accuracy: 87.32%/82.55% | Precision: 87.08%/81.52% | Recall: 88.02%/83.52% | F1: 87.20%/81.94% | Time: fit=002s, train=000s, test=000s, total=003s
Epoch  94: Train%/Test% | Accuracy: 83.06%/78.30% | Precision: 83.71%/79.14% | Recall: 84.47%/81.23% | F1: 83.02%/78.07% | Time: fit=002s, train=000s, test=000s, total=003s
Epoch  95: Train%/Test% | Accuracy: 81.52%/75.00% | Precision: 82.51%/77.03% | Recall: 83.10%/78.62% | F1: 81.49%/74.87% | Time: fit=002s, train=000s, test=000s, total=003s
Epoch  96: Train%/Test% | Accuracy: 81.28%/75.94% | Precision: 82.14%/77.98% | Recall: 82.78%/79.63% | F1: 81.25%/75.82% | Time: fit=002s, train=000s, test=000s, total=003s
Epoch  97: Train%/Test% | Accuracy: 82.23%/75.94% | Precision: 82.85%/77.61% | Recall: 83.60%/79.36% | F1: 82.18%/75.79% | Time: fit=002s, train=000s, test=000s, total=003s
Epoch  98: Train%/Test% | Accuracy: 81.75%/76.42% | Precision: 82.61%/77.91% | Recall: 83.27%/79.74% | F1: 81.72%/76.24% | Time: fit=002s, train=000s, test=000s, total=003s
Epoch  99: Train%/Test% | Accuracy: 83.89%/76.89% | Precision: 84.19%/77.28% | Recall: 85.06%/79.31% | F1: 83.82%/76.56% | Time: fit=002s, train=000s, test=000s, total=003s
Epoch 100: Train%/Test% | Accuracy: 84.00%/77.36% | Precision: 84.39%/77.62% | Recall: 85.24%/79.68% | F1: 83.95%/77.01% | Time: fit=002s, train=000s, test=000s, total=003s
Epoch 101: Train%/Test% | Accuracy: 81.99%/75.00% | Precision: 82.85%/77.03% | Recall: 83.51%/78.62% | F1: 81.96%/74.87% | Time: fit=002s, train=000s, test=000s, total=003s
Epoch 102: Train%/Test% | Accuracy: 81.64%/75.47% | Precision: 82.80%/77.70% | Recall: 83.32%/79.26% | F1: 81.62%/75.36% | Time: fit=002s, train=000s, test=000s, total=003s
Epoch 103: Train%/Test% | Accuracy: 82.35%/76.89% | Precision: 83.44%/78.57% | Recall: 84.01%/80.38% | F1: 82.33%/76.74% | Time: fit=002s, train=000s, test=000s, total=003s
Epoch 104: Train%/Test% | Accuracy: 82.82%/77.36% | Precision: 83.59%/78.86% | Recall: 84.30%/80.75% | F1: 82.79%/77.19% | Time: fit=002s, train=000s, test=000s, total=003s
Epoch 105: Train%/Test% | Accuracy: 83.53%/76.89% | Precision: 84.07%/77.88% | Recall: 84.88%/79.84% | F1: 83.48%/76.66% | Time: fit=002s, train=000s, test=000s, total=003s
Epoch 106: Train%/Test% | Accuracy: 85.19%/82.08% | Precision: 85.25%/81.84% | Recall: 86.19%/84.21% | F1: 85.10%/81.71% | Time: fit=002s, train=000s, test=000s, total=003s
Epoch 107: Train%/Test% | Accuracy: 83.06%/77.36% | Precision: 83.49%/78.86% | Recall: 84.31%/80.75% | F1: 83.00%/77.19% | Time: fit=002s, train=000s, test=000s, total=003s
Epoch 108: Train%/Test% | Accuracy: 84.12%/76.89% | Precision: 84.58%/78.21% | Recall: 85.42%/80.11% | F1: 84.07%/76.70% | Time: fit=002s, train=000s, test=000s, total=003s
Epoch 109: Train%/Test% | Accuracy: 82.94%/75.94% | Precision: 83.74%/77.61% | Recall: 84.44%/79.36% | F1: 82.91%/75.79% | Time: fit=002s, train=000s, test=000s, total=003s
Epoch 110: Train%/Test% | Accuracy: 81.28%/74.53% | Precision: 82.62%/77.14% | Recall: 83.05%/78.51% | F1: 81.27%/74.45% | Time: fit=002s, train=000s, test=000s, total=003s
Epoch 111: Train%/Test% | Accuracy: 84.12%/76.89% | Precision: 84.69%/78.21% | Recall: 85.50%/80.11% | F1: 84.08%/76.70% | Time: fit=002s, train=000s, test=000s, total=003s
Epoch 112: Train%/Test% | Accuracy: 83.18%/76.42% | Precision: 84.05%/78.66% | Recall: 84.73%/80.27% | F1: 83.15%/76.31% | Time: fit=002s, train=000s, test=000s, total=003s
Epoch 113: Train%/Test% | Accuracy: 80.92%/74.53% | Precision: 82.61%/77.14% | Recall: 82.87%/78.51% | F1: 80.92%/74.45% | Time: fit=002s, train=000s, test=000s, total=003s
Epoch 114: Train%/Test% | Accuracy: 82.35%/76.42% | Precision: 83.31%/78.27% | Recall: 83.93%/80.00% | F1: 82.32%/76.28% | Time: fit=002s, train=000s, test=000s, total=003s
Epoch 115: Train%/Test% | Accuracy: 81.75%/75.47% | Precision: 82.88%/77.70% | Recall: 83.42%/79.26% | F1: 81.74%/75.36% | Time: fit=002s, train=000s, test=000s, total=003s
Epoch 116: Train%/Test% | Accuracy: 80.57%/75.47% | Precision: 82.13%/77.70% | Recall: 82.44%/79.26% | F1: 80.56%/75.36% | Time: fit=002s, train=000s, test=000s, total=003s
Epoch 117: Train%/Test% | Accuracy: 81.40%/74.53% | Precision: 82.85%/77.14% | Recall: 83.23%/78.51% | F1: 81.39%/74.45% | Time: fit=002s, train=000s, test=000s, total=003s
Epoch 118: Train%/Test% | Accuracy: 85.78%/79.72% | Precision: 85.82%/79.84% | Recall: 86.78%/82.08% | F1: 85.69%/79.38% | Time: fit=002s, train=000s, test=000s, total=003s
Epoch 119: Train%/Test% | Accuracy: 85.19%/79.25% | Precision: 85.42%/79.50% | Recall: 86.34%/81.71% | F1: 85.12%/78.93% | Time: fit=002s, train=000s, test=000s, total=003s
Epoch 120: Train%/Test% | Accuracy: 84.60%/79.25% | Precision: 84.81%/79.50% | Recall: 85.72%/81.71% | F1: 84.52%/78.93% | Time: fit=002s, train=000s, test=000s, total=003s
Epoch 121: Train%/Test% | Accuracy: 83.06%/75.47% | Precision: 83.96%/77.70% | Recall: 84.62%/79.26% | F1: 83.03%/75.36% | Time: fit=002s, train=000s, test=000s, total=003s
Epoch 122: Train%/Test% | Accuracy: 82.11%/75.47% | Precision: 83.35%/78.11% | Recall: 83.85%/79.53% | F1: 82.10%/75.39% | Time: fit=002s, train=000s, test=000s, total=003s
Epoch 123: Train%/Test% | Accuracy: 81.52%/75.94% | Precision: 83.01%/78.38% | Recall: 83.38%/79.90% | F1: 81.51%/75.85% | Time: fit=002s, train=000s, test=000s, total=003s
Epoch 124: Train%/Test% | Accuracy: 81.28%/75.00% | Precision: 82.85%/77.83% | Recall: 83.17%/79.15% | F1: 81.27%/74.93% | Time: fit=002s, train=000s, test=000s, total=003s
Epoch 125: Train%/Test% | Accuracy: 81.75%/75.00% | Precision: 83.25%/77.83% | Recall: 83.62%/79.15% | F1: 81.75%/74.93% | Time: fit=002s, train=000s, test=000s, total=003s
Epoch 126: Train%/Test% | Accuracy: 79.62%/74.53% | Precision: 81.74%/77.57% | Recall: 81.74%/78.78% | F1: 79.62%/74.47% | Time: fit=002s, train=000s, test=000s, total=003s
Epoch 127: Train%/Test% | Accuracy: 79.27%/74.53% | Precision: 81.42%/78.02% | Recall: 81.40%/79.05% | F1: 79.27%/74.49% | Time: fit=002s, train=000s, test=000s, total=003s
Epoch 128: Train%/Test% | Accuracy: 81.28%/75.00% | Precision: 82.85%/77.83% | Recall: 83.17%/79.15% | F1: 81.27%/74.93% | Time: fit=002s, train=000s, test=000s, total=003s
Epoch 129: Train%/Test% | Accuracy: 85.07%/78.77% | Precision: 85.48%/79.46% | Recall: 86.36%/81.60% | F1: 85.02%/78.52% | Time: fit=002s, train=000s, test=000s, total=003s
Epoch 130: Train%/Test% | Accuracy: 83.18%/77.36% | Precision: 83.92%/78.86% | Recall: 84.65%/80.75% | F1: 83.14%/77.19% | Time: fit=002s, train=000s, test=000s, total=003s
Epoch 131: Train%/Test% | Accuracy: 84.00%/80.66% | Precision: 84.49%/80.79% | Recall: 85.32%/83.09% | F1: 83.95%/80.34% | Time: fit=002s, train=000s, test=000s, total=003s
Epoch 132: Train%/Test% | Accuracy: 83.65%/79.72% | Precision: 84.34%/80.11% | Recall: 85.10%/82.35% | F1: 83.61%/79.43% | Time: fit=002s, train=000s, test=000s, total=003s
Epoch 133: Train%/Test% | Accuracy: 83.77%/79.72% | Precision: 84.67%/80.41% | Recall: 85.35%/82.62% | F1: 83.74%/79.48% | Time: fit=002s, train=000s, test=000s, total=003s
Epoch 134: Train%/Test% | Accuracy: 80.81%/74.53% | Precision: 82.53%/77.57% | Recall: 82.76%/78.78% | F1: 80.80%/74.47% | Time: fit=002s, train=000s, test=000s, total=003s
Epoch 135: Train%/Test% | Accuracy: 80.45%/74.06% | Precision: 82.73%/77.30% | Recall: 82.65%/78.41% | F1: 80.45%/74.01% | Time: fit=002s, train=000s, test=000s, total=003s
Epoch 136: Train%/Test% | Accuracy: 80.21%/75.00% | Precision: 82.40%/78.28% | Recall: 82.37%/79.42% | F1: 80.21%/74.95% | Time: fit=002s, train=000s, test=000s, total=003s
Epoch 137: Train%/Test% | Accuracy: 80.81%/75.94% | Precision: 82.53%/78.38% | Recall: 82.76%/79.90% | F1: 80.80%/75.85% | Time: fit=002s, train=000s, test=000s, total=003s
Epoch 138: Train%/Test% | Accuracy: 81.04%/75.47% | Precision: 82.77%/77.70% | Recall: 83.01%/79.26% | F1: 81.04%/75.36% | Time: fit=002s, train=000s, test=000s, total=003s
Epoch 139: Train%/Test% | Accuracy: 81.16%/76.42% | Precision: 82.46%/78.27% | Recall: 82.91%/80.00% | F1: 81.15%/76.28% | Time: fit=002s, train=000s, test=000s, total=003s
Epoch 140: Train%/Test% | Accuracy: 81.64%/76.89% | Precision: 82.73%/78.94% | Recall: 83.28%/80.64% | F1: 81.62%/76.77% | Time: fit=002s, train=000s, test=000s, total=003s
Epoch 141: Train%/Test% | Accuracy: 82.46%/76.89% | Precision: 83.27%/78.94% | Recall: 83.96%/80.64% | F1: 82.43%/76.77% | Time: fit=002s, train=000s, test=000s, total=003s
Epoch 142: Train%/Test% | Accuracy: 81.28%/75.00% | Precision: 82.47%/77.03% | Recall: 82.98%/78.62% | F1: 81.26%/74.87% | Time: fit=002s, train=000s, test=000s, total=003s
Epoch 143: Train%/Test% | Accuracy: 82.82%/74.53% | Precision: 83.59%/76.01% | Recall: 84.30%/77.71% | F1: 82.79%/74.34% | Time: fit=002s, train=000s, test=000s, total=003s
Epoch 144: Train%/Test% | Accuracy: 83.53%/75.00% | Precision: 84.19%/76.66% | Recall: 84.95%/78.35% | F1: 83.49%/74.84% | Time: fit=002s, train=000s, test=000s, total=003s
Epoch 145: Train%/Test% | Accuracy: 83.29%/75.47% | Precision: 84.01%/76.96% | Recall: 84.75%/78.72% | F1: 83.26%/75.29% | Time: fit=002s, train=000s, test=000s, total=003s
Epoch 146: Train%/Test% | Accuracy: 83.06%/76.89% | Precision: 83.96%/78.57% | Recall: 84.62%/80.38% | F1: 83.03%/76.74% | Time: fit=002s, train=000s, test=000s, total=003s
Epoch 147: Train%/Test% | Accuracy: 82.58%/75.94% | Precision: 83.48%/77.26% | Recall: 84.14%/79.09% | F1: 82.56%/75.75% | Time: fit=002s, train=000s, test=000s, total=003s
Epoch 148: Train%/Test% | Accuracy: 84.72%/77.83% | Precision: 85.20%/78.83% | Recall: 86.05%/80.86% | F1: 84.67%/77.61% | Time: fit=002s, train=000s, test=000s, total=003s
Epoch 149: Train%/Test% | Accuracy: 87.80%/83.96% | Precision: 87.56%/83.01% | Recall: 88.51%/85.17% | F1: 87.68%/83.43% | Time: fit=002s, train=000s, test=000s, total=003s
Epoch 150: Train%/Test% | Accuracy: 86.97%/83.02% | Precision: 86.86%/82.38% | Recall: 87.83%/84.69% | F1: 86.87%/82.57% | Time: fit=002s, train=000s, test=000s, total=003s
