[nltk_data] Downloading package wordnet to /home/bjorvl16/nltk_data...
[nltk_data]   Package wordnet is already up-to-date!
[nltk_data] Downloading package stopwords to
[nltk_data]     /home/bjorvl16/nltk_data...
[nltk_data]   Package stopwords is already up-to-date!
[*] Load dataset...
[*] Fix malformed data...
[*] Split...
[*] Encoding...
[*] Encoding feature: text... 4922
==============================
Using CPU for training
Dataset: fake-news-datasets-deception-Celebrity
TMU params: num-clauses=5000, T=200, s=15.0
Epochs: 150
Feature(s): text
max-vocab=15000, max-domain=500, max-tweet=500
====================
Train size: 400
Train classes: 2
Test size: 100
Test classes: 2
Total features: 4922
==============================
[*] Training for 150 epochs...
Epoch   1: Train%/Test% | Accuracy: 53.00%/59.00% | Precision: 53.29%/58.53% | Recall: 53.18%/58.17% | F1: 52.70%/58.06% | Time: fit=005s, train=000s, test=000s, total=005s
Epoch   2: Train%/Test% | Accuracy: 61.25%/57.00% | Precision: 65.14%/57.73% | Recall: 61.73%/54.39% | F1: 59.13%/50.18% | Time: fit=005s, train=000s, test=000s, total=005s
Epoch   3: Train%/Test% | Accuracy: 66.50%/67.00% | Precision: 69.72%/71.65% | Recall: 66.08%/68.64% | F1: 64.71%/66.24% | Time: fit=004s, train=000s, test=000s, total=005s
Epoch   4: Train%/Test% | Accuracy: 62.25%/60.00% | Precision: 73.60%/76.74% | Recall: 61.54%/62.96% | F1: 56.36%/55.44% | Time: fit=004s, train=000s, test=000s, total=004s
Epoch   5: Train%/Test% | Accuracy: 77.75%/69.00% | Precision: 80.93%/70.43% | Recall: 78.07%/67.59% | F1: 77.29%/67.27% | Time: fit=004s, train=000s, test=000s, total=004s
Epoch   6: Train%/Test% | Accuracy: 49.75%/55.00% | Precision: 74.69%/77.27% | Recall: 50.74%/51.09% | F1: 34.50%/37.42% | Time: fit=004s, train=000s, test=000s, total=004s
Epoch   7: Train%/Test% | Accuracy: 52.50%/55.00% | Precision: 75.39%/77.27% | Recall: 53.43%/51.09% | F1: 40.10%/37.42% | Time: fit=004s, train=000s, test=000s, total=004s
Epoch   8: Train%/Test% | Accuracy: 74.25%/69.00% | Precision: 82.78%/75.14% | Recall: 74.75%/66.79% | F1: 72.71%/65.21% | Time: fit=003s, train=000s, test=000s, total=004s
Epoch   9: Train%/Test% | Accuracy: 61.00%/64.00% | Precision: 77.84%/80.00% | Recall: 61.76%/60.87% | F1: 54.81%/55.36% | Time: fit=003s, train=000s, test=000s, total=003s
Epoch  10: Train%/Test% | Accuracy: 56.50%/58.00% | Precision: 76.49%/78.12% | Recall: 57.35%/54.35% | F1: 47.45%/44.00% | Time: fit=003s, train=000s, test=000s, total=003s
Epoch  11: Train%/Test% | Accuracy: 78.75%/69.00% | Precision: 84.88%/73.77% | Recall: 79.17%/66.95% | F1: 77.93%/65.70% | Time: fit=003s, train=000s, test=000s, total=003s
Epoch  12: Train%/Test% | Accuracy: 88.75%/73.00% | Precision: 88.75%/72.83% | Recall: 88.76%/72.75% | F1: 88.75%/72.78% | Time: fit=003s, train=000s, test=000s, total=003s
Epoch  13: Train%/Test% | Accuracy: 82.00%/59.00% | Precision: 85.29%/62.97% | Recall: 81.69%/60.75% | F1: 81.46%/57.78% | Time: fit=003s, train=000s, test=000s, total=003s
Epoch  14: Train%/Test% | Accuracy: 79.50%/58.00% | Precision: 84.64%/64.92% | Recall: 79.11%/60.31% | F1: 78.55%/55.43% | Time: fit=003s, train=000s, test=000s, total=003s
Epoch  15: Train%/Test% | Accuracy: 88.25%/65.00% | Precision: 89.28%/65.56% | Recall: 88.09%/65.50% | F1: 88.14%/65.00% | Time: fit=003s, train=000s, test=000s, total=003s
Epoch  16: Train%/Test% | Accuracy: 80.75%/59.00% | Precision: 85.35%/64.67% | Recall: 80.39%/61.07% | F1: 79.97%/57.11% | Time: fit=003s, train=000s, test=000s, total=003s
Epoch  17: Train%/Test% | Accuracy: 83.50%/59.00% | Precision: 86.72%/63.75% | Recall: 83.20%/60.91% | F1: 83.04%/57.46% | Time: fit=003s, train=000s, test=000s, total=003s
Epoch  18: Train%/Test% | Accuracy: 83.75%/62.00% | Precision: 87.37%/66.19% | Recall: 83.44%/63.69% | F1: 83.25%/61.00% | Time: fit=003s, train=000s, test=000s, total=003s
Epoch  19: Train%/Test% | Accuracy: 90.25%/73.00% | Precision: 90.76%/72.93% | Recall: 90.14%/73.07% | F1: 90.20%/72.93% | Time: fit=003s, train=000s, test=000s, total=003s
Epoch  20: Train%/Test% | Accuracy: 92.00%/76.00% | Precision: 92.04%/75.89% | Recall: 92.04%/75.68% | F1: 92.00%/75.76% | Time: fit=003s, train=000s, test=000s, total=003s
Epoch  21: Train%/Test% | Accuracy: 90.50%/74.00% | Precision: 90.55%/73.88% | Recall: 90.47%/73.99% | F1: 90.49%/73.91% | Time: fit=003s, train=000s, test=000s, total=003s
Epoch  22: Train%/Test% | Accuracy: 91.00%/76.00% | Precision: 90.99%/75.85% | Recall: 91.01%/75.85% | F1: 91.00%/75.85% | Time: fit=003s, train=000s, test=000s, total=003s
Epoch  23: Train%/Test% | Accuracy: 93.00%/75.00% | Precision: 93.20%/74.93% | Recall: 92.94%/75.08% | F1: 92.98%/74.94% | Time: fit=003s, train=000s, test=000s, total=003s
Epoch  24: Train%/Test% | Accuracy: 92.75%/77.00% | Precision: 92.74%/76.97% | Recall: 92.75%/76.61% | F1: 92.75%/76.72% | Time: fit=003s, train=000s, test=000s, total=003s
Epoch  25: Train%/Test% | Accuracy: 90.75%/74.00% | Precision: 91.41%/74.83% | Recall: 90.88%/73.03% | F1: 90.73%/73.13% | Time: fit=003s, train=000s, test=000s, total=003s
Epoch  26: Train%/Test% | Accuracy: 91.75%/75.00% | Precision: 92.14%/75.35% | Recall: 91.85%/74.28% | F1: 91.74%/74.42% | Time: fit=003s, train=000s, test=000s, total=003s
Epoch  27: Train%/Test% | Accuracy: 89.50%/73.00% | Precision: 90.31%/73.55% | Recall: 89.65%/72.10% | F1: 89.47%/72.20% | Time: fit=003s, train=000s, test=000s, total=003s
Epoch  28: Train%/Test% | Accuracy: 91.75%/74.00% | Precision: 91.93%/74.17% | Recall: 91.82%/73.35% | F1: 91.75%/73.48% | Time: fit=003s, train=000s, test=000s, total=003s
Epoch  29: Train%/Test% | Accuracy: 92.50%/75.00% | Precision: 92.61%/74.93% | Recall: 92.56%/74.60% | F1: 92.50%/74.69% | Time: fit=003s, train=000s, test=000s, total=003s
Epoch  30: Train%/Test% | Accuracy: 94.00%/77.00% | Precision: 94.00%/76.87% | Recall: 94.00%/76.77% | F1: 94.00%/76.81% | Time: fit=003s, train=000s, test=000s, total=003s
Epoch  31: Train%/Test% | Accuracy: 92.50%/71.00% | Precision: 93.32%/71.99% | Recall: 92.37%/71.70% | F1: 92.45%/70.97% | Time: fit=003s, train=000s, test=000s, total=003s
Epoch  32: Train%/Test% | Accuracy: 94.00%/71.00% | Precision: 94.00%/70.81% | Recall: 94.02%/70.73% | F1: 94.00%/70.76% | Time: fit=003s, train=000s, test=000s, total=003s
Epoch  33: Train%/Test% | Accuracy: 94.00%/71.00% | Precision: 94.07%/71.14% | Recall: 94.05%/70.25% | F1: 94.00%/70.33% | Time: fit=003s, train=000s, test=000s, total=003s
Epoch  34: Train%/Test% | Accuracy: 96.75%/74.00% | Precision: 96.75%/73.86% | Recall: 96.76%/73.67% | F1: 96.75%/73.74% | Time: fit=003s, train=000s, test=000s, total=003s
Epoch  35: Train%/Test% | Accuracy: 97.00%/73.00% | Precision: 96.99%/73.03% | Recall: 97.01%/72.42% | F1: 97.00%/72.54% | Time: fit=003s, train=000s, test=000s, total=003s
Epoch  36: Train%/Test% | Accuracy: 96.25%/74.00% | Precision: 96.34%/74.83% | Recall: 96.30%/73.03% | F1: 96.25%/73.13% | Time: fit=003s, train=000s, test=000s, total=003s
Epoch  37: Train%/Test% | Accuracy: 97.50%/73.00% | Precision: 97.50%/73.03% | Recall: 97.52%/72.42% | F1: 97.50%/72.54% | Time: fit=003s, train=000s, test=000s, total=003s
Epoch  38: Train%/Test% | Accuracy: 96.25%/73.00% | Precision: 96.28%/73.55% | Recall: 96.28%/72.10% | F1: 96.25%/72.20% | Time: fit=003s, train=000s, test=000s, total=003s
Epoch  39: Train%/Test% | Accuracy: 94.75%/74.00% | Precision: 94.78%/74.17% | Recall: 94.78%/73.35% | F1: 94.75%/73.48% | Time: fit=003s, train=000s, test=000s, total=003s
Epoch  40: Train%/Test% | Accuracy: 95.75%/73.00% | Precision: 95.94%/73.96% | Recall: 95.82%/71.94% | F1: 95.75%/71.99% | Time: fit=003s, train=000s, test=000s, total=003s
Epoch  41: Train%/Test% | Accuracy: 94.75%/73.00% | Precision: 95.01%/73.55% | Recall: 94.83%/72.10% | F1: 94.75%/72.20% | Time: fit=003s, train=000s, test=000s, total=003s
Epoch  42: Train%/Test% | Accuracy: 92.50%/74.00% | Precision: 93.24%/75.31% | Recall: 92.64%/72.87% | F1: 92.48%/72.92% | Time: fit=003s, train=000s, test=000s, total=003s
Epoch  43: Train%/Test% | Accuracy: 94.00%/73.00% | Precision: 94.45%/73.96% | Recall: 94.11%/71.94% | F1: 93.99%/71.99% | Time: fit=003s, train=000s, test=000s, total=003s
Epoch  44: Train%/Test% | Accuracy: 95.00%/73.00% | Precision: 95.29%/73.96% | Recall: 95.09%/71.94% | F1: 95.00%/71.99% | Time: fit=002s, train=000s, test=000s, total=003s
Epoch  45: Train%/Test% | Accuracy: 95.50%/73.00% | Precision: 95.66%/73.55% | Recall: 95.57%/72.10% | F1: 95.50%/72.20% | Time: fit=003s, train=000s, test=000s, total=003s
Epoch  46: Train%/Test% | Accuracy: 93.75%/75.00% | Precision: 94.24%/76.15% | Recall: 93.86%/73.95% | F1: 93.74%/74.06% | Time: fit=002s, train=000s, test=000s, total=003s
Epoch  47: Train%/Test% | Accuracy: 95.00%/74.00% | Precision: 95.16%/74.83% | Recall: 95.07%/73.03% | F1: 95.00%/73.13% | Time: fit=003s, train=000s, test=000s, total=003s
Epoch  48: Train%/Test% | Accuracy: 96.50%/75.00% | Precision: 96.54%/75.70% | Recall: 96.54%/74.11% | F1: 96.50%/74.26% | Time: fit=003s, train=000s, test=000s, total=003s
Epoch  49: Train%/Test% | Accuracy: 96.75%/74.00% | Precision: 96.89%/74.83% | Recall: 96.81%/73.03% | F1: 96.75%/73.13% | Time: fit=002s, train=000s, test=000s, total=003s
Epoch  50: Train%/Test% | Accuracy: 96.00%/74.00% | Precision: 96.04%/74.17% | Recall: 96.04%/73.35% | F1: 96.00%/73.48% | Time: fit=002s, train=000s, test=000s, total=003s
Epoch  51: Train%/Test% | Accuracy: 96.50%/74.00% | Precision: 96.51%/74.17% | Recall: 96.53%/73.35% | F1: 96.50%/73.48% | Time: fit=003s, train=000s, test=000s, total=003s
Epoch  52: Train%/Test% | Accuracy: 96.75%/72.00% | Precision: 96.78%/72.08% | Recall: 96.78%/71.34% | F1: 96.75%/71.44% | Time: fit=002s, train=000s, test=000s, total=003s
Epoch  53: Train%/Test% | Accuracy: 96.25%/75.00% | Precision: 96.25%/74.93% | Recall: 96.26%/74.60% | F1: 96.25%/74.69% | Time: fit=002s, train=000s, test=000s, total=003s
Epoch  54: Train%/Test% | Accuracy: 96.50%/73.00% | Precision: 96.50%/72.89% | Recall: 96.50%/72.58% | F1: 96.50%/72.67% | Time: fit=002s, train=000s, test=000s, total=003s
Epoch  55: Train%/Test% | Accuracy: 96.25%/74.00% | Precision: 96.28%/74.17% | Recall: 96.28%/73.35% | F1: 96.25%/73.48% | Time: fit=003s, train=000s, test=000s, total=003s
Epoch  56: Train%/Test% | Accuracy: 96.25%/74.00% | Precision: 96.26%/74.17% | Recall: 96.27%/73.35% | F1: 96.25%/73.48% | Time: fit=002s, train=000s, test=000s, total=003s
Epoch  57: Train%/Test% | Accuracy: 96.25%/73.00% | Precision: 96.26%/73.25% | Recall: 96.27%/72.26% | F1: 96.25%/72.38% | Time: fit=002s, train=000s, test=000s, total=003s
Epoch  58: Train%/Test% | Accuracy: 96.50%/73.00% | Precision: 96.54%/73.25% | Recall: 96.54%/72.26% | F1: 96.50%/72.38% | Time: fit=002s, train=000s, test=000s, total=003s
Epoch  59: Train%/Test% | Accuracy: 97.25%/73.00% | Precision: 97.28%/73.25% | Recall: 97.28%/72.26% | F1: 97.25%/72.38% | Time: fit=002s, train=000s, test=000s, total=002s
Epoch  60: Train%/Test% | Accuracy: 96.50%/71.00% | Precision: 96.61%/71.41% | Recall: 96.56%/70.09% | F1: 96.50%/70.14% | Time: fit=002s, train=000s, test=000s, total=002s
Epoch  61: Train%/Test% | Accuracy: 97.25%/72.00% | Precision: 97.28%/72.33% | Recall: 97.28%/71.18% | F1: 97.25%/71.26% | Time: fit=002s, train=000s, test=000s, total=002s
Epoch  62: Train%/Test% | Accuracy: 98.00%/71.00% | Precision: 98.00%/71.14% | Recall: 98.02%/70.25% | F1: 98.00%/70.33% | Time: fit=002s, train=000s, test=000s, total=002s
Epoch  63: Train%/Test% | Accuracy: 98.25%/74.00% | Precision: 98.26%/73.86% | Recall: 98.24%/73.67% | F1: 98.25%/73.74% | Time: fit=002s, train=000s, test=000s, total=002s
Epoch  64: Train%/Test% | Accuracy: 97.75%/72.00% | Precision: 97.75%/71.92% | Recall: 97.75%/71.50% | F1: 97.75%/71.59% | Time: fit=002s, train=000s, test=000s, total=002s
Epoch  65: Train%/Test% | Accuracy: 98.25%/72.00% | Precision: 98.26%/71.92% | Recall: 98.27%/71.50% | F1: 98.25%/71.59% | Time: fit=002s, train=000s, test=000s, total=002s
Epoch  66: Train%/Test% | Accuracy: 98.25%/71.00% | Precision: 98.26%/70.96% | Recall: 98.27%/70.41% | F1: 98.25%/70.50% | Time: fit=002s, train=000s, test=000s, total=002s
Epoch  67: Train%/Test% | Accuracy: 97.25%/73.00% | Precision: 97.30%/73.03% | Recall: 97.29%/72.42% | F1: 97.25%/72.54% | Time: fit=002s, train=000s, test=000s, total=003s
Epoch  68: Train%/Test% | Accuracy: 98.25%/72.00% | Precision: 98.25%/71.92% | Recall: 98.25%/71.50% | F1: 98.25%/71.59% | Time: fit=002s, train=000s, test=000s, total=002s
Epoch  69: Train%/Test% | Accuracy: 98.25%/73.00% | Precision: 98.28%/73.03% | Recall: 98.28%/72.42% | F1: 98.25%/72.54% | Time: fit=002s, train=000s, test=000s, total=002s
Epoch  70: Train%/Test% | Accuracy: 98.75%/71.00% | Precision: 98.76%/70.96% | Recall: 98.77%/70.41% | F1: 98.75%/70.50% | Time: fit=002s, train=000s, test=000s, total=003s
Epoch  71: Train%/Test% | Accuracy: 98.50%/70.00% | Precision: 98.49%/69.87% | Recall: 98.51%/69.48% | F1: 98.50%/69.56% | Time: fit=002s, train=000s, test=000s, total=002s
Epoch  72: Train%/Test% | Accuracy: 98.50%/70.00% | Precision: 98.51%/69.87% | Recall: 98.49%/69.48% | F1: 98.50%/69.56% | Time: fit=002s, train=000s, test=000s, total=002s
Epoch  73: Train%/Test% | Accuracy: 98.50%/71.00% | Precision: 98.54%/70.85% | Recall: 98.48%/70.57% | F1: 98.50%/70.64% | Time: fit=002s, train=000s, test=000s, total=002s
Epoch  74: Train%/Test% | Accuracy: 98.00%/74.00% | Precision: 98.00%/73.83% | Recall: 98.00%/73.83% | F1: 98.00%/73.83% | Time: fit=002s, train=000s, test=000s, total=002s
Epoch  75: Train%/Test% | Accuracy: 98.25%/72.00% | Precision: 98.26%/71.83% | Recall: 98.24%/71.66% | F1: 98.25%/71.72% | Time: fit=002s, train=000s, test=000s, total=002s
Epoch  76: Train%/Test% | Accuracy: 98.50%/71.00% | Precision: 98.50%/71.14% | Recall: 98.52%/70.25% | F1: 98.50%/70.33% | Time: fit=002s, train=000s, test=000s, total=002s
Epoch  77: Train%/Test% | Accuracy: 98.00%/71.00% | Precision: 98.00%/71.14% | Recall: 98.02%/70.25% | F1: 98.00%/70.33% | Time: fit=002s, train=000s, test=000s, total=002s
Epoch  78: Train%/Test% | Accuracy: 98.00%/71.00% | Precision: 98.00%/71.14% | Recall: 98.02%/70.25% | F1: 98.00%/70.33% | Time: fit=002s, train=000s, test=000s, total=002s
Epoch  79: Train%/Test% | Accuracy: 98.75%/70.00% | Precision: 98.75%/70.00% | Recall: 98.76%/69.32% | F1: 98.75%/69.40% | Time: fit=002s, train=000s, test=000s, total=002s
Epoch  80: Train%/Test% | Accuracy: 98.50%/70.00% | Precision: 98.50%/70.00% | Recall: 98.52%/69.32% | F1: 98.50%/69.40% | Time: fit=002s, train=000s, test=000s, total=003s
Epoch  81: Train%/Test% | Accuracy: 98.50%/71.00% | Precision: 98.51%/71.14% | Recall: 98.53%/70.25% | F1: 98.50%/70.33% | Time: fit=002s, train=000s, test=000s, total=002s
Epoch  82: Train%/Test% | Accuracy: 98.25%/73.00% | Precision: 98.28%/73.55% | Recall: 98.28%/72.10% | F1: 98.25%/72.20% | Time: fit=002s, train=000s, test=000s, total=002s
Epoch  83: Train%/Test% | Accuracy: 99.25%/68.00% | Precision: 99.25%/67.82% | Recall: 99.26%/67.47% | F1: 99.25%/67.53% | Time: fit=002s, train=000s, test=000s, total=002s
Epoch  84: Train%/Test% | Accuracy: 99.00%/69.00% | Precision: 99.00%/68.89% | Recall: 99.02%/68.40% | F1: 99.00%/68.47% | Time: fit=002s, train=000s, test=000s, total=002s
Epoch  85: Train%/Test% | Accuracy: 98.50%/73.00% | Precision: 98.51%/73.55% | Recall: 98.53%/72.10% | F1: 98.50%/72.20% | Time: fit=002s, train=000s, test=000s, total=002s
Epoch  86: Train%/Test% | Accuracy: 98.00%/74.00% | Precision: 98.04%/75.31% | Recall: 98.04%/72.87% | F1: 98.00%/72.92% | Time: fit=002s, train=000s, test=000s, total=002s
Epoch  87: Train%/Test% | Accuracy: 98.00%/74.00% | Precision: 98.04%/74.83% | Recall: 98.04%/73.03% | F1: 98.00%/73.13% | Time: fit=002s, train=000s, test=000s, total=002s
Epoch  88: Train%/Test% | Accuracy: 98.00%/74.00% | Precision: 98.04%/74.83% | Recall: 98.04%/73.03% | F1: 98.00%/73.13% | Time: fit=002s, train=000s, test=000s, total=002s
Epoch  89: Train%/Test% | Accuracy: 98.50%/71.00% | Precision: 98.51%/71.14% | Recall: 98.53%/70.25% | F1: 98.50%/70.33% | Time: fit=002s, train=000s, test=000s, total=002s
Epoch  90: Train%/Test% | Accuracy: 98.50%/71.00% | Precision: 98.51%/71.14% | Recall: 98.53%/70.25% | F1: 98.50%/70.33% | Time: fit=002s, train=000s, test=000s, total=002s
Epoch  91: Train%/Test% | Accuracy: 98.25%/70.00% | Precision: 98.28%/70.00% | Recall: 98.28%/69.32% | F1: 98.25%/69.40% | Time: fit=002s, train=000s, test=000s, total=002s
Epoch  92: Train%/Test% | Accuracy: 99.00%/70.00% | Precision: 99.00%/70.00% | Recall: 99.02%/69.32% | F1: 99.00%/69.40% | Time: fit=002s, train=000s, test=000s, total=002s
Epoch  93: Train%/Test% | Accuracy: 98.75%/70.00% | Precision: 98.75%/70.00% | Recall: 98.76%/69.32% | F1: 98.75%/69.40% | Time: fit=002s, train=000s, test=000s, total=002s
Epoch  94: Train%/Test% | Accuracy: 99.00%/70.00% | Precision: 98.99%/70.00% | Recall: 99.01%/69.32% | F1: 99.00%/69.40% | Time: fit=002s, train=000s, test=000s, total=002s
Epoch  95: Train%/Test% | Accuracy: 98.75%/70.00% | Precision: 98.75%/70.00% | Recall: 98.76%/69.32% | F1: 98.75%/69.40% | Time: fit=002s, train=000s, test=000s, total=002s
Epoch  96: Train%/Test% | Accuracy: 99.50%/70.00% | Precision: 99.50%/69.81% | Recall: 99.50%/69.65% | F1: 99.50%/69.70% | Time: fit=002s, train=000s, test=000s, total=002s
Epoch  97: Train%/Test% | Accuracy: 99.00%/72.00% | Precision: 99.01%/71.82% | Recall: 98.99%/71.82% | F1: 99.00%/71.82% | Time: fit=002s, train=000s, test=000s, total=002s
Epoch  98: Train%/Test% | Accuracy: 99.75%/73.00% | Precision: 99.76%/72.83% | Recall: 99.74%/72.75% | F1: 99.75%/72.78% | Time: fit=002s, train=000s, test=000s, total=002s
Epoch  99: Train%/Test% | Accuracy: 100.00%/70.00% | Precision: 100.00%/69.87% | Recall: 100.00%/69.48% | F1: 100.00%/69.56% | Time: fit=002s, train=000s, test=000s, total=002s
Epoch 100: Train%/Test% | Accuracy: 99.25%/71.00% | Precision: 99.25%/71.14% | Recall: 99.26%/70.25% | F1: 99.25%/70.33% | Time: fit=002s, train=000s, test=000s, total=002s
Epoch 101: Train%/Test% | Accuracy: 99.25%/71.00% | Precision: 99.25%/70.96% | Recall: 99.26%/70.41% | F1: 99.25%/70.50% | Time: fit=002s, train=000s, test=000s, total=002s
Epoch 102: Train%/Test% | Accuracy: 99.25%/69.00% | Precision: 99.25%/68.89% | Recall: 99.26%/68.40% | F1: 99.25%/68.47% | Time: fit=002s, train=000s, test=000s, total=002s
Epoch 103: Train%/Test% | Accuracy: 99.50%/69.00% | Precision: 99.49%/68.89% | Recall: 99.51%/68.40% | F1: 99.50%/68.47% | Time: fit=002s, train=000s, test=000s, total=002s
Epoch 104: Train%/Test% | Accuracy: 99.50%/69.00% | Precision: 99.50%/68.81% | Recall: 99.50%/68.56% | F1: 99.50%/68.62% | Time: fit=002s, train=000s, test=000s, total=002s
Epoch 105: Train%/Test% | Accuracy: 99.50%/71.00% | Precision: 99.49%/70.96% | Recall: 99.51%/70.41% | F1: 99.50%/70.50% | Time: fit=002s, train=000s, test=000s, total=002s
Epoch 106: Train%/Test% | Accuracy: 99.00%/70.00% | Precision: 99.00%/70.00% | Recall: 99.02%/69.32% | F1: 99.00%/69.40% | Time: fit=002s, train=000s, test=000s, total=002s
Epoch 107: Train%/Test% | Accuracy: 99.25%/70.00% | Precision: 99.25%/69.87% | Recall: 99.26%/69.48% | F1: 99.25%/69.56% | Time: fit=002s, train=000s, test=000s, total=002s
Epoch 108: Train%/Test% | Accuracy: 99.00%/70.00% | Precision: 99.00%/70.00% | Recall: 99.02%/69.32% | F1: 99.00%/69.40% | Time: fit=002s, train=000s, test=000s, total=002s
Epoch 109: Train%/Test% | Accuracy: 99.00%/70.00% | Precision: 99.00%/70.20% | Recall: 99.02%/69.16% | F1: 99.00%/69.21% | Time: fit=002s, train=000s, test=000s, total=002s
Epoch 110: Train%/Test% | Accuracy: 99.25%/71.00% | Precision: 99.25%/71.14% | Recall: 99.26%/70.25% | F1: 99.25%/70.33% | Time: fit=002s, train=000s, test=000s, total=002s
Epoch 111: Train%/Test% | Accuracy: 99.25%/71.00% | Precision: 99.25%/71.14% | Recall: 99.26%/70.25% | F1: 99.25%/70.33% | Time: fit=002s, train=000s, test=000s, total=002s
Epoch 112: Train%/Test% | Accuracy: 99.25%/71.00% | Precision: 99.25%/71.14% | Recall: 99.26%/70.25% | F1: 99.25%/70.33% | Time: fit=002s, train=000s, test=000s, total=002s
Epoch 113: Train%/Test% | Accuracy: 99.25%/71.00% | Precision: 99.25%/71.14% | Recall: 99.26%/70.25% | F1: 99.25%/70.33% | Time: fit=002s, train=000s, test=000s, total=002s
Epoch 114: Train%/Test% | Accuracy: 99.25%/71.00% | Precision: 99.25%/71.41% | Recall: 99.26%/70.09% | F1: 99.25%/70.14% | Time: fit=002s, train=000s, test=000s, total=002s
Epoch 115: Train%/Test% | Accuracy: 99.25%/73.00% | Precision: 99.25%/73.55% | Recall: 99.26%/72.10% | F1: 99.25%/72.20% | Time: fit=002s, train=000s, test=000s, total=002s
Epoch 116: Train%/Test% | Accuracy: 99.00%/74.00% | Precision: 99.00%/74.83% | Recall: 99.02%/73.03% | F1: 99.00%/73.13% | Time: fit=002s, train=000s, test=000s, total=002s
Epoch 117: Train%/Test% | Accuracy: 99.00%/72.00% | Precision: 99.00%/72.33% | Recall: 99.02%/71.18% | F1: 99.00%/71.26% | Time: fit=002s, train=000s, test=000s, total=002s
Epoch 118: Train%/Test% | Accuracy: 98.75%/72.00% | Precision: 98.76%/72.33% | Recall: 98.77%/71.18% | F1: 98.75%/71.26% | Time: fit=002s, train=000s, test=000s, total=002s
Epoch 119: Train%/Test% | Accuracy: 99.25%/70.00% | Precision: 99.25%/70.00% | Recall: 99.26%/69.32% | F1: 99.25%/69.40% | Time: fit=002s, train=000s, test=000s, total=002s
Epoch 120: Train%/Test% | Accuracy: 99.25%/71.00% | Precision: 99.25%/71.41% | Recall: 99.26%/70.09% | F1: 99.25%/70.14% | Time: fit=002s, train=000s, test=000s, total=002s
Epoch 121: Train%/Test% | Accuracy: 99.25%/71.00% | Precision: 99.25%/71.14% | Recall: 99.26%/70.25% | F1: 99.25%/70.33% | Time: fit=002s, train=000s, test=000s, total=002s
Epoch 122: Train%/Test% | Accuracy: 99.25%/70.00% | Precision: 99.25%/70.00% | Recall: 99.26%/69.32% | F1: 99.25%/69.40% | Time: fit=002s, train=000s, test=000s, total=002s
Epoch 123: Train%/Test% | Accuracy: 99.25%/71.00% | Precision: 99.25%/71.14% | Recall: 99.26%/70.25% | F1: 99.25%/70.33% | Time: fit=002s, train=000s, test=000s, total=002s
Epoch 124: Train%/Test% | Accuracy: 99.25%/71.00% | Precision: 99.25%/71.14% | Recall: 99.26%/70.25% | F1: 99.25%/70.33% | Time: fit=002s, train=000s, test=000s, total=002s
Epoch 125: Train%/Test% | Accuracy: 99.25%/71.00% | Precision: 99.25%/71.41% | Recall: 99.26%/70.09% | F1: 99.25%/70.14% | Time: fit=002s, train=000s, test=000s, total=002s
Epoch 126: Train%/Test% | Accuracy: 99.25%/73.00% | Precision: 99.25%/73.55% | Recall: 99.26%/72.10% | F1: 99.25%/72.20% | Time: fit=002s, train=000s, test=000s, total=002s
Epoch 127: Train%/Test% | Accuracy: 99.50%/71.00% | Precision: 99.49%/71.14% | Recall: 99.51%/70.25% | F1: 99.50%/70.33% | Time: fit=002s, train=000s, test=000s, total=002s
Epoch 128: Train%/Test% | Accuracy: 99.50%/69.00% | Precision: 99.49%/69.04% | Recall: 99.51%/68.24% | F1: 99.50%/68.29% | Time: fit=002s, train=000s, test=000s, total=002s
Epoch 129: Train%/Test% | Accuracy: 99.50%/69.00% | Precision: 99.49%/69.04% | Recall: 99.51%/68.24% | F1: 99.50%/68.29% | Time: fit=002s, train=000s, test=000s, total=002s
Epoch 130: Train%/Test% | Accuracy: 99.50%/69.00% | Precision: 99.49%/69.04% | Recall: 99.51%/68.24% | F1: 99.50%/68.29% | Time: fit=002s, train=000s, test=000s, total=002s
Epoch 131: Train%/Test% | Accuracy: 99.50%/69.00% | Precision: 99.49%/69.04% | Recall: 99.51%/68.24% | F1: 99.50%/68.29% | Time: fit=002s, train=000s, test=000s, total=002s
Epoch 132: Train%/Test% | Accuracy: 99.50%/71.00% | Precision: 99.49%/71.14% | Recall: 99.51%/70.25% | F1: 99.50%/70.33% | Time: fit=002s, train=000s, test=000s, total=002s
Epoch 133: Train%/Test% | Accuracy: 99.75%/72.00% | Precision: 99.75%/72.33% | Recall: 99.75%/71.18% | F1: 99.75%/71.26% | Time: fit=002s, train=000s, test=000s, total=002s
Epoch 134: Train%/Test% | Accuracy: 99.50%/71.00% | Precision: 99.49%/72.21% | Recall: 99.51%/69.77% | F1: 99.50%/69.66% | Time: fit=002s, train=000s, test=000s, total=002s
Epoch 135: Train%/Test% | Accuracy: 99.50%/73.00% | Precision: 99.49%/73.96% | Recall: 99.51%/71.94% | F1: 99.50%/71.99% | Time: fit=002s, train=000s, test=000s, total=002s
Epoch 136: Train%/Test% | Accuracy: 99.50%/72.00% | Precision: 99.49%/72.33% | Recall: 99.51%/71.18% | F1: 99.50%/71.26% | Time: fit=002s, train=000s, test=000s, total=002s
Epoch 137: Train%/Test% | Accuracy: 99.75%/73.00% | Precision: 99.75%/73.55% | Recall: 99.75%/72.10% | F1: 99.75%/72.20% | Time: fit=002s, train=000s, test=000s, total=002s
Epoch 138: Train%/Test% | Accuracy: 99.50%/73.00% | Precision: 99.49%/73.55% | Recall: 99.51%/72.10% | F1: 99.50%/72.20% | Time: fit=002s, train=000s, test=000s, total=002s
Epoch 139: Train%/Test% | Accuracy: 99.50%/71.00% | Precision: 99.49%/71.41% | Recall: 99.51%/70.09% | F1: 99.50%/70.14% | Time: fit=002s, train=000s, test=000s, total=002s
Epoch 140: Train%/Test% | Accuracy: 99.75%/71.00% | Precision: 99.75%/71.14% | Recall: 99.75%/70.25% | F1: 99.75%/70.33% | Time: fit=002s, train=000s, test=000s, total=002s
Epoch 141: Train%/Test% | Accuracy: 99.75%/72.00% | Precision: 99.75%/72.33% | Recall: 99.75%/71.18% | F1: 99.75%/71.26% | Time: fit=002s, train=000s, test=000s, total=002s
Epoch 142: Train%/Test% | Accuracy: 99.75%/73.00% | Precision: 99.75%/73.25% | Recall: 99.75%/72.26% | F1: 99.75%/72.38% | Time: fit=002s, train=000s, test=000s, total=002s
Epoch 143: Train%/Test% | Accuracy: 99.75%/73.00% | Precision: 99.75%/73.25% | Recall: 99.75%/72.26% | F1: 99.75%/72.38% | Time: fit=002s, train=000s, test=000s, total=002s
Epoch 144: Train%/Test% | Accuracy: 99.75%/72.00% | Precision: 99.75%/72.08% | Recall: 99.75%/71.34% | F1: 99.75%/71.44% | Time: fit=002s, train=000s, test=000s, total=002s
Epoch 145: Train%/Test% | Accuracy: 99.75%/71.00% | Precision: 99.75%/70.96% | Recall: 99.75%/70.41% | F1: 99.75%/70.50% | Time: fit=002s, train=000s, test=000s, total=002s
Epoch 146: Train%/Test% | Accuracy: 99.75%/73.00% | Precision: 99.75%/73.25% | Recall: 99.75%/72.26% | F1: 99.75%/72.38% | Time: fit=002s, train=000s, test=000s, total=002s
Epoch 147: Train%/Test% | Accuracy: 99.75%/69.00% | Precision: 99.75%/69.04% | Recall: 99.75%/68.24% | F1: 99.75%/68.29% | Time: fit=002s, train=000s, test=000s, total=002s
Epoch 148: Train%/Test% | Accuracy: 99.50%/71.00% | Precision: 99.49%/71.76% | Recall: 99.51%/69.93% | F1: 99.50%/69.91% | Time: fit=002s, train=000s, test=000s, total=002s
Epoch 149: Train%/Test% | Accuracy: 99.50%/72.00% | Precision: 99.49%/72.66% | Recall: 99.51%/71.01% | F1: 99.50%/71.06% | Time: fit=002s, train=000s, test=000s, total=002s
Epoch 150: Train%/Test% | Accuracy: 99.25%/73.00% | Precision: 99.25%/74.47% | Recall: 99.26%/71.78% | F1: 99.25%/71.75% | Time: fit=002s, train=000s, test=000s, total=002s
