[*] Load dataset...
[*] Fix malformed data...
[*] Split...
[*] Encoding...
[*] -> text...
[*] Encoding complete!
==============================
Using GPU for training
Dataset: FakeNewsNet-politifact
TMU params: num-clauses=5000, T=50, s=5.0
Epochs: 150
Feature(s): text
max-vocab=15000, max-domain=500, max-tweet=500
====================
Train size: 844
Train classes: 2
Test size: 212
Test classes: 2
Total features: 2934
==============================
[*] Training for 150 epochs...
Epoch   1: Train%/Test% | Accuracy: 60.66%/51.89% | Precision: 67.37%/61.02% | Recall: 64.52%/58.99% | F1: 59.93%/51.26% | Time: fit=017s, train=003s, test=001s, total=021s
Epoch   2: Train%/Test% | Accuracy: 65.05%/61.32% | Precision: 69.97%/67.87% | Recall: 68.21%/66.99% | F1: 64.78%/61.27% | Time: fit=016s, train=003s, test=001s, total=020s
Epoch   3: Train%/Test% | Accuracy: 65.17%/60.85% | Precision: 70.64%/67.07% | Recall: 68.51%/66.35% | F1: 64.83%/60.81% | Time: fit=016s, train=003s, test=001s, total=020s
Epoch   4: Train%/Test% | Accuracy: 66.59%/62.26% | Precision: 72.01%/70.11% | Recall: 69.89%/68.54% | F1: 66.30%/62.14% | Time: fit=016s, train=003s, test=001s, total=020s
Epoch   5: Train%/Test% | Accuracy: 67.54%/63.68% | Precision: 73.09%/70.25% | Recall: 70.86%/69.39% | F1: 67.26%/63.64% | Time: fit=016s, train=003s, test=001s, total=020s
Epoch   6: Train%/Test% | Accuracy: 68.72%/63.68% | Precision: 73.91%/67.78% | Recall: 71.92%/68.05% | F1: 68.50%/63.67% | Time: fit=016s, train=003s, test=001s, total=019s
Epoch   7: Train%/Test% | Accuracy: 68.60%/62.26% | Precision: 73.97%/66.08% | Recall: 71.86%/66.40% | F1: 68.37%/62.25% | Time: fit=016s, train=003s, test=001s, total=019s
Epoch   8: Train%/Test% | Accuracy: 71.56%/63.68% | Precision: 75.61%/66.21% | Recall: 74.37%/66.98% | F1: 71.48%/63.58% | Time: fit=015s, train=003s, test=001s, total=019s
Epoch   9: Train%/Test% | Accuracy: 68.84%/62.74% | Precision: 75.20%/67.67% | Recall: 72.38%/67.58% | F1: 68.50%/62.74% | Time: fit=015s, train=003s, test=001s, total=019s
Epoch  10: Train%/Test% | Accuracy: 69.43%/61.32% | Precision: 75.38%/67.34% | Recall: 72.85%/66.72% | F1: 69.15%/61.29% | Time: fit=016s, train=003s, test=001s, total=019s
Epoch  11: Train%/Test% | Accuracy: 69.55%/63.21% | Precision: 74.40%/67.07% | Recall: 72.64%/67.41% | F1: 69.38%/63.19% | Time: fit=015s, train=003s, test=001s, total=019s
Epoch  12: Train%/Test% | Accuracy: 70.85%/62.74% | Precision: 75.78%/67.67% | Recall: 73.96%/67.58% | F1: 70.69%/62.74% | Time: fit=015s, train=003s, test=001s, total=019s
Epoch  13: Train%/Test% | Accuracy: 71.56%/66.04% | Precision: 75.39%/69.62% | Recall: 74.29%/70.19% | F1: 71.49%/66.01% | Time: fit=015s, train=003s, test=001s, total=019s
Epoch  14: Train%/Test% | Accuracy: 73.10%/67.92% | Precision: 76.55%/70.02% | Recall: 75.70%/71.14% | F1: 73.06%/67.78% | Time: fit=016s, train=003s, test=001s, total=019s
Epoch  15: Train%/Test% | Accuracy: 72.87%/69.81% | Precision: 75.62%/71.25% | Recall: 75.18%/72.64% | F1: 72.85%/69.59% | Time: fit=015s, train=003s, test=001s, total=019s
Epoch  16: Train%/Test% | Accuracy: 72.75%/68.40% | Precision: 75.73%/70.32% | Recall: 75.16%/71.52% | F1: 72.73%/68.24% | Time: fit=015s, train=003s, test=001s, total=019s
Epoch  17: Train%/Test% | Accuracy: 73.34%/70.28% | Precision: 75.50%/70.95% | Recall: 75.39%/72.47% | F1: 73.34%/69.93% | Time: fit=015s, train=003s, test=001s, total=019s
Epoch  18: Train%/Test% | Accuracy: 73.46%/71.70% | Precision: 75.83%/72.52% | Recall: 75.61%/74.13% | F1: 73.46%/71.39% | Time: fit=015s, train=003s, test=001s, total=019s
Epoch  19: Train%/Test% | Accuracy: 72.75%/70.28% | Precision: 75.54%/71.25% | Recall: 75.08%/72.74% | F1: 72.73%/69.99% | Time: fit=015s, train=003s, test=001s, total=019s
Epoch  20: Train%/Test% | Accuracy: 71.80%/68.40% | Precision: 74.55%/70.32% | Recall: 74.11%/71.52% | F1: 71.79%/68.24% | Time: fit=015s, train=003s, test=001s, total=019s
Epoch  21: Train%/Test% | Accuracy: 72.04%/68.40% | Precision: 75.27%/71.06% | Recall: 74.55%/72.05% | F1: 72.00%/68.31% | Time: fit=015s, train=003s, test=001s, total=019s
Epoch  22: Train%/Test% | Accuracy: 71.80%/70.28% | Precision: 75.22%/72.60% | Recall: 74.38%/73.81% | F1: 71.76%/70.17% | Time: fit=015s, train=003s, test=001s, total=019s
Epoch  23: Train%/Test% | Accuracy: 72.51%/70.75% | Precision: 75.48%/72.90% | Recall: 74.92%/74.19% | F1: 72.49%/70.63% | Time: fit=015s, train=003s, test=001s, total=019s
Epoch  24: Train%/Test% | Accuracy: 72.51%/70.28% | Precision: 75.48%/72.24% | Recall: 74.92%/73.55% | F1: 72.49%/70.13% | Time: fit=015s, train=003s, test=001s, total=019s
Epoch  25: Train%/Test% | Accuracy: 72.87%/68.40% | Precision: 75.80%/71.06% | Recall: 75.26%/72.05% | F1: 72.85%/68.31% | Time: fit=015s, train=003s, test=001s, total=019s
Epoch  26: Train%/Test% | Accuracy: 73.22%/69.34% | Precision: 76.13%/71.64% | Recall: 75.61%/72.80% | F1: 73.20%/69.22% | Time: fit=015s, train=003s, test=001s, total=019s
Epoch  27: Train%/Test% | Accuracy: 71.92%/69.34% | Precision: 75.40%/72.02% | Recall: 74.52%/73.07% | F1: 71.87%/69.26% | Time: fit=015s, train=003s, test=001s, total=019s
Epoch  28: Train%/Test% | Accuracy: 72.87%/70.75% | Precision: 76.10%/73.28% | Recall: 75.38%/74.45% | F1: 72.84%/70.66% | Time: fit=015s, train=003s, test=001s, total=019s
Epoch  29: Train%/Test% | Accuracy: 73.46%/70.75% | Precision: 76.28%/72.90% | Recall: 75.81%/74.19% | F1: 73.44%/70.63% | Time: fit=015s, train=003s, test=001s, total=019s
Epoch  30: Train%/Test% | Accuracy: 72.99%/70.28% | Precision: 76.17%/72.60% | Recall: 75.48%/73.81% | F1: 72.96%/70.17% | Time: fit=015s, train=003s, test=001s, total=019s
Epoch  31: Train%/Test% | Accuracy: 72.75%/66.98% | Precision: 76.02%/70.19% | Recall: 75.28%/70.93% | F1: 72.71%/66.93% | Time: fit=015s, train=003s, test=001s, total=019s
Epoch  32: Train%/Test% | Accuracy: 72.51%/66.51% | Precision: 76.30%/69.12% | Recall: 75.23%/70.02% | F1: 72.45%/66.42% | Time: fit=015s, train=003s, test=001s, total=019s
Epoch  33: Train%/Test% | Accuracy: 73.34%/67.92% | Precision: 76.02%/70.77% | Recall: 75.63%/71.68% | F1: 73.33%/67.85% | Time: fit=015s, train=003s, test=001s, total=019s
Epoch  34: Train%/Test% | Accuracy: 74.41%/66.51% | Precision: 76.90%/68.75% | Recall: 76.63%/69.76% | F1: 74.40%/66.38% | Time: fit=015s, train=003s, test=001s, total=019s
Epoch  35: Train%/Test% | Accuracy: 73.34%/66.98% | Precision: 76.21%/69.42% | Recall: 75.71%/70.40% | F1: 73.32%/66.88% | Time: fit=015s, train=003s, test=001s, total=019s
Epoch  36: Train%/Test% | Accuracy: 74.53%/67.45% | Precision: 76.98%/69.36% | Recall: 76.73%/70.50% | F1: 74.52%/67.29% | Time: fit=015s, train=003s, test=001s, total=019s
Epoch  37: Train%/Test% | Accuracy: 74.05%/66.04% | Precision: 76.76%/68.45% | Recall: 76.36%/69.38% | F1: 74.04%/65.93% | Time: fit=015s, train=003s, test=001s, total=019s
Epoch  38: Train%/Test% | Accuracy: 75.24%/65.09% | Precision: 77.81%/68.24% | Recall: 77.50%/68.91% | F1: 75.23%/65.04% | Time: fit=015s, train=003s, test=001s, total=019s
Epoch  39: Train%/Test% | Accuracy: 75.95%/69.34% | Precision: 78.10%/70.01% | Recall: 78.03%/71.46% | F1: 75.95%/68.97% | Time: fit=015s, train=003s, test=001s, total=019s
Epoch  40: Train%/Test% | Accuracy: 75.83%/69.34% | Precision: 78.02%/70.94% | Recall: 77.93%/72.26% | F1: 75.83%/69.14% | Time: fit=015s, train=003s, test=001s, total=019s
Epoch  41: Train%/Test% | Accuracy: 75.59%/67.45% | Precision: 78.13%/69.72% | Recall: 77.84%/70.77% | F1: 75.59%/67.33% | Time: fit=015s, train=003s, test=001s, total=019s
Epoch  42: Train%/Test% | Accuracy: 74.05%/65.57% | Precision: 76.95%/68.93% | Recall: 76.44%/69.55% | F1: 74.04%/65.53% | Time: fit=015s, train=003s, test=001s, total=019s
Epoch  43: Train%/Test% | Accuracy: 74.29%/65.09% | Precision: 77.01%/68.24% | Recall: 76.60%/68.91% | F1: 74.28%/65.04% | Time: fit=015s, train=003s, test=001s, total=019s
Epoch  44: Train%/Test% | Accuracy: 74.41%/69.34% | Precision: 77.08%/71.64% | Recall: 76.70%/72.80% | F1: 74.40%/69.22% | Time: fit=015s, train=003s, test=001s, total=019s
Epoch  45: Train%/Test% | Accuracy: 74.17%/69.81% | Precision: 76.75%/71.58% | Recall: 76.42%/72.90% | F1: 74.16%/69.64% | Time: fit=015s, train=003s, test=001s, total=019s
Epoch  46: Train%/Test% | Accuracy: 73.93%/69.34% | Precision: 77.07%/71.64% | Recall: 76.41%/72.80% | F1: 73.91%/69.22% | Time: fit=015s, train=003s, test=001s, total=019s
Epoch  47: Train%/Test% | Accuracy: 74.64%/69.34% | Precision: 77.62%/71.64% | Recall: 77.07%/72.80% | F1: 74.63%/69.22% | Time: fit=015s, train=003s, test=001s, total=019s
Epoch  48: Train%/Test% | Accuracy: 74.76%/70.28% | Precision: 77.50%/71.89% | Recall: 77.09%/73.28% | F1: 74.75%/70.09% | Time: fit=015s, train=003s, test=001s, total=019s
Epoch  49: Train%/Test% | Accuracy: 74.41%/70.28% | Precision: 77.47%/71.89% | Recall: 76.86%/73.28% | F1: 74.39%/70.09% | Time: fit=015s, train=003s, test=001s, total=019s
Epoch  50: Train%/Test% | Accuracy: 75.00%/68.40% | Precision: 77.84%/70.32% | Recall: 77.37%/71.52% | F1: 74.99%/68.24% | Time: fit=015s, train=003s, test=001s, total=019s
Epoch  51: Train%/Test% | Accuracy: 75.12%/69.34% | Precision: 77.73%/70.94% | Recall: 77.40%/72.26% | F1: 75.11%/69.14% | Time: fit=015s, train=003s, test=001s, total=019s
Epoch  52: Train%/Test% | Accuracy: 74.17%/68.40% | Precision: 77.03%/69.98% | Recall: 76.54%/71.25% | F1: 74.16%/68.19% | Time: fit=015s, train=003s, test=001s, total=019s
Epoch  53: Train%/Test% | Accuracy: 75.00%/68.40% | Precision: 77.65%/70.68% | Recall: 77.29%/71.79% | F1: 74.99%/68.28% | Time: fit=015s, train=003s, test=001s, total=019s
Epoch  54: Train%/Test% | Accuracy: 76.54%/69.34% | Precision: 78.50%/70.94% | Recall: 78.54%/72.26% | F1: 76.54%/69.14% | Time: fit=015s, train=003s, test=001s, total=019s
Epoch  55: Train%/Test% | Accuracy: 76.90%/68.87% | Precision: 78.74%/70.63% | Recall: 78.85%/71.89% | F1: 76.89%/68.69% | Time: fit=015s, train=003s, test=001s, total=019s
Epoch  56: Train%/Test% | Accuracy: 77.25%/69.34% | Precision: 78.90%/70.94% | Recall: 79.11%/72.26% | F1: 77.25%/69.14% | Time: fit=015s, train=003s, test=001s, total=019s
Epoch  57: Train%/Test% | Accuracy: 75.95%/68.87% | Precision: 78.36%/70.98% | Recall: 78.15%/72.16% | F1: 75.95%/68.73% | Time: fit=015s, train=003s, test=001s, total=019s
Epoch  58: Train%/Test% | Accuracy: 78.08%/71.70% | Precision: 79.56%/72.82% | Recall: 79.87%/74.40% | F1: 78.07%/71.44% | Time: fit=015s, train=003s, test=001s, total=019s
Epoch  59: Train%/Test% | Accuracy: 76.90%/70.28% | Precision: 78.74%/71.89% | Recall: 78.85%/73.28% | F1: 76.89%/70.09% | Time: fit=015s, train=003s, test=001s, total=019s
Epoch  60: Train%/Test% | Accuracy: 77.13%/69.81% | Precision: 79.15%/71.25% | Recall: 79.17%/72.64% | F1: 77.13%/69.59% | Time: fit=015s, train=003s, test=001s, total=019s
Epoch  61: Train%/Test% | Accuracy: 77.13%/69.34% | Precision: 79.06%/70.30% | Recall: 79.13%/71.73% | F1: 77.13%/69.04% | Time: fit=015s, train=003s, test=001s, total=019s
Epoch  62: Train%/Test% | Accuracy: 76.18%/68.87% | Precision: 78.17%/70.63% | Recall: 78.20%/71.89% | F1: 76.18%/68.69% | Time: fit=015s, train=003s, test=001s, total=019s
Epoch  63: Train%/Test% | Accuracy: 76.90%/70.28% | Precision: 78.90%/71.89% | Recall: 78.93%/73.28% | F1: 76.90%/70.09% | Time: fit=015s, train=003s, test=001s, total=019s
Epoch  64: Train%/Test% | Accuracy: 76.90%/69.81% | Precision: 78.74%/71.25% | Recall: 78.85%/72.64% | F1: 76.89%/69.59% | Time: fit=015s, train=003s, test=001s, total=019s
Epoch  65: Train%/Test% | Accuracy: 76.18%/69.34% | Precision: 78.17%/70.61% | Recall: 78.20%/72.00% | F1: 76.18%/69.09% | Time: fit=015s, train=003s, test=001s, total=019s
Epoch  66: Train%/Test% | Accuracy: 75.59%/70.28% | Precision: 77.69%/71.25% | Recall: 77.65%/72.74% | F1: 75.59%/69.99% | Time: fit=015s, train=003s, test=001s, total=019s
Epoch  67: Train%/Test% | Accuracy: 76.18%/68.87% | Precision: 78.26%/70.98% | Recall: 78.24%/72.16% | F1: 76.18%/68.73% | Time: fit=015s, train=003s, test=001s, total=019s
Epoch  68: Train%/Test% | Accuracy: 75.95%/67.45% | Precision: 78.55%/69.36% | Recall: 78.23%/70.50% | F1: 75.94%/67.29% | Time: fit=015s, train=003s, test=001s, total=019s
Epoch  69: Train%/Test% | Accuracy: 75.71%/67.92% | Precision: 78.49%/69.67% | Recall: 78.06%/70.88% | F1: 75.70%/67.74% | Time: fit=016s, train=003s, test=001s, total=019s
Epoch  70: Train%/Test% | Accuracy: 76.07%/69.34% | Precision: 78.53%/70.94% | Recall: 78.29%/72.26% | F1: 76.06%/69.14% | Time: fit=015s, train=003s, test=001s, total=019s
Epoch  71: Train%/Test% | Accuracy: 77.13%/69.81% | Precision: 79.06%/71.25% | Recall: 79.13%/72.64% | F1: 77.13%/69.59% | Time: fit=015s, train=003s, test=001s, total=019s
Epoch  72: Train%/Test% | Accuracy: 77.01%/70.75% | Precision: 78.98%/72.54% | Recall: 79.03%/73.92% | F1: 77.01%/70.59% | Time: fit=015s, train=003s, test=001s, total=019s
Epoch  73: Train%/Test% | Accuracy: 76.54%/69.81% | Precision: 78.67%/71.58% | Recall: 78.62%/72.90% | F1: 76.54%/69.64% | Time: fit=015s, train=003s, test=001s, total=019s
Epoch  74: Train%/Test% | Accuracy: 77.01%/69.81% | Precision: 79.07%/71.25% | Recall: 79.07%/72.64% | F1: 77.01%/69.59% | Time: fit=015s, train=003s, test=001s, total=019s
Epoch  75: Train%/Test% | Accuracy: 76.54%/70.28% | Precision: 78.58%/71.56% | Recall: 78.58%/73.01% | F1: 76.54%/70.04% | Time: fit=015s, train=003s, test=001s, total=019s
Epoch  76: Train%/Test% | Accuracy: 76.90%/69.34% | Precision: 78.99%/71.28% | Recall: 78.97%/72.53% | F1: 76.90%/69.19% | Time: fit=015s, train=003s, test=001s, total=019s
Epoch  77: Train%/Test% | Accuracy: 77.25%/70.75% | Precision: 79.06%/71.88% | Recall: 79.19%/73.38% | F1: 77.25%/70.49% | Time: fit=015s, train=003s, test=001s, total=019s
Epoch  78: Train%/Test% | Accuracy: 77.49%/71.23% | Precision: 79.47%/72.20% | Recall: 79.51%/73.76% | F1: 77.49%/70.94% | Time: fit=015s, train=003s, test=001s, total=019s
Epoch  79: Train%/Test% | Accuracy: 78.20%/71.70% | Precision: 79.95%/72.23% | Recall: 80.13%/73.86% | F1: 78.20%/71.33% | Time: fit=015s, train=003s, test=001s, total=019s
Epoch  80: Train%/Test% | Accuracy: 77.73%/71.70% | Precision: 79.39%/72.52% | Recall: 79.60%/74.13% | F1: 77.72%/71.39% | Time: fit=015s, train=003s, test=001s, total=019s
Epoch  81: Train%/Test% | Accuracy: 77.25%/71.70% | Precision: 79.40%/72.82% | Recall: 79.35%/74.40% | F1: 77.25%/71.44% | Time: fit=015s, train=003s, test=001s, total=019s
Epoch  82: Train%/Test% | Accuracy: 77.61%/72.17% | Precision: 79.39%/73.14% | Recall: 79.54%/74.77% | F1: 77.61%/71.89% | Time: fit=015s, train=003s, test=001s, total=019s
Epoch  83: Train%/Test% | Accuracy: 77.61%/73.11% | Precision: 79.31%/73.24% | Recall: 79.50%/74.98% | F1: 77.60%/72.67% | Time: fit=015s, train=003s, test=001s, total=019s
Epoch  84: Train%/Test% | Accuracy: 77.96%/72.17% | Precision: 79.55%/72.56% | Recall: 79.81%/74.23% | F1: 77.96%/71.78% | Time: fit=015s, train=003s, test=001s, total=019s
Epoch  85: Train%/Test% | Accuracy: 77.25%/68.40% | Precision: 79.06%/69.66% | Recall: 79.19%/70.98% | F1: 77.25%/68.14% | Time: fit=015s, train=003s, test=001s, total=019s
Epoch  86: Train%/Test% | Accuracy: 76.78%/70.28% | Precision: 78.66%/71.56% | Recall: 78.75%/73.01% | F1: 76.78%/70.04% | Time: fit=015s, train=003s, test=001s, total=019s
Epoch  87: Train%/Test% | Accuracy: 77.25%/70.28% | Precision: 78.98%/71.56% | Recall: 79.15%/73.01% | F1: 77.25%/70.04% | Time: fit=015s, train=003s, test=001s, total=019s
Epoch  88: Train%/Test% | Accuracy: 77.84%/70.28% | Precision: 79.32%/71.56% | Recall: 79.62%/73.01% | F1: 77.84%/70.04% | Time: fit=015s, train=003s, test=001s, total=019s
Epoch  89: Train%/Test% | Accuracy: 77.25%/71.70% | Precision: 79.06%/73.15% | Recall: 79.19%/74.67% | F1: 77.25%/71.49% | Time: fit=016s, train=003s, test=001s, total=019s
Epoch  90: Train%/Test% | Accuracy: 77.61%/68.87% | Precision: 79.39%/70.29% | Recall: 79.54%/71.62% | F1: 77.61%/68.64% | Time: fit=015s, train=003s, test=001s, total=019s
Epoch  91: Train%/Test% | Accuracy: 78.20%/71.23% | Precision: 79.72%/72.20% | Recall: 80.01%/73.76% | F1: 78.19%/70.94% | Time: fit=015s, train=003s, test=001s, total=019s
Epoch  92: Train%/Test% | Accuracy: 78.44%/70.28% | Precision: 79.81%/71.56% | Recall: 80.17%/73.01% | F1: 78.43%/70.04% | Time: fit=015s, train=003s, test=001s, total=019s
Epoch  93: Train%/Test% | Accuracy: 78.08%/68.87% | Precision: 79.56%/70.29% | Recall: 79.87%/71.62% | F1: 78.07%/68.64% | Time: fit=015s, train=003s, test=001s, total=019s
Epoch  94: Train%/Test% | Accuracy: 77.37%/70.28% | Precision: 79.14%/71.89% | Recall: 79.29%/73.28% | F1: 77.37%/70.09% | Time: fit=015s, train=003s, test=001s, total=019s
Epoch  95: Train%/Test% | Accuracy: 77.49%/70.28% | Precision: 79.22%/71.89% | Recall: 79.40%/73.28% | F1: 77.49%/70.09% | Time: fit=015s, train=003s, test=001s, total=019s
Epoch  96: Train%/Test% | Accuracy: 77.37%/70.28% | Precision: 78.99%/71.89% | Recall: 79.22%/73.28% | F1: 77.37%/70.09% | Time: fit=015s, train=003s, test=001s, total=019s
Epoch  97: Train%/Test% | Accuracy: 71.68%/67.92% | Precision: 71.16%/66.15% | Recall: 71.57%/66.86% | F1: 71.25%/66.34% | Time: fit=016s, train=003s, test=001s, total=019s
Epoch  98: Train%/Test% | Accuracy: 73.93%/69.34% | Precision: 73.27%/67.41% | Recall: 73.47%/67.98% | F1: 73.36%/67.61% | Time: fit=015s, train=003s, test=001s, total=019s
Epoch  99: Train%/Test% | Accuracy: 73.93%/68.40% | Precision: 73.27%/66.30% | Recall: 73.43%/66.70% | F1: 73.34%/66.45% | Time: fit=015s, train=003s, test=001s, total=019s
Epoch 100: Train%/Test% | Accuracy: 72.63%/67.45% | Precision: 72.07%/65.59% | Recall: 72.47%/66.22% | F1: 72.18%/65.77% | Time: fit=015s, train=003s, test=001s, total=019s
Epoch 101: Train%/Test% | Accuracy: 76.07%/68.87% | Precision: 78.53%/70.98% | Recall: 78.29%/72.16% | F1: 76.06%/68.73% | Time: fit=015s, train=003s, test=001s, total=019s
Epoch 102: Train%/Test% | Accuracy: 75.71%/70.75% | Precision: 78.21%/72.20% | Recall: 77.94%/73.65% | F1: 75.71%/70.54% | Time: fit=015s, train=003s, test=001s, total=019s
Epoch 103: Train%/Test% | Accuracy: 75.95%/68.87% | Precision: 78.36%/70.98% | Recall: 78.15%/72.16% | F1: 75.95%/68.73% | Time: fit=015s, train=003s, test=001s, total=019s
Epoch 104: Train%/Test% | Accuracy: 76.18%/70.28% | Precision: 78.34%/71.89% | Recall: 78.27%/73.28% | F1: 76.18%/70.09% | Time: fit=016s, train=003s, test=001s, total=019s
Epoch 105: Train%/Test% | Accuracy: 76.42%/70.28% | Precision: 78.59%/71.89% | Recall: 78.52%/73.28% | F1: 76.42%/70.09% | Time: fit=015s, train=003s, test=001s, total=019s
Epoch 106: Train%/Test% | Accuracy: 76.07%/69.34% | Precision: 78.26%/71.28% | Recall: 78.17%/72.53% | F1: 76.07%/69.19% | Time: fit=015s, train=003s, test=001s, total=019s
Epoch 107: Train%/Test% | Accuracy: 76.30%/66.98% | Precision: 78.68%/69.42% | Recall: 78.49%/70.40% | F1: 76.30%/66.88% | Time: fit=015s, train=003s, test=001s, total=019s
Epoch 108: Train%/Test% | Accuracy: 75.59%/67.45% | Precision: 78.13%/69.72% | Recall: 77.84%/70.77% | F1: 75.59%/67.33% | Time: fit=015s, train=003s, test=001s, total=019s
Epoch 109: Train%/Test% | Accuracy: 75.36%/66.98% | Precision: 77.88%/69.06% | Recall: 77.60%/70.13% | F1: 75.35%/66.84% | Time: fit=015s, train=003s, test=001s, total=019s
Epoch 110: Train%/Test% | Accuracy: 76.18%/66.98% | Precision: 78.61%/69.06% | Recall: 78.39%/70.13% | F1: 76.18%/66.84% | Time: fit=015s, train=003s, test=001s, total=019s
Epoch 111: Train%/Test% | Accuracy: 77.01%/68.40% | Precision: 79.15%/69.98% | Recall: 79.11%/71.25% | F1: 77.01%/68.19% | Time: fit=015s, train=003s, test=001s, total=019s
Epoch 112: Train%/Test% | Accuracy: 77.13%/69.34% | Precision: 79.15%/70.94% | Recall: 79.17%/72.26% | F1: 77.13%/69.14% | Time: fit=015s, train=003s, test=001s, total=019s
Epoch 113: Train%/Test% | Accuracy: 76.78%/69.34% | Precision: 79.00%/70.94% | Recall: 78.90%/72.26% | F1: 76.78%/69.14% | Time: fit=015s, train=003s, test=001s, total=019s
Epoch 114: Train%/Test% | Accuracy: 76.78%/69.34% | Precision: 78.74%/70.94% | Recall: 78.78%/72.26% | F1: 76.78%/69.14% | Time: fit=015s, train=003s, test=001s, total=019s
Epoch 115: Train%/Test% | Accuracy: 76.54%/70.28% | Precision: 78.58%/72.24% | Recall: 78.58%/73.55% | F1: 76.54%/70.13% | Time: fit=015s, train=003s, test=001s, total=019s
Epoch 116: Train%/Test% | Accuracy: 76.66%/70.28% | Precision: 78.66%/72.24% | Recall: 78.68%/73.55% | F1: 76.66%/70.13% | Time: fit=016s, train=003s, test=001s, total=019s
Epoch 117: Train%/Test% | Accuracy: 77.13%/69.81% | Precision: 78.90%/71.94% | Recall: 79.05%/73.17% | F1: 77.13%/69.68% | Time: fit=015s, train=003s, test=001s, total=019s
Epoch 118: Train%/Test% | Accuracy: 76.18%/69.81% | Precision: 78.43%/71.94% | Recall: 78.31%/73.17% | F1: 76.18%/69.68% | Time: fit=015s, train=003s, test=001s, total=019s
Epoch 119: Train%/Test% | Accuracy: 75.59%/68.87% | Precision: 78.13%/71.35% | Recall: 77.84%/72.43% | F1: 75.59%/68.77% | Time: fit=015s, train=003s, test=001s, total=019s
Epoch 120: Train%/Test% | Accuracy: 75.47%/69.81% | Precision: 77.87%/71.94% | Recall: 77.66%/73.17% | F1: 75.47%/69.68% | Time: fit=015s, train=003s, test=001s, total=019s
Epoch 121: Train%/Test% | Accuracy: 75.12%/70.28% | Precision: 77.92%/72.24% | Recall: 77.47%/73.55% | F1: 75.11%/70.13% | Time: fit=015s, train=003s, test=001s, total=019s
Epoch 122: Train%/Test% | Accuracy: 75.83%/69.34% | Precision: 78.38%/71.64% | Recall: 78.09%/72.80% | F1: 75.82%/69.22% | Time: fit=015s, train=003s, test=001s, total=019s
Epoch 123: Train%/Test% | Accuracy: 76.54%/70.28% | Precision: 78.93%/72.24% | Recall: 78.74%/73.55% | F1: 76.54%/70.13% | Time: fit=015s, train=003s, test=001s, total=019s
Epoch 124: Train%/Test% | Accuracy: 76.07%/70.75% | Precision: 78.53%/72.54% | Recall: 78.29%/73.92% | F1: 76.06%/70.59% | Time: fit=015s, train=003s, test=001s, total=019s
Epoch 125: Train%/Test% | Accuracy: 76.42%/71.70% | Precision: 78.76%/73.49% | Recall: 78.60%/74.93% | F1: 76.42%/71.54% | Time: fit=015s, train=003s, test=001s, total=019s
Epoch 126: Train%/Test% | Accuracy: 76.18%/69.34% | Precision: 78.70%/71.64% | Recall: 78.43%/72.80% | F1: 76.18%/69.22% | Time: fit=016s, train=003s, test=001s, total=019s
Epoch 127: Train%/Test% | Accuracy: 76.42%/69.81% | Precision: 78.67%/72.31% | Recall: 78.56%/73.44% | F1: 76.42%/69.71% | Time: fit=015s, train=003s, test=001s, total=019s
Epoch 128: Train%/Test% | Accuracy: 76.42%/70.75% | Precision: 78.85%/73.28% | Recall: 78.64%/74.45% | F1: 76.42%/70.66% | Time: fit=015s, train=003s, test=001s, total=019s
Epoch 129: Train%/Test% | Accuracy: 76.18%/70.75% | Precision: 78.79%/73.28% | Recall: 78.47%/74.45% | F1: 76.18%/70.66% | Time: fit=015s, train=003s, test=001s, total=019s
Epoch 130: Train%/Test% | Accuracy: 76.18%/70.28% | Precision: 78.79%/72.99% | Recall: 78.47%/74.08% | F1: 76.18%/70.20% | Time: fit=015s, train=003s, test=001s, total=019s
Epoch 131: Train%/Test% | Accuracy: 75.95%/69.81% | Precision: 78.36%/72.31% | Recall: 78.15%/73.44% | F1: 75.95%/69.71% | Time: fit=015s, train=003s, test=001s, total=019s
Epoch 132: Train%/Test% | Accuracy: 77.25%/71.70% | Precision: 79.31%/72.82% | Recall: 79.31%/74.40% | F1: 77.25%/71.44% | Time: fit=015s, train=003s, test=001s, total=019s
Epoch 133: Train%/Test% | Accuracy: 77.13%/70.75% | Precision: 79.06%/71.88% | Recall: 79.13%/73.38% | F1: 77.13%/70.49% | Time: fit=015s, train=003s, test=001s, total=019s
Epoch 134: Train%/Test% | Accuracy: 77.13%/71.70% | Precision: 79.32%/72.82% | Recall: 79.25%/74.40% | F1: 77.13%/71.44% | Time: fit=015s, train=003s, test=001s, total=019s
Epoch 135: Train%/Test% | Accuracy: 77.37%/71.70% | Precision: 79.39%/72.82% | Recall: 79.41%/74.40% | F1: 77.37%/71.44% | Time: fit=015s, train=003s, test=001s, total=019s
Epoch 136: Train%/Test% | Accuracy: 75.83%/69.81% | Precision: 78.38%/71.94% | Recall: 78.09%/73.17% | F1: 75.82%/69.68% | Time: fit=015s, train=003s, test=001s, total=019s
Epoch 137: Train%/Test% | Accuracy: 75.95%/70.28% | Precision: 78.36%/71.89% | Recall: 78.15%/73.28% | F1: 75.95%/70.09% | Time: fit=015s, train=003s, test=001s, total=019s
Epoch 138: Train%/Test% | Accuracy: 75.83%/69.81% | Precision: 78.11%/71.25% | Recall: 77.97%/72.64% | F1: 75.83%/69.59% | Time: fit=015s, train=003s, test=001s, total=019s
Epoch 139: Train%/Test% | Accuracy: 76.30%/68.87% | Precision: 78.68%/70.98% | Recall: 78.49%/72.16% | F1: 76.30%/68.73% | Time: fit=016s, train=003s, test=001s, total=019s
Epoch 140: Train%/Test% | Accuracy: 76.78%/68.87% | Precision: 79.00%/70.98% | Recall: 78.90%/72.16% | F1: 76.78%/68.73% | Time: fit=015s, train=003s, test=001s, total=019s
Epoch 141: Train%/Test% | Accuracy: 75.83%/69.34% | Precision: 78.38%/71.28% | Recall: 78.09%/72.53% | F1: 75.82%/69.19% | Time: fit=015s, train=003s, test=001s, total=019s
Epoch 142: Train%/Test% | Accuracy: 76.30%/68.40% | Precision: 78.87%/70.68% | Recall: 78.57%/71.79% | F1: 76.30%/68.28% | Time: fit=015s, train=003s, test=001s, total=019s
Epoch 143: Train%/Test% | Accuracy: 76.07%/68.40% | Precision: 78.72%/70.68% | Recall: 78.37%/71.79% | F1: 76.06%/68.28% | Time: fit=015s, train=003s, test=001s, total=019s
Epoch 144: Train%/Test% | Accuracy: 76.30%/68.87% | Precision: 78.78%/70.98% | Recall: 78.53%/72.16% | F1: 76.30%/68.73% | Time: fit=015s, train=003s, test=001s, total=019s
Epoch 145: Train%/Test% | Accuracy: 76.18%/68.40% | Precision: 78.70%/70.32% | Recall: 78.43%/71.52% | F1: 76.18%/68.24% | Time: fit=015s, train=003s, test=001s, total=019s
Epoch 146: Train%/Test% | Accuracy: 75.71%/68.40% | Precision: 78.30%/70.32% | Recall: 77.98%/71.52% | F1: 75.71%/68.24% | Time: fit=015s, train=003s, test=001s, total=019s
Epoch 147: Train%/Test% | Accuracy: 75.24%/68.87% | Precision: 78.00%/70.98% | Recall: 77.58%/72.16% | F1: 75.23%/68.73% | Time: fit=015s, train=003s, test=001s, total=019s
Epoch 148: Train%/Test% | Accuracy: 75.24%/69.81% | Precision: 78.00%/71.94% | Recall: 77.58%/73.17% | F1: 75.23%/69.68% | Time: fit=015s, train=003s, test=001s, total=019s
Epoch 149: Train%/Test% | Accuracy: 76.07%/69.81% | Precision: 78.53%/71.58% | Recall: 78.29%/72.90% | F1: 76.06%/69.64% | Time: fit=015s, train=003s, test=001s, total=019s
Epoch 150: Train%/Test% | Accuracy: 76.18%/68.87% | Precision: 78.61%/70.98% | Recall: 78.39%/72.16% | F1: 76.18%/68.73% | Time: fit=015s, train=003s, test=000s, total=018s
