[nltk_data] Downloading package wordnet to /home/bjorvl16/nltk_data...
[nltk_data]   Package wordnet is already up-to-date!
[nltk_data] Downloading package stopwords to
[nltk_data]     /home/bjorvl16/nltk_data...
[nltk_data]   Package stopwords is already up-to-date!
[*] Load dataset...
[*] Fix malformed data...
[*] Split...
[*] Encoding...
[*] Encoding feature: text... 6597
==============================
Using GPU for training
Dataset: FakeNewsNet-gossipcop
TMU params: num-clauses=5000, T=50, s=15.0
Epochs: 150
Feature(s): text
max-vocab=15000, max-domain=500, max-tweet=500
====================
Train size: 17712
Train classes: 2
Test size: 4428
Test classes: 2
Total features: 6597
==============================
[*] Training for 150 epochs...
Epoch   1: Train%/Test% | Accuracy: 52.65%/51.83% | Precision: 60.96%/60.51% | Recall: 63.79%/63.09% | F1: 52.00%/51.24% | Time: fit=135s, train=029s, test=007s, total=171s
Epoch   2: Train%/Test% | Accuracy: 57.98%/57.84% | Precision: 62.19%/62.21% | Recall: 66.31%/66.28% | F1: 56.51%/56.42% | Time: fit=132s, train=029s, test=007s, total=167s
Epoch   3: Train%/Test% | Accuracy: 59.25%/58.45% | Precision: 62.95%/62.30% | Recall: 67.42%/66.49% | F1: 57.68%/56.90% | Time: fit=130s, train=028s, test=007s, total=165s
Epoch   4: Train%/Test% | Accuracy: 60.02%/58.99% | Precision: 63.31%/62.85% | Recall: 67.97%/67.23% | F1: 58.35%/57.46% | Time: fit=130s, train=028s, test=007s, total=165s
Epoch   5: Train%/Test% | Accuracy: 61.13%/59.80% | Precision: 63.91%/62.96% | Recall: 68.85%/67.47% | F1: 59.36%/58.10% | Time: fit=129s, train=027s, test=007s, total=163s
Epoch   6: Train%/Test% | Accuracy: 63.96%/62.53% | Precision: 64.54%/63.78% | Recall: 69.91%/68.80% | F1: 61.58%/60.33% | Time: fit=129s, train=027s, test=007s, total=163s
Epoch   7: Train%/Test% | Accuracy: 63.92%/62.60% | Precision: 64.72%/64.03% | Recall: 70.14%/69.13% | F1: 61.63%/60.47% | Time: fit=128s, train=027s, test=007s, total=161s
Epoch   8: Train%/Test% | Accuracy: 63.15%/62.29% | Precision: 64.53%/63.94% | Recall: 69.85%/68.98% | F1: 61.02%/60.22% | Time: fit=128s, train=027s, test=007s, total=161s
Epoch   9: Train%/Test% | Accuracy: 64.40%/62.74% | Precision: 65.18%/64.27% | Recall: 70.77%/69.44% | F1: 62.13%/60.65% | Time: fit=126s, train=026s, test=007s, total=159s
Epoch  10: Train%/Test% | Accuracy: 63.82%/63.28% | Precision: 65.25%/64.74% | Recall: 70.82%/70.09% | F1: 61.74%/61.20% | Time: fit=125s, train=026s, test=006s, total=158s
Epoch  11: Train%/Test% | Accuracy: 64.25%/63.23% | Precision: 65.25%/64.72% | Recall: 70.85%/70.06% | F1: 62.05%/61.16% | Time: fit=127s, train=026s, test=006s, total=159s
Epoch  12: Train%/Test% | Accuracy: 64.98%/63.62% | Precision: 65.53%/64.57% | Recall: 71.26%/69.89% | F1: 62.66%/61.38% | Time: fit=126s, train=026s, test=006s, total=158s
Epoch  13: Train%/Test% | Accuracy: 64.80%/63.73% | Precision: 65.70%/65.14% | Recall: 71.48%/70.64% | F1: 62.60%/61.66% | Time: fit=126s, train=026s, test=006s, total=158s
Epoch  14: Train%/Test% | Accuracy: 64.83%/64.09% | Precision: 65.66%/65.40% | Recall: 71.43%/71.01% | F1: 62.60%/62.00% | Time: fit=126s, train=026s, test=006s, total=158s
Epoch  15: Train%/Test% | Accuracy: 63.87%/62.47% | Precision: 65.53%/64.71% | Recall: 71.19%/69.97% | F1: 61.87%/60.60% | Time: fit=125s, train=026s, test=006s, total=157s
Epoch  16: Train%/Test% | Accuracy: 63.83%/61.77% | Precision: 65.66%/64.22% | Recall: 71.34%/69.28% | F1: 61.89%/59.93% | Time: fit=123s, train=026s, test=006s, total=155s
Epoch  17: Train%/Test% | Accuracy: 64.13%/62.47% | Precision: 65.70%/64.58% | Recall: 71.42%/69.81% | F1: 62.12%/60.56% | Time: fit=125s, train=026s, test=006s, total=156s
Epoch  18: Train%/Test% | Accuracy: 64.93%/63.82% | Precision: 65.73%/64.94% | Recall: 71.53%/70.38% | F1: 62.70%/61.65% | Time: fit=125s, train=026s, test=006s, total=157s
Epoch  19: Train%/Test% | Accuracy: 64.70%/63.55% | Precision: 65.83%/65.14% | Recall: 71.64%/70.62% | F1: 62.57%/61.52% | Time: fit=124s, train=025s, test=006s, total=156s
Epoch  20: Train%/Test% | Accuracy: 65.39%/63.89% | Precision: 66.22%/65.36% | Recall: 72.19%/70.94% | F1: 63.20%/61.84% | Time: fit=125s, train=025s, test=006s, total=156s
Epoch  21: Train%/Test% | Accuracy: 65.46%/64.21% | Precision: 66.16%/65.71% | Recall: 72.12%/71.40% | F1: 63.23%/62.19% | Time: fit=124s, train=025s, test=006s, total=155s
Epoch  22: Train%/Test% | Accuracy: 66.50%/64.21% | Precision: 66.72%/65.56% | Recall: 72.89%/71.21% | F1: 64.16%/62.14% | Time: fit=124s, train=025s, test=006s, total=155s
Epoch  23: Train%/Test% | Accuracy: 66.84%/64.39% | Precision: 66.73%/65.49% | Recall: 72.91%/71.13% | F1: 64.40%/62.24% | Time: fit=124s, train=025s, test=006s, total=156s
Epoch  24: Train%/Test% | Accuracy: 66.61%/64.54% | Precision: 66.55%/65.46% | Recall: 72.67%/71.11% | F1: 64.17%/62.35% | Time: fit=125s, train=025s, test=006s, total=156s
Epoch  25: Train%/Test% | Accuracy: 66.90%/65.45% | Precision: 66.48%/65.74% | Recall: 72.56%/71.51% | F1: 64.34%/63.08% | Time: fit=125s, train=025s, test=006s, total=157s
Epoch  26: Train%/Test% | Accuracy: 67.11%/65.38% | Precision: 66.63%/65.78% | Recall: 72.76%/71.57% | F1: 64.54%/63.04% | Time: fit=124s, train=025s, test=006s, total=155s
Epoch  27: Train%/Test% | Accuracy: 66.54%/65.47% | Precision: 66.42%/65.82% | Recall: 72.49%/71.62% | F1: 64.07%/63.12% | Time: fit=125s, train=025s, test=006s, total=157s
Epoch  28: Train%/Test% | Accuracy: 66.31%/64.81% | Precision: 66.37%/65.61% | Recall: 72.42%/71.32% | F1: 63.89%/62.59% | Time: fit=125s, train=025s, test=006s, total=156s
Epoch  29: Train%/Test% | Accuracy: 65.84%/64.45% | Precision: 66.35%/65.64% | Recall: 72.39%/71.34% | F1: 63.57%/62.34% | Time: fit=125s, train=025s, test=006s, total=156s
Epoch  30: Train%/Test% | Accuracy: 65.46%/64.21% | Precision: 66.13%/65.58% | Recall: 72.07%/71.24% | F1: 63.22%/62.14% | Time: fit=124s, train=025s, test=006s, total=156s
Epoch  31: Train%/Test% | Accuracy: 65.46%/64.66% | Precision: 66.09%/65.81% | Recall: 72.03%/71.57% | F1: 63.20%/62.55% | Time: fit=124s, train=025s, test=006s, total=156s
Epoch  32: Train%/Test% | Accuracy: 66.00%/64.72% | Precision: 66.37%/65.82% | Recall: 72.41%/71.58% | F1: 63.68%/62.60% | Time: fit=124s, train=025s, test=006s, total=156s
Epoch  33: Train%/Test% | Accuracy: 66.34%/65.20% | Precision: 66.59%/66.16% | Recall: 72.72%/72.05% | F1: 64.00%/63.05% | Time: fit=125s, train=025s, test=006s, total=157s
Epoch  34: Train%/Test% | Accuracy: 66.49%/65.81% | Precision: 66.53%/66.39% | Recall: 72.63%/72.39% | F1: 64.08%/63.57% | Time: fit=124s, train=025s, test=006s, total=155s
Epoch  35: Train%/Test% | Accuracy: 67.45%/66.46% | Precision: 66.89%/66.35% | Recall: 73.12%/72.34% | F1: 64.87%/64.01% | Time: fit=124s, train=025s, test=006s, total=155s
Epoch  36: Train%/Test% | Accuracy: 67.36%/66.49% | Precision: 66.86%/66.15% | Recall: 73.08%/72.07% | F1: 64.80%/63.94% | Time: fit=123s, train=025s, test=006s, total=154s
Epoch  37: Train%/Test% | Accuracy: 67.21%/65.94% | Precision: 66.92%/66.29% | Recall: 73.17%/72.26% | F1: 64.72%/63.63% | Time: fit=125s, train=025s, test=006s, total=156s
Epoch  38: Train%/Test% | Accuracy: 67.72%/66.62% | Precision: 67.08%/66.56% | Recall: 73.38%/72.64% | F1: 65.14%/64.20% | Time: fit=124s, train=025s, test=006s, total=155s
Epoch  39: Train%/Test% | Accuracy: 67.73%/66.49% | Precision: 67.12%/66.47% | Recall: 73.43%/72.52% | F1: 65.16%/64.07% | Time: fit=124s, train=025s, test=006s, total=155s
Epoch  40: Train%/Test% | Accuracy: 68.38%/66.51% | Precision: 67.30%/65.98% | Recall: 73.65%/71.83% | F1: 65.67%/63.89% | Time: fit=125s, train=025s, test=006s, total=156s
Epoch  41: Train%/Test% | Accuracy: 68.29%/66.58% | Precision: 67.33%/66.36% | Recall: 73.70%/72.35% | F1: 65.62%/64.09% | Time: fit=124s, train=025s, test=006s, total=155s
Epoch  42: Train%/Test% | Accuracy: 68.71%/67.43% | Precision: 67.45%/66.64% | Recall: 73.83%/72.73% | F1: 65.95%/64.78% | Time: fit=123s, train=025s, test=006s, total=154s
Epoch  43: Train%/Test% | Accuracy: 68.95%/67.19% | Precision: 67.59%/66.41% | Recall: 74.02%/72.40% | F1: 66.16%/64.51% | Time: fit=124s, train=025s, test=006s, total=155s
Epoch  44: Train%/Test% | Accuracy: 68.84%/67.57% | Precision: 67.50%/66.49% | Recall: 73.89%/72.50% | F1: 66.05%/64.80% | Time: fit=123s, train=025s, test=006s, total=154s
Epoch  45: Train%/Test% | Accuracy: 68.58%/67.23% | Precision: 67.57%/66.56% | Recall: 74.02%/72.63% | F1: 65.91%/64.61% | Time: fit=124s, train=025s, test=006s, total=155s
Epoch  46: Train%/Test% | Accuracy: 69.48%/68.45% | Precision: 67.72%/66.92% | Recall: 74.14%/73.04% | F1: 66.57%/65.56% | Time: fit=124s, train=025s, test=006s, total=154s
Epoch  47: Train%/Test% | Accuracy: 69.50%/68.45% | Precision: 67.75%/66.86% | Recall: 74.18%/72.95% | F1: 66.59%/65.53% | Time: fit=124s, train=025s, test=006s, total=155s
Epoch  48: Train%/Test% | Accuracy: 69.22%/68.25% | Precision: 67.63%/66.95% | Recall: 74.04%/73.10% | F1: 66.35%/65.44% | Time: fit=123s, train=025s, test=006s, total=154s
Epoch  49: Train%/Test% | Accuracy: 69.60%/68.25% | Precision: 67.83%/66.99% | Recall: 74.29%/73.17% | F1: 66.69%/65.46% | Time: fit=125s, train=025s, test=006s, total=156s
Epoch  50: Train%/Test% | Accuracy: 69.09%/67.80% | Precision: 67.76%/66.92% | Recall: 74.25%/73.09% | F1: 66.33%/65.13% | Time: fit=123s, train=025s, test=006s, total=155s
Epoch  51: Train%/Test% | Accuracy: 68.54%/67.01% | Precision: 67.55%/66.52% | Recall: 74.00%/72.57% | F1: 65.88%/64.44% | Time: fit=123s, train=025s, test=006s, total=154s
Epoch  52: Train%/Test% | Accuracy: 68.70%/67.43% | Precision: 67.52%/66.73% | Recall: 73.94%/72.85% | F1: 65.97%/64.82% | Time: fit=123s, train=025s, test=006s, total=154s
Epoch  53: Train%/Test% | Accuracy: 69.03%/67.93% | Precision: 67.65%/66.96% | Recall: 74.10%/73.15% | F1: 66.25%/65.24% | Time: fit=125s, train=025s, test=006s, total=156s
Epoch  54: Train%/Test% | Accuracy: 68.86%/67.52% | Precision: 67.69%/66.85% | Recall: 74.18%/73.01% | F1: 66.15%/64.92% | Time: fit=124s, train=025s, test=006s, total=155s
Epoch  55: Train%/Test% | Accuracy: 68.70%/67.71% | Precision: 67.58%/66.89% | Recall: 74.03%/73.07% | F1: 66.00%/65.06% | Time: fit=124s, train=025s, test=006s, total=155s
Epoch  56: Train%/Test% | Accuracy: 68.64%/67.77% | Precision: 67.62%/66.99% | Recall: 74.09%/73.21% | F1: 65.98%/65.15% | Time: fit=122s, train=025s, test=006s, total=154s
Epoch  57: Train%/Test% | Accuracy: 68.79%/67.41% | Precision: 67.75%/66.88% | Recall: 74.27%/73.06% | F1: 66.13%/64.86% | Time: fit=123s, train=025s, test=006s, total=154s
Epoch  58: Train%/Test% | Accuracy: 68.83%/67.52% | Precision: 67.84%/67.05% | Recall: 74.39%/73.30% | F1: 66.19%/65.01% | Time: fit=124s, train=025s, test=006s, total=155s
Epoch  59: Train%/Test% | Accuracy: 69.11%/67.50% | Precision: 67.81%/67.06% | Recall: 74.32%/73.32% | F1: 66.37%/65.00% | Time: fit=123s, train=025s, test=006s, total=154s
Epoch  60: Train%/Test% | Accuracy: 68.99%/67.84% | Precision: 67.63%/67.23% | Recall: 74.08%/73.54% | F1: 66.21%/65.29% | Time: fit=122s, train=024s, test=006s, total=153s
Epoch  61: Train%/Test% | Accuracy: 69.26%/68.09% | Precision: 67.77%/67.15% | Recall: 74.25%/73.41% | F1: 66.44%/65.43% | Time: fit=123s, train=024s, test=006s, total=154s
Epoch  62: Train%/Test% | Accuracy: 68.93%/67.93% | Precision: 67.73%/67.16% | Recall: 74.22%/73.44% | F1: 66.21%/65.32% | Time: fit=124s, train=025s, test=006s, total=154s
Epoch  63: Train%/Test% | Accuracy: 68.93%/67.46% | Precision: 67.71%/66.74% | Recall: 74.20%/72.87% | F1: 66.20%/64.84% | Time: fit=123s, train=024s, test=006s, total=153s
Epoch  64: Train%/Test% | Accuracy: 68.72%/67.50% | Precision: 67.88%/66.84% | Recall: 74.46%/73.00% | F1: 66.13%/64.90% | Time: fit=123s, train=024s, test=006s, total=153s
Epoch  65: Train%/Test% | Accuracy: 68.57%/67.46% | Precision: 67.68%/66.79% | Recall: 74.19%/72.93% | F1: 65.95%/64.85% | Time: fit=124s, train=025s, test=006s, total=155s
Epoch  66: Train%/Test% | Accuracy: 68.83%/68.25% | Precision: 67.79%/67.15% | Recall: 74.32%/73.39% | F1: 66.17%/65.53% | Time: fit=125s, train=025s, test=006s, total=156s
Epoch  67: Train%/Test% | Accuracy: 68.08%/67.41% | Precision: 67.48%/66.90% | Recall: 73.93%/73.10% | F1: 65.54%/64.87% | Time: fit=123s, train=025s, test=006s, total=154s
Epoch  68: Train%/Test% | Accuracy: 68.20%/67.23% | Precision: 67.59%/66.65% | Recall: 74.07%/72.75% | F1: 65.66%/64.65% | Time: fit=125s, train=025s, test=006s, total=156s
Epoch  69: Train%/Test% | Accuracy: 68.04%/66.85% | Precision: 67.63%/66.58% | Recall: 74.14%/72.66% | F1: 65.57%/64.36% | Time: fit=123s, train=025s, test=006s, total=154s
Epoch  70: Train%/Test% | Accuracy: 68.09%/66.71% | Precision: 67.59%/66.61% | Recall: 74.08%/72.70% | F1: 65.59%/64.28% | Time: fit=123s, train=025s, test=006s, total=154s
Epoch  71: Train%/Test% | Accuracy: 68.98%/67.89% | Precision: 67.92%/67.10% | Recall: 74.50%/73.34% | F1: 66.32%/65.27% | Time: fit=122s, train=025s, test=006s, total=153s
Epoch  72: Train%/Test% | Accuracy: 69.30%/68.25% | Precision: 67.93%/67.17% | Recall: 74.48%/73.42% | F1: 66.54%/65.54% | Time: fit=123s, train=025s, test=006s, total=154s
Epoch  73: Train%/Test% | Accuracy: 69.24%/68.45% | Precision: 67.86%/67.18% | Recall: 74.38%/73.43% | F1: 66.47%/65.68% | Time: fit=123s, train=025s, test=006s, total=154s
Epoch  74: Train%/Test% | Accuracy: 69.45%/68.45% | Precision: 67.89%/67.12% | Recall: 74.41%/73.33% | F1: 66.62%/65.65% | Time: fit=123s, train=025s, test=006s, total=154s
Epoch  75: Train%/Test% | Accuracy: 69.17%/67.86% | Precision: 67.81%/66.84% | Recall: 74.31%/72.98% | F1: 66.41%/65.14% | Time: fit=123s, train=025s, test=006s, total=154s
Epoch  76: Train%/Test% | Accuracy: 68.82%/67.86% | Precision: 67.61%/66.77% | Recall: 74.06%/72.88% | F1: 66.09%/65.11% | Time: fit=123s, train=025s, test=006s, total=154s
Epoch  77: Train%/Test% | Accuracy: 68.67%/67.39% | Precision: 67.51%/66.76% | Recall: 73.94%/72.89% | F1: 65.95%/64.80% | Time: fit=122s, train=025s, test=006s, total=153s
Epoch  78: Train%/Test% | Accuracy: 68.70%/67.46% | Precision: 67.56%/66.79% | Recall: 74.00%/72.93% | F1: 65.99%/64.85% | Time: fit=126s, train=025s, test=006s, total=156s
Epoch  79: Train%/Test% | Accuracy: 69.13%/67.71% | Precision: 67.80%/66.82% | Recall: 74.31%/72.97% | F1: 66.37%/65.03% | Time: fit=124s, train=024s, test=006s, total=154s
Epoch  80: Train%/Test% | Accuracy: 68.82%/66.85% | Precision: 67.64%/66.19% | Recall: 74.11%/72.12% | F1: 66.10%/64.20% | Time: fit=123s, train=024s, test=006s, total=154s
Epoch  81: Train%/Test% | Accuracy: 68.75%/66.89% | Precision: 67.62%/66.12% | Recall: 74.08%/72.02% | F1: 66.05%/64.20% | Time: fit=123s, train=025s, test=006s, total=153s
Epoch  82: Train%/Test% | Accuracy: 68.64%/66.64% | Precision: 67.67%/66.07% | Recall: 74.16%/71.95% | F1: 65.99%/64.01% | Time: fit=124s, train=025s, test=006s, total=155s
Epoch  83: Train%/Test% | Accuracy: 68.93%/66.85% | Precision: 67.76%/66.10% | Recall: 74.27%/71.99% | F1: 66.23%/64.16% | Time: fit=124s, train=024s, test=006s, total=154s
Epoch  84: Train%/Test% | Accuracy: 68.57%/66.26% | Precision: 67.70%/66.02% | Recall: 74.21%/71.89% | F1: 65.96%/63.74% | Time: fit=124s, train=024s, test=006s, total=155s
Epoch  85: Train%/Test% | Accuracy: 68.81%/66.69% | Precision: 67.79%/66.09% | Recall: 74.33%/71.98% | F1: 66.16%/64.05% | Time: fit=124s, train=025s, test=006s, total=155s
Epoch  86: Train%/Test% | Accuracy: 69.11%/67.43% | Precision: 67.96%/66.53% | Recall: 74.55%/72.57% | F1: 66.43%/64.73% | Time: fit=124s, train=025s, test=006s, total=155s
Epoch  87: Train%/Test% | Accuracy: 69.03%/67.48% | Precision: 67.84%/66.62% | Recall: 74.37%/72.69% | F1: 66.33%/64.80% | Time: fit=125s, train=025s, test=006s, total=156s
Epoch  88: Train%/Test% | Accuracy: 69.65%/67.32% | Precision: 68.13%/66.27% | Recall: 74.74%/72.20% | F1: 66.86%/64.55% | Time: fit=124s, train=025s, test=006s, total=155s
Epoch  89: Train%/Test% | Accuracy: 68.75%/67.21% | Precision: 67.66%/66.24% | Recall: 74.14%/72.16% | F1: 66.06%/64.46% | Time: fit=122s, train=025s, test=006s, total=153s
Epoch  90: Train%/Test% | Accuracy: 69.00%/66.96% | Precision: 67.78%/66.38% | Recall: 74.30%/72.38% | F1: 66.28%/64.36% | Time: fit=125s, train=025s, test=006s, total=156s
Epoch  91: Train%/Test% | Accuracy: 68.68%/66.82% | Precision: 67.75%/66.41% | Recall: 74.28%/72.42% | F1: 66.06%/64.27% | Time: fit=124s, train=025s, test=006s, total=155s
Epoch  92: Train%/Test% | Accuracy: 68.54%/66.73% | Precision: 67.75%/66.39% | Recall: 74.28%/72.39% | F1: 65.96%/64.21% | Time: fit=123s, train=025s, test=006s, total=154s
Epoch  93: Train%/Test% | Accuracy: 68.57%/66.78% | Precision: 67.74%/66.13% | Recall: 74.27%/72.04% | F1: 65.98%/64.13% | Time: fit=123s, train=025s, test=006s, total=154s
Epoch  94: Train%/Test% | Accuracy: 68.37%/66.89% | Precision: 67.55%/66.49% | Recall: 74.02%/72.53% | F1: 65.76%/64.35% | Time: fit=124s, train=025s, test=006s, total=156s
Epoch  95: Train%/Test% | Accuracy: 68.64%/66.78% | Precision: 67.74%/66.43% | Recall: 74.27%/72.46% | F1: 66.03%/64.25% | Time: fit=123s, train=025s, test=006s, total=154s
Epoch  96: Train%/Test% | Accuracy: 68.43%/67.12% | Precision: 67.56%/66.58% | Recall: 74.02%/72.65% | F1: 65.81%/64.54% | Time: fit=123s, train=025s, test=006s, total=154s
Epoch  97: Train%/Test% | Accuracy: 68.54%/67.43% | Precision: 67.56%/66.69% | Recall: 74.01%/72.79% | F1: 65.88%/64.80% | Time: fit=123s, train=025s, test=006s, total=155s
Epoch  98: Train%/Test% | Accuracy: 68.94%/67.93% | Precision: 67.71%/66.92% | Recall: 74.20%/73.09% | F1: 66.21%/65.22% | Time: fit=124s, train=025s, test=006s, total=155s
Epoch  99: Train%/Test% | Accuracy: 69.04%/67.84% | Precision: 67.76%/66.72% | Recall: 74.25%/72.80% | F1: 66.30%/65.08% | Time: fit=122s, train=025s, test=006s, total=153s
Epoch 100: Train%/Test% | Accuracy: 69.26%/67.91% | Precision: 67.78%/66.71% | Recall: 74.26%/72.78% | F1: 66.45%/65.12% | Time: fit=124s, train=024s, test=006s, total=154s
Epoch 101: Train%/Test% | Accuracy: 68.94%/67.55% | Precision: 67.73%/66.79% | Recall: 74.22%/72.93% | F1: 66.22%/64.91% | Time: fit=123s, train=025s, test=006s, total=154s
Epoch 102: Train%/Test% | Accuracy: 69.18%/67.77% | Precision: 67.92%/66.75% | Recall: 74.47%/72.85% | F1: 66.46%/65.05% | Time: fit=124s, train=025s, test=006s, total=155s
Epoch 103: Train%/Test% | Accuracy: 68.84%/67.55% | Precision: 67.66%/66.68% | Recall: 74.13%/72.77% | F1: 66.12%/64.87% | Time: fit=121s, train=025s, test=006s, total=152s
Epoch 104: Train%/Test% | Accuracy: 68.60%/67.10% | Precision: 67.64%/66.36% | Recall: 74.12%/72.34% | F1: 65.95%/64.44% | Time: fit=125s, train=025s, test=006s, total=156s
Epoch 105: Train%/Test% | Accuracy: 68.16%/67.21% | Precision: 67.36%/66.76% | Recall: 73.75%/72.90% | F1: 65.55%/64.67% | Time: fit=124s, train=025s, test=006s, total=155s
Epoch 106: Train%/Test% | Accuracy: 68.16%/66.67% | Precision: 67.32%/66.26% | Recall: 73.69%/72.22% | F1: 65.53%/64.11% | Time: fit=122s, train=025s, test=006s, total=153s
Epoch 107: Train%/Test% | Accuracy: 68.33%/66.67% | Precision: 67.39%/66.33% | Recall: 73.78%/72.32% | F1: 65.67%/64.14% | Time: fit=125s, train=025s, test=006s, total=156s
Epoch 108: Train%/Test% | Accuracy: 68.23%/66.53% | Precision: 67.44%/66.38% | Recall: 73.86%/72.39% | F1: 65.63%/64.07% | Time: fit=123s, train=025s, test=006s, total=154s
Epoch 109: Train%/Test% | Accuracy: 68.61%/67.21% | Precision: 67.61%/66.55% | Recall: 74.07%/72.61% | F1: 65.95%/64.59% | Time: fit=123s, train=025s, test=006s, total=154s
Epoch 110: Train%/Test% | Accuracy: 68.68%/67.23% | Precision: 67.57%/66.52% | Recall: 74.01%/72.56% | F1: 65.98%/64.59% | Time: fit=124s, train=025s, test=006s, total=155s
Epoch 111: Train%/Test% | Accuracy: 68.86%/67.01% | Precision: 67.67%/66.29% | Recall: 74.14%/72.25% | F1: 66.14%/64.35% | Time: fit=124s, train=024s, test=006s, total=154s
Epoch 112: Train%/Test% | Accuracy: 69.39%/67.71% | Precision: 67.86%/66.60% | Recall: 74.37%/72.65% | F1: 66.57%/64.94% | Time: fit=123s, train=024s, test=006s, total=153s
Epoch 113: Train%/Test% | Accuracy: 69.35%/67.48% | Precision: 67.94%/66.69% | Recall: 74.49%/72.79% | F1: 66.58%/64.83% | Time: fit=123s, train=024s, test=006s, total=154s
Epoch 114: Train%/Test% | Accuracy: 69.02%/67.34% | Precision: 67.85%/66.69% | Recall: 74.39%/72.80% | F1: 66.32%/64.74% | Time: fit=125s, train=025s, test=006s, total=156s
Epoch 115: Train%/Test% | Accuracy: 68.87%/67.34% | Precision: 67.77%/66.64% | Recall: 74.29%/72.73% | F1: 66.19%/64.72% | Time: fit=121s, train=024s, test=006s, total=152s
Epoch 116: Train%/Test% | Accuracy: 68.53%/66.82% | Precision: 67.70%/66.50% | Recall: 74.22%/72.55% | F1: 65.94%/64.31% | Time: fit=123s, train=024s, test=006s, total=154s
Epoch 117: Train%/Test% | Accuracy: 68.93%/67.03% | Precision: 67.87%/66.35% | Recall: 74.43%/72.33% | F1: 66.27%/64.39% | Time: fit=122s, train=024s, test=006s, total=153s
Epoch 118: Train%/Test% | Accuracy: 69.06%/67.62% | Precision: 67.84%/66.60% | Recall: 74.38%/72.65% | F1: 66.35%/64.88% | Time: fit=124s, train=024s, test=006s, total=154s
Epoch 119: Train%/Test% | Accuracy: 69.25%/67.91% | Precision: 68.03%/66.84% | Recall: 74.64%/72.98% | F1: 66.56%/65.17% | Time: fit=121s, train=024s, test=006s, total=152s
Epoch 120: Train%/Test% | Accuracy: 69.56%/67.59% | Precision: 68.08%/66.77% | Recall: 74.68%/72.90% | F1: 66.78%/64.94% | Time: fit=123s, train=024s, test=006s, total=153s
Epoch 121: Train%/Test% | Accuracy: 70.17%/68.02% | Precision: 68.39%/66.88% | Recall: 75.05%/73.02% | F1: 67.31%/65.26% | Time: fit=123s, train=024s, test=006s, total=154s
Epoch 122: Train%/Test% | Accuracy: 69.98%/68.02% | Precision: 68.37%/66.83% | Recall: 75.06%/72.95% | F1: 67.18%/65.24% | Time: fit=123s, train=025s, test=006s, total=153s
Epoch 123: Train%/Test% | Accuracy: 69.98%/67.89% | Precision: 68.33%/66.70% | Recall: 74.99%/72.77% | F1: 67.16%/65.10% | Time: fit=123s, train=024s, test=006s, total=153s
Epoch 124: Train%/Test% | Accuracy: 69.29%/67.68% | Precision: 68.01%/66.72% | Recall: 74.60%/72.83% | F1: 66.57%/64.98% | Time: fit=121s, train=024s, test=006s, total=151s
Epoch 125: Train%/Test% | Accuracy: 69.52%/68.18% | Precision: 67.99%/67.00% | Recall: 74.55%/73.19% | F1: 66.71%/65.42% | Time: fit=124s, train=025s, test=006s, total=155s
Epoch 126: Train%/Test% | Accuracy: 69.70%/67.80% | Precision: 68.06%/66.58% | Recall: 74.62%/72.61% | F1: 66.86%/64.99% | Time: fit=124s, train=024s, test=006s, total=154s
Epoch 127: Train%/Test% | Accuracy: 69.62%/67.66% | Precision: 68.00%/66.54% | Recall: 74.55%/72.56% | F1: 66.78%/64.88% | Time: fit=122s, train=025s, test=006s, total=152s
Epoch 128: Train%/Test% | Accuracy: 70.01%/68.27% | Precision: 68.26%/66.79% | Recall: 74.88%/72.86% | F1: 67.15%/65.38% | Time: fit=123s, train=024s, test=006s, total=154s
Epoch 129: Train%/Test% | Accuracy: 70.01%/68.07% | Precision: 68.27%/66.77% | Recall: 74.90%/72.86% | F1: 67.16%/65.24% | Time: fit=123s, train=024s, test=006s, total=154s
Epoch 130: Train%/Test% | Accuracy: 69.81%/68.36% | Precision: 68.21%/66.94% | Recall: 74.83%/73.08% | F1: 67.00%/65.51% | Time: fit=122s, train=025s, test=006s, total=153s
Epoch 131: Train%/Test% | Accuracy: 69.47%/67.75% | Precision: 68.04%/66.58% | Recall: 74.62%/72.62% | F1: 66.70%/64.96% | Time: fit=123s, train=025s, test=006s, total=154s
Epoch 132: Train%/Test% | Accuracy: 69.68%/68.18% | Precision: 68.28%/66.93% | Recall: 74.95%/73.09% | F1: 66.94%/65.39% | Time: fit=124s, train=025s, test=006s, total=155s
Epoch 133: Train%/Test% | Accuracy: 69.38%/67.52% | Precision: 67.98%/66.40% | Recall: 74.54%/72.37% | F1: 66.61%/64.73% | Time: fit=122s, train=025s, test=006s, total=153s
Epoch 134: Train%/Test% | Accuracy: 69.29%/67.89% | Precision: 67.96%/66.65% | Recall: 74.53%/72.70% | F1: 66.55%/65.08% | Time: fit=123s, train=025s, test=006s, total=154s
Epoch 135: Train%/Test% | Accuracy: 69.86%/68.47% | Precision: 68.07%/66.81% | Recall: 74.62%/72.87% | F1: 66.96%/65.52% | Time: fit=123s, train=024s, test=006s, total=153s
Epoch 136: Train%/Test% | Accuracy: 69.01%/67.68% | Precision: 67.89%/66.52% | Recall: 74.45%/72.54% | F1: 66.33%/64.89% | Time: fit=124s, train=024s, test=006s, total=154s
Epoch 137: Train%/Test% | Accuracy: 69.05%/67.10% | Precision: 67.96%/66.36% | Recall: 74.55%/72.34% | F1: 66.39%/64.44% | Time: fit=122s, train=024s, test=006s, total=153s
Epoch 138: Train%/Test% | Accuracy: 68.89%/67.25% | Precision: 67.82%/66.44% | Recall: 74.36%/72.45% | F1: 66.22%/64.57% | Time: fit=123s, train=024s, test=006s, total=154s
Epoch 139: Train%/Test% | Accuracy: 69.16%/67.50% | Precision: 67.88%/66.45% | Recall: 74.42%/72.45% | F1: 66.43%/64.74% | Time: fit=123s, train=024s, test=006s, total=154s
Epoch 140: Train%/Test% | Accuracy: 69.02%/67.32% | Precision: 67.74%/66.47% | Recall: 74.23%/72.49% | F1: 66.27%/64.63% | Time: fit=124s, train=024s, test=006s, total=155s
Epoch 141: Train%/Test% | Accuracy: 69.03%/67.23% | Precision: 67.81%/66.34% | Recall: 74.33%/72.31% | F1: 66.31%/64.52% | Time: fit=124s, train=025s, test=006s, total=155s
Epoch 142: Train%/Test% | Accuracy: 68.39%/66.40% | Precision: 67.61%/66.08% | Recall: 74.09%/71.98% | F1: 65.80%/63.85% | Time: fit=123s, train=025s, test=006s, total=154s
Epoch 143: Train%/Test% | Accuracy: 68.59%/66.19% | Precision: 67.82%/66.05% | Recall: 74.38%/71.94% | F1: 66.02%/63.71% | Time: fit=122s, train=025s, test=006s, total=153s
Epoch 144: Train%/Test% | Accuracy: 68.50%/66.33% | Precision: 67.68%/66.05% | Recall: 74.18%/71.93% | F1: 65.90%/63.80% | Time: fit=123s, train=025s, test=006s, total=153s
Epoch 145: Train%/Test% | Accuracy: 69.00%/66.55% | Precision: 67.90%/66.09% | Recall: 74.46%/71.99% | F1: 66.33%/63.96% | Time: fit=123s, train=025s, test=006s, total=154s
Epoch 146: Train%/Test% | Accuracy: 68.51%/66.73% | Precision: 67.67%/66.27% | Recall: 74.17%/72.23% | F1: 65.91%/64.16% | Time: fit=122s, train=025s, test=006s, total=153s
Epoch 147: Train%/Test% | Accuracy: 68.99%/67.03% | Precision: 67.98%/66.33% | Recall: 74.58%/72.30% | F1: 66.36%/64.38% | Time: fit=123s, train=025s, test=006s, total=154s
Epoch 148: Train%/Test% | Accuracy: 68.73%/66.76% | Precision: 67.79%/66.17% | Recall: 74.33%/72.09% | F1: 66.11%/64.13% | Time: fit=124s, train=025s, test=006s, total=155s
Epoch 149: Train%/Test% | Accuracy: 68.75%/66.73% | Precision: 67.83%/66.34% | Recall: 74.38%/72.33% | F1: 66.13%/64.19% | Time: fit=124s, train=025s, test=006s, total=155s
Epoch 150: Train%/Test% | Accuracy: 68.87%/66.64% | Precision: 67.97%/66.27% | Recall: 74.58%/72.24% | F1: 66.28%/64.10% | Time: fit=122s, train=025s, test=006s, total=152s
