[nltk_data] Downloading package wordnet to /home/bjorvl16/nltk_data...
[nltk_data]   Package wordnet is already up-to-date!
[nltk_data] Downloading package stopwords to
[nltk_data]     /home/bjorvl16/nltk_data...
[nltk_data]   Package stopwords is already up-to-date!
[*] Load dataset...
[*] Fix malformed data...
[*] Split...
[*] Encoding...
[*] Encoding feature: text... 701
==============================
Using CPU for training
Dataset: fake-news-datasets-Election-Day
TMU params: num-clauses=5000, T=200, s=15.0
Epochs: 150
Feature(s): text
max-vocab=15000, max-domain=500, max-tweet=500
====================
Train size: 1061
Train classes: 2
Test size: 266
Test classes: 2
Total features: 701
==============================
[*] Training for 150 epochs...
Epoch   1: Train%/Test% | Accuracy: 89.73%/89.85% | Precision: 44.86%/44.92% | Recall: 50.00%/50.00% | F1: 47.29%/47.33% | Time: fit=002s, train=000s, test=000s, total=002s
Epoch   2: Train%/Test% | Accuracy: 89.73%/89.85% | Precision: 44.86%/44.92% | Recall: 50.00%/50.00% | F1: 47.29%/47.33% | Time: fit=002s, train=000s, test=000s, total=002s
Epoch   3: Train%/Test% | Accuracy: 89.73%/89.85% | Precision: 44.86%/44.92% | Recall: 50.00%/50.00% | F1: 47.29%/47.33% | Time: fit=002s, train=000s, test=000s, total=002s
Epoch   4: Train%/Test% | Accuracy: 89.73%/89.85% | Precision: 44.86%/44.92% | Recall: 50.00%/50.00% | F1: 47.29%/47.33% | Time: fit=002s, train=000s, test=000s, total=002s
Epoch   5: Train%/Test% | Accuracy: 89.73%/89.85% | Precision: 44.86%/44.92% | Recall: 50.00%/50.00% | F1: 47.29%/47.33% | Time: fit=001s, train=000s, test=000s, total=002s
Epoch   6: Train%/Test% | Accuracy: 89.73%/89.85% | Precision: 44.86%/44.92% | Recall: 50.00%/50.00% | F1: 47.29%/47.33% | Time: fit=001s, train=000s, test=000s, total=002s
Epoch   7: Train%/Test% | Accuracy: 89.73%/89.85% | Precision: 44.86%/44.92% | Recall: 50.00%/50.00% | F1: 47.29%/47.33% | Time: fit=001s, train=000s, test=000s, total=002s
Epoch   8: Train%/Test% | Accuracy: 89.73%/89.85% | Precision: 44.86%/44.92% | Recall: 50.00%/50.00% | F1: 47.29%/47.33% | Time: fit=001s, train=000s, test=000s, total=002s
Epoch   9: Train%/Test% | Accuracy: 89.73%/89.85% | Precision: 44.86%/44.92% | Recall: 50.00%/50.00% | F1: 47.29%/47.33% | Time: fit=001s, train=000s, test=000s, total=001s
Epoch  10: Train%/Test% | Accuracy: 89.82%/89.85% | Precision: 94.91%/44.92% | Recall: 50.46%/50.00% | F1: 48.23%/47.33% | Time: fit=001s, train=000s, test=000s, total=001s
Epoch  11: Train%/Test% | Accuracy: 89.82%/89.85% | Precision: 94.91%/44.92% | Recall: 50.46%/50.00% | F1: 48.23%/47.33% | Time: fit=001s, train=000s, test=000s, total=001s
Epoch  12: Train%/Test% | Accuracy: 90.01%/90.23% | Precision: 94.99%/95.09% | Recall: 51.38%/51.85% | F1: 50.04%/50.99% | Time: fit=001s, train=000s, test=000s, total=001s
Epoch  13: Train%/Test% | Accuracy: 89.82%/90.23% | Precision: 94.91%/95.09% | Recall: 50.46%/51.85% | F1: 48.23%/50.99% | Time: fit=001s, train=000s, test=000s, total=001s
Epoch  14: Train%/Test% | Accuracy: 90.48%/90.23% | Precision: 90.24%/95.09% | Recall: 54.08%/51.85% | F1: 55.04%/50.99% | Time: fit=001s, train=000s, test=000s, total=001s
Epoch  15: Train%/Test% | Accuracy: 90.86%/90.98% | Precision: 89.20%/95.44% | Recall: 56.32%/55.56% | F1: 58.77%/57.61% | Time: fit=001s, train=000s, test=000s, total=001s
Epoch  16: Train%/Test% | Accuracy: 91.14%/90.60% | Precision: 90.32%/82.92% | Recall: 57.69%/55.35% | F1: 60.92%/57.18% | Time: fit=001s, train=000s, test=000s, total=001s
Epoch  17: Train%/Test% | Accuracy: 91.05%/90.60% | Precision: 89.99%/82.92% | Recall: 57.23%/55.35% | F1: 60.22%/57.18% | Time: fit=001s, train=000s, test=000s, total=001s
Epoch  18: Train%/Test% | Accuracy: 91.14%/90.60% | Precision: 88.48%/78.91% | Recall: 58.10%/56.99% | F1: 61.49%/59.62% | Time: fit=002s, train=000s, test=000s, total=002s
Epoch  19: Train%/Test% | Accuracy: 91.33%/90.60% | Precision: 89.19%/78.91% | Recall: 59.02%/56.99% | F1: 62.84%/59.62% | Time: fit=001s, train=000s, test=000s, total=001s
Epoch  20: Train%/Test% | Accuracy: 91.14%/90.60% | Precision: 88.48%/78.91% | Recall: 58.10%/56.99% | F1: 61.49%/59.62% | Time: fit=001s, train=000s, test=000s, total=001s
Epoch  21: Train%/Test% | Accuracy: 91.14%/90.60% | Precision: 88.48%/78.91% | Recall: 58.10%/56.99% | F1: 61.49%/59.62% | Time: fit=001s, train=000s, test=000s, total=002s
Epoch  22: Train%/Test% | Accuracy: 91.71%/90.60% | Precision: 90.33%/78.91% | Recall: 60.85%/56.99% | F1: 65.43%/59.62% | Time: fit=001s, train=000s, test=000s, total=001s
Epoch  23: Train%/Test% | Accuracy: 92.18%/90.60% | Precision: 90.27%/78.91% | Recall: 63.55%/56.99% | F1: 68.88%/59.62% | Time: fit=001s, train=000s, test=000s, total=001s
Epoch  24: Train%/Test% | Accuracy: 91.89%/90.60% | Precision: 89.57%/78.91% | Recall: 62.18%/56.99% | F1: 67.12%/59.62% | Time: fit=001s, train=000s, test=000s, total=001s
Epoch  25: Train%/Test% | Accuracy: 91.99%/90.60% | Precision: 88.75%/78.91% | Recall: 63.04%/56.99% | F1: 68.13%/59.62% | Time: fit=001s, train=000s, test=000s, total=001s
Epoch  26: Train%/Test% | Accuracy: 91.89%/90.60% | Precision: 89.57%/78.91% | Recall: 62.18%/56.99% | F1: 67.12%/59.62% | Time: fit=001s, train=000s, test=000s, total=001s
Epoch  27: Train%/Test% | Accuracy: 92.18%/90.60% | Precision: 90.27%/78.91% | Recall: 63.55%/56.99% | F1: 68.88%/59.62% | Time: fit=001s, train=000s, test=000s, total=002s
Epoch  28: Train%/Test% | Accuracy: 92.65%/90.98% | Precision: 88.73%/81.47% | Recall: 67.06%/58.84% | F1: 72.69%/62.30% | Time: fit=001s, train=000s, test=000s, total=001s
Epoch  29: Train%/Test% | Accuracy: 93.31%/91.35% | Precision: 90.10%/83.43% | Recall: 70.27%/60.69% | F1: 76.14%/64.83% | Time: fit=001s, train=000s, test=000s, total=001s
Epoch  30: Train%/Test% | Accuracy: 92.93%/90.98% | Precision: 89.35%/81.47% | Recall: 68.44%/58.84% | F1: 74.21%/62.30% | Time: fit=001s, train=000s, test=000s, total=001s
Epoch  31: Train%/Test% | Accuracy: 93.87%/91.35% | Precision: 90.49%/83.43% | Recall: 73.43%/60.69% | F1: 79.11%/64.83% | Time: fit=001s, train=000s, test=000s, total=001s
Epoch  32: Train%/Test% | Accuracy: 94.06%/89.47% | Precision: 89.29%/68.93% | Recall: 75.57%/59.65% | F1: 80.58%/62.15% | Time: fit=001s, train=000s, test=000s, total=001s
Epoch  33: Train%/Test% | Accuracy: 93.69%/91.35% | Precision: 89.60%/83.43% | Recall: 72.92%/60.69% | F1: 78.46%/64.83% | Time: fit=001s, train=000s, test=000s, total=001s
Epoch  34: Train%/Test% | Accuracy: 93.59%/90.98% | Precision: 89.43%/79.25% | Recall: 72.46%/60.48% | F1: 78.02%/64.25% | Time: fit=001s, train=000s, test=000s, total=001s
Epoch  35: Train%/Test% | Accuracy: 93.59%/91.35% | Precision: 89.43%/83.43% | Recall: 72.46%/60.69% | F1: 78.02%/64.83% | Time: fit=001s, train=000s, test=000s, total=001s
Epoch  36: Train%/Test% | Accuracy: 93.31%/91.35% | Precision: 88.88%/83.43% | Recall: 71.09%/60.69% | F1: 76.67%/64.83% | Time: fit=001s, train=000s, test=000s, total=001s
Epoch  37: Train%/Test% | Accuracy: 93.03%/91.35% | Precision: 89.55%/83.43% | Recall: 68.90%/60.69% | F1: 74.70%/64.83% | Time: fit=001s, train=000s, test=000s, total=001s
Epoch  38: Train%/Test% | Accuracy: 93.50%/91.35% | Precision: 89.82%/83.43% | Recall: 71.60%/60.69% | F1: 77.33%/64.83% | Time: fit=001s, train=000s, test=000s, total=001s
Epoch  39: Train%/Test% | Accuracy: 93.69%/91.35% | Precision: 89.60%/83.43% | Recall: 72.92%/60.69% | F1: 78.46%/64.83% | Time: fit=001s, train=000s, test=000s, total=001s
Epoch  40: Train%/Test% | Accuracy: 94.06%/90.60% | Precision: 90.26%/75.90% | Recall: 74.76%/60.27% | F1: 80.18%/63.69% | Time: fit=001s, train=000s, test=000s, total=002s
Epoch  41: Train%/Test% | Accuracy: 94.06%/89.10% | Precision: 86.44%/67.88% | Recall: 78.82%/61.08% | F1: 82.05%/63.31% | Time: fit=001s, train=000s, test=000s, total=001s
Epoch  42: Train%/Test% | Accuracy: 93.21%/86.09% | Precision: 81.39%/61.43% | Recall: 82.41%/61.05% | F1: 81.89%/61.23% | Time: fit=001s, train=000s, test=000s, total=001s
Epoch  43: Train%/Test% | Accuracy: 94.25%/89.47% | Precision: 86.80%/69.35% | Recall: 79.74%/61.29% | F1: 82.78%/63.81% | Time: fit=001s, train=000s, test=000s, total=001s
Epoch  44: Train%/Test% | Accuracy: 94.06%/89.10% | Precision: 85.67%/67.88% | Recall: 80.04%/61.08% | F1: 82.53%/63.31% | Time: fit=001s, train=000s, test=000s, total=001s
Epoch  45: Train%/Test% | Accuracy: 93.78%/87.97% | Precision: 83.72%/65.17% | Recall: 81.50%/62.10% | F1: 82.56%/63.36% | Time: fit=001s, train=000s, test=000s, total=001s
Epoch  46: Train%/Test% | Accuracy: 94.16%/87.97% | Precision: 85.62%/64.37% | Recall: 80.90%/60.45% | F1: 83.04%/61.93% | Time: fit=001s, train=000s, test=000s, total=001s
Epoch  47: Train%/Test% | Accuracy: 93.97%/87.22% | Precision: 84.82%/62.59% | Recall: 80.80%/60.03% | F1: 82.65%/61.07% | Time: fit=001s, train=000s, test=000s, total=001s
Epoch  48: Train%/Test% | Accuracy: 93.97%/89.10% | Precision: 85.72%/68.39% | Recall: 79.17%/62.72% | F1: 82.01%/64.80% | Time: fit=001s, train=000s, test=000s, total=001s
Epoch  49: Train%/Test% | Accuracy: 94.44%/90.60% | Precision: 89.11%/74.52% | Recall: 78.22%/65.20% | F1: 82.53%/68.37% | Time: fit=001s, train=000s, test=000s, total=001s
Epoch  50: Train%/Test% | Accuracy: 94.34%/89.85% | Precision: 88.22%/71.37% | Recall: 78.57%/64.78% | F1: 82.49%/67.23% | Time: fit=001s, train=000s, test=000s, total=001s
Epoch  51: Train%/Test% | Accuracy: 94.53%/89.85% | Precision: 89.27%/71.37% | Recall: 78.68%/64.78% | F1: 82.91%/67.23% | Time: fit=001s, train=000s, test=000s, total=001s
Epoch  52: Train%/Test% | Accuracy: 94.34%/89.85% | Precision: 88.22%/71.20% | Recall: 78.57%/63.14% | F1: 82.49%/65.84% | Time: fit=001s, train=000s, test=000s, total=001s
Epoch  53: Train%/Test% | Accuracy: 94.34%/89.47% | Precision: 86.45%/70.34% | Recall: 81.01%/66.22% | F1: 83.44%/67.94% | Time: fit=001s, train=000s, test=000s, total=001s
Epoch  54: Train%/Test% | Accuracy: 94.34%/91.73% | Precision: 90.72%/82.64% | Recall: 76.13%/64.19% | F1: 81.41%/68.83% | Time: fit=001s, train=000s, test=000s, total=001s
Epoch  55: Train%/Test% | Accuracy: 94.53%/91.73% | Precision: 91.01%/81.06% | Recall: 77.05%/65.83% | F1: 82.22%/70.26% | Time: fit=001s, train=000s, test=000s, total=001s
Epoch  56: Train%/Test% | Accuracy: 94.82%/90.23% | Precision: 89.73%/72.86% | Recall: 80.05%/64.99% | F1: 84.03%/67.79% | Time: fit=001s, train=000s, test=000s, total=001s
Epoch  57: Train%/Test% | Accuracy: 94.91%/89.85% | Precision: 90.67%/71.37% | Recall: 79.70%/64.78% | F1: 84.09%/67.23% | Time: fit=001s, train=000s, test=000s, total=001s
Epoch  58: Train%/Test% | Accuracy: 94.44%/89.47% | Precision: 87.73%/70.04% | Recall: 79.84%/64.57% | F1: 83.19%/66.68% | Time: fit=001s, train=000s, test=000s, total=001s
Epoch  59: Train%/Test% | Accuracy: 94.63%/89.10% | Precision: 88.71%/68.84% | Recall: 79.95%/64.37% | F1: 83.60%/66.16% | Time: fit=001s, train=000s, test=000s, total=001s
Epoch  60: Train%/Test% | Accuracy: 93.97%/89.10% | Precision: 85.25%/68.84% | Recall: 79.98%/64.37% | F1: 82.34%/66.16% | Time: fit=001s, train=000s, test=000s, total=001s
Epoch  61: Train%/Test% | Accuracy: 94.06%/89.47% | Precision: 85.22%/70.04% | Recall: 80.85%/64.57% | F1: 82.84%/66.68% | Time: fit=001s, train=000s, test=000s, total=001s
Epoch  62: Train%/Test% | Accuracy: 94.16%/89.47% | Precision: 85.62%/70.04% | Recall: 80.90%/64.57% | F1: 83.04%/66.68% | Time: fit=001s, train=000s, test=000s, total=001s
Epoch  63: Train%/Test% | Accuracy: 94.06%/89.47% | Precision: 85.22%/70.04% | Recall: 80.85%/64.57% | F1: 82.84%/66.68% | Time: fit=002s, train=000s, test=000s, total=002s
Epoch  64: Train%/Test% | Accuracy: 93.03%/85.71% | Precision: 80.06%/63.23% | Recall: 87.58%/65.77% | F1: 83.22%/64.31% | Time: fit=001s, train=000s, test=000s, total=001s
Epoch  65: Train%/Test% | Accuracy: 92.18%/85.34% | Precision: 78.18%/64.04% | Recall: 87.52%/68.84% | F1: 81.87%/65.82% | Time: fit=001s, train=000s, test=000s, total=001s
Epoch  66: Train%/Test% | Accuracy: 92.84%/86.47% | Precision: 79.76%/63.65% | Recall: 85.85%/64.54% | F1: 82.40%/64.08% | Time: fit=001s, train=000s, test=000s, total=001s
Epoch  67: Train%/Test% | Accuracy: 92.74%/87.59% | Precision: 79.57%/66.28% | Recall: 85.39%/66.81% | F1: 82.11%/66.54% | Time: fit=001s, train=000s, test=000s, total=001s
Epoch  68: Train%/Test% | Accuracy: 93.69%/87.59% | Precision: 82.08%/65.69% | Recall: 85.92%/65.17% | F1: 83.85%/65.42% | Time: fit=001s, train=000s, test=000s, total=001s
Epoch  69: Train%/Test% | Accuracy: 94.06%/88.35% | Precision: 83.69%/66.77% | Recall: 84.51%/63.95% | F1: 84.09%/65.16% | Time: fit=001s, train=000s, test=000s, total=001s
Epoch  70: Train%/Test% | Accuracy: 94.16%/89.47% | Precision: 85.40%/70.04% | Recall: 81.31%/64.57% | F1: 83.19%/66.68% | Time: fit=001s, train=000s, test=000s, total=001s
Epoch  71: Train%/Test% | Accuracy: 94.16%/88.72% | Precision: 85.85%/67.21% | Recall: 80.50%/62.51% | F1: 82.89%/64.30% | Time: fit=001s, train=000s, test=000s, total=001s
Epoch  72: Train%/Test% | Accuracy: 93.97%/88.72% | Precision: 85.48%/67.21% | Recall: 79.58%/62.51% | F1: 82.18%/64.30% | Time: fit=001s, train=000s, test=000s, total=001s
Epoch  73: Train%/Test% | Accuracy: 94.06%/89.10% | Precision: 84.81%/68.84% | Recall: 81.66%/64.37% | F1: 83.14%/66.16% | Time: fit=001s, train=000s, test=000s, total=001s
Epoch  74: Train%/Test% | Accuracy: 94.16%/88.72% | Precision: 85.00%/67.76% | Recall: 82.12%/64.16% | F1: 83.48%/65.65% | Time: fit=001s, train=000s, test=000s, total=001s
Epoch  75: Train%/Test% | Accuracy: 93.59%/88.35% | Precision: 82.17%/67.32% | Recall: 84.24%/65.59% | F1: 83.16%/66.39% | Time: fit=001s, train=000s, test=000s, total=001s
Epoch  76: Train%/Test% | Accuracy: 93.50%/87.22% | Precision: 81.62%/64.96% | Recall: 85.41%/64.96% | F1: 83.37%/64.96% | Time: fit=001s, train=000s, test=000s, total=001s
Epoch  77: Train%/Test% | Accuracy: 93.40%/86.09% | Precision: 81.36%/63.06% | Recall: 85.36%/64.33% | F1: 83.19%/63.65% | Time: fit=001s, train=000s, test=000s, total=001s
Epoch  78: Train%/Test% | Accuracy: 93.59%/86.84% | Precision: 82.07%/64.29% | Recall: 84.65%/64.75% | F1: 83.29%/64.51% | Time: fit=001s, train=000s, test=000s, total=001s
Epoch  79: Train%/Test% | Accuracy: 93.50%/86.47% | Precision: 81.71%/63.65% | Recall: 85.00%/64.54% | F1: 83.24%/64.08% | Time: fit=001s, train=000s, test=000s, total=001s
Epoch  80: Train%/Test% | Accuracy: 93.50%/87.22% | Precision: 81.71%/64.96% | Recall: 85.00%/64.96% | F1: 83.24%/64.96% | Time: fit=001s, train=000s, test=000s, total=001s
Epoch  81: Train%/Test% | Accuracy: 93.69%/87.22% | Precision: 82.36%/64.96% | Recall: 84.70%/64.96% | F1: 83.47%/64.96% | Time: fit=001s, train=000s, test=000s, total=001s
Epoch  82: Train%/Test% | Accuracy: 93.59%/86.47% | Precision: 82.07%/63.65% | Recall: 84.65%/64.54% | F1: 83.29%/64.08% | Time: fit=001s, train=000s, test=000s, total=001s
Epoch  83: Train%/Test% | Accuracy: 93.40%/86.47% | Precision: 81.43%/63.65% | Recall: 84.95%/64.54% | F1: 83.06%/64.08% | Time: fit=001s, train=000s, test=000s, total=001s
Epoch  84: Train%/Test% | Accuracy: 93.87%/88.35% | Precision: 83.32%/67.32% | Recall: 83.59%/65.59% | F1: 83.45%/66.39% | Time: fit=001s, train=000s, test=000s, total=001s
Epoch  85: Train%/Test% | Accuracy: 94.16%/87.59% | Precision: 84.01%/65.69% | Recall: 84.56%/65.17% | F1: 84.28%/65.42% | Time: fit=001s, train=000s, test=000s, total=001s
Epoch  86: Train%/Test% | Accuracy: 93.21%/86.09% | Precision: 80.84%/63.06% | Recall: 85.25%/64.33% | F1: 82.84%/63.65% | Time: fit=001s, train=000s, test=000s, total=001s
Epoch  87: Train%/Test% | Accuracy: 93.69%/86.47% | Precision: 82.08%/63.65% | Recall: 85.92%/64.54% | F1: 83.85%/64.08% | Time: fit=001s, train=000s, test=000s, total=002s
Epoch  88: Train%/Test% | Accuracy: 93.03%/86.84% | Precision: 80.28%/64.94% | Recall: 85.55%/66.40% | F1: 82.62%/65.61% | Time: fit=001s, train=000s, test=000s, total=001s
Epoch  89: Train%/Test% | Accuracy: 93.21%/87.22% | Precision: 80.78%/66.16% | Recall: 85.66%/68.25% | F1: 82.96%/67.10% | Time: fit=001s, train=000s, test=000s, total=001s
Epoch  90: Train%/Test% | Accuracy: 93.03%/86.47% | Precision: 80.39%/63.65% | Recall: 84.74%/64.54% | F1: 82.36%/64.08% | Time: fit=001s, train=000s, test=000s, total=001s
Epoch  91: Train%/Test% | Accuracy: 93.69%/87.59% | Precision: 82.69%/65.69% | Recall: 83.48%/65.17% | F1: 83.08%/65.42% | Time: fit=001s, train=000s, test=000s, total=001s
Epoch  92: Train%/Test% | Accuracy: 93.78%/87.97% | Precision: 83.00%/66.47% | Recall: 83.54%/65.38% | F1: 83.26%/65.90% | Time: fit=001s, train=000s, test=000s, total=001s
Epoch  93: Train%/Test% | Accuracy: 93.21%/87.59% | Precision: 80.90%/66.82% | Recall: 84.85%/68.46% | F1: 82.71%/67.58% | Time: fit=001s, train=000s, test=000s, total=001s
Epoch  94: Train%/Test% | Accuracy: 92.65%/86.84% | Precision: 79.34%/65.54% | Recall: 85.34%/68.04% | F1: 81.94%/66.64% | Time: fit=001s, train=000s, test=000s, total=001s
Epoch  95: Train%/Test% | Accuracy: 92.84%/86.84% | Precision: 79.72%/65.54% | Recall: 86.26%/68.04% | F1: 82.53%/66.64% | Time: fit=001s, train=000s, test=000s, total=001s
Epoch  96: Train%/Test% | Accuracy: 93.21%/86.84% | Precision: 80.90%/65.54% | Recall: 84.85%/68.04% | F1: 82.71%/66.64% | Time: fit=001s, train=000s, test=000s, total=001s
Epoch  97: Train%/Test% | Accuracy: 93.78%/86.84% | Precision: 82.76%/64.94% | Recall: 84.35%/66.40% | F1: 83.53%/65.61% | Time: fit=001s, train=000s, test=000s, total=001s
Epoch  98: Train%/Test% | Accuracy: 93.97%/87.59% | Precision: 83.78%/65.69% | Recall: 83.23%/65.17% | F1: 83.51%/65.42% | Time: fit=001s, train=000s, test=000s, total=001s
Epoch  99: Train%/Test% | Accuracy: 94.06%/87.22% | Precision: 83.97%/64.96% | Recall: 83.69%/64.96% | F1: 83.83%/64.96% | Time: fit=001s, train=000s, test=000s, total=001s
Epoch 100: Train%/Test% | Accuracy: 93.97%/87.97% | Precision: 83.78%/66.47% | Recall: 83.23%/65.38% | F1: 83.51%/65.90% | Time: fit=001s, train=000s, test=000s, total=001s
Epoch 101: Train%/Test% | Accuracy: 93.78%/87.22% | Precision: 82.55%/65.59% | Recall: 85.16%/66.60% | F1: 83.78%/66.07% | Time: fit=001s, train=000s, test=000s, total=001s
Epoch 102: Train%/Test% | Accuracy: 93.78%/87.22% | Precision: 82.55%/65.59% | Recall: 85.16%/66.60% | F1: 83.78%/66.07% | Time: fit=001s, train=000s, test=000s, total=001s
Epoch 103: Train%/Test% | Accuracy: 92.84%/86.09% | Precision: 79.60%/64.41% | Recall: 87.88%/67.62% | F1: 83.01%/65.74% | Time: fit=001s, train=000s, test=000s, total=001s
Epoch 104: Train%/Test% | Accuracy: 93.12%/87.22% | Precision: 80.37%/66.16% | Recall: 86.82%/68.25% | F1: 83.16%/67.10% | Time: fit=001s, train=000s, test=000s, total=001s
Epoch 105: Train%/Test% | Accuracy: 93.40%/86.84% | Precision: 81.15%/65.54% | Recall: 86.57%/68.04% | F1: 83.56%/66.64% | Time: fit=001s, train=000s, test=000s, total=001s
Epoch 106: Train%/Test% | Accuracy: 93.21%/86.47% | Precision: 80.61%/64.96% | Recall: 86.88%/67.83% | F1: 83.33%/66.19% | Time: fit=001s, train=000s, test=000s, total=001s
Epoch 107: Train%/Test% | Accuracy: 93.87%/87.97% | Precision: 82.95%/67.53% | Recall: 84.81%/68.67% | F1: 83.84%/68.07% | Time: fit=001s, train=000s, test=000s, total=001s
Epoch 108: Train%/Test% | Accuracy: 93.97%/87.22% | Precision: 83.13%/66.16% | Recall: 85.27%/68.25% | F1: 84.15%/67.10% | Time: fit=001s, train=000s, test=000s, total=001s
Epoch 109: Train%/Test% | Accuracy: 94.06%/89.85% | Precision: 84.28%/71.90% | Recall: 82.88%/69.71% | F1: 83.56%/70.72% | Time: fit=001s, train=000s, test=000s, total=001s
Epoch 110: Train%/Test% | Accuracy: 93.97%/87.22% | Precision: 83.13%/66.16% | Recall: 85.27%/68.25% | F1: 84.15%/67.10% | Time: fit=001s, train=000s, test=000s, total=001s
Epoch 111: Train%/Test% | Accuracy: 94.34%/87.59% | Precision: 83.97%/66.82% | Recall: 86.69%/68.46% | F1: 85.26%/67.58% | Time: fit=001s, train=000s, test=000s, total=002s
Epoch 112: Train%/Test% | Accuracy: 94.06%/87.22% | Precision: 83.20%/64.96% | Recall: 86.13%/64.96% | F1: 84.58%/64.96% | Time: fit=001s, train=000s, test=000s, total=001s
Epoch 113: Train%/Test% | Accuracy: 94.06%/87.22% | Precision: 82.99%/66.16% | Recall: 86.94%/68.25% | F1: 84.81%/67.10% | Time: fit=001s, train=000s, test=000s, total=001s
Epoch 114: Train%/Test% | Accuracy: 93.87%/87.22% | Precision: 82.28%/66.16% | Recall: 87.65%/68.25% | F1: 84.68%/67.10% | Time: fit=001s, train=000s, test=000s, total=001s
Epoch 115: Train%/Test% | Accuracy: 94.16%/86.47% | Precision: 83.17%/64.96% | Recall: 87.40%/67.83% | F1: 85.11%/66.19% | Time: fit=001s, train=000s, test=000s, total=001s
Epoch 116: Train%/Test% | Accuracy: 94.16%/87.22% | Precision: 83.49%/66.16% | Recall: 86.18%/68.25% | F1: 84.77%/67.10% | Time: fit=001s, train=000s, test=000s, total=001s
Epoch 117: Train%/Test% | Accuracy: 93.87%/86.84% | Precision: 82.36%/65.54% | Recall: 87.24%/68.04% | F1: 84.56%/66.64% | Time: fit=001s, train=000s, test=000s, total=001s
Epoch 118: Train%/Test% | Accuracy: 94.16%/87.97% | Precision: 83.61%/65.86% | Recall: 85.78%/63.74% | F1: 84.65%/64.68% | Time: fit=001s, train=000s, test=000s, total=001s
Epoch 119: Train%/Test% | Accuracy: 93.31%/86.84% | Precision: 80.97%/65.54% | Recall: 86.12%/68.04% | F1: 83.26%/66.64% | Time: fit=001s, train=000s, test=000s, total=001s
Epoch 120: Train%/Test% | Accuracy: 93.40%/87.22% | Precision: 80.88%/66.69% | Recall: 88.61%/69.89% | F1: 84.13%/68.06% | Time: fit=001s, train=000s, test=000s, total=001s
Epoch 121: Train%/Test% | Accuracy: 93.69%/87.22% | Precision: 81.64%/66.69% | Recall: 88.36%/69.89% | F1: 84.54%/68.06% | Time: fit=001s, train=000s, test=000s, total=001s
Epoch 122: Train%/Test% | Accuracy: 93.40%/86.47% | Precision: 81.15%/64.34% | Recall: 86.57%/66.19% | F1: 83.56%/65.17% | Time: fit=001s, train=000s, test=000s, total=001s
Epoch 123: Train%/Test% | Accuracy: 93.59%/86.84% | Precision: 81.52%/65.54% | Recall: 87.49%/68.04% | F1: 84.14%/66.64% | Time: fit=001s, train=000s, test=000s, total=001s
Epoch 124: Train%/Test% | Accuracy: 93.69%/87.59% | Precision: 82.08%/66.28% | Recall: 85.92%/66.81% | F1: 83.85%/66.54% | Time: fit=001s, train=000s, test=000s, total=001s
Epoch 125: Train%/Test% | Accuracy: 93.78%/87.97% | Precision: 82.26%/67.99% | Recall: 86.38%/70.31% | F1: 84.15%/69.04% | Time: fit=001s, train=000s, test=000s, total=001s
Epoch 126: Train%/Test% | Accuracy: 93.78%/87.22% | Precision: 82.26%/66.16% | Recall: 86.38%/68.25% | F1: 84.15%/67.10% | Time: fit=001s, train=000s, test=000s, total=001s
Epoch 127: Train%/Test% | Accuracy: 93.87%/87.59% | Precision: 82.13%/67.32% | Recall: 88.46%/70.10% | F1: 84.90%/68.55% | Time: fit=001s, train=000s, test=000s, total=001s
Epoch 128: Train%/Test% | Accuracy: 93.97%/87.22% | Precision: 82.54%/66.16% | Recall: 87.70%/68.25% | F1: 84.86%/67.10% | Time: fit=001s, train=000s, test=000s, total=001s
Epoch 129: Train%/Test% | Accuracy: 94.06%/87.22% | Precision: 82.72%/66.16% | Recall: 88.16%/68.25% | F1: 85.15%/67.10% | Time: fit=001s, train=000s, test=000s, total=001s
Epoch 130: Train%/Test% | Accuracy: 93.69%/86.84% | Precision: 81.58%/66.10% | Recall: 88.76%/69.68% | F1: 84.65%/67.60% | Time: fit=001s, train=000s, test=000s, total=001s
Epoch 131: Train%/Test% | Accuracy: 93.50%/86.47% | Precision: 81.16%/65.54% | Recall: 88.25%/69.47% | F1: 84.19%/67.14% | Time: fit=001s, train=000s, test=000s, total=001s
Epoch 132: Train%/Test% | Accuracy: 93.31%/85.34% | Precision: 80.62%/64.04% | Recall: 88.96%/68.84% | F1: 84.07%/65.82% | Time: fit=001s, train=000s, test=000s, total=001s
Epoch 133: Train%/Test% | Accuracy: 93.21%/85.71% | Precision: 80.36%/64.51% | Recall: 89.31%/69.05% | F1: 84.01%/66.25% | Time: fit=001s, train=000s, test=000s, total=001s
Epoch 134: Train%/Test% | Accuracy: 93.21%/85.34% | Precision: 80.43%/64.04% | Recall: 88.50%/68.84% | F1: 83.79%/65.82% | Time: fit=001s, train=000s, test=000s, total=001s
Epoch 135: Train%/Test% | Accuracy: 93.59%/86.09% | Precision: 81.40%/64.41% | Recall: 88.30%/67.62% | F1: 84.37%/65.74% | Time: fit=001s, train=000s, test=000s, total=002s
Epoch 136: Train%/Test% | Accuracy: 93.40%/85.71% | Precision: 80.93%/64.51% | Recall: 88.20%/69.05% | F1: 84.02%/66.25% | Time: fit=001s, train=000s, test=000s, total=001s
Epoch 137: Train%/Test% | Accuracy: 92.93%/85.34% | Precision: 79.81%/63.41% | Recall: 87.94%/67.20% | F1: 83.17%/64.89% | Time: fit=001s, train=000s, test=000s, total=001s
Epoch 138: Train%/Test% | Accuracy: 92.74%/84.96% | Precision: 79.35%/63.58% | Recall: 88.64%/68.63% | F1: 83.07%/65.41% | Time: fit=001s, train=000s, test=000s, total=001s
Epoch 139: Train%/Test% | Accuracy: 93.50%/86.84% | Precision: 81.11%/65.54% | Recall: 88.66%/68.04% | F1: 84.30%/66.64% | Time: fit=001s, train=000s, test=000s, total=001s
Epoch 140: Train%/Test% | Accuracy: 93.78%/87.22% | Precision: 81.95%/66.69% | Recall: 88.00%/69.89% | F1: 84.61%/68.06% | Time: fit=001s, train=000s, test=000s, total=001s
Epoch 141: Train%/Test% | Accuracy: 92.74%/84.96% | Precision: 79.30%/63.58% | Recall: 89.86%/68.63% | F1: 83.40%/65.41% | Time: fit=001s, train=000s, test=000s, total=001s
Epoch 142: Train%/Test% | Accuracy: 93.59%/86.84% | Precision: 81.46%/65.54% | Recall: 87.90%/68.04% | F1: 84.26%/66.64% | Time: fit=001s, train=000s, test=000s, total=001s
Epoch 143: Train%/Test% | Accuracy: 93.59%/86.84% | Precision: 81.46%/65.54% | Recall: 87.90%/68.04% | F1: 84.26%/66.64% | Time: fit=001s, train=000s, test=000s, total=001s
Epoch 144: Train%/Test% | Accuracy: 93.12%/86.09% | Precision: 80.21%/65.01% | Recall: 88.45%/69.26% | F1: 83.62%/66.69% | Time: fit=001s, train=000s, test=000s, total=001s
Epoch 145: Train%/Test% | Accuracy: 93.03%/86.84% | Precision: 80.03%/66.10% | Recall: 87.99%/69.68% | F1: 83.34%/67.60% | Time: fit=001s, train=000s, test=000s, total=001s
Epoch 146: Train%/Test% | Accuracy: 93.40%/87.22% | Precision: 80.98%/66.16% | Recall: 87.79%/68.25% | F1: 83.91%/67.10% | Time: fit=001s, train=000s, test=000s, total=001s
Epoch 147: Train%/Test% | Accuracy: 93.69%/86.84% | Precision: 81.84%/65.54% | Recall: 87.14%/68.04% | F1: 84.20%/66.64% | Time: fit=001s, train=000s, test=000s, total=001s
Epoch 148: Train%/Test% | Accuracy: 93.69%/86.84% | Precision: 81.84%/65.54% | Recall: 87.14%/68.04% | F1: 84.20%/66.64% | Time: fit=001s, train=000s, test=000s, total=001s
Epoch 149: Train%/Test% | Accuracy: 93.40%/85.34% | Precision: 80.80%/63.41% | Recall: 89.42%/67.20% | F1: 84.35%/64.89% | Time: fit=001s, train=000s, test=000s, total=001s
Epoch 150: Train%/Test% | Accuracy: 93.12%/84.96% | Precision: 80.12%/62.94% | Recall: 89.67%/66.99% | F1: 83.95%/64.48% | Time: fit=001s, train=000s, test=000s, total=001s
