[nltk_data] Downloading package wordnet to /home/bjorvl16/nltk_data...
[nltk_data]   Package wordnet is already up-to-date!
[nltk_data] Downloading package stopwords to
[nltk_data]     /home/bjorvl16/nltk_data...
[nltk_data]   Package stopwords is already up-to-date!
[*] Load dataset...
[*] Fix malformed data...
[*] Split...
[*] Encoding...
[*] Encoding feature: text... 701
==============================
Using GPU for training
Dataset: fake-news-datasets-deception-Election-Day
TMU params: num-clauses=5000, T=200, s=15.0
Epochs: 150
Feature(s): text
max-vocab=15000, max-domain=500, max-tweet=500
====================
Train size: 1061
Train classes: 2
Test size: 266
Test classes: 2
Total features: 701
==============================
[*] Training for 150 epochs...
Epoch   1: Train%/Test% | Accuracy: 89.73%/89.85% | Precision: 44.86%/44.92% | Recall: 50.00%/50.00% | F1: 47.29%/47.33% | Time: fit=003s, train=000s, test=000s, total=003s
Epoch   2: Train%/Test% | Accuracy: 90.86%/90.23% | Precision: 95.38%/78.58% | Recall: 55.50%/53.49% | F1: 57.49%/54.08% | Time: fit=001s, train=000s, test=000s, total=001s
Epoch   3: Train%/Test% | Accuracy: 91.99%/90.60% | Precision: 89.81%/78.91% | Recall: 62.63%/56.99% | F1: 67.71%/59.62% | Time: fit=001s, train=000s, test=000s, total=001s
Epoch   4: Train%/Test% | Accuracy: 93.21%/90.60% | Precision: 91.38%/76.99% | Recall: 69.00%/58.63% | F1: 75.09%/61.77% | Time: fit=001s, train=000s, test=000s, total=001s
Epoch   5: Train%/Test% | Accuracy: 93.21%/90.98% | Precision: 89.28%/79.25% | Recall: 70.22%/60.48% | F1: 75.94%/64.25% | Time: fit=001s, train=000s, test=000s, total=001s
Epoch   6: Train%/Test% | Accuracy: 93.59%/87.97% | Precision: 83.17%/64.37% | Recall: 80.99%/60.45% | F1: 82.03%/61.93% | Time: fit=001s, train=000s, test=000s, total=001s
Epoch   7: Train%/Test% | Accuracy: 93.40%/85.71% | Precision: 81.43%/62.51% | Recall: 84.95%/64.13% | F1: 83.06%/63.23% | Time: fit=001s, train=000s, test=000s, total=001s
Epoch   8: Train%/Test% | Accuracy: 93.03%/87.97% | Precision: 80.90%/65.17% | Recall: 81.90%/62.10% | F1: 81.39%/63.36% | Time: fit=001s, train=000s, test=000s, total=001s
Epoch   9: Train%/Test% | Accuracy: 91.99%/84.96% | Precision: 77.79%/62.94% | Recall: 87.01%/66.99% | F1: 81.43%/64.48% | Time: fit=001s, train=000s, test=000s, total=001s
Epoch  10: Train%/Test% | Accuracy: 90.86%/83.08% | Precision: 75.75%/60.21% | Recall: 87.59%/64.30% | F1: 79.98%/61.58% | Time: fit=001s, train=000s, test=000s, total=001s
Epoch  11: Train%/Test% | Accuracy: 90.86%/84.96% | Precision: 75.75%/62.25% | Recall: 87.59%/65.35% | F1: 79.98%/63.49% | Time: fit=001s, train=000s, test=000s, total=001s
Epoch  12: Train%/Test% | Accuracy: 90.01%/81.58% | Precision: 74.70%/60.33% | Recall: 89.56%/66.75% | F1: 79.42%/61.97% | Time: fit=001s, train=000s, test=000s, total=001s
Epoch  13: Train%/Test% | Accuracy: 80.30%/71.43% | Precision: 66.08%/56.90% | Recall: 85.37%/66.03% | F1: 68.35%/55.85% | Time: fit=001s, train=000s, test=000s, total=001s
Epoch  14: Train%/Test% | Accuracy: 91.52%/84.96% | Precision: 76.93%/63.58% | Recall: 88.37%/68.63% | F1: 81.14%/65.41% | Time: fit=001s, train=000s, test=000s, total=001s
Epoch  15: Train%/Test% | Accuracy: 93.31%/86.09% | Precision: 80.75%/63.06% | Recall: 87.74%/64.33% | F1: 83.73%/63.65% | Time: fit=001s, train=000s, test=000s, total=001s
Epoch  16: Train%/Test% | Accuracy: 91.80%/84.21% | Precision: 77.49%/62.74% | Recall: 89.74%/68.22% | F1: 81.94%/64.59% | Time: fit=001s, train=000s, test=000s, total=001s
Epoch  17: Train%/Test% | Accuracy: 92.18%/84.96% | Precision: 78.17%/61.50% | Recall: 87.92%/63.71% | F1: 81.99%/62.43% | Time: fit=001s, train=000s, test=000s, total=001s
Epoch  18: Train%/Test% | Accuracy: 91.33%/82.33% | Precision: 76.81%/60.95% | Recall: 91.51%/67.17% | F1: 81.73%/62.69% | Time: fit=001s, train=000s, test=000s, total=001s
Epoch  19: Train%/Test% | Accuracy: 88.41%/78.57% | Precision: 72.98%/58.94% | Recall: 90.70%/66.72% | F1: 77.77%/60.09% | Time: fit=001s, train=000s, test=000s, total=001s
Epoch  20: Train%/Test% | Accuracy: 82.28%/71.80% | Precision: 67.57%/56.42% | Recall: 87.28%/64.60% | F1: 70.59%/55.50% | Time: fit=001s, train=000s, test=000s, total=001s
Epoch  21: Train%/Test% | Accuracy: 88.97%/79.70% | Precision: 73.64%/60.29% | Recall: 91.01%/68.99% | F1: 78.53%/61.83% | Time: fit=001s, train=000s, test=000s, total=001s
Epoch  22: Train%/Test% | Accuracy: 87.09%/76.69% | Precision: 71.65%/58.55% | Recall: 90.37%/67.32% | F1: 76.18%/59.26% | Time: fit=001s, train=000s, test=000s, total=001s
Epoch  23: Train%/Test% | Accuracy: 88.31%/77.07% | Precision: 72.72%/58.75% | Recall: 89.83%/67.53% | F1: 77.42%/59.57% | Time: fit=001s, train=000s, test=000s, total=001s
Epoch  24: Train%/Test% | Accuracy: 86.99%/75.94% | Precision: 71.38%/58.18% | Recall: 89.50%/66.90% | F1: 75.83%/58.65% | Time: fit=001s, train=000s, test=000s, total=001s
Epoch  25: Train%/Test% | Accuracy: 86.24%/77.44% | Precision: 70.73%/59.57% | Recall: 89.49%/69.38% | F1: 75.02%/60.57% | Time: fit=001s, train=000s, test=000s, total=001s
Epoch  26: Train%/Test% | Accuracy: 86.62%/75.56% | Precision: 71.01%/58.00% | Recall: 89.29%/66.69% | F1: 75.37%/58.35% | Time: fit=001s, train=000s, test=000s, total=001s
Epoch  27: Train%/Test% | Accuracy: 87.75%/78.57% | Precision: 72.09%/59.59% | Recall: 89.52%/68.36% | F1: 76.68%/60.84% | Time: fit=001s, train=000s, test=000s, total=001s
Epoch  28: Train%/Test% | Accuracy: 79.08%/70.30% | Precision: 65.86%/57.11% | Recall: 86.31%/67.05% | F1: 67.63%/55.62% | Time: fit=001s, train=000s, test=000s, total=001s
Epoch  29: Train%/Test% | Accuracy: 89.44%/79.32% | Precision: 74.23%/60.66% | Recall: 91.27%/70.42% | F1: 79.18%/62.21% | Time: fit=001s, train=000s, test=000s, total=001s
Epoch  30: Train%/Test% | Accuracy: 88.22%/76.69% | Precision: 72.77%/59.18% | Recall: 90.59%/68.96% | F1: 77.52%/59.94% | Time: fit=001s, train=000s, test=000s, total=001s
Epoch  31: Train%/Test% | Accuracy: 88.97%/79.32% | Precision: 73.51%/60.05% | Recall: 90.20%/68.78% | F1: 78.30%/61.49% | Time: fit=001s, train=000s, test=000s, total=001s
Epoch  32: Train%/Test% | Accuracy: 86.33%/75.94% | Precision: 70.91%/58.80% | Recall: 89.95%/68.54% | F1: 75.25%/59.33% | Time: fit=001s, train=000s, test=000s, total=001s
Epoch  33: Train%/Test% | Accuracy: 87.18%/77.07% | Precision: 71.82%/59.37% | Recall: 90.83%/69.17% | F1: 76.41%/60.26% | Time: fit=001s, train=000s, test=000s, total=001s
Epoch  34: Train%/Test% | Accuracy: 85.01%/74.44% | Precision: 69.74%/58.11% | Recall: 89.21%/67.70% | F1: 73.69%/58.13% | Time: fit=001s, train=000s, test=000s, total=001s
Epoch  35: Train%/Test% | Accuracy: 88.78%/77.44% | Precision: 73.49%/58.95% | Recall: 91.31%/67.74% | F1: 78.38%/59.88% | Time: fit=001s, train=000s, test=000s, total=001s
Epoch  36: Train%/Test% | Accuracy: 86.52%/75.94% | Precision: 71.09%/58.18% | Recall: 90.05%/66.90% | F1: 75.48%/58.65% | Time: fit=001s, train=000s, test=000s, total=001s
Epoch  37: Train%/Test% | Accuracy: 85.96%/75.94% | Precision: 70.47%/58.18% | Recall: 89.33%/66.90% | F1: 74.68%/58.65% | Time: fit=001s, train=000s, test=000s, total=001s
Epoch  38: Train%/Test% | Accuracy: 88.69%/77.82% | Precision: 73.38%/59.16% | Recall: 91.26%/67.95% | F1: 78.25%/60.19% | Time: fit=001s, train=000s, test=000s, total=001s
Epoch  39: Train%/Test% | Accuracy: 87.18%/75.56% | Precision: 71.74%/58.00% | Recall: 90.42%/66.69% | F1: 76.30%/58.35% | Time: fit=001s, train=000s, test=000s, total=001s
Epoch  40: Train%/Test% | Accuracy: 87.18%/76.32% | Precision: 71.74%/58.36% | Recall: 90.42%/67.11% | F1: 76.30%/58.95% | Time: fit=001s, train=000s, test=000s, total=001s
Epoch  41: Train%/Test% | Accuracy: 87.46%/75.94% | Precision: 72.11%/58.18% | Recall: 90.98%/66.90% | F1: 76.76%/58.65% | Time: fit=001s, train=000s, test=000s, total=001s
Epoch  42: Train%/Test% | Accuracy: 89.73%/79.32% | Precision: 74.59%/60.05% | Recall: 91.43%/68.78% | F1: 79.58%/61.49% | Time: fit=001s, train=000s, test=000s, total=001s
Epoch  43: Train%/Test% | Accuracy: 89.35%/78.95% | Precision: 74.17%/59.81% | Recall: 91.63%/68.57% | F1: 79.15%/61.16% | Time: fit=001s, train=000s, test=000s, total=001s
Epoch  44: Train%/Test% | Accuracy: 89.63%/80.45% | Precision: 74.35%/60.16% | Recall: 90.57%/67.77% | F1: 79.22%/61.75% | Time: fit=001s, train=000s, test=000s, total=001s
Epoch  45: Train%/Test% | Accuracy: 86.71%/75.19% | Precision: 71.27%/57.82% | Recall: 90.16%/66.48% | F1: 75.71%/58.06% | Time: fit=001s, train=000s, test=000s, total=001s
Epoch  46: Train%/Test% | Accuracy: 88.31%/78.57% | Precision: 72.87%/59.59% | Recall: 90.64%/68.36% | F1: 77.64%/60.84% | Time: fit=001s, train=000s, test=000s, total=001s
Epoch  47: Train%/Test% | Accuracy: 89.35%/77.82% | Precision: 74.17%/59.16% | Recall: 91.63%/67.95% | F1: 79.15%/60.19% | Time: fit=001s, train=000s, test=000s, total=001s
Epoch  48: Train%/Test% | Accuracy: 86.71%/75.56% | Precision: 71.36%/58.00% | Recall: 90.56%/66.69% | F1: 75.82%/58.35% | Time: fit=001s, train=000s, test=000s, total=001s
Epoch  49: Train%/Test% | Accuracy: 87.18%/75.56% | Precision: 71.91%/58.00% | Recall: 91.23%/66.69% | F1: 76.52%/58.35% | Time: fit=001s, train=000s, test=000s, total=001s
Epoch  50: Train%/Test% | Accuracy: 88.03%/75.94% | Precision: 72.56%/57.54% | Recall: 90.49%/65.26% | F1: 77.27%/57.94% | Time: fit=001s, train=000s, test=000s, total=001s
Epoch  51: Train%/Test% | Accuracy: 93.21%/85.34% | Precision: 80.25%/64.04% | Recall: 90.94%/68.84% | F1: 84.43%/65.82% | Time: fit=001s, train=000s, test=000s, total=001s
Epoch  52: Train%/Test% | Accuracy: 92.55%/84.21% | Precision: 78.91%/62.74% | Recall: 90.57%/68.22% | F1: 83.29%/64.59% | Time: fit=001s, train=000s, test=000s, total=001s
Epoch  53: Train%/Test% | Accuracy: 89.73%/77.07% | Precision: 74.59%/58.10% | Recall: 91.43%/65.88% | F1: 79.58%/58.85% | Time: fit=001s, train=000s, test=000s, total=001s
Epoch  54: Train%/Test% | Accuracy: 88.97%/79.32% | Precision: 73.64%/60.05% | Recall: 91.01%/68.78% | F1: 78.53%/61.49% | Time: fit=001s, train=000s, test=000s, total=001s
Epoch  55: Train%/Test% | Accuracy: 84.83%/75.19% | Precision: 69.89%/59.05% | Recall: 90.33%/69.77% | F1: 73.82%/59.36% | Time: fit=001s, train=000s, test=000s, total=001s
Epoch  56: Train%/Test% | Accuracy: 88.22%/77.44% | Precision: 72.92%/60.17% | Recall: 91.40%/71.02% | F1: 77.74%/61.24% | Time: fit=001s, train=000s, test=000s, total=001s
Epoch  57: Train%/Test% | Accuracy: 85.49%/76.69% | Precision: 70.44%/59.78% | Recall: 90.69%/70.60% | F1: 74.58%/60.60% | Time: fit=001s, train=000s, test=000s, total=001s
Epoch  58: Train%/Test% | Accuracy: 90.39%/81.20% | Precision: 75.39%/61.33% | Recall: 90.99%/69.83% | F1: 80.31%/63.22% | Time: fit=001s, train=000s, test=000s, total=001s
Epoch  59: Train%/Test% | Accuracy: 89.16%/78.57% | Precision: 73.87%/59.59% | Recall: 91.12%/68.36% | F1: 78.79%/60.84% | Time: fit=001s, train=000s, test=000s, total=001s
Epoch  60: Train%/Test% | Accuracy: 88.60%/77.82% | Precision: 73.27%/59.16% | Recall: 91.21%/67.95% | F1: 78.13%/60.19% | Time: fit=001s, train=000s, test=000s, total=001s
Epoch  61: Train%/Test% | Accuracy: 88.12%/78.20% | Precision: 72.81%/59.37% | Recall: 91.35%/68.15% | F1: 77.61%/60.51% | Time: fit=001s, train=000s, test=000s, total=001s
Epoch  62: Train%/Test% | Accuracy: 88.88%/78.95% | Precision: 73.67%/59.81% | Recall: 91.77%/68.57% | F1: 78.62%/61.16% | Time: fit=001s, train=000s, test=000s, total=001s
Epoch  63: Train%/Test% | Accuracy: 90.48%/81.58% | Precision: 75.62%/61.62% | Recall: 91.85%/70.04% | F1: 80.66%/63.58% | Time: fit=001s, train=000s, test=000s, total=001s
Epoch  64: Train%/Test% | Accuracy: 91.42%/81.95% | Precision: 77.02%/61.29% | Recall: 92.38%/68.60% | F1: 82.09%/63.16% | Time: fit=001s, train=000s, test=000s, total=001s
Epoch  65: Train%/Test% | Accuracy: 86.52%/75.94% | Precision: 71.18%/60.00% | Recall: 90.46%/71.83% | F1: 75.59%/60.59% | Time: fit=001s, train=000s, test=000s, total=001s
Epoch  66: Train%/Test% | Accuracy: 86.90%/76.32% | Precision: 71.54%/59.59% | Recall: 90.67%/70.39% | F1: 76.06%/60.28% | Time: fit=001s, train=000s, test=000s, total=001s
Epoch  67: Train%/Test% | Accuracy: 87.28%/77.44% | Precision: 71.84%/60.76% | Recall: 90.47%/72.66% | F1: 76.42%/61.87% | Time: fit=001s, train=000s, test=000s, total=001s
Epoch  68: Train%/Test% | Accuracy: 86.62%/76.69% | Precision: 71.27%/59.78% | Recall: 90.51%/70.60% | F1: 75.71%/60.60% | Time: fit=001s, train=000s, test=000s, total=001s
Epoch  69: Train%/Test% | Accuracy: 87.28%/78.57% | Precision: 72.00%/60.81% | Recall: 91.28%/71.65% | F1: 76.64%/62.22% | Time: fit=001s, train=000s, test=000s, total=001s
Epoch  70: Train%/Test% | Accuracy: 81.72%/70.68% | Precision: 67.65%/57.83% | Recall: 88.59%/68.90% | F1: 70.46%/56.46% | Time: fit=001s, train=000s, test=000s, total=001s
Epoch  71: Train%/Test% | Accuracy: 83.51%/70.68% | Precision: 68.66%/56.63% | Recall: 88.78%/65.61% | F1: 72.12%/55.30% | Time: fit=001s, train=000s, test=000s, total=001s
Epoch  72: Train%/Test% | Accuracy: 86.90%/77.07% | Precision: 71.46%/59.97% | Recall: 90.26%/70.81% | F1: 75.94%/60.92% | Time: fit=001s, train=000s, test=000s, total=001s
Epoch  73: Train%/Test% | Accuracy: 88.22%/75.94% | Precision: 72.99%/58.80% | Recall: 91.81%/68.54% | F1: 77.85%/59.33% | Time: fit=001s, train=000s, test=000s, total=001s
Epoch  74: Train%/Test% | Accuracy: 88.97%/78.57% | Precision: 73.71%/60.81% | Recall: 91.42%/71.65% | F1: 78.64%/62.22% | Time: fit=001s, train=000s, test=000s, total=001s
Epoch  75: Train%/Test% | Accuracy: 87.94%/77.07% | Precision: 72.61%/59.97% | Recall: 91.25%/70.81% | F1: 77.37%/60.92% | Time: fit=001s, train=000s, test=000s, total=001s
Epoch  76: Train%/Test% | Accuracy: 89.92%/79.32% | Precision: 74.90%/60.66% | Recall: 91.94%/70.42% | F1: 79.95%/62.21% | Time: fit=001s, train=000s, test=000s, total=001s
Epoch  77: Train%/Test% | Accuracy: 89.16%/80.08% | Precision: 74.00%/62.31% | Recall: 91.93%/74.13% | F1: 79.00%/64.24% | Time: fit=001s, train=000s, test=000s, total=001s
Epoch  78: Train%/Test% | Accuracy: 86.71%/76.69% | Precision: 71.27%/59.78% | Recall: 90.16%/70.60% | F1: 75.71%/60.60% | Time: fit=001s, train=000s, test=000s, total=001s
Epoch  79: Train%/Test% | Accuracy: 88.60%/77.07% | Precision: 73.34%/59.37% | Recall: 91.61%/69.17% | F1: 78.24%/60.26% | Time: fit=001s, train=000s, test=000s, total=001s
Epoch  80: Train%/Test% | Accuracy: 91.71%/82.71% | Precision: 77.55%/61.93% | Recall: 93.75%/69.02% | F1: 82.82%/63.90% | Time: fit=001s, train=000s, test=000s, total=001s
Epoch  81: Train%/Test% | Accuracy: 91.71%/82.71% | Precision: 77.52%/61.93% | Recall: 93.35%/69.02% | F1: 82.73%/63.90% | Time: fit=001s, train=000s, test=000s, total=001s
Epoch  82: Train%/Test% | Accuracy: 86.80%/77.44% | Precision: 71.63%/60.17% | Recall: 91.43%/71.02% | F1: 76.16%/61.24% | Time: fit=001s, train=000s, test=000s, total=001s
Epoch  83: Train%/Test% | Accuracy: 88.97%/78.95% | Precision: 73.91%/61.03% | Recall: 92.64%/71.86% | F1: 78.96%/62.55% | Time: fit=001s, train=000s, test=000s, total=001s
Epoch  84: Train%/Test% | Accuracy: 87.37%/75.56% | Precision: 72.18%/58.00% | Recall: 91.74%/66.69% | F1: 76.86%/58.35% | Time: fit=001s, train=000s, test=000s, total=001s
Epoch  85: Train%/Test% | Accuracy: 87.75%/75.19% | Precision: 72.57%/57.82% | Recall: 91.95%/66.48% | F1: 77.34%/58.06% | Time: fit=001s, train=000s, test=000s, total=001s
Epoch  86: Train%/Test% | Accuracy: 87.46%/75.94% | Precision: 72.28%/59.41% | Recall: 91.80%/70.18% | F1: 76.98%/59.97% | Time: fit=001s, train=000s, test=000s, total=001s
Epoch  87: Train%/Test% | Accuracy: 88.88%/80.08% | Precision: 73.80%/61.74% | Recall: 92.58%/72.49% | F1: 78.83%/63.59% | Time: fit=001s, train=000s, test=000s, total=001s
Epoch  88: Train%/Test% | Accuracy: 88.78%/77.44% | Precision: 73.56%/59.57% | Recall: 91.72%/69.38% | F1: 78.49%/60.57% | Time: fit=001s, train=000s, test=000s, total=001s
Epoch  89: Train%/Test% | Accuracy: 88.31%/77.82% | Precision: 73.02%/60.38% | Recall: 91.46%/71.23% | F1: 77.86%/61.56% | Time: fit=001s, train=000s, test=000s, total=001s
Epoch  90: Train%/Test% | Accuracy: 86.33%/77.07% | Precision: 71.10%/60.56% | Recall: 90.76%/72.45% | F1: 75.47%/61.55% | Time: fit=001s, train=000s, test=000s, total=001s
Epoch  91: Train%/Test% | Accuracy: 87.65%/77.44% | Precision: 72.47%/60.17% | Recall: 91.90%/71.02% | F1: 77.22%/61.24% | Time: fit=001s, train=000s, test=000s, total=001s
Epoch  92: Train%/Test% | Accuracy: 91.33%/83.08% | Precision: 76.90%/62.26% | Recall: 92.73%/69.23% | F1: 82.04%/64.28% | Time: fit=001s, train=000s, test=000s, total=001s
Epoch  93: Train%/Test% | Accuracy: 87.94%/77.82% | Precision: 72.76%/60.96% | Recall: 92.06%/72.87% | F1: 77.59%/62.20% | Time: fit=001s, train=000s, test=000s, total=001s
Epoch  94: Train%/Test% | Accuracy: 86.99%/77.82% | Precision: 71.64%/60.38% | Recall: 90.72%/71.23% | F1: 76.17%/61.56% | Time: fit=001s, train=000s, test=000s, total=001s
Epoch  95: Train%/Test% | Accuracy: 85.39%/76.69% | Precision: 70.26%/60.37% | Recall: 90.23%/72.25% | F1: 74.36%/61.22% | Time: fit=001s, train=000s, test=000s, total=001s
Epoch  96: Train%/Test% | Accuracy: 87.28%/78.95% | Precision: 71.84%/61.03% | Recall: 90.47%/71.86% | F1: 76.42%/62.55% | Time: fit=001s, train=000s, test=000s, total=001s
Epoch  97: Train%/Test% | Accuracy: 90.01%/79.70% | Precision: 75.02%/60.29% | Recall: 92.00%/68.99% | F1: 80.08%/61.83% | Time: fit=001s, train=000s, test=000s, total=001s
Epoch  98: Train%/Test% | Accuracy: 88.22%/80.08% | Precision: 72.84%/62.31% | Recall: 91.00%/74.13% | F1: 77.63%/64.24% | Time: fit=001s, train=000s, test=000s, total=001s
Epoch  99: Train%/Test% | Accuracy: 87.28%/78.20% | Precision: 72.00%/60.59% | Recall: 91.28%/71.44% | F1: 76.64%/61.89% | Time: fit=001s, train=000s, test=000s, total=001s
Epoch 100: Train%/Test% | Accuracy: 87.75%/77.07% | Precision: 72.49%/59.97% | Recall: 91.55%/70.81% | F1: 77.23%/60.92% | Time: fit=001s, train=000s, test=000s, total=001s
Epoch 101: Train%/Test% | Accuracy: 92.74%/82.71% | Precision: 79.27%/62.54% | Recall: 91.08%/70.66% | F1: 83.71%/64.69% | Time: fit=001s, train=000s, test=000s, total=001s
Epoch 102: Train%/Test% | Accuracy: 85.86%/76.32% | Precision: 70.58%/59.59% | Recall: 90.09%/70.39% | F1: 74.80%/60.28% | Time: fit=001s, train=000s, test=000s, total=001s
Epoch 103: Train%/Test% | Accuracy: 86.99%/76.69% | Precision: 71.64%/59.78% | Recall: 90.72%/70.60% | F1: 76.17%/60.60% | Time: fit=001s, train=000s, test=000s, total=001s
Epoch 104: Train%/Test% | Accuracy: 94.44%/85.71% | Precision: 82.90%/63.90% | Recall: 92.84%/67.41% | F1: 86.94%/65.31% | Time: fit=001s, train=000s, test=000s, total=001s
Epoch 105: Train%/Test% | Accuracy: 86.71%/76.32% | Precision: 71.27%/58.99% | Recall: 90.16%/68.75% | F1: 75.71%/59.63% | Time: fit=001s, train=000s, test=000s, total=001s
Epoch 106: Train%/Test% | Accuracy: 87.46%/77.07% | Precision: 72.11%/59.37% | Recall: 90.98%/69.17% | F1: 76.76%/60.26% | Time: fit=001s, train=000s, test=000s, total=001s
Epoch 107: Train%/Test% | Accuracy: 87.75%/76.69% | Precision: 72.49%/59.18% | Recall: 91.55%/68.96% | F1: 77.23%/59.94% | Time: fit=001s, train=000s, test=000s, total=001s
Epoch 108: Train%/Test% | Accuracy: 89.16%/78.95% | Precision: 74.07%/60.43% | Recall: 92.34%/70.22% | F1: 79.11%/61.88% | Time: fit=001s, train=000s, test=000s, total=001s
Epoch 109: Train%/Test% | Accuracy: 88.69%/77.07% | Precision: 73.52%/59.37% | Recall: 92.07%/69.17% | F1: 78.47%/60.26% | Time: fit=001s, train=000s, test=000s, total=001s
Epoch 110: Train%/Test% | Accuracy: 89.07%/77.82% | Precision: 73.96%/59.78% | Recall: 92.28%/69.59% | F1: 78.98%/60.89% | Time: fit=001s, train=000s, test=000s, total=001s
Epoch 111: Train%/Test% | Accuracy: 90.20%/80.83% | Precision: 75.22%/61.67% | Recall: 91.69%/71.26% | F1: 80.25%/63.60% | Time: fit=001s, train=000s, test=000s, total=001s
Epoch 112: Train%/Test% | Accuracy: 91.89%/83.08% | Precision: 77.76%/62.87% | Recall: 92.23%/70.87% | F1: 82.72%/65.08% | Time: fit=001s, train=000s, test=000s, total=001s
Epoch 113: Train%/Test% | Accuracy: 90.10%/81.58% | Precision: 75.15%/62.22% | Recall: 92.05%/71.68% | F1: 80.22%/64.32% | Time: fit=001s, train=000s, test=000s, total=001s
Epoch 114: Train%/Test% | Accuracy: 87.46%/75.56% | Precision: 72.11%/58.62% | Recall: 90.98%/68.33% | F1: 76.76%/59.02% | Time: fit=001s, train=000s, test=000s, total=001s
Epoch 115: Train%/Test% | Accuracy: 85.30%/73.68% | Precision: 70.08%/58.39% | Recall: 89.78%/68.93% | F1: 74.13%/58.17% | Time: fit=001s, train=000s, test=000s, total=001s
Epoch 116: Train%/Test% | Accuracy: 87.56%/78.20% | Precision: 72.21%/60.59% | Recall: 91.04%/71.44% | F1: 76.88%/61.89% | Time: fit=001s, train=000s, test=000s, total=001s
Epoch 117: Train%/Test% | Accuracy: 86.99%/77.82% | Precision: 71.64%/60.38% | Recall: 90.72%/71.23% | F1: 76.17%/61.56% | Time: fit=001s, train=000s, test=000s, total=001s
Epoch 118: Train%/Test% | Accuracy: 87.65%/77.44% | Precision: 72.31%/59.57% | Recall: 91.09%/69.38% | F1: 77.00%/60.57% | Time: fit=001s, train=000s, test=000s, total=001s
Epoch 119: Train%/Test% | Accuracy: 90.39%/81.20% | Precision: 75.44%/60.70% | Recall: 91.39%/68.19% | F1: 80.42%/62.44% | Time: fit=001s, train=000s, test=000s, total=001s
Epoch 120: Train%/Test% | Accuracy: 85.77%/75.56% | Precision: 70.59%/58.62% | Recall: 90.44%/68.33% | F1: 74.80%/59.02% | Time: fit=001s, train=000s, test=000s, total=001s
Epoch 121: Train%/Test% | Accuracy: 90.67%/80.45% | Precision: 75.88%/60.79% | Recall: 91.96%/69.41% | F1: 80.94%/62.51% | Time: fit=001s, train=000s, test=000s, total=001s
Epoch 122: Train%/Test% | Accuracy: 88.88%/77.44% | Precision: 73.67%/59.57% | Recall: 91.77%/69.38% | F1: 78.62%/60.57% | Time: fit=001s, train=000s, test=000s, total=001s
Epoch 123: Train%/Test% | Accuracy: 87.46%/77.07% | Precision: 72.19%/59.97% | Recall: 91.39%/70.81% | F1: 76.87%/60.92% | Time: fit=001s, train=000s, test=000s, total=001s
Epoch 124: Train%/Test% | Accuracy: 86.24%/77.82% | Precision: 71.01%/60.38% | Recall: 90.71%/71.23% | F1: 75.36%/61.56% | Time: fit=001s, train=000s, test=000s, total=001s
Epoch 125: Train%/Test% | Accuracy: 88.50%/78.20% | Precision: 73.23%/59.99% | Recall: 91.56%/69.80% | F1: 78.11%/61.22% | Time: fit=001s, train=000s, test=000s, total=001s
Epoch 126: Train%/Test% | Accuracy: 82.28%/72.56% | Precision: 67.80%/57.94% | Recall: 88.10%/68.30% | F1: 70.82%/57.30% | Time: fit=001s, train=000s, test=000s, total=001s
Epoch 127: Train%/Test% | Accuracy: 90.20%/80.83% | Precision: 75.27%/61.06% | Recall: 92.10%/69.62% | F1: 80.36%/62.86% | Time: fit=001s, train=000s, test=000s, total=001s
Epoch 128: Train%/Test% | Accuracy: 90.86%/80.83% | Precision: 76.16%/61.06% | Recall: 92.06%/69.62% | F1: 81.22%/62.86% | Time: fit=001s, train=000s, test=000s, total=001s
Epoch 129: Train%/Test% | Accuracy: 89.82%/78.95% | Precision: 74.83%/60.43% | Recall: 92.30%/70.22% | F1: 79.92%/61.88% | Time: fit=001s, train=000s, test=000s, total=001s
Epoch 130: Train%/Test% | Accuracy: 87.94%/77.82% | Precision: 72.69%/60.38% | Recall: 91.65%/71.23% | F1: 77.48%/61.56% | Time: fit=001s, train=000s, test=000s, total=001s
Epoch 131: Train%/Test% | Accuracy: 86.80%/76.69% | Precision: 71.54%/59.78% | Recall: 91.02%/70.60% | F1: 76.05%/60.60% | Time: fit=001s, train=000s, test=000s, total=001s
Epoch 132: Train%/Test% | Accuracy: 87.65%/78.57% | Precision: 72.23%/60.81% | Recall: 90.68%/71.65% | F1: 76.89%/62.22% | Time: fit=001s, train=000s, test=000s, total=001s
Epoch 133: Train%/Test% | Accuracy: 88.31%/78.57% | Precision: 72.95%/60.81% | Recall: 91.05%/71.65% | F1: 77.75%/62.22% | Time: fit=001s, train=000s, test=000s, total=001s
Epoch 134: Train%/Test% | Accuracy: 91.14%/80.08% | Precision: 76.62%/61.15% | Recall: 92.63%/70.84% | F1: 81.75%/62.90% | Time: fit=001s, train=000s, test=000s, total=001s
Epoch 135: Train%/Test% | Accuracy: 85.20%/72.56% | Precision: 69.90%/57.94% | Recall: 89.32%/68.30% | F1: 73.91%/57.30% | Time: fit=001s, train=000s, test=000s, total=001s
Epoch 136: Train%/Test% | Accuracy: 89.07%/76.32% | Precision: 73.82%/57.72% | Recall: 91.47%/65.47% | F1: 78.77%/58.24% | Time: fit=001s, train=000s, test=000s, total=001s
Epoch 137: Train%/Test% | Accuracy: 90.29%/78.95% | Precision: 75.45%/60.43% | Recall: 92.56%/70.22% | F1: 80.60%/61.88% | Time: fit=001s, train=000s, test=000s, total=001s
Epoch 138: Train%/Test% | Accuracy: 91.33%/80.83% | Precision: 76.87%/60.42% | Recall: 92.32%/67.98% | F1: 81.94%/62.09% | Time: fit=001s, train=000s, test=000s, total=001s
Epoch 139: Train%/Test% | Accuracy: 90.86%/81.58% | Precision: 76.16%/62.22% | Recall: 92.06%/71.68% | F1: 81.22%/64.32% | Time: fit=001s, train=000s, test=000s, total=001s
Epoch 140: Train%/Test% | Accuracy: 85.30%/76.69% | Precision: 70.08%/59.78% | Recall: 89.78%/70.60% | F1: 74.13%/60.60% | Time: fit=001s, train=000s, test=000s, total=001s
Epoch 141: Train%/Test% | Accuracy: 87.65%/77.82% | Precision: 72.15%/58.51% | Recall: 90.28%/66.30% | F1: 76.78%/59.46% | Time: fit=001s, train=000s, test=000s, total=001s
Epoch 142: Train%/Test% | Accuracy: 91.89%/81.20% | Precision: 77.76%/60.70% | Recall: 92.23%/68.19% | F1: 82.72%/62.44% | Time: fit=001s, train=000s, test=000s, total=001s
Epoch 143: Train%/Test% | Accuracy: 87.84%/77.07% | Precision: 72.43%/59.37% | Recall: 90.79%/69.17% | F1: 77.14%/60.26% | Time: fit=001s, train=000s, test=000s, total=001s
Epoch 144: Train%/Test% | Accuracy: 84.73%/73.68% | Precision: 69.61%/58.39% | Recall: 89.46%/68.93% | F1: 73.48%/58.17% | Time: fit=001s, train=000s, test=000s, total=001s
Epoch 145: Train%/Test% | Accuracy: 87.18%/78.20% | Precision: 71.74%/60.59% | Recall: 90.42%/71.44% | F1: 76.30%/61.89% | Time: fit=001s, train=000s, test=000s, total=001s
Epoch 146: Train%/Test% | Accuracy: 89.26%/80.45% | Precision: 74.12%/61.99% | Recall: 91.98%/72.69% | F1: 79.13%/63.94% | Time: fit=001s, train=000s, test=000s, total=001s
Epoch 147: Train%/Test% | Accuracy: 86.80%/76.69% | Precision: 71.45%/59.18% | Recall: 90.62%/68.96% | F1: 75.94%/59.94% | Time: fit=001s, train=000s, test=000s, total=001s
Epoch 148: Train%/Test% | Accuracy: 91.23%/80.08% | Precision: 76.73%/60.54% | Recall: 92.27%/69.20% | F1: 81.80%/62.17% | Time: fit=001s, train=000s, test=000s, total=001s
Epoch 149: Train%/Test% | Accuracy: 90.57%/81.20% | Precision: 75.79%/61.33% | Recall: 92.31%/69.83% | F1: 80.91%/63.22% | Time: fit=001s, train=000s, test=000s, total=001s
Epoch 150: Train%/Test% | Accuracy: 87.84%/77.82% | Precision: 72.43%/59.78% | Recall: 90.79%/69.59% | F1: 77.14%/60.89% | Time: fit=001s, train=000s, test=000s, total=001s
