[nltk_data] Downloading package wordnet to /home/bjorvl16/nltk_data...
[nltk_data]   Package wordnet is already up-to-date!
[nltk_data] Downloading package stopwords to
[nltk_data]     /home/bjorvl16/nltk_data...
[nltk_data]   Package stopwords is already up-to-date!
[*] Load dataset...
[*] Fix malformed data...
[*] Split...
[*] Encoding...
[*] Encoding feature: text... 4922
==============================
Using CPU for training
Dataset: fake-news-datasets-deception-Celebrity
TMU params: num-clauses=5000, T=150, s=10.0
Epochs: 150
Feature(s): text
max-vocab=15000, max-domain=500, max-tweet=500
====================
Train size: 400
Train classes: 2
Test size: 100
Test classes: 2
Total features: 4922
==============================
[*] Training for 150 epochs...
Epoch   1: Train%/Test% | Accuracy: 57.25%/54.00% | Precision: 72.40%/75.00% | Recall: 56.41%/57.41% | F1: 47.41%/46.24% | Time: fit=006s, train=000s, test=000s, total=006s
Epoch   2: Train%/Test% | Accuracy: 65.50%/59.00% | Precision: 71.43%/64.67% | Recall: 64.96%/61.07% | F1: 62.45%/57.11% | Time: fit=006s, train=000s, test=000s, total=006s
Epoch   3: Train%/Test% | Accuracy: 66.00%/60.00% | Precision: 76.02%/67.83% | Recall: 65.37%/62.32% | F1: 61.84%/57.56% | Time: fit=005s, train=000s, test=000s, total=006s
Epoch   4: Train%/Test% | Accuracy: 63.75%/55.00% | Precision: 77.46%/67.60% | Recall: 63.03%/58.01% | F1: 57.91%/49.50% | Time: fit=005s, train=000s, test=000s, total=005s
Epoch   5: Train%/Test% | Accuracy: 75.75%/67.00% | Precision: 81.55%/71.65% | Recall: 75.32%/68.64% | F1: 74.36%/66.24% | Time: fit=005s, train=000s, test=000s, total=005s
Epoch   6: Train%/Test% | Accuracy: 60.75%/62.00% | Precision: 77.76%/79.35% | Recall: 61.52%/58.70% | F1: 54.43%/51.80% | Time: fit=005s, train=000s, test=000s, total=005s
Epoch   7: Train%/Test% | Accuracy: 69.75%/64.00% | Precision: 80.91%/75.95% | Recall: 70.34%/61.03% | F1: 67.13%/56.29% | Time: fit=004s, train=000s, test=000s, total=004s
Epoch   8: Train%/Test% | Accuracy: 77.25%/65.00% | Precision: 84.15%/70.34% | Recall: 77.70%/62.60% | F1: 76.23%/60.11% | Time: fit=004s, train=000s, test=000s, total=004s
Epoch   9: Train%/Test% | Accuracy: 80.25%/69.00% | Precision: 85.02%/71.77% | Recall: 80.62%/67.27% | F1: 79.68%/66.56% | Time: fit=004s, train=000s, test=000s, total=004s
Epoch  10: Train%/Test% | Accuracy: 84.25%/71.00% | Precision: 87.12%/72.77% | Recall: 84.53%/69.61% | F1: 84.01%/69.38% | Time: fit=004s, train=000s, test=000s, total=004s
Epoch  11: Train%/Test% | Accuracy: 86.25%/75.00% | Precision: 86.33%/75.09% | Recall: 86.30%/74.44% | F1: 86.25%/74.57% | Time: fit=004s, train=000s, test=000s, total=004s
Epoch  12: Train%/Test% | Accuracy: 87.50%/75.00% | Precision: 87.64%/75.09% | Recall: 87.57%/74.44% | F1: 87.50%/74.57% | Time: fit=004s, train=000s, test=000s, total=004s
Epoch  13: Train%/Test% | Accuracy: 87.75%/71.00% | Precision: 88.41%/71.32% | Recall: 87.62%/71.38% | F1: 87.67%/71.00% | Time: fit=004s, train=000s, test=000s, total=004s
Epoch  14: Train%/Test% | Accuracy: 84.75%/66.00% | Precision: 87.09%/68.00% | Recall: 84.50%/67.07% | F1: 84.43%/65.78% | Time: fit=004s, train=000s, test=000s, total=004s
Epoch  15: Train%/Test% | Accuracy: 88.75%/74.00% | Precision: 88.75%/73.86% | Recall: 88.76%/73.67% | F1: 88.75%/73.74% | Time: fit=004s, train=000s, test=000s, total=004s
Epoch  16: Train%/Test% | Accuracy: 89.50%/70.00% | Precision: 90.05%/70.45% | Recall: 89.39%/70.45% | F1: 89.44%/70.00% | Time: fit=003s, train=000s, test=000s, total=004s
Epoch  17: Train%/Test% | Accuracy: 89.50%/74.00% | Precision: 90.15%/74.48% | Recall: 89.38%/74.48% | F1: 89.43%/74.00% | Time: fit=003s, train=000s, test=000s, total=004s
Epoch  18: Train%/Test% | Accuracy: 89.00%/69.00% | Precision: 89.99%/70.89% | Recall: 88.85%/70.01% | F1: 88.90%/68.85% | Time: fit=003s, train=000s, test=000s, total=003s
Epoch  19: Train%/Test% | Accuracy: 90.00%/74.00% | Precision: 90.56%/74.48% | Recall: 89.89%/74.48% | F1: 89.94%/74.00% | Time: fit=003s, train=000s, test=000s, total=003s
Epoch  20: Train%/Test% | Accuracy: 91.25%/73.00% | Precision: 91.27%/72.83% | Recall: 91.23%/72.75% | F1: 91.24%/72.78% | Time: fit=003s, train=000s, test=000s, total=003s
Epoch  21: Train%/Test% | Accuracy: 91.50%/74.00% | Precision: 91.82%/74.00% | Recall: 91.42%/74.15% | F1: 91.47%/73.96% | Time: fit=003s, train=000s, test=000s, total=003s
Epoch  22: Train%/Test% | Accuracy: 92.25%/75.00% | Precision: 92.79%/75.33% | Recall: 92.14%/75.40% | F1: 92.21%/75.00% | Time: fit=003s, train=000s, test=000s, total=004s
Epoch  23: Train%/Test% | Accuracy: 93.00%/74.00% | Precision: 93.06%/73.86% | Recall: 92.97%/73.67% | F1: 92.99%/73.74% | Time: fit=003s, train=000s, test=000s, total=003s
Epoch  24: Train%/Test% | Accuracy: 94.00%/76.00% | Precision: 94.06%/75.89% | Recall: 93.97%/75.68% | F1: 93.99%/75.76% | Time: fit=003s, train=000s, test=000s, total=003s
Epoch  25: Train%/Test% | Accuracy: 93.00%/75.00% | Precision: 93.11%/74.93% | Recall: 93.06%/74.60% | F1: 93.00%/74.69% | Time: fit=003s, train=000s, test=000s, total=003s
Epoch  26: Train%/Test% | Accuracy: 93.25%/73.00% | Precision: 93.42%/72.93% | Recall: 93.19%/73.07% | F1: 93.23%/72.93% | Time: fit=003s, train=000s, test=000s, total=003s
Epoch  27: Train%/Test% | Accuracy: 93.25%/74.00% | Precision: 93.27%/73.83% | Recall: 93.23%/73.83% | F1: 93.24%/73.83% | Time: fit=003s, train=000s, test=000s, total=003s
Epoch  28: Train%/Test% | Accuracy: 93.00%/73.00% | Precision: 93.10%/72.83% | Recall: 92.96%/72.75% | F1: 92.99%/72.78% | Time: fit=003s, train=000s, test=000s, total=003s
Epoch  29: Train%/Test% | Accuracy: 93.50%/73.00% | Precision: 93.56%/72.89% | Recall: 93.47%/72.58% | F1: 93.49%/72.67% | Time: fit=003s, train=000s, test=000s, total=003s
Epoch  30: Train%/Test% | Accuracy: 95.50%/75.00% | Precision: 95.50%/74.85% | Recall: 95.50%/74.76% | F1: 95.50%/74.80% | Time: fit=003s, train=000s, test=000s, total=003s
Epoch  31: Train%/Test% | Accuracy: 94.00%/73.00% | Precision: 94.01%/72.83% | Recall: 93.99%/72.75% | F1: 94.00%/72.78% | Time: fit=003s, train=000s, test=000s, total=003s
Epoch  32: Train%/Test% | Accuracy: 94.75%/75.00% | Precision: 94.75%/74.93% | Recall: 94.75%/74.60% | F1: 94.75%/74.69% | Time: fit=003s, train=000s, test=000s, total=004s
Epoch  33: Train%/Test% | Accuracy: 95.50%/73.00% | Precision: 95.65%/72.93% | Recall: 95.45%/73.07% | F1: 95.49%/72.93% | Time: fit=003s, train=000s, test=000s, total=003s
Epoch  34: Train%/Test% | Accuracy: 95.00%/75.00% | Precision: 95.21%/74.85% | Recall: 94.94%/74.92% | F1: 94.99%/74.88% | Time: fit=003s, train=000s, test=000s, total=003s
Epoch  35: Train%/Test% | Accuracy: 95.25%/78.00% | Precision: 95.33%/77.92% | Recall: 95.21%/77.70% | F1: 95.24%/77.78% | Time: fit=003s, train=000s, test=000s, total=003s
Epoch  36: Train%/Test% | Accuracy: 94.75%/76.00% | Precision: 94.83%/75.85% | Recall: 94.71%/75.85% | F1: 94.74%/75.85% | Time: fit=003s, train=000s, test=000s, total=003s
Epoch  37: Train%/Test% | Accuracy: 94.25%/77.00% | Precision: 94.29%/76.97% | Recall: 94.22%/76.61% | F1: 94.24%/76.72% | Time: fit=003s, train=000s, test=000s, total=003s
Epoch  38: Train%/Test% | Accuracy: 94.50%/75.00% | Precision: 94.56%/74.85% | Recall: 94.47%/74.76% | F1: 94.49%/74.80% | Time: fit=003s, train=000s, test=000s, total=003s
Epoch  39: Train%/Test% | Accuracy: 95.00%/76.00% | Precision: 95.03%/75.89% | Recall: 94.98%/75.68% | F1: 95.00%/75.76% | Time: fit=003s, train=000s, test=000s, total=003s
Epoch  40: Train%/Test% | Accuracy: 94.50%/75.00% | Precision: 94.50%/74.93% | Recall: 94.50%/74.60% | F1: 94.50%/74.69% | Time: fit=003s, train=000s, test=000s, total=003s
Epoch  41: Train%/Test% | Accuracy: 96.00%/73.00% | Precision: 95.99%/72.89% | Recall: 96.01%/72.58% | F1: 96.00%/72.67% | Time: fit=003s, train=000s, test=000s, total=003s
Epoch  42: Train%/Test% | Accuracy: 95.75%/75.00% | Precision: 95.84%/75.35% | Recall: 95.80%/74.28% | F1: 95.75%/74.42% | Time: fit=003s, train=000s, test=000s, total=003s
Epoch  43: Train%/Test% | Accuracy: 95.50%/74.00% | Precision: 95.66%/74.45% | Recall: 95.57%/73.19% | F1: 95.50%/73.32% | Time: fit=003s, train=000s, test=000s, total=003s
Epoch  44: Train%/Test% | Accuracy: 95.00%/72.00% | Precision: 95.29%/72.66% | Recall: 95.09%/71.01% | F1: 95.00%/71.06% | Time: fit=003s, train=000s, test=000s, total=003s
Epoch  45: Train%/Test% | Accuracy: 95.75%/74.00% | Precision: 95.84%/74.45% | Recall: 95.80%/73.19% | F1: 95.75%/73.32% | Time: fit=003s, train=000s, test=000s, total=003s
Epoch  46: Train%/Test% | Accuracy: 96.00%/73.00% | Precision: 96.07%/73.55% | Recall: 96.05%/72.10% | F1: 96.00%/72.20% | Time: fit=003s, train=000s, test=000s, total=003s
Epoch  47: Train%/Test% | Accuracy: 95.50%/72.00% | Precision: 95.61%/72.66% | Recall: 95.56%/71.01% | F1: 95.50%/71.06% | Time: fit=003s, train=000s, test=000s, total=003s
Epoch  48: Train%/Test% | Accuracy: 97.25%/73.00% | Precision: 97.30%/73.55% | Recall: 97.29%/72.10% | F1: 97.25%/72.20% | Time: fit=003s, train=000s, test=000s, total=003s
Epoch  49: Train%/Test% | Accuracy: 96.75%/73.00% | Precision: 96.84%/73.55% | Recall: 96.80%/72.10% | F1: 96.75%/72.20% | Time: fit=003s, train=000s, test=000s, total=003s
Epoch  50: Train%/Test% | Accuracy: 96.25%/73.00% | Precision: 96.39%/73.96% | Recall: 96.31%/71.94% | F1: 96.25%/71.99% | Time: fit=003s, train=000s, test=000s, total=003s
Epoch  51: Train%/Test% | Accuracy: 96.25%/73.00% | Precision: 96.39%/73.96% | Recall: 96.31%/71.94% | F1: 96.25%/71.99% | Time: fit=003s, train=000s, test=000s, total=003s
Epoch  52: Train%/Test% | Accuracy: 96.75%/71.00% | Precision: 96.84%/71.76% | Recall: 96.80%/69.93% | F1: 96.75%/69.91% | Time: fit=003s, train=000s, test=000s, total=003s
Epoch  53: Train%/Test% | Accuracy: 96.25%/72.00% | Precision: 96.28%/72.33% | Recall: 96.28%/71.18% | F1: 96.25%/71.26% | Time: fit=003s, train=000s, test=000s, total=003s
Epoch  54: Train%/Test% | Accuracy: 96.00%/73.00% | Precision: 96.04%/73.55% | Recall: 96.04%/72.10% | F1: 96.00%/72.20% | Time: fit=003s, train=000s, test=000s, total=003s
Epoch  55: Train%/Test% | Accuracy: 97.00%/73.00% | Precision: 97.07%/73.55% | Recall: 97.05%/72.10% | F1: 97.00%/72.20% | Time: fit=003s, train=000s, test=000s, total=003s
Epoch  56: Train%/Test% | Accuracy: 97.25%/74.00% | Precision: 97.28%/74.45% | Recall: 97.28%/73.19% | F1: 97.25%/73.32% | Time: fit=003s, train=000s, test=000s, total=003s
Epoch  57: Train%/Test% | Accuracy: 96.75%/72.00% | Precision: 96.84%/72.66% | Recall: 96.80%/71.01% | F1: 96.75%/71.06% | Time: fit=003s, train=000s, test=000s, total=003s
Epoch  58: Train%/Test% | Accuracy: 97.50%/73.00% | Precision: 97.54%/73.55% | Recall: 97.54%/72.10% | F1: 97.50%/72.20% | Time: fit=003s, train=000s, test=000s, total=003s
Epoch  59: Train%/Test% | Accuracy: 97.00%/75.00% | Precision: 97.01%/74.85% | Recall: 97.03%/74.76% | F1: 97.00%/74.80% | Time: fit=003s, train=000s, test=000s, total=003s
Epoch  60: Train%/Test% | Accuracy: 96.75%/72.00% | Precision: 96.78%/71.92% | Recall: 96.78%/71.50% | F1: 96.75%/71.59% | Time: fit=003s, train=000s, test=000s, total=003s
Epoch  61: Train%/Test% | Accuracy: 97.75%/72.00% | Precision: 97.76%/71.92% | Recall: 97.77%/71.50% | F1: 97.75%/71.59% | Time: fit=003s, train=000s, test=000s, total=003s
Epoch  62: Train%/Test% | Accuracy: 98.50%/75.00% | Precision: 98.50%/74.85% | Recall: 98.50%/74.76% | F1: 98.50%/74.80% | Time: fit=003s, train=000s, test=000s, total=003s
Epoch  63: Train%/Test% | Accuracy: 98.00%/75.00% | Precision: 98.01%/75.09% | Recall: 97.99%/74.44% | F1: 98.00%/74.57% | Time: fit=002s, train=000s, test=000s, total=003s
Epoch  64: Train%/Test% | Accuracy: 98.25%/73.00% | Precision: 98.27%/72.89% | Recall: 98.23%/72.58% | F1: 98.25%/72.67% | Time: fit=003s, train=000s, test=000s, total=003s
Epoch  65: Train%/Test% | Accuracy: 98.50%/74.00% | Precision: 98.54%/73.83% | Recall: 98.48%/73.83% | F1: 98.50%/73.83% | Time: fit=003s, train=000s, test=000s, total=003s
Epoch  66: Train%/Test% | Accuracy: 98.25%/72.00% | Precision: 98.25%/72.08% | Recall: 98.25%/71.34% | F1: 98.25%/71.44% | Time: fit=002s, train=000s, test=000s, total=003s
Epoch  67: Train%/Test% | Accuracy: 98.50%/71.00% | Precision: 98.51%/70.85% | Recall: 98.49%/70.57% | F1: 98.50%/70.64% | Time: fit=003s, train=000s, test=000s, total=003s
Epoch  68: Train%/Test% | Accuracy: 98.75%/70.00% | Precision: 98.76%/69.87% | Recall: 98.74%/69.48% | F1: 98.75%/69.56% | Time: fit=002s, train=000s, test=000s, total=003s
Epoch  69: Train%/Test% | Accuracy: 99.25%/72.00% | Precision: 99.25%/72.08% | Recall: 99.25%/71.34% | F1: 99.25%/71.44% | Time: fit=002s, train=000s, test=000s, total=003s
Epoch  70: Train%/Test% | Accuracy: 99.00%/72.00% | Precision: 99.00%/72.08% | Recall: 99.02%/71.34% | F1: 99.00%/71.44% | Time: fit=002s, train=000s, test=000s, total=003s
Epoch  71: Train%/Test% | Accuracy: 99.00%/73.00% | Precision: 99.00%/73.25% | Recall: 99.02%/72.26% | F1: 99.00%/72.38% | Time: fit=002s, train=000s, test=000s, total=003s
Epoch  72: Train%/Test% | Accuracy: 98.50%/73.00% | Precision: 98.51%/73.25% | Recall: 98.53%/72.26% | F1: 98.50%/72.38% | Time: fit=002s, train=000s, test=000s, total=002s
Epoch  73: Train%/Test% | Accuracy: 99.50%/70.00% | Precision: 99.51%/69.81% | Recall: 99.49%/69.81% | F1: 99.50%/69.81% | Time: fit=002s, train=000s, test=000s, total=003s
Epoch  74: Train%/Test% | Accuracy: 99.00%/71.00% | Precision: 99.04%/70.84% | Recall: 98.98%/70.89% | F1: 99.00%/70.86% | Time: fit=002s, train=000s, test=000s, total=003s
Epoch  75: Train%/Test% | Accuracy: 99.25%/70.00% | Precision: 99.26%/69.87% | Recall: 99.24%/69.48% | F1: 99.25%/69.56% | Time: fit=002s, train=000s, test=000s, total=003s
Epoch  76: Train%/Test% | Accuracy: 98.75%/72.00% | Precision: 98.76%/72.08% | Recall: 98.77%/71.34% | F1: 98.75%/71.44% | Time: fit=002s, train=000s, test=000s, total=002s
Epoch  77: Train%/Test% | Accuracy: 99.50%/73.00% | Precision: 99.49%/73.03% | Recall: 99.51%/72.42% | F1: 99.50%/72.54% | Time: fit=003s, train=000s, test=000s, total=003s
Epoch  78: Train%/Test% | Accuracy: 99.50%/72.00% | Precision: 99.50%/71.92% | Recall: 99.50%/71.50% | F1: 99.50%/71.59% | Time: fit=002s, train=000s, test=000s, total=003s
Epoch  79: Train%/Test% | Accuracy: 99.75%/72.00% | Precision: 99.75%/71.92% | Recall: 99.75%/71.50% | F1: 99.75%/71.59% | Time: fit=003s, train=000s, test=000s, total=003s
Epoch  80: Train%/Test% | Accuracy: 99.50%/73.00% | Precision: 99.50%/72.89% | Recall: 99.50%/72.58% | F1: 99.50%/72.67% | Time: fit=002s, train=000s, test=000s, total=003s
Epoch  81: Train%/Test% | Accuracy: 98.50%/72.00% | Precision: 98.51%/72.08% | Recall: 98.53%/71.34% | F1: 98.50%/71.44% | Time: fit=002s, train=000s, test=000s, total=003s
Epoch  82: Train%/Test% | Accuracy: 98.50%/74.00% | Precision: 98.51%/74.45% | Recall: 98.53%/73.19% | F1: 98.50%/73.32% | Time: fit=002s, train=000s, test=000s, total=002s
Epoch  83: Train%/Test% | Accuracy: 98.75%/74.00% | Precision: 98.76%/74.45% | Recall: 98.77%/73.19% | F1: 98.75%/73.32% | Time: fit=002s, train=000s, test=000s, total=002s
Epoch  84: Train%/Test% | Accuracy: 99.25%/75.00% | Precision: 99.25%/75.09% | Recall: 99.26%/74.44% | F1: 99.25%/74.57% | Time: fit=002s, train=000s, test=000s, total=003s
Epoch  85: Train%/Test% | Accuracy: 99.25%/75.00% | Precision: 99.25%/75.35% | Recall: 99.26%/74.28% | F1: 99.25%/74.42% | Time: fit=002s, train=000s, test=000s, total=002s
Epoch  86: Train%/Test% | Accuracy: 98.75%/75.00% | Precision: 98.76%/75.35% | Recall: 98.77%/74.28% | F1: 98.75%/74.42% | Time: fit=002s, train=000s, test=000s, total=002s
Epoch  87: Train%/Test% | Accuracy: 99.50%/74.00% | Precision: 99.49%/74.17% | Recall: 99.51%/73.35% | F1: 99.50%/73.48% | Time: fit=002s, train=000s, test=000s, total=002s
Epoch  88: Train%/Test% | Accuracy: 99.75%/74.00% | Precision: 99.75%/74.17% | Recall: 99.75%/73.35% | F1: 99.75%/73.48% | Time: fit=002s, train=000s, test=000s, total=002s
Epoch  89: Train%/Test% | Accuracy: 99.25%/73.00% | Precision: 99.25%/73.25% | Recall: 99.26%/72.26% | F1: 99.25%/72.38% | Time: fit=002s, train=000s, test=000s, total=003s
Epoch  90: Train%/Test% | Accuracy: 99.25%/72.00% | Precision: 99.25%/72.08% | Recall: 99.26%/71.34% | F1: 99.25%/71.44% | Time: fit=002s, train=000s, test=000s, total=002s
Epoch  91: Train%/Test% | Accuracy: 99.00%/71.00% | Precision: 99.00%/70.96% | Recall: 99.02%/70.41% | F1: 99.00%/70.50% | Time: fit=002s, train=000s, test=000s, total=002s
Epoch  92: Train%/Test% | Accuracy: 99.50%/71.00% | Precision: 99.49%/70.96% | Recall: 99.51%/70.41% | F1: 99.50%/70.50% | Time: fit=002s, train=000s, test=000s, total=002s
Epoch  93: Train%/Test% | Accuracy: 99.25%/74.00% | Precision: 99.25%/74.45% | Recall: 99.26%/73.19% | F1: 99.25%/73.32% | Time: fit=002s, train=000s, test=000s, total=002s
Epoch  94: Train%/Test% | Accuracy: 99.75%/74.00% | Precision: 99.75%/74.45% | Recall: 99.75%/73.19% | F1: 99.75%/73.32% | Time: fit=002s, train=000s, test=000s, total=002s
Epoch  95: Train%/Test% | Accuracy: 98.75%/73.00% | Precision: 98.76%/73.25% | Recall: 98.77%/72.26% | F1: 98.75%/72.38% | Time: fit=002s, train=000s, test=000s, total=002s
Epoch  96: Train%/Test% | Accuracy: 98.75%/73.00% | Precision: 98.76%/73.25% | Recall: 98.77%/72.26% | F1: 98.75%/72.38% | Time: fit=002s, train=000s, test=000s, total=002s
Epoch  97: Train%/Test% | Accuracy: 98.75%/73.00% | Precision: 98.76%/73.25% | Recall: 98.77%/72.26% | F1: 98.75%/72.38% | Time: fit=002s, train=000s, test=000s, total=002s
Epoch  98: Train%/Test% | Accuracy: 98.25%/73.00% | Precision: 98.28%/73.25% | Recall: 98.28%/72.26% | F1: 98.25%/72.38% | Time: fit=002s, train=000s, test=000s, total=003s
Epoch  99: Train%/Test% | Accuracy: 98.00%/74.00% | Precision: 98.04%/74.45% | Recall: 98.04%/73.19% | F1: 98.00%/73.32% | Time: fit=002s, train=000s, test=000s, total=002s
Epoch 100: Train%/Test% | Accuracy: 98.50%/74.00% | Precision: 98.51%/74.45% | Recall: 98.53%/73.19% | F1: 98.50%/73.32% | Time: fit=002s, train=000s, test=000s, total=002s
Epoch 101: Train%/Test% | Accuracy: 98.75%/74.00% | Precision: 98.76%/74.17% | Recall: 98.77%/73.35% | F1: 98.75%/73.48% | Time: fit=002s, train=000s, test=000s, total=002s
Epoch 102: Train%/Test% | Accuracy: 99.25%/72.00% | Precision: 99.25%/72.08% | Recall: 99.26%/71.34% | F1: 99.25%/71.44% | Time: fit=002s, train=000s, test=000s, total=002s
Epoch 103: Train%/Test% | Accuracy: 99.75%/73.00% | Precision: 99.75%/73.03% | Recall: 99.75%/72.42% | F1: 99.75%/72.54% | Time: fit=002s, train=000s, test=000s, total=003s
Epoch 104: Train%/Test% | Accuracy: 100.00%/72.00% | Precision: 100.00%/71.92% | Recall: 100.00%/71.50% | F1: 100.00%/71.59% | Time: fit=002s, train=000s, test=000s, total=002s
Epoch 105: Train%/Test% | Accuracy: 100.00%/71.00% | Precision: 100.00%/70.96% | Recall: 100.00%/70.41% | F1: 100.00%/70.50% | Time: fit=002s, train=000s, test=000s, total=002s
Epoch 106: Train%/Test% | Accuracy: 100.00%/74.00% | Precision: 100.00%/74.45% | Recall: 100.00%/73.19% | F1: 100.00%/73.32% | Time: fit=002s, train=000s, test=000s, total=002s
Epoch 107: Train%/Test% | Accuracy: 100.00%/72.00% | Precision: 100.00%/72.08% | Recall: 100.00%/71.34% | F1: 100.00%/71.44% | Time: fit=002s, train=000s, test=000s, total=002s
Epoch 108: Train%/Test% | Accuracy: 99.75%/74.00% | Precision: 99.75%/74.45% | Recall: 99.75%/73.19% | F1: 99.75%/73.32% | Time: fit=002s, train=000s, test=000s, total=002s
Epoch 109: Train%/Test% | Accuracy: 99.75%/73.00% | Precision: 99.75%/73.55% | Recall: 99.75%/72.10% | F1: 99.75%/72.20% | Time: fit=002s, train=000s, test=000s, total=002s
Epoch 110: Train%/Test% | Accuracy: 99.50%/74.00% | Precision: 99.49%/74.83% | Recall: 99.51%/73.03% | F1: 99.50%/73.13% | Time: fit=002s, train=000s, test=000s, total=002s
Epoch 111: Train%/Test% | Accuracy: 99.75%/73.00% | Precision: 99.75%/73.25% | Recall: 99.75%/72.26% | F1: 99.75%/72.38% | Time: fit=002s, train=000s, test=000s, total=003s
Epoch 112: Train%/Test% | Accuracy: 100.00%/73.00% | Precision: 100.00%/73.25% | Recall: 100.00%/72.26% | F1: 100.00%/72.38% | Time: fit=002s, train=000s, test=000s, total=002s
Epoch 113: Train%/Test% | Accuracy: 99.50%/73.00% | Precision: 99.49%/73.25% | Recall: 99.51%/72.26% | F1: 99.50%/72.38% | Time: fit=002s, train=000s, test=000s, total=002s
Epoch 114: Train%/Test% | Accuracy: 99.75%/72.00% | Precision: 99.75%/72.08% | Recall: 99.75%/71.34% | F1: 99.75%/71.44% | Time: fit=002s, train=000s, test=000s, total=002s
Epoch 115: Train%/Test% | Accuracy: 100.00%/73.00% | Precision: 100.00%/73.25% | Recall: 100.00%/72.26% | F1: 100.00%/72.38% | Time: fit=002s, train=000s, test=000s, total=002s
Epoch 116: Train%/Test% | Accuracy: 100.00%/73.00% | Precision: 100.00%/73.03% | Recall: 100.00%/72.42% | F1: 100.00%/72.54% | Time: fit=002s, train=000s, test=000s, total=002s
Epoch 117: Train%/Test% | Accuracy: 100.00%/72.00% | Precision: 100.00%/71.92% | Recall: 100.00%/71.50% | F1: 100.00%/71.59% | Time: fit=002s, train=000s, test=000s, total=002s
Epoch 118: Train%/Test% | Accuracy: 100.00%/72.00% | Precision: 100.00%/72.08% | Recall: 100.00%/71.34% | F1: 100.00%/71.44% | Time: fit=002s, train=000s, test=000s, total=002s
Epoch 119: Train%/Test% | Accuracy: 100.00%/73.00% | Precision: 100.00%/73.25% | Recall: 100.00%/72.26% | F1: 100.00%/72.38% | Time: fit=002s, train=000s, test=000s, total=002s
Epoch 120: Train%/Test% | Accuracy: 100.00%/72.00% | Precision: 100.00%/72.08% | Recall: 100.00%/71.34% | F1: 100.00%/71.44% | Time: fit=002s, train=000s, test=000s, total=002s
Epoch 121: Train%/Test% | Accuracy: 100.00%/73.00% | Precision: 100.00%/73.55% | Recall: 100.00%/72.10% | F1: 100.00%/72.20% | Time: fit=002s, train=000s, test=000s, total=002s
Epoch 122: Train%/Test% | Accuracy: 100.00%/73.00% | Precision: 100.00%/73.25% | Recall: 100.00%/72.26% | F1: 100.00%/72.38% | Time: fit=002s, train=000s, test=000s, total=002s
Epoch 123: Train%/Test% | Accuracy: 100.00%/74.00% | Precision: 100.00%/74.45% | Recall: 100.00%/73.19% | F1: 100.00%/73.32% | Time: fit=002s, train=000s, test=000s, total=002s
Epoch 124: Train%/Test% | Accuracy: 100.00%/74.00% | Precision: 100.00%/74.45% | Recall: 100.00%/73.19% | F1: 100.00%/73.32% | Time: fit=002s, train=000s, test=000s, total=002s
Epoch 125: Train%/Test% | Accuracy: 100.00%/72.00% | Precision: 100.00%/72.08% | Recall: 100.00%/71.34% | F1: 100.00%/71.44% | Time: fit=002s, train=000s, test=000s, total=002s
Epoch 126: Train%/Test% | Accuracy: 99.50%/71.00% | Precision: 99.49%/70.96% | Recall: 99.51%/70.41% | F1: 99.50%/70.50% | Time: fit=002s, train=000s, test=000s, total=002s
Epoch 127: Train%/Test% | Accuracy: 99.25%/74.00% | Precision: 99.25%/74.45% | Recall: 99.26%/73.19% | F1: 99.25%/73.32% | Time: fit=002s, train=000s, test=000s, total=002s
Epoch 128: Train%/Test% | Accuracy: 99.75%/70.00% | Precision: 99.75%/70.20% | Recall: 99.75%/69.16% | F1: 99.75%/69.21% | Time: fit=002s, train=000s, test=000s, total=002s
Epoch 129: Train%/Test% | Accuracy: 99.50%/73.00% | Precision: 99.49%/73.25% | Recall: 99.51%/72.26% | F1: 99.50%/72.38% | Time: fit=002s, train=000s, test=000s, total=002s
Epoch 130: Train%/Test% | Accuracy: 98.50%/73.00% | Precision: 98.51%/73.55% | Recall: 98.53%/72.10% | F1: 98.50%/72.20% | Time: fit=002s, train=000s, test=000s, total=002s
Epoch 131: Train%/Test% | Accuracy: 98.50%/74.00% | Precision: 98.51%/74.45% | Recall: 98.53%/73.19% | F1: 98.50%/73.32% | Time: fit=002s, train=000s, test=000s, total=002s
Epoch 132: Train%/Test% | Accuracy: 98.50%/74.00% | Precision: 98.51%/74.45% | Recall: 98.53%/73.19% | F1: 98.50%/73.32% | Time: fit=002s, train=000s, test=000s, total=002s
Epoch 133: Train%/Test% | Accuracy: 98.75%/73.00% | Precision: 98.76%/73.55% | Recall: 98.77%/72.10% | F1: 98.75%/72.20% | Time: fit=002s, train=000s, test=000s, total=002s
Epoch 134: Train%/Test% | Accuracy: 99.00%/73.00% | Precision: 99.00%/73.25% | Recall: 99.02%/72.26% | F1: 99.00%/72.38% | Time: fit=002s, train=000s, test=000s, total=002s
Epoch 135: Train%/Test% | Accuracy: 100.00%/70.00% | Precision: 100.00%/69.87% | Recall: 100.00%/69.48% | F1: 100.00%/69.56% | Time: fit=002s, train=000s, test=000s, total=002s
Epoch 136: Train%/Test% | Accuracy: 100.00%/71.00% | Precision: 100.00%/70.81% | Recall: 100.00%/70.73% | F1: 100.00%/70.76% | Time: fit=002s, train=000s, test=000s, total=002s
Epoch 137: Train%/Test% | Accuracy: 100.00%/73.00% | Precision: 100.00%/73.03% | Recall: 100.00%/72.42% | F1: 100.00%/72.54% | Time: fit=002s, train=000s, test=000s, total=002s
Epoch 138: Train%/Test% | Accuracy: 100.00%/74.00% | Precision: 100.00%/74.17% | Recall: 100.00%/73.35% | F1: 100.00%/73.48% | Time: fit=002s, train=000s, test=000s, total=002s
Epoch 139: Train%/Test% | Accuracy: 100.00%/73.00% | Precision: 100.00%/73.25% | Recall: 100.00%/72.26% | F1: 100.00%/72.38% | Time: fit=002s, train=000s, test=000s, total=002s
Epoch 140: Train%/Test% | Accuracy: 99.50%/74.00% | Precision: 99.49%/74.45% | Recall: 99.51%/73.19% | F1: 99.50%/73.32% | Time: fit=002s, train=000s, test=000s, total=002s
Epoch 141: Train%/Test% | Accuracy: 100.00%/71.00% | Precision: 100.00%/71.41% | Recall: 100.00%/70.09% | F1: 100.00%/70.14% | Time: fit=002s, train=000s, test=000s, total=002s
Epoch 142: Train%/Test% | Accuracy: 100.00%/73.00% | Precision: 100.00%/73.25% | Recall: 100.00%/72.26% | F1: 100.00%/72.38% | Time: fit=002s, train=000s, test=000s, total=002s
Epoch 143: Train%/Test% | Accuracy: 100.00%/74.00% | Precision: 100.00%/74.45% | Recall: 100.00%/73.19% | F1: 100.00%/73.32% | Time: fit=002s, train=000s, test=000s, total=002s
Epoch 144: Train%/Test% | Accuracy: 100.00%/73.00% | Precision: 100.00%/73.25% | Recall: 100.00%/72.26% | F1: 100.00%/72.38% | Time: fit=002s, train=000s, test=000s, total=002s
Epoch 145: Train%/Test% | Accuracy: 100.00%/74.00% | Precision: 100.00%/74.45% | Recall: 100.00%/73.19% | F1: 100.00%/73.32% | Time: fit=002s, train=000s, test=000s, total=002s
Epoch 146: Train%/Test% | Accuracy: 100.00%/72.00% | Precision: 100.00%/72.08% | Recall: 100.00%/71.34% | F1: 100.00%/71.44% | Time: fit=002s, train=000s, test=000s, total=002s
Epoch 147: Train%/Test% | Accuracy: 100.00%/72.00% | Precision: 100.00%/72.33% | Recall: 100.00%/71.18% | F1: 100.00%/71.26% | Time: fit=002s, train=000s, test=000s, total=002s
Epoch 148: Train%/Test% | Accuracy: 99.50%/72.00% | Precision: 99.49%/73.08% | Recall: 99.51%/70.85% | F1: 99.50%/70.83% | Time: fit=002s, train=000s, test=000s, total=002s
Epoch 149: Train%/Test% | Accuracy: 100.00%/74.00% | Precision: 100.00%/74.83% | Recall: 100.00%/73.03% | F1: 100.00%/73.13% | Time: fit=002s, train=000s, test=000s, total=002s
Epoch 150: Train%/Test% | Accuracy: 100.00%/73.00% | Precision: 100.00%/73.55% | Recall: 100.00%/72.10% | F1: 100.00%/72.20% | Time: fit=002s, train=000s, test=000s, total=002s
