[nltk_data] Downloading package wordnet to /home/bjorvl16/nltk_data...
[nltk_data]   Package wordnet is already up-to-date!
[nltk_data] Downloading package stopwords to
[nltk_data]     /home/bjorvl16/nltk_data...
[nltk_data]   Package stopwords is already up-to-date!
[*] Load dataset...
[*] Fix malformed data...
[*] Split...
[*] Encoding...
[*] Encoding feature: text... 464
[*] Encoding feature: domain... 34
==============================
Using GPU for training
Dataset: FakeNewsNet-politifact
TMU params: num-clauses=5000, T=200, s=15.0
Epochs: 150
Feature(s): text, domain
max-vocab=15000, max-domain=500, max-tweet=500
====================
Train size: 844
Train classes: 2
Test size: 212
Test classes: 2
Total features: 498
==============================
[*] Training for 150 epochs...
Epoch   1: Train%/Test% | Accuracy: 69.67%/71.70% | Precision: 79.16%/78.59% | Recall: 64.19%/62.34% | F1: 62.26%/61.27% | Time: fit=003s, train=000s, test=000s, total=003s
Epoch   2: Train%/Test% | Accuracy: 78.55%/81.60% | Precision: 81.09%/81.42% | Recall: 75.65%/78.21% | F1: 76.40%/79.28% | Time: fit=002s, train=001s, test=000s, total=003s
Epoch   3: Train%/Test% | Accuracy: 77.73%/79.72% | Precision: 82.14%/80.40% | Recall: 74.19%/75.11% | F1: 74.84%/76.45% | Time: fit=002s, train=000s, test=000s, total=003s
Epoch   4: Train%/Test% | Accuracy: 80.57%/79.25% | Precision: 81.87%/78.71% | Recall: 78.37%/75.55% | F1: 79.12%/76.54% | Time: fit=002s, train=000s, test=000s, total=003s
Epoch   5: Train%/Test% | Accuracy: 82.82%/83.49% | Precision: 82.73%/82.40% | Recall: 81.75%/81.85% | F1: 82.12%/82.10% | Time: fit=002s, train=000s, test=000s, total=003s
Epoch   6: Train%/Test% | Accuracy: 81.28%/80.66% | Precision: 82.53%/80.29% | Recall: 79.17%/77.20% | F1: 79.94%/78.22% | Time: fit=002s, train=000s, test=000s, total=003s
Epoch   7: Train%/Test% | Accuracy: 80.81%/82.08% | Precision: 82.23%/81.84% | Recall: 78.57%/78.86% | F1: 79.35%/79.88% | Time: fit=002s, train=000s, test=000s, total=003s
Epoch   8: Train%/Test% | Accuracy: 82.46%/82.55% | Precision: 83.13%/81.64% | Recall: 80.78%/80.30% | F1: 81.44%/80.86% | Time: fit=002s, train=000s, test=000s, total=003s
Epoch   9: Train%/Test% | Accuracy: 81.87%/82.55% | Precision: 83.42%/82.02% | Recall: 79.68%/79.76% | F1: 80.51%/80.61% | Time: fit=002s, train=000s, test=000s, total=003s
Epoch  10: Train%/Test% | Accuracy: 80.57%/83.02% | Precision: 82.22%/82.96% | Recall: 78.21%/79.87% | F1: 79.01%/80.94% | Time: fit=002s, train=000s, test=000s, total=003s
Epoch  11: Train%/Test% | Accuracy: 81.99%/84.43% | Precision: 82.73%/83.96% | Recall: 80.22%/82.06% | F1: 80.90%/82.82% | Time: fit=002s, train=000s, test=000s, total=003s
Epoch  12: Train%/Test% | Accuracy: 82.70%/83.49% | Precision: 83.39%/82.69% | Recall: 81.03%/81.31% | F1: 81.69%/81.89% | Time: fit=002s, train=000s, test=000s, total=003s
Epoch  13: Train%/Test% | Accuracy: 81.64%/83.49% | Precision: 82.58%/82.69% | Recall: 79.71%/81.31% | F1: 80.44%/81.89% | Time: fit=002s, train=000s, test=000s, total=003s
Epoch  14: Train%/Test% | Accuracy: 81.28%/83.49% | Precision: 83.80%/83.38% | Recall: 78.66%/80.51% | F1: 79.57%/81.53% | Time: fit=002s, train=000s, test=000s, total=003s
Epoch  15: Train%/Test% | Accuracy: 83.18%/82.55% | Precision: 83.91%/81.64% | Recall: 81.51%/80.30% | F1: 82.20%/80.86% | Time: fit=002s, train=000s, test=000s, total=003s
Epoch  16: Train%/Test% | Accuracy: 83.41%/83.02% | Precision: 84.24%/82.25% | Recall: 81.72%/80.67% | F1: 82.43%/81.32% | Time: fit=002s, train=000s, test=000s, total=003s
Epoch  17: Train%/Test% | Accuracy: 85.66%/82.08% | Precision: 85.62%/80.68% | Recall: 84.79%/81.00% | F1: 85.12%/80.83% | Time: fit=002s, train=000s, test=000s, total=003s
Epoch  18: Train%/Test% | Accuracy: 85.43%/82.55% | Precision: 84.98%/81.15% | Recall: 85.25%/82.18% | F1: 85.10%/81.56% | Time: fit=002s, train=000s, test=000s, total=003s
Epoch  19: Train%/Test% | Accuracy: 82.23%/77.83% | Precision: 82.91%/79.16% | Recall: 83.64%/81.12% | F1: 82.19%/77.65% | Time: fit=002s, train=000s, test=000s, total=003s
Epoch  20: Train%/Test% | Accuracy: 80.45%/77.36% | Precision: 81.60%/78.52% | Recall: 82.10%/80.48% | F1: 80.43%/77.16% | Time: fit=002s, train=000s, test=000s, total=003s
Epoch  21: Train%/Test% | Accuracy: 86.37%/82.55% | Precision: 85.96%/81.15% | Recall: 86.15%/81.91% | F1: 86.05%/81.48% | Time: fit=002s, train=000s, test=000s, total=003s
Epoch  22: Train%/Test% | Accuracy: 87.09%/83.02% | Precision: 86.64%/81.69% | Recall: 87.11%/83.08% | F1: 86.83%/82.18% | Time: fit=002s, train=000s, test=000s, total=003s
Epoch  23: Train%/Test% | Accuracy: 87.09%/83.49% | Precision: 86.73%/82.14% | Recall: 86.76%/83.19% | F1: 86.75%/82.56% | Time: fit=002s, train=000s, test=000s, total=003s
Epoch  24: Train%/Test% | Accuracy: 86.61%/84.43% | Precision: 86.74%/83.23% | Recall: 85.65%/83.40% | F1: 86.07%/83.31% | Time: fit=002s, train=000s, test=000s, total=003s
Epoch  25: Train%/Test% | Accuracy: 86.85%/85.38% | Precision: 87.31%/84.23% | Recall: 85.65%/84.41% | F1: 86.23%/84.32% | Time: fit=002s, train=000s, test=000s, total=003s
Epoch  26: Train%/Test% | Accuracy: 87.20%/84.91% | Precision: 87.10%/83.69% | Recall: 86.51%/84.04% | F1: 86.76%/83.86% | Time: fit=002s, train=000s, test=000s, total=003s
Epoch  27: Train%/Test% | Accuracy: 86.61%/83.49% | Precision: 86.16%/82.36% | Recall: 86.71%/84.26% | F1: 86.37%/82.85% | Time: fit=002s, train=000s, test=000s, total=003s
Epoch  28: Train%/Test% | Accuracy: 86.37%/82.55% | Precision: 85.99%/81.81% | Recall: 86.78%/84.05% | F1: 86.19%/82.06% | Time: fit=002s, train=000s, test=000s, total=003s
Epoch  29: Train%/Test% | Accuracy: 87.09%/82.55% | Precision: 86.67%/81.81% | Recall: 87.39%/84.05% | F1: 86.89%/82.06% | Time: fit=002s, train=000s, test=000s, total=003s
Epoch  30: Train%/Test% | Accuracy: 86.49%/83.49% | Precision: 86.07%/82.16% | Recall: 86.33%/83.46% | F1: 86.18%/82.64% | Time: fit=002s, train=000s, test=000s, total=003s
Epoch  31: Train%/Test% | Accuracy: 86.85%/84.43% | Precision: 86.51%/83.12% | Recall: 86.48%/84.20% | F1: 86.49%/83.56% | Time: fit=002s, train=000s, test=000s, total=003s
Epoch  32: Train%/Test% | Accuracy: 84.95%/79.25% | Precision: 84.90%/79.25% | Recall: 85.83%/81.44% | F1: 84.85%/78.88% | Time: fit=002s, train=000s, test=000s, total=003s
Epoch  33: Train%/Test% | Accuracy: 85.78%/81.60% | Precision: 85.48%/80.87% | Recall: 86.34%/83.04% | F1: 85.63%/81.09% | Time: fit=002s, train=000s, test=000s, total=003s
Epoch  34: Train%/Test% | Accuracy: 82.11%/76.42% | Precision: 82.70%/77.57% | Recall: 83.45%/79.47% | F1: 82.06%/76.20% | Time: fit=002s, train=000s, test=000s, total=003s
Epoch  35: Train%/Test% | Accuracy: 83.77%/77.83% | Precision: 84.31%/78.52% | Recall: 85.12%/80.59% | F1: 83.72%/77.57% | Time: fit=002s, train=000s, test=000s, total=003s
Epoch  36: Train%/Test% | Accuracy: 87.80%/83.96% | Precision: 87.41%/82.79% | Recall: 88.20%/84.63% | F1: 87.63%/83.31% | Time: fit=002s, train=000s, test=000s, total=003s
Epoch  37: Train%/Test% | Accuracy: 88.27%/85.38% | Precision: 88.01%/84.12% | Recall: 87.86%/84.95% | F1: 87.93%/84.48% | Time: fit=002s, train=000s, test=000s, total=003s
Epoch  38: Train%/Test% | Accuracy: 87.68%/85.38% | Precision: 87.60%/84.16% | Recall: 87.00%/84.68% | F1: 87.25%/84.40% | Time: fit=002s, train=000s, test=000s, total=003s
Epoch  39: Train%/Test% | Accuracy: 87.56%/86.32% | Precision: 87.46%/85.24% | Recall: 86.89%/85.43% | F1: 87.14%/85.33% | Time: fit=002s, train=000s, test=000s, total=003s
Epoch  40: Train%/Test% | Accuracy: 87.91%/85.38% | Precision: 87.52%/84.12% | Recall: 87.79%/84.95% | F1: 87.64%/84.48% | Time: fit=002s, train=000s, test=000s, total=003s
Epoch  41: Train%/Test% | Accuracy: 87.68%/84.43% | Precision: 87.26%/83.13% | Recall: 87.58%/83.94% | F1: 87.41%/83.48% | Time: fit=002s, train=000s, test=000s, total=003s
Epoch  42: Train%/Test% | Accuracy: 88.27%/83.02% | Precision: 88.03%/81.93% | Recall: 89.00%/83.89% | F1: 88.16%/82.39% | Time: fit=002s, train=000s, test=000s, total=003s
Epoch  43: Train%/Test% | Accuracy: 84.72%/81.13% | Precision: 85.15%/81.39% | Recall: 86.01%/83.74% | F1: 84.66%/80.84% | Time: fit=002s, train=000s, test=000s, total=003s
Epoch  44: Train%/Test% | Accuracy: 88.74%/84.43% | Precision: 88.32%/83.17% | Recall: 88.97%/84.74% | F1: 88.55%/83.70% | Time: fit=002s, train=000s, test=000s, total=003s
Epoch  45: Train%/Test% | Accuracy: 89.34%/85.38% | Precision: 88.94%/84.11% | Recall: 89.72%/85.49% | F1: 89.18%/84.62% | Time: fit=002s, train=000s, test=000s, total=003s
Epoch  46: Train%/Test% | Accuracy: 87.68%/84.91% | Precision: 87.43%/83.75% | Recall: 88.37%/85.65% | F1: 87.55%/84.29% | Time: fit=002s, train=000s, test=000s, total=003s
Epoch  47: Train%/Test% | Accuracy: 88.15%/85.38% | Precision: 87.72%/84.11% | Recall: 88.31%/85.49% | F1: 87.94%/84.62% | Time: fit=002s, train=000s, test=000s, total=003s
Epoch  48: Train%/Test% | Accuracy: 89.22%/84.91% | Precision: 88.80%/83.63% | Recall: 89.50%/85.11% | F1: 89.04%/84.16% | Time: fit=002s, train=000s, test=000s, total=003s
Epoch  49: Train%/Test% | Accuracy: 89.45%/84.91% | Precision: 89.07%/83.61% | Recall: 89.43%/84.85% | F1: 89.23%/84.09% | Time: fit=002s, train=000s, test=000s, total=003s
Epoch  50: Train%/Test% | Accuracy: 88.39%/85.38% | Precision: 88.08%/84.16% | Recall: 88.08%/84.68% | F1: 88.08%/84.40% | Time: fit=002s, train=000s, test=000s, total=003s
Epoch  51: Train%/Test% | Accuracy: 89.81%/84.43% | Precision: 89.40%/83.23% | Recall: 89.93%/85.01% | F1: 89.61%/83.77% | Time: fit=002s, train=000s, test=000s, total=003s
Epoch  52: Train%/Test% | Accuracy: 84.72%/77.83% | Precision: 85.05%/79.16% | Recall: 85.94%/81.12% | F1: 84.66%/77.65% | Time: fit=002s, train=000s, test=000s, total=003s
Epoch  53: Train%/Test% | Accuracy: 82.82%/78.77% | Precision: 83.72%/80.11% | Recall: 84.38%/82.14% | F1: 82.79%/78.60% | Time: fit=002s, train=000s, test=000s, total=003s
Epoch  54: Train%/Test% | Accuracy: 83.53%/79.25% | Precision: 84.50%/80.77% | Recall: 85.15%/82.78% | F1: 83.51%/79.09% | Time: fit=002s, train=000s, test=000s, total=003s
Epoch  55: Train%/Test% | Accuracy: 88.74%/83.96% | Precision: 88.40%/82.89% | Recall: 89.29%/84.90% | F1: 88.61%/83.37% | Time: fit=002s, train=000s, test=000s, total=003s
Epoch  56: Train%/Test% | Accuracy: 88.98%/84.91% | Precision: 88.64%/84.10% | Recall: 89.53%/86.45% | F1: 88.85%/84.46% | Time: fit=002s, train=000s, test=000s, total=003s
Epoch  57: Train%/Test% | Accuracy: 88.74%/84.91% | Precision: 88.44%/84.10% | Recall: 89.37%/86.45% | F1: 88.62%/84.46% | Time: fit=002s, train=000s, test=000s, total=003s
Epoch  58: Train%/Test% | Accuracy: 88.86%/82.08% | Precision: 88.51%/81.26% | Recall: 89.39%/83.41% | F1: 88.72%/81.54% | Time: fit=002s, train=000s, test=000s, total=003s
Epoch  59: Train%/Test% | Accuracy: 88.98%/81.60% | Precision: 88.68%/80.87% | Recall: 89.61%/83.04% | F1: 88.86%/81.09% | Time: fit=002s, train=000s, test=000s, total=003s
Epoch  60: Train%/Test% | Accuracy: 89.69%/83.49% | Precision: 89.29%/82.36% | Recall: 90.06%/84.26% | F1: 89.54%/82.85% | Time: fit=002s, train=000s, test=000s, total=003s
Epoch  61: Train%/Test% | Accuracy: 90.76%/83.02% | Precision: 90.36%/81.93% | Recall: 91.06%/83.89% | F1: 90.60%/82.39% | Time: fit=002s, train=000s, test=000s, total=003s
Epoch  62: Train%/Test% | Accuracy: 89.10%/83.49% | Precision: 88.80%/82.94% | Recall: 89.75%/85.33% | F1: 88.98%/83.08% | Time: fit=002s, train=000s, test=000s, total=003s
Epoch  63: Train%/Test% | Accuracy: 88.98%/83.02% | Precision: 88.77%/82.57% | Recall: 89.77%/84.96% | F1: 88.88%/82.62% | Time: fit=002s, train=000s, test=000s, total=003s
Epoch  64: Train%/Test% | Accuracy: 88.63%/83.49% | Precision: 88.33%/82.47% | Recall: 89.26%/84.53% | F1: 88.50%/82.91% | Time: fit=002s, train=000s, test=000s, total=003s
Epoch  65: Train%/Test% | Accuracy: 89.81%/83.96% | Precision: 89.40%/82.71% | Recall: 89.97%/84.37% | F1: 89.62%/83.24% | Time: fit=002s, train=000s, test=000s, total=003s
Epoch  66: Train%/Test% | Accuracy: 89.45%/83.96% | Precision: 89.06%/82.89% | Recall: 89.82%/84.90% | F1: 89.30%/83.37% | Time: fit=002s, train=000s, test=000s, total=003s
Epoch  67: Train%/Test% | Accuracy: 89.34%/84.91% | Precision: 88.93%/83.68% | Recall: 89.64%/85.38% | F1: 89.17%/84.23% | Time: fit=002s, train=000s, test=000s, total=003s
Epoch  68: Train%/Test% | Accuracy: 88.86%/83.96% | Precision: 88.46%/82.79% | Recall: 89.19%/84.63% | F1: 88.69%/83.31% | Time: fit=002s, train=000s, test=000s, total=003s
Epoch  69: Train%/Test% | Accuracy: 88.74%/82.08% | Precision: 88.42%/81.26% | Recall: 89.33%/83.41% | F1: 88.61%/81.54% | Time: fit=002s, train=000s, test=000s, total=003s
Epoch  70: Train%/Test% | Accuracy: 89.57%/83.96% | Precision: 89.17%/82.79% | Recall: 89.88%/84.63% | F1: 89.41%/83.31% | Time: fit=002s, train=000s, test=000s, total=003s
Epoch  71: Train%/Test% | Accuracy: 88.39%/85.38% | Precision: 87.96%/84.14% | Recall: 88.59%/85.75% | F1: 88.19%/84.69% | Time: fit=002s, train=000s, test=000s, total=003s
Epoch  72: Train%/Test% | Accuracy: 88.86%/84.91% | Precision: 88.47%/83.75% | Recall: 89.27%/85.65% | F1: 88.70%/84.29% | Time: fit=002s, train=000s, test=000s, total=003s
Epoch  73: Train%/Test% | Accuracy: 88.74%/84.43% | Precision: 88.44%/83.42% | Recall: 89.37%/85.54% | F1: 88.62%/83.89% | Time: fit=002s, train=000s, test=000s, total=003s
Epoch  74: Train%/Test% | Accuracy: 88.03%/83.02% | Precision: 87.85%/82.57% | Recall: 88.83%/84.96% | F1: 87.93%/82.62% | Time: fit=002s, train=000s, test=000s, total=003s
Epoch  75: Train%/Test% | Accuracy: 88.74%/83.02% | Precision: 88.46%/82.38% | Recall: 89.40%/84.69% | F1: 88.62%/82.57% | Time: fit=002s, train=000s, test=000s, total=003s
Epoch  76: Train%/Test% | Accuracy: 88.27%/82.55% | Precision: 88.09%/82.20% | Recall: 89.07%/84.59% | F1: 88.17%/82.17% | Time: fit=002s, train=000s, test=000s, total=003s
Epoch  77: Train%/Test% | Accuracy: 88.03%/82.08% | Precision: 87.94%/81.84% | Recall: 88.95%/84.21% | F1: 87.94%/81.71% | Time: fit=002s, train=000s, test=000s, total=003s
Epoch  78: Train%/Test% | Accuracy: 85.43%/80.66% | Precision: 85.71%/81.06% | Recall: 86.63%/83.36% | F1: 85.36%/80.39% | Time: fit=002s, train=000s, test=000s, total=003s
Epoch  79: Train%/Test% | Accuracy: 85.66%/80.66% | Precision: 85.90%/81.06% | Recall: 86.83%/83.36% | F1: 85.60%/80.39% | Time: fit=002s, train=000s, test=000s, total=003s
Epoch  80: Train%/Test% | Accuracy: 86.73%/81.60% | Precision: 86.66%/81.48% | Recall: 87.63%/83.84% | F1: 86.63%/81.25% | Time: fit=002s, train=000s, test=000s, total=003s
Epoch  81: Train%/Test% | Accuracy: 88.86%/83.49% | Precision: 88.61%/82.94% | Recall: 89.58%/85.33% | F1: 88.75%/83.08% | Time: fit=002s, train=000s, test=000s, total=003s
Epoch  82: Train%/Test% | Accuracy: 90.64%/83.96% | Precision: 90.25%/83.01% | Recall: 91.04%/85.17% | F1: 90.50%/83.43% | Time: fit=002s, train=000s, test=000s, total=003s
Epoch  83: Train%/Test% | Accuracy: 88.27%/84.43% | Precision: 88.18%/83.89% | Recall: 89.19%/86.35% | F1: 88.18%/84.05% | Time: fit=002s, train=000s, test=000s, total=003s
Epoch  84: Train%/Test% | Accuracy: 88.27%/82.08% | Precision: 88.21%/81.62% | Recall: 89.23%/83.95% | F1: 88.19%/81.66% | Time: fit=002s, train=000s, test=000s, total=003s
Epoch  85: Train%/Test% | Accuracy: 88.74%/82.55% | Precision: 88.48%/81.65% | Recall: 89.44%/83.78% | F1: 88.63%/82.00% | Time: fit=002s, train=000s, test=000s, total=003s
Epoch  86: Train%/Test% | Accuracy: 88.15%/82.55% | Precision: 88.08%/82.00% | Recall: 89.09%/84.32% | F1: 88.06%/82.11% | Time: fit=002s, train=000s, test=000s, total=003s
Epoch  87: Train%/Test% | Accuracy: 88.15%/81.60% | Precision: 87.95%/81.05% | Recall: 88.93%/83.30% | F1: 88.04%/81.15% | Time: fit=002s, train=000s, test=000s, total=003s
Epoch  88: Train%/Test% | Accuracy: 88.63%/81.13% | Precision: 88.38%/80.48% | Recall: 89.34%/82.66% | F1: 88.51%/80.63% | Time: fit=002s, train=000s, test=000s, total=003s
Epoch  89: Train%/Test% | Accuracy: 88.15%/81.60% | Precision: 87.95%/80.87% | Recall: 88.93%/83.04% | F1: 88.04%/81.09% | Time: fit=002s, train=000s, test=000s, total=003s
Epoch  90: Train%/Test% | Accuracy: 89.10%/82.55% | Precision: 88.88%/81.81% | Recall: 89.87%/84.05% | F1: 89.00%/82.06% | Time: fit=002s, train=000s, test=000s, total=003s
Epoch  91: Train%/Test% | Accuracy: 87.09%/81.13% | Precision: 87.23%/81.39% | Recall: 88.21%/83.74% | F1: 87.02%/80.84% | Time: fit=002s, train=000s, test=000s, total=003s
Epoch  92: Train%/Test% | Accuracy: 89.22%/82.55% | Precision: 88.93%/81.52% | Recall: 89.89%/83.52% | F1: 89.10%/81.94% | Time: fit=002s, train=000s, test=000s, total=003s
Epoch  93: Train%/Test% | Accuracy: 88.15%/83.49% | Precision: 87.93%/82.60% | Recall: 88.89%/84.80% | F1: 88.04%/82.97% | Time: fit=002s, train=000s, test=000s, total=003s
Epoch  94: Train%/Test% | Accuracy: 89.69%/85.38% | Precision: 89.32%/84.14% | Recall: 89.63%/85.75% | F1: 89.46%/84.69% | Time: fit=002s, train=000s, test=000s, total=003s
Epoch  95: Train%/Test% | Accuracy: 88.39%/83.96% | Precision: 88.09%/82.79% | Recall: 89.02%/84.63% | F1: 88.26%/83.31% | Time: fit=002s, train=000s, test=000s, total=003s
Epoch  96: Train%/Test% | Accuracy: 89.22%/83.02% | Precision: 88.88%/81.83% | Recall: 89.77%/83.62% | F1: 89.09%/82.33% | Time: fit=002s, train=000s, test=000s, total=003s
Epoch  97: Train%/Test% | Accuracy: 87.09%/78.77% | Precision: 87.27%/79.17% | Recall: 88.25%/81.33% | F1: 87.02%/78.47% | Time: fit=002s, train=000s, test=000s, total=003s
Epoch  98: Train%/Test% | Accuracy: 84.95%/78.77% | Precision: 85.61%/79.78% | Recall: 86.41%/81.87% | F1: 84.92%/78.56% | Time: fit=002s, train=000s, test=000s, total=003s
Epoch  99: Train%/Test% | Accuracy: 87.44%/80.66% | Precision: 87.44%/80.79% | Recall: 88.44%/83.09% | F1: 87.36%/80.34% | Time: fit=002s, train=000s, test=000s, total=003s
Epoch 100: Train%/Test% | Accuracy: 86.49%/79.72% | Precision: 86.75%/80.72% | Recall: 87.70%/82.88% | F1: 86.43%/79.52% | Time: fit=002s, train=000s, test=000s, total=003s
Epoch 101: Train%/Test% | Accuracy: 87.09%/81.60% | Precision: 87.10%/82.00% | Recall: 88.09%/84.38% | F1: 87.00%/81.34% | Time: fit=002s, train=000s, test=000s, total=003s
Epoch 102: Train%/Test% | Accuracy: 88.15%/82.08% | Precision: 87.98%/81.84% | Recall: 88.97%/84.21% | F1: 88.05%/81.71% | Time: fit=002s, train=000s, test=000s, total=003s
Epoch 103: Train%/Test% | Accuracy: 89.22%/83.49% | Precision: 88.91%/82.47% | Recall: 89.85%/84.53% | F1: 89.10%/82.91% | Time: fit=002s, train=000s, test=000s, total=003s
Epoch 104: Train%/Test% | Accuracy: 88.39%/81.60% | Precision: 88.35%/81.26% | Recall: 89.37%/83.57% | F1: 88.31%/81.20% | Time: fit=002s, train=000s, test=000s, total=003s
Epoch 105: Train%/Test% | Accuracy: 86.26%/80.66% | Precision: 86.42%/81.06% | Recall: 87.38%/83.36% | F1: 86.19%/80.39% | Time: fit=002s, train=000s, test=000s, total=003s
Epoch 106: Train%/Test% | Accuracy: 86.02%/80.66% | Precision: 86.38%/81.06% | Recall: 87.29%/83.36% | F1: 85.97%/80.39% | Time: fit=002s, train=000s, test=000s, total=003s
Epoch 107: Train%/Test% | Accuracy: 88.63%/83.49% | Precision: 88.33%/82.36% | Recall: 89.26%/84.26% | F1: 88.50%/82.85% | Time: fit=002s, train=000s, test=000s, total=003s
Epoch 108: Train%/Test% | Accuracy: 84.83%/79.72% | Precision: 85.59%/80.41% | Recall: 86.35%/82.62% | F1: 84.80%/79.48% | Time: fit=002s, train=000s, test=000s, total=003s
Epoch 109: Train%/Test% | Accuracy: 85.19%/78.77% | Precision: 85.85%/79.46% | Recall: 86.66%/81.60% | F1: 85.15%/78.52% | Time: fit=002s, train=000s, test=000s, total=003s
Epoch 110: Train%/Test% | Accuracy: 84.00%/76.89% | Precision: 84.98%/78.57% | Recall: 85.64%/80.38% | F1: 83.98%/76.74% | Time: fit=002s, train=000s, test=000s, total=003s
Epoch 111: Train%/Test% | Accuracy: 86.37%/80.66% | Precision: 86.52%/80.54% | Recall: 87.48%/82.83% | F1: 86.30%/80.29% | Time: fit=002s, train=000s, test=000s, total=003s
Epoch 112: Train%/Test% | Accuracy: 88.63%/83.96% | Precision: 88.49%/83.15% | Recall: 89.50%/85.44% | F1: 88.53%/83.49% | Time: fit=002s, train=000s, test=000s, total=003s
Epoch 113: Train%/Test% | Accuracy: 89.22%/83.02% | Precision: 88.98%/82.06% | Recall: 89.97%/84.16% | F1: 89.11%/82.46% | Time: fit=002s, train=000s, test=000s, total=003s
Epoch 114: Train%/Test% | Accuracy: 89.22%/83.49% | Precision: 88.96%/82.60% | Recall: 89.93%/84.80% | F1: 89.11%/82.97% | Time: fit=002s, train=000s, test=000s, total=003s
Epoch 115: Train%/Test% | Accuracy: 88.63%/81.60% | Precision: 88.55%/81.05% | Recall: 89.58%/83.30% | F1: 88.54%/81.15% | Time: fit=002s, train=000s, test=000s, total=003s
Epoch 116: Train%/Test% | Accuracy: 88.98%/82.55% | Precision: 88.86%/81.81% | Recall: 89.88%/84.05% | F1: 88.89%/82.06% | Time: fit=002s, train=000s, test=000s, total=003s
Epoch 117: Train%/Test% | Accuracy: 88.86%/83.02% | Precision: 88.59%/82.06% | Recall: 89.55%/84.16% | F1: 88.75%/82.46% | Time: fit=002s, train=000s, test=000s, total=003s
Epoch 118: Train%/Test% | Accuracy: 89.45%/83.49% | Precision: 89.15%/82.60% | Recall: 90.10%/84.80% | F1: 89.34%/82.97% | Time: fit=002s, train=000s, test=000s, total=003s
Epoch 119: Train%/Test% | Accuracy: 87.32%/80.19% | Precision: 87.27%/79.95% | Recall: 88.26%/82.19% | F1: 87.23%/79.78% | Time: fit=002s, train=000s, test=000s, total=003s
Epoch 120: Train%/Test% | Accuracy: 84.36%/77.36% | Precision: 84.99%/78.20% | Recall: 85.79%/80.21% | F1: 84.32%/77.11% | Time: fit=002s, train=000s, test=000s, total=003s
Epoch 121: Train%/Test% | Accuracy: 85.07%/75.94% | Precision: 85.53%/76.93% | Recall: 86.40%/78.83% | F1: 85.02%/75.71% | Time: fit=002s, train=000s, test=000s, total=003s
Epoch 122: Train%/Test% | Accuracy: 85.43%/76.42% | Precision: 85.92%/77.57% | Recall: 86.78%/79.47% | F1: 85.38%/76.20% | Time: fit=002s, train=000s, test=000s, total=003s
Epoch 123: Train%/Test% | Accuracy: 84.95%/76.89% | Precision: 85.61%/77.88% | Recall: 86.41%/79.84% | F1: 84.92%/76.66% | Time: fit=002s, train=000s, test=000s, total=003s
Epoch 124: Train%/Test% | Accuracy: 85.19%/75.47% | Precision: 85.85%/76.96% | Recall: 86.66%/78.72% | F1: 85.15%/75.29% | Time: fit=002s, train=000s, test=000s, total=003s
Epoch 125: Train%/Test% | Accuracy: 85.31%/75.00% | Precision: 85.94%/75.99% | Recall: 86.76%/77.81% | F1: 85.27%/74.75% | Time: fit=002s, train=000s, test=000s, total=003s
Epoch 126: Train%/Test% | Accuracy: 87.32%/77.83% | Precision: 87.38%/78.23% | Recall: 88.38%/80.32% | F1: 87.25%/77.52% | Time: fit=002s, train=000s, test=000s, total=003s
Epoch 127: Train%/Test% | Accuracy: 85.78%/76.42% | Precision: 86.30%/77.25% | Recall: 87.17%/79.20% | F1: 85.74%/76.16% | Time: fit=002s, train=000s, test=000s, total=003s
Epoch 128: Train%/Test% | Accuracy: 87.68%/77.36% | Precision: 87.72%/77.90% | Recall: 88.72%/79.95% | F1: 87.60%/77.06% | Time: fit=002s, train=000s, test=000s, total=003s
Epoch 129: Train%/Test% | Accuracy: 88.63%/80.19% | Precision: 88.40%/79.73% | Recall: 89.38%/81.92% | F1: 88.52%/79.73% | Time: fit=002s, train=000s, test=000s, total=003s
Epoch 130: Train%/Test% | Accuracy: 87.20%/76.42% | Precision: 87.51%/77.25% | Recall: 88.47%/79.20% | F1: 87.15%/76.16% | Time: fit=002s, train=000s, test=000s, total=003s
Epoch 131: Train%/Test% | Accuracy: 89.10%/80.66% | Precision: 89.06%/80.10% | Recall: 90.10%/82.29% | F1: 89.02%/80.18% | Time: fit=002s, train=000s, test=000s, total=003s
Epoch 132: Train%/Test% | Accuracy: 86.49%/79.25% | Precision: 87.01%/79.50% | Recall: 87.90%/81.71% | F1: 86.45%/78.93% | Time: fit=002s, train=000s, test=000s, total=003s
Epoch 133: Train%/Test% | Accuracy: 87.80%/78.77% | Precision: 88.03%/79.46% | Recall: 89.02%/81.60% | F1: 87.74%/78.52% | Time: fit=002s, train=000s, test=000s, total=003s
Epoch 134: Train%/Test% | Accuracy: 86.37%/76.89% | Precision: 87.04%/78.21% | Recall: 87.87%/80.11% | F1: 86.34%/76.70% | Time: fit=002s, train=000s, test=000s, total=003s
Epoch 135: Train%/Test% | Accuracy: 84.72%/75.47% | Precision: 85.84%/77.70% | Recall: 86.44%/79.26% | F1: 84.70%/75.36% | Time: fit=002s, train=000s, test=000s, total=003s
Epoch 136: Train%/Test% | Accuracy: 86.14%/77.83% | Precision: 86.87%/78.83% | Recall: 87.67%/80.86% | F1: 86.11%/77.61% | Time: fit=002s, train=000s, test=000s, total=003s
Epoch 137: Train%/Test% | Accuracy: 85.31%/77.83% | Precision: 86.00%/79.52% | Recall: 86.80%/81.39% | F1: 85.27%/77.69% | Time: fit=002s, train=000s, test=000s, total=003s
Epoch 138: Train%/Test% | Accuracy: 87.09%/79.72% | Precision: 87.14%/79.84% | Recall: 88.13%/82.08% | F1: 87.01%/79.38% | Time: fit=002s, train=000s, test=000s, total=003s
Epoch 139: Train%/Test% | Accuracy: 86.49%/76.42% | Precision: 86.70%/77.25% | Recall: 87.66%/79.20% | F1: 86.43%/76.16% | Time: fit=002s, train=000s, test=000s, total=003s
Epoch 140: Train%/Test% | Accuracy: 84.48%/75.94% | Precision: 85.60%/78.38% | Recall: 86.20%/79.90% | F1: 84.46%/75.85% | Time: fit=002s, train=000s, test=000s, total=003s
Epoch 141: Train%/Test% | Accuracy: 86.26%/75.94% | Precision: 86.72%/77.61% | Recall: 87.61%/79.36% | F1: 86.21%/75.79% | Time: fit=002s, train=000s, test=000s, total=003s
Epoch 142: Train%/Test% | Accuracy: 85.43%/76.42% | Precision: 86.15%/78.66% | Recall: 86.94%/80.27% | F1: 85.40%/76.31% | Time: fit=002s, train=000s, test=000s, total=003s
Epoch 143: Train%/Test% | Accuracy: 84.95%/76.42% | Precision: 85.67%/78.66% | Recall: 86.45%/80.27% | F1: 84.92%/76.31% | Time: fit=002s, train=000s, test=000s, total=003s
Epoch 144: Train%/Test% | Accuracy: 85.31%/75.94% | Precision: 86.13%/78.38% | Recall: 86.88%/79.90% | F1: 85.28%/75.85% | Time: fit=002s, train=000s, test=000s, total=003s
Epoch 145: Train%/Test% | Accuracy: 86.14%/78.30% | Precision: 86.63%/79.47% | Recall: 87.51%/81.50% | F1: 86.09%/78.11% | Time: fit=002s, train=000s, test=000s, total=003s
Epoch 146: Train%/Test% | Accuracy: 88.86%/83.02% | Precision: 88.61%/82.38% | Recall: 89.58%/84.69% | F1: 88.75%/82.57% | Time: fit=002s, train=000s, test=000s, total=003s
Epoch 147: Train%/Test% | Accuracy: 89.10%/82.08% | Precision: 89.03%/81.43% | Recall: 90.06%/83.68% | F1: 89.02%/81.60% | Time: fit=002s, train=000s, test=000s, total=003s
Epoch 148: Train%/Test% | Accuracy: 89.22%/83.02% | Precision: 89.06%/82.38% | Recall: 90.09%/84.69% | F1: 89.13%/82.57% | Time: fit=002s, train=000s, test=000s, total=003s
Epoch 149: Train%/Test% | Accuracy: 89.34%/82.08% | Precision: 89.20%/81.43% | Recall: 90.23%/83.68% | F1: 89.25%/81.60% | Time: fit=002s, train=000s, test=000s, total=003s
Epoch 150: Train%/Test% | Accuracy: 87.91%/82.08% | Precision: 88.08%/81.84% | Recall: 89.08%/84.21% | F1: 87.85%/81.71% | Time: fit=002s, train=000s, test=000s, total=003s
