[nltk_data] Downloading package wordnet to /home/bjorvl16/nltk_data...
[nltk_data]   Package wordnet is already up-to-date!
[nltk_data] Downloading package stopwords to
[nltk_data]     /home/bjorvl16/nltk_data...
[nltk_data]   Package stopwords is already up-to-date!
[*] Load dataset...
[*] Fix malformed data...
[*] Split...
[*] Encoding...
[*] Encoding feature: domain... 34
==============================
Using GPU for training
Dataset: FakeNewsNet-politifact
TMU params: num-clauses=5000, T=150, s=10.0
Epochs: 150
Feature(s): domain
max-vocab=15000, max-domain=500, max-tweet=500
====================
Train size: 844
Train classes: 2
Test size: 212
Test classes: 2
Total features: 34
==============================
[*] Training for 150 epochs...
Epoch   1: Train%/Test% | Accuracy: 72.04%/74.06% | Precision: 71.89%/73.29% | Recall: 72.47%/74.92% | F1: 71.81%/73.33% | Time: fit=002s, train=000s, test=000s, total=003s
Epoch   2: Train%/Test% | Accuracy: 75.59%/78.77% | Precision: 75.06%/77.19% | Recall: 74.39%/77.85% | F1: 74.63%/77.47% | Time: fit=002s, train=000s, test=000s, total=003s
Epoch   3: Train%/Test% | Accuracy: 73.46%/71.70% | Precision: 75.58%/75.08% | Recall: 75.50%/76.00% | F1: 73.46%/71.66% | Time: fit=002s, train=000s, test=000s, total=003s
Epoch   4: Train%/Test% | Accuracy: 74.17%/71.70% | Precision: 76.15%/74.65% | Recall: 76.15%/75.74% | F1: 74.17%/71.64% | Time: fit=002s, train=000s, test=000s, total=003s
Epoch   5: Train%/Test% | Accuracy: 79.98%/82.08% | Precision: 80.24%/80.80% | Recall: 78.33%/80.46% | F1: 78.87%/80.63% | Time: fit=002s, train=000s, test=000s, total=003s
Epoch   6: Train%/Test% | Accuracy: 80.57%/83.49% | Precision: 81.79%/83.11% | Recall: 78.40%/80.78% | F1: 79.15%/81.66% | Time: fit=002s, train=000s, test=000s, total=003s
Epoch   7: Train%/Test% | Accuracy: 81.52%/81.13% | Precision: 83.75%/80.99% | Recall: 79.02%/77.57% | F1: 79.92%/78.67% | Time: fit=002s, train=000s, test=000s, total=003s
Epoch   8: Train%/Test% | Accuracy: 81.75%/82.08% | Precision: 82.11%/80.90% | Recall: 80.21%/80.20% | F1: 80.78%/80.51% | Time: fit=002s, train=000s, test=000s, total=003s
Epoch   9: Train%/Test% | Accuracy: 81.87%/82.08% | Precision: 83.00%/81.59% | Recall: 79.88%/79.12% | F1: 80.64%/80.02% | Time: fit=002s, train=000s, test=000s, total=003s
Epoch  10: Train%/Test% | Accuracy: 81.75%/83.49% | Precision: 82.05%/82.29% | Recall: 80.25%/82.12% | F1: 80.80%/82.20% | Time: fit=002s, train=000s, test=000s, total=003s
Epoch  11: Train%/Test% | Accuracy: 81.16%/83.49% | Precision: 81.29%/82.22% | Recall: 79.74%/82.39% | F1: 80.23%/82.30% | Time: fit=002s, train=000s, test=000s, total=003s
Epoch  12: Train%/Test% | Accuracy: 81.28%/83.49% | Precision: 81.49%/82.29% | Recall: 79.80%/82.12% | F1: 80.32%/82.20% | Time: fit=002s, train=000s, test=000s, total=003s
Epoch  13: Train%/Test% | Accuracy: 82.23%/83.02% | Precision: 82.80%/81.83% | Recall: 80.58%/81.48% | F1: 81.21%/81.65% | Time: fit=002s, train=000s, test=000s, total=003s
Epoch  14: Train%/Test% | Accuracy: 80.21%/81.60% | Precision: 79.94%/80.17% | Recall: 79.12%/80.63% | F1: 79.43%/80.38% | Time: fit=002s, train=000s, test=000s, total=003s
Epoch  15: Train%/Test% | Accuracy: 80.69%/80.66% | Precision: 80.36%/79.17% | Recall: 79.72%/79.88% | F1: 79.98%/79.47% | Time: fit=002s, train=000s, test=000s, total=003s
Epoch  16: Train%/Test% | Accuracy: 83.29%/82.55% | Precision: 84.22%/81.64% | Recall: 81.54%/80.30% | F1: 82.27%/80.86% | Time: fit=002s, train=000s, test=000s, total=003s
Epoch  17: Train%/Test% | Accuracy: 83.06%/82.08% | Precision: 84.51%/81.19% | Recall: 81.02%/79.66% | F1: 81.86%/80.28% | Time: fit=002s, train=000s, test=000s, total=003s
Epoch  18: Train%/Test% | Accuracy: 82.94%/81.60% | Precision: 85.33%/81.42% | Recall: 80.52%/78.21% | F1: 81.49%/79.28% | Time: fit=002s, train=000s, test=000s, total=003s
Epoch  19: Train%/Test% | Accuracy: 82.94%/81.60% | Precision: 84.80%/81.16% | Recall: 80.72%/78.48% | F1: 81.62%/79.42% | Time: fit=002s, train=000s, test=000s, total=003s
Epoch  20: Train%/Test% | Accuracy: 83.18%/82.08% | Precision: 85.18%/81.37% | Recall: 80.92%/79.39% | F1: 81.85%/80.15% | Time: fit=002s, train=000s, test=000s, total=003s
Epoch  21: Train%/Test% | Accuracy: 83.65%/82.55% | Precision: 85.95%/82.55% | Recall: 81.33%/79.23% | F1: 82.31%/80.34% | Time: fit=002s, train=000s, test=000s, total=003s
Epoch  22: Train%/Test% | Accuracy: 83.18%/82.55% | Precision: 85.18%/82.27% | Recall: 80.92%/79.50% | F1: 81.85%/80.48% | Time: fit=002s, train=000s, test=000s, total=003s
Epoch  23: Train%/Test% | Accuracy: 84.12%/82.08% | Precision: 85.60%/81.59% | Recall: 82.17%/79.12% | F1: 83.03%/80.02% | Time: fit=002s, train=000s, test=000s, total=003s
Epoch  24: Train%/Test% | Accuracy: 83.77%/81.13% | Precision: 84.75%/80.12% | Recall: 82.02%/78.65% | F1: 82.77%/79.24% | Time: fit=002s, train=000s, test=000s, total=003s
Epoch  25: Train%/Test% | Accuracy: 83.77%/81.13% | Precision: 84.90%/80.29% | Recall: 81.94%/78.38% | F1: 82.73%/79.11% | Time: fit=002s, train=000s, test=000s, total=003s
Epoch  26: Train%/Test% | Accuracy: 83.65%/82.08% | Precision: 84.97%/81.37% | Recall: 81.72%/79.39% | F1: 82.55%/80.15% | Time: fit=002s, train=000s, test=000s, total=003s
Epoch  27: Train%/Test% | Accuracy: 83.77%/82.55% | Precision: 85.06%/81.81% | Recall: 81.86%/80.03% | F1: 82.69%/80.74% | Time: fit=002s, train=000s, test=000s, total=003s
Epoch  28: Train%/Test% | Accuracy: 84.00%/82.55% | Precision: 85.09%/81.81% | Recall: 82.23%/80.03% | F1: 83.00%/80.74% | Time: fit=002s, train=000s, test=000s, total=003s
Epoch  29: Train%/Test% | Accuracy: 83.06%/81.13% | Precision: 83.44%/79.78% | Recall: 81.61%/79.45% | F1: 82.18%/79.61% | Time: fit=002s, train=000s, test=000s, total=003s
Epoch  30: Train%/Test% | Accuracy: 83.89%/82.55% | Precision: 84.56%/81.37% | Recall: 82.32%/80.84% | F1: 82.99%/81.08% | Time: fit=002s, train=000s, test=000s, total=003s
Epoch  31: Train%/Test% | Accuracy: 84.12%/81.60% | Precision: 84.96%/80.34% | Recall: 82.48%/79.82% | F1: 83.20%/80.06% | Time: fit=002s, train=000s, test=000s, total=003s
Epoch  32: Train%/Test% | Accuracy: 84.48%/82.08% | Precision: 85.05%/80.80% | Recall: 83.03%/80.46% | F1: 83.66%/80.63% | Time: fit=002s, train=000s, test=000s, total=003s
Epoch  33: Train%/Test% | Accuracy: 84.24%/82.08% | Precision: 84.67%/80.90% | Recall: 82.86%/80.20% | F1: 83.45%/80.51% | Time: fit=002s, train=000s, test=000s, total=003s
Epoch  34: Train%/Test% | Accuracy: 83.89%/81.13% | Precision: 84.10%/79.68% | Recall: 82.63%/79.98% | F1: 83.14%/79.82% | Time: fit=002s, train=000s, test=000s, total=003s
Epoch  35: Train%/Test% | Accuracy: 84.00%/83.49% | Precision: 84.36%/82.40% | Recall: 82.66%/81.85% | F1: 83.22%/82.10% | Time: fit=002s, train=000s, test=000s, total=003s
Epoch  36: Train%/Test% | Accuracy: 84.72%/83.02% | Precision: 85.19%/81.83% | Recall: 83.35%/81.48% | F1: 83.94%/81.65% | Time: fit=002s, train=000s, test=000s, total=003s
Epoch  37: Train%/Test% | Accuracy: 85.07%/81.60% | Precision: 85.54%/80.25% | Recall: 83.73%/80.09% | F1: 84.33%/80.17% | Time: fit=002s, train=000s, test=000s, total=003s
Epoch  38: Train%/Test% | Accuracy: 84.60%/83.02% | Precision: 84.97%/82.08% | Recall: 83.28%/80.94% | F1: 83.85%/81.43% | Time: fit=002s, train=000s, test=000s, total=003s
Epoch  39: Train%/Test% | Accuracy: 85.07%/81.60% | Precision: 85.54%/80.34% | Recall: 83.73%/79.82% | F1: 84.33%/80.06% | Time: fit=002s, train=000s, test=000s, total=003s
Epoch  40: Train%/Test% | Accuracy: 84.72%/83.49% | Precision: 86.13%/82.69% | Recall: 82.84%/81.31% | F1: 83.70%/81.89% | Time: fit=002s, train=000s, test=000s, total=003s
Epoch  41: Train%/Test% | Accuracy: 84.36%/81.60% | Precision: 86.05%/80.93% | Recall: 82.34%/78.75% | F1: 83.24%/79.56% | Time: fit=002s, train=000s, test=000s, total=003s
Epoch  42: Train%/Test% | Accuracy: 84.48%/81.60% | Precision: 85.87%/80.58% | Recall: 82.59%/79.29% | F1: 83.44%/79.82% | Time: fit=002s, train=000s, test=000s, total=003s
Epoch  43: Train%/Test% | Accuracy: 83.77%/80.66% | Precision: 84.22%/79.24% | Recall: 82.34%/79.08% | F1: 82.93%/79.15% | Time: fit=002s, train=000s, test=000s, total=003s
Epoch  44: Train%/Test% | Accuracy: 84.36%/83.49% | Precision: 85.45%/82.89% | Recall: 82.61%/81.05% | F1: 83.39%/81.78% | Time: fit=002s, train=000s, test=000s, total=003s
Epoch  45: Train%/Test% | Accuracy: 84.48%/82.08% | Precision: 85.46%/81.19% | Recall: 82.79%/79.66% | F1: 83.55%/80.28% | Time: fit=002s, train=000s, test=000s, total=003s
Epoch  46: Train%/Test% | Accuracy: 84.48%/82.08% | Precision: 85.70%/81.19% | Recall: 82.67%/79.66% | F1: 83.49%/80.28% | Time: fit=002s, train=000s, test=000s, total=003s
Epoch  47: Train%/Test% | Accuracy: 84.36%/82.08% | Precision: 85.02%/81.03% | Recall: 82.85%/79.93% | F1: 83.51%/80.40% | Time: fit=002s, train=000s, test=000s, total=003s
Epoch  48: Train%/Test% | Accuracy: 84.48%/81.13% | Precision: 85.39%/79.87% | Recall: 82.83%/79.18% | F1: 83.56%/79.49% | Time: fit=002s, train=000s, test=000s, total=003s
Epoch  49: Train%/Test% | Accuracy: 84.83%/82.55% | Precision: 87.23%/82.27% | Recall: 82.59%/79.50% | F1: 83.62%/80.48% | Time: fit=002s, train=000s, test=000s, total=003s
Epoch  50: Train%/Test% | Accuracy: 84.72%/83.49% | Precision: 86.13%/82.89% | Recall: 82.84%/81.05% | F1: 83.70%/81.78% | Time: fit=002s, train=000s, test=000s, total=003s
Epoch  51: Train%/Test% | Accuracy: 85.19%/82.55% | Precision: 86.50%/81.64% | Recall: 83.40%/80.30% | F1: 84.24%/80.86% | Time: fit=002s, train=000s, test=000s, total=003s
Epoch  52: Train%/Test% | Accuracy: 84.72%/82.55% | Precision: 85.80%/81.81% | Recall: 82.99%/80.03% | F1: 83.78%/80.74% | Time: fit=002s, train=000s, test=000s, total=003s
Epoch  53: Train%/Test% | Accuracy: 84.83%/83.96% | Precision: 86.22%/83.32% | Recall: 82.98%/81.69% | F1: 83.83%/82.35% | Time: fit=002s, train=000s, test=000s, total=003s
Epoch  54: Train%/Test% | Accuracy: 85.31%/84.91% | Precision: 87.34%/84.89% | Recall: 83.23%/82.17% | F1: 84.22%/83.17% | Time: fit=002s, train=000s, test=000s, total=003s
Epoch  55: Train%/Test% | Accuracy: 85.43%/83.96% | Precision: 87.53%/84.08% | Recall: 83.33%/80.88% | F1: 84.33%/82.00% | Time: fit=002s, train=000s, test=000s, total=003s
Epoch  56: Train%/Test% | Accuracy: 85.78%/82.08% | Precision: 87.20%/81.19% | Recall: 83.99%/79.66% | F1: 84.86%/80.28% | Time: fit=002s, train=000s, test=000s, total=003s
Epoch  57: Train%/Test% | Accuracy: 85.90%/83.96% | Precision: 87.29%/83.32% | Recall: 84.13%/81.69% | F1: 85.00%/82.35% | Time: fit=002s, train=000s, test=000s, total=003s
Epoch  58: Train%/Test% | Accuracy: 86.14%/82.08% | Precision: 87.93%/81.19% | Recall: 84.22%/79.66% | F1: 85.18%/80.28% | Time: fit=002s, train=000s, test=000s, total=003s
Epoch  59: Train%/Test% | Accuracy: 85.55%/83.49% | Precision: 86.85%/82.89% | Recall: 83.79%/81.05% | F1: 84.63%/81.78% | Time: fit=002s, train=000s, test=000s, total=003s
Epoch  60: Train%/Test% | Accuracy: 85.55%/83.49% | Precision: 86.77%/82.89% | Recall: 83.83%/81.05% | F1: 84.65%/81.78% | Time: fit=002s, train=000s, test=000s, total=003s
Epoch  61: Train%/Test% | Accuracy: 84.95%/83.49% | Precision: 85.77%/82.53% | Recall: 83.40%/81.58% | F1: 84.10%/82.00% | Time: fit=002s, train=000s, test=000s, total=003s
Epoch  62: Train%/Test% | Accuracy: 85.31%/82.55% | Precision: 86.19%/81.49% | Recall: 83.74%/80.57% | F1: 84.47%/80.97% | Time: fit=002s, train=000s, test=000s, total=003s
Epoch  63: Train%/Test% | Accuracy: 85.31%/83.02% | Precision: 85.99%/81.94% | Recall: 83.86%/81.21% | F1: 84.52%/81.54% | Time: fit=002s, train=000s, test=000s, total=003s
Epoch  64: Train%/Test% | Accuracy: 85.19%/83.49% | Precision: 86.17%/82.69% | Recall: 83.56%/81.31% | F1: 84.32%/81.89% | Time: fit=002s, train=000s, test=000s, total=003s
Epoch  65: Train%/Test% | Accuracy: 85.07%/83.02% | Precision: 86.08%/81.94% | Recall: 83.42%/81.21% | F1: 84.18%/81.54% | Time: fit=002s, train=000s, test=000s, total=003s
Epoch  66: Train%/Test% | Accuracy: 85.55%/82.08% | Precision: 86.46%/80.80% | Recall: 83.98%/80.46% | F1: 84.72%/80.63% | Time: fit=002s, train=000s, test=000s, total=003s
Epoch  67: Train%/Test% | Accuracy: 84.95%/82.08% | Precision: 85.63%/80.73% | Recall: 83.47%/80.73% | F1: 84.14%/80.73% | Time: fit=002s, train=000s, test=000s, total=003s
Epoch  68: Train%/Test% | Accuracy: 84.24%/81.13% | Precision: 84.36%/79.67% | Recall: 83.10%/80.52% | F1: 83.55%/80.02% | Time: fit=002s, train=000s, test=000s, total=003s
Epoch  69: Train%/Test% | Accuracy: 85.43%/82.55% | Precision: 85.78%/81.17% | Recall: 84.20%/81.64% | F1: 84.74%/81.38% | Time: fit=002s, train=000s, test=000s, total=003s
Epoch  70: Train%/Test% | Accuracy: 85.55%/83.02% | Precision: 86.18%/81.75% | Recall: 84.14%/81.75% | F1: 84.79%/81.75% | Time: fit=002s, train=000s, test=000s, total=003s
Epoch  71: Train%/Test% | Accuracy: 84.83%/82.55% | Precision: 85.02%/81.17% | Recall: 83.68%/81.64% | F1: 84.16%/81.38% | Time: fit=002s, train=000s, test=000s, total=003s
Epoch  72: Train%/Test% | Accuracy: 85.90%/83.49% | Precision: 86.53%/82.29% | Recall: 84.52%/82.12% | F1: 85.17%/82.20% | Time: fit=002s, train=000s, test=000s, total=003s
Epoch  73: Train%/Test% | Accuracy: 85.31%/83.96% | Precision: 85.80%/82.76% | Recall: 83.98%/82.76% | F1: 84.57%/82.76% | Time: fit=002s, train=000s, test=000s, total=003s
Epoch  74: Train%/Test% | Accuracy: 85.19%/83.96% | Precision: 85.76%/82.76% | Recall: 83.80%/82.76% | F1: 84.42%/82.76% | Time: fit=002s, train=000s, test=000s, total=003s
Epoch  75: Train%/Test% | Accuracy: 85.31%/84.43% | Precision: 86.19%/83.31% | Recall: 83.74%/83.13% | F1: 84.47%/83.22% | Time: fit=002s, train=000s, test=000s, total=003s
Epoch  76: Train%/Test% | Accuracy: 85.55%/83.49% | Precision: 86.46%/82.29% | Recall: 83.98%/82.12% | F1: 84.72%/82.20% | Time: fit=002s, train=000s, test=000s, total=003s
Epoch  77: Train%/Test% | Accuracy: 85.31%/83.49% | Precision: 86.05%/82.29% | Recall: 83.82%/82.12% | F1: 84.51%/82.20% | Time: fit=002s, train=000s, test=000s, total=003s
Epoch  78: Train%/Test% | Accuracy: 85.31%/83.02% | Precision: 86.34%/81.94% | Recall: 83.66%/81.21% | F1: 84.43%/81.54% | Time: fit=002s, train=000s, test=000s, total=003s
Epoch  79: Train%/Test% | Accuracy: 85.78%/83.02% | Precision: 87.03%/82.25% | Recall: 84.07%/80.67% | F1: 84.90%/81.32% | Time: fit=002s, train=000s, test=000s, total=003s
Epoch  80: Train%/Test% | Accuracy: 85.90%/82.55% | Precision: 86.67%/81.27% | Recall: 84.45%/81.10% | F1: 85.14%/81.19% | Time: fit=002s, train=000s, test=000s, total=003s
Epoch  81: Train%/Test% | Accuracy: 85.78%/82.55% | Precision: 86.37%/81.27% | Recall: 84.42%/81.10% | F1: 85.06%/81.19% | Time: fit=002s, train=000s, test=000s, total=003s
Epoch  82: Train%/Test% | Accuracy: 84.95%/83.02% | Precision: 85.50%/81.83% | Recall: 83.55%/81.48% | F1: 84.18%/81.65% | Time: fit=002s, train=000s, test=000s, total=003s
Epoch  83: Train%/Test% | Accuracy: 85.43%/82.08% | Precision: 86.44%/80.90% | Recall: 83.80%/80.20% | F1: 84.57%/80.51% | Time: fit=002s, train=000s, test=000s, total=003s
Epoch  84: Train%/Test% | Accuracy: 85.55%/82.55% | Precision: 86.69%/81.49% | Recall: 83.87%/80.57% | F1: 84.67%/80.97% | Time: fit=002s, train=000s, test=000s, total=003s
Epoch  85: Train%/Test% | Accuracy: 85.19%/83.49% | Precision: 86.03%/82.53% | Recall: 83.64%/81.58% | F1: 84.35%/82.00% | Time: fit=002s, train=000s, test=000s, total=003s
Epoch  86: Train%/Test% | Accuracy: 85.90%/83.02% | Precision: 87.76%/82.69% | Recall: 83.94%/80.14% | F1: 84.90%/81.07% | Time: fit=002s, train=000s, test=000s, total=003s
Epoch  87: Train%/Test% | Accuracy: 85.55%/83.02% | Precision: 86.85%/82.46% | Recall: 83.79%/80.41% | F1: 84.63%/81.20% | Time: fit=002s, train=000s, test=000s, total=003s
Epoch  88: Train%/Test% | Accuracy: 85.78%/83.49% | Precision: 87.29%/82.89% | Recall: 83.95%/81.05% | F1: 84.84%/81.78% | Time: fit=002s, train=000s, test=000s, total=003s
Epoch  89: Train%/Test% | Accuracy: 86.02%/83.02% | Precision: 87.47%/82.08% | Recall: 84.23%/80.94% | F1: 85.11%/81.43% | Time: fit=002s, train=000s, test=000s, total=003s
Epoch  90: Train%/Test% | Accuracy: 86.61%/83.49% | Precision: 88.09%/82.53% | Recall: 84.86%/81.58% | F1: 85.75%/82.00% | Time: fit=002s, train=000s, test=000s, total=003s
Epoch  91: Train%/Test% | Accuracy: 86.37%/83.49% | Precision: 88.01%/83.38% | Recall: 84.54%/80.51% | F1: 85.47%/81.53% | Time: fit=002s, train=000s, test=000s, total=003s
Epoch  92: Train%/Test% | Accuracy: 85.90%/82.08% | Precision: 88.08%/81.84% | Recall: 83.82%/78.86% | F1: 84.84%/79.88% | Time: fit=002s, train=000s, test=000s, total=003s
Epoch  93: Train%/Test% | Accuracy: 86.61%/83.96% | Precision: 88.37%/83.32% | Recall: 84.75%/81.69% | F1: 85.70%/82.35% | Time: fit=002s, train=000s, test=000s, total=003s
Epoch  94: Train%/Test% | Accuracy: 86.37%/83.02% | Precision: 87.41%/81.94% | Recall: 84.82%/81.21% | F1: 85.59%/81.54% | Time: fit=002s, train=000s, test=000s, total=003s
Epoch  95: Train%/Test% | Accuracy: 85.31%/81.13% | Precision: 85.92%/79.72% | Recall: 83.90%/79.72% | F1: 84.54%/79.72% | Time: fit=002s, train=000s, test=000s, total=003s
Epoch  96: Train%/Test% | Accuracy: 85.31%/81.13% | Precision: 85.92%/79.68% | Recall: 83.90%/79.98% | F1: 84.54%/79.82% | Time: fit=002s, train=000s, test=000s, total=003s
Epoch  97: Train%/Test% | Accuracy: 85.31%/80.19% | Precision: 85.68%/78.67% | Recall: 84.05%/78.97% | F1: 84.61%/78.81% | Time: fit=002s, train=000s, test=000s, total=003s
Epoch  98: Train%/Test% | Accuracy: 85.43%/83.02% | Precision: 86.22%/81.83% | Recall: 83.92%/81.48% | F1: 84.62%/81.65% | Time: fit=002s, train=000s, test=000s, total=003s
Epoch  99: Train%/Test% | Accuracy: 85.66%/82.55% | Precision: 86.62%/81.49% | Recall: 84.09%/80.57% | F1: 84.84%/80.97% | Time: fit=002s, train=000s, test=000s, total=003s
Epoch 100: Train%/Test% | Accuracy: 85.31%/82.08% | Precision: 86.05%/80.90% | Recall: 83.82%/80.20% | F1: 84.51%/80.51% | Time: fit=002s, train=000s, test=000s, total=003s
Epoch 101: Train%/Test% | Accuracy: 85.31%/83.96% | Precision: 86.34%/83.13% | Recall: 83.66%/81.96% | F1: 84.43%/82.46% | Time: fit=002s, train=000s, test=000s, total=003s
Epoch 102: Train%/Test% | Accuracy: 83.77%/81.13% | Precision: 83.82%/79.66% | Recall: 82.65%/80.25% | F1: 83.07%/79.92% | Time: fit=002s, train=000s, test=000s, total=003s
Epoch 103: Train%/Test% | Accuracy: 85.07%/80.66% | Precision: 85.93%/79.30% | Recall: 83.50%/78.81% | F1: 84.22%/79.04% | Time: fit=002s, train=000s, test=000s, total=003s
Epoch 104: Train%/Test% | Accuracy: 85.31%/82.08% | Precision: 86.50%/81.03% | Recall: 83.58%/79.93% | F1: 84.40%/80.40% | Time: fit=002s, train=000s, test=000s, total=003s
Epoch 105: Train%/Test% | Accuracy: 85.78%/83.02% | Precision: 86.72%/81.94% | Recall: 84.23%/81.21% | F1: 84.97%/81.54% | Time: fit=002s, train=000s, test=000s, total=003s
Epoch 106: Train%/Test% | Accuracy: 85.90%/82.55% | Precision: 86.74%/81.37% | Recall: 84.41%/80.84% | F1: 85.12%/81.08% | Time: fit=002s, train=000s, test=000s, total=003s
Epoch 107: Train%/Test% | Accuracy: 85.90%/83.02% | Precision: 86.47%/81.75% | Recall: 84.56%/81.75% | F1: 85.19%/81.75% | Time: fit=002s, train=000s, test=000s, total=003s
Epoch 108: Train%/Test% | Accuracy: 86.26%/81.60% | Precision: 87.02%/80.34% | Recall: 84.83%/79.82% | F1: 85.52%/80.06% | Time: fit=002s, train=000s, test=000s, total=003s
Epoch 109: Train%/Test% | Accuracy: 86.14%/81.60% | Precision: 87.15%/80.25% | Recall: 84.57%/80.09% | F1: 85.34%/80.17% | Time: fit=002s, train=000s, test=000s, total=003s
Epoch 110: Train%/Test% | Accuracy: 85.55%/81.60% | Precision: 86.25%/80.34% | Recall: 84.10%/79.82% | F1: 84.77%/80.06% | Time: fit=002s, train=000s, test=000s, total=003s
Epoch 111: Train%/Test% | Accuracy: 85.31%/81.60% | Precision: 85.68%/80.17% | Recall: 84.05%/80.63% | F1: 84.61%/80.38% | Time: fit=002s, train=000s, test=000s, total=003s
Epoch 112: Train%/Test% | Accuracy: 85.55%/81.13% | Precision: 86.00%/79.66% | Recall: 84.26%/80.25% | F1: 84.84%/79.92% | Time: fit=002s, train=000s, test=000s, total=003s
Epoch 113: Train%/Test% | Accuracy: 85.55%/83.02% | Precision: 86.00%/81.75% | Recall: 84.26%/81.75% | F1: 84.84%/81.75% | Time: fit=002s, train=000s, test=000s, total=003s
Epoch 114: Train%/Test% | Accuracy: 84.12%/79.72% | Precision: 84.41%/78.17% | Recall: 82.84%/78.60% | F1: 83.37%/78.36% | Time: fit=002s, train=000s, test=000s, total=003s
Epoch 115: Train%/Test% | Accuracy: 80.45%/70.75% | Precision: 81.74%/73.68% | Recall: 82.18%/74.72% | F1: 80.44%/70.69% | Time: fit=002s, train=000s, test=000s, total=003s
Epoch 116: Train%/Test% | Accuracy: 85.78%/82.55% | Precision: 86.31%/81.27% | Recall: 84.46%/81.10% | F1: 85.07%/81.19% | Time: fit=002s, train=000s, test=000s, total=003s
Epoch 117: Train%/Test% | Accuracy: 81.75%/72.17% | Precision: 82.68%/74.53% | Recall: 83.31%/75.84% | F1: 81.73%/72.06% | Time: fit=002s, train=000s, test=000s, total=003s
Epoch 118: Train%/Test% | Accuracy: 86.49%/82.08% | Precision: 87.50%/80.90% | Recall: 84.96%/80.20% | F1: 85.72%/80.51% | Time: fit=002s, train=000s, test=000s, total=003s
Epoch 119: Train%/Test% | Accuracy: 86.85%/82.55% | Precision: 88.36%/81.81% | Recall: 85.11%/80.03% | F1: 86.01%/80.74% | Time: fit=002s, train=000s, test=000s, total=003s
Epoch 120: Train%/Test% | Accuracy: 86.73%/82.08% | Precision: 88.09%/81.03% | Recall: 85.04%/79.93% | F1: 85.91%/80.40% | Time: fit=002s, train=000s, test=000s, total=003s
Epoch 121: Train%/Test% | Accuracy: 86.85%/81.60% | Precision: 88.09%/80.44% | Recall: 85.22%/79.55% | F1: 86.06%/79.94% | Time: fit=002s, train=000s, test=000s, total=003s
Epoch 122: Train%/Test% | Accuracy: 86.73%/83.02% | Precision: 88.18%/82.25% | Recall: 85.00%/80.67% | F1: 85.89%/81.32% | Time: fit=002s, train=000s, test=000s, total=003s
Epoch 123: Train%/Test% | Accuracy: 82.70%/74.06% | Precision: 83.11%/75.36% | Recall: 83.93%/77.07% | F1: 82.64%/73.85% | Time: fit=002s, train=000s, test=000s, total=003s
Epoch 124: Train%/Test% | Accuracy: 82.46%/73.58% | Precision: 83.03%/75.41% | Recall: 83.80%/76.96% | F1: 82.42%/73.43% | Time: fit=002s, train=000s, test=000s, total=003s
Epoch 125: Train%/Test% | Accuracy: 86.61%/81.13% | Precision: 87.67%/79.87% | Recall: 85.06%/79.18% | F1: 85.84%/79.49% | Time: fit=002s, train=000s, test=000s, total=003s
Epoch 126: Train%/Test% | Accuracy: 85.55%/81.13% | Precision: 86.12%/79.68% | Recall: 84.18%/79.98% | F1: 84.81%/79.82% | Time: fit=002s, train=000s, test=000s, total=003s
Epoch 127: Train%/Test% | Accuracy: 86.61%/82.55% | Precision: 88.09%/81.81% | Recall: 84.86%/80.03% | F1: 85.75%/80.74% | Time: fit=002s, train=000s, test=000s, total=003s
Epoch 128: Train%/Test% | Accuracy: 86.37%/83.02% | Precision: 87.82%/82.25% | Recall: 84.62%/80.67% | F1: 85.50%/81.32% | Time: fit=002s, train=000s, test=000s, total=003s
Epoch 129: Train%/Test% | Accuracy: 86.49%/83.49% | Precision: 87.91%/82.69% | Recall: 84.76%/81.31% | F1: 85.64%/81.89% | Time: fit=002s, train=000s, test=000s, total=003s
Epoch 130: Train%/Test% | Accuracy: 86.49%/83.02% | Precision: 87.50%/82.08% | Recall: 84.96%/80.94% | F1: 85.72%/81.43% | Time: fit=002s, train=000s, test=000s, total=003s
Epoch 131: Train%/Test% | Accuracy: 86.37%/83.49% | Precision: 87.57%/82.69% | Recall: 84.74%/81.31% | F1: 85.56%/81.89% | Time: fit=002s, train=000s, test=000s, total=003s
Epoch 132: Train%/Test% | Accuracy: 86.49%/83.02% | Precision: 87.50%/82.08% | Recall: 84.96%/80.94% | F1: 85.72%/81.43% | Time: fit=002s, train=000s, test=000s, total=003s
Epoch 133: Train%/Test% | Accuracy: 86.26%/82.55% | Precision: 87.48%/82.02% | Recall: 84.60%/79.76% | F1: 85.42%/80.61% | Time: fit=002s, train=000s, test=000s, total=003s
Epoch 134: Train%/Test% | Accuracy: 86.73%/83.49% | Precision: 87.68%/82.69% | Recall: 85.24%/81.31% | F1: 85.99%/81.89% | Time: fit=002s, train=000s, test=000s, total=003s
Epoch 135: Train%/Test% | Accuracy: 85.66%/81.60% | Precision: 86.09%/80.25% | Recall: 84.40%/80.09% | F1: 84.97%/80.17% | Time: fit=002s, train=000s, test=000s, total=003s
Epoch 136: Train%/Test% | Accuracy: 86.26%/83.02% | Precision: 87.39%/82.46% | Recall: 84.64%/80.41% | F1: 85.44%/81.20% | Time: fit=002s, train=000s, test=000s, total=003s
Epoch 137: Train%/Test% | Accuracy: 86.85%/83.49% | Precision: 88.18%/82.89% | Recall: 85.18%/81.05% | F1: 86.04%/81.78% | Time: fit=002s, train=000s, test=000s, total=003s
Epoch 138: Train%/Test% | Accuracy: 86.02%/84.43% | Precision: 87.21%/83.75% | Recall: 84.35%/82.33% | F1: 85.17%/82.93% | Time: fit=002s, train=000s, test=000s, total=003s
Epoch 139: Train%/Test% | Accuracy: 86.26%/83.02% | Precision: 87.83%/82.25% | Recall: 84.44%/80.67% | F1: 85.35%/81.32% | Time: fit=002s, train=000s, test=000s, total=003s
Epoch 140: Train%/Test% | Accuracy: 85.90%/83.02% | Precision: 86.74%/82.08% | Recall: 84.41%/80.94% | F1: 85.12%/81.43% | Time: fit=002s, train=000s, test=000s, total=003s
Epoch 141: Train%/Test% | Accuracy: 86.14%/83.02% | Precision: 87.74%/82.46% | Recall: 84.30%/80.41% | F1: 85.21%/81.20% | Time: fit=002s, train=000s, test=000s, total=003s
Epoch 142: Train%/Test% | Accuracy: 86.49%/82.55% | Precision: 87.66%/81.37% | Recall: 84.88%/80.84% | F1: 85.69%/81.08% | Time: fit=002s, train=000s, test=000s, total=003s
Epoch 143: Train%/Test% | Accuracy: 86.26%/83.96% | Precision: 87.24%/82.98% | Recall: 84.71%/82.22% | F1: 85.47%/82.57% | Time: fit=002s, train=000s, test=000s, total=003s
Epoch 144: Train%/Test% | Accuracy: 81.87%/73.58% | Precision: 82.58%/75.05% | Recall: 83.29%/76.69% | F1: 81.83%/73.39% | Time: fit=002s, train=000s, test=000s, total=003s
Epoch 145: Train%/Test% | Accuracy: 86.73%/83.02% | Precision: 87.92%/82.08% | Recall: 85.12%/80.94% | F1: 85.94%/81.43% | Time: fit=002s, train=000s, test=000s, total=003s
Epoch 146: Train%/Test% | Accuracy: 86.37%/83.02% | Precision: 87.19%/81.83% | Recall: 84.93%/81.48% | F1: 85.64%/81.65% | Time: fit=002s, train=000s, test=000s, total=003s
Epoch 147: Train%/Test% | Accuracy: 86.73%/82.55% | Precision: 87.76%/81.49% | Recall: 85.20%/80.57% | F1: 85.97%/80.97% | Time: fit=002s, train=000s, test=000s, total=003s
Epoch 148: Train%/Test% | Accuracy: 86.97%/82.08% | Precision: 88.73%/81.19% | Recall: 85.13%/79.66% | F1: 86.09%/80.28% | Time: fit=002s, train=000s, test=000s, total=003s
Epoch 149: Train%/Test% | Accuracy: 87.44%/81.13% | Precision: 88.97%/79.87% | Recall: 85.73%/79.18% | F1: 86.65%/79.49% | Time: fit=002s, train=000s, test=000s, total=003s
Epoch 150: Train%/Test% | Accuracy: 86.26%/81.13% | Precision: 87.02%/79.78% | Recall: 84.83%/79.45% | F1: 85.52%/79.61% | Time: fit=002s, train=000s, test=000s, total=003s
