[nltk_data] Downloading package wordnet to /home/bjorvl16/nltk_data...
[nltk_data]   Package wordnet is already up-to-date!
[nltk_data] Downloading package stopwords to
[nltk_data]     /home/bjorvl16/nltk_data...
[nltk_data]   Package stopwords is already up-to-date!
[*] Load dataset...
[*] Fix malformed data...
[*] Split...
[*] Encoding...
[*] Encoding feature: text... 6597
[*] Encoding feature: domain... 38
==============================
Using GPU for training
Dataset: FakeNewsNet-gossipcop
TMU params: num-clauses=5000, T=250, s=10.0
Epochs: 150
Feature(s): text, domain
max-vocab=15000, max-domain=500, max-tweet=500
====================
Train size: 17712
Train classes: 2
Test size: 4428
Test classes: 2
Total features: 6635
==============================
[*] Training for 150 epochs...
Epoch   1: Train%/Test% | Accuracy: 73.18%/72.47% | Precision: 66.02%/65.06% | Recall: 69.22%/67.89% | F1: 66.89%/65.86% | Time: fit=149s, train=028s, test=007s, total=185s
Epoch   2: Train%/Test% | Accuracy: 80.34%/79.49% | Precision: 75.79%/74.11% | Recall: 63.77%/62.25% | F1: 65.94%/64.06% | Time: fit=145s, train=028s, test=007s, total=180s
Epoch   3: Train%/Test% | Accuracy: 78.94%/78.23% | Precision: 71.10%/69.85% | Recall: 64.67%/63.37% | F1: 66.42%/64.97% | Time: fit=144s, train=027s, test=007s, total=179s
Epoch   4: Train%/Test% | Accuracy: 77.79%/77.35% | Precision: 68.90%/68.15% | Recall: 64.93%/63.87% | F1: 66.24%/65.19% | Time: fit=146s, train=027s, test=007s, total=180s
Epoch   5: Train%/Test% | Accuracy: 74.47%/73.24% | Precision: 66.50%/65.02% | Recall: 68.66%/66.92% | F1: 67.29%/65.71% | Time: fit=144s, train=027s, test=007s, total=178s
Epoch   6: Train%/Test% | Accuracy: 74.94%/73.55% | Precision: 66.86%/65.25% | Recall: 68.76%/67.00% | F1: 67.60%/65.91% | Time: fit=143s, train=027s, test=007s, total=178s
Epoch   7: Train%/Test% | Accuracy: 75.60%/74.77% | Precision: 67.73%/66.65% | Recall: 69.82%/68.45% | F1: 68.53%/67.35% | Time: fit=142s, train=027s, test=007s, total=175s
Epoch   8: Train%/Test% | Accuracy: 78.38%/77.98% | Precision: 70.25%/69.64% | Recall: 69.59%/68.48% | F1: 69.90%/69.00% | Time: fit=142s, train=027s, test=007s, total=176s
Epoch   9: Train%/Test% | Accuracy: 78.61%/78.00% | Precision: 70.51%/69.57% | Recall: 69.41%/67.79% | F1: 69.91%/68.55% | Time: fit=144s, train=027s, test=007s, total=177s
Epoch  10: Train%/Test% | Accuracy: 79.23%/78.46% | Precision: 71.36%/70.17% | Recall: 69.47%/67.58% | F1: 70.28%/68.61% | Time: fit=143s, train=027s, test=007s, total=176s
Epoch  11: Train%/Test% | Accuracy: 79.58%/78.55% | Precision: 71.95%/70.27% | Recall: 67.77%/66.10% | F1: 69.26%/67.52% | Time: fit=142s, train=026s, test=007s, total=176s
Epoch  12: Train%/Test% | Accuracy: 80.53%/79.65% | Precision: 73.74%/72.31% | Recall: 68.28%/66.83% | F1: 70.11%/68.57% | Time: fit=142s, train=026s, test=007s, total=175s
Epoch  13: Train%/Test% | Accuracy: 79.92%/79.54% | Precision: 72.43%/71.91% | Recall: 69.17%/68.20% | F1: 70.45%/69.58% | Time: fit=141s, train=026s, test=007s, total=175s
Epoch  14: Train%/Test% | Accuracy: 80.37%/79.90% | Precision: 73.22%/72.56% | Recall: 69.30%/68.24% | F1: 70.77%/69.79% | Time: fit=142s, train=027s, test=007s, total=176s
Epoch  15: Train%/Test% | Accuracy: 79.70%/79.27% | Precision: 72.06%/71.46% | Recall: 70.22%/69.23% | F1: 71.02%/70.16% | Time: fit=144s, train=026s, test=007s, total=177s
Epoch  16: Train%/Test% | Accuracy: 77.20%/76.45% | Precision: 69.01%/68.03% | Recall: 69.68%/68.56% | F1: 69.32%/68.28% | Time: fit=139s, train=026s, test=007s, total=173s
Epoch  17: Train%/Test% | Accuracy: 77.65%/77.01% | Precision: 69.51%/68.60% | Recall: 69.90%/68.67% | F1: 69.70%/68.64% | Time: fit=143s, train=026s, test=007s, total=177s
Epoch  18: Train%/Test% | Accuracy: 77.37%/76.58% | Precision: 69.31%/68.23% | Recall: 70.24%/68.84% | F1: 69.74%/68.52% | Time: fit=142s, train=026s, test=007s, total=175s
Epoch  19: Train%/Test% | Accuracy: 77.10%/76.40% | Precision: 69.08%/68.13% | Recall: 70.28%/69.04% | F1: 69.61%/68.54% | Time: fit=142s, train=026s, test=007s, total=175s
Epoch  20: Train%/Test% | Accuracy: 77.11%/76.42% | Precision: 69.19%/68.29% | Recall: 70.63%/69.47% | F1: 69.81%/68.81% | Time: fit=142s, train=026s, test=007s, total=176s
Epoch  21: Train%/Test% | Accuracy: 76.91%/75.99% | Precision: 69.10%/67.95% | Recall: 70.87%/69.51% | F1: 69.83%/68.60% | Time: fit=142s, train=026s, test=007s, total=175s
Epoch  22: Train%/Test% | Accuracy: 76.37%/75.99% | Precision: 68.80%/68.29% | Recall: 71.26%/70.50% | F1: 69.73%/69.14% | Time: fit=140s, train=026s, test=007s, total=174s
Epoch  23: Train%/Test% | Accuracy: 77.87%/77.37% | Precision: 69.79%/69.09% | Recall: 70.16%/69.17% | F1: 69.97%/69.13% | Time: fit=143s, train=027s, test=007s, total=176s
Epoch  24: Train%/Test% | Accuracy: 78.59%/77.60% | Precision: 70.64%/69.36% | Recall: 70.46%/69.31% | F1: 70.55%/69.34% | Time: fit=141s, train=026s, test=007s, total=174s
Epoch  25: Train%/Test% | Accuracy: 79.30%/78.43% | Precision: 71.51%/70.32% | Recall: 70.35%/69.29% | F1: 70.88%/69.76% | Time: fit=141s, train=027s, test=007s, total=175s
Epoch  26: Train%/Test% | Accuracy: 78.84%/77.94% | Precision: 70.88%/69.63% | Recall: 69.99%/68.71% | F1: 70.40%/69.13% | Time: fit=145s, train=026s, test=007s, total=178s
Epoch  27: Train%/Test% | Accuracy: 79.23%/78.30% | Precision: 71.44%/70.17% | Recall: 70.64%/69.36% | F1: 71.02%/69.74% | Time: fit=142s, train=026s, test=007s, total=175s
Epoch  28: Train%/Test% | Accuracy: 79.40%/78.75% | Precision: 71.66%/70.77% | Recall: 70.51%/69.63% | F1: 71.04%/70.15% | Time: fit=143s, train=026s, test=007s, total=176s
Epoch  29: Train%/Test% | Accuracy: 80.85%/79.97% | Precision: 73.77%/72.52% | Recall: 72.17%/70.84% | F1: 72.89%/71.59% | Time: fit=142s, train=026s, test=007s, total=175s
Epoch  30: Train%/Test% | Accuracy: 81.14%/80.22% | Precision: 74.28%/72.93% | Recall: 71.54%/70.08% | F1: 72.68%/71.24% | Time: fit=141s, train=027s, test=007s, total=174s
Epoch  31: Train%/Test% | Accuracy: 81.08%/80.76% | Precision: 74.15%/73.77% | Recall: 71.80%/70.85% | F1: 72.80%/72.05% | Time: fit=142s, train=027s, test=007s, total=175s
Epoch  32: Train%/Test% | Accuracy: 80.76%/80.49% | Precision: 73.82%/73.49% | Recall: 70.06%/69.36% | F1: 71.51%/70.90% | Time: fit=143s, train=026s, test=007s, total=176s
Epoch  33: Train%/Test% | Accuracy: 80.35%/80.06% | Precision: 73.08%/72.71% | Recall: 70.02%/69.40% | F1: 71.25%/70.70% | Time: fit=142s, train=027s, test=007s, total=176s
Epoch  34: Train%/Test% | Accuracy: 79.93%/79.29% | Precision: 72.40%/71.48% | Recall: 70.13%/68.93% | F1: 71.09%/69.97% | Time: fit=143s, train=018s, test=005s, total=165s
Epoch  35: Train%/Test% | Accuracy: 79.93%/79.47% | Precision: 72.41%/71.76% | Recall: 69.88%/69.11% | F1: 70.93%/70.19% | Time: fit=147s, train=027s, test=007s, total=181s
Epoch  36: Train%/Test% | Accuracy: 79.29%/78.00% | Precision: 71.53%/69.80% | Recall: 70.78%/69.26% | F1: 71.14%/69.52% | Time: fit=147s, train=027s, test=007s, total=180s
Epoch  37: Train%/Test% | Accuracy: 79.60%/78.16% | Precision: 71.95%/69.97% | Recall: 71.00%/69.17% | F1: 71.45%/69.55% | Time: fit=147s, train=027s, test=007s, total=180s
Epoch  38: Train%/Test% | Accuracy: 79.53%/78.50% | Precision: 71.91%/70.48% | Recall: 71.51%/69.81% | F1: 71.70%/70.13% | Time: fit=147s, train=026s, test=007s, total=180s
Epoch  39: Train%/Test% | Accuracy: 80.27%/78.88% | Precision: 72.91%/70.93% | Recall: 71.58%/69.43% | F1: 72.18%/70.09% | Time: fit=147s, train=026s, test=006s, total=180s
Epoch  40: Train%/Test% | Accuracy: 79.81%/78.77% | Precision: 72.40%/71.02% | Recall: 72.78%/71.18% | F1: 72.59%/71.09% | Time: fit=145s, train=026s, test=006s, total=177s
Epoch  41: Train%/Test% | Accuracy: 78.98%/77.94% | Precision: 71.44%/70.06% | Recall: 72.54%/70.82% | F1: 71.95%/70.41% | Time: fit=145s, train=026s, test=006s, total=177s
Epoch  42: Train%/Test% | Accuracy: 79.57%/78.79% | Precision: 72.10%/71.05% | Recall: 72.60%/71.25% | F1: 72.34%/71.15% | Time: fit=147s, train=026s, test=006s, total=179s
Epoch  43: Train%/Test% | Accuracy: 79.88%/79.04% | Precision: 72.45%/71.30% | Recall: 72.49%/70.94% | F1: 72.47%/71.11% | Time: fit=144s, train=026s, test=006s, total=177s
Epoch  44: Train%/Test% | Accuracy: 80.51%/79.45% | Precision: 73.27%/71.80% | Recall: 72.38%/70.79% | F1: 72.80%/71.26% | Time: fit=145s, train=026s, test=006s, total=177s
Epoch  45: Train%/Test% | Accuracy: 80.76%/79.83% | Precision: 73.64%/72.32% | Recall: 71.96%/70.47% | F1: 72.71%/71.27% | Time: fit=144s, train=026s, test=006s, total=176s
Epoch  46: Train%/Test% | Accuracy: 81.53%/80.83% | Precision: 74.80%/73.82% | Recall: 72.66%/71.47% | F1: 73.59%/72.48% | Time: fit=144s, train=026s, test=006s, total=176s
Epoch  47: Train%/Test% | Accuracy: 79.47%/78.93% | Precision: 72.03%/71.34% | Recall: 72.91%/72.05% | F1: 72.44%/71.67% | Time: fit=143s, train=025s, test=006s, total=175s
Epoch  48: Train%/Test% | Accuracy: 79.67%/79.34% | Precision: 72.22%/71.75% | Recall: 72.60%/71.68% | F1: 72.40%/71.71% | Time: fit=143s, train=025s, test=006s, total=175s
Epoch  49: Train%/Test% | Accuracy: 80.12%/79.88% | Precision: 72.70%/72.39% | Recall: 71.65%/70.98% | F1: 72.14%/71.62% | Time: fit=145s, train=025s, test=006s, total=177s
Epoch  50: Train%/Test% | Accuracy: 76.13%/76.29% | Precision: 68.06%/68.16% | Recall: 69.63%/69.44% | F1: 68.72%/68.72% | Time: fit=144s, train=025s, test=006s, total=175s
Epoch  51: Train%/Test% | Accuracy: 75.94%/76.24% | Precision: 68.01%/68.25% | Recall: 69.92%/69.83% | F1: 68.77%/68.91% | Time: fit=145s, train=025s, test=006s, total=177s
Epoch  52: Train%/Test% | Accuracy: 77.99%/77.17% | Precision: 70.25%/69.19% | Recall: 71.59%/70.31% | F1: 70.84%/69.69% | Time: fit=144s, train=025s, test=006s, total=175s
Epoch  53: Train%/Test% | Accuracy: 80.44%/79.86% | Precision: 73.16%/72.36% | Recall: 72.30%/71.03% | F1: 72.70%/71.63% | Time: fit=146s, train=025s, test=006s, total=177s
Epoch  54: Train%/Test% | Accuracy: 80.56%/79.70% | Precision: 73.34%/72.14% | Recall: 72.42%/70.99% | F1: 72.85%/71.52% | Time: fit=144s, train=025s, test=006s, total=176s
Epoch  55: Train%/Test% | Accuracy: 80.65%/79.49% | Precision: 73.48%/71.80% | Recall: 71.39%/69.44% | F1: 72.30%/70.43% | Time: fit=144s, train=025s, test=006s, total=176s
Epoch  56: Train%/Test% | Accuracy: 80.69%/79.61% | Precision: 73.56%/71.97% | Recall: 71.27%/69.52% | F1: 72.25%/70.54% | Time: fit=144s, train=025s, test=006s, total=175s
Epoch  57: Train%/Test% | Accuracy: 80.22%/79.18% | Precision: 72.84%/71.36% | Recall: 71.53%/69.84% | F1: 72.13%/70.52% | Time: fit=143s, train=025s, test=006s, total=175s
Epoch  58: Train%/Test% | Accuracy: 80.96%/79.65% | Precision: 73.95%/72.04% | Recall: 71.80%/69.87% | F1: 72.73%/70.79% | Time: fit=144s, train=025s, test=006s, total=176s
Epoch  59: Train%/Test% | Accuracy: 80.95%/80.19% | Precision: 73.97%/72.89% | Recall: 71.47%/70.10% | F1: 72.53%/71.24% | Time: fit=143s, train=025s, test=006s, total=175s
Epoch  60: Train%/Test% | Accuracy: 80.70%/80.28% | Precision: 73.56%/73.01% | Recall: 71.47%/70.54% | F1: 72.38%/71.58% | Time: fit=144s, train=025s, test=006s, total=176s
Epoch  61: Train%/Test% | Accuracy: 80.63%/80.15% | Precision: 73.44%/72.79% | Recall: 71.89%/71.32% | F1: 72.59%/71.98% | Time: fit=143s, train=025s, test=006s, total=175s
Epoch  62: Train%/Test% | Accuracy: 80.29%/79.79% | Precision: 72.98%/72.33% | Recall: 72.66%/71.88% | F1: 72.82%/72.09% | Time: fit=144s, train=025s, test=006s, total=176s
Epoch  63: Train%/Test% | Accuracy: 80.31%/79.38% | Precision: 73.02%/71.79% | Recall: 72.75%/71.58% | F1: 72.88%/71.68% | Time: fit=142s, train=025s, test=006s, total=173s
Epoch  64: Train%/Test% | Accuracy: 80.11%/79.18% | Precision: 72.76%/71.51% | Recall: 72.77%/71.35% | F1: 72.77%/71.43% | Time: fit=141s, train=025s, test=006s, total=173s
Epoch  65: Train%/Test% | Accuracy: 78.50%/77.48% | Precision: 70.98%/69.66% | Recall: 72.60%/70.97% | F1: 71.68%/70.24% | Time: fit=142s, train=025s, test=006s, total=174s
Epoch  66: Train%/Test% | Accuracy: 78.39%/77.62% | Precision: 70.81%/69.75% | Recall: 72.33%/70.83% | F1: 71.47%/70.24% | Time: fit=142s, train=025s, test=006s, total=174s
Epoch  67: Train%/Test% | Accuracy: 77.67%/76.47% | Precision: 70.04%/68.36% | Recall: 71.90%/69.59% | F1: 70.82%/68.90% | Time: fit=144s, train=025s, test=006s, total=176s
Epoch  68: Train%/Test% | Accuracy: 77.95%/76.87% | Precision: 70.32%/68.85% | Recall: 72.02%/70.02% | F1: 71.05%/69.37% | Time: fit=143s, train=025s, test=007s, total=175s
Epoch  69: Train%/Test% | Accuracy: 81.09%/79.58% | Precision: 74.10%/71.95% | Recall: 72.65%/70.05% | F1: 73.31%/70.87% | Time: fit=142s, train=025s, test=007s, total=174s
Epoch  70: Train%/Test% | Accuracy: 81.04%/79.65% | Precision: 74.03%/72.05% | Recall: 72.43%/70.25% | F1: 73.15%/71.04% | Time: fit=144s, train=025s, test=007s, total=176s
Epoch  71: Train%/Test% | Accuracy: 81.16%/79.67% | Precision: 74.28%/72.08% | Recall: 71.83%/69.66% | F1: 72.87%/70.66% | Time: fit=143s, train=025s, test=007s, total=175s
Epoch  72: Train%/Test% | Accuracy: 81.06%/80.08% | Precision: 74.12%/72.71% | Recall: 71.69%/70.02% | F1: 72.73%/71.13% | Time: fit=143s, train=025s, test=007s, total=175s
Epoch  73: Train%/Test% | Accuracy: 80.67%/80.28% | Precision: 73.51%/72.99% | Recall: 71.75%/70.92% | F1: 72.53%/71.82% | Time: fit=143s, train=025s, test=007s, total=175s
Epoch  74: Train%/Test% | Accuracy: 80.74%/79.83% | Precision: 73.60%/72.35% | Recall: 72.73%/71.30% | F1: 73.14%/71.78% | Time: fit=141s, train=025s, test=007s, total=173s
Epoch  75: Train%/Test% | Accuracy: 80.74%/79.86% | Precision: 73.59%/72.37% | Recall: 72.45%/71.06% | F1: 72.97%/71.65% | Time: fit=144s, train=025s, test=007s, total=176s
Epoch  76: Train%/Test% | Accuracy: 78.01%/76.49% | Precision: 70.34%/68.58% | Recall: 71.88%/70.22% | F1: 71.01%/69.26% | Time: fit=141s, train=025s, test=007s, total=173s
Epoch  77: Train%/Test% | Accuracy: 78.67%/76.90% | Precision: 71.14%/69.08% | Recall: 72.57%/70.74% | F1: 71.77%/69.78% | Time: fit=144s, train=025s, test=007s, total=176s
Epoch  78: Train%/Test% | Accuracy: 80.41%/79.70% | Precision: 73.14%/72.21% | Recall: 72.78%/71.85% | F1: 72.96%/72.02% | Time: fit=142s, train=026s, test=007s, total=174s
Epoch  79: Train%/Test% | Accuracy: 80.63%/79.92% | Precision: 73.47%/72.53% | Recall: 73.26%/72.25% | F1: 73.36%/72.39% | Time: fit=144s, train=025s, test=007s, total=176s
Epoch  80: Train%/Test% | Accuracy: 81.10%/80.35% | Precision: 74.13%/73.09% | Recall: 72.55%/71.51% | F1: 73.26%/72.22% | Time: fit=141s, train=025s, test=007s, total=173s
Epoch  81: Train%/Test% | Accuracy: 81.14%/79.92% | Precision: 74.36%/72.49% | Recall: 70.96%/69.28% | F1: 72.31%/70.54% | Time: fit=142s, train=025s, test=007s, total=175s
Epoch  82: Train%/Test% | Accuracy: 80.98%/80.19% | Precision: 74.03%/72.91% | Recall: 71.38%/69.87% | F1: 72.49%/71.09% | Time: fit=143s, train=025s, test=007s, total=176s
Epoch  83: Train%/Test% | Accuracy: 81.07%/80.58% | Precision: 74.21%/73.55% | Recall: 71.11%/70.06% | F1: 72.37%/71.43% | Time: fit=143s, train=025s, test=007s, total=175s
Epoch  84: Train%/Test% | Accuracy: 81.01%/80.33% | Precision: 74.11%/73.13% | Recall: 71.14%/69.90% | F1: 72.36%/71.18% | Time: fit=142s, train=025s, test=007s, total=174s
Epoch  85: Train%/Test% | Accuracy: 81.10%/80.26% | Precision: 74.25%/73.03% | Recall: 71.19%/69.76% | F1: 72.44%/71.05% | Time: fit=143s, train=025s, test=007s, total=175s
Epoch  86: Train%/Test% | Accuracy: 80.77%/79.92% | Precision: 73.71%/72.47% | Recall: 71.04%/69.70% | F1: 72.15%/70.82% | Time: fit=142s, train=025s, test=007s, total=174s
Epoch  87: Train%/Test% | Accuracy: 81.04%/80.08% | Precision: 74.18%/72.74% | Recall: 70.90%/69.51% | F1: 72.22%/70.78% | Time: fit=143s, train=026s, test=007s, total=175s
Epoch  88: Train%/Test% | Accuracy: 79.43%/79.00% | Precision: 71.65%/71.04% | Recall: 69.65%/68.77% | F1: 70.51%/69.71% | Time: fit=143s, train=026s, test=007s, total=176s
Epoch  89: Train%/Test% | Accuracy: 79.69%/78.84% | Precision: 72.05%/70.82% | Recall: 70.34%/68.95% | F1: 71.09%/69.75% | Time: fit=144s, train=026s, test=007s, total=176s
Epoch  90: Train%/Test% | Accuracy: 79.54%/78.55% | Precision: 71.82%/70.38% | Recall: 70.07%/68.56% | F1: 70.84%/69.34% | Time: fit=142s, train=026s, test=007s, total=175s
Epoch  91: Train%/Test% | Accuracy: 79.56%/78.75% | Precision: 71.84%/70.66% | Recall: 69.86%/68.44% | F1: 70.71%/69.36% | Time: fit=143s, train=026s, test=007s, total=176s
Epoch  92: Train%/Test% | Accuracy: 78.19%/77.48% | Precision: 70.14%/69.15% | Recall: 70.15%/68.89% | F1: 70.14%/69.02% | Time: fit=142s, train=026s, test=007s, total=175s
Epoch  93: Train%/Test% | Accuracy: 78.13%/77.51% | Precision: 70.13%/69.33% | Recall: 70.48%/69.57% | F1: 70.30%/69.45% | Time: fit=142s, train=026s, test=007s, total=175s
Epoch  94: Train%/Test% | Accuracy: 78.72%/78.39% | Precision: 70.78%/70.36% | Recall: 70.36%/69.87% | F1: 70.57%/70.10% | Time: fit=142s, train=026s, test=007s, total=175s
Epoch  95: Train%/Test% | Accuracy: 78.42%/77.96% | Precision: 70.48%/69.85% | Recall: 70.59%/69.74% | F1: 70.53%/69.79% | Time: fit=141s, train=026s, test=007s, total=174s
Epoch  96: Train%/Test% | Accuracy: 79.79%/78.97% | Precision: 72.19%/71.01% | Recall: 70.26%/68.91% | F1: 71.09%/69.80% | Time: fit=140s, train=026s, test=007s, total=173s
Epoch  97: Train%/Test% | Accuracy: 80.36%/79.58% | Precision: 73.07%/71.94% | Recall: 70.43%/69.09% | F1: 71.52%/70.23% | Time: fit=142s, train=026s, test=007s, total=175s
Epoch  98: Train%/Test% | Accuracy: 80.41%/79.16% | Precision: 73.12%/71.30% | Recall: 71.21%/69.41% | F1: 72.05%/70.23% | Time: fit=142s, train=026s, test=007s, total=175s
Epoch  99: Train%/Test% | Accuracy: 80.93%/79.92% | Precision: 73.92%/72.45% | Recall: 71.66%/70.18% | F1: 72.63%/71.14% | Time: fit=142s, train=026s, test=007s, total=175s
Epoch 100: Train%/Test% | Accuracy: 77.94%/76.65% | Precision: 70.31%/68.76% | Recall: 71.98%/70.38% | F1: 71.02%/69.45% | Time: fit=141s, train=026s, test=007s, total=174s
Epoch 101: Train%/Test% | Accuracy: 77.83%/76.45% | Precision: 70.18%/68.56% | Recall: 71.87%/70.25% | F1: 70.90%/69.26% | Time: fit=141s, train=026s, test=007s, total=174s
Epoch 102: Train%/Test% | Accuracy: 80.16%/79.43% | Precision: 72.84%/71.82% | Recall: 72.92%/71.35% | F1: 72.88%/71.58% | Time: fit=141s, train=026s, test=007s, total=174s
Epoch 103: Train%/Test% | Accuracy: 80.04%/79.40% | Precision: 72.71%/71.82% | Recall: 73.12%/71.59% | F1: 72.91%/71.70% | Time: fit=142s, train=027s, test=007s, total=175s
Epoch 104: Train%/Test% | Accuracy: 80.22%/79.65% | Precision: 72.89%/72.11% | Recall: 72.71%/71.44% | F1: 72.80%/71.76% | Time: fit=142s, train=026s, test=007s, total=175s
Epoch 105: Train%/Test% | Accuracy: 80.15%/79.00% | Precision: 72.83%/71.24% | Recall: 72.89%/70.94% | F1: 72.86%/71.09% | Time: fit=141s, train=027s, test=007s, total=175s
Epoch 106: Train%/Test% | Accuracy: 79.97%/79.00% | Precision: 72.59%/71.26% | Recall: 72.77%/71.04% | F1: 72.68%/71.14% | Time: fit=141s, train=027s, test=007s, total=174s
Epoch 107: Train%/Test% | Accuracy: 81.28%/80.60% | Precision: 74.71%/73.70% | Recall: 70.57%/69.44% | F1: 72.15%/71.01% | Time: fit=141s, train=027s, test=007s, total=175s
Epoch 108: Train%/Test% | Accuracy: 81.31%/80.06% | Precision: 74.51%/72.67% | Recall: 72.08%/70.17% | F1: 73.12%/71.21% | Time: fit=139s, train=027s, test=007s, total=173s
Epoch 109: Train%/Test% | Accuracy: 80.98%/79.97% | Precision: 73.95%/72.52% | Recall: 72.74%/70.94% | F1: 73.30%/71.65% | Time: fit=140s, train=028s, test=007s, total=174s
Epoch 110: Train%/Test% | Accuracy: 79.76%/79.16% | Precision: 72.35%/71.50% | Recall: 72.89%/71.43% | F1: 72.61%/71.46% | Time: fit=141s, train=027s, test=007s, total=175s
Epoch 111: Train%/Test% | Accuracy: 80.00%/79.56% | Precision: 72.62%/72.04% | Recall: 72.79%/71.82% | F1: 72.70%/71.93% | Time: fit=139s, train=028s, test=007s, total=174s
Epoch 112: Train%/Test% | Accuracy: 80.13%/79.56% | Precision: 72.82%/72.07% | Recall: 73.07%/72.11% | F1: 72.94%/72.09% | Time: fit=140s, train=027s, test=007s, total=174s
Epoch 113: Train%/Test% | Accuracy: 81.21%/81.01% | Precision: 74.32%/74.07% | Recall: 72.27%/72.01% | F1: 73.17%/72.91% | Time: fit=140s, train=027s, test=007s, total=174s
Epoch 114: Train%/Test% | Accuracy: 81.28%/81.03% | Precision: 74.51%/74.17% | Recall: 71.67%/71.42% | F1: 72.85%/72.56% | Time: fit=142s, train=027s, test=007s, total=176s
Epoch 115: Train%/Test% | Accuracy: 81.30%/80.71% | Precision: 74.68%/73.84% | Recall: 70.87%/69.83% | F1: 72.35%/71.34% | Time: fit=139s, train=027s, test=007s, total=172s
Epoch 116: Train%/Test% | Accuracy: 81.55%/80.89% | Precision: 74.99%/74.04% | Recall: 71.67%/70.62% | F1: 73.01%/71.98% | Time: fit=138s, train=027s, test=007s, total=173s
Epoch 117: Train%/Test% | Accuracy: 80.67%/80.17% | Precision: 73.60%/72.92% | Recall: 70.43%/69.32% | F1: 71.70%/70.70% | Time: fit=140s, train=027s, test=007s, total=174s
Epoch 118: Train%/Test% | Accuracy: 80.09%/79.77% | Precision: 72.73%/72.25% | Recall: 72.63%/71.22% | F1: 72.68%/71.70% | Time: fit=141s, train=027s, test=007s, total=174s
Epoch 119: Train%/Test% | Accuracy: 80.18%/79.34% | Precision: 72.84%/71.68% | Recall: 72.75%/71.13% | F1: 72.80%/71.40% | Time: fit=139s, train=027s, test=007s, total=173s
Epoch 120: Train%/Test% | Accuracy: 80.72%/79.79% | Precision: 73.56%/72.26% | Recall: 72.20%/70.85% | F1: 72.82%/71.49% | Time: fit=140s, train=027s, test=007s, total=174s
Epoch 121: Train%/Test% | Accuracy: 80.80%/80.01% | Precision: 73.69%/72.59% | Recall: 72.31%/71.16% | F1: 72.94%/71.81% | Time: fit=140s, train=027s, test=007s, total=174s
Epoch 122: Train%/Test% | Accuracy: 80.54%/79.56% | Precision: 73.32%/71.97% | Recall: 72.71%/71.12% | F1: 73.00%/71.52% | Time: fit=140s, train=027s, test=007s, total=174s
Epoch 123: Train%/Test% | Accuracy: 81.53%/80.78% | Precision: 75.13%/74.09% | Recall: 70.87%/69.27% | F1: 72.49%/70.98% | Time: fit=140s, train=027s, test=007s, total=174s
Epoch 124: Train%/Test% | Accuracy: 81.20%/80.51% | Precision: 74.30%/73.35% | Recall: 72.32%/71.01% | F1: 73.19%/72.00% | Time: fit=139s, train=027s, test=007s, total=173s
Epoch 125: Train%/Test% | Accuracy: 81.10%/80.56% | Precision: 74.14%/73.41% | Recall: 72.41%/71.20% | F1: 73.18%/72.15% | Time: fit=140s, train=027s, test=007s, total=174s
Epoch 126: Train%/Test% | Accuracy: 80.32%/79.70% | Precision: 73.00%/72.13% | Recall: 72.08%/70.63% | F1: 72.51%/71.30% | Time: fit=140s, train=027s, test=007s, total=174s
Epoch 127: Train%/Test% | Accuracy: 80.40%/79.65% | Precision: 73.12%/72.08% | Recall: 72.60%/70.99% | F1: 72.85%/71.49% | Time: fit=140s, train=027s, test=007s, total=174s
Epoch 128: Train%/Test% | Accuracy: 80.46%/79.72% | Precision: 73.22%/72.21% | Recall: 72.89%/71.51% | F1: 73.05%/71.84% | Time: fit=140s, train=027s, test=007s, total=174s
Epoch 129: Train%/Test% | Accuracy: 80.85%/79.92% | Precision: 73.75%/72.45% | Recall: 72.49%/70.78% | F1: 73.07%/71.52% | Time: fit=139s, train=027s, test=007s, total=173s
Epoch 130: Train%/Test% | Accuracy: 80.77%/80.15% | Precision: 73.64%/72.79% | Recall: 72.67%/71.48% | F1: 73.12%/72.07% | Time: fit=139s, train=027s, test=007s, total=173s
Epoch 131: Train%/Test% | Accuracy: 81.08%/80.28% | Precision: 74.10%/72.99% | Recall: 72.54%/71.12% | F1: 73.25%/71.94% | Time: fit=139s, train=027s, test=007s, total=174s
Epoch 132: Train%/Test% | Accuracy: 81.33%/80.44% | Precision: 74.49%/73.22% | Recall: 72.63%/71.41% | F1: 73.46%/72.21% | Time: fit=140s, train=027s, test=007s, total=174s
Epoch 133: Train%/Test% | Accuracy: 80.96%/80.35% | Precision: 73.91%/73.09% | Recall: 72.67%/71.87% | F1: 73.24%/72.43% | Time: fit=138s, train=027s, test=007s, total=172s
Epoch 134: Train%/Test% | Accuracy: 80.87%/80.19% | Precision: 73.78%/72.86% | Recall: 72.49%/71.47% | F1: 73.08%/72.10% | Time: fit=141s, train=027s, test=007s, total=175s
Epoch 135: Train%/Test% | Accuracy: 80.62%/80.28% | Precision: 73.42%/72.99% | Recall: 72.31%/71.92% | F1: 72.83%/72.42% | Time: fit=138s, train=027s, test=007s, total=172s
Epoch 136: Train%/Test% | Accuracy: 79.98%/79.36% | Precision: 72.65%/71.86% | Recall: 73.17%/72.33% | F1: 72.90%/72.09% | Time: fit=139s, train=027s, test=007s, total=173s
Epoch 137: Train%/Test% | Accuracy: 80.60%/80.10% | Precision: 73.42%/72.76% | Recall: 73.25%/72.25% | F1: 73.33%/72.49% | Time: fit=139s, train=027s, test=007s, total=173s
Epoch 138: Train%/Test% | Accuracy: 80.75%/80.28% | Precision: 73.64%/73.03% | Recall: 73.72%/72.68% | F1: 73.68%/72.85% | Time: fit=139s, train=027s, test=007s, total=173s
Epoch 139: Train%/Test% | Accuracy: 80.28%/79.58% | Precision: 73.03%/72.09% | Recall: 73.31%/72.03% | F1: 73.16%/72.06% | Time: fit=139s, train=027s, test=007s, total=173s
Epoch 140: Train%/Test% | Accuracy: 80.13%/79.11% | Precision: 72.86%/71.56% | Recall: 73.50%/72.20% | F1: 73.16%/71.87% | Time: fit=140s, train=027s, test=007s, total=175s
Epoch 141: Train%/Test% | Accuracy: 80.31%/79.43% | Precision: 73.09%/71.97% | Recall: 73.63%/72.57% | F1: 73.35%/72.26% | Time: fit=141s, train=027s, test=007s, total=175s
Epoch 142: Train%/Test% | Accuracy: 81.41%/80.85% | Precision: 74.74%/73.93% | Recall: 71.58%/70.85% | F1: 72.87%/72.10% | Time: fit=140s, train=028s, test=007s, total=174s
Epoch 143: Train%/Test% | Accuracy: 81.24%/80.47% | Precision: 74.37%/73.26% | Recall: 72.17%/71.30% | F1: 73.13%/72.16% | Time: fit=141s, train=027s, test=007s, total=175s
Epoch 144: Train%/Test% | Accuracy: 81.23%/80.22% | Precision: 74.33%/72.89% | Recall: 72.42%/71.17% | F1: 73.26%/71.93% | Time: fit=140s, train=028s, test=007s, total=174s
Epoch 145: Train%/Test% | Accuracy: 81.03%/80.33% | Precision: 74.03%/73.06% | Recall: 72.37%/71.21% | F1: 73.11%/72.02% | Time: fit=140s, train=027s, test=007s, total=174s
Epoch 146: Train%/Test% | Accuracy: 81.51%/80.85% | Precision: 74.81%/73.87% | Recall: 72.32%/71.39% | F1: 73.38%/72.44% | Time: fit=141s, train=027s, test=007s, total=175s
Epoch 147: Train%/Test% | Accuracy: 81.23%/80.58% | Precision: 74.32%/73.42% | Recall: 72.59%/71.66% | F1: 73.37%/72.44% | Time: fit=139s, train=027s, test=007s, total=173s
Epoch 148: Train%/Test% | Accuracy: 81.20%/80.19% | Precision: 74.29%/72.86% | Recall: 72.54%/70.99% | F1: 73.32%/71.81% | Time: fit=138s, train=027s, test=007s, total=173s
Epoch 149: Train%/Test% | Accuracy: 81.07%/80.24% | Precision: 74.14%/72.95% | Recall: 71.78%/70.26% | F1: 72.79%/71.37% | Time: fit=140s, train=027s, test=007s, total=174s
Epoch 150: Train%/Test% | Accuracy: 80.91%/80.06% | Precision: 73.84%/72.65% | Recall: 72.40%/70.81% | F1: 73.05%/71.62% | Time: fit=139s, train=027s, test=007s, total=173s
