[nltk_data] Downloading package wordnet to /home/bjorvl16/nltk_data...
[nltk_data]   Package wordnet is already up-to-date!
[nltk_data] Downloading package stopwords to
[nltk_data]     /home/bjorvl16/nltk_data...
[nltk_data]   Package stopwords is already up-to-date!
[*] Load dataset...
[*] Fix malformed data...
[*] Split...
[*] Encoding...
[*] Encoding feature: text... 6597
==============================
Using GPU for training
Dataset: FakeNewsNet-gossipcop
TMU params: num-clauses=5000, T=150, s=5.0
Epochs: 150
Feature(s): text
max-vocab=15000, max-domain=500, max-tweet=500
====================
Train size: 17712
Train classes: 2
Test size: 4428
Test classes: 2
Total features: 6597
==============================
[*] Training for 150 epochs...
Epoch   1: Train%/Test% | Accuracy: 47.08%/46.43% | Precision: 59.12%/58.61% | Recall: 60.43%/59.76% | F1: 46.90%/46.28% | Time: fit=135s, train=029s, test=007s, total=171s
Epoch   2: Train%/Test% | Accuracy: 53.18%/52.39% | Precision: 61.49%/60.52% | Recall: 64.47%/63.24% | F1: 52.53%/51.72% | Time: fit=132s, train=029s, test=007s, total=167s
Epoch   3: Train%/Test% | Accuracy: 53.48%/52.28% | Precision: 61.62%/60.88% | Recall: 64.67%/63.58% | F1: 52.79%/51.68% | Time: fit=130s, train=028s, test=007s, total=165s
Epoch   4: Train%/Test% | Accuracy: 53.81%/52.51% | Precision: 61.56%/60.72% | Recall: 64.71%/63.47% | F1: 53.06%/51.85% | Time: fit=130s, train=028s, test=007s, total=165s
Epoch   5: Train%/Test% | Accuracy: 55.08%/53.86% | Precision: 62.03%/61.37% | Recall: 65.52%/64.49% | F1: 54.19%/53.08% | Time: fit=129s, train=027s, test=007s, total=163s
Epoch   6: Train%/Test% | Accuracy: 55.35%/54.61% | Precision: 62.75%/61.97% | Recall: 66.34%/65.30% | F1: 54.54%/53.80% | Time: fit=129s, train=027s, test=007s, total=163s
Epoch   7: Train%/Test% | Accuracy: 56.11%/55.65% | Precision: 62.66%/61.98% | Recall: 66.44%/65.57% | F1: 55.15%/54.65% | Time: fit=128s, train=027s, test=007s, total=161s
Epoch   8: Train%/Test% | Accuracy: 56.23%/55.69% | Precision: 63.16%/62.57% | Recall: 67.00%/66.21% | F1: 55.35%/54.81% | Time: fit=128s, train=027s, test=007s, total=161s
Epoch   9: Train%/Test% | Accuracy: 56.93%/57.59% | Precision: 63.41%/63.66% | Recall: 67.45%/67.84% | F1: 55.97%/56.56% | Time: fit=126s, train=026s, test=007s, total=159s
Epoch  10: Train%/Test% | Accuracy: 56.96%/56.19% | Precision: 63.22%/62.85% | Recall: 67.25%/66.63% | F1: 55.95%/55.27% | Time: fit=125s, train=026s, test=006s, total=158s
Epoch  11: Train%/Test% | Accuracy: 59.66%/59.76% | Precision: 63.87%/64.19% | Recall: 68.57%/68.92% | F1: 58.24%/58.41% | Time: fit=127s, train=026s, test=006s, total=159s
Epoch  12: Train%/Test% | Accuracy: 60.48%/60.09% | Precision: 64.38%/64.33% | Recall: 69.31%/69.14% | F1: 59.00%/58.70% | Time: fit=126s, train=026s, test=006s, total=158s
Epoch  13: Train%/Test% | Accuracy: 61.33%/60.95% | Precision: 64.87%/64.73% | Recall: 70.04%/69.77% | F1: 59.78%/59.47% | Time: fit=126s, train=026s, test=006s, total=158s
Epoch  14: Train%/Test% | Accuracy: 61.62%/61.77% | Precision: 64.75%/65.37% | Recall: 69.94%/70.66% | F1: 59.97%/60.26% | Time: fit=126s, train=026s, test=006s, total=158s
Epoch  15: Train%/Test% | Accuracy: 61.13%/60.48% | Precision: 64.65%/64.60% | Recall: 69.75%/69.52% | F1: 59.57%/59.07% | Time: fit=125s, train=026s, test=006s, total=157s
Epoch  16: Train%/Test% | Accuracy: 59.93%/58.94% | Precision: 64.65%/64.33% | Recall: 69.51%/68.89% | F1: 58.64%/57.80% | Time: fit=123s, train=026s, test=006s, total=155s
Epoch  17: Train%/Test% | Accuracy: 60.69%/60.28% | Precision: 64.79%/64.29% | Recall: 69.82%/69.13% | F1: 59.27%/58.83% | Time: fit=125s, train=026s, test=006s, total=157s
Epoch  18: Train%/Test% | Accuracy: 61.54%/60.09% | Precision: 64.75%/63.86% | Recall: 69.93%/68.60% | F1: 59.91%/58.58% | Time: fit=125s, train=026s, test=006s, total=157s
Epoch  19: Train%/Test% | Accuracy: 61.05%/59.06% | Precision: 64.65%/63.27% | Recall: 69.73%/67.72% | F1: 59.51%/57.63% | Time: fit=124s, train=026s, test=006s, total=156s
Epoch  20: Train%/Test% | Accuracy: 63.47%/61.40% | Precision: 65.32%/64.12% | Recall: 70.88%/69.11% | F1: 61.51%/59.64% | Time: fit=125s, train=026s, test=006s, total=157s
Epoch  21: Train%/Test% | Accuracy: 63.90%/61.63% | Precision: 65.78%/64.22% | Recall: 71.51%/69.26% | F1: 61.98%/59.83% | Time: fit=123s, train=026s, test=006s, total=155s
Epoch  22: Train%/Test% | Accuracy: 62.96%/60.64% | Precision: 65.42%/63.87% | Recall: 70.94%/68.70% | F1: 61.17%/58.99% | Time: fit=123s, train=026s, test=006s, total=155s
Epoch  23: Train%/Test% | Accuracy: 61.93%/60.16% | Precision: 65.09%/63.83% | Recall: 70.40%/68.58% | F1: 60.30%/58.62% | Time: fit=124s, train=026s, test=006s, total=156s
Epoch  24: Train%/Test% | Accuracy: 61.61%/59.37% | Precision: 64.90%/63.34% | Recall: 70.12%/67.86% | F1: 60.00%/57.89% | Time: fit=124s, train=026s, test=006s, total=156s
Epoch  25: Train%/Test% | Accuracy: 61.39%/59.06% | Precision: 64.83%/63.52% | Recall: 69.99%/68.01% | F1: 59.81%/57.69% | Time: fit=124s, train=026s, test=006s, total=156s
Epoch  26: Train%/Test% | Accuracy: 61.03%/58.72% | Precision: 64.75%/63.29% | Recall: 69.84%/67.69% | F1: 59.52%/57.37% | Time: fit=123s, train=026s, test=006s, total=155s
Epoch  27: Train%/Test% | Accuracy: 61.70%/59.15% | Precision: 64.90%/63.41% | Recall: 70.13%/67.91% | F1: 60.07%/57.74% | Time: fit=125s, train=026s, test=006s, total=157s
Epoch  28: Train%/Test% | Accuracy: 60.97%/59.24% | Precision: 64.48%/63.23% | Recall: 69.51%/67.71% | F1: 59.40%/57.76% | Time: fit=124s, train=026s, test=006s, total=156s
Epoch  29: Train%/Test% | Accuracy: 61.54%/59.73% | Precision: 64.75%/63.36% | Recall: 69.92%/67.94% | F1: 59.91%/58.17% | Time: fit=124s, train=026s, test=006s, total=156s
Epoch  30: Train%/Test% | Accuracy: 61.95%/59.87% | Precision: 65.01%/63.66% | Recall: 70.30%/68.32% | F1: 60.29%/58.35% | Time: fit=123s, train=026s, test=006s, total=155s
Epoch  31: Train%/Test% | Accuracy: 64.01%/62.24% | Precision: 65.56%/64.02% | Recall: 71.24%/69.08% | F1: 61.98%/60.21% | Time: fit=124s, train=026s, test=006s, total=156s
Epoch  32: Train%/Test% | Accuracy: 62.92%/61.45% | Precision: 65.07%/63.80% | Recall: 70.51%/68.72% | F1: 61.04%/59.57% | Time: fit=124s, train=026s, test=006s, total=156s
Epoch  33: Train%/Test% | Accuracy: 63.23%/61.92% | Precision: 65.26%/64.06% | Recall: 70.78%/69.10% | F1: 61.32%/60.00% | Time: fit=125s, train=026s, test=006s, total=156s
Epoch  34: Train%/Test% | Accuracy: 62.91%/61.61% | Precision: 65.18%/64.00% | Recall: 70.64%/68.98% | F1: 61.06%/59.75% | Time: fit=124s, train=026s, test=006s, total=156s
Epoch  35: Train%/Test% | Accuracy: 64.59%/62.78% | Precision: 65.82%/64.67% | Recall: 71.62%/69.95% | F1: 62.49%/60.82% | Time: fit=124s, train=026s, test=006s, total=155s
Epoch  36: Train%/Test% | Accuracy: 64.04%/62.26% | Precision: 65.71%/64.39% | Recall: 71.43%/69.54% | F1: 62.05%/60.35% | Time: fit=122s, train=026s, test=006s, total=154s
Epoch  37: Train%/Test% | Accuracy: 63.48%/62.58% | Precision: 65.56%/64.83% | Recall: 71.19%/70.14% | F1: 61.60%/60.72% | Time: fit=124s, train=026s, test=006s, total=156s
Epoch  38: Train%/Test% | Accuracy: 63.01%/62.24% | Precision: 65.48%/64.43% | Recall: 71.03%/69.59% | F1: 61.22%/60.35% | Time: fit=123s, train=026s, test=006s, total=155s
Epoch  39: Train%/Test% | Accuracy: 62.62%/62.13% | Precision: 65.25%/64.56% | Recall: 70.69%/69.74% | F1: 60.87%/60.30% | Time: fit=123s, train=026s, test=006s, total=155s
Epoch  40: Train%/Test% | Accuracy: 63.92%/63.73% | Precision: 65.44%/65.04% | Recall: 71.08%/70.51% | F1: 61.88%/61.62% | Time: fit=124s, train=026s, test=006s, total=156s
Epoch  41: Train%/Test% | Accuracy: 63.66%/62.78% | Precision: 65.50%/64.57% | Recall: 71.13%/69.82% | F1: 61.71%/60.78% | Time: fit=124s, train=026s, test=006s, total=155s
Epoch  42: Train%/Test% | Accuracy: 63.04%/62.08% | Precision: 65.47%/64.83% | Recall: 71.02%/70.06% | F1: 61.24%/60.35% | Time: fit=122s, train=026s, test=006s, total=154s
Epoch  43: Train%/Test% | Accuracy: 63.28%/61.88% | Precision: 65.45%/64.43% | Recall: 71.02%/69.55% | F1: 61.41%/60.08% | Time: fit=123s, train=026s, test=006s, total=155s
Epoch  44: Train%/Test% | Accuracy: 64.53%/63.87% | Precision: 65.83%/65.20% | Recall: 71.63%/70.73% | F1: 62.45%/61.77% | Time: fit=123s, train=026s, test=006s, total=154s
Epoch  45: Train%/Test% | Accuracy: 63.57%/62.85% | Precision: 65.59%/65.18% | Recall: 71.23%/70.60% | F1: 61.67%/61.03% | Time: fit=124s, train=026s, test=006s, total=155s
Epoch  46: Train%/Test% | Accuracy: 65.00%/64.16% | Precision: 65.83%/65.31% | Recall: 71.66%/70.89% | F1: 62.78%/62.02% | Time: fit=123s, train=025s, test=006s, total=155s
Epoch  47: Train%/Test% | Accuracy: 64.08%/62.94% | Precision: 65.60%/65.07% | Recall: 71.30%/70.47% | F1: 62.05%/61.06% | Time: fit=123s, train=026s, test=006s, total=155s
Epoch  48: Train%/Test% | Accuracy: 63.65%/62.58% | Precision: 65.55%/65.04% | Recall: 71.19%/70.39% | F1: 61.72%/60.79% | Time: fit=122s, train=026s, test=006s, total=154s
Epoch  49: Train%/Test% | Accuracy: 62.87%/62.83% | Precision: 65.45%/65.25% | Recall: 70.97%/70.68% | F1: 61.11%/61.03% | Time: fit=124s, train=026s, test=006s, total=156s
Epoch  50: Train%/Test% | Accuracy: 63.27%/62.65% | Precision: 65.49%/65.41% | Recall: 71.07%/70.85% | F1: 61.42%/60.95% | Time: fit=123s, train=026s, test=006s, total=155s
Epoch  51: Train%/Test% | Accuracy: 63.21%/62.74% | Precision: 65.57%/65.24% | Recall: 71.17%/70.66% | F1: 61.40%/60.96% | Time: fit=122s, train=026s, test=006s, total=154s
Epoch  52: Train%/Test% | Accuracy: 64.41%/63.17% | Precision: 65.89%/65.14% | Recall: 71.70%/70.59% | F1: 62.38%/61.25% | Time: fit=122s, train=025s, test=006s, total=154s
Epoch  53: Train%/Test% | Accuracy: 64.32%/63.05% | Precision: 65.86%/65.17% | Recall: 71.65%/70.61% | F1: 62.31%/61.17% | Time: fit=124s, train=026s, test=006s, total=156s
Epoch  54: Train%/Test% | Accuracy: 63.83%/62.65% | Precision: 65.57%/64.92% | Recall: 71.23%/70.24% | F1: 61.86%/60.80% | Time: fit=123s, train=026s, test=006s, total=155s
Epoch  55: Train%/Test% | Accuracy: 63.49%/62.42% | Precision: 65.40%/64.84% | Recall: 70.98%/70.13% | F1: 61.55%/60.61% | Time: fit=123s, train=026s, test=006s, total=155s
Epoch  56: Train%/Test% | Accuracy: 63.40%/62.31% | Precision: 65.43%/64.61% | Recall: 71.01%/69.83% | F1: 61.50%/60.45% | Time: fit=122s, train=026s, test=006s, total=154s
Epoch  57: Train%/Test% | Accuracy: 63.64%/62.22% | Precision: 65.66%/64.65% | Recall: 71.33%/69.87% | F1: 61.75%/60.40% | Time: fit=122s, train=026s, test=006s, total=154s
Epoch  58: Train%/Test% | Accuracy: 66.10%/64.68% | Precision: 66.59%/65.40% | Recall: 72.71%/71.04% | F1: 63.83%/62.42% | Time: fit=123s, train=026s, test=006s, total=155s
Epoch  59: Train%/Test% | Accuracy: 64.94%/63.21% | Precision: 66.33%/64.88% | Recall: 72.30%/70.26% | F1: 62.91%/61.20% | Time: fit=123s, train=026s, test=006s, total=154s
Epoch  60: Train%/Test% | Accuracy: 66.06%/63.64% | Precision: 66.47%/64.95% | Recall: 72.55%/70.39% | F1: 63.76%/61.53% | Time: fit=121s, train=025s, test=006s, total=153s
Epoch  61: Train%/Test% | Accuracy: 66.82%/64.88% | Precision: 66.66%/65.33% | Recall: 72.82%/70.95% | F1: 64.36%/62.53% | Time: fit=123s, train=025s, test=006s, total=154s
Epoch  62: Train%/Test% | Accuracy: 65.53%/63.98% | Precision: 66.04%/65.03% | Recall: 71.95%/70.51% | F1: 63.23%/61.79% | Time: fit=122s, train=025s, test=006s, total=154s
Epoch  63: Train%/Test% | Accuracy: 65.13%/62.47% | Precision: 66.00%/64.17% | Recall: 71.89%/69.29% | F1: 62.94%/60.42% | Time: fit=122s, train=025s, test=006s, total=153s
Epoch  64: Train%/Test% | Accuracy: 64.37%/62.65% | Precision: 65.83%/64.84% | Recall: 71.61%/70.15% | F1: 62.34%/60.77% | Time: fit=122s, train=025s, test=006s, total=153s
Epoch  65: Train%/Test% | Accuracy: 64.19%/62.42% | Precision: 65.83%/64.79% | Recall: 71.60%/70.06% | F1: 62.20%/60.59% | Time: fit=123s, train=026s, test=006s, total=155s
Epoch  66: Train%/Test% | Accuracy: 64.08%/62.44% | Precision: 65.85%/64.85% | Recall: 71.61%/70.14% | F1: 62.13%/60.63% | Time: fit=124s, train=026s, test=006s, total=156s
Epoch  67: Train%/Test% | Accuracy: 64.00%/62.58% | Precision: 65.81%/64.94% | Recall: 71.56%/70.26% | F1: 62.06%/60.75% | Time: fit=122s, train=026s, test=006s, total=153s
Epoch  68: Train%/Test% | Accuracy: 63.77%/61.61% | Precision: 65.93%/64.57% | Recall: 71.67%/69.69% | F1: 61.93%/59.92% | Time: fit=124s, train=026s, test=006s, total=156s
Epoch  69: Train%/Test% | Accuracy: 63.96%/61.70% | Precision: 65.89%/64.19% | Recall: 71.65%/69.24% | F1: 62.05%/59.87% | Time: fit=122s, train=026s, test=006s, total=154s
Epoch  70: Train%/Test% | Accuracy: 63.55%/61.56% | Precision: 65.70%/64.29% | Recall: 71.37%/69.34% | F1: 61.69%/59.80% | Time: fit=122s, train=026s, test=006s, total=154s
Epoch  71: Train%/Test% | Accuracy: 63.28%/61.74% | Precision: 65.60%/64.26% | Recall: 71.21%/69.33% | F1: 61.47%/59.93% | Time: fit=121s, train=026s, test=006s, total=153s
Epoch  72: Train%/Test% | Accuracy: 65.32%/63.62% | Precision: 66.13%/64.74% | Recall: 72.07%/70.12% | F1: 63.11%/61.44% | Time: fit=122s, train=026s, test=006s, total=154s
Epoch  73: Train%/Test% | Accuracy: 64.71%/63.12% | Precision: 65.93%/64.52% | Recall: 71.78%/69.79% | F1: 62.61%/61.01% | Time: fit=122s, train=026s, test=006s, total=154s
Epoch  74: Train%/Test% | Accuracy: 65.54%/63.98% | Precision: 66.26%/64.79% | Recall: 72.25%/70.20% | F1: 63.32%/61.71% | Time: fit=122s, train=025s, test=006s, total=153s
Epoch  75: Train%/Test% | Accuracy: 65.07%/63.26% | Precision: 66.09%/64.51% | Recall: 72.00%/69.78% | F1: 62.92%/61.10% | Time: fit=122s, train=026s, test=006s, total=154s
Epoch  76: Train%/Test% | Accuracy: 64.52%/62.47% | Precision: 65.87%/64.35% | Recall: 71.68%/69.52% | F1: 62.45%/60.48% | Time: fit=122s, train=026s, test=006s, total=154s
Epoch  77: Train%/Test% | Accuracy: 63.64%/61.31% | Precision: 65.55%/63.95% | Recall: 71.19%/68.89% | F1: 61.71%/59.52% | Time: fit=121s, train=026s, test=006s, total=153s
Epoch  78: Train%/Test% | Accuracy: 65.00%/61.59% | Precision: 66.01%/63.65% | Recall: 71.90%/68.55% | F1: 62.85%/59.62% | Time: fit=125s, train=025s, test=006s, total=157s
Epoch  79: Train%/Test% | Accuracy: 66.11%/62.96% | Precision: 66.54%/64.17% | Recall: 72.65%/69.33% | F1: 63.82%/60.77% | Time: fit=123s, train=025s, test=006s, total=154s
Epoch  80: Train%/Test% | Accuracy: 64.89%/61.97% | Precision: 66.15%/64.05% | Recall: 72.07%/69.09% | F1: 62.82%/60.03% | Time: fit=122s, train=025s, test=006s, total=154s
Epoch  81: Train%/Test% | Accuracy: 64.45%/62.24% | Precision: 66.11%/64.40% | Recall: 71.98%/69.56% | F1: 62.49%/60.34% | Time: fit=122s, train=025s, test=006s, total=153s
Epoch  82: Train%/Test% | Accuracy: 63.20%/61.38% | Precision: 65.69%/64.32% | Recall: 71.31%/69.35% | F1: 61.43%/59.68% | Time: fit=123s, train=025s, test=006s, total=154s
Epoch  83: Train%/Test% | Accuracy: 65.07%/62.96% | Precision: 66.27%/64.75% | Recall: 72.23%/70.07% | F1: 62.99%/60.97% | Time: fit=123s, train=025s, test=006s, total=154s
Epoch  84: Train%/Test% | Accuracy: 64.40%/62.22% | Precision: 66.27%/64.76% | Recall: 72.17%/69.99% | F1: 62.50%/60.43% | Time: fit=123s, train=025s, test=006s, total=155s
Epoch  85: Train%/Test% | Accuracy: 63.87%/61.86% | Precision: 65.94%/64.47% | Recall: 71.71%/69.60% | F1: 62.01%/60.08% | Time: fit=124s, train=026s, test=006s, total=155s
Epoch  86: Train%/Test% | Accuracy: 63.24%/61.25% | Precision: 65.69%/64.31% | Recall: 71.32%/69.32% | F1: 61.46%/59.58% | Time: fit=123s, train=026s, test=006s, total=154s
Epoch  87: Train%/Test% | Accuracy: 63.14%/61.38% | Precision: 65.64%/64.69% | Recall: 71.25%/69.80% | F1: 61.37%/59.79% | Time: fit=124s, train=026s, test=006s, total=155s
Epoch  88: Train%/Test% | Accuracy: 64.81%/63.57% | Precision: 66.06%/65.07% | Recall: 71.95%/70.53% | F1: 62.73%/61.52% | Time: fit=124s, train=025s, test=006s, total=155s
Epoch  89: Train%/Test% | Accuracy: 64.27%/62.90% | Precision: 66.12%/65.08% | Recall: 71.98%/70.47% | F1: 62.35%/61.03% | Time: fit=121s, train=026s, test=006s, total=153s
Epoch  90: Train%/Test% | Accuracy: 63.65%/62.53% | Precision: 65.93%/64.97% | Recall: 71.67%/70.30% | F1: 61.84%/60.73% | Time: fit=124s, train=026s, test=006s, total=156s
Epoch  91: Train%/Test% | Accuracy: 63.56%/62.56% | Precision: 65.93%/65.29% | Recall: 71.65%/70.70% | F1: 61.77%/60.84% | Time: fit=123s, train=026s, test=006s, total=155s
Epoch  92: Train%/Test% | Accuracy: 63.60%/62.60% | Precision: 66.04%/65.05% | Recall: 71.80%/70.41% | F1: 61.83%/60.81% | Time: fit=123s, train=026s, test=006s, total=155s
Epoch  93: Train%/Test% | Accuracy: 63.28%/62.04% | Precision: 65.89%/64.78% | Recall: 71.57%/70.00% | F1: 61.55%/60.30% | Time: fit=122s, train=026s, test=006s, total=154s
Epoch  94: Train%/Test% | Accuracy: 63.40%/62.40% | Precision: 65.79%/65.02% | Recall: 71.46%/70.34% | F1: 61.61%/60.64% | Time: fit=124s, train=026s, test=006s, total=156s
Epoch  95: Train%/Test% | Accuracy: 64.31%/63.37% | Precision: 66.11%/65.11% | Recall: 71.96%/70.56% | F1: 62.38%/61.38% | Time: fit=123s, train=026s, test=006s, total=154s
Epoch  96: Train%/Test% | Accuracy: 63.51%/61.90% | Precision: 65.66%/64.31% | Recall: 71.32%/69.40% | F1: 61.65%/60.06% | Time: fit=122s, train=026s, test=006s, total=154s
Epoch  97: Train%/Test% | Accuracy: 63.51%/62.44% | Precision: 65.67%/64.54% | Recall: 71.33%/69.76% | F1: 61.65%/60.53% | Time: fit=123s, train=026s, test=006s, total=155s
Epoch  98: Train%/Test% | Accuracy: 65.70%/63.96% | Precision: 66.40%/64.92% | Recall: 72.44%/70.37% | F1: 63.48%/61.74% | Time: fit=123s, train=026s, test=006s, total=155s
Epoch  99: Train%/Test% | Accuracy: 65.21%/63.55% | Precision: 66.22%/64.99% | Recall: 72.18%/70.42% | F1: 63.07%/61.47% | Time: fit=122s, train=026s, test=006s, total=154s
Epoch 100: Train%/Test% | Accuracy: 66.07%/64.23% | Precision: 66.56%/65.37% | Recall: 72.67%/70.97% | F1: 63.80%/62.09% | Time: fit=123s, train=025s, test=006s, total=155s
Epoch 101: Train%/Test% | Accuracy: 65.51%/63.87% | Precision: 66.60%/65.20% | Recall: 72.70%/70.73% | F1: 63.42%/61.77% | Time: fit=122s, train=025s, test=006s, total=154s
Epoch 102: Train%/Test% | Accuracy: 64.87%/63.14% | Precision: 66.39%/65.01% | Recall: 72.37%/70.41% | F1: 62.88%/61.19% | Time: fit=123s, train=026s, test=006s, total=155s
Epoch 103: Train%/Test% | Accuracy: 64.50%/61.61% | Precision: 66.28%/64.39% | Recall: 72.20%/69.46% | F1: 62.58%/59.87% | Time: fit=121s, train=026s, test=006s, total=152s
Epoch 104: Train%/Test% | Accuracy: 64.19%/61.61% | Precision: 66.11%/64.47% | Recall: 71.95%/69.56% | F1: 62.29%/59.89% | Time: fit=124s, train=026s, test=006s, total=156s
Epoch 105: Train%/Test% | Accuracy: 64.35%/62.20% | Precision: 66.20%/64.56% | Recall: 72.09%/69.76% | F1: 62.44%/60.35% | Time: fit=123s, train=026s, test=006s, total=155s
Epoch 106: Train%/Test% | Accuracy: 63.83%/61.97% | Precision: 65.98%/64.54% | Recall: 71.75%/69.70% | F1: 61.98%/60.18% | Time: fit=121s, train=026s, test=006s, total=153s
Epoch 107: Train%/Test% | Accuracy: 63.66%/62.17% | Precision: 65.83%/64.61% | Recall: 71.55%/69.80% | F1: 61.82%/60.35% | Time: fit=124s, train=026s, test=006s, total=156s
Epoch 108: Train%/Test% | Accuracy: 63.40%/62.51% | Precision: 65.82%/64.88% | Recall: 71.49%/70.19% | F1: 61.62%/60.69% | Time: fit=122s, train=026s, test=006s, total=154s
Epoch 109: Train%/Test% | Accuracy: 63.86%/62.96% | Precision: 65.93%/65.03% | Recall: 71.69%/70.42% | F1: 61.99%/61.06% | Time: fit=122s, train=026s, test=006s, total=154s
Epoch 110: Train%/Test% | Accuracy: 63.21%/62.31% | Precision: 65.53%/64.90% | Recall: 71.11%/70.18% | F1: 61.38%/60.54% | Time: fit=123s, train=026s, test=006s, total=155s
Epoch 111: Train%/Test% | Accuracy: 65.34%/63.30% | Precision: 66.27%/64.75% | Recall: 72.26%/70.10% | F1: 63.18%/61.22% | Time: fit=123s, train=025s, test=006s, total=154s
Epoch 112: Train%/Test% | Accuracy: 66.13%/64.48% | Precision: 66.58%/65.24% | Recall: 72.70%/70.81% | F1: 63.85%/62.22% | Time: fit=122s, train=025s, test=006s, total=153s
Epoch 113: Train%/Test% | Accuracy: 65.84%/63.64% | Precision: 66.40%/64.75% | Recall: 72.46%/70.13% | F1: 63.58%/61.46% | Time: fit=122s, train=025s, test=006s, total=154s
Epoch 114: Train%/Test% | Accuracy: 64.76%/63.10% | Precision: 66.07%/64.73% | Recall: 71.96%/70.06% | F1: 62.70%/61.06% | Time: fit=124s, train=026s, test=006s, total=156s
Epoch 115: Train%/Test% | Accuracy: 65.80%/63.05% | Precision: 66.42%/64.41% | Recall: 72.48%/69.65% | F1: 63.56%/60.92% | Time: fit=120s, train=025s, test=006s, total=152s
Epoch 116: Train%/Test% | Accuracy: 65.68%/63.48% | Precision: 66.40%/64.93% | Recall: 72.44%/70.35% | F1: 63.47%/61.41% | Time: fit=122s, train=025s, test=006s, total=153s
Epoch 117: Train%/Test% | Accuracy: 66.70%/64.79% | Precision: 66.54%/65.29% | Recall: 72.65%/70.89% | F1: 64.23%/62.45% | Time: fit=121s, train=025s, test=006s, total=153s
Epoch 118: Train%/Test% | Accuracy: 67.27%/65.33% | Precision: 67.00%/65.40% | Recall: 73.27%/71.06% | F1: 64.79%/62.87% | Time: fit=123s, train=025s, test=006s, total=154s
Epoch 119: Train%/Test% | Accuracy: 66.72%/64.72% | Precision: 66.70%/65.19% | Recall: 72.87%/70.75% | F1: 64.31%/62.37% | Time: fit=120s, train=025s, test=006s, total=152s
Epoch 120: Train%/Test% | Accuracy: 66.49%/65.00% | Precision: 66.59%/65.55% | Recall: 72.72%/71.25% | F1: 64.10%/62.69% | Time: fit=122s, train=025s, test=006s, total=154s
Epoch 121: Train%/Test% | Accuracy: 67.19%/65.67% | Precision: 66.68%/65.80% | Recall: 72.83%/71.60% | F1: 64.61%/63.25% | Time: fit=122s, train=025s, test=006s, total=154s
Epoch 122: Train%/Test% | Accuracy: 67.55%/65.90% | Precision: 66.76%/65.63% | Recall: 72.93%/71.36% | F1: 64.89%/63.34% | Time: fit=122s, train=025s, test=006s, total=153s
Epoch 123: Train%/Test% | Accuracy: 67.93%/66.17% | Precision: 66.95%/65.88% | Recall: 73.18%/71.70% | F1: 65.22%/63.62% | Time: fit=122s, train=025s, test=006s, total=153s
Epoch 124: Train%/Test% | Accuracy: 66.92%/65.18% | Precision: 66.70%/65.59% | Recall: 72.87%/71.30% | F1: 64.44%/62.83% | Time: fit=120s, train=025s, test=006s, total=151s
Epoch 125: Train%/Test% | Accuracy: 66.22%/64.63% | Precision: 66.51%/65.43% | Recall: 72.61%/71.07% | F1: 63.89%/62.40% | Time: fit=123s, train=025s, test=006s, total=155s
Epoch 126: Train%/Test% | Accuracy: 66.80%/65.61% | Precision: 66.50%/65.58% | Recall: 72.60%/71.30% | F1: 64.28%/63.12% | Time: fit=123s, train=025s, test=006s, total=154s
Epoch 127: Train%/Test% | Accuracy: 66.15%/64.23% | Precision: 66.26%/64.64% | Recall: 72.27%/70.01% | F1: 63.74%/61.82% | Time: fit=121s, train=025s, test=006s, total=152s
Epoch 128: Train%/Test% | Accuracy: 66.71%/65.11% | Precision: 66.53%/65.23% | Recall: 72.64%/70.81% | F1: 64.23%/62.65% | Time: fit=122s, train=025s, test=006s, total=154s
Epoch 129: Train%/Test% | Accuracy: 66.32%/64.11% | Precision: 66.40%/65.05% | Recall: 72.46%/70.54% | F1: 63.92%/61.89% | Time: fit=123s, train=025s, test=006s, total=154s
Epoch 130: Train%/Test% | Accuracy: 65.06%/63.26% | Precision: 66.01%/64.88% | Recall: 71.89%/70.26% | F1: 62.89%/61.23% | Time: fit=121s, train=025s, test=006s, total=153s
Epoch 131: Train%/Test% | Accuracy: 64.68%/63.14% | Precision: 65.90%/65.01% | Recall: 71.73%/70.41% | F1: 62.58%/61.19% | Time: fit=122s, train=026s, test=006s, total=154s
Epoch 132: Train%/Test% | Accuracy: 65.39%/63.53% | Precision: 66.06%/64.83% | Recall: 71.98%/70.22% | F1: 63.14%/61.40% | Time: fit=123s, train=025s, test=006s, total=155s
Epoch 133: Train%/Test% | Accuracy: 65.07%/63.50% | Precision: 66.04%/65.12% | Recall: 71.93%/70.59% | F1: 62.91%/61.49% | Time: fit=121s, train=025s, test=006s, total=153s
Epoch 134: Train%/Test% | Accuracy: 65.53%/63.93% | Precision: 66.29%/65.13% | Recall: 72.29%/70.65% | F1: 63.32%/61.80% | Time: fit=122s, train=025s, test=006s, total=154s
Epoch 135: Train%/Test% | Accuracy: 66.49%/64.39% | Precision: 66.54%/65.15% | Recall: 72.66%/70.69% | F1: 64.08%/62.12% | Time: fit=122s, train=025s, test=006s, total=153s
Epoch 136: Train%/Test% | Accuracy: 65.59%/63.55% | Precision: 66.21%/64.76% | Recall: 72.18%/70.14% | F1: 63.34%/61.40% | Time: fit=123s, train=025s, test=006s, total=154s
Epoch 137: Train%/Test% | Accuracy: 65.35%/64.09% | Precision: 66.15%/65.04% | Recall: 72.10%/70.53% | F1: 63.15%/61.87% | Time: fit=121s, train=025s, test=006s, total=153s
Epoch 138: Train%/Test% | Accuracy: 65.23%/63.05% | Precision: 66.26%/64.56% | Recall: 72.23%/69.84% | F1: 63.10%/60.97% | Time: fit=122s, train=025s, test=006s, total=153s
Epoch 139: Train%/Test% | Accuracy: 66.21%/63.50% | Precision: 66.43%/64.62% | Recall: 72.50%/69.95% | F1: 63.85%/61.31% | Time: fit=122s, train=025s, test=006s, total=154s
Epoch 140: Train%/Test% | Accuracy: 65.49%/63.30% | Precision: 66.25%/64.82% | Recall: 72.24%/70.20% | F1: 63.28%/61.24% | Time: fit=123s, train=025s, test=006s, total=155s
Epoch 141: Train%/Test% | Accuracy: 64.93%/62.99% | Precision: 66.10%/64.58% | Recall: 72.00%/69.86% | F1: 62.83%/60.93% | Time: fit=123s, train=025s, test=006s, total=154s
Epoch 142: Train%/Test% | Accuracy: 64.08%/62.24% | Precision: 65.73%/64.51% | Recall: 71.46%/69.69% | F1: 62.09%/60.37% | Time: fit=122s, train=026s, test=006s, total=154s
Epoch 143: Train%/Test% | Accuracy: 65.35%/63.23% | Precision: 66.14%/64.64% | Recall: 72.08%/69.96% | F1: 63.14%/61.13% | Time: fit=122s, train=025s, test=006s, total=153s
Epoch 144: Train%/Test% | Accuracy: 65.05%/62.65% | Precision: 66.10%/64.48% | Recall: 72.01%/69.70% | F1: 62.91%/60.66% | Time: fit=122s, train=025s, test=006s, total=154s
Epoch 145: Train%/Test% | Accuracy: 66.35%/63.71% | Precision: 66.44%/64.59% | Recall: 72.51%/69.92% | F1: 63.95%/61.44% | Time: fit=123s, train=025s, test=006s, total=154s
Epoch 146: Train%/Test% | Accuracy: 65.30%/63.10% | Precision: 66.13%/64.48% | Recall: 72.07%/69.74% | F1: 63.10%/60.98% | Time: fit=121s, train=025s, test=006s, total=153s
Epoch 147: Train%/Test% | Accuracy: 64.51%/62.58% | Precision: 65.78%/64.35% | Recall: 71.56%/69.53% | F1: 62.42%/60.56% | Time: fit=122s, train=025s, test=006s, total=153s
Epoch 148: Train%/Test% | Accuracy: 64.14%/62.31% | Precision: 65.55%/64.31% | Recall: 71.24%/69.45% | F1: 62.08%/60.35% | Time: fit=123s, train=025s, test=006s, total=155s
Epoch 149: Train%/Test% | Accuracy: 64.46%/62.49% | Precision: 65.72%/64.59% | Recall: 71.48%/69.82% | F1: 62.36%/60.58% | Time: fit=123s, train=025s, test=006s, total=155s
Epoch 150: Train%/Test% | Accuracy: 64.19%/62.33% | Precision: 65.69%/64.39% | Recall: 71.41%/69.56% | F1: 62.16%/60.40% | Time: fit=121s, train=025s, test=006s, total=152s
