[nltk_data] Downloading package wordnet to /home/bjorvl16/nltk_data...
[nltk_data]   Package wordnet is already up-to-date!
[nltk_data] Downloading package stopwords to
[nltk_data]     /home/bjorvl16/nltk_data...
[nltk_data]   Package stopwords is already up-to-date!
[*] Load dataset...
[*] Fix malformed data...
[*] Split...
[*] Encoding...
[*] Encoding feature: text... 464
==============================
Using GPU for training
Dataset: FakeNewsNet-politifact
TMU params: num-clauses=5000, T=200, s=5.0
Epochs: 150
Feature(s): text
max-vocab=15000, max-domain=500, max-tweet=500
====================
Train size: 844
Train classes: 2
Test size: 212
Test classes: 2
Total features: 464
==============================
[*] Training for 150 epochs...
Epoch   1: Train%/Test% | Accuracy: 67.06%/58.49% | Precision: 72.05%/62.88% | Recall: 70.22%/62.88% | F1: 66.83%/58.49% | Time: fit=003s, train=000s, test=000s, total=004s
Epoch   2: Train%/Test% | Accuracy: 67.42%/64.15% | Precision: 72.27%/67.26% | Recall: 70.53%/67.89% | F1: 67.21%/64.10% | Time: fit=002s, train=000s, test=000s, total=003s
Epoch   3: Train%/Test% | Accuracy: 69.79%/66.98% | Precision: 74.31%/71.05% | Recall: 72.76%/71.47% | F1: 69.65%/66.97% | Time: fit=002s, train=000s, test=000s, total=003s
Epoch   4: Train%/Test% | Accuracy: 72.04%/66.04% | Precision: 75.68%/68.82% | Recall: 74.70%/69.65% | F1: 71.98%/65.96% | Time: fit=002s, train=000s, test=000s, total=003s
Epoch   5: Train%/Test% | Accuracy: 72.75%/67.92% | Precision: 76.02%/70.38% | Recall: 75.28%/71.41% | F1: 72.71%/67.82% | Time: fit=002s, train=000s, test=000s, total=003s
Epoch   6: Train%/Test% | Accuracy: 73.34%/68.40% | Precision: 77.24%/72.31% | Recall: 76.10%/72.86% | F1: 73.28%/68.38% | Time: fit=002s, train=000s, test=000s, total=003s
Epoch   7: Train%/Test% | Accuracy: 74.29%/67.92% | Precision: 78.37%/71.60% | Recall: 77.11%/72.22% | F1: 74.22%/67.90% | Time: fit=002s, train=000s, test=000s, total=003s
Epoch   8: Train%/Test% | Accuracy: 57.58%/53.30% | Precision: 73.77%/70.65% | Recall: 63.35%/62.79% | F1: 54.61%/51.49% | Time: fit=002s, train=000s, test=000s, total=003s
Epoch   9: Train%/Test% | Accuracy: 56.04%/53.30% | Precision: 74.41%/72.03% | Recall: 62.14%/63.06% | F1: 52.35%/51.30% | Time: fit=002s, train=000s, test=000s, total=003s
Epoch  10: Train%/Test% | Accuracy: 55.33%/51.89% | Precision: 74.21%/71.67% | Recall: 61.53%/61.94% | F1: 51.37%/49.51% | Time: fit=002s, train=000s, test=000s, total=003s
Epoch  11: Train%/Test% | Accuracy: 56.64%/53.30% | Precision: 74.58%/72.03% | Recall: 62.65%/63.06% | F1: 53.16%/51.30% | Time: fit=002s, train=000s, test=000s, total=003s
Epoch  12: Train%/Test% | Accuracy: 56.28%/52.83% | Precision: 73.30%/70.49% | Recall: 62.23%/62.42% | F1: 52.87%/50.90% | Time: fit=002s, train=000s, test=000s, total=003s
Epoch  13: Train%/Test% | Accuracy: 56.52%/54.25% | Precision: 73.38%/70.97% | Recall: 62.43%/63.54% | F1: 53.19%/52.64% | Time: fit=002s, train=000s, test=000s, total=003s
Epoch  14: Train%/Test% | Accuracy: 59.24%/55.19% | Precision: 74.37%/71.30% | Recall: 64.78%/64.28% | F1: 56.77%/53.78% | Time: fit=002s, train=000s, test=000s, total=003s
Epoch  15: Train%/Test% | Accuracy: 59.00%/54.25% | Precision: 73.97%/70.97% | Recall: 64.54%/63.54% | F1: 56.51%/52.64% | Time: fit=002s, train=000s, test=000s, total=003s
Epoch  16: Train%/Test% | Accuracy: 60.78%/55.66% | Precision: 74.65%/71.46% | Recall: 66.07%/64.66% | F1: 58.76%/54.34% | Time: fit=002s, train=000s, test=000s, total=003s
Epoch  17: Train%/Test% | Accuracy: 61.26%/56.13% | Precision: 74.56%/71.62% | Recall: 66.44%/65.03% | F1: 59.39%/54.90% | Time: fit=002s, train=000s, test=000s, total=003s
Epoch  18: Train%/Test% | Accuracy: 64.34%/58.49% | Precision: 76.03%/71.46% | Recall: 69.13%/66.63% | F1: 63.06%/57.75% | Time: fit=002s, train=000s, test=000s, total=003s
Epoch  19: Train%/Test% | Accuracy: 64.45%/58.96% | Precision: 76.08%/70.75% | Recall: 69.23%/66.73% | F1: 63.20%/58.38% | Time: fit=002s, train=000s, test=000s, total=003s
Epoch  20: Train%/Test% | Accuracy: 65.64%/59.91% | Precision: 76.78%/71.16% | Recall: 70.29%/67.48% | F1: 64.55%/59.43% | Time: fit=002s, train=000s, test=000s, total=003s
Epoch  21: Train%/Test% | Accuracy: 80.81%/73.11% | Precision: 81.16%/73.24% | Recall: 81.94%/74.98% | F1: 80.73%/72.67% | Time: fit=002s, train=000s, test=000s, total=003s
Epoch  22: Train%/Test% | Accuracy: 81.04%/74.53% | Precision: 81.50%/75.36% | Recall: 82.26%/77.17% | F1: 80.98%/74.25% | Time: fit=002s, train=000s, test=000s, total=003s
Epoch  23: Train%/Test% | Accuracy: 82.11%/74.06% | Precision: 82.54%/74.45% | Recall: 83.34%/76.26% | F1: 82.05%/73.69% | Time: fit=002s, train=000s, test=000s, total=003s
Epoch  24: Train%/Test% | Accuracy: 81.75%/73.58% | Precision: 82.43%/74.72% | Recall: 83.15%/76.43% | F1: 81.71%/73.35% | Time: fit=002s, train=000s, test=000s, total=003s
Epoch  25: Train%/Test% | Accuracy: 80.57%/71.70% | Precision: 81.68%/72.82% | Recall: 82.21%/74.40% | F1: 80.55%/71.44% | Time: fit=002s, train=000s, test=000s, total=003s
Epoch  26: Train%/Test% | Accuracy: 81.64%/72.64% | Precision: 82.40%/73.17% | Recall: 83.09%/74.88% | F1: 81.60%/72.29% | Time: fit=002s, train=000s, test=000s, total=003s
Epoch  27: Train%/Test% | Accuracy: 82.11%/71.23% | Precision: 82.70%/71.90% | Recall: 83.45%/73.49% | F1: 82.06%/70.88% | Time: fit=002s, train=000s, test=000s, total=003s
Epoch  28: Train%/Test% | Accuracy: 82.11%/72.17% | Precision: 82.59%/72.84% | Recall: 83.38%/74.50% | F1: 82.05%/71.84% | Time: fit=002s, train=000s, test=000s, total=003s
Epoch  29: Train%/Test% | Accuracy: 82.58%/72.17% | Precision: 83.01%/72.84% | Recall: 83.82%/74.50% | F1: 82.52%/71.84% | Time: fit=002s, train=000s, test=000s, total=003s
Epoch  30: Train%/Test% | Accuracy: 82.23%/71.70% | Precision: 82.97%/71.96% | Recall: 83.67%/73.59% | F1: 82.19%/71.27% | Time: fit=002s, train=000s, test=000s, total=003s
Epoch  31: Train%/Test% | Accuracy: 81.64%/72.17% | Precision: 82.34%/72.56% | Recall: 83.05%/74.23% | F1: 81.60%/71.78% | Time: fit=002s, train=000s, test=000s, total=003s
Epoch  32: Train%/Test% | Accuracy: 82.11%/71.70% | Precision: 82.59%/71.96% | Recall: 83.38%/73.59% | F1: 82.05%/71.27% | Time: fit=002s, train=000s, test=000s, total=003s
Epoch  33: Train%/Test% | Accuracy: 81.75%/72.17% | Precision: 82.61%/72.56% | Recall: 83.27%/74.23% | F1: 81.72%/71.78% | Time: fit=002s, train=000s, test=000s, total=003s
Epoch  34: Train%/Test% | Accuracy: 81.99%/72.64% | Precision: 82.79%/73.17% | Recall: 83.47%/74.88% | F1: 81.96%/72.29% | Time: fit=002s, train=000s, test=000s, total=003s
Epoch  35: Train%/Test% | Accuracy: 82.23%/74.06% | Precision: 82.91%/74.18% | Recall: 83.64%/76.00% | F1: 82.19%/73.63% | Time: fit=002s, train=000s, test=000s, total=003s
Epoch  36: Train%/Test% | Accuracy: 82.23%/74.53% | Precision: 82.79%/74.79% | Recall: 83.56%/76.64% | F1: 82.18%/74.14% | Time: fit=002s, train=000s, test=000s, total=003s
Epoch  37: Train%/Test% | Accuracy: 82.58%/74.06% | Precision: 83.12%/74.45% | Recall: 83.90%/76.26% | F1: 82.53%/73.69% | Time: fit=002s, train=000s, test=000s, total=003s
Epoch  38: Train%/Test% | Accuracy: 81.40%/73.58% | Precision: 82.10%/74.12% | Recall: 82.80%/75.89% | F1: 81.36%/73.24% | Time: fit=002s, train=000s, test=000s, total=003s
Epoch  39: Train%/Test% | Accuracy: 80.45%/73.58% | Precision: 81.21%/74.12% | Recall: 81.87%/75.89% | F1: 80.41%/73.24% | Time: fit=002s, train=000s, test=000s, total=003s
Epoch  40: Train%/Test% | Accuracy: 81.52%/74.06% | Precision: 82.08%/74.73% | Recall: 82.83%/76.53% | F1: 81.47%/73.75% | Time: fit=002s, train=000s, test=000s, total=003s
Epoch  41: Train%/Test% | Accuracy: 82.23%/73.11% | Precision: 82.79%/72.99% | Recall: 83.56%/74.71% | F1: 82.18%/72.60% | Time: fit=002s, train=000s, test=000s, total=003s
Epoch  42: Train%/Test% | Accuracy: 82.23%/74.53% | Precision: 82.63%/74.53% | Recall: 83.44%/76.37% | F1: 82.16%/74.08% | Time: fit=002s, train=000s, test=000s, total=003s
Epoch  43: Train%/Test% | Accuracy: 82.46%/74.06% | Precision: 82.77%/73.93% | Recall: 83.60%/75.73% | F1: 82.39%/73.56% | Time: fit=002s, train=000s, test=000s, total=003s
Epoch  44: Train%/Test% | Accuracy: 82.70%/74.06% | Precision: 82.96%/74.18% | Recall: 83.81%/76.00% | F1: 82.62%/73.63% | Time: fit=002s, train=000s, test=000s, total=003s
Epoch  45: Train%/Test% | Accuracy: 81.99%/75.00% | Precision: 82.34%/74.88% | Recall: 83.16%/76.74% | F1: 81.92%/74.52% | Time: fit=002s, train=000s, test=000s, total=003s
Epoch  46: Train%/Test% | Accuracy: 82.23%/74.53% | Precision: 82.79%/74.79% | Recall: 83.56%/76.64% | F1: 82.18%/74.14% | Time: fit=002s, train=000s, test=000s, total=003s
Epoch  47: Train%/Test% | Accuracy: 81.87%/74.53% | Precision: 82.35%/74.79% | Recall: 83.13%/76.64% | F1: 81.82%/74.14% | Time: fit=002s, train=000s, test=000s, total=003s
Epoch  48: Train%/Test% | Accuracy: 81.99%/74.06% | Precision: 82.55%/74.18% | Recall: 83.31%/76.00% | F1: 81.94%/73.63% | Time: fit=002s, train=000s, test=000s, total=003s
Epoch  49: Train%/Test% | Accuracy: 82.70%/73.58% | Precision: 82.91%/73.34% | Recall: 83.77%/75.09% | F1: 82.62%/73.05% | Time: fit=002s, train=000s, test=000s, total=003s
Epoch  50: Train%/Test% | Accuracy: 81.64%/73.58% | Precision: 82.01%/73.34% | Recall: 82.81%/75.09% | F1: 81.57%/73.05% | Time: fit=002s, train=000s, test=000s, total=003s
Epoch  51: Train%/Test% | Accuracy: 81.87%/73.58% | Precision: 82.30%/73.58% | Recall: 83.09%/75.35% | F1: 81.81%/73.12% | Time: fit=002s, train=000s, test=000s, total=003s
Epoch  52: Train%/Test% | Accuracy: 81.64%/72.64% | Precision: 82.12%/72.64% | Recall: 82.89%/74.34% | F1: 81.58%/72.16% | Time: fit=002s, train=000s, test=000s, total=003s
Epoch  53: Train%/Test% | Accuracy: 82.11%/72.17% | Precision: 82.76%/72.56% | Recall: 83.49%/74.23% | F1: 82.07%/71.78% | Time: fit=002s, train=000s, test=000s, total=003s
Epoch  54: Train%/Test% | Accuracy: 82.23%/72.64% | Precision: 83.03%/73.17% | Recall: 83.71%/74.88% | F1: 82.20%/72.29% | Time: fit=002s, train=000s, test=000s, total=003s
Epoch  55: Train%/Test% | Accuracy: 81.64%/73.11% | Precision: 82.40%/73.51% | Recall: 83.09%/75.25% | F1: 81.60%/72.73% | Time: fit=002s, train=000s, test=000s, total=003s
Epoch  56: Train%/Test% | Accuracy: 81.87%/72.17% | Precision: 82.70%/72.84% | Recall: 83.37%/74.50% | F1: 81.84%/71.84% | Time: fit=002s, train=000s, test=000s, total=003s
Epoch  57: Train%/Test% | Accuracy: 82.11%/73.58% | Precision: 82.82%/74.41% | Recall: 83.53%/76.16% | F1: 82.07%/73.30% | Time: fit=002s, train=000s, test=000s, total=003s
Epoch  58: Train%/Test% | Accuracy: 81.28%/73.58% | Precision: 82.14%/74.12% | Recall: 82.78%/75.89% | F1: 81.25%/73.24% | Time: fit=002s, train=000s, test=000s, total=003s
Epoch  59: Train%/Test% | Accuracy: 81.28%/74.53% | Precision: 82.20%/75.36% | Recall: 82.82%/77.17% | F1: 81.25%/74.25% | Time: fit=002s, train=000s, test=000s, total=003s
Epoch  60: Train%/Test% | Accuracy: 81.04%/73.58% | Precision: 81.84%/73.84% | Recall: 82.50%/75.62% | F1: 81.01%/73.18% | Time: fit=002s, train=000s, test=000s, total=003s
Epoch  61: Train%/Test% | Accuracy: 81.64%/73.58% | Precision: 82.28%/74.12% | Recall: 83.01%/75.89% | F1: 81.59%/73.24% | Time: fit=002s, train=000s, test=000s, total=003s
Epoch  62: Train%/Test% | Accuracy: 81.40%/73.58% | Precision: 82.04%/74.12% | Recall: 82.76%/75.89% | F1: 81.35%/73.24% | Time: fit=002s, train=000s, test=000s, total=003s
Epoch  63: Train%/Test% | Accuracy: 81.64%/74.53% | Precision: 82.40%/74.79% | Recall: 83.09%/76.64% | F1: 81.60%/74.14% | Time: fit=002s, train=000s, test=000s, total=003s
Epoch  64: Train%/Test% | Accuracy: 82.46%/74.06% | Precision: 82.92%/74.45% | Recall: 83.72%/76.26% | F1: 82.41%/73.69% | Time: fit=002s, train=000s, test=000s, total=003s
Epoch  65: Train%/Test% | Accuracy: 82.23%/73.58% | Precision: 82.85%/74.12% | Recall: 83.60%/75.89% | F1: 82.18%/73.24% | Time: fit=002s, train=000s, test=000s, total=003s
Epoch  66: Train%/Test% | Accuracy: 82.35%/75.00% | Precision: 82.88%/74.88% | Recall: 83.66%/76.74% | F1: 82.30%/74.52% | Time: fit=002s, train=000s, test=000s, total=003s
Epoch  67: Train%/Test% | Accuracy: 82.11%/73.11% | Precision: 82.70%/73.24% | Recall: 83.45%/74.98% | F1: 82.06%/72.67% | Time: fit=002s, train=000s, test=000s, total=003s
Epoch  68: Train%/Test% | Accuracy: 82.11%/74.53% | Precision: 82.88%/74.29% | Recall: 83.57%/76.10% | F1: 82.07%/74.01% | Time: fit=002s, train=000s, test=000s, total=003s
Epoch  69: Train%/Test% | Accuracy: 81.99%/74.06% | Precision: 82.85%/73.70% | Recall: 83.51%/75.46% | F1: 81.96%/73.49% | Time: fit=002s, train=000s, test=000s, total=003s
Epoch  70: Train%/Test% | Accuracy: 81.40%/75.00% | Precision: 82.49%/74.88% | Recall: 83.04%/76.74% | F1: 81.38%/74.52% | Time: fit=002s, train=000s, test=000s, total=003s
Epoch  71: Train%/Test% | Accuracy: 81.87%/75.00% | Precision: 82.83%/75.13% | Recall: 83.45%/77.01% | F1: 81.85%/74.59% | Time: fit=002s, train=000s, test=000s, total=003s
Epoch  72: Train%/Test% | Accuracy: 81.28%/73.58% | Precision: 82.40%/73.84% | Recall: 82.94%/75.62% | F1: 81.26%/73.18% | Time: fit=002s, train=000s, test=000s, total=003s
Epoch  73: Train%/Test% | Accuracy: 81.64%/74.06% | Precision: 82.46%/74.73% | Recall: 83.13%/76.53% | F1: 81.60%/73.75% | Time: fit=002s, train=000s, test=000s, total=003s
Epoch  74: Train%/Test% | Accuracy: 81.99%/74.06% | Precision: 82.92%/74.45% | Recall: 83.55%/76.26% | F1: 81.96%/73.69% | Time: fit=002s, train=000s, test=000s, total=003s
Epoch  75: Train%/Test% | Accuracy: 81.64%/71.70% | Precision: 82.53%/72.82% | Recall: 83.16%/74.40% | F1: 81.61%/71.44% | Time: fit=002s, train=000s, test=000s, total=003s
Epoch  76: Train%/Test% | Accuracy: 81.04%/73.58% | Precision: 82.16%/74.41% | Recall: 82.69%/76.16% | F1: 81.02%/73.30% | Time: fit=002s, train=000s, test=000s, total=003s
Epoch  77: Train%/Test% | Accuracy: 80.92%/72.17% | Precision: 82.08%/73.80% | Recall: 82.59%/75.31% | F1: 80.91%/71.99% | Time: fit=002s, train=000s, test=000s, total=003s
Epoch  78: Train%/Test% | Accuracy: 81.75%/74.06% | Precision: 82.43%/75.36% | Recall: 83.15%/77.07% | F1: 81.71%/73.85% | Time: fit=002s, train=000s, test=000s, total=003s
Epoch  79: Train%/Test% | Accuracy: 81.64%/74.53% | Precision: 82.46%/75.06% | Recall: 83.13%/76.90% | F1: 81.60%/74.20% | Time: fit=002s, train=000s, test=000s, total=003s
Epoch  80: Train%/Test% | Accuracy: 81.52%/75.94% | Precision: 82.44%/76.63% | Recall: 83.06%/78.56% | F1: 81.49%/75.66% | Time: fit=002s, train=000s, test=000s, total=003s
Epoch  81: Train%/Test% | Accuracy: 81.64%/74.53% | Precision: 82.53%/75.67% | Recall: 83.16%/77.44% | F1: 81.61%/74.30% | Time: fit=002s, train=000s, test=000s, total=003s
Epoch  82: Train%/Test% | Accuracy: 82.23%/76.42% | Precision: 82.97%/76.95% | Recall: 83.67%/78.93% | F1: 82.19%/76.11% | Time: fit=002s, train=000s, test=000s, total=003s
Epoch  83: Train%/Test% | Accuracy: 82.46%/75.47% | Precision: 83.09%/75.73% | Recall: 83.84%/77.65% | F1: 82.42%/75.10% | Time: fit=002s, train=000s, test=000s, total=003s
Epoch  84: Train%/Test% | Accuracy: 82.35%/75.47% | Precision: 82.88%/76.01% | Recall: 83.66%/77.92% | F1: 82.30%/75.15% | Time: fit=002s, train=000s, test=000s, total=003s
Epoch  85: Train%/Test% | Accuracy: 81.52%/75.47% | Precision: 82.25%/76.01% | Recall: 82.94%/77.92% | F1: 81.48%/75.15% | Time: fit=002s, train=000s, test=000s, total=003s
Epoch  86: Train%/Test% | Accuracy: 81.64%/74.53% | Precision: 82.34%/75.06% | Recall: 83.05%/76.90% | F1: 81.60%/74.20% | Time: fit=002s, train=000s, test=000s, total=003s
Epoch  87: Train%/Test% | Accuracy: 82.23%/74.53% | Precision: 82.74%/74.53% | Recall: 83.52%/76.37% | F1: 82.17%/74.08% | Time: fit=002s, train=000s, test=000s, total=003s
Epoch  88: Train%/Test% | Accuracy: 81.99%/75.94% | Precision: 82.50%/75.82% | Recall: 83.27%/77.76% | F1: 81.94%/75.48% | Time: fit=002s, train=000s, test=000s, total=003s
Epoch  89: Train%/Test% | Accuracy: 82.46%/74.53% | Precision: 83.14%/75.06% | Recall: 83.88%/76.90% | F1: 82.42%/74.20% | Time: fit=002s, train=000s, test=000s, total=003s
Epoch  90: Train%/Test% | Accuracy: 81.75%/73.58% | Precision: 82.68%/74.41% | Recall: 83.31%/76.16% | F1: 81.73%/73.30% | Time: fit=002s, train=000s, test=000s, total=003s
Epoch  91: Train%/Test% | Accuracy: 81.87%/74.06% | Precision: 82.70%/74.45% | Recall: 83.37%/76.26% | F1: 81.84%/73.69% | Time: fit=002s, train=000s, test=000s, total=003s
Epoch  92: Train%/Test% | Accuracy: 82.11%/73.11% | Precision: 82.70%/73.24% | Recall: 83.45%/74.98% | F1: 82.06%/72.67% | Time: fit=002s, train=000s, test=000s, total=003s
Epoch  93: Train%/Test% | Accuracy: 81.64%/73.11% | Precision: 82.23%/73.51% | Recall: 82.97%/75.25% | F1: 81.59%/72.73% | Time: fit=002s, train=000s, test=000s, total=003s
Epoch  94: Train%/Test% | Accuracy: 81.40%/74.06% | Precision: 81.99%/74.45% | Recall: 82.73%/76.26% | F1: 81.35%/73.69% | Time: fit=002s, train=000s, test=000s, total=003s
Epoch  95: Train%/Test% | Accuracy: 82.35%/73.58% | Precision: 82.83%/74.12% | Recall: 83.62%/75.89% | F1: 82.29%/73.24% | Time: fit=002s, train=000s, test=000s, total=003s
Epoch  96: Train%/Test% | Accuracy: 82.23%/74.53% | Precision: 82.85%/75.06% | Recall: 83.60%/76.90% | F1: 82.18%/74.20% | Time: fit=002s, train=000s, test=000s, total=003s
Epoch  97: Train%/Test% | Accuracy: 82.11%/75.00% | Precision: 82.70%/75.68% | Recall: 83.45%/77.54% | F1: 82.06%/74.70% | Time: fit=002s, train=000s, test=000s, total=003s
Epoch  98: Train%/Test% | Accuracy: 83.29%/75.94% | Precision: 83.53%/75.82% | Recall: 84.40%/77.76% | F1: 83.22%/75.48% | Time: fit=002s, train=000s, test=000s, total=003s
Epoch  99: Train%/Test% | Accuracy: 83.41%/77.36% | Precision: 83.72%/76.90% | Recall: 84.58%/78.87% | F1: 83.34%/76.83% | Time: fit=002s, train=000s, test=000s, total=003s
Epoch 100: Train%/Test% | Accuracy: 82.94%/75.00% | Precision: 83.34%/74.88% | Recall: 84.17%/76.74% | F1: 82.88%/74.52% | Time: fit=002s, train=000s, test=000s, total=003s
Epoch 101: Train%/Test% | Accuracy: 83.41%/76.42% | Precision: 83.87%/76.42% | Recall: 84.70%/78.40% | F1: 83.36%/76.00% | Time: fit=002s, train=000s, test=000s, total=003s
Epoch 102: Train%/Test% | Accuracy: 82.11%/74.53% | Precision: 83.00%/75.06% | Recall: 83.65%/76.90% | F1: 82.08%/74.20% | Time: fit=002s, train=000s, test=000s, total=003s
Epoch 103: Train%/Test% | Accuracy: 81.99%/74.06% | Precision: 82.85%/74.73% | Recall: 83.51%/76.53% | F1: 81.96%/73.75% | Time: fit=002s, train=000s, test=000s, total=003s
Epoch 104: Train%/Test% | Accuracy: 81.64%/73.58% | Precision: 82.46%/74.41% | Recall: 83.13%/76.16% | F1: 81.60%/73.30% | Time: fit=002s, train=000s, test=000s, total=003s
Epoch 105: Train%/Test% | Accuracy: 81.75%/72.64% | Precision: 82.43%/73.77% | Recall: 83.15%/75.41% | F1: 81.71%/72.40% | Time: fit=002s, train=000s, test=000s, total=003s
Epoch 106: Train%/Test% | Accuracy: 83.18%/75.47% | Precision: 83.80%/75.73% | Recall: 84.57%/77.65% | F1: 83.13%/75.10% | Time: fit=002s, train=000s, test=000s, total=003s
Epoch 107: Train%/Test% | Accuracy: 81.75%/73.58% | Precision: 82.61%/74.41% | Recall: 83.27%/76.16% | F1: 81.72%/73.30% | Time: fit=002s, train=000s, test=000s, total=003s
Epoch 108: Train%/Test% | Accuracy: 81.64%/73.11% | Precision: 82.53%/74.09% | Recall: 83.16%/75.78% | F1: 81.61%/72.85% | Time: fit=002s, train=000s, test=000s, total=003s
Epoch 109: Train%/Test% | Accuracy: 82.23%/72.64% | Precision: 83.16%/73.46% | Recall: 83.79%/75.14% | F1: 82.20%/72.34% | Time: fit=002s, train=000s, test=000s, total=003s
Epoch 110: Train%/Test% | Accuracy: 83.77%/75.47% | Precision: 84.42%/75.73% | Recall: 85.20%/77.65% | F1: 83.73%/75.10% | Time: fit=002s, train=000s, test=000s, total=003s
Epoch 111: Train%/Test% | Accuracy: 83.29%/75.94% | Precision: 83.78%/76.07% | Recall: 84.59%/78.02% | F1: 83.24%/75.55% | Time: fit=002s, train=000s, test=000s, total=003s
Epoch 112: Train%/Test% | Accuracy: 82.11%/74.53% | Precision: 82.70%/75.06% | Recall: 83.45%/76.90% | F1: 82.06%/74.20% | Time: fit=002s, train=000s, test=000s, total=003s
Epoch 113: Train%/Test% | Accuracy: 81.87%/74.06% | Precision: 82.41%/74.73% | Recall: 83.17%/76.53% | F1: 81.82%/73.75% | Time: fit=002s, train=000s, test=000s, total=003s
Epoch 114: Train%/Test% | Accuracy: 82.70%/75.00% | Precision: 83.21%/75.39% | Recall: 84.00%/77.28% | F1: 82.65%/74.65% | Time: fit=002s, train=000s, test=000s, total=003s
Epoch 115: Train%/Test% | Accuracy: 83.65%/75.00% | Precision: 84.05%/74.88% | Recall: 84.90%/76.74% | F1: 83.59%/74.52% | Time: fit=002s, train=000s, test=000s, total=003s
Epoch 116: Train%/Test% | Accuracy: 83.77%/75.47% | Precision: 84.10%/75.23% | Recall: 84.96%/77.11% | F1: 83.70%/74.97% | Time: fit=002s, train=000s, test=000s, total=003s
Epoch 117: Train%/Test% | Accuracy: 83.77%/75.94% | Precision: 84.00%/75.82% | Recall: 84.88%/77.76% | F1: 83.69%/75.48% | Time: fit=002s, train=000s, test=000s, total=003s
Epoch 118: Train%/Test% | Accuracy: 83.77%/76.89% | Precision: 84.10%/76.76% | Recall: 84.96%/78.77% | F1: 83.70%/76.45% | Time: fit=002s, train=000s, test=000s, total=003s
Epoch 119: Train%/Test% | Accuracy: 83.41%/77.36% | Precision: 83.72%/77.12% | Recall: 84.58%/79.14% | F1: 83.34%/76.90% | Time: fit=002s, train=000s, test=000s, total=003s
Epoch 120: Train%/Test% | Accuracy: 83.77%/76.42% | Precision: 84.05%/76.18% | Recall: 84.92%/78.13% | F1: 83.70%/75.93% | Time: fit=002s, train=000s, test=000s, total=003s
Epoch 121: Train%/Test% | Accuracy: 82.46%/75.47% | Precision: 83.14%/75.73% | Recall: 83.88%/77.65% | F1: 82.42%/75.10% | Time: fit=002s, train=000s, test=000s, total=003s
Epoch 122: Train%/Test% | Accuracy: 82.94%/75.47% | Precision: 83.40%/75.73% | Recall: 84.21%/77.65% | F1: 82.88%/75.10% | Time: fit=002s, train=000s, test=000s, total=003s
Epoch 123: Train%/Test% | Accuracy: 82.46%/75.47% | Precision: 82.97%/75.47% | Recall: 83.76%/77.38% | F1: 82.41%/75.04% | Time: fit=002s, train=000s, test=000s, total=003s
Epoch 124: Train%/Test% | Accuracy: 81.75%/75.00% | Precision: 82.43%/75.13% | Recall: 83.15%/77.01% | F1: 81.71%/74.59% | Time: fit=002s, train=000s, test=000s, total=003s
Epoch 125: Train%/Test% | Accuracy: 82.46%/74.53% | Precision: 82.92%/74.79% | Recall: 83.72%/76.64% | F1: 82.41%/74.14% | Time: fit=002s, train=000s, test=000s, total=003s
Epoch 126: Train%/Test% | Accuracy: 82.23%/75.00% | Precision: 82.79%/75.13% | Recall: 83.56%/77.01% | F1: 82.18%/74.59% | Time: fit=002s, train=000s, test=000s, total=003s
Epoch 127: Train%/Test% | Accuracy: 82.58%/73.58% | Precision: 83.29%/74.12% | Recall: 84.02%/75.89% | F1: 82.55%/73.24% | Time: fit=002s, train=000s, test=000s, total=003s
Epoch 128: Train%/Test% | Accuracy: 82.82%/74.53% | Precision: 83.47%/74.79% | Recall: 84.22%/76.64% | F1: 82.78%/74.14% | Time: fit=002s, train=000s, test=000s, total=003s
Epoch 129: Train%/Test% | Accuracy: 82.58%/73.58% | Precision: 83.35%/74.72% | Recall: 84.06%/76.43% | F1: 82.55%/73.35% | Time: fit=002s, train=000s, test=000s, total=003s
Epoch 130: Train%/Test% | Accuracy: 82.35%/75.00% | Precision: 83.24%/75.68% | Recall: 83.89%/77.54% | F1: 82.32%/74.70% | Time: fit=002s, train=000s, test=000s, total=003s
Epoch 131: Train%/Test% | Accuracy: 82.35%/74.06% | Precision: 83.06%/74.73% | Recall: 83.78%/76.53% | F1: 82.31%/73.75% | Time: fit=002s, train=000s, test=000s, total=003s
Epoch 132: Train%/Test% | Accuracy: 82.46%/73.58% | Precision: 83.27%/74.12% | Recall: 83.96%/75.89% | F1: 82.43%/73.24% | Time: fit=002s, train=000s, test=000s, total=003s
Epoch 133: Train%/Test% | Accuracy: 82.11%/73.58% | Precision: 83.00%/74.12% | Recall: 83.65%/75.89% | F1: 82.08%/73.24% | Time: fit=002s, train=000s, test=000s, total=003s
Epoch 134: Train%/Test% | Accuracy: 82.46%/75.00% | Precision: 83.21%/75.68% | Recall: 83.92%/77.54% | F1: 82.43%/74.70% | Time: fit=002s, train=000s, test=000s, total=003s
Epoch 135: Train%/Test% | Accuracy: 83.18%/75.47% | Precision: 83.80%/75.47% | Recall: 84.57%/77.38% | F1: 83.13%/75.04% | Time: fit=002s, train=000s, test=000s, total=003s
Epoch 136: Train%/Test% | Accuracy: 83.77%/75.47% | Precision: 84.31%/75.73% | Recall: 85.12%/77.65% | F1: 83.72%/75.10% | Time: fit=002s, train=000s, test=000s, total=003s
Epoch 137: Train%/Test% | Accuracy: 83.89%/76.42% | Precision: 84.24%/76.42% | Recall: 85.10%/78.40% | F1: 83.82%/76.00% | Time: fit=002s, train=000s, test=000s, total=003s
Epoch 138: Train%/Test% | Accuracy: 83.41%/76.42% | Precision: 83.92%/76.42% | Recall: 84.73%/78.40% | F1: 83.36%/76.00% | Time: fit=002s, train=000s, test=000s, total=003s
Epoch 139: Train%/Test% | Accuracy: 83.06%/76.42% | Precision: 83.77%/76.67% | Recall: 84.51%/78.66% | F1: 83.02%/76.05% | Time: fit=002s, train=000s, test=000s, total=003s
Epoch 140: Train%/Test% | Accuracy: 82.35%/74.53% | Precision: 83.38%/75.36% | Recall: 83.97%/77.17% | F1: 82.33%/74.25% | Time: fit=002s, train=000s, test=000s, total=003s
Epoch 141: Train%/Test% | Accuracy: 82.58%/75.00% | Precision: 83.29%/75.68% | Recall: 84.02%/77.54% | F1: 82.55%/74.70% | Time: fit=002s, train=000s, test=000s, total=003s
Epoch 142: Train%/Test% | Accuracy: 84.12%/76.89% | Precision: 84.64%/77.01% | Recall: 85.46%/79.04% | F1: 84.08%/76.51% | Time: fit=002s, train=000s, test=000s, total=003s
Epoch 143: Train%/Test% | Accuracy: 84.24%/76.42% | Precision: 84.78%/76.67% | Recall: 85.61%/78.66% | F1: 84.20%/76.05% | Time: fit=002s, train=000s, test=000s, total=003s
Epoch 144: Train%/Test% | Accuracy: 83.89%/76.89% | Precision: 84.46%/76.76% | Recall: 85.26%/78.77% | F1: 83.84%/76.45% | Time: fit=002s, train=000s, test=000s, total=003s
Epoch 145: Train%/Test% | Accuracy: 84.00%/76.89% | Precision: 84.39%/76.76% | Recall: 85.24%/78.77% | F1: 83.95%/76.45% | Time: fit=002s, train=000s, test=000s, total=003s
Epoch 146: Train%/Test% | Accuracy: 84.24%/77.36% | Precision: 84.67%/77.12% | Recall: 85.53%/79.14% | F1: 84.19%/76.90% | Time: fit=002s, train=000s, test=000s, total=003s
Epoch 147: Train%/Test% | Accuracy: 82.58%/74.53% | Precision: 83.29%/75.06% | Recall: 84.02%/76.90% | F1: 82.55%/74.20% | Time: fit=002s, train=000s, test=000s, total=003s
Epoch 148: Train%/Test% | Accuracy: 82.70%/74.53% | Precision: 83.32%/74.79% | Recall: 84.08%/76.64% | F1: 82.66%/74.14% | Time: fit=002s, train=000s, test=000s, total=003s
Epoch 149: Train%/Test% | Accuracy: 81.87%/75.00% | Precision: 82.52%/75.39% | Recall: 83.25%/77.28% | F1: 81.83%/74.65% | Time: fit=002s, train=000s, test=000s, total=003s
Epoch 150: Train%/Test% | Accuracy: 82.58%/75.47% | Precision: 83.07%/76.01% | Recall: 83.86%/77.92% | F1: 82.53%/75.15% | Time: fit=002s, train=000s, test=000s, total=003s
