[*] Load dataset...
[*] Fix malformed data...
[*] Split...
[*] Encoding...
[*] -> text...
[*] -> domain...
pipeline.py:185: SettingWithCopyWarning: 
A value is trying to be set on a copy of a slice from a DataFrame.
Try using .loc[row_indexer,col_indexer] = value instead

See the caveats in the documentation: https://pandas.pydata.org/pandas-docs/stable/user_guide/indexing.html#returning-a-view-versus-a-copy
  train_df['domain'] = train_df['url'].apply(extract_domain)
pipeline.py:186: SettingWithCopyWarning: 
A value is trying to be set on a copy of a slice from a DataFrame.
Try using .loc[row_indexer,col_indexer] = value instead

See the caveats in the documentation: https://pandas.pydata.org/pandas-docs/stable/user_guide/indexing.html#returning-a-view-versus-a-copy
  test_df['domain'] = test_df['url'].apply(extract_domain)
[*] -> tweet_ids...
[*] Encoding complete!
==============================
Using GPU for training
Dataset: FakeNewsNet-politifact
TMU params: num-clauses=5000, T=100, s=10.0
Epochs: 100
Feature(s): text, domain, tweet
max-vocab=3000, max-domain=500, max-tweet=500
====================
Train size: 844
Train classes: 2
Test size: 212
Test classes: 2
Total features: 3752
==============================
[*] Training for 100 epochs...
Epoch   1: Train%/Test% | Accuracy: 66.47%/67.45% | Precision: 75.59%/69.22% | Recall: 60.50%/57.38% | F1: 57.07%/54.54% | Time: fit=003s, train=000s, test=000s, total=004s
Epoch   2: Train%/Test% | Accuracy: 71.56%/70.75% | Precision: 78.97%/74.07% | Recall: 66.65%/61.86% | F1: 65.74%/61.01% | Time: fit=002s, train=000s, test=000s, total=002s
Epoch   3: Train%/Test% | Accuracy: 77.73%/73.11% | Precision: 77.13%/71.12% | Recall: 77.17%/71.23% | F1: 77.15%/71.17% | Time: fit=002s, train=000s, test=000s, total=002s
Epoch   4: Train%/Test% | Accuracy: 77.37%/74.53% | Precision: 77.78%/73.53% | Recall: 75.34%/69.67% | F1: 75.89%/70.54% | Time: fit=002s, train=000s, test=000s, total=002s
Epoch   5: Train%/Test% | Accuracy: 75.47%/70.28% | Precision: 77.66%/69.22% | Recall: 72.33%/63.37% | F1: 72.84%/63.57% | Time: fit=002s, train=000s, test=000s, total=002s
Epoch   6: Train%/Test% | Accuracy: 78.32%/72.17% | Precision: 79.31%/70.58% | Recall: 76.03%/67.00% | F1: 76.69%/67.68% | Time: fit=002s, train=000s, test=000s, total=002s
Epoch   7: Train%/Test% | Accuracy: 76.90%/72.64% | Precision: 78.45%/72.00% | Recall: 74.18%/66.57% | F1: 74.81%/67.25% | Time: fit=002s, train=000s, test=000s, total=002s
Epoch   8: Train%/Test% | Accuracy: 77.73%/71.70% | Precision: 79.05%/70.66% | Recall: 75.21%/65.56% | F1: 75.87%/66.12% | Time: fit=002s, train=000s, test=000s, total=002s
Epoch   9: Train%/Test% | Accuracy: 78.91%/71.70% | Precision: 79.74%/70.22% | Recall: 76.78%/66.09% | F1: 77.43%/66.72% | Time: fit=001s, train=000s, test=000s, total=002s
Epoch  10: Train%/Test% | Accuracy: 79.15%/71.23% | Precision: 78.95%/68.92% | Recall: 77.85%/67.86% | F1: 78.22%/68.24% | Time: fit=001s, train=000s, test=000s, total=002s
Epoch  11: Train%/Test% | Accuracy: 79.50%/72.64% | Precision: 79.42%/70.59% | Recall: 78.11%/68.98% | F1: 78.54%/69.50% | Time: fit=001s, train=000s, test=000s, total=002s
Epoch  12: Train%/Test% | Accuracy: 81.40%/75.00% | Precision: 81.03%/73.16% | Recall: 80.57%/72.19% | F1: 80.77%/72.58% | Time: fit=001s, train=000s, test=000s, total=002s
Epoch  13: Train%/Test% | Accuracy: 82.11%/75.94% | Precision: 81.78%/74.17% | Recall: 81.30%/73.47% | F1: 81.50%/73.77% | Time: fit=001s, train=000s, test=000s, total=002s
Epoch  14: Train%/Test% | Accuracy: 83.29%/76.42% | Precision: 82.84%/74.65% | Recall: 82.87%/74.65% | F1: 82.86%/74.65% | Time: fit=001s, train=000s, test=000s, total=002s
Epoch  15: Train%/Test% | Accuracy: 81.28%/76.42% | Precision: 81.19%/74.99% | Recall: 80.07%/73.04% | F1: 80.47%/73.71% | Time: fit=001s, train=000s, test=000s, total=002s
Epoch  16: Train%/Test% | Accuracy: 79.86%/74.53% | Precision: 80.61%/73.33% | Recall: 77.87%/69.94% | F1: 78.53%/70.77% | Time: fit=001s, train=000s, test=000s, total=002s
Epoch  17: Train%/Test% | Accuracy: 81.04%/75.00% | Precision: 80.87%/73.16% | Recall: 79.91%/72.19% | F1: 80.26%/72.58% | Time: fit=001s, train=000s, test=000s, total=002s
Epoch  18: Train%/Test% | Accuracy: 83.18%/77.36% | Precision: 82.70%/75.68% | Recall: 82.84%/76.20% | F1: 82.77%/75.91% | Time: fit=001s, train=000s, test=000s, total=002s
Epoch  19: Train%/Test% | Accuracy: 83.41%/78.30% | Precision: 82.95%/76.92% | Recall: 83.56%/78.28% | F1: 83.15%/77.33% | Time: fit=002s, train=000s, test=000s, total=002s
Epoch  20: Train%/Test% | Accuracy: 83.65%/78.77% | Precision: 83.22%/77.57% | Recall: 83.88%/79.19% | F1: 83.41%/77.95% | Time: fit=001s, train=000s, test=000s, total=002s
Epoch  21: Train%/Test% | Accuracy: 84.36%/76.42% | Precision: 83.92%/75.11% | Recall: 84.57%/76.52% | F1: 84.12%/75.45% | Time: fit=001s, train=000s, test=000s, total=002s
Epoch  22: Train%/Test% | Accuracy: 83.41%/76.42% | Precision: 83.18%/75.56% | Recall: 84.03%/77.32% | F1: 83.25%/75.71% | Time: fit=001s, train=000s, test=000s, total=002s
Epoch  23: Train%/Test% | Accuracy: 82.23%/75.00% | Precision: 82.31%/74.43% | Recall: 83.16%/76.21% | F1: 82.12%/74.38% | Time: fit=001s, train=000s, test=000s, total=002s
Epoch  24: Train%/Test% | Accuracy: 82.11%/75.00% | Precision: 82.21%/74.05% | Recall: 83.06%/75.67% | F1: 82.01%/74.21% | Time: fit=001s, train=000s, test=000s, total=002s
Epoch  25: Train%/Test% | Accuracy: 81.52%/74.53% | Precision: 81.64%/73.86% | Recall: 82.47%/75.56% | F1: 81.42%/73.86% | Time: fit=001s, train=000s, test=000s, total=002s
Epoch  26: Train%/Test% | Accuracy: 81.64%/73.58% | Precision: 81.48%/72.72% | Recall: 82.30%/74.28% | F1: 81.48%/72.80% | Time: fit=001s, train=000s, test=000s, total=002s
Epoch  27: Train%/Test% | Accuracy: 81.99%/77.83% | Precision: 81.56%/76.49% | Recall: 82.22%/77.91% | F1: 81.73%/76.88% | Time: fit=001s, train=000s, test=000s, total=002s
Epoch  28: Train%/Test% | Accuracy: 82.70%/76.89% | Precision: 82.47%/75.95% | Recall: 83.30%/77.70% | F1: 82.54%/76.16% | Time: fit=001s, train=000s, test=000s, total=002s
Epoch  29: Train%/Test% | Accuracy: 81.99%/75.00% | Precision: 81.80%/73.16% | Recall: 80.96%/72.19% | F1: 81.28%/72.58% | Time: fit=001s, train=000s, test=000s, total=002s
Epoch  30: Train%/Test% | Accuracy: 72.75%/60.85% | Precision: 76.89%/66.57% | Recall: 75.59%/66.08% | F1: 72.67%/60.83% | Time: fit=001s, train=000s, test=000s, total=002s
Epoch  31: Train%/Test% | Accuracy: 72.87%/60.85% | Precision: 76.84%/66.09% | Recall: 75.65%/65.82% | F1: 72.80%/60.84% | Time: fit=001s, train=000s, test=000s, total=002s
Epoch  32: Train%/Test% | Accuracy: 72.87%/58.49% | Precision: 76.73%/64.19% | Recall: 75.61%/63.68% | F1: 72.80%/58.46% | Time: fit=001s, train=000s, test=000s, total=002s
Epoch  33: Train%/Test% | Accuracy: 72.87%/59.43% | Precision: 76.62%/65.24% | Recall: 75.57%/64.70% | F1: 72.81%/59.40% | Time: fit=001s, train=000s, test=000s, total=002s
Epoch  34: Train%/Test% | Accuracy: 80.92%/70.75% | Precision: 81.35%/71.57% | Recall: 82.12%/73.12% | F1: 80.86%/70.44% | Time: fit=001s, train=000s, test=000s, total=002s
Epoch  35: Train%/Test% | Accuracy: 80.09%/75.00% | Precision: 79.78%/73.13% | Recall: 79.05%/72.46% | F1: 79.33%/72.74% | Time: fit=001s, train=000s, test=000s, total=002s
Epoch  36: Train%/Test% | Accuracy: 83.29%/75.47% | Precision: 83.11%/74.29% | Recall: 83.97%/75.77% | F1: 83.15%/74.57% | Time: fit=001s, train=000s, test=000s, total=002s
Epoch  37: Train%/Test% | Accuracy: 83.06%/75.47% | Precision: 83.00%/74.29% | Recall: 83.88%/75.77% | F1: 82.94%/74.57% | Time: fit=001s, train=000s, test=000s, total=002s
Epoch  38: Train%/Test% | Accuracy: 84.12%/76.89% | Precision: 83.87%/75.42% | Recall: 84.72%/76.63% | F1: 83.96%/75.80% | Time: fit=001s, train=000s, test=000s, total=002s
Epoch  39: Train%/Test% | Accuracy: 82.58%/76.42% | Precision: 82.43%/74.99% | Recall: 83.28%/76.25% | F1: 82.44%/75.35% | Time: fit=001s, train=000s, test=000s, total=002s
Epoch  40: Train%/Test% | Accuracy: 83.89%/78.30% | Precision: 83.63%/76.76% | Recall: 84.48%/77.75% | F1: 83.73%/77.13% | Time: fit=001s, train=000s, test=000s, total=002s
Epoch  41: Train%/Test% | Accuracy: 83.65%/74.53% | Precision: 83.39%/73.49% | Recall: 84.23%/75.03% | F1: 83.49%/73.68% | Time: fit=001s, train=000s, test=000s, total=002s
Epoch  42: Train%/Test% | Accuracy: 85.07%/76.42% | Precision: 84.73%/75.11% | Recall: 85.54%/76.52% | F1: 84.89%/75.45% | Time: fit=001s, train=000s, test=000s, total=002s
Epoch  43: Train%/Test% | Accuracy: 82.70%/74.06% | Precision: 82.74%/73.29% | Recall: 83.61%/74.92% | F1: 82.59%/73.33% | Time: fit=001s, train=000s, test=000s, total=002s
Epoch  44: Train%/Test% | Accuracy: 83.06%/76.42% | Precision: 83.04%/75.11% | Recall: 83.92%/76.52% | F1: 82.94%/75.45% | Time: fit=001s, train=000s, test=000s, total=002s
Epoch  45: Train%/Test% | Accuracy: 82.82%/75.94% | Precision: 83.10%/74.84% | Recall: 83.95%/76.42% | F1: 82.75%/75.10% | Time: fit=001s, train=000s, test=000s, total=002s
Epoch  46: Train%/Test% | Accuracy: 82.94%/75.94% | Precision: 83.19%/74.84% | Recall: 84.05%/76.42% | F1: 82.86%/75.10% | Time: fit=001s, train=000s, test=000s, total=002s
Epoch  47: Train%/Test% | Accuracy: 82.35%/75.00% | Precision: 82.67%/74.05% | Recall: 83.50%/75.67% | F1: 82.28%/74.21% | Time: fit=001s, train=000s, test=000s, total=002s
Epoch  48: Train%/Test% | Accuracy: 83.06%/75.00% | Precision: 83.16%/73.89% | Recall: 84.04%/75.40% | F1: 82.96%/74.12% | Time: fit=001s, train=000s, test=000s, total=002s
Epoch  49: Train%/Test% | Accuracy: 83.77%/76.89% | Precision: 83.75%/75.79% | Recall: 84.65%/77.43% | F1: 83.66%/76.08% | Time: fit=001s, train=000s, test=000s, total=002s
Epoch  50: Train%/Test% | Accuracy: 82.35%/75.00% | Precision: 82.37%/74.23% | Recall: 83.23%/75.94% | F1: 82.23%/74.30% | Time: fit=001s, train=000s, test=000s, total=002s
Epoch  51: Train%/Test% | Accuracy: 82.70%/75.47% | Precision: 82.66%/74.62% | Recall: 83.53%/76.31% | F1: 82.58%/74.74% | Time: fit=001s, train=000s, test=000s, total=002s
Epoch  52: Train%/Test% | Accuracy: 83.06%/75.94% | Precision: 82.97%/75.00% | Recall: 83.84%/76.68% | F1: 82.93%/75.19% | Time: fit=001s, train=000s, test=000s, total=002s
Epoch  53: Train%/Test% | Accuracy: 82.46%/74.53% | Precision: 82.59%/73.86% | Recall: 83.45%/75.56% | F1: 82.37%/73.86% | Time: fit=001s, train=000s, test=000s, total=002s
Epoch  54: Train%/Test% | Accuracy: 82.82%/75.00% | Precision: 82.96%/74.65% | Recall: 83.83%/76.47% | F1: 82.73%/74.45% | Time: fit=001s, train=000s, test=000s, total=002s
Epoch  55: Train%/Test% | Accuracy: 83.29%/74.06% | Precision: 83.31%/73.49% | Recall: 84.20%/75.19% | F1: 83.19%/73.41% | Time: fit=001s, train=000s, test=000s, total=002s
Epoch  56: Train%/Test% | Accuracy: 84.12%/76.89% | Precision: 83.98%/75.95% | Recall: 84.88%/77.70% | F1: 83.99%/76.16% | Time: fit=001s, train=000s, test=000s, total=002s
Epoch  57: Train%/Test% | Accuracy: 82.82%/74.53% | Precision: 82.84%/74.06% | Recall: 83.71%/75.83% | F1: 82.71%/73.93% | Time: fit=001s, train=000s, test=000s, total=002s
Epoch  58: Train%/Test% | Accuracy: 84.83%/78.30% | Precision: 84.63%/77.15% | Recall: 85.53%/78.82% | F1: 84.70%/77.50% | Time: fit=001s, train=000s, test=000s, total=002s
Epoch  59: Train%/Test% | Accuracy: 84.00%/75.47% | Precision: 83.91%/74.62% | Recall: 84.81%/76.31% | F1: 83.88%/74.74% | Time: fit=001s, train=000s, test=000s, total=002s
Epoch  60: Train%/Test% | Accuracy: 84.12%/75.94% | Precision: 83.98%/74.84% | Recall: 84.88%/76.42% | F1: 83.99%/75.10% | Time: fit=001s, train=000s, test=000s, total=002s
Epoch  61: Train%/Test% | Accuracy: 85.43%/77.83% | Precision: 85.14%/76.49% | Recall: 86.00%/77.91% | F1: 85.27%/76.88% | Time: fit=001s, train=000s, test=000s, total=002s
Epoch  62: Train%/Test% | Accuracy: 86.02%/75.94% | Precision: 85.70%/74.84% | Recall: 86.55%/76.42% | F1: 85.86%/75.10% | Time: fit=001s, train=000s, test=000s, total=002s
Epoch  63: Train%/Test% | Accuracy: 86.02%/76.42% | Precision: 85.68%/75.11% | Recall: 86.51%/76.52% | F1: 85.85%/75.45% | Time: fit=001s, train=000s, test=000s, total=002s
Epoch  64: Train%/Test% | Accuracy: 84.72%/73.58% | Precision: 84.47%/72.54% | Recall: 85.35%/74.01% | F1: 84.57%/72.71% | Time: fit=001s, train=000s, test=000s, total=002s
Epoch  65: Train%/Test% | Accuracy: 86.14%/75.94% | Precision: 85.83%/74.70% | Recall: 86.69%/76.15% | F1: 85.98%/75.01% | Time: fit=001s, train=000s, test=000s, total=002s
Epoch  66: Train%/Test% | Accuracy: 86.73%/77.83% | Precision: 86.31%/76.31% | Recall: 87.00%/77.37% | F1: 86.53%/76.68% | Time: fit=001s, train=000s, test=000s, total=002s
Epoch  67: Train%/Test% | Accuracy: 85.78%/74.53% | Precision: 85.48%/73.33% | Recall: 86.34%/74.76% | F1: 85.63%/73.59% | Time: fit=001s, train=000s, test=000s, total=002s
Epoch  68: Train%/Test% | Accuracy: 86.49%/77.36% | Precision: 86.13%/75.86% | Recall: 86.96%/77.00% | F1: 86.32%/76.24% | Time: fit=001s, train=000s, test=000s, total=002s
Epoch  69: Train%/Test% | Accuracy: 86.02%/75.00% | Precision: 85.57%/73.23% | Recall: 86.20%/73.79% | F1: 85.79%/73.46% | Time: fit=001s, train=000s, test=000s, total=002s
Epoch  70: Train%/Test% | Accuracy: 85.55%/75.47% | Precision: 85.29%/74.29% | Recall: 86.18%/75.77% | F1: 85.40%/74.57% | Time: fit=001s, train=000s, test=000s, total=002s
Epoch  71: Train%/Test% | Accuracy: 85.55%/76.89% | Precision: 85.29%/75.42% | Recall: 86.18%/76.63% | F1: 85.40%/75.80% | Time: fit=001s, train=000s, test=000s, total=002s
Epoch  72: Train%/Test% | Accuracy: 85.31%/75.00% | Precision: 85.14%/73.74% | Recall: 86.05%/75.13% | F1: 85.18%/74.03% | Time: fit=001s, train=000s, test=000s, total=002s
Epoch  73: Train%/Test% | Accuracy: 86.26%/75.94% | Precision: 85.95%/74.57% | Recall: 86.83%/75.88% | F1: 86.10%/74.91% | Time: fit=001s, train=000s, test=000s, total=002s
Epoch  74: Train%/Test% | Accuracy: 84.36%/72.64% | Precision: 84.19%/71.77% | Recall: 85.08%/73.27% | F1: 84.23%/71.83% | Time: fit=001s, train=000s, test=000s, total=002s
Epoch  75: Train%/Test% | Accuracy: 83.77%/72.64% | Precision: 83.61%/71.77% | Recall: 84.49%/73.27% | F1: 83.63%/71.83% | Time: fit=001s, train=000s, test=000s, total=002s
Epoch  76: Train%/Test% | Accuracy: 83.65%/73.58% | Precision: 83.65%/72.91% | Recall: 84.55%/74.55% | F1: 83.54%/72.89% | Time: fit=001s, train=000s, test=000s, total=002s
Epoch  77: Train%/Test% | Accuracy: 85.55%/78.30% | Precision: 85.34%/77.03% | Recall: 86.26%/78.55% | F1: 85.41%/77.42% | Time: fit=001s, train=000s, test=000s, total=002s
Epoch  78: Train%/Test% | Accuracy: 84.83%/76.42% | Precision: 84.66%/75.11% | Recall: 85.57%/76.52% | F1: 84.70%/75.45% | Time: fit=001s, train=000s, test=000s, total=002s
Epoch  79: Train%/Test% | Accuracy: 85.90%/76.89% | Precision: 85.57%/75.42% | Recall: 86.41%/76.63% | F1: 85.73%/75.80% | Time: fit=001s, train=000s, test=000s, total=002s
Epoch  80: Train%/Test% | Accuracy: 85.78%/75.94% | Precision: 85.42%/74.45% | Recall: 86.23%/75.61% | F1: 85.60%/74.81% | Time: fit=001s, train=000s, test=000s, total=002s
Epoch  81: Train%/Test% | Accuracy: 86.02%/77.36% | Precision: 85.64%/75.78% | Recall: 86.43%/76.73% | F1: 85.84%/76.14% | Time: fit=001s, train=000s, test=000s, total=002s
Epoch  82: Train%/Test% | Accuracy: 86.26%/76.42% | Precision: 85.93%/74.99% | Recall: 86.79%/76.25% | F1: 86.10%/75.35% | Time: fit=001s, train=000s, test=000s, total=002s
Epoch  83: Train%/Test% | Accuracy: 85.07%/75.94% | Precision: 84.90%/74.70% | Recall: 85.81%/76.15% | F1: 84.94%/75.01% | Time: fit=001s, train=000s, test=000s, total=002s
Epoch  84: Train%/Test% | Accuracy: 85.07%/75.47% | Precision: 84.84%/74.29% | Recall: 85.73%/75.77% | F1: 84.93%/74.57% | Time: fit=001s, train=000s, test=000s, total=002s
Epoch  85: Train%/Test% | Accuracy: 84.00%/72.64% | Precision: 83.88%/71.77% | Recall: 84.77%/73.27% | F1: 83.88%/71.83% | Time: fit=001s, train=000s, test=000s, total=002s
Epoch  86: Train%/Test% | Accuracy: 84.95%/75.00% | Precision: 84.74%/73.89% | Recall: 85.63%/75.40% | F1: 84.81%/74.12% | Time: fit=001s, train=000s, test=000s, total=002s
Epoch  87: Train%/Test% | Accuracy: 83.89%/74.06% | Precision: 83.78%/73.10% | Recall: 84.67%/74.66% | F1: 83.76%/73.24% | Time: fit=001s, train=000s, test=000s, total=002s
Epoch  88: Train%/Test% | Accuracy: 83.41%/73.58% | Precision: 83.49%/72.54% | Recall: 84.38%/74.01% | F1: 83.32%/72.71% | Time: fit=001s, train=000s, test=000s, total=002s
Epoch  89: Train%/Test% | Accuracy: 83.89%/74.06% | Precision: 83.93%/72.78% | Recall: 84.83%/74.12% | F1: 83.79%/73.05% | Time: fit=001s, train=000s, test=000s, total=002s
Epoch  90: Train%/Test% | Accuracy: 85.07%/75.00% | Precision: 84.84%/73.49% | Recall: 85.73%/74.60% | F1: 84.93%/73.82% | Time: fit=001s, train=000s, test=000s, total=002s
Epoch  91: Train%/Test% | Accuracy: 84.95%/77.83% | Precision: 84.66%/76.24% | Recall: 85.51%/77.10% | F1: 84.79%/76.58% | Time: fit=001s, train=000s, test=000s, total=002s
Epoch  92: Train%/Test% | Accuracy: 84.24%/75.47% | Precision: 84.09%/74.03% | Recall: 84.98%/75.24% | F1: 84.11%/74.37% | Time: fit=001s, train=000s, test=000s, total=002s
Epoch  93: Train%/Test% | Accuracy: 85.19%/75.47% | Precision: 85.00%/74.15% | Recall: 85.91%/75.51% | F1: 85.06%/74.47% | Time: fit=001s, train=000s, test=000s, total=002s
Epoch  94: Train%/Test% | Accuracy: 85.31%/73.11% | Precision: 85.14%/71.98% | Recall: 86.05%/73.37% | F1: 85.18%/72.17% | Time: fit=001s, train=000s, test=000s, total=002s
Epoch  95: Train%/Test% | Accuracy: 84.83%/72.17% | Precision: 84.66%/71.20% | Recall: 85.57%/72.63% | F1: 84.70%/71.30% | Time: fit=001s, train=000s, test=000s, total=002s
Epoch  96: Train%/Test% | Accuracy: 84.12%/74.53% | Precision: 84.05%/73.33% | Recall: 84.95%/74.76% | F1: 84.01%/73.59% | Time: fit=001s, train=000s, test=000s, total=002s
Epoch  97: Train%/Test% | Accuracy: 85.19%/74.06% | Precision: 85.00%/72.93% | Recall: 85.91%/74.39% | F1: 85.06%/73.15% | Time: fit=001s, train=000s, test=000s, total=002s
Epoch  98: Train%/Test% | Accuracy: 86.14%/76.42% | Precision: 85.85%/75.11% | Recall: 86.73%/76.52% | F1: 85.99%/75.45% | Time: fit=001s, train=000s, test=000s, total=002s
Epoch  99: Train%/Test% | Accuracy: 84.83%/75.47% | Precision: 84.66%/74.29% | Recall: 85.57%/75.77% | F1: 84.70%/74.57% | Time: fit=001s, train=000s, test=000s, total=002s
Epoch 100: Train%/Test% | Accuracy: 83.06%/75.00% | Precision: 83.24%/74.23% | Recall: 84.11%/75.94% | F1: 82.97%/74.30% | Time: fit=001s, train=000s, test=000s, total=002s
