[*] Load dataset...
[*] Fix malformed data...
[*] Split...
[*] Encoding...
[*] -> domain...
pipeline.py:185: SettingWithCopyWarning: 
A value is trying to be set on a copy of a slice from a DataFrame.
Try using .loc[row_indexer,col_indexer] = value instead

See the caveats in the documentation: https://pandas.pydata.org/pandas-docs/stable/user_guide/indexing.html#returning-a-view-versus-a-copy
  train_df['domain'] = train_df['url'].apply(extract_domain)
pipeline.py:186: SettingWithCopyWarning: 
A value is trying to be set on a copy of a slice from a DataFrame.
Try using .loc[row_indexer,col_indexer] = value instead

See the caveats in the documentation: https://pandas.pydata.org/pandas-docs/stable/user_guide/indexing.html#returning-a-view-versus-a-copy
  test_df['domain'] = test_df['url'].apply(extract_domain)
[*] Encoding complete!
==============================
Using GPU for training
Dataset: FakeNewsNet-politifact
TMU params: num-clauses=5000, T=150, s=5.0
Epochs: 150
Feature(s): domain
max-vocab=15000, max-domain=500, max-tweet=500
====================
Train size: 844
Train classes: 2
Test size: 212
Test classes: 2
Total features: 318
==============================
[*] Training for 150 epochs...
Epoch   1: Train%/Test% | Accuracy: 62.80%/58.49% | Precision: 61.41%/53.16% | Recall: 60.71%/52.70% | F1: 60.77%/52.37% | Time: fit=007s, train=001s, test=001s, total=008s
Epoch   2: Train%/Test% | Accuracy: 69.67%/70.75% | Precision: 68.83%/70.07% | Recall: 68.70%/71.51% | F1: 68.76%/69.98% | Time: fit=010s, train=002s, test=001s, total=013s
Epoch   3: Train%/Test% | Accuracy: 70.73%/71.23% | Precision: 69.93%/70.65% | Recall: 69.46%/72.15% | F1: 69.63%/70.51% | Time: fit=010s, train=002s, test=001s, total=013s
Epoch   4: Train%/Test% | Accuracy: 73.10%/73.58% | Precision: 72.59%/72.91% | Recall: 71.47%/74.55% | F1: 71.78%/72.89% | Time: fit=010s, train=002s, test=001s, total=013s
Epoch   5: Train%/Test% | Accuracy: 72.87%/72.17% | Precision: 72.37%/71.59% | Recall: 71.14%/73.16% | F1: 71.47%/71.48% | Time: fit=010s, train=002s, test=001s, total=013s
Epoch   6: Train%/Test% | Accuracy: 73.46%/73.11% | Precision: 73.21%/72.54% | Recall: 71.50%/74.18% | F1: 71.88%/72.45% | Time: fit=010s, train=002s, test=001s, total=013s
Epoch   7: Train%/Test% | Accuracy: 74.29%/75.94% | Precision: 74.31%/75.00% | Recall: 72.17%/76.68% | F1: 72.61%/75.19% | Time: fit=010s, train=002s, test=001s, total=013s
Epoch   8: Train%/Test% | Accuracy: 75.59%/75.94% | Precision: 75.96%/75.00% | Recall: 73.37%/76.68% | F1: 73.88%/75.19% | Time: fit=010s, train=002s, test=001s, total=013s
Epoch   9: Train%/Test% | Accuracy: 74.29%/75.47% | Precision: 74.40%/74.44% | Recall: 72.09%/76.04% | F1: 72.54%/74.66% | Time: fit=010s, train=002s, test=001s, total=013s
Epoch  10: Train%/Test% | Accuracy: 73.70%/74.53% | Precision: 73.80%/73.49% | Recall: 71.43%/75.03% | F1: 71.85%/73.68% | Time: fit=010s, train=002s, test=001s, total=013s
Epoch  11: Train%/Test% | Accuracy: 74.53%/73.11% | Precision: 74.49%/72.34% | Recall: 72.49%/73.91% | F1: 72.93%/72.36% | Time: fit=010s, train=002s, test=001s, total=013s
Epoch  12: Train%/Test% | Accuracy: 76.54%/73.58% | Precision: 76.31%/72.91% | Recall: 74.97%/74.55% | F1: 75.37%/72.89% | Time: fit=010s, train=002s, test=001s, total=013s
Epoch  13: Train%/Test% | Accuracy: 76.42%/74.06% | Precision: 76.31%/73.29% | Recall: 74.72%/74.92% | F1: 75.15%/73.33% | Time: fit=010s, train=002s, test=001s, total=013s
Epoch  14: Train%/Test% | Accuracy: 77.13%/74.53% | Precision: 76.81%/73.86% | Recall: 75.76%/75.56% | F1: 76.11%/73.86% | Time: fit=010s, train=002s, test=001s, total=013s
Epoch  15: Train%/Test% | Accuracy: 76.78%/74.06% | Precision: 76.29%/73.70% | Recall: 75.65%/75.46% | F1: 75.89%/73.49% | Time: fit=010s, train=002s, test=001s, total=013s
Epoch  16: Train%/Test% | Accuracy: 77.01%/74.06% | Precision: 76.52%/73.29% | Recall: 75.93%/74.92% | F1: 76.16%/73.33% | Time: fit=010s, train=002s, test=001s, total=013s
Epoch  17: Train%/Test% | Accuracy: 77.37%/75.00% | Precision: 76.96%/74.43% | Recall: 76.16%/76.21% | F1: 76.45%/74.38% | Time: fit=010s, train=002s, test=001s, total=013s
Epoch  18: Train%/Test% | Accuracy: 76.42%/75.94% | Precision: 76.20%/75.18% | Recall: 74.83%/76.95% | F1: 75.23%/75.27% | Time: fit=010s, train=002s, test=001s, total=013s
Epoch  19: Train%/Test% | Accuracy: 77.01%/75.00% | Precision: 76.70%/74.43% | Recall: 75.62%/76.21% | F1: 75.97%/74.38% | Time: fit=010s, train=002s, test=001s, total=013s
Epoch  20: Train%/Test% | Accuracy: 76.78%/75.00% | Precision: 76.37%/74.88% | Recall: 75.49%/76.74% | F1: 75.80%/74.52% | Time: fit=010s, train=002s, test=001s, total=013s
Epoch  21: Train%/Test% | Accuracy: 77.37%/75.47% | Precision: 77.10%/75.01% | Recall: 75.96%/76.85% | F1: 76.33%/74.90% | Time: fit=010s, train=002s, test=001s, total=013s
Epoch  22: Train%/Test% | Accuracy: 77.37%/75.47% | Precision: 77.10%/75.01% | Recall: 75.96%/76.85% | F1: 76.33%/74.90% | Time: fit=010s, train=002s, test=001s, total=013s
Epoch  23: Train%/Test% | Accuracy: 77.49%/75.00% | Precision: 77.18%/74.43% | Recall: 76.14%/76.21% | F1: 76.49%/74.38% | Time: fit=010s, train=002s, test=001s, total=013s
Epoch  24: Train%/Test% | Accuracy: 78.32%/75.94% | Precision: 78.15%/75.38% | Recall: 76.90%/77.22% | F1: 77.30%/75.35% | Time: fit=010s, train=002s, test=001s, total=013s
Epoch  25: Train%/Test% | Accuracy: 78.32%/75.94% | Precision: 78.05%/75.38% | Recall: 77.01%/77.22% | F1: 77.37%/75.35% | Time: fit=010s, train=002s, test=001s, total=013s
Epoch  26: Train%/Test% | Accuracy: 79.38%/75.47% | Precision: 78.98%/75.01% | Recall: 78.40%/76.85% | F1: 78.64%/74.90% | Time: fit=010s, train=002s, test=001s, total=013s
Epoch  27: Train%/Test% | Accuracy: 78.67%/75.00% | Precision: 78.16%/74.65% | Recall: 77.87%/76.47% | F1: 78.00%/74.45% | Time: fit=010s, train=002s, test=001s, total=013s
Epoch  28: Train%/Test% | Accuracy: 79.03%/75.00% | Precision: 78.53%/74.65% | Recall: 78.21%/76.47% | F1: 78.35%/74.45% | Time: fit=010s, train=002s, test=001s, total=013s
Epoch  29: Train%/Test% | Accuracy: 80.21%/75.47% | Precision: 79.78%/75.01% | Recall: 79.39%/76.85% | F1: 79.56%/74.90% | Time: fit=010s, train=002s, test=001s, total=013s
Epoch  30: Train%/Test% | Accuracy: 79.62%/74.06% | Precision: 79.11%/73.49% | Recall: 78.92%/75.19% | F1: 79.01%/73.41% | Time: fit=010s, train=002s, test=001s, total=013s
Epoch  31: Train%/Test% | Accuracy: 79.38%/75.47% | Precision: 78.96%/75.01% | Recall: 78.44%/76.85% | F1: 78.65%/74.90% | Time: fit=010s, train=002s, test=001s, total=013s
Epoch  32: Train%/Test% | Accuracy: 79.27%/75.47% | Precision: 78.89%/74.80% | Recall: 78.22%/76.58% | F1: 78.48%/74.82% | Time: fit=010s, train=002s, test=001s, total=013s
Epoch  33: Train%/Test% | Accuracy: 78.08%/74.06% | Precision: 77.58%/73.70% | Recall: 77.16%/75.46% | F1: 77.34%/73.49% | Time: fit=010s, train=002s, test=001s, total=013s
Epoch  34: Train%/Test% | Accuracy: 79.03%/75.47% | Precision: 78.91%/74.62% | Recall: 77.63%/76.31% | F1: 78.04%/74.74% | Time: fit=010s, train=002s, test=001s, total=013s
Epoch  35: Train%/Test% | Accuracy: 77.84%/73.58% | Precision: 77.49%/72.54% | Recall: 76.61%/74.01% | F1: 76.92%/72.71% | Time: fit=010s, train=002s, test=001s, total=013s
Epoch  36: Train%/Test% | Accuracy: 78.67%/73.58% | Precision: 78.12%/73.34% | Recall: 77.99%/75.09% | F1: 78.05%/73.05% | Time: fit=010s, train=002s, test=001s, total=013s
Epoch  37: Train%/Test% | Accuracy: 79.74%/74.53% | Precision: 79.31%/74.06% | Recall: 78.87%/75.83% | F1: 79.05%/73.93% | Time: fit=010s, train=002s, test=001s, total=013s
Epoch  38: Train%/Test% | Accuracy: 79.74%/75.00% | Precision: 79.39%/74.43% | Recall: 78.71%/76.21% | F1: 78.97%/74.38% | Time: fit=010s, train=002s, test=001s, total=013s
Epoch  39: Train%/Test% | Accuracy: 79.38%/75.00% | Precision: 79.05%/74.43% | Recall: 78.29%/76.21% | F1: 78.57%/74.38% | Time: fit=010s, train=002s, test=001s, total=013s
Epoch  40: Train%/Test% | Accuracy: 78.55%/73.58% | Precision: 78.33%/73.12% | Recall: 77.22%/74.82% | F1: 77.59%/72.97% | Time: fit=010s, train=002s, test=001s, total=013s
Epoch  41: Train%/Test% | Accuracy: 79.86%/75.94% | Precision: 79.67%/75.38% | Recall: 78.62%/77.22% | F1: 78.99%/75.35% | Time: fit=010s, train=002s, test=001s, total=013s
Epoch  42: Train%/Test% | Accuracy: 80.33%/75.94% | Precision: 80.00%/75.38% | Recall: 79.34%/77.22% | F1: 79.60%/75.35% | Time: fit=010s, train=002s, test=001s, total=013s
Epoch  43: Train%/Test% | Accuracy: 81.04%/76.89% | Precision: 80.77%/76.13% | Recall: 80.03%/77.97% | F1: 80.32%/76.24% | Time: fit=010s, train=002s, test=001s, total=013s
Epoch  44: Train%/Test% | Accuracy: 80.57%/76.42% | Precision: 80.43%/75.75% | Recall: 79.35%/77.59% | F1: 79.73%/75.79% | Time: fit=010s, train=002s, test=001s, total=013s
Epoch  45: Train%/Test% | Accuracy: 80.69%/75.47% | Precision: 80.58%/74.80% | Recall: 79.45%/76.58% | F1: 79.84%/74.82% | Time: fit=010s, train=002s, test=001s, total=013s
Epoch  46: Train%/Test% | Accuracy: 80.33%/75.00% | Precision: 79.88%/74.88% | Recall: 79.57%/76.74% | F1: 79.71%/74.52% | Time: fit=010s, train=002s, test=001s, total=013s
Epoch  47: Train%/Test% | Accuracy: 81.04%/75.47% | Precision: 80.75%/75.01% | Recall: 80.07%/76.85% | F1: 80.34%/74.90% | Time: fit=010s, train=002s, test=001s, total=013s
Epoch  48: Train%/Test% | Accuracy: 80.69%/75.47% | Precision: 80.44%/75.23% | Recall: 79.60%/77.11% | F1: 79.92%/74.97% | Time: fit=010s, train=002s, test=001s, total=013s
Epoch  49: Train%/Test% | Accuracy: 80.09%/75.00% | Precision: 79.73%/74.65% | Recall: 79.13%/76.47% | F1: 79.37%/74.45% | Time: fit=010s, train=002s, test=001s, total=013s
Epoch  50: Train%/Test% | Accuracy: 80.57%/74.53% | Precision: 80.14%/74.53% | Recall: 79.78%/76.37% | F1: 79.93%/74.08% | Time: fit=010s, train=002s, test=001s, total=013s
Epoch  51: Train%/Test% | Accuracy: 80.57%/76.42% | Precision: 80.43%/75.56% | Recall: 79.35%/77.32% | F1: 79.73%/75.71% | Time: fit=010s, train=002s, test=001s, total=013s
Epoch  52: Train%/Test% | Accuracy: 80.92%/75.47% | Precision: 80.59%/75.23% | Recall: 80.00%/77.11% | F1: 80.24%/74.97% | Time: fit=010s, train=002s, test=001s, total=013s
Epoch  53: Train%/Test% | Accuracy: 80.09%/74.53% | Precision: 79.80%/74.06% | Recall: 79.02%/75.83% | F1: 79.31%/73.93% | Time: fit=010s, train=002s, test=001s, total=013s
Epoch  54: Train%/Test% | Accuracy: 80.21%/75.47% | Precision: 80.11%/74.62% | Recall: 78.92%/76.31% | F1: 79.32%/74.74% | Time: fit=010s, train=002s, test=001s, total=013s
Epoch  55: Train%/Test% | Accuracy: 80.92%/75.47% | Precision: 80.87%/74.62% | Recall: 79.65%/76.31% | F1: 80.07%/74.74% | Time: fit=010s, train=002s, test=001s, total=013s
Epoch  56: Train%/Test% | Accuracy: 80.92%/75.94% | Precision: 80.79%/75.18% | Recall: 79.73%/76.95% | F1: 80.11%/75.27% | Time: fit=010s, train=002s, test=001s, total=013s
Epoch  57: Train%/Test% | Accuracy: 80.69%/75.94% | Precision: 80.39%/75.38% | Recall: 79.68%/77.22% | F1: 79.96%/75.35% | Time: fit=010s, train=002s, test=001s, total=013s
Epoch  58: Train%/Test% | Accuracy: 81.64%/76.42% | Precision: 81.51%/75.75% | Recall: 80.50%/77.59% | F1: 80.87%/75.79% | Time: fit=010s, train=002s, test=001s, total=013s
Epoch  59: Train%/Test% | Accuracy: 81.99%/76.89% | Precision: 81.87%/76.13% | Recall: 80.88%/77.97% | F1: 81.25%/76.24% | Time: fit=010s, train=002s, test=001s, total=013s
Epoch  60: Train%/Test% | Accuracy: 81.64%/76.89% | Precision: 81.48%/76.13% | Recall: 80.54%/77.97% | F1: 80.89%/76.24% | Time: fit=010s, train=002s, test=001s, total=013s
Epoch  61: Train%/Test% | Accuracy: 82.23%/76.42% | Precision: 82.16%/75.75% | Recall: 81.09%/77.59% | F1: 81.48%/75.79% | Time: fit=010s, train=002s, test=001s, total=013s
Epoch  62: Train%/Test% | Accuracy: 81.87%/75.00% | Precision: 81.58%/74.65% | Recall: 80.98%/76.47% | F1: 81.22%/74.45% | Time: fit=010s, train=002s, test=001s, total=013s
Epoch  63: Train%/Test% | Accuracy: 81.64%/75.94% | Precision: 81.33%/75.38% | Recall: 80.73%/77.22% | F1: 80.98%/75.35% | Time: fit=010s, train=002s, test=001s, total=013s
Epoch  64: Train%/Test% | Accuracy: 81.99%/75.94% | Precision: 81.80%/75.38% | Recall: 80.96%/77.22% | F1: 81.28%/75.35% | Time: fit=010s, train=002s, test=001s, total=013s
Epoch  65: Train%/Test% | Accuracy: 80.92%/75.94% | Precision: 80.76%/75.38% | Recall: 79.77%/77.22% | F1: 80.13%/75.35% | Time: fit=010s, train=002s, test=001s, total=013s
Epoch  66: Train%/Test% | Accuracy: 81.52%/76.89% | Precision: 81.44%/76.13% | Recall: 80.32%/77.97% | F1: 80.72%/76.24% | Time: fit=010s, train=002s, test=001s, total=013s
Epoch  67: Train%/Test% | Accuracy: 81.99%/75.94% | Precision: 81.95%/75.18% | Recall: 80.80%/76.95% | F1: 81.21%/75.27% | Time: fit=010s, train=002s, test=001s, total=013s
Epoch  68: Train%/Test% | Accuracy: 81.28%/75.00% | Precision: 80.95%/74.43% | Recall: 80.39%/76.21% | F1: 80.62%/74.38% | Time: fit=010s, train=002s, test=001s, total=013s
Epoch  69: Train%/Test% | Accuracy: 80.69%/75.00% | Precision: 80.44%/74.05% | Recall: 79.60%/75.67% | F1: 79.92%/74.21% | Time: fit=010s, train=002s, test=001s, total=013s
Epoch  70: Train%/Test% | Accuracy: 81.16%/75.00% | Precision: 80.86%/74.23% | Recall: 80.21%/75.94% | F1: 80.47%/74.30% | Time: fit=010s, train=002s, test=001s, total=013s
Epoch  71: Train%/Test% | Accuracy: 81.28%/75.00% | Precision: 81.23%/73.89% | Recall: 80.04%/75.40% | F1: 80.45%/74.12% | Time: fit=010s, train=002s, test=001s, total=013s
Epoch  72: Train%/Test% | Accuracy: 81.75%/74.53% | Precision: 81.47%/73.67% | Recall: 80.84%/75.30% | F1: 81.09%/73.77% | Time: fit=010s, train=002s, test=001s, total=013s
Epoch  73: Train%/Test% | Accuracy: 81.87%/75.00% | Precision: 81.53%/74.23% | Recall: 81.06%/75.94% | F1: 81.26%/74.30% | Time: fit=010s, train=002s, test=001s, total=013s
Epoch  74: Train%/Test% | Accuracy: 81.28%/75.47% | Precision: 81.02%/74.62% | Recall: 80.27%/76.31% | F1: 80.56%/74.74% | Time: fit=010s, train=002s, test=001s, total=013s
Epoch  75: Train%/Test% | Accuracy: 80.92%/75.47% | Precision: 80.56%/74.62% | Recall: 80.04%/76.31% | F1: 80.26%/74.74% | Time: fit=010s, train=002s, test=001s, total=013s
Epoch  76: Train%/Test% | Accuracy: 81.40%/75.94% | Precision: 81.23%/75.00% | Recall: 80.29%/76.68% | F1: 80.64%/75.19% | Time: fit=010s, train=002s, test=001s, total=013s
Epoch  77: Train%/Test% | Accuracy: 81.16%/76.42% | Precision: 81.01%/75.56% | Recall: 80.01%/77.32% | F1: 80.37%/75.71% | Time: fit=010s, train=002s, test=001s, total=013s
Epoch  78: Train%/Test% | Accuracy: 81.04%/75.94% | Precision: 80.75%/75.18% | Recall: 80.07%/76.95% | F1: 80.34%/75.27% | Time: fit=010s, train=002s, test=001s, total=013s
Epoch  79: Train%/Test% | Accuracy: 81.52%/75.94% | Precision: 81.25%/75.18% | Recall: 80.55%/76.95% | F1: 80.83%/75.27% | Time: fit=010s, train=002s, test=001s, total=013s
Epoch  80: Train%/Test% | Accuracy: 81.99%/75.94% | Precision: 81.69%/75.18% | Recall: 81.12%/76.95% | F1: 81.35%/75.27% | Time: fit=010s, train=002s, test=001s, total=013s
Epoch  81: Train%/Test% | Accuracy: 82.35%/75.47% | Precision: 82.00%/75.01% | Recall: 81.58%/76.85% | F1: 81.76%/74.90% | Time: fit=010s, train=002s, test=001s, total=013s
Epoch  82: Train%/Test% | Accuracy: 82.35%/75.47% | Precision: 82.00%/74.80% | Recall: 81.58%/76.58% | F1: 81.76%/74.82% | Time: fit=010s, train=002s, test=001s, total=013s
Epoch  83: Train%/Test% | Accuracy: 82.58%/75.94% | Precision: 82.25%/75.38% | Recall: 81.82%/77.22% | F1: 82.01%/75.35% | Time: fit=010s, train=002s, test=001s, total=013s
Epoch  84: Train%/Test% | Accuracy: 82.70%/75.94% | Precision: 82.34%/75.38% | Recall: 82.01%/77.22% | F1: 82.15%/75.35% | Time: fit=010s, train=002s, test=001s, total=013s
Epoch  85: Train%/Test% | Accuracy: 82.82%/75.94% | Precision: 82.60%/75.38% | Recall: 81.91%/77.22% | F1: 82.19%/75.35% | Time: fit=010s, train=002s, test=001s, total=013s
Epoch  86: Train%/Test% | Accuracy: 81.99%/75.94% | Precision: 81.69%/75.38% | Recall: 81.12%/77.22% | F1: 81.35%/75.35% | Time: fit=010s, train=002s, test=001s, total=013s
Epoch  87: Train%/Test% | Accuracy: 82.58%/75.94% | Precision: 82.32%/75.38% | Recall: 81.71%/77.22% | F1: 81.96%/75.35% | Time: fit=010s, train=002s, test=001s, total=013s
Epoch  88: Train%/Test% | Accuracy: 82.58%/76.42% | Precision: 82.35%/75.75% | Recall: 81.67%/77.59% | F1: 81.94%/75.79% | Time: fit=010s, train=002s, test=001s, total=013s
Epoch  89: Train%/Test% | Accuracy: 82.82%/76.42% | Precision: 82.54%/75.75% | Recall: 81.99%/77.59% | F1: 82.22%/75.79% | Time: fit=010s, train=002s, test=001s, total=013s
Epoch  90: Train%/Test% | Accuracy: 82.70%/76.89% | Precision: 82.55%/76.13% | Recall: 81.69%/77.97% | F1: 82.02%/76.24% | Time: fit=010s, train=002s, test=001s, total=013s
Epoch  91: Train%/Test% | Accuracy: 82.46%/75.94% | Precision: 82.13%/75.38% | Recall: 81.68%/77.22% | F1: 81.88%/75.35% | Time: fit=010s, train=002s, test=001s, total=013s
Epoch  92: Train%/Test% | Accuracy: 82.70%/76.42% | Precision: 82.59%/75.75% | Recall: 81.65%/77.59% | F1: 82.01%/75.79% | Time: fit=010s, train=002s, test=001s, total=013s
Epoch  93: Train%/Test% | Accuracy: 82.46%/75.94% | Precision: 82.45%/75.18% | Recall: 81.29%/76.95% | F1: 81.70%/75.27% | Time: fit=010s, train=002s, test=001s, total=013s
Epoch  94: Train%/Test% | Accuracy: 83.18%/76.42% | Precision: 83.05%/75.75% | Recall: 82.18%/77.59% | F1: 82.52%/75.79% | Time: fit=010s, train=002s, test=001s, total=013s
Epoch  95: Train%/Test% | Accuracy: 83.29%/76.42% | Precision: 83.13%/75.56% | Recall: 82.36%/77.32% | F1: 82.66%/75.71% | Time: fit=010s, train=002s, test=001s, total=013s
Epoch  96: Train%/Test% | Accuracy: 82.94%/75.94% | Precision: 82.80%/75.18% | Recall: 81.93%/76.95% | F1: 82.27%/75.27% | Time: fit=010s, train=002s, test=001s, total=013s
Epoch  97: Train%/Test% | Accuracy: 82.58%/75.47% | Precision: 82.35%/74.80% | Recall: 81.67%/76.58% | F1: 81.94%/74.82% | Time: fit=010s, train=002s, test=001s, total=013s
Epoch  98: Train%/Test% | Accuracy: 82.35%/75.94% | Precision: 82.16%/75.18% | Recall: 81.35%/76.95% | F1: 81.66%/75.27% | Time: fit=010s, train=002s, test=001s, total=013s
Epoch  99: Train%/Test% | Accuracy: 82.70%/75.00% | Precision: 82.38%/74.43% | Recall: 81.93%/76.21% | F1: 82.12%/74.38% | Time: fit=010s, train=002s, test=001s, total=013s
Epoch 100: Train%/Test% | Accuracy: 82.35%/75.00% | Precision: 82.07%/74.43% | Recall: 81.46%/76.21% | F1: 81.71%/74.38% | Time: fit=010s, train=002s, test=001s, total=013s
Epoch 101: Train%/Test% | Accuracy: 81.87%/75.47% | Precision: 81.58%/74.80% | Recall: 80.98%/76.58% | F1: 81.22%/74.82% | Time: fit=010s, train=002s, test=001s, total=013s
Epoch 102: Train%/Test% | Accuracy: 83.41%/76.42% | Precision: 83.17%/75.75% | Recall: 82.58%/77.59% | F1: 82.83%/75.79% | Time: fit=010s, train=002s, test=001s, total=013s
Epoch 103: Train%/Test% | Accuracy: 83.65%/76.42% | Precision: 83.39%/75.75% | Recall: 82.86%/77.59% | F1: 83.09%/75.79% | Time: fit=010s, train=002s, test=001s, total=013s
Epoch 104: Train%/Test% | Accuracy: 83.18%/75.94% | Precision: 82.79%/75.38% | Recall: 82.57%/77.22% | F1: 82.67%/75.35% | Time: fit=010s, train=002s, test=001s, total=013s
Epoch 105: Train%/Test% | Accuracy: 82.70%/75.94% | Precision: 82.30%/75.38% | Recall: 82.08%/77.22% | F1: 82.18%/75.35% | Time: fit=010s, train=002s, test=001s, total=013s
Epoch 106: Train%/Test% | Accuracy: 82.94%/76.42% | Precision: 82.71%/75.75% | Recall: 82.05%/77.59% | F1: 82.32%/75.79% | Time: fit=010s, train=002s, test=001s, total=013s
Epoch 107: Train%/Test% | Accuracy: 83.18%/75.94% | Precision: 82.87%/75.38% | Recall: 82.41%/77.22% | F1: 82.61%/75.35% | Time: fit=010s, train=002s, test=001s, total=013s
Epoch 108: Train%/Test% | Accuracy: 83.18%/76.42% | Precision: 82.90%/75.75% | Recall: 82.37%/77.59% | F1: 82.60%/75.79% | Time: fit=010s, train=002s, test=001s, total=013s
Epoch 109: Train%/Test% | Accuracy: 83.06%/76.42% | Precision: 82.95%/75.56% | Recall: 82.04%/77.32% | F1: 82.38%/75.71% | Time: fit=010s, train=002s, test=001s, total=013s
Epoch 110: Train%/Test% | Accuracy: 83.06%/75.94% | Precision: 82.74%/75.38% | Recall: 82.31%/77.22% | F1: 82.50%/75.35% | Time: fit=010s, train=002s, test=001s, total=013s
Epoch 111: Train%/Test% | Accuracy: 83.18%/76.42% | Precision: 82.87%/75.75% | Recall: 82.41%/77.59% | F1: 82.61%/75.79% | Time: fit=010s, train=002s, test=001s, total=013s
Epoch 112: Train%/Test% | Accuracy: 83.41%/76.42% | Precision: 83.17%/75.75% | Recall: 82.58%/77.59% | F1: 82.83%/75.79% | Time: fit=010s, train=002s, test=001s, total=013s
Epoch 113: Train%/Test% | Accuracy: 82.94%/76.42% | Precision: 82.68%/75.75% | Recall: 82.09%/77.59% | F1: 82.33%/75.79% | Time: fit=010s, train=002s, test=001s, total=013s
Epoch 114: Train%/Test% | Accuracy: 83.06%/76.42% | Precision: 82.76%/75.75% | Recall: 82.27%/77.59% | F1: 82.48%/75.79% | Time: fit=010s, train=002s, test=001s, total=013s
Epoch 115: Train%/Test% | Accuracy: 82.82%/76.42% | Precision: 82.54%/75.75% | Recall: 81.99%/77.59% | F1: 82.22%/75.79% | Time: fit=010s, train=002s, test=001s, total=013s
Epoch 116: Train%/Test% | Accuracy: 83.29%/76.42% | Precision: 83.10%/75.75% | Recall: 82.40%/77.59% | F1: 82.68%/75.79% | Time: fit=010s, train=002s, test=001s, total=013s
Epoch 117: Train%/Test% | Accuracy: 83.06%/76.42% | Precision: 82.79%/75.75% | Recall: 82.23%/77.59% | F1: 82.47%/75.79% | Time: fit=010s, train=002s, test=001s, total=013s
Epoch 118: Train%/Test% | Accuracy: 83.65%/76.42% | Precision: 83.48%/75.75% | Recall: 82.74%/77.59% | F1: 83.04%/75.79% | Time: fit=010s, train=002s, test=001s, total=013s
Epoch 119: Train%/Test% | Accuracy: 82.70%/75.94% | Precision: 82.36%/75.38% | Recall: 81.97%/77.22% | F1: 82.14%/75.35% | Time: fit=010s, train=002s, test=001s, total=013s
Epoch 120: Train%/Test% | Accuracy: 83.41%/76.42% | Precision: 83.24%/75.75% | Recall: 82.50%/77.59% | F1: 82.79%/75.79% | Time: fit=010s, train=002s, test=001s, total=013s
Epoch 121: Train%/Test% | Accuracy: 82.94%/75.94% | Precision: 82.60%/75.38% | Recall: 82.21%/77.22% | F1: 82.38%/75.35% | Time: fit=010s, train=002s, test=001s, total=013s
Epoch 122: Train%/Test% | Accuracy: 82.82%/75.94% | Precision: 82.45%/75.38% | Recall: 82.15%/77.22% | F1: 82.28%/75.35% | Time: fit=010s, train=002s, test=001s, total=013s
Epoch 123: Train%/Test% | Accuracy: 83.18%/75.94% | Precision: 82.85%/75.38% | Recall: 82.45%/77.22% | F1: 82.63%/75.35% | Time: fit=010s, train=002s, test=001s, total=013s
Epoch 124: Train%/Test% | Accuracy: 83.29%/75.94% | Precision: 82.94%/75.38% | Recall: 82.63%/77.22% | F1: 82.77%/75.35% | Time: fit=010s, train=002s, test=001s, total=013s
Epoch 125: Train%/Test% | Accuracy: 83.29%/75.94% | Precision: 82.92%/75.38% | Recall: 82.67%/77.22% | F1: 82.79%/75.35% | Time: fit=010s, train=002s, test=001s, total=013s
Epoch 126: Train%/Test% | Accuracy: 83.41%/75.94% | Precision: 83.10%/75.38% | Recall: 82.70%/77.22% | F1: 82.87%/75.35% | Time: fit=010s, train=002s, test=001s, total=013s
Epoch 127: Train%/Test% | Accuracy: 83.06%/75.94% | Precision: 82.74%/75.38% | Recall: 82.31%/77.22% | F1: 82.50%/75.35% | Time: fit=010s, train=002s, test=001s, total=013s
Epoch 128: Train%/Test% | Accuracy: 83.06%/75.94% | Precision: 82.72%/75.38% | Recall: 82.35%/77.22% | F1: 82.51%/75.35% | Time: fit=010s, train=002s, test=001s, total=013s
Epoch 129: Train%/Test% | Accuracy: 83.18%/75.94% | Precision: 82.90%/75.38% | Recall: 82.37%/77.22% | F1: 82.60%/75.35% | Time: fit=010s, train=002s, test=001s, total=013s
Epoch 130: Train%/Test% | Accuracy: 82.94%/75.94% | Precision: 82.71%/75.38% | Recall: 82.05%/77.22% | F1: 82.32%/75.35% | Time: fit=010s, train=002s, test=001s, total=013s
Epoch 131: Train%/Test% | Accuracy: 70.73%/72.17% | Precision: 81.98%/84.72% | Recall: 65.23%/62.18% | F1: 63.44%/60.57% | Time: fit=010s, train=002s, test=001s, total=013s
Epoch 132: Train%/Test% | Accuracy: 71.21%/71.70% | Precision: 82.21%/82.14% | Recall: 65.80%/61.81% | F1: 64.22%/60.19% | Time: fit=010s, train=002s, test=001s, total=013s
Epoch 133: Train%/Test% | Accuracy: 70.38%/71.23% | Precision: 81.81%/81.82% | Recall: 64.81%/61.17% | F1: 62.85%/59.23% | Time: fit=010s, train=002s, test=001s, total=013s
Epoch 134: Train%/Test% | Accuracy: 69.91%/71.70% | Precision: 81.58%/84.54% | Recall: 64.24%/61.54% | F1: 62.05%/59.60% | Time: fit=010s, train=002s, test=001s, total=013s
Epoch 135: Train%/Test% | Accuracy: 70.50%/71.23% | Precision: 81.87%/84.36% | Recall: 64.95%/60.90% | F1: 63.05%/58.62% | Time: fit=010s, train=002s, test=001s, total=013s
Epoch 136: Train%/Test% | Accuracy: 83.41%/76.42% | Precision: 83.17%/75.75% | Recall: 82.58%/77.59% | F1: 82.83%/75.79% | Time: fit=010s, train=002s, test=001s, total=013s
Epoch 137: Train%/Test% | Accuracy: 83.18%/76.42% | Precision: 82.96%/75.75% | Recall: 82.30%/77.59% | F1: 82.56%/75.79% | Time: fit=010s, train=002s, test=001s, total=013s
Epoch 138: Train%/Test% | Accuracy: 83.06%/76.42% | Precision: 82.82%/75.75% | Recall: 82.19%/77.59% | F1: 82.45%/75.79% | Time: fit=010s, train=002s, test=001s, total=013s
Epoch 139: Train%/Test% | Accuracy: 83.77%/76.89% | Precision: 83.59%/76.13% | Recall: 82.88%/77.97% | F1: 83.17%/76.24% | Time: fit=010s, train=002s, test=001s, total=013s
Epoch 140: Train%/Test% | Accuracy: 83.77%/76.89% | Precision: 83.66%/76.13% | Recall: 82.81%/77.97% | F1: 83.14%/76.24% | Time: fit=010s, train=002s, test=001s, total=013s
Epoch 141: Train%/Test% | Accuracy: 83.65%/76.42% | Precision: 83.42%/75.75% | Recall: 82.82%/77.59% | F1: 83.07%/75.79% | Time: fit=010s, train=002s, test=001s, total=013s
Epoch 142: Train%/Test% | Accuracy: 84.12%/76.42% | Precision: 83.92%/75.75% | Recall: 83.31%/77.59% | F1: 83.56%/75.79% | Time: fit=010s, train=002s, test=001s, total=013s
Epoch 143: Train%/Test% | Accuracy: 83.65%/76.42% | Precision: 83.48%/75.75% | Recall: 82.74%/77.59% | F1: 83.04%/75.79% | Time: fit=010s, train=002s, test=001s, total=013s
Epoch 144: Train%/Test% | Accuracy: 83.41%/76.42% | Precision: 83.17%/75.75% | Recall: 82.58%/77.59% | F1: 82.83%/75.79% | Time: fit=010s, train=002s, test=001s, total=013s
Epoch 145: Train%/Test% | Accuracy: 83.41%/76.89% | Precision: 83.27%/76.13% | Recall: 82.46%/77.97% | F1: 82.78%/76.24% | Time: fit=010s, train=002s, test=001s, total=013s
Epoch 146: Train%/Test% | Accuracy: 83.77%/76.89% | Precision: 83.63%/76.13% | Recall: 82.85%/77.97% | F1: 83.15%/76.24% | Time: fit=010s, train=002s, test=001s, total=012s
Epoch 147: Train%/Test% | Accuracy: 83.29%/76.42% | Precision: 83.13%/75.75% | Recall: 82.36%/77.59% | F1: 82.66%/75.79% | Time: fit=010s, train=002s, test=001s, total=013s
Epoch 148: Train%/Test% | Accuracy: 83.89%/76.89% | Precision: 83.88%/76.13% | Recall: 82.83%/77.97% | F1: 83.22%/76.24% | Time: fit=010s, train=002s, test=001s, total=013s
Epoch 149: Train%/Test% | Accuracy: 83.77%/76.89% | Precision: 83.66%/76.13% | Recall: 82.81%/77.97% | F1: 83.14%/76.24% | Time: fit=010s, train=002s, test=001s, total=013s
Epoch 150: Train%/Test% | Accuracy: 83.65%/76.89% | Precision: 83.52%/76.13% | Recall: 82.70%/77.97% | F1: 83.02%/76.24% | Time: fit=010s, train=002s, test=001s, total=013s
