[*] Load dataset...
[*] Fix malformed data...
[*] Split...
[*] Encoding...
[*] -> text...
[*] -> tweet_ids...
[*] Encoding complete!
==============================
Using GPU for training
Dataset: FakeNewsNet-politifact
TMU params: num-clauses=5000, T=100, s=10.0
Epochs: 100
Feature(s): text, tweet
max-vocab=3000, max-domain=500, max-tweet=500
====================
Train size: 844
Train classes: 2
Test size: 212
Test classes: 2
Total features: 3434
==============================
[*] Training for 100 epochs...
Epoch   1: Train%/Test% | Accuracy: 51.18%/40.57% | Precision: 65.12%/50.62% | Recall: 57.25%/50.31% | F1: 46.89%/37.07% | Time: fit=003s, train=000s, test=000s, total=004s
Epoch   2: Train%/Test% | Accuracy: 54.74%/42.92% | Precision: 66.07%/53.84% | Recall: 60.04%/52.17% | F1: 52.16%/40.23% | Time: fit=001s, train=000s, test=000s, total=002s
Epoch   3: Train%/Test% | Accuracy: 56.04%/45.28% | Precision: 67.86%/58.78% | Recall: 61.32%/54.84% | F1: 53.62%/42.58% | Time: fit=001s, train=000s, test=000s, total=002s
Epoch   4: Train%/Test% | Accuracy: 74.41%/63.21% | Precision: 74.80%/64.29% | Recall: 75.41%/65.27% | F1: 74.32%/62.88% | Time: fit=001s, train=000s, test=000s, total=002s
Epoch   5: Train%/Test% | Accuracy: 71.56%/61.32% | Precision: 73.79%/64.32% | Recall: 73.63%/64.85% | F1: 71.56%/61.27% | Time: fit=001s, train=000s, test=000s, total=002s
Epoch   6: Train%/Test% | Accuracy: 55.92%/46.23% | Precision: 66.48%/57.99% | Recall: 60.98%/55.05% | F1: 53.77%/44.24% | Time: fit=001s, train=000s, test=000s, total=002s
Epoch   7: Train%/Test% | Accuracy: 75.83%/72.17% | Precision: 75.83%/72.05% | Recall: 76.52%/73.70% | F1: 75.67%/71.64% | Time: fit=001s, train=000s, test=000s, total=002s
Epoch   8: Train%/Test% | Accuracy: 71.80%/67.45% | Precision: 74.73%/70.89% | Recall: 74.19%/71.57% | F1: 71.78%/67.42% | Time: fit=001s, train=000s, test=000s, total=002s
Epoch   9: Train%/Test% | Accuracy: 73.34%/66.51% | Precision: 75.50%/69.12% | Recall: 75.39%/70.02% | F1: 73.34%/66.42% | Time: fit=001s, train=000s, test=000s, total=002s
Epoch  10: Train%/Test% | Accuracy: 76.54%/71.23% | Precision: 77.37%/71.90% | Recall: 77.91%/73.49% | F1: 76.50%/70.88% | Time: fit=001s, train=000s, test=000s, total=002s
Epoch  11: Train%/Test% | Accuracy: 75.00%/69.34% | Precision: 76.57%/70.30% | Recall: 76.78%/71.73% | F1: 75.00%/69.04% | Time: fit=001s, train=000s, test=000s, total=002s
Epoch  12: Train%/Test% | Accuracy: 78.32%/74.06% | Precision: 78.23%/73.10% | Recall: 78.97%/74.66% | F1: 78.15%/73.24% | Time: fit=001s, train=000s, test=000s, total=002s
Epoch  13: Train%/Test% | Accuracy: 75.59%/71.70% | Precision: 77.07%/72.23% | Recall: 77.33%/73.86% | F1: 75.59%/71.33% | Time: fit=001s, train=000s, test=000s, total=002s
Epoch  14: Train%/Test% | Accuracy: 79.98%/72.64% | Precision: 79.82%/71.59% | Recall: 80.60%/73.00% | F1: 79.81%/71.73% | Time: fit=001s, train=000s, test=000s, total=002s
Epoch  15: Train%/Test% | Accuracy: 81.04%/73.11% | Precision: 80.51%/71.25% | Recall: 80.69%/71.77% | F1: 80.60%/71.46% | Time: fit=001s, train=000s, test=000s, total=002s
Epoch  16: Train%/Test% | Accuracy: 80.57%/74.06% | Precision: 80.03%/72.24% | Recall: 80.36%/72.78% | F1: 80.17%/72.46% | Time: fit=001s, train=000s, test=000s, total=002s
Epoch  17: Train%/Test% | Accuracy: 80.33%/71.70% | Precision: 79.91%/70.03% | Recall: 80.55%/70.91% | F1: 80.06%/70.30% | Time: fit=001s, train=000s, test=000s, total=002s
Epoch  18: Train%/Test% | Accuracy: 79.15%/73.11% | Precision: 78.58%/71.33% | Recall: 78.67%/72.03% | F1: 78.62%/71.60% | Time: fit=001s, train=000s, test=000s, total=002s
Epoch  19: Train%/Test% | Accuracy: 78.91%/69.81% | Precision: 78.40%/68.73% | Recall: 78.90%/69.96% | F1: 78.56%/68.81% | Time: fit=001s, train=000s, test=000s, total=002s
Epoch  20: Train%/Test% | Accuracy: 79.50%/72.64% | Precision: 79.03%/71.42% | Recall: 79.60%/72.73% | F1: 79.19%/71.63% | Time: fit=001s, train=000s, test=000s, total=002s
Epoch  21: Train%/Test% | Accuracy: 79.38%/72.64% | Precision: 78.94%/71.27% | Recall: 79.54%/72.46% | F1: 79.09%/71.52% | Time: fit=001s, train=000s, test=000s, total=002s
Epoch  22: Train%/Test% | Accuracy: 58.65%/48.11% | Precision: 71.55%/62.12% | Recall: 63.92%/57.35% | F1: 56.47%/45.99% | Time: fit=001s, train=000s, test=000s, total=002s
Epoch  23: Train%/Test% | Accuracy: 78.20%/71.70% | Precision: 77.93%/70.64% | Recall: 78.64%/71.99% | F1: 77.98%/70.76% | Time: fit=001s, train=000s, test=000s, total=002s
Epoch  24: Train%/Test% | Accuracy: 79.15%/71.23% | Precision: 78.78%/69.75% | Recall: 79.45%/70.81% | F1: 78.90%/69.99% | Time: fit=001s, train=000s, test=000s, total=002s
Epoch  25: Train%/Test% | Accuracy: 78.20%/73.58% | Precision: 77.83%/72.09% | Recall: 78.48%/73.21% | F1: 77.94%/72.40% | Time: fit=001s, train=000s, test=000s, total=002s
Epoch  26: Train%/Test% | Accuracy: 78.55%/74.06% | Precision: 78.20%/72.32% | Recall: 78.86%/73.05% | F1: 78.30%/72.59% | Time: fit=001s, train=000s, test=000s, total=002s
Epoch  27: Train%/Test% | Accuracy: 68.48%/58.96% | Precision: 74.71%/65.46% | Recall: 71.99%/64.59% | F1: 68.15%/58.89% | Time: fit=001s, train=000s, test=000s, total=002s
Epoch  28: Train%/Test% | Accuracy: 68.01%/57.55% | Precision: 74.60%/64.09% | Recall: 71.63%/63.20% | F1: 67.62%/57.45% | Time: fit=001s, train=000s, test=000s, total=002s
Epoch  29: Train%/Test% | Accuracy: 66.94%/57.55% | Precision: 73.43%/64.61% | Recall: 70.55%/63.47% | F1: 66.54%/57.41% | Time: fit=001s, train=000s, test=000s, total=002s
Epoch  30: Train%/Test% | Accuracy: 66.23%/57.55% | Precision: 73.03%/65.74% | Recall: 69.94%/64.01% | F1: 65.76%/57.30% | Time: fit=001s, train=000s, test=000s, total=002s
Epoch  31: Train%/Test% | Accuracy: 66.94%/57.08% | Precision: 73.43%/64.88% | Recall: 70.55%/63.37% | F1: 66.54%/56.86% | Time: fit=001s, train=000s, test=000s, total=002s
Epoch  32: Train%/Test% | Accuracy: 78.91%/73.11% | Precision: 78.62%/71.33% | Recall: 79.33%/72.03% | F1: 78.69%/71.60% | Time: fit=001s, train=000s, test=000s, total=002s
Epoch  33: Train%/Test% | Accuracy: 78.79%/72.17% | Precision: 79.60%/71.81% | Recall: 80.21%/73.43% | F1: 78.75%/71.56% | Time: fit=001s, train=000s, test=000s, total=002s
Epoch  34: Train%/Test% | Accuracy: 79.38%/73.58% | Precision: 80.05%/73.34% | Recall: 80.72%/75.09% | F1: 79.34%/73.05% | Time: fit=001s, train=000s, test=000s, total=002s
Epoch  35: Train%/Test% | Accuracy: 78.32%/73.11% | Precision: 79.01%/72.99% | Recall: 79.64%/74.71% | F1: 78.27%/72.60% | Time: fit=001s, train=000s, test=000s, total=002s
Epoch  36: Train%/Test% | Accuracy: 78.08%/72.64% | Precision: 79.01%/72.40% | Recall: 79.55%/74.07% | F1: 78.05%/72.08% | Time: fit=001s, train=000s, test=000s, total=002s
Epoch  37: Train%/Test% | Accuracy: 78.44%/72.64% | Precision: 79.28%/72.17% | Recall: 79.86%/73.80% | F1: 78.40%/72.00% | Time: fit=001s, train=000s, test=000s, total=002s
Epoch  38: Train%/Test% | Accuracy: 62.44%/50.47% | Precision: 71.05%/61.33% | Recall: 66.71%/58.41% | F1: 61.48%/49.39% | Time: fit=001s, train=000s, test=000s, total=002s
Epoch  39: Train%/Test% | Accuracy: 63.03%/51.42% | Precision: 71.06%/60.11% | Recall: 67.14%/58.35% | F1: 62.22%/50.84% | Time: fit=001s, train=000s, test=000s, total=002s
Epoch  40: Train%/Test% | Accuracy: 65.88%/55.66% | Precision: 72.53%/61.93% | Recall: 69.55%/61.17% | F1: 65.41%/55.56% | Time: fit=001s, train=000s, test=000s, total=002s
Epoch  41: Train%/Test% | Accuracy: 65.88%/56.13% | Precision: 72.83%/63.22% | Recall: 69.63%/62.08% | F1: 65.37%/55.97% | Time: fit=001s, train=000s, test=000s, total=002s
Epoch  42: Train%/Test% | Accuracy: 65.40%/52.83% | Precision: 73.19%/60.55% | Recall: 69.38%/59.20% | F1: 64.76%/52.49% | Time: fit=001s, train=000s, test=000s, total=002s
Epoch  43: Train%/Test% | Accuracy: 79.50%/69.81% | Precision: 80.14%/70.07% | Recall: 80.82%/71.57% | F1: 79.45%/69.35% | Time: fit=001s, train=000s, test=000s, total=002s
Epoch  44: Train%/Test% | Accuracy: 79.15%/69.34% | Precision: 79.81%/69.47% | Recall: 80.47%/70.92% | F1: 79.10%/68.83% | Time: fit=001s, train=000s, test=000s, total=002s
Epoch  45: Train%/Test% | Accuracy: 80.81%/72.17% | Precision: 80.84%/70.86% | Recall: 81.67%/72.09% | F1: 80.69%/71.09% | Time: fit=001s, train=000s, test=000s, total=002s
Epoch  46: Train%/Test% | Accuracy: 81.04%/71.70% | Precision: 81.39%/70.82% | Recall: 82.18%/72.25% | F1: 80.97%/70.86% | Time: fit=001s, train=000s, test=000s, total=002s
Epoch  47: Train%/Test% | Accuracy: 80.21%/73.11% | Precision: 80.74%/72.15% | Recall: 81.47%/73.64% | F1: 80.16%/72.27% | Time: fit=001s, train=000s, test=000s, total=002s
Epoch  48: Train%/Test% | Accuracy: 81.04%/74.06% | Precision: 81.39%/73.10% | Recall: 82.18%/74.66% | F1: 80.97%/73.24% | Time: fit=001s, train=000s, test=000s, total=002s
Epoch  49: Train%/Test% | Accuracy: 81.87%/73.11% | Precision: 81.93%/71.98% | Recall: 82.78%/73.37% | F1: 81.76%/72.17% | Time: fit=001s, train=000s, test=000s, total=002s
Epoch  50: Train%/Test% | Accuracy: 81.04%/74.06% | Precision: 81.55%/73.49% | Recall: 82.30%/75.19% | F1: 80.99%/73.41% | Time: fit=001s, train=000s, test=000s, total=002s
Epoch  51: Train%/Test% | Accuracy: 79.50%/70.75% | Precision: 80.44%/71.28% | Recall: 81.01%/72.85% | F1: 79.47%/70.38% | Time: fit=001s, train=000s, test=000s, total=002s
Epoch  52: Train%/Test% | Accuracy: 66.71%/53.77% | Precision: 73.74%/62.27% | Recall: 70.46%/60.49% | F1: 66.22%/53.36% | Time: fit=001s, train=000s, test=000s, total=002s
Epoch  53: Train%/Test% | Accuracy: 79.86%/69.81% | Precision: 80.83%/70.07% | Recall: 81.40%/71.57% | F1: 79.83%/69.35% | Time: fit=001s, train=000s, test=000s, total=002s
Epoch  54: Train%/Test% | Accuracy: 80.81%/72.64% | Precision: 81.48%/72.17% | Recall: 82.18%/73.80% | F1: 80.76%/72.00% | Time: fit=001s, train=000s, test=000s, total=002s
Epoch  55: Train%/Test% | Accuracy: 80.92%/74.53% | Precision: 81.11%/73.49% | Recall: 81.92%/75.03% | F1: 80.83%/73.68% | Time: fit=001s, train=000s, test=000s, total=002s
Epoch  56: Train%/Test% | Accuracy: 81.04%/73.11% | Precision: 81.39%/72.34% | Recall: 82.18%/73.91% | F1: 80.97%/72.36% | Time: fit=001s, train=000s, test=000s, total=002s
Epoch  57: Train%/Test% | Accuracy: 80.57%/73.11% | Precision: 81.07%/72.54% | Recall: 81.81%/74.18% | F1: 80.51%/72.45% | Time: fit=001s, train=000s, test=000s, total=002s
Epoch  58: Train%/Test% | Accuracy: 79.27%/73.58% | Precision: 80.02%/73.12% | Recall: 80.65%/74.82% | F1: 79.23%/72.97% | Time: fit=001s, train=000s, test=000s, total=002s
Epoch  59: Train%/Test% | Accuracy: 79.50%/72.64% | Precision: 80.38%/72.40% | Recall: 80.97%/74.07% | F1: 79.47%/72.08% | Time: fit=001s, train=000s, test=000s, total=002s
Epoch  60: Train%/Test% | Accuracy: 79.03%/74.53% | Precision: 80.30%/74.79% | Recall: 80.72%/76.64% | F1: 79.02%/74.14% | Time: fit=001s, train=000s, test=000s, total=002s
Epoch  61: Train%/Test% | Accuracy: 79.74%/72.64% | Precision: 80.68%/72.40% | Recall: 81.26%/74.07% | F1: 79.71%/72.08% | Time: fit=001s, train=000s, test=000s, total=002s
Epoch  62: Train%/Test% | Accuracy: 79.27%/70.28% | Precision: 80.61%/70.95% | Recall: 81.01%/72.47% | F1: 79.25%/69.93% | Time: fit=001s, train=000s, test=000s, total=002s
Epoch  63: Train%/Test% | Accuracy: 78.55%/70.28% | Precision: 80.12%/70.95% | Recall: 80.39%/72.47% | F1: 78.55%/69.93% | Time: fit=001s, train=000s, test=000s, total=002s
Epoch  64: Train%/Test% | Accuracy: 79.03%/72.17% | Precision: 80.16%/72.56% | Recall: 80.65%/74.23% | F1: 79.01%/71.78% | Time: fit=001s, train=000s, test=000s, total=002s
Epoch  65: Train%/Test% | Accuracy: 79.15%/72.64% | Precision: 80.18%/72.40% | Recall: 80.71%/74.07% | F1: 79.12%/72.08% | Time: fit=001s, train=000s, test=000s, total=002s
Epoch  66: Train%/Test% | Accuracy: 79.62%/73.58% | Precision: 80.80%/73.34% | Recall: 81.27%/75.09% | F1: 79.60%/73.05% | Time: fit=001s, train=000s, test=000s, total=002s
Epoch  67: Train%/Test% | Accuracy: 80.33%/74.53% | Precision: 81.25%/74.06% | Recall: 81.85%/75.83% | F1: 80.30%/73.93% | Time: fit=001s, train=000s, test=000s, total=002s
Epoch  68: Train%/Test% | Accuracy: 81.52%/76.42% | Precision: 81.73%/75.24% | Recall: 82.55%/76.79% | F1: 81.43%/75.54% | Time: fit=001s, train=000s, test=000s, total=002s
Epoch  69: Train%/Test% | Accuracy: 80.57%/75.47% | Precision: 80.97%/74.44% | Recall: 81.74%/76.04% | F1: 80.50%/74.66% | Time: fit=001s, train=000s, test=000s, total=002s
Epoch  70: Train%/Test% | Accuracy: 79.86%/75.94% | Precision: 80.41%/74.84% | Recall: 81.12%/76.42% | F1: 79.80%/75.10% | Time: fit=001s, train=000s, test=000s, total=002s
Epoch  71: Train%/Test% | Accuracy: 80.09%/75.94% | Precision: 80.88%/75.38% | Recall: 81.52%/77.22% | F1: 80.06%/75.35% | Time: fit=001s, train=000s, test=000s, total=002s
Epoch  72: Train%/Test% | Accuracy: 79.74%/75.94% | Precision: 80.68%/75.38% | Recall: 81.26%/77.22% | F1: 79.71%/75.35% | Time: fit=001s, train=000s, test=000s, total=002s
Epoch  73: Train%/Test% | Accuracy: 80.92%/76.42% | Precision: 81.69%/75.75% | Recall: 82.36%/77.59% | F1: 80.89%/75.79% | Time: fit=001s, train=000s, test=000s, total=002s
Epoch  74: Train%/Test% | Accuracy: 79.98%/77.36% | Precision: 80.51%/76.35% | Recall: 81.23%/78.07% | F1: 79.92%/76.61% | Time: fit=001s, train=000s, test=000s, total=002s
Epoch  75: Train%/Test% | Accuracy: 79.15%/74.06% | Precision: 80.25%/74.45% | Recall: 80.75%/76.26% | F1: 79.13%/73.69% | Time: fit=001s, train=000s, test=000s, total=002s
Epoch  76: Train%/Test% | Accuracy: 78.67%/73.58% | Precision: 80.28%/74.12% | Recall: 80.53%/75.89% | F1: 78.67%/73.24% | Time: fit=001s, train=000s, test=000s, total=002s
Epoch  77: Train%/Test% | Accuracy: 79.38%/72.17% | Precision: 80.92%/73.14% | Recall: 81.23%/74.77% | F1: 79.38%/71.89% | Time: fit=001s, train=000s, test=000s, total=002s
Epoch  78: Train%/Test% | Accuracy: 78.20%/72.17% | Precision: 79.79%/72.84% | Recall: 80.05%/74.50% | F1: 78.19%/71.84% | Time: fit=001s, train=000s, test=000s, total=002s
Epoch  79: Train%/Test% | Accuracy: 78.32%/69.34% | Precision: 79.88%/70.61% | Recall: 80.15%/72.00% | F1: 78.31%/69.09% | Time: fit=001s, train=000s, test=000s, total=002s
Epoch  80: Train%/Test% | Accuracy: 78.20%/68.40% | Precision: 80.20%/70.32% | Recall: 80.24%/71.52% | F1: 78.20%/68.24% | Time: fit=001s, train=000s, test=000s, total=002s
Epoch  81: Train%/Test% | Accuracy: 77.73%/70.75% | Precision: 79.71%/71.57% | Recall: 79.76%/73.12% | F1: 77.72%/70.44% | Time: fit=001s, train=000s, test=000s, total=002s
Epoch  82: Train%/Test% | Accuracy: 78.79%/70.28% | Precision: 80.43%/70.95% | Recall: 80.68%/72.47% | F1: 78.79%/69.93% | Time: fit=001s, train=000s, test=000s, total=002s
Epoch  83: Train%/Test% | Accuracy: 78.44%/69.81% | Precision: 80.19%/70.62% | Recall: 80.37%/72.10% | F1: 78.43%/69.48% | Time: fit=001s, train=000s, test=000s, total=002s
Epoch  84: Train%/Test% | Accuracy: 79.98%/73.58% | Precision: 80.73%/72.91% | Recall: 81.38%/74.55% | F1: 79.94%/72.89% | Time: fit=001s, train=000s, test=000s, total=002s
Epoch  85: Train%/Test% | Accuracy: 79.62%/74.53% | Precision: 80.41%/74.06% | Recall: 81.04%/75.83% | F1: 79.58%/73.93% | Time: fit=001s, train=000s, test=000s, total=002s
Epoch  86: Train%/Test% | Accuracy: 79.27%/72.17% | Precision: 80.61%/72.56% | Recall: 81.01%/74.23% | F1: 79.25%/71.78% | Time: fit=001s, train=000s, test=000s, total=002s
Epoch  87: Train%/Test% | Accuracy: 79.86%/73.11% | Precision: 80.90%/73.24% | Recall: 81.44%/74.98% | F1: 79.84%/72.67% | Time: fit=001s, train=000s, test=000s, total=002s
Epoch  88: Train%/Test% | Accuracy: 79.86%/73.58% | Precision: 80.90%/73.34% | Recall: 81.44%/75.09% | F1: 79.84%/73.05% | Time: fit=001s, train=000s, test=000s, total=002s
Epoch  89: Train%/Test% | Accuracy: 78.79%/71.70% | Precision: 79.79%/72.23% | Recall: 80.32%/73.86% | F1: 78.77%/71.33% | Time: fit=001s, train=000s, test=000s, total=002s
Epoch  90: Train%/Test% | Accuracy: 80.09%/70.75% | Precision: 81.14%/71.01% | Recall: 81.68%/72.58% | F1: 80.07%/70.31% | Time: fit=001s, train=000s, test=000s, total=002s
Epoch  91: Train%/Test% | Accuracy: 79.74%/71.23% | Precision: 81.24%/72.84% | Recall: 81.57%/74.29% | F1: 79.73%/71.04% | Time: fit=001s, train=000s, test=000s, total=002s
Epoch  92: Train%/Test% | Accuracy: 79.03%/68.40% | Precision: 80.68%/69.98% | Recall: 80.92%/71.25% | F1: 79.02%/68.19% | Time: fit=001s, train=000s, test=000s, total=002s
Epoch  93: Train%/Test% | Accuracy: 80.09%/71.23% | Precision: 81.42%/72.51% | Recall: 81.84%/74.02% | F1: 80.08%/70.99% | Time: fit=001s, train=000s, test=000s, total=002s
Epoch  94: Train%/Test% | Accuracy: 79.86%/71.70% | Precision: 81.04%/72.52% | Recall: 81.52%/74.13% | F1: 79.84%/71.39% | Time: fit=001s, train=000s, test=000s, total=002s
Epoch  95: Train%/Test% | Accuracy: 80.57%/73.58% | Precision: 81.13%/73.12% | Recall: 81.85%/74.82% | F1: 80.52%/72.97% | Time: fit=001s, train=000s, test=000s, total=002s
Epoch  96: Train%/Test% | Accuracy: 81.16%/73.11% | Precision: 81.64%/72.54% | Recall: 82.40%/74.18% | F1: 81.10%/72.45% | Time: fit=001s, train=000s, test=000s, total=002s
Epoch  97: Train%/Test% | Accuracy: 79.98%/70.75% | Precision: 80.99%/71.88% | Recall: 81.54%/73.38% | F1: 79.95%/70.49% | Time: fit=001s, train=000s, test=000s, total=002s
Epoch  98: Train%/Test% | Accuracy: 79.86%/71.23% | Precision: 80.90%/71.62% | Recall: 81.44%/73.22% | F1: 79.84%/70.82% | Time: fit=001s, train=000s, test=000s, total=002s
Epoch  99: Train%/Test% | Accuracy: 78.55%/71.23% | Precision: 79.89%/71.35% | Recall: 80.28%/72.95% | F1: 78.54%/70.75% | Time: fit=001s, train=000s, test=000s, total=002s
Epoch 100: Train%/Test% | Accuracy: 78.55%/70.75% | Precision: 80.04%/71.01% | Recall: 80.35%/72.58% | F1: 78.55%/70.31% | Time: fit=001s, train=000s, test=000s, total=002s
