[nltk_data] Downloading package wordnet to /home/bjorvl16/nltk_data...
[nltk_data]   Package wordnet is already up-to-date!
[nltk_data] Downloading package stopwords to
[nltk_data]     /home/bjorvl16/nltk_data...
[nltk_data]   Package stopwords is already up-to-date!
[*] Load dataset...
[*] Fix malformed data...
[*] Split...
[*] Encoding...
[*] Encoding feature: text... 464
==============================
Using GPU for training
Dataset: FakeNewsNet-politifact
TMU params: num-clauses=5000, T=50, s=15.0
Epochs: 150
Feature(s): text
max-vocab=15000, max-domain=500, max-tweet=500
====================
Train size: 844
Train classes: 2
Test size: 212
Test classes: 2
Total features: 464
==============================
[*] Training for 150 epochs...
Epoch   1: Train%/Test% | Accuracy: 63.39%/66.04% | Precision: 74.22%/76.35% | Recall: 56.67%/54.11% | F1: 50.63%/47.49% | Time: fit=003s, train=000s, test=000s, total=003s
Epoch   2: Train%/Test% | Accuracy: 70.97%/68.40% | Precision: 78.82%/70.82% | Recall: 65.91%/58.66% | F1: 64.73%/56.46% | Time: fit=002s, train=000s, test=000s, total=003s
Epoch   3: Train%/Test% | Accuracy: 73.10%/68.40% | Precision: 80.03%/69.96% | Recall: 68.49%/58.93% | F1: 68.07%/57.04% | Time: fit=002s, train=000s, test=000s, total=003s
Epoch   4: Train%/Test% | Accuracy: 74.76%/70.28% | Precision: 80.11%/72.63% | Recall: 70.66%/61.49% | F1: 70.80%/60.62% | Time: fit=002s, train=000s, test=000s, total=003s
Epoch   5: Train%/Test% | Accuracy: 79.38%/74.53% | Precision: 82.56%/76.63% | Recall: 76.36%/67.53% | F1: 77.19%/68.30% | Time: fit=002s, train=000s, test=000s, total=003s
Epoch   6: Train%/Test% | Accuracy: 80.57%/74.53% | Precision: 83.29%/75.54% | Recall: 77.82%/68.06% | F1: 78.70%/68.93% | Time: fit=002s, train=000s, test=000s, total=003s
Epoch   7: Train%/Test% | Accuracy: 83.41%/75.00% | Precision: 84.70%/74.53% | Recall: 81.48%/69.78% | F1: 82.30%/70.73% | Time: fit=002s, train=000s, test=000s, total=003s
Epoch   8: Train%/Test% | Accuracy: 84.00%/73.58% | Precision: 84.47%/71.87% | Recall: 82.58%/69.46% | F1: 83.18%/70.14% | Time: fit=002s, train=000s, test=000s, total=003s
Epoch   9: Train%/Test% | Accuracy: 85.19%/75.47% | Precision: 85.37%/73.89% | Recall: 84.07%/72.02% | F1: 84.54%/72.66% | Time: fit=002s, train=000s, test=000s, total=003s
Epoch  10: Train%/Test% | Accuracy: 84.83%/75.94% | Precision: 85.34%/74.81% | Recall: 83.45%/71.86% | F1: 84.06%/72.71% | Time: fit=002s, train=000s, test=000s, total=003s
Epoch  11: Train%/Test% | Accuracy: 84.83%/76.42% | Precision: 85.74%/75.71% | Recall: 83.21%/71.97% | F1: 83.95%/72.94% | Time: fit=002s, train=000s, test=000s, total=003s
Epoch  12: Train%/Test% | Accuracy: 85.43%/75.94% | Precision: 86.15%/74.64% | Recall: 83.96%/72.13% | F1: 84.64%/72.90% | Time: fit=002s, train=000s, test=000s, total=003s
Epoch  13: Train%/Test% | Accuracy: 86.02%/77.36% | Precision: 86.34%/76.64% | Recall: 84.86%/73.25% | F1: 85.38%/74.22% | Time: fit=002s, train=000s, test=000s, total=003s
Epoch  14: Train%/Test% | Accuracy: 86.61%/77.36% | Precision: 86.70%/76.43% | Recall: 85.69%/73.52% | F1: 86.08%/74.41% | Time: fit=002s, train=000s, test=000s, total=003s
Epoch  15: Train%/Test% | Accuracy: 86.97%/76.89% | Precision: 87.19%/75.48% | Recall: 85.95%/73.68% | F1: 86.42%/74.32% | Time: fit=002s, train=000s, test=000s, total=003s
Epoch  16: Train%/Test% | Accuracy: 85.31%/75.00% | Precision: 85.23%/73.16% | Recall: 84.45%/72.19% | F1: 84.76%/72.58% | Time: fit=002s, train=000s, test=000s, total=003s
Epoch  17: Train%/Test% | Accuracy: 85.07%/75.94% | Precision: 84.63%/74.14% | Recall: 84.79%/74.00% | F1: 84.71%/74.07% | Time: fit=002s, train=000s, test=000s, total=003s
Epoch  18: Train%/Test% | Accuracy: 82.82%/75.47% | Precision: 82.33%/73.63% | Recall: 82.50%/73.63% | F1: 82.41%/73.63% | Time: fit=002s, train=000s, test=000s, total=003s
Epoch  19: Train%/Test% | Accuracy: 84.95%/78.30% | Precision: 84.54%/76.70% | Recall: 84.57%/76.41% | F1: 84.56%/76.55% | Time: fit=002s, train=000s, test=000s, total=003s
Epoch  20: Train%/Test% | Accuracy: 85.31%/76.42% | Precision: 85.07%/74.68% | Recall: 84.64%/74.11% | F1: 84.83%/74.36% | Time: fit=002s, train=000s, test=000s, total=003s
Epoch  21: Train%/Test% | Accuracy: 85.07%/77.36% | Precision: 84.82%/75.71% | Recall: 84.40%/75.12% | F1: 84.58%/75.39% | Time: fit=002s, train=000s, test=000s, total=003s
Epoch  22: Train%/Test% | Accuracy: 85.78%/77.83% | Precision: 85.93%/76.72% | Recall: 84.74%/74.43% | F1: 85.18%/75.20% | Time: fit=002s, train=000s, test=000s, total=003s
Epoch  23: Train%/Test% | Accuracy: 86.26%/78.30% | Precision: 85.91%/76.75% | Recall: 85.85%/76.14% | F1: 85.88%/76.41% | Time: fit=002s, train=000s, test=000s, total=003s
Epoch  24: Train%/Test% | Accuracy: 85.43%/78.77% | Precision: 85.02%/77.24% | Recall: 85.10%/76.78% | F1: 85.06%/76.99% | Time: fit=002s, train=000s, test=000s, total=003s
Epoch  25: Train%/Test% | Accuracy: 86.61%/79.25% | Precision: 86.20%/77.67% | Recall: 86.39%/77.96% | F1: 86.29%/77.81% | Time: fit=002s, train=000s, test=000s, total=003s
Epoch  26: Train%/Test% | Accuracy: 84.72%/78.77% | Precision: 84.24%/77.19% | Recall: 84.64%/77.85% | F1: 84.41%/77.47% | Time: fit=002s, train=000s, test=000s, total=003s
Epoch  27: Train%/Test% | Accuracy: 84.60%/79.25% | Precision: 84.12%/77.67% | Recall: 84.50%/78.22% | F1: 84.28%/77.92% | Time: fit=002s, train=000s, test=000s, total=003s
Epoch  28: Train%/Test% | Accuracy: 84.95%/77.83% | Precision: 84.49%/76.20% | Recall: 84.81%/76.84% | F1: 84.63%/76.47% | Time: fit=002s, train=000s, test=000s, total=003s
Epoch  29: Train%/Test% | Accuracy: 83.65%/74.53% | Precision: 83.73%/74.53% | Recall: 84.62%/76.37% | F1: 83.55%/74.08% | Time: fit=002s, train=000s, test=000s, total=003s
Epoch  30: Train%/Test% | Accuracy: 83.77%/76.89% | Precision: 83.75%/76.53% | Recall: 84.65%/78.50% | F1: 83.66%/76.38% | Time: fit=002s, train=000s, test=000s, total=003s
Epoch  31: Train%/Test% | Accuracy: 85.07%/76.89% | Precision: 85.00%/76.32% | Recall: 85.93%/78.23% | F1: 84.96%/76.31% | Time: fit=002s, train=000s, test=000s, total=003s
Epoch  32: Train%/Test% | Accuracy: 84.60%/77.36% | Precision: 84.46%/76.90% | Recall: 85.36%/78.87% | F1: 84.47%/76.83% | Time: fit=002s, train=000s, test=000s, total=003s
Epoch  33: Train%/Test% | Accuracy: 84.60%/75.94% | Precision: 84.56%/75.38% | Recall: 85.48%/77.22% | F1: 84.49%/75.35% | Time: fit=002s, train=000s, test=000s, total=003s
Epoch  34: Train%/Test% | Accuracy: 84.36%/76.89% | Precision: 84.25%/76.13% | Recall: 85.16%/77.97% | F1: 84.24%/76.24% | Time: fit=002s, train=000s, test=000s, total=003s
Epoch  35: Train%/Test% | Accuracy: 83.06%/77.83% | Precision: 82.93%/77.08% | Recall: 83.80%/78.98% | F1: 82.92%/77.21% | Time: fit=002s, train=000s, test=000s, total=003s
Epoch  36: Train%/Test% | Accuracy: 84.36%/78.30% | Precision: 84.19%/77.30% | Recall: 85.08%/79.09% | F1: 84.23%/77.58% | Time: fit=002s, train=000s, test=000s, total=003s
Epoch  37: Train%/Test% | Accuracy: 84.24%/77.83% | Precision: 84.19%/77.08% | Recall: 85.10%/78.98% | F1: 84.13%/77.21% | Time: fit=002s, train=000s, test=000s, total=003s
Epoch  38: Train%/Test% | Accuracy: 82.94%/76.42% | Precision: 83.02%/75.75% | Recall: 83.89%/77.59% | F1: 82.84%/75.79% | Time: fit=002s, train=000s, test=000s, total=003s
Epoch  39: Train%/Test% | Accuracy: 83.18%/77.36% | Precision: 83.21%/76.70% | Recall: 84.10%/78.61% | F1: 83.07%/76.76% | Time: fit=002s, train=000s, test=000s, total=003s
Epoch  40: Train%/Test% | Accuracy: 83.65%/76.89% | Precision: 83.51%/76.32% | Recall: 84.39%/78.23% | F1: 83.52%/76.31% | Time: fit=002s, train=000s, test=000s, total=003s
Epoch  41: Train%/Test% | Accuracy: 84.12%/77.83% | Precision: 84.02%/77.48% | Recall: 84.92%/79.52% | F1: 84.00%/77.35% | Time: fit=002s, train=000s, test=000s, total=003s
Epoch  42: Train%/Test% | Accuracy: 84.00%/77.36% | Precision: 83.95%/76.90% | Recall: 84.85%/78.87% | F1: 83.89%/76.83% | Time: fit=002s, train=000s, test=000s, total=003s
Epoch  43: Train%/Test% | Accuracy: 84.72%/76.42% | Precision: 84.56%/75.75% | Recall: 85.46%/77.59% | F1: 84.59%/75.79% | Time: fit=002s, train=000s, test=000s, total=003s
Epoch  44: Train%/Test% | Accuracy: 84.72%/77.36% | Precision: 84.59%/76.51% | Recall: 85.50%/78.34% | F1: 84.59%/76.69% | Time: fit=002s, train=000s, test=000s, total=003s
Epoch  45: Train%/Test% | Accuracy: 84.48%/77.83% | Precision: 84.46%/77.08% | Recall: 85.38%/78.98% | F1: 84.37%/77.21% | Time: fit=002s, train=000s, test=000s, total=003s
Epoch  46: Train%/Test% | Accuracy: 84.36%/76.42% | Precision: 84.32%/75.75% | Recall: 85.24%/77.59% | F1: 84.25%/75.79% | Time: fit=002s, train=000s, test=000s, total=003s
Epoch  47: Train%/Test% | Accuracy: 84.00%/76.89% | Precision: 83.85%/76.32% | Recall: 84.73%/78.23% | F1: 83.87%/76.31% | Time: fit=002s, train=000s, test=000s, total=003s
Epoch  48: Train%/Test% | Accuracy: 83.89%/75.00% | Precision: 83.68%/74.23% | Recall: 84.55%/75.94% | F1: 83.74%/74.30% | Time: fit=002s, train=000s, test=000s, total=003s
Epoch  49: Train%/Test% | Accuracy: 84.72%/76.89% | Precision: 84.56%/76.32% | Recall: 85.46%/78.23% | F1: 84.59%/76.31% | Time: fit=002s, train=000s, test=000s, total=003s
Epoch  50: Train%/Test% | Accuracy: 85.19%/76.89% | Precision: 85.10%/76.32% | Recall: 86.03%/78.23% | F1: 85.08%/76.31% | Time: fit=002s, train=000s, test=000s, total=003s
Epoch  51: Train%/Test% | Accuracy: 85.07%/74.53% | Precision: 85.00%/74.06% | Recall: 85.93%/75.83% | F1: 84.96%/73.93% | Time: fit=002s, train=000s, test=000s, total=003s
Epoch  52: Train%/Test% | Accuracy: 84.48%/75.47% | Precision: 84.39%/75.01% | Recall: 85.30%/76.85% | F1: 84.36%/74.90% | Time: fit=002s, train=000s, test=000s, total=003s
Epoch  53: Train%/Test% | Accuracy: 83.77%/73.58% | Precision: 83.71%/72.91% | Recall: 84.61%/74.55% | F1: 83.65%/72.89% | Time: fit=002s, train=000s, test=000s, total=003s
Epoch  54: Train%/Test% | Accuracy: 85.07%/75.47% | Precision: 85.03%/75.23% | Recall: 85.97%/77.11% | F1: 84.97%/74.97% | Time: fit=002s, train=000s, test=000s, total=003s
Epoch  55: Train%/Test% | Accuracy: 84.72%/74.06% | Precision: 84.73%/73.70% | Recall: 85.66%/75.46% | F1: 84.62%/73.49% | Time: fit=002s, train=000s, test=000s, total=003s
Epoch  56: Train%/Test% | Accuracy: 84.72%/74.53% | Precision: 84.66%/74.53% | Recall: 85.58%/76.37% | F1: 84.61%/74.08% | Time: fit=002s, train=000s, test=000s, total=003s
Epoch  57: Train%/Test% | Accuracy: 84.72%/76.42% | Precision: 84.59%/75.95% | Recall: 85.50%/77.86% | F1: 84.59%/75.87% | Time: fit=002s, train=000s, test=000s, total=003s
Epoch  58: Train%/Test% | Accuracy: 84.95%/76.42% | Precision: 84.80%/75.75% | Recall: 85.71%/77.59% | F1: 84.83%/75.79% | Time: fit=002s, train=000s, test=000s, total=003s
Epoch  59: Train%/Test% | Accuracy: 84.83%/75.94% | Precision: 84.69%/75.59% | Recall: 85.61%/77.49% | F1: 84.71%/75.42% | Time: fit=002s, train=000s, test=000s, total=003s
Epoch  60: Train%/Test% | Accuracy: 85.19%/74.53% | Precision: 85.00%/74.06% | Recall: 85.91%/75.83% | F1: 85.06%/73.93% | Time: fit=002s, train=000s, test=000s, total=003s
Epoch  61: Train%/Test% | Accuracy: 85.19%/75.47% | Precision: 85.25%/75.47% | Recall: 86.19%/77.38% | F1: 85.10%/75.04% | Time: fit=002s, train=000s, test=000s, total=003s
Epoch  62: Train%/Test% | Accuracy: 84.83%/76.42% | Precision: 84.91%/76.18% | Recall: 85.84%/78.13% | F1: 84.75%/75.93% | Time: fit=002s, train=000s, test=000s, total=003s
Epoch  63: Train%/Test% | Accuracy: 84.83%/75.94% | Precision: 84.96%/75.82% | Recall: 85.88%/77.76% | F1: 84.75%/75.48% | Time: fit=002s, train=000s, test=000s, total=003s
Epoch  64: Train%/Test% | Accuracy: 84.72%/75.94% | Precision: 84.90%/75.38% | Recall: 85.82%/77.22% | F1: 84.64%/75.35% | Time: fit=002s, train=000s, test=000s, total=003s
Epoch  65: Train%/Test% | Accuracy: 85.07%/75.47% | Precision: 85.03%/75.23% | Recall: 85.97%/77.11% | F1: 84.97%/74.97% | Time: fit=002s, train=000s, test=000s, total=003s
Epoch  66: Train%/Test% | Accuracy: 84.95%/75.00% | Precision: 84.90%/74.88% | Recall: 85.83%/76.74% | F1: 84.85%/74.52% | Time: fit=002s, train=000s, test=000s, total=003s
Epoch  67: Train%/Test% | Accuracy: 84.83%/76.42% | Precision: 84.76%/76.18% | Recall: 85.68%/78.13% | F1: 84.72%/75.93% | Time: fit=002s, train=000s, test=000s, total=003s
Epoch  68: Train%/Test% | Accuracy: 85.19%/76.42% | Precision: 85.13%/76.18% | Recall: 86.07%/78.13% | F1: 85.08%/75.93% | Time: fit=002s, train=000s, test=000s, total=003s
Epoch  69: Train%/Test% | Accuracy: 85.43%/77.36% | Precision: 85.37%/76.90% | Recall: 86.31%/78.87% | F1: 85.32%/76.83% | Time: fit=002s, train=000s, test=000s, total=003s
Epoch  70: Train%/Test% | Accuracy: 85.07%/75.00% | Precision: 85.15%/74.43% | Recall: 86.08%/76.21% | F1: 84.98%/74.38% | Time: fit=002s, train=000s, test=000s, total=003s
Epoch  71: Train%/Test% | Accuracy: 84.95%/76.42% | Precision: 84.97%/75.95% | Recall: 85.90%/77.86% | F1: 84.86%/75.87% | Time: fit=002s, train=000s, test=000s, total=003s
Epoch  72: Train%/Test% | Accuracy: 85.43%/77.36% | Precision: 85.41%/76.70% | Recall: 86.35%/78.61% | F1: 85.33%/76.76% | Time: fit=002s, train=000s, test=000s, total=003s
Epoch  73: Train%/Test% | Accuracy: 86.02%/76.42% | Precision: 85.91%/75.95% | Recall: 86.86%/77.86% | F1: 85.91%/75.87% | Time: fit=002s, train=000s, test=000s, total=003s
Epoch  74: Train%/Test% | Accuracy: 85.78%/76.89% | Precision: 85.74%/76.13% | Recall: 86.70%/77.97% | F1: 85.68%/76.24% | Time: fit=002s, train=000s, test=000s, total=003s
Epoch  75: Train%/Test% | Accuracy: 85.07%/76.89% | Precision: 85.03%/75.95% | Recall: 85.97%/77.70% | F1: 84.97%/76.16% | Time: fit=002s, train=000s, test=000s, total=003s
Epoch  76: Train%/Test% | Accuracy: 85.55%/77.83% | Precision: 85.55%/76.90% | Recall: 86.49%/78.71% | F1: 85.45%/77.13% | Time: fit=002s, train=000s, test=000s, total=003s
Epoch  77: Train%/Test% | Accuracy: 84.83%/76.89% | Precision: 84.87%/76.32% | Recall: 85.80%/78.23% | F1: 84.74%/76.31% | Time: fit=002s, train=000s, test=000s, total=003s
Epoch  78: Train%/Test% | Accuracy: 84.83%/76.42% | Precision: 84.76%/75.75% | Recall: 85.68%/77.59% | F1: 84.72%/75.79% | Time: fit=002s, train=000s, test=000s, total=003s
Epoch  79: Train%/Test% | Accuracy: 84.60%/76.42% | Precision: 84.56%/75.75% | Recall: 85.48%/77.59% | F1: 84.49%/75.79% | Time: fit=002s, train=000s, test=000s, total=003s
Epoch  80: Train%/Test% | Accuracy: 84.60%/76.42% | Precision: 84.64%/75.95% | Recall: 85.56%/77.86% | F1: 84.50%/75.87% | Time: fit=002s, train=000s, test=000s, total=003s
Epoch  81: Train%/Test% | Accuracy: 84.83%/77.36% | Precision: 84.83%/76.90% | Recall: 85.76%/78.87% | F1: 84.74%/76.83% | Time: fit=002s, train=000s, test=000s, total=003s
Epoch  82: Train%/Test% | Accuracy: 85.31%/75.47% | Precision: 85.27%/74.62% | Recall: 86.21%/76.31% | F1: 85.21%/74.74% | Time: fit=002s, train=000s, test=000s, total=003s
Epoch  83: Train%/Test% | Accuracy: 85.19%/75.00% | Precision: 85.17%/74.43% | Recall: 86.11%/76.21% | F1: 85.09%/74.38% | Time: fit=002s, train=000s, test=000s, total=003s
Epoch  84: Train%/Test% | Accuracy: 84.72%/75.00% | Precision: 84.63%/74.23% | Recall: 85.54%/75.94% | F1: 84.60%/74.30% | Time: fit=002s, train=000s, test=000s, total=003s
Epoch  85: Train%/Test% | Accuracy: 84.24%/75.94% | Precision: 84.15%/75.18% | Recall: 85.06%/76.95% | F1: 84.12%/75.27% | Time: fit=002s, train=000s, test=000s, total=003s
Epoch  86: Train%/Test% | Accuracy: 84.83%/75.47% | Precision: 84.69%/74.80% | Recall: 85.61%/76.58% | F1: 84.71%/74.82% | Time: fit=002s, train=000s, test=000s, total=003s
Epoch  87: Train%/Test% | Accuracy: 84.72%/75.47% | Precision: 84.70%/74.80% | Recall: 85.62%/76.58% | F1: 84.61%/74.82% | Time: fit=002s, train=000s, test=000s, total=003s
Epoch  88: Train%/Test% | Accuracy: 84.95%/75.00% | Precision: 85.01%/74.43% | Recall: 85.94%/76.21% | F1: 84.86%/74.38% | Time: fit=002s, train=000s, test=000s, total=003s
Epoch  89: Train%/Test% | Accuracy: 84.95%/76.42% | Precision: 85.05%/75.56% | Recall: 85.98%/77.32% | F1: 84.87%/75.71% | Time: fit=002s, train=000s, test=000s, total=003s
Epoch  90: Train%/Test% | Accuracy: 84.36%/75.00% | Precision: 84.44%/74.65% | Recall: 85.35%/76.47% | F1: 84.27%/74.45% | Time: fit=002s, train=000s, test=000s, total=003s
Epoch  91: Train%/Test% | Accuracy: 84.12%/76.42% | Precision: 84.12%/75.95% | Recall: 85.03%/77.86% | F1: 84.02%/75.87% | Time: fit=002s, train=000s, test=000s, total=003s
Epoch  92: Train%/Test% | Accuracy: 84.83%/75.94% | Precision: 84.80%/75.59% | Recall: 85.72%/77.49% | F1: 84.73%/75.42% | Time: fit=002s, train=000s, test=000s, total=003s
Epoch  93: Train%/Test% | Accuracy: 85.19%/77.36% | Precision: 85.10%/76.51% | Recall: 86.03%/78.34% | F1: 85.08%/76.69% | Time: fit=002s, train=000s, test=000s, total=003s
Epoch  94: Train%/Test% | Accuracy: 85.55%/77.83% | Precision: 85.51%/76.90% | Recall: 86.45%/78.71% | F1: 85.44%/77.13% | Time: fit=002s, train=000s, test=000s, total=003s
Epoch  95: Train%/Test% | Accuracy: 85.78%/77.36% | Precision: 85.71%/76.35% | Recall: 86.66%/78.07% | F1: 85.68%/76.61% | Time: fit=002s, train=000s, test=000s, total=003s
Epoch  96: Train%/Test% | Accuracy: 86.14%/75.94% | Precision: 85.98%/75.18% | Recall: 86.92%/76.95% | F1: 86.02%/75.27% | Time: fit=002s, train=000s, test=000s, total=003s
Epoch  97: Train%/Test% | Accuracy: 84.95%/75.94% | Precision: 85.05%/75.38% | Recall: 85.98%/77.22% | F1: 84.87%/75.35% | Time: fit=002s, train=000s, test=000s, total=003s
Epoch  98: Train%/Test% | Accuracy: 84.60%/77.36% | Precision: 84.72%/76.70% | Recall: 85.64%/78.61% | F1: 84.51%/76.76% | Time: fit=002s, train=000s, test=000s, total=003s
Epoch  99: Train%/Test% | Accuracy: 84.60%/77.36% | Precision: 84.64%/76.70% | Recall: 85.56%/78.61% | F1: 84.50%/76.76% | Time: fit=002s, train=000s, test=000s, total=003s
Epoch 100: Train%/Test% | Accuracy: 85.55%/78.30% | Precision: 85.51%/77.46% | Recall: 86.45%/79.35% | F1: 85.44%/77.66% | Time: fit=002s, train=000s, test=000s, total=003s
Epoch 101: Train%/Test% | Accuracy: 85.43%/77.36% | Precision: 85.30%/76.51% | Recall: 86.23%/78.34% | F1: 85.31%/76.69% | Time: fit=002s, train=000s, test=000s, total=003s
Epoch 102: Train%/Test% | Accuracy: 85.78%/76.42% | Precision: 85.78%/75.56% | Recall: 86.74%/77.32% | F1: 85.69%/75.71% | Time: fit=002s, train=000s, test=000s, total=003s
Epoch 103: Train%/Test% | Accuracy: 86.37%/79.25% | Precision: 86.28%/78.11% | Recall: 87.25%/79.83% | F1: 86.27%/78.48% | Time: fit=002s, train=000s, test=000s, total=003s
Epoch 104: Train%/Test% | Accuracy: 86.61%/79.72% | Precision: 86.49%/78.53% | Recall: 87.45%/80.20% | F1: 86.50%/78.93% | Time: fit=002s, train=000s, test=000s, total=003s
Epoch 105: Train%/Test% | Accuracy: 85.78%/80.19% | Precision: 85.58%/78.85% | Recall: 86.50%/80.31% | F1: 85.65%/79.30% | Time: fit=002s, train=000s, test=000s, total=003s
Epoch 106: Train%/Test% | Accuracy: 85.78%/78.77% | Precision: 85.67%/77.70% | Recall: 86.62%/79.46% | F1: 85.67%/78.03% | Time: fit=002s, train=000s, test=000s, total=003s
Epoch 107: Train%/Test% | Accuracy: 86.02%/78.77% | Precision: 85.88%/77.70% | Recall: 86.82%/79.46% | F1: 85.90%/78.03% | Time: fit=002s, train=000s, test=000s, total=003s
Epoch 108: Train%/Test% | Accuracy: 86.02%/78.30% | Precision: 85.91%/77.30% | Recall: 86.86%/79.09% | F1: 85.91%/77.58% | Time: fit=002s, train=000s, test=000s, total=003s
Epoch 109: Train%/Test% | Accuracy: 85.43%/78.77% | Precision: 85.24%/77.70% | Recall: 86.16%/79.46% | F1: 85.30%/78.03% | Time: fit=002s, train=000s, test=000s, total=003s
Epoch 110: Train%/Test% | Accuracy: 81.16%/72.17% | Precision: 83.37%/74.53% | Recall: 83.34%/75.84% | F1: 81.16%/72.06% | Time: fit=002s, train=000s, test=000s, total=003s
Epoch 111: Train%/Test% | Accuracy: 86.02%/78.77% | Precision: 85.95%/77.70% | Recall: 86.90%/79.46% | F1: 85.92%/78.03% | Time: fit=002s, train=000s, test=000s, total=003s
Epoch 112: Train%/Test% | Accuracy: 85.66%/78.77% | Precision: 85.51%/77.70% | Recall: 86.44%/79.46% | F1: 85.54%/78.03% | Time: fit=002s, train=000s, test=000s, total=003s
Epoch 113: Train%/Test% | Accuracy: 85.90%/77.83% | Precision: 85.78%/76.75% | Recall: 86.72%/78.44% | F1: 85.79%/77.05% | Time: fit=002s, train=000s, test=000s, total=003s
Epoch 114: Train%/Test% | Accuracy: 86.37%/76.89% | Precision: 86.28%/76.13% | Recall: 87.25%/77.97% | F1: 86.27%/76.24% | Time: fit=002s, train=000s, test=000s, total=003s
Epoch 115: Train%/Test% | Accuracy: 86.49%/76.89% | Precision: 86.39%/76.13% | Recall: 87.35%/77.97% | F1: 86.39%/76.24% | Time: fit=002s, train=000s, test=000s, total=003s
Epoch 116: Train%/Test% | Accuracy: 86.61%/77.83% | Precision: 86.46%/76.90% | Recall: 87.41%/78.71% | F1: 86.50%/77.13% | Time: fit=002s, train=000s, test=000s, total=003s
Epoch 117: Train%/Test% | Accuracy: 86.26%/77.83% | Precision: 86.06%/76.90% | Recall: 86.99%/78.71% | F1: 86.13%/77.13% | Time: fit=002s, train=000s, test=000s, total=003s
Epoch 118: Train%/Test% | Accuracy: 86.37%/77.36% | Precision: 86.11%/76.35% | Recall: 87.01%/78.07% | F1: 86.23%/76.61% | Time: fit=002s, train=000s, test=000s, total=003s
Epoch 119: Train%/Test% | Accuracy: 80.33%/70.75% | Precision: 82.85%/73.28% | Recall: 82.63%/74.45% | F1: 80.33%/70.66% | Time: fit=002s, train=000s, test=000s, total=003s
Epoch 120: Train%/Test% | Accuracy: 80.09%/69.81% | Precision: 82.90%/72.71% | Recall: 82.50%/73.71% | F1: 80.09%/69.74% | Time: fit=002s, train=000s, test=000s, total=003s
Epoch 121: Train%/Test% | Accuracy: 80.33%/69.81% | Precision: 83.05%/72.31% | Recall: 82.71%/73.44% | F1: 80.33%/69.71% | Time: fit=002s, train=000s, test=000s, total=003s
Epoch 122: Train%/Test% | Accuracy: 79.74%/70.28% | Precision: 82.28%/72.99% | Recall: 82.04%/74.08% | F1: 79.74%/70.20% | Time: fit=002s, train=000s, test=000s, total=003s
Epoch 123: Train%/Test% | Accuracy: 79.62%/71.23% | Precision: 82.21%/73.57% | Recall: 81.94%/74.83% | F1: 79.62%/71.12% | Time: fit=002s, train=000s, test=000s, total=003s
Epoch 124: Train%/Test% | Accuracy: 85.90%/79.25% | Precision: 85.61%/78.25% | Recall: 86.49%/80.10% | F1: 85.75%/78.56% | Time: fit=002s, train=000s, test=000s, total=003s
Epoch 125: Train%/Test% | Accuracy: 86.49%/78.30% | Precision: 86.22%/77.15% | Recall: 87.11%/78.82% | F1: 86.35%/77.50% | Time: fit=002s, train=000s, test=000s, total=003s
Epoch 126: Train%/Test% | Accuracy: 86.26%/78.77% | Precision: 86.09%/77.70% | Recall: 87.03%/79.46% | F1: 86.14%/78.03% | Time: fit=002s, train=000s, test=000s, total=003s
Epoch 127: Train%/Test% | Accuracy: 86.02%/78.30% | Precision: 85.91%/77.46% | Recall: 86.86%/79.35% | F1: 85.91%/77.66% | Time: fit=002s, train=000s, test=000s, total=003s
Epoch 128: Train%/Test% | Accuracy: 85.90%/78.77% | Precision: 85.81%/78.02% | Recall: 86.76%/79.99% | F1: 85.79%/78.18% | Time: fit=002s, train=000s, test=000s, total=003s
Epoch 129: Train%/Test% | Accuracy: 86.02%/77.83% | Precision: 85.91%/77.08% | Recall: 86.86%/78.98% | F1: 85.91%/77.21% | Time: fit=002s, train=000s, test=000s, total=003s
Epoch 130: Train%/Test% | Accuracy: 85.90%/77.36% | Precision: 85.74%/76.51% | Recall: 86.68%/78.34% | F1: 85.78%/76.69% | Time: fit=002s, train=000s, test=000s, total=003s
Epoch 131: Train%/Test% | Accuracy: 86.73%/79.25% | Precision: 86.41%/78.11% | Recall: 87.28%/79.83% | F1: 86.58%/78.48% | Time: fit=002s, train=000s, test=000s, total=003s
Epoch 132: Train%/Test% | Accuracy: 86.37%/78.77% | Precision: 86.19%/77.85% | Recall: 87.13%/79.73% | F1: 86.25%/78.11% | Time: fit=002s, train=000s, test=000s, total=003s
Epoch 133: Train%/Test% | Accuracy: 86.14%/77.83% | Precision: 85.92%/76.90% | Recall: 86.85%/78.71% | F1: 86.01%/77.13% | Time: fit=002s, train=000s, test=000s, total=003s
Epoch 134: Train%/Test% | Accuracy: 86.14%/77.83% | Precision: 85.92%/76.90% | Recall: 86.85%/78.71% | F1: 86.01%/77.13% | Time: fit=002s, train=000s, test=000s, total=003s
Epoch 135: Train%/Test% | Accuracy: 86.02%/78.77% | Precision: 85.76%/78.02% | Recall: 86.67%/79.99% | F1: 85.88%/78.18% | Time: fit=002s, train=000s, test=000s, total=003s
Epoch 136: Train%/Test% | Accuracy: 86.14%/76.89% | Precision: 85.98%/75.95% | Recall: 86.92%/77.70% | F1: 86.02%/76.16% | Time: fit=002s, train=000s, test=000s, total=003s
Epoch 137: Train%/Test% | Accuracy: 86.02%/77.36% | Precision: 85.88%/76.35% | Recall: 86.82%/78.07% | F1: 85.90%/76.61% | Time: fit=002s, train=000s, test=000s, total=003s
Epoch 138: Train%/Test% | Accuracy: 86.49%/79.25% | Precision: 86.39%/78.59% | Recall: 87.35%/80.64% | F1: 86.39%/78.70% | Time: fit=002s, train=000s, test=000s, total=003s
Epoch 139: Train%/Test% | Accuracy: 85.55%/78.77% | Precision: 85.47%/78.02% | Recall: 86.41%/79.99% | F1: 85.44%/78.18% | Time: fit=002s, train=000s, test=000s, total=003s
Epoch 140: Train%/Test% | Accuracy: 85.78%/78.77% | Precision: 85.67%/78.21% | Recall: 86.62%/80.26% | F1: 85.67%/78.25% | Time: fit=002s, train=000s, test=000s, total=003s
Epoch 141: Train%/Test% | Accuracy: 85.90%/79.25% | Precision: 85.81%/78.41% | Recall: 86.76%/80.37% | F1: 85.79%/78.63% | Time: fit=002s, train=000s, test=000s, total=003s
Epoch 142: Train%/Test% | Accuracy: 86.02%/78.30% | Precision: 85.98%/77.46% | Recall: 86.94%/79.35% | F1: 85.92%/77.66% | Time: fit=002s, train=000s, test=000s, total=003s
Epoch 143: Train%/Test% | Accuracy: 86.14%/78.77% | Precision: 86.05%/78.02% | Recall: 87.00%/79.99% | F1: 86.03%/78.18% | Time: fit=002s, train=000s, test=000s, total=003s
Epoch 144: Train%/Test% | Accuracy: 85.78%/78.30% | Precision: 85.67%/77.64% | Recall: 86.62%/79.62% | F1: 85.67%/77.73% | Time: fit=002s, train=000s, test=000s, total=003s
Epoch 145: Train%/Test% | Accuracy: 86.14%/77.83% | Precision: 86.01%/76.90% | Recall: 86.96%/78.71% | F1: 86.03%/77.13% | Time: fit=002s, train=000s, test=000s, total=003s
Epoch 146: Train%/Test% | Accuracy: 85.43%/77.83% | Precision: 85.30%/77.08% | Recall: 86.23%/78.98% | F1: 85.31%/77.21% | Time: fit=002s, train=000s, test=000s, total=003s
Epoch 147: Train%/Test% | Accuracy: 85.90%/76.89% | Precision: 85.85%/76.13% | Recall: 86.80%/77.97% | F1: 85.80%/76.24% | Time: fit=002s, train=000s, test=000s, total=003s
Epoch 148: Train%/Test% | Accuracy: 85.78%/76.89% | Precision: 85.74%/76.32% | Recall: 86.70%/78.23% | F1: 85.68%/76.31% | Time: fit=002s, train=000s, test=000s, total=003s
Epoch 149: Train%/Test% | Accuracy: 86.02%/77.36% | Precision: 85.98%/76.70% | Recall: 86.94%/78.61% | F1: 85.92%/76.76% | Time: fit=002s, train=000s, test=000s, total=003s
Epoch 150: Train%/Test% | Accuracy: 85.78%/77.36% | Precision: 85.71%/76.70% | Recall: 86.66%/78.61% | F1: 85.68%/76.76% | Time: fit=002s, train=000s, test=000s, total=003s
