[nltk_data] Downloading package wordnet to /home/bjorvl16/nltk_data...
[nltk_data]   Package wordnet is already up-to-date!
[nltk_data] Downloading package stopwords to
[nltk_data]     /home/bjorvl16/nltk_data...
[nltk_data]   Package stopwords is already up-to-date!
[*] Load dataset...
[*] Fix malformed data...
[*] Split...
[*] Encoding...
[*] Encoding feature: text... 6597
==============================
Using GPU for training
Dataset: FakeNewsNet-gossipcop
TMU params: num-clauses=5000, T=200, s=10.0
Epochs: 150
Feature(s): text
max-vocab=15000, max-domain=500, max-tweet=500
====================
Train size: 17712
Train classes: 2
Test size: 4428
Test classes: 2
Total features: 6597
==============================
[*] Training for 150 epochs...
Epoch   1: Train%/Test% | Accuracy: 55.78%/55.44% | Precision: 60.65%/60.80% | Recall: 64.14%/64.22% | F1: 54.43%/54.22% | Time: fit=152s, train=029s, test=007s, total=188s
Epoch   2: Train%/Test% | Accuracy: 60.13%/59.96% | Precision: 62.53%/62.20% | Recall: 67.02%/66.56% | F1: 58.19%/57.97% | Time: fit=149s, train=029s, test=007s, total=185s
Epoch   3: Train%/Test% | Accuracy: 63.80%/63.01% | Precision: 63.64%/63.04% | Recall: 68.68%/67.83% | F1: 61.11%/60.36% | Time: fit=149s, train=028s, test=007s, total=184s
Epoch   4: Train%/Test% | Accuracy: 65.33%/64.63% | Precision: 64.29%/63.95% | Recall: 69.54%/69.06% | F1: 62.38%/61.80% | Time: fit=149s, train=028s, test=007s, total=184s
Epoch   5: Train%/Test% | Accuracy: 66.41%/65.88% | Precision: 64.81%/64.21% | Recall: 70.20%/69.33% | F1: 63.28%/62.68% | Time: fit=149s, train=027s, test=007s, total=183s
Epoch   6: Train%/Test% | Accuracy: 67.38%/66.19% | Precision: 65.37%/64.35% | Recall: 70.91%/69.51% | F1: 64.14%/62.94% | Time: fit=148s, train=027s, test=007s, total=182s
Epoch   7: Train%/Test% | Accuracy: 67.60%/66.15% | Precision: 65.54%/64.31% | Recall: 71.13%/69.45% | F1: 64.36%/62.89% | Time: fit=148s, train=027s, test=007s, total=181s
Epoch   8: Train%/Test% | Accuracy: 68.65%/66.82% | Precision: 66.02%/64.48% | Recall: 71.67%/69.61% | F1: 65.22%/63.37% | Time: fit=148s, train=027s, test=007s, total=181s
Epoch   9: Train%/Test% | Accuracy: 68.03%/66.10% | Precision: 65.81%/64.41% | Recall: 71.48%/69.61% | F1: 64.75%/62.92% | Time: fit=147s, train=027s, test=007s, total=180s
Epoch  10: Train%/Test% | Accuracy: 68.72%/66.51% | Precision: 66.34%/64.82% | Recall: 72.16%/70.17% | F1: 65.43%/63.37% | Time: fit=148s, train=027s, test=007s, total=181s
Epoch  11: Train%/Test% | Accuracy: 69.26%/67.93% | Precision: 66.40%/65.40% | Recall: 72.14%/70.82% | F1: 65.77%/64.49% | Time: fit=147s, train=026s, test=007s, total=180s
Epoch  12: Train%/Test% | Accuracy: 70.18%/69.42% | Precision: 66.82%/66.16% | Recall: 72.57%/71.67% | F1: 66.51%/65.74% | Time: fit=147s, train=026s, test=006s, total=180s
Epoch  13: Train%/Test% | Accuracy: 70.22%/68.74% | Precision: 66.79%/65.65% | Recall: 72.51%/71.03% | F1: 66.52%/65.08% | Time: fit=147s, train=026s, test=006s, total=180s
Epoch  14: Train%/Test% | Accuracy: 69.91%/68.41% | Precision: 66.77%/65.38% | Recall: 72.57%/70.68% | F1: 66.34%/64.74% | Time: fit=146s, train=026s, test=006s, total=179s
Epoch  15: Train%/Test% | Accuracy: 69.73%/67.73% | Precision: 66.84%/65.28% | Recall: 72.73%/70.68% | F1: 66.27%/64.32% | Time: fit=146s, train=026s, test=007s, total=179s
Epoch  16: Train%/Test% | Accuracy: 70.13%/68.34% | Precision: 66.92%/65.38% | Recall: 72.74%/70.70% | F1: 66.54%/64.71% | Time: fit=146s, train=026s, test=006s, total=179s
Epoch  17: Train%/Test% | Accuracy: 70.30%/68.52% | Precision: 67.00%/65.68% | Recall: 72.83%/71.14% | F1: 66.68%/64.98% | Time: fit=146s, train=026s, test=006s, total=179s
Epoch  18: Train%/Test% | Accuracy: 70.08%/69.17% | Precision: 66.82%/66.02% | Recall: 72.60%/71.51% | F1: 66.46%/65.52% | Time: fit=146s, train=026s, test=007s, total=179s
Epoch  19: Train%/Test% | Accuracy: 70.36%/69.47% | Precision: 67.15%/66.17% | Recall: 73.05%/71.67% | F1: 66.79%/65.77% | Time: fit=146s, train=026s, test=006s, total=179s
Epoch  20: Train%/Test% | Accuracy: 70.94%/69.47% | Precision: 67.28%/65.85% | Recall: 73.08%/71.16% | F1: 67.18%/65.58% | Time: fit=146s, train=026s, test=006s, total=179s
Epoch  21: Train%/Test% | Accuracy: 70.73%/69.35% | Precision: 67.23%/66.04% | Recall: 73.06%/71.50% | F1: 67.04%/65.63% | Time: fit=145s, train=026s, test=006s, total=177s
Epoch  22: Train%/Test% | Accuracy: 70.49%/69.42% | Precision: 67.29%/66.40% | Recall: 73.24%/72.05% | F1: 66.95%/65.87% | Time: fit=146s, train=026s, test=006s, total=178s
Epoch  23: Train%/Test% | Accuracy: 70.35%/69.33% | Precision: 67.24%/66.29% | Recall: 73.20%/71.90% | F1: 66.84%/65.76% | Time: fit=145s, train=026s, test=006s, total=178s
Epoch  24: Train%/Test% | Accuracy: 70.25%/69.53% | Precision: 67.14%/66.42% | Recall: 73.08%/72.06% | F1: 66.73%/65.95% | Time: fit=146s, train=026s, test=006s, total=178s
Epoch  25: Train%/Test% | Accuracy: 70.38%/69.81% | Precision: 67.27%/66.70% | Recall: 73.24%/72.43% | F1: 66.87%/66.25% | Time: fit=146s, train=026s, test=006s, total=178s
Epoch  26: Train%/Test% | Accuracy: 70.56%/69.60% | Precision: 67.19%/66.30% | Recall: 73.06%/71.85% | F1: 66.93%/65.92% | Time: fit=145s, train=026s, test=006s, total=177s
Epoch  27: Train%/Test% | Accuracy: 70.36%/68.70% | Precision: 67.15%/65.89% | Recall: 73.05%/71.42% | F1: 66.80%/65.19% | Time: fit=146s, train=026s, test=006s, total=178s
Epoch  28: Train%/Test% | Accuracy: 70.34%/69.26% | Precision: 67.03%/65.95% | Recall: 72.86%/71.37% | F1: 66.72%/65.53% | Time: fit=146s, train=026s, test=006s, total=178s
Epoch  29: Train%/Test% | Accuracy: 70.61%/69.63% | Precision: 67.43%/66.56% | Recall: 73.44%/72.25% | F1: 67.09%/66.07% | Time: fit=145s, train=026s, test=006s, total=178s
Epoch  30: Train%/Test% | Accuracy: 70.46%/69.31% | Precision: 67.33%/66.23% | Recall: 73.32%/71.82% | F1: 66.95%/65.72% | Time: fit=146s, train=026s, test=006s, total=178s
Epoch  31: Train%/Test% | Accuracy: 71.51%/69.94% | Precision: 67.81%/66.45% | Recall: 73.78%/71.98% | F1: 67.79%/66.18% | Time: fit=146s, train=026s, test=006s, total=178s
Epoch  32: Train%/Test% | Accuracy: 71.80%/69.87% | Precision: 68.00%/66.39% | Recall: 73.98%/71.90% | F1: 68.06%/66.11% | Time: fit=146s, train=026s, test=006s, total=178s
Epoch  33: Train%/Test% | Accuracy: 71.83%/70.19% | Precision: 67.99%/66.65% | Recall: 73.96%/72.24% | F1: 68.07%/66.43% | Time: fit=146s, train=026s, test=006s, total=179s
Epoch  34: Train%/Test% | Accuracy: 71.88%/70.26% | Precision: 68.07%/66.83% | Recall: 74.06%/72.51% | F1: 68.14%/66.57% | Time: fit=146s, train=026s, test=006s, total=178s
Epoch  35: Train%/Test% | Accuracy: 72.36%/70.73% | Precision: 68.32%/66.92% | Recall: 74.30%/72.50% | F1: 68.53%/66.87% | Time: fit=146s, train=026s, test=006s, total=178s
Epoch  36: Train%/Test% | Accuracy: 72.24%/70.30% | Precision: 68.31%/66.76% | Recall: 74.34%/72.38% | F1: 68.47%/66.55% | Time: fit=146s, train=026s, test=006s, total=178s
Epoch  37: Train%/Test% | Accuracy: 71.80%/70.19% | Precision: 68.02%/66.73% | Recall: 74.01%/72.37% | F1: 68.07%/66.47% | Time: fit=146s, train=026s, test=007s, total=179s
Epoch  38: Train%/Test% | Accuracy: 71.06%/70.10% | Precision: 67.64%/66.79% | Recall: 73.64%/72.50% | F1: 67.46%/66.46% | Time: fit=146s, train=026s, test=006s, total=178s
Epoch  39: Train%/Test% | Accuracy: 71.12%/69.74% | Precision: 67.76%/66.56% | Recall: 73.82%/72.23% | F1: 67.56%/66.14% | Time: fit=146s, train=026s, test=006s, total=178s
Epoch  40: Train%/Test% | Accuracy: 71.89%/70.80% | Precision: 68.08%/67.04% | Recall: 74.07%/72.67% | F1: 68.15%/66.97% | Time: fit=146s, train=026s, test=006s, total=178s
Epoch  41: Train%/Test% | Accuracy: 71.80%/70.80% | Precision: 68.04%/67.21% | Recall: 74.05%/72.96% | F1: 68.08%/67.08% | Time: fit=146s, train=026s, test=007s, total=179s
Epoch  42: Train%/Test% | Accuracy: 71.27%/70.78% | Precision: 67.80%/67.31% | Recall: 73.85%/73.14% | F1: 67.66%/67.12% | Time: fit=145s, train=026s, test=007s, total=178s
Epoch  43: Train%/Test% | Accuracy: 71.36%/70.53% | Precision: 67.84%/67.10% | Recall: 73.88%/72.88% | F1: 67.74%/66.87% | Time: fit=146s, train=026s, test=007s, total=178s
Epoch  44: Train%/Test% | Accuracy: 72.05%/71.27% | Precision: 68.21%/67.42% | Recall: 74.25%/73.15% | F1: 68.31%/67.45% | Time: fit=145s, train=026s, test=006s, total=177s
Epoch  45: Train%/Test% | Accuracy: 72.04%/71.34% | Precision: 68.19%/67.45% | Recall: 74.21%/73.16% | F1: 68.29%/67.50% | Time: fit=146s, train=026s, test=006s, total=178s
Epoch  46: Train%/Test% | Accuracy: 72.52%/71.27% | Precision: 68.47%/67.48% | Recall: 74.50%/73.24% | F1: 68.71%/67.48% | Time: fit=145s, train=026s, test=006s, total=178s
Epoch  47: Train%/Test% | Accuracy: 72.43%/71.30% | Precision: 68.35%/67.40% | Recall: 74.31%/73.10% | F1: 68.59%/67.45% | Time: fit=146s, train=026s, test=006s, total=178s
Epoch  48: Train%/Test% | Accuracy: 72.04%/71.32% | Precision: 68.24%/67.58% | Recall: 74.29%/73.40% | F1: 68.32%/67.57% | Time: fit=145s, train=026s, test=006s, total=177s
Epoch  49: Train%/Test% | Accuracy: 72.05%/71.36% | Precision: 68.31%/67.61% | Recall: 74.41%/73.43% | F1: 68.37%/67.61% | Time: fit=145s, train=026s, test=006s, total=178s
Epoch  50: Train%/Test% | Accuracy: 71.76%/70.64% | Precision: 68.12%/67.17% | Recall: 74.20%/72.95% | F1: 68.11%/66.97% | Time: fit=145s, train=026s, test=006s, total=177s
Epoch  51: Train%/Test% | Accuracy: 71.97%/70.71% | Precision: 68.25%/67.33% | Recall: 74.34%/73.19% | F1: 68.30%/67.10% | Time: fit=145s, train=026s, test=006s, total=178s
Epoch  52: Train%/Test% | Accuracy: 72.02%/70.66% | Precision: 68.25%/67.18% | Recall: 74.32%/72.97% | F1: 68.32%/66.99% | Time: fit=144s, train=026s, test=006s, total=177s
Epoch  53: Train%/Test% | Accuracy: 72.05%/70.96% | Precision: 68.23%/67.29% | Recall: 74.27%/73.03% | F1: 68.33%/67.20% | Time: fit=145s, train=026s, test=006s, total=177s
Epoch  54: Train%/Test% | Accuracy: 71.92%/70.39% | Precision: 68.29%/67.04% | Recall: 74.43%/72.82% | F1: 68.29%/66.76% | Time: fit=145s, train=026s, test=006s, total=177s
Epoch  55: Train%/Test% | Accuracy: 72.05%/70.98% | Precision: 68.21%/67.41% | Recall: 74.24%/73.24% | F1: 68.31%/67.29% | Time: fit=145s, train=026s, test=006s, total=177s
Epoch  56: Train%/Test% | Accuracy: 71.57%/70.42% | Precision: 68.05%/67.23% | Recall: 74.15%/73.12% | F1: 67.96%/66.88% | Time: fit=145s, train=026s, test=006s, total=177s
Epoch  57: Train%/Test% | Accuracy: 71.33%/70.33% | Precision: 67.83%/67.14% | Recall: 73.86%/73.00% | F1: 67.71%/66.78% | Time: fit=144s, train=026s, test=006s, total=176s
Epoch  58: Train%/Test% | Accuracy: 71.81%/70.71% | Precision: 68.05%/67.21% | Recall: 74.06%/73.00% | F1: 68.09%/67.03% | Time: fit=144s, train=026s, test=006s, total=176s
Epoch  59: Train%/Test% | Accuracy: 71.86%/70.53% | Precision: 68.10%/67.12% | Recall: 74.13%/72.91% | F1: 68.14%/66.88% | Time: fit=145s, train=026s, test=006s, total=177s
Epoch  60: Train%/Test% | Accuracy: 72.13%/70.46% | Precision: 68.33%/66.83% | Recall: 74.41%/72.45% | F1: 68.43%/66.68% | Time: fit=144s, train=026s, test=006s, total=176s
Epoch  61: Train%/Test% | Accuracy: 72.46%/70.42% | Precision: 68.44%/66.75% | Recall: 74.46%/72.32% | F1: 68.66%/66.60% | Time: fit=145s, train=026s, test=006s, total=177s
Epoch  62: Train%/Test% | Accuracy: 71.91%/70.39% | Precision: 68.14%/66.98% | Recall: 74.18%/72.72% | F1: 68.20%/66.73% | Time: fit=146s, train=026s, test=006s, total=178s
Epoch  63: Train%/Test% | Accuracy: 72.05%/70.57% | Precision: 68.17%/67.07% | Recall: 74.17%/72.81% | F1: 68.29%/66.88% | Time: fit=144s, train=026s, test=006s, total=176s
Epoch  64: Train%/Test% | Accuracy: 72.13%/70.84% | Precision: 68.19%/67.24% | Recall: 74.17%/72.99% | F1: 68.34%/67.12% | Time: fit=145s, train=026s, test=006s, total=177s
Epoch  65: Train%/Test% | Accuracy: 71.68%/70.44% | Precision: 68.09%/67.21% | Recall: 74.18%/73.07% | F1: 68.05%/66.88% | Time: fit=145s, train=026s, test=006s, total=177s
Epoch  66: Train%/Test% | Accuracy: 71.31%/69.94% | Precision: 67.93%/66.98% | Recall: 74.05%/72.84% | F1: 67.76%/66.48% | Time: fit=145s, train=026s, test=006s, total=177s
Epoch  67: Train%/Test% | Accuracy: 71.44%/69.92% | Precision: 67.94%/66.80% | Recall: 74.01%/72.57% | F1: 67.83%/66.37% | Time: fit=144s, train=026s, test=006s, total=177s
Epoch  68: Train%/Test% | Accuracy: 71.67%/69.96% | Precision: 68.04%/66.79% | Recall: 74.09%/72.54% | F1: 68.01%/66.39% | Time: fit=145s, train=026s, test=006s, total=178s
Epoch  69: Train%/Test% | Accuracy: 71.69%/69.72% | Precision: 67.99%/66.47% | Recall: 74.01%/72.09% | F1: 67.99%/66.07% | Time: fit=144s, train=026s, test=006s, total=176s
Epoch  70: Train%/Test% | Accuracy: 71.53%/69.74% | Precision: 67.95%/66.48% | Recall: 73.99%/72.10% | F1: 67.88%/66.09% | Time: fit=144s, train=026s, test=006s, total=176s
Epoch  71: Train%/Test% | Accuracy: 71.63%/69.65% | Precision: 68.00%/66.47% | Recall: 74.04%/72.11% | F1: 67.97%/66.04% | Time: fit=145s, train=026s, test=006s, total=177s
Epoch  72: Train%/Test% | Accuracy: 71.58%/69.81% | Precision: 67.91%/66.50% | Recall: 73.92%/72.11% | F1: 67.89%/66.14% | Time: fit=145s, train=026s, test=006s, total=177s
Epoch  73: Train%/Test% | Accuracy: 71.80%/69.81% | Precision: 68.13%/66.50% | Recall: 74.19%/72.11% | F1: 68.13%/66.14% | Time: fit=145s, train=026s, test=006s, total=177s
Epoch  74: Train%/Test% | Accuracy: 71.84%/70.30% | Precision: 68.07%/66.93% | Recall: 74.08%/72.67% | F1: 68.12%/66.65% | Time: fit=144s, train=026s, test=006s, total=176s
Epoch  75: Train%/Test% | Accuracy: 71.78%/70.19% | Precision: 68.17%/66.86% | Recall: 74.28%/72.59% | F1: 68.15%/66.55% | Time: fit=144s, train=026s, test=006s, total=176s
Epoch  76: Train%/Test% | Accuracy: 71.79%/70.03% | Precision: 68.32%/66.97% | Recall: 74.52%/72.81% | F1: 68.24%/66.53% | Time: fit=144s, train=026s, test=006s, total=176s
Epoch  77: Train%/Test% | Accuracy: 71.64%/69.69% | Precision: 68.15%/66.69% | Recall: 74.29%/72.46% | F1: 68.06%/66.19% | Time: fit=144s, train=026s, test=006s, total=176s
Epoch  78: Train%/Test% | Accuracy: 71.86%/69.94% | Precision: 68.16%/66.60% | Recall: 74.23%/72.24% | F1: 68.18%/66.27% | Time: fit=145s, train=026s, test=006s, total=177s
Epoch  79: Train%/Test% | Accuracy: 72.31%/70.55% | Precision: 68.30%/66.89% | Recall: 74.28%/72.51% | F1: 68.49%/66.76% | Time: fit=145s, train=025s, test=006s, total=177s
Epoch  80: Train%/Test% | Accuracy: 71.95%/70.14% | Precision: 68.20%/66.64% | Recall: 74.26%/72.24% | F1: 68.25%/66.40% | Time: fit=145s, train=025s, test=006s, total=176s
Epoch  81: Train%/Test% | Accuracy: 71.78%/69.96% | Precision: 68.25%/66.71% | Recall: 74.41%/72.41% | F1: 68.19%/66.35% | Time: fit=144s, train=026s, test=006s, total=176s
Epoch  82: Train%/Test% | Accuracy: 71.66%/70.39% | Precision: 68.14%/67.12% | Recall: 74.27%/72.95% | F1: 68.07%/66.81% | Time: fit=144s, train=026s, test=006s, total=176s
Epoch  83: Train%/Test% | Accuracy: 71.83%/70.62% | Precision: 68.24%/67.27% | Recall: 74.37%/73.13% | F1: 68.21%/67.02% | Time: fit=144s, train=025s, test=006s, total=176s
Epoch  84: Train%/Test% | Accuracy: 71.69%/70.44% | Precision: 68.07%/67.15% | Recall: 74.15%/72.98% | F1: 68.04%/66.85% | Time: fit=144s, train=026s, test=006s, total=176s
Epoch  85: Train%/Test% | Accuracy: 71.54%/69.96% | Precision: 67.98%/66.91% | Recall: 74.05%/72.73% | F1: 67.91%/66.46% | Time: fit=144s, train=025s, test=006s, total=176s
Epoch  86: Train%/Test% | Accuracy: 71.32%/70.42% | Precision: 67.88%/67.25% | Recall: 73.95%/73.16% | F1: 67.73%/66.89% | Time: fit=145s, train=026s, test=006s, total=176s
Epoch  87: Train%/Test% | Accuracy: 71.34%/70.39% | Precision: 67.89%/67.28% | Recall: 73.97%/73.20% | F1: 67.75%/66.90% | Time: fit=145s, train=025s, test=006s, total=176s
Epoch  88: Train%/Test% | Accuracy: 71.22%/70.33% | Precision: 67.82%/67.20% | Recall: 73.89%/73.10% | F1: 67.65%/66.82% | Time: fit=145s, train=025s, test=006s, total=176s
Epoch  89: Train%/Test% | Accuracy: 71.11%/70.03% | Precision: 67.87%/67.01% | Recall: 74.01%/72.87% | F1: 67.61%/66.55% | Time: fit=143s, train=025s, test=006s, total=175s
Epoch  90: Train%/Test% | Accuracy: 70.86%/69.92% | Precision: 67.76%/66.92% | Recall: 73.91%/72.76% | F1: 67.41%/66.44% | Time: fit=144s, train=025s, test=006s, total=176s
Epoch  91: Train%/Test% | Accuracy: 70.57%/69.81% | Precision: 67.58%/67.06% | Recall: 73.70%/73.01% | F1: 67.16%/66.45% | Time: fit=144s, train=026s, test=006s, total=176s
Epoch  92: Train%/Test% | Accuracy: 70.57%/70.05% | Precision: 67.46%/67.12% | Recall: 73.50%/73.05% | F1: 67.09%/66.62% | Time: fit=145s, train=026s, test=006s, total=177s
Epoch  93: Train%/Test% | Accuracy: 70.78%/70.21% | Precision: 67.68%/67.21% | Recall: 73.80%/73.15% | F1: 67.32%/66.76% | Time: fit=144s, train=026s, test=006s, total=177s
Epoch  94: Train%/Test% | Accuracy: 70.83%/69.72% | Precision: 67.73%/66.89% | Recall: 73.86%/72.76% | F1: 67.38%/66.30% | Time: fit=145s, train=026s, test=006s, total=177s
Epoch  95: Train%/Test% | Accuracy: 71.09%/69.94% | Precision: 67.81%/67.02% | Recall: 73.91%/72.91% | F1: 67.57%/66.50% | Time: fit=144s, train=026s, test=006s, total=176s
Epoch  96: Train%/Test% | Accuracy: 71.22%/69.94% | Precision: 67.86%/66.90% | Recall: 73.96%/72.72% | F1: 67.67%/66.44% | Time: fit=144s, train=026s, test=006s, total=175s
Epoch  97: Train%/Test% | Accuracy: 71.26%/69.94% | Precision: 67.81%/66.90% | Recall: 73.86%/72.72% | F1: 67.66%/66.44% | Time: fit=144s, train=026s, test=006s, total=176s
Epoch  98: Train%/Test% | Accuracy: 71.53%/70.53% | Precision: 67.88%/67.22% | Recall: 73.88%/73.07% | F1: 67.85%/66.94% | Time: fit=144s, train=025s, test=006s, total=176s
Epoch  99: Train%/Test% | Accuracy: 71.66%/70.21% | Precision: 68.04%/67.03% | Recall: 74.11%/72.86% | F1: 68.01%/66.66% | Time: fit=144s, train=025s, test=006s, total=175s
Epoch 100: Train%/Test% | Accuracy: 71.86%/70.19% | Precision: 68.18%/66.96% | Recall: 74.26%/72.75% | F1: 68.19%/66.61% | Time: fit=144s, train=025s, test=006s, total=175s
Epoch 101: Train%/Test% | Accuracy: 72.00%/70.01% | Precision: 68.29%/67.05% | Recall: 74.39%/72.95% | F1: 68.33%/66.56% | Time: fit=144s, train=025s, test=006s, total=175s
Epoch 102: Train%/Test% | Accuracy: 72.30%/70.21% | Precision: 68.42%/67.05% | Recall: 74.49%/72.89% | F1: 68.57%/66.67% | Time: fit=144s, train=025s, test=006s, total=175s
Epoch 103: Train%/Test% | Accuracy: 71.39%/69.49% | Precision: 67.99%/66.74% | Recall: 74.12%/72.58% | F1: 67.83%/66.10% | Time: fit=143s, train=025s, test=006s, total=175s
Epoch 104: Train%/Test% | Accuracy: 71.65%/70.08% | Precision: 68.11%/66.94% | Recall: 74.22%/72.74% | F1: 68.04%/66.53% | Time: fit=144s, train=025s, test=006s, total=176s
Epoch 105: Train%/Test% | Accuracy: 71.64%/70.21% | Precision: 68.16%/67.15% | Recall: 74.31%/73.05% | F1: 68.06%/66.73% | Time: fit=144s, train=025s, test=006s, total=175s
Epoch 106: Train%/Test% | Accuracy: 71.35%/69.78% | Precision: 67.96%/66.79% | Recall: 74.09%/72.58% | F1: 67.80%/66.29% | Time: fit=143s, train=025s, test=006s, total=175s
Epoch 107: Train%/Test% | Accuracy: 71.34%/69.74% | Precision: 68.02%/66.76% | Recall: 74.17%/72.55% | F1: 67.82%/66.25% | Time: fit=144s, train=025s, test=006s, total=175s
Epoch 108: Train%/Test% | Accuracy: 71.44%/69.74% | Precision: 67.95%/66.64% | Recall: 74.04%/72.36% | F1: 67.84%/66.18% | Time: fit=144s, train=025s, test=006s, total=176s
Epoch 109: Train%/Test% | Accuracy: 71.63%/70.05% | Precision: 68.19%/66.88% | Recall: 74.36%/72.66% | F1: 68.08%/66.49% | Time: fit=144s, train=026s, test=006s, total=176s
Epoch 110: Train%/Test% | Accuracy: 71.65%/70.03% | Precision: 68.19%/66.95% | Recall: 74.36%/72.77% | F1: 68.09%/66.51% | Time: fit=144s, train=026s, test=006s, total=176s
Epoch 111: Train%/Test% | Accuracy: 71.68%/69.78% | Precision: 68.17%/66.69% | Recall: 74.31%/72.42% | F1: 68.09%/66.23% | Time: fit=144s, train=025s, test=006s, total=176s
Epoch 112: Train%/Test% | Accuracy: 71.70%/69.85% | Precision: 68.11%/66.71% | Recall: 74.21%/72.43% | F1: 68.07%/66.28% | Time: fit=143s, train=025s, test=006s, total=174s
Epoch 113: Train%/Test% | Accuracy: 71.42%/69.38% | Precision: 67.97%/66.31% | Recall: 74.07%/71.93% | F1: 67.84%/65.80% | Time: fit=144s, train=025s, test=006s, total=175s
Epoch 114: Train%/Test% | Accuracy: 71.35%/70.03% | Precision: 67.99%/67.05% | Recall: 74.12%/72.93% | F1: 67.81%/66.57% | Time: fit=144s, train=026s, test=006s, total=176s
Epoch 115: Train%/Test% | Accuracy: 71.34%/70.03% | Precision: 67.87%/66.85% | Recall: 73.94%/72.61% | F1: 67.74%/66.46% | Time: fit=143s, train=025s, test=006s, total=175s
Epoch 116: Train%/Test% | Accuracy: 71.47%/69.74% | Precision: 68.00%/66.74% | Recall: 74.10%/72.52% | F1: 67.88%/66.24% | Time: fit=144s, train=025s, test=006s, total=176s
Epoch 117: Train%/Test% | Accuracy: 71.54%/69.96% | Precision: 68.03%/66.85% | Recall: 74.14%/72.63% | F1: 67.94%/66.42% | Time: fit=143s, train=025s, test=006s, total=175s
Epoch 118: Train%/Test% | Accuracy: 72.02%/70.30% | Precision: 68.16%/66.91% | Recall: 74.16%/72.63% | F1: 68.26%/66.64% | Time: fit=144s, train=025s, test=006s, total=175s
Epoch 119: Train%/Test% | Accuracy: 71.99%/70.14% | Precision: 68.23%/66.82% | Recall: 74.29%/72.53% | F1: 68.29%/66.50% | Time: fit=143s, train=025s, test=006s, total=174s
Epoch 120: Train%/Test% | Accuracy: 71.68%/69.60% | Precision: 67.95%/66.36% | Recall: 73.93%/71.95% | F1: 67.96%/65.95% | Time: fit=143s, train=025s, test=006s, total=175s
Epoch 121: Train%/Test% | Accuracy: 72.16%/70.42% | Precision: 68.16%/66.71% | Recall: 74.09%/72.26% | F1: 68.33%/66.58% | Time: fit=144s, train=025s, test=006s, total=175s
Epoch 122: Train%/Test% | Accuracy: 72.24%/70.60% | Precision: 68.21%/66.84% | Recall: 74.15%/72.41% | F1: 68.41%/66.75% | Time: fit=143s, train=025s, test=006s, total=175s
Epoch 123: Train%/Test% | Accuracy: 72.34%/70.19% | Precision: 68.31%/66.63% | Recall: 74.28%/72.21% | F1: 68.52%/66.42% | Time: fit=143s, train=025s, test=006s, total=174s
Epoch 124: Train%/Test% | Accuracy: 72.24%/70.28% | Precision: 68.35%/66.74% | Recall: 74.40%/72.36% | F1: 68.50%/66.53% | Time: fit=142s, train=025s, test=006s, total=173s
Epoch 125: Train%/Test% | Accuracy: 72.36%/70.66% | Precision: 68.53%/66.96% | Recall: 74.67%/72.58% | F1: 68.66%/66.86% | Time: fit=144s, train=025s, test=006s, total=175s
Epoch 126: Train%/Test% | Accuracy: 72.35%/70.66% | Precision: 68.41%/67.13% | Recall: 74.46%/72.87% | F1: 68.59%/66.96% | Time: fit=143s, train=025s, test=006s, total=174s
Epoch 127: Train%/Test% | Accuracy: 71.62%/70.21% | Precision: 68.04%/66.86% | Recall: 74.11%/72.57% | F1: 67.99%/66.56% | Time: fit=143s, train=025s, test=006s, total=174s
Epoch 128: Train%/Test% | Accuracy: 71.88%/70.17% | Precision: 68.15%/66.72% | Recall: 74.20%/72.35% | F1: 68.18%/66.46% | Time: fit=143s, train=025s, test=006s, total=174s
Epoch 129: Train%/Test% | Accuracy: 71.87%/69.69% | Precision: 68.15%/66.57% | Recall: 74.20%/72.26% | F1: 68.18%/66.12% | Time: fit=144s, train=025s, test=006s, total=175s
Epoch 130: Train%/Test% | Accuracy: 72.00%/69.85% | Precision: 68.33%/66.71% | Recall: 74.46%/72.43% | F1: 68.35%/66.28% | Time: fit=143s, train=025s, test=006s, total=174s
Epoch 131: Train%/Test% | Accuracy: 72.07%/70.05% | Precision: 68.41%/66.80% | Recall: 74.57%/72.53% | F1: 68.44%/66.45% | Time: fit=144s, train=025s, test=006s, total=176s
Epoch 132: Train%/Test% | Accuracy: 71.82%/70.12% | Precision: 68.18%/66.75% | Recall: 74.28%/72.42% | F1: 68.17%/66.45% | Time: fit=144s, train=025s, test=006s, total=175s
Epoch 133: Train%/Test% | Accuracy: 71.99%/70.14% | Precision: 68.24%/66.72% | Recall: 74.31%/72.37% | F1: 68.30%/66.45% | Time: fit=143s, train=025s, test=006s, total=174s
Epoch 134: Train%/Test% | Accuracy: 71.96%/70.17% | Precision: 68.11%/66.73% | Recall: 74.09%/72.38% | F1: 68.20%/66.47% | Time: fit=143s, train=025s, test=006s, total=174s
Epoch 135: Train%/Test% | Accuracy: 71.89%/70.19% | Precision: 68.06%/66.77% | Recall: 74.05%/72.43% | F1: 68.14%/66.50% | Time: fit=143s, train=025s, test=006s, total=174s
Epoch 136: Train%/Test% | Accuracy: 71.65%/70.12% | Precision: 67.99%/66.79% | Recall: 74.01%/72.48% | F1: 67.97%/66.47% | Time: fit=144s, train=025s, test=006s, total=175s
Epoch 137: Train%/Test% | Accuracy: 71.87%/69.81% | Precision: 68.10%/66.46% | Recall: 74.13%/72.05% | F1: 68.15%/66.12% | Time: fit=143s, train=025s, test=006s, total=174s
Epoch 138: Train%/Test% | Accuracy: 71.97%/69.96% | Precision: 68.10%/66.34% | Recall: 74.08%/71.80% | F1: 68.20%/66.13% | Time: fit=143s, train=025s, test=006s, total=174s
Epoch 139: Train%/Test% | Accuracy: 72.40%/70.69% | Precision: 68.30%/66.76% | Recall: 74.25%/72.25% | F1: 68.55%/66.75% | Time: fit=144s, train=025s, test=006s, total=174s
Epoch 140: Train%/Test% | Accuracy: 72.21%/70.55% | Precision: 68.13%/66.79% | Recall: 74.03%/72.35% | F1: 68.34%/66.70% | Time: fit=144s, train=025s, test=006s, total=174s
Epoch 141: Train%/Test% | Accuracy: 72.10%/70.75% | Precision: 68.24%/67.20% | Recall: 74.27%/72.96% | F1: 68.36%/67.05% | Time: fit=144s, train=024s, test=006s, total=174s
Epoch 142: Train%/Test% | Accuracy: 72.00%/70.03% | Precision: 68.16%/66.65% | Recall: 74.18%/72.29% | F1: 68.26%/66.35% | Time: fit=143s, train=025s, test=006s, total=173s
Epoch 143: Train%/Test% | Accuracy: 72.11%/70.64% | Precision: 68.24%/67.09% | Recall: 74.26%/72.82% | F1: 68.36%/66.93% | Time: fit=143s, train=024s, test=006s, total=173s
Epoch 144: Train%/Test% | Accuracy: 72.38%/70.82% | Precision: 68.39%/67.22% | Recall: 74.41%/72.98% | F1: 68.59%/67.10% | Time: fit=143s, train=024s, test=006s, total=174s
Epoch 145: Train%/Test% | Accuracy: 72.42%/70.48% | Precision: 68.46%/66.83% | Recall: 74.51%/72.43% | F1: 68.65%/66.69% | Time: fit=143s, train=024s, test=006s, total=173s
Epoch 146: Train%/Test% | Accuracy: 72.13%/70.05% | Precision: 68.36%/66.71% | Recall: 74.47%/72.37% | F1: 68.44%/66.39% | Time: fit=143s, train=024s, test=006s, total=173s
Epoch 147: Train%/Test% | Accuracy: 71.70%/70.08% | Precision: 68.11%/66.90% | Recall: 74.21%/72.68% | F1: 68.07%/66.51% | Time: fit=143s, train=024s, test=006s, total=174s
Epoch 148: Train%/Test% | Accuracy: 71.74%/70.21% | Precision: 68.16%/67.09% | Recall: 74.28%/72.96% | F1: 68.12%/66.69% | Time: fit=143s, train=025s, test=006s, total=174s
Epoch 149: Train%/Test% | Accuracy: 71.63%/69.90% | Precision: 68.12%/66.89% | Recall: 74.25%/72.72% | F1: 68.04%/66.41% | Time: fit=144s, train=025s, test=006s, total=174s
Epoch 150: Train%/Test% | Accuracy: 71.71%/69.96% | Precision: 68.16%/66.87% | Recall: 74.28%/72.67% | F1: 68.10%/66.43% | Time: fit=143s, train=025s, test=006s, total=173s
