[nltk_data] Downloading package wordnet to /home/bjorvl16/nltk_data...
[nltk_data]   Package wordnet is already up-to-date!
[nltk_data] Downloading package stopwords to
[nltk_data]     /home/bjorvl16/nltk_data...
[nltk_data]   Package stopwords is already up-to-date!
[*] Load dataset...
[*] Fix malformed data...
[*] Split...
[*] Encoding...
[*] Encoding feature: text... 4922
==============================
Using CPU for training
Dataset: fake-news-datasets-deception-Celebrity
TMU params: num-clauses=5000, T=200, s=15.0
Epochs: 150
Feature(s): text
max-vocab=15000, max-domain=500, max-tweet=500
====================
Train size: 400
Train classes: 2
Test size: 100
Test classes: 2
Total features: 4922
==============================
[*] Training for 150 epochs...
Epoch   1: Train%/Test% | Accuracy: 52.25%/56.00% | Precision: 52.76%/55.26% | Recall: 52.54%/54.27% | F1: 51.40%/52.81% | Time: fit=006s, train=000s, test=000s, total=006s
Epoch   2: Train%/Test% | Accuracy: 62.25%/63.00% | Precision: 62.82%/62.69% | Recall: 62.43%/62.36% | F1: 62.02%/62.36% | Time: fit=005s, train=000s, test=000s, total=005s
Epoch   3: Train%/Test% | Accuracy: 70.25%/61.00% | Precision: 70.27%/61.08% | Recall: 70.27%/61.15% | F1: 70.25%/60.96% | Time: fit=005s, train=000s, test=000s, total=005s
Epoch   4: Train%/Test% | Accuracy: 75.00%/64.00% | Precision: 76.98%/66.41% | Recall: 74.72%/65.22% | F1: 74.38%/63.64% | Time: fit=004s, train=000s, test=000s, total=005s
Epoch   5: Train%/Test% | Accuracy: 73.00%/62.00% | Precision: 80.51%/65.00% | Recall: 73.49%/59.66% | F1: 71.49%/57.03% | Time: fit=004s, train=000s, test=000s, total=004s
Epoch   6: Train%/Test% | Accuracy: 59.00%/56.00% | Precision: 77.22%/65.10% | Recall: 59.80%/52.33% | F1: 51.65%/41.33% | Time: fit=004s, train=000s, test=000s, total=004s
Epoch   7: Train%/Test% | Accuracy: 64.25%/61.00% | Precision: 78.91%/70.12% | Recall: 64.95%/57.93% | F1: 59.65%/52.15% | Time: fit=004s, train=000s, test=000s, total=004s
Epoch   8: Train%/Test% | Accuracy: 74.00%/65.00% | Precision: 82.23%/70.34% | Recall: 74.50%/62.60% | F1: 72.48%/60.11% | Time: fit=004s, train=000s, test=000s, total=004s
Epoch   9: Train%/Test% | Accuracy: 74.25%/65.00% | Precision: 82.34%/71.90% | Recall: 74.74%/62.44% | F1: 72.78%/59.45% | Time: fit=003s, train=000s, test=000s, total=004s
Epoch  10: Train%/Test% | Accuracy: 80.75%/67.00% | Precision: 85.30%/72.12% | Recall: 81.11%/64.77% | F1: 80.23%/62.97% | Time: fit=003s, train=000s, test=000s, total=004s
Epoch  11: Train%/Test% | Accuracy: 84.50%/66.00% | Precision: 86.49%/67.66% | Recall: 84.73%/64.33% | F1: 84.34%/63.53% | Time: fit=003s, train=000s, test=000s, total=003s
Epoch  12: Train%/Test% | Accuracy: 90.50%/75.00% | Precision: 90.71%/74.93% | Recall: 90.58%/74.60% | F1: 90.50%/74.69% | Time: fit=003s, train=000s, test=000s, total=004s
Epoch  13: Train%/Test% | Accuracy: 87.75%/70.00% | Precision: 89.35%/73.71% | Recall: 87.55%/71.42% | F1: 87.58%/69.56% | Time: fit=003s, train=000s, test=000s, total=003s
Epoch  14: Train%/Test% | Accuracy: 81.75%/65.00% | Precision: 86.51%/71.36% | Recall: 81.39%/66.95% | F1: 81.01%/63.69% | Time: fit=003s, train=000s, test=000s, total=003s
Epoch  15: Train%/Test% | Accuracy: 91.25%/76.00% | Precision: 91.53%/75.88% | Recall: 91.17%/76.01% | F1: 91.22%/75.91% | Time: fit=003s, train=000s, test=000s, total=003s
Epoch  16: Train%/Test% | Accuracy: 91.25%/76.00% | Precision: 91.53%/76.00% | Recall: 91.17%/76.17% | F1: 91.22%/75.96% | Time: fit=003s, train=000s, test=000s, total=003s
Epoch  17: Train%/Test% | Accuracy: 91.50%/77.00% | Precision: 91.55%/76.93% | Recall: 91.47%/77.09% | F1: 91.49%/76.94% | Time: fit=003s, train=000s, test=000s, total=003s
Epoch  18: Train%/Test% | Accuracy: 92.75%/75.00% | Precision: 92.77%/74.85% | Recall: 92.73%/74.92% | F1: 92.74%/74.88% | Time: fit=003s, train=000s, test=000s, total=003s
Epoch  19: Train%/Test% | Accuracy: 93.75%/75.00% | Precision: 93.92%/74.85% | Recall: 93.69%/74.76% | F1: 93.74%/74.80% | Time: fit=003s, train=000s, test=000s, total=003s
Epoch  20: Train%/Test% | Accuracy: 92.50%/76.00% | Precision: 92.51%/76.03% | Recall: 92.53%/75.52% | F1: 92.50%/75.65% | Time: fit=003s, train=000s, test=000s, total=003s
Epoch  21: Train%/Test% | Accuracy: 93.75%/75.00% | Precision: 93.83%/74.85% | Recall: 93.71%/74.76% | F1: 93.74%/74.80% | Time: fit=003s, train=000s, test=000s, total=003s
Epoch  22: Train%/Test% | Accuracy: 93.75%/77.00% | Precision: 93.92%/76.87% | Recall: 93.69%/76.77% | F1: 93.74%/76.81% | Time: fit=003s, train=000s, test=000s, total=003s
Epoch  23: Train%/Test% | Accuracy: 92.25%/72.00% | Precision: 92.90%/72.20% | Recall: 92.13%/72.30% | F1: 92.20%/71.99% | Time: fit=003s, train=000s, test=000s, total=003s
Epoch  24: Train%/Test% | Accuracy: 92.25%/75.00% | Precision: 92.41%/74.85% | Recall: 92.19%/74.92% | F1: 92.23%/74.88% | Time: fit=003s, train=000s, test=000s, total=003s
Epoch  25: Train%/Test% | Accuracy: 93.50%/74.00% | Precision: 93.49%/73.86% | Recall: 93.51%/73.67% | F1: 93.50%/73.74% | Time: fit=003s, train=000s, test=000s, total=003s
Epoch  26: Train%/Test% | Accuracy: 94.25%/73.00% | Precision: 94.25%/72.83% | Recall: 94.26%/72.75% | F1: 94.25%/72.78% | Time: fit=003s, train=000s, test=000s, total=003s
Epoch  27: Train%/Test% | Accuracy: 95.00%/74.00% | Precision: 95.07%/73.97% | Recall: 95.05%/73.51% | F1: 95.00%/73.62% | Time: fit=003s, train=000s, test=000s, total=003s
Epoch  28: Train%/Test% | Accuracy: 94.25%/74.00% | Precision: 94.34%/74.17% | Recall: 94.30%/73.35% | F1: 94.25%/73.48% | Time: fit=003s, train=000s, test=000s, total=003s
Epoch  29: Train%/Test% | Accuracy: 94.50%/74.00% | Precision: 94.54%/73.97% | Recall: 94.54%/73.51% | F1: 94.50%/73.62% | Time: fit=003s, train=000s, test=000s, total=003s
Epoch  30: Train%/Test% | Accuracy: 94.75%/74.00% | Precision: 94.78%/73.86% | Recall: 94.78%/73.67% | F1: 94.75%/73.74% | Time: fit=003s, train=000s, test=000s, total=003s
Epoch  31: Train%/Test% | Accuracy: 94.25%/75.00% | Precision: 94.33%/74.85% | Recall: 94.21%/74.92% | F1: 94.24%/74.88% | Time: fit=003s, train=000s, test=000s, total=003s
Epoch  32: Train%/Test% | Accuracy: 96.25%/72.00% | Precision: 96.34%/72.08% | Recall: 96.30%/71.34% | F1: 96.25%/71.44% | Time: fit=003s, train=000s, test=000s, total=003s
Epoch  33: Train%/Test% | Accuracy: 96.75%/73.00% | Precision: 96.80%/73.03% | Recall: 96.79%/72.42% | F1: 96.75%/72.54% | Time: fit=003s, train=000s, test=000s, total=003s
Epoch  34: Train%/Test% | Accuracy: 96.50%/72.00% | Precision: 96.57%/71.88% | Recall: 96.47%/71.98% | F1: 96.50%/71.90% | Time: fit=003s, train=000s, test=000s, total=003s
Epoch  35: Train%/Test% | Accuracy: 96.75%/73.00% | Precision: 96.84%/73.25% | Recall: 96.80%/72.26% | F1: 96.75%/72.38% | Time: fit=003s, train=000s, test=000s, total=003s
Epoch  36: Train%/Test% | Accuracy: 96.75%/73.00% | Precision: 96.80%/73.25% | Recall: 96.79%/72.26% | F1: 96.75%/72.38% | Time: fit=003s, train=000s, test=000s, total=003s
Epoch  37: Train%/Test% | Accuracy: 96.25%/74.00% | Precision: 96.39%/74.45% | Recall: 96.31%/73.19% | F1: 96.25%/73.32% | Time: fit=003s, train=000s, test=000s, total=003s
Epoch  38: Train%/Test% | Accuracy: 96.00%/75.00% | Precision: 96.23%/75.70% | Recall: 96.08%/74.11% | F1: 96.00%/74.26% | Time: fit=003s, train=000s, test=000s, total=003s
Epoch  39: Train%/Test% | Accuracy: 97.00%/76.00% | Precision: 97.12%/77.00% | Recall: 97.06%/75.04% | F1: 97.00%/75.20% | Time: fit=003s, train=000s, test=000s, total=003s
Epoch  40: Train%/Test% | Accuracy: 97.00%/76.00% | Precision: 97.12%/77.00% | Recall: 97.06%/75.04% | F1: 97.00%/75.20% | Time: fit=003s, train=000s, test=000s, total=003s
Epoch  41: Train%/Test% | Accuracy: 96.50%/74.00% | Precision: 96.67%/74.83% | Recall: 96.57%/73.03% | F1: 96.50%/73.13% | Time: fit=003s, train=000s, test=000s, total=003s
Epoch  42: Train%/Test% | Accuracy: 96.00%/73.00% | Precision: 96.23%/73.96% | Recall: 96.08%/71.94% | F1: 96.00%/71.99% | Time: fit=002s, train=000s, test=000s, total=003s
Epoch  43: Train%/Test% | Accuracy: 96.25%/72.00% | Precision: 96.45%/72.33% | Recall: 96.32%/71.18% | F1: 96.25%/71.26% | Time: fit=002s, train=000s, test=000s, total=003s
Epoch  44: Train%/Test% | Accuracy: 96.75%/73.00% | Precision: 96.89%/73.25% | Recall: 96.81%/72.26% | F1: 96.75%/72.38% | Time: fit=002s, train=000s, test=000s, total=003s
Epoch  45: Train%/Test% | Accuracy: 97.25%/74.00% | Precision: 97.34%/74.17% | Recall: 97.30%/73.35% | F1: 97.25%/73.48% | Time: fit=002s, train=000s, test=000s, total=003s
Epoch  46: Train%/Test% | Accuracy: 97.50%/73.00% | Precision: 97.54%/73.25% | Recall: 97.54%/72.26% | F1: 97.50%/72.38% | Time: fit=003s, train=000s, test=000s, total=003s
Epoch  47: Train%/Test% | Accuracy: 98.00%/74.00% | Precision: 98.01%/73.97% | Recall: 98.03%/73.51% | F1: 98.00%/73.62% | Time: fit=002s, train=000s, test=000s, total=003s
Epoch  48: Train%/Test% | Accuracy: 98.25%/72.00% | Precision: 98.34%/72.20% | Recall: 98.21%/72.30% | F1: 98.25%/71.99% | Time: fit=002s, train=000s, test=000s, total=003s
Epoch  49: Train%/Test% | Accuracy: 98.50%/72.00% | Precision: 98.51%/72.00% | Recall: 98.49%/72.14% | F1: 98.50%/71.96% | Time: fit=002s, train=000s, test=000s, total=002s
Epoch  50: Train%/Test% | Accuracy: 98.75%/69.00% | Precision: 98.75%/68.81% | Recall: 98.76%/68.56% | F1: 98.75%/68.62% | Time: fit=002s, train=000s, test=000s, total=002s
Epoch  51: Train%/Test% | Accuracy: 97.75%/72.00% | Precision: 97.80%/72.08% | Recall: 97.79%/71.34% | F1: 97.75%/71.44% | Time: fit=002s, train=000s, test=000s, total=002s
Epoch  52: Train%/Test% | Accuracy: 97.75%/75.00% | Precision: 97.80%/75.70% | Recall: 97.79%/74.11% | F1: 97.75%/74.26% | Time: fit=002s, train=000s, test=000s, total=002s
Epoch  53: Train%/Test% | Accuracy: 99.00%/74.00% | Precision: 98.99%/73.97% | Recall: 99.01%/73.51% | F1: 99.00%/73.62% | Time: fit=002s, train=000s, test=000s, total=003s
Epoch  54: Train%/Test% | Accuracy: 99.50%/72.00% | Precision: 99.51%/71.88% | Recall: 99.49%/71.98% | F1: 99.50%/71.90% | Time: fit=002s, train=000s, test=000s, total=003s
Epoch  55: Train%/Test% | Accuracy: 99.50%/72.00% | Precision: 99.51%/71.82% | Recall: 99.49%/71.82% | F1: 99.50%/71.82% | Time: fit=002s, train=000s, test=000s, total=003s
Epoch  56: Train%/Test% | Accuracy: 99.50%/73.00% | Precision: 99.49%/73.03% | Recall: 99.51%/72.42% | F1: 99.50%/72.54% | Time: fit=002s, train=000s, test=000s, total=002s
Epoch  57: Train%/Test% | Accuracy: 99.00%/74.00% | Precision: 99.00%/74.45% | Recall: 99.02%/73.19% | F1: 99.00%/73.32% | Time: fit=002s, train=000s, test=000s, total=002s
Epoch  58: Train%/Test% | Accuracy: 98.75%/76.00% | Precision: 98.76%/76.57% | Recall: 98.77%/75.20% | F1: 98.75%/75.37% | Time: fit=002s, train=000s, test=000s, total=003s
Epoch  59: Train%/Test% | Accuracy: 99.75%/74.00% | Precision: 99.76%/74.17% | Recall: 99.74%/73.35% | F1: 99.75%/73.48% | Time: fit=002s, train=000s, test=000s, total=003s
Epoch  60: Train%/Test% | Accuracy: 98.25%/75.00% | Precision: 98.28%/75.70% | Recall: 98.28%/74.11% | F1: 98.25%/74.26% | Time: fit=002s, train=000s, test=000s, total=002s
Epoch  61: Train%/Test% | Accuracy: 99.50%/75.00% | Precision: 99.50%/75.09% | Recall: 99.50%/74.44% | F1: 99.50%/74.57% | Time: fit=002s, train=000s, test=000s, total=002s
Epoch  62: Train%/Test% | Accuracy: 99.75%/72.00% | Precision: 99.76%/71.88% | Recall: 99.74%/71.98% | F1: 99.75%/71.90% | Time: fit=002s, train=000s, test=000s, total=002s
Epoch  63: Train%/Test% | Accuracy: 99.75%/73.00% | Precision: 99.76%/72.83% | Recall: 99.74%/72.75% | F1: 99.75%/72.78% | Time: fit=002s, train=000s, test=000s, total=002s
Epoch  64: Train%/Test% | Accuracy: 99.75%/72.00% | Precision: 99.76%/71.92% | Recall: 99.74%/71.50% | F1: 99.75%/71.59% | Time: fit=002s, train=000s, test=000s, total=002s
Epoch  65: Train%/Test% | Accuracy: 99.50%/74.00% | Precision: 99.50%/74.17% | Recall: 99.50%/73.35% | F1: 99.50%/73.48% | Time: fit=002s, train=000s, test=000s, total=002s
Epoch  66: Train%/Test% | Accuracy: 99.50%/73.00% | Precision: 99.51%/73.03% | Recall: 99.49%/72.42% | F1: 99.50%/72.54% | Time: fit=002s, train=000s, test=000s, total=002s
Epoch  67: Train%/Test% | Accuracy: 99.75%/73.00% | Precision: 99.75%/73.03% | Recall: 99.75%/72.42% | F1: 99.75%/72.54% | Time: fit=002s, train=000s, test=000s, total=002s
Epoch  68: Train%/Test% | Accuracy: 99.75%/71.00% | Precision: 99.76%/70.84% | Recall: 99.74%/70.89% | F1: 99.75%/70.86% | Time: fit=002s, train=000s, test=000s, total=002s
Epoch  69: Train%/Test% | Accuracy: 100.00%/73.00% | Precision: 100.00%/73.03% | Recall: 100.00%/72.42% | F1: 100.00%/72.54% | Time: fit=002s, train=000s, test=000s, total=002s
Epoch  70: Train%/Test% | Accuracy: 98.50%/74.00% | Precision: 98.50%/74.17% | Recall: 98.52%/73.35% | F1: 98.50%/73.48% | Time: fit=002s, train=000s, test=000s, total=002s
Epoch  71: Train%/Test% | Accuracy: 98.75%/73.00% | Precision: 98.76%/73.25% | Recall: 98.77%/72.26% | F1: 98.75%/72.38% | Time: fit=002s, train=000s, test=000s, total=002s
Epoch  72: Train%/Test% | Accuracy: 98.75%/73.00% | Precision: 98.76%/73.25% | Recall: 98.77%/72.26% | F1: 98.75%/72.38% | Time: fit=002s, train=000s, test=000s, total=002s
Epoch  73: Train%/Test% | Accuracy: 100.00%/71.00% | Precision: 100.00%/70.96% | Recall: 100.00%/70.41% | F1: 100.00%/70.50% | Time: fit=002s, train=000s, test=000s, total=002s
Epoch  74: Train%/Test% | Accuracy: 99.75%/71.00% | Precision: 99.75%/70.85% | Recall: 99.75%/70.57% | F1: 99.75%/70.64% | Time: fit=002s, train=000s, test=000s, total=002s
Epoch  75: Train%/Test% | Accuracy: 99.75%/72.00% | Precision: 99.75%/71.92% | Recall: 99.75%/71.50% | F1: 99.75%/71.59% | Time: fit=002s, train=000s, test=000s, total=002s
Epoch  76: Train%/Test% | Accuracy: 99.75%/72.00% | Precision: 99.75%/72.08% | Recall: 99.75%/71.34% | F1: 99.75%/71.44% | Time: fit=002s, train=000s, test=000s, total=002s
Epoch  77: Train%/Test% | Accuracy: 99.75%/73.00% | Precision: 99.75%/73.03% | Recall: 99.75%/72.42% | F1: 99.75%/72.54% | Time: fit=002s, train=000s, test=000s, total=002s
Epoch  78: Train%/Test% | Accuracy: 99.50%/71.00% | Precision: 99.49%/70.85% | Recall: 99.51%/70.57% | F1: 99.50%/70.64% | Time: fit=002s, train=000s, test=000s, total=002s
Epoch  79: Train%/Test% | Accuracy: 98.75%/75.00% | Precision: 98.76%/75.70% | Recall: 98.77%/74.11% | F1: 98.75%/74.26% | Time: fit=002s, train=000s, test=000s, total=002s
Epoch  80: Train%/Test% | Accuracy: 99.50%/74.00% | Precision: 99.49%/74.17% | Recall: 99.51%/73.35% | F1: 99.50%/73.48% | Time: fit=002s, train=000s, test=000s, total=002s
Epoch  81: Train%/Test% | Accuracy: 99.25%/75.00% | Precision: 99.25%/75.70% | Recall: 99.26%/74.11% | F1: 99.25%/74.26% | Time: fit=002s, train=000s, test=000s, total=002s
Epoch  82: Train%/Test% | Accuracy: 98.75%/75.00% | Precision: 98.76%/75.70% | Recall: 98.77%/74.11% | F1: 98.75%/74.26% | Time: fit=002s, train=000s, test=000s, total=002s
Epoch  83: Train%/Test% | Accuracy: 98.25%/73.00% | Precision: 98.28%/73.55% | Recall: 98.28%/72.10% | F1: 98.25%/72.20% | Time: fit=002s, train=000s, test=000s, total=002s
Epoch  84: Train%/Test% | Accuracy: 98.50%/74.00% | Precision: 98.51%/74.45% | Recall: 98.53%/73.19% | F1: 98.50%/73.32% | Time: fit=002s, train=000s, test=000s, total=002s
Epoch  85: Train%/Test% | Accuracy: 99.75%/73.00% | Precision: 99.75%/73.25% | Recall: 99.75%/72.26% | F1: 99.75%/72.38% | Time: fit=002s, train=000s, test=000s, total=002s
Epoch  86: Train%/Test% | Accuracy: 99.00%/75.00% | Precision: 99.00%/75.70% | Recall: 99.02%/74.11% | F1: 99.00%/74.26% | Time: fit=002s, train=000s, test=000s, total=002s
Epoch  87: Train%/Test% | Accuracy: 100.00%/74.00% | Precision: 100.00%/74.45% | Recall: 100.00%/73.19% | F1: 100.00%/73.32% | Time: fit=002s, train=000s, test=000s, total=002s
Epoch  88: Train%/Test% | Accuracy: 100.00%/70.00% | Precision: 100.00%/69.81% | Recall: 100.00%/69.65% | F1: 100.00%/69.70% | Time: fit=002s, train=000s, test=000s, total=002s
Epoch  89: Train%/Test% | Accuracy: 100.00%/71.00% | Precision: 100.00%/70.85% | Recall: 100.00%/70.57% | F1: 100.00%/70.64% | Time: fit=002s, train=000s, test=000s, total=002s
Epoch  90: Train%/Test% | Accuracy: 99.25%/74.00% | Precision: 99.25%/74.45% | Recall: 99.26%/73.19% | F1: 99.25%/73.32% | Time: fit=002s, train=000s, test=000s, total=002s
Epoch  91: Train%/Test% | Accuracy: 100.00%/71.00% | Precision: 100.00%/70.96% | Recall: 100.00%/70.41% | F1: 100.00%/70.50% | Time: fit=002s, train=000s, test=000s, total=002s
Epoch  92: Train%/Test% | Accuracy: 99.75%/71.00% | Precision: 99.75%/71.14% | Recall: 99.75%/70.25% | F1: 99.75%/70.33% | Time: fit=002s, train=000s, test=000s, total=002s
Epoch  93: Train%/Test% | Accuracy: 99.50%/72.00% | Precision: 99.49%/72.33% | Recall: 99.51%/71.18% | F1: 99.50%/71.26% | Time: fit=002s, train=000s, test=000s, total=002s
Epoch  94: Train%/Test% | Accuracy: 99.75%/74.00% | Precision: 99.75%/74.17% | Recall: 99.75%/73.35% | F1: 99.75%/73.48% | Time: fit=002s, train=000s, test=000s, total=002s
Epoch  95: Train%/Test% | Accuracy: 99.75%/75.00% | Precision: 99.75%/75.70% | Recall: 99.75%/74.11% | F1: 99.75%/74.26% | Time: fit=002s, train=000s, test=000s, total=002s
Epoch  96: Train%/Test% | Accuracy: 99.75%/74.00% | Precision: 99.75%/74.45% | Recall: 99.75%/73.19% | F1: 99.75%/73.32% | Time: fit=002s, train=000s, test=000s, total=002s
Epoch  97: Train%/Test% | Accuracy: 99.75%/74.00% | Precision: 99.75%/74.45% | Recall: 99.75%/73.19% | F1: 99.75%/73.32% | Time: fit=002s, train=000s, test=000s, total=002s
Epoch  98: Train%/Test% | Accuracy: 99.50%/74.00% | Precision: 99.49%/74.45% | Recall: 99.51%/73.19% | F1: 99.50%/73.32% | Time: fit=002s, train=000s, test=000s, total=002s
Epoch  99: Train%/Test% | Accuracy: 99.00%/75.00% | Precision: 99.00%/75.70% | Recall: 99.02%/74.11% | F1: 99.00%/74.26% | Time: fit=002s, train=000s, test=000s, total=002s
Epoch 100: Train%/Test% | Accuracy: 100.00%/76.00% | Precision: 100.00%/77.00% | Recall: 100.00%/75.04% | F1: 100.00%/75.20% | Time: fit=002s, train=000s, test=000s, total=002s
Epoch 101: Train%/Test% | Accuracy: 100.00%/73.00% | Precision: 100.00%/73.25% | Recall: 100.00%/72.26% | F1: 100.00%/72.38% | Time: fit=002s, train=000s, test=000s, total=002s
Epoch 102: Train%/Test% | Accuracy: 100.00%/73.00% | Precision: 100.00%/73.25% | Recall: 100.00%/72.26% | F1: 100.00%/72.38% | Time: fit=002s, train=000s, test=000s, total=002s
Epoch 103: Train%/Test% | Accuracy: 100.00%/72.00% | Precision: 100.00%/72.08% | Recall: 100.00%/71.34% | F1: 100.00%/71.44% | Time: fit=002s, train=000s, test=000s, total=002s
Epoch 104: Train%/Test% | Accuracy: 100.00%/71.00% | Precision: 100.00%/70.96% | Recall: 100.00%/70.41% | F1: 100.00%/70.50% | Time: fit=002s, train=000s, test=000s, total=002s
Epoch 105: Train%/Test% | Accuracy: 100.00%/72.00% | Precision: 100.00%/72.08% | Recall: 100.00%/71.34% | F1: 100.00%/71.44% | Time: fit=002s, train=000s, test=000s, total=002s
Epoch 106: Train%/Test% | Accuracy: 100.00%/73.00% | Precision: 100.00%/73.25% | Recall: 100.00%/72.26% | F1: 100.00%/72.38% | Time: fit=002s, train=000s, test=000s, total=002s
Epoch 107: Train%/Test% | Accuracy: 100.00%/72.00% | Precision: 100.00%/72.08% | Recall: 100.00%/71.34% | F1: 100.00%/71.44% | Time: fit=002s, train=000s, test=000s, total=002s
Epoch 108: Train%/Test% | Accuracy: 100.00%/72.00% | Precision: 100.00%/72.08% | Recall: 100.00%/71.34% | F1: 100.00%/71.44% | Time: fit=002s, train=000s, test=000s, total=002s
Epoch 109: Train%/Test% | Accuracy: 100.00%/74.00% | Precision: 100.00%/74.45% | Recall: 100.00%/73.19% | F1: 100.00%/73.32% | Time: fit=002s, train=000s, test=000s, total=002s
Epoch 110: Train%/Test% | Accuracy: 100.00%/74.00% | Precision: 100.00%/74.45% | Recall: 100.00%/73.19% | F1: 100.00%/73.32% | Time: fit=002s, train=000s, test=000s, total=002s
Epoch 111: Train%/Test% | Accuracy: 100.00%/75.00% | Precision: 100.00%/75.70% | Recall: 100.00%/74.11% | F1: 100.00%/74.26% | Time: fit=002s, train=000s, test=000s, total=002s
Epoch 112: Train%/Test% | Accuracy: 99.75%/75.00% | Precision: 99.75%/75.70% | Recall: 99.75%/74.11% | F1: 99.75%/74.26% | Time: fit=002s, train=000s, test=000s, total=002s
Epoch 113: Train%/Test% | Accuracy: 99.75%/75.00% | Precision: 99.75%/75.70% | Recall: 99.75%/74.11% | F1: 99.75%/74.26% | Time: fit=002s, train=000s, test=000s, total=002s
Epoch 114: Train%/Test% | Accuracy: 99.50%/71.00% | Precision: 99.49%/72.21% | Recall: 99.51%/69.77% | F1: 99.50%/69.66% | Time: fit=002s, train=000s, test=000s, total=002s
Epoch 115: Train%/Test% | Accuracy: 100.00%/74.00% | Precision: 100.00%/74.45% | Recall: 100.00%/73.19% | F1: 100.00%/73.32% | Time: fit=002s, train=000s, test=000s, total=002s
Epoch 116: Train%/Test% | Accuracy: 100.00%/74.00% | Precision: 100.00%/74.45% | Recall: 100.00%/73.19% | F1: 100.00%/73.32% | Time: fit=002s, train=000s, test=000s, total=002s
Epoch 117: Train%/Test% | Accuracy: 100.00%/74.00% | Precision: 100.00%/74.17% | Recall: 100.00%/73.35% | F1: 100.00%/73.48% | Time: fit=002s, train=000s, test=000s, total=002s
Epoch 118: Train%/Test% | Accuracy: 100.00%/75.00% | Precision: 100.00%/75.70% | Recall: 100.00%/74.11% | F1: 100.00%/74.26% | Time: fit=002s, train=000s, test=000s, total=002s
Epoch 119: Train%/Test% | Accuracy: 100.00%/73.00% | Precision: 100.00%/73.25% | Recall: 100.00%/72.26% | F1: 100.00%/72.38% | Time: fit=002s, train=000s, test=000s, total=002s
Epoch 120: Train%/Test% | Accuracy: 100.00%/72.00% | Precision: 100.00%/72.08% | Recall: 100.00%/71.34% | F1: 100.00%/71.44% | Time: fit=002s, train=000s, test=000s, total=002s
Epoch 121: Train%/Test% | Accuracy: 100.00%/73.00% | Precision: 100.00%/72.89% | Recall: 100.00%/72.58% | F1: 100.00%/72.67% | Time: fit=002s, train=000s, test=000s, total=002s
Epoch 122: Train%/Test% | Accuracy: 100.00%/74.00% | Precision: 100.00%/74.17% | Recall: 100.00%/73.35% | F1: 100.00%/73.48% | Time: fit=002s, train=000s, test=000s, total=002s
Epoch 123: Train%/Test% | Accuracy: 100.00%/74.00% | Precision: 100.00%/74.45% | Recall: 100.00%/73.19% | F1: 100.00%/73.32% | Time: fit=002s, train=000s, test=000s, total=002s
Epoch 124: Train%/Test% | Accuracy: 100.00%/74.00% | Precision: 100.00%/74.45% | Recall: 100.00%/73.19% | F1: 100.00%/73.32% | Time: fit=002s, train=000s, test=000s, total=002s
Epoch 125: Train%/Test% | Accuracy: 100.00%/75.00% | Precision: 100.00%/75.35% | Recall: 100.00%/74.28% | F1: 100.00%/74.42% | Time: fit=002s, train=000s, test=000s, total=002s
Epoch 126: Train%/Test% | Accuracy: 100.00%/75.00% | Precision: 100.00%/75.70% | Recall: 100.00%/74.11% | F1: 100.00%/74.26% | Time: fit=002s, train=000s, test=000s, total=002s
Epoch 127: Train%/Test% | Accuracy: 100.00%/74.00% | Precision: 100.00%/74.45% | Recall: 100.00%/73.19% | F1: 100.00%/73.32% | Time: fit=002s, train=000s, test=000s, total=002s
Epoch 128: Train%/Test% | Accuracy: 99.75%/72.00% | Precision: 99.75%/72.66% | Recall: 99.75%/71.01% | F1: 99.75%/71.06% | Time: fit=002s, train=000s, test=000s, total=002s
Epoch 129: Train%/Test% | Accuracy: 100.00%/73.00% | Precision: 100.00%/73.55% | Recall: 100.00%/72.10% | F1: 100.00%/72.20% | Time: fit=002s, train=000s, test=000s, total=002s
Epoch 130: Train%/Test% | Accuracy: 99.75%/74.00% | Precision: 99.75%/74.45% | Recall: 99.75%/73.19% | F1: 99.75%/73.32% | Time: fit=002s, train=000s, test=000s, total=002s
Epoch 131: Train%/Test% | Accuracy: 99.75%/75.00% | Precision: 99.75%/75.70% | Recall: 99.75%/74.11% | F1: 99.75%/74.26% | Time: fit=002s, train=000s, test=000s, total=002s
Epoch 132: Train%/Test% | Accuracy: 99.75%/73.00% | Precision: 99.75%/73.96% | Recall: 99.75%/71.94% | F1: 99.75%/71.99% | Time: fit=002s, train=000s, test=000s, total=002s
Epoch 133: Train%/Test% | Accuracy: 99.75%/74.00% | Precision: 99.75%/74.83% | Recall: 99.75%/73.03% | F1: 99.75%/73.13% | Time: fit=002s, train=000s, test=000s, total=002s
Epoch 134: Train%/Test% | Accuracy: 100.00%/74.00% | Precision: 100.00%/74.45% | Recall: 100.00%/73.19% | F1: 100.00%/73.32% | Time: fit=002s, train=000s, test=000s, total=002s
Epoch 135: Train%/Test% | Accuracy: 99.50%/73.00% | Precision: 99.49%/73.55% | Recall: 99.51%/72.10% | F1: 99.50%/72.20% | Time: fit=002s, train=000s, test=000s, total=002s
Epoch 136: Train%/Test% | Accuracy: 100.00%/73.00% | Precision: 100.00%/73.25% | Recall: 100.00%/72.26% | F1: 100.00%/72.38% | Time: fit=002s, train=000s, test=000s, total=002s
Epoch 137: Train%/Test% | Accuracy: 99.75%/75.00% | Precision: 99.75%/75.70% | Recall: 99.75%/74.11% | F1: 99.75%/74.26% | Time: fit=002s, train=000s, test=000s, total=002s
Epoch 138: Train%/Test% | Accuracy: 100.00%/74.00% | Precision: 100.00%/74.83% | Recall: 100.00%/73.03% | F1: 100.00%/73.13% | Time: fit=002s, train=000s, test=000s, total=002s
Epoch 139: Train%/Test% | Accuracy: 99.75%/74.00% | Precision: 99.75%/74.45% | Recall: 99.75%/73.19% | F1: 99.75%/73.32% | Time: fit=002s, train=000s, test=000s, total=002s
Epoch 140: Train%/Test% | Accuracy: 99.75%/75.00% | Precision: 99.75%/75.70% | Recall: 99.75%/74.11% | F1: 99.75%/74.26% | Time: fit=002s, train=000s, test=000s, total=002s
Epoch 141: Train%/Test% | Accuracy: 100.00%/74.00% | Precision: 100.00%/74.45% | Recall: 100.00%/73.19% | F1: 100.00%/73.32% | Time: fit=002s, train=000s, test=000s, total=002s
Epoch 142: Train%/Test% | Accuracy: 100.00%/73.00% | Precision: 100.00%/73.03% | Recall: 100.00%/72.42% | F1: 100.00%/72.54% | Time: fit=002s, train=000s, test=000s, total=002s
Epoch 143: Train%/Test% | Accuracy: 100.00%/72.00% | Precision: 100.00%/72.08% | Recall: 100.00%/71.34% | F1: 100.00%/71.44% | Time: fit=002s, train=000s, test=000s, total=002s
Epoch 144: Train%/Test% | Accuracy: 100.00%/74.00% | Precision: 100.00%/74.45% | Recall: 100.00%/73.19% | F1: 100.00%/73.32% | Time: fit=002s, train=000s, test=000s, total=002s
Epoch 145: Train%/Test% | Accuracy: 99.75%/76.00% | Precision: 99.75%/77.00% | Recall: 99.75%/75.04% | F1: 99.75%/75.20% | Time: fit=002s, train=000s, test=000s, total=002s
Epoch 146: Train%/Test% | Accuracy: 99.75%/74.00% | Precision: 99.75%/74.45% | Recall: 99.75%/73.19% | F1: 99.75%/73.32% | Time: fit=002s, train=000s, test=000s, total=002s
Epoch 147: Train%/Test% | Accuracy: 99.75%/74.00% | Precision: 99.75%/74.45% | Recall: 99.75%/73.19% | F1: 99.75%/73.32% | Time: fit=002s, train=000s, test=000s, total=002s
Epoch 148: Train%/Test% | Accuracy: 99.75%/75.00% | Precision: 99.75%/75.70% | Recall: 99.75%/74.11% | F1: 99.75%/74.26% | Time: fit=002s, train=000s, test=000s, total=002s
Epoch 149: Train%/Test% | Accuracy: 100.00%/73.00% | Precision: 100.00%/73.25% | Recall: 100.00%/72.26% | F1: 100.00%/72.38% | Time: fit=002s, train=000s, test=000s, total=002s
Epoch 150: Train%/Test% | Accuracy: 100.00%/72.00% | Precision: 100.00%/72.08% | Recall: 100.00%/71.34% | F1: 100.00%/71.44% | Time: fit=002s, train=000s, test=000s, total=002s
