[nltk_data] Downloading package wordnet to /home/bjorvl16/nltk_data...
[nltk_data]   Package wordnet is already up-to-date!
[nltk_data] Downloading package stopwords to
[nltk_data]     /home/bjorvl16/nltk_data...
[nltk_data]   Package stopwords is already up-to-date!
[*] Load dataset...
[*] Fix malformed data...
[*] Split...
[*] Encoding...
[*] Encoding feature: domain... 34
==============================
Using GPU for training
Dataset: FakeNewsNet-politifact
TMU params: num-clauses=5000, T=50, s=10.0
Epochs: 150
Feature(s): domain
max-vocab=15000, max-domain=500, max-tweet=500
====================
Train size: 844
Train classes: 2
Test size: 212
Test classes: 2
Total features: 34
==============================
[*] Training for 150 epochs...
Epoch   1: Train%/Test% | Accuracy: 72.63%/76.42% | Precision: 72.26%/75.24% | Recall: 72.78%/76.79% | F1: 72.31%/75.54% | Time: fit=004s, train=000s, test=000s, total=005s
Epoch   2: Train%/Test% | Accuracy: 73.58%/76.89% | Precision: 72.97%/75.53% | Recall: 73.29%/76.89% | F1: 73.08%/75.90% | Time: fit=002s, train=000s, test=000s, total=003s
Epoch   3: Train%/Test% | Accuracy: 77.61%/81.13% | Precision: 77.11%/79.66% | Recall: 76.60%/80.25% | F1: 76.80%/79.92% | Time: fit=002s, train=000s, test=000s, total=003s
Epoch   4: Train%/Test% | Accuracy: 78.91%/80.66% | Precision: 78.53%/79.17% | Recall: 77.84%/79.61% | F1: 78.10%/79.37% | Time: fit=002s, train=000s, test=000s, total=003s
Epoch   5: Train%/Test% | Accuracy: 80.57%/83.02% | Precision: 80.47%/81.69% | Recall: 79.31%/82.01% | F1: 79.71%/81.84% | Time: fit=002s, train=000s, test=000s, total=003s
Epoch   6: Train%/Test% | Accuracy: 80.69%/81.13% | Precision: 81.13%/79.87% | Recall: 78.98%/79.18% | F1: 79.57%/79.49% | Time: fit=002s, train=000s, test=000s, total=003s
Epoch   7: Train%/Test% | Accuracy: 81.40%/80.66% | Precision: 82.39%/79.40% | Recall: 79.43%/78.54% | F1: 80.16%/78.91% | Time: fit=002s, train=000s, test=000s, total=003s
Epoch   8: Train%/Test% | Accuracy: 80.09%/79.25% | Precision: 79.69%/77.70% | Recall: 79.21%/78.49% | F1: 79.41%/78.02% | Time: fit=002s, train=000s, test=000s, total=003s
Epoch   9: Train%/Test% | Accuracy: 81.04%/79.72% | Precision: 80.77%/78.17% | Recall: 80.03%/78.60% | F1: 80.32%/78.36% | Time: fit=002s, train=000s, test=000s, total=003s
Epoch  10: Train%/Test% | Accuracy: 80.09%/80.19% | Precision: 79.71%/78.68% | Recall: 79.17%/79.51% | F1: 79.39%/79.02% | Time: fit=002s, train=000s, test=000s, total=003s
Epoch  11: Train%/Test% | Accuracy: 79.03%/77.83% | Precision: 78.49%/76.49% | Recall: 78.37%/77.91% | F1: 78.43%/76.88% | Time: fit=002s, train=000s, test=000s, total=003s
Epoch  12: Train%/Test% | Accuracy: 80.09%/78.77% | Precision: 79.65%/77.36% | Recall: 79.29%/78.65% | F1: 79.45%/77.77% | Time: fit=002s, train=000s, test=000s, total=003s
Epoch  13: Train%/Test% | Accuracy: 80.57%/81.60% | Precision: 80.30%/80.17% | Recall: 79.50%/80.63% | F1: 79.81%/80.38% | Time: fit=002s, train=000s, test=000s, total=003s
Epoch  14: Train%/Test% | Accuracy: 80.21%/79.25% | Precision: 79.82%/77.74% | Recall: 79.31%/78.76% | F1: 79.52%/78.12% | Time: fit=002s, train=000s, test=000s, total=003s
Epoch  15: Train%/Test% | Accuracy: 79.98%/79.25% | Precision: 79.53%/77.74% | Recall: 79.15%/78.76% | F1: 79.31%/78.12% | Time: fit=002s, train=000s, test=000s, total=003s
Epoch  16: Train%/Test% | Accuracy: 81.99%/81.60% | Precision: 82.11%/80.17% | Recall: 80.65%/80.63% | F1: 81.13%/80.38% | Time: fit=002s, train=000s, test=000s, total=003s
Epoch  17: Train%/Test% | Accuracy: 82.70%/81.13% | Precision: 83.14%/79.72% | Recall: 81.18%/79.72% | F1: 81.78%/79.72% | Time: fit=002s, train=000s, test=000s, total=003s
Epoch  18: Train%/Test% | Accuracy: 81.87%/80.66% | Precision: 82.50%/79.30% | Recall: 80.15%/78.81% | F1: 80.80%/79.04% | Time: fit=002s, train=000s, test=000s, total=003s
Epoch  19: Train%/Test% | Accuracy: 82.58%/81.13% | Precision: 82.73%/79.66% | Recall: 81.28%/80.25% | F1: 81.76%/79.92% | Time: fit=002s, train=000s, test=000s, total=003s
Epoch  20: Train%/Test% | Accuracy: 83.06%/82.08% | Precision: 83.88%/80.90% | Recall: 81.33%/80.20% | F1: 82.04%/80.51% | Time: fit=002s, train=000s, test=000s, total=003s
Epoch  21: Train%/Test% | Accuracy: 82.58%/82.55% | Precision: 83.57%/81.64% | Recall: 80.73%/80.30% | F1: 81.47%/80.86% | Time: fit=002s, train=000s, test=000s, total=003s
Epoch  22: Train%/Test% | Accuracy: 83.29%/81.13% | Precision: 84.22%/79.78% | Recall: 81.54%/79.45% | F1: 82.27%/79.61% | Time: fit=002s, train=000s, test=000s, total=003s
Epoch  23: Train%/Test% | Accuracy: 83.41%/82.08% | Precision: 84.04%/80.73% | Recall: 81.83%/80.73% | F1: 82.49%/80.73% | Time: fit=002s, train=000s, test=000s, total=003s
Epoch  24: Train%/Test% | Accuracy: 82.82%/80.19% | Precision: 83.08%/78.67% | Recall: 81.44%/78.97% | F1: 81.97%/78.81% | Time: fit=002s, train=000s, test=000s, total=003s
Epoch  25: Train%/Test% | Accuracy: 82.23%/80.66% | Precision: 82.52%/79.19% | Recall: 80.77%/79.34% | F1: 81.32%/79.26% | Time: fit=002s, train=000s, test=000s, total=003s
Epoch  26: Train%/Test% | Accuracy: 82.70%/81.13% | Precision: 82.88%/79.66% | Recall: 81.38%/80.25% | F1: 81.88%/79.92% | Time: fit=002s, train=000s, test=000s, total=003s
Epoch  27: Train%/Test% | Accuracy: 81.99%/80.19% | Precision: 82.03%/78.67% | Recall: 80.73%/79.24% | F1: 81.17%/78.92% | Time: fit=002s, train=000s, test=000s, total=003s
Epoch  28: Train%/Test% | Accuracy: 82.23%/81.60% | Precision: 82.24%/80.16% | Recall: 81.01%/80.89% | F1: 81.44%/80.47% | Time: fit=002s, train=000s, test=000s, total=003s
Epoch  29: Train%/Test% | Accuracy: 82.23%/81.60% | Precision: 82.24%/80.16% | Recall: 81.01%/80.89% | F1: 81.44%/80.47% | Time: fit=002s, train=000s, test=000s, total=003s
Epoch  30: Train%/Test% | Accuracy: 83.18%/82.08% | Precision: 83.39%/80.80% | Recall: 81.86%/80.46% | F1: 82.37%/80.63% | Time: fit=002s, train=000s, test=000s, total=003s
Epoch  31: Train%/Test% | Accuracy: 82.70%/81.60% | Precision: 82.98%/80.34% | Recall: 81.30%/79.82% | F1: 81.84%/80.06% | Time: fit=002s, train=000s, test=000s, total=003s
Epoch  32: Train%/Test% | Accuracy: 83.18%/80.19% | Precision: 83.55%/78.75% | Recall: 81.75%/78.43% | F1: 82.32%/78.59% | Time: fit=002s, train=000s, test=000s, total=003s
Epoch  33: Train%/Test% | Accuracy: 82.82%/80.66% | Precision: 82.98%/79.24% | Recall: 81.52%/79.08% | F1: 82.01%/79.15% | Time: fit=002s, train=000s, test=000s, total=003s
Epoch  34: Train%/Test% | Accuracy: 78.44%/70.75% | Precision: 79.60%/73.68% | Recall: 80.06%/74.72% | F1: 78.42%/70.69% | Time: fit=002s, train=000s, test=000s, total=003s
Epoch  35: Train%/Test% | Accuracy: 83.89%/81.60% | Precision: 84.21%/80.34% | Recall: 82.56%/79.82% | F1: 83.10%/80.06% | Time: fit=002s, train=000s, test=000s, total=003s
Epoch  36: Train%/Test% | Accuracy: 83.41%/82.08% | Precision: 83.75%/80.73% | Recall: 82.03%/80.73% | F1: 82.58%/80.73% | Time: fit=002s, train=000s, test=000s, total=003s
Epoch  37: Train%/Test% | Accuracy: 83.18%/82.55% | Precision: 83.44%/81.27% | Recall: 81.83%/81.10% | F1: 82.35%/81.19% | Time: fit=002s, train=000s, test=000s, total=003s
Epoch  38: Train%/Test% | Accuracy: 82.70%/83.02% | Precision: 83.09%/81.83% | Recall: 81.22%/81.48% | F1: 81.80%/81.65% | Time: fit=002s, train=000s, test=000s, total=003s
Epoch  39: Train%/Test% | Accuracy: 82.58%/83.02% | Precision: 83.04%/81.83% | Recall: 81.04%/81.48% | F1: 81.64%/81.65% | Time: fit=002s, train=000s, test=000s, total=003s
Epoch  40: Train%/Test% | Accuracy: 83.65%/82.55% | Precision: 84.24%/81.37% | Recall: 82.12%/80.84% | F1: 82.76%/81.08% | Time: fit=002s, train=000s, test=000s, total=003s
Epoch  41: Train%/Test% | Accuracy: 84.00%/82.55% | Precision: 84.79%/81.37% | Recall: 82.38%/80.84% | F1: 83.08%/81.08% | Time: fit=002s, train=000s, test=000s, total=003s
Epoch  42: Train%/Test% | Accuracy: 84.00%/80.19% | Precision: 84.66%/78.83% | Recall: 82.46%/78.17% | F1: 83.12%/78.46% | Time: fit=002s, train=000s, test=000s, total=003s
Epoch  43: Train%/Test% | Accuracy: 83.06%/80.66% | Precision: 83.02%/79.19% | Recall: 81.96%/79.34% | F1: 82.35%/79.26% | Time: fit=002s, train=000s, test=000s, total=003s
Epoch  44: Train%/Test% | Accuracy: 83.89%/82.55% | Precision: 84.32%/81.49% | Recall: 82.48%/80.57% | F1: 83.06%/80.97% | Time: fit=002s, train=000s, test=000s, total=003s
Epoch  45: Train%/Test% | Accuracy: 84.24%/82.08% | Precision: 84.73%/80.80% | Recall: 82.82%/80.46% | F1: 83.43%/80.63% | Time: fit=002s, train=000s, test=000s, total=003s
Epoch  46: Train%/Test% | Accuracy: 84.36%/81.13% | Precision: 85.08%/79.87% | Recall: 82.81%/79.18% | F1: 83.49%/79.49% | Time: fit=002s, train=000s, test=000s, total=003s
Epoch  47: Train%/Test% | Accuracy: 83.89%/80.19% | Precision: 84.26%/78.70% | Recall: 82.52%/78.70% | F1: 83.08%/78.70% | Time: fit=002s, train=000s, test=000s, total=003s
Epoch  48: Train%/Test% | Accuracy: 83.29%/79.25% | Precision: 83.44%/77.70% | Recall: 82.04%/78.49% | F1: 82.53%/78.02% | Time: fit=002s, train=000s, test=000s, total=003s
Epoch  49: Train%/Test% | Accuracy: 82.58%/77.36% | Precision: 82.73%/75.66% | Recall: 81.28%/75.93% | F1: 81.76%/75.79% | Time: fit=002s, train=000s, test=000s, total=003s
Epoch  50: Train%/Test% | Accuracy: 79.98%/73.11% | Precision: 80.56%/74.09% | Recall: 81.27%/75.78% | F1: 79.92%/72.85% | Time: fit=002s, train=000s, test=000s, total=003s
Epoch  51: Train%/Test% | Accuracy: 83.41%/81.13% | Precision: 83.55%/79.78% | Recall: 82.19%/79.45% | F1: 82.66%/79.61% | Time: fit=002s, train=000s, test=000s, total=003s
Epoch  52: Train%/Test% | Accuracy: 82.94%/78.77% | Precision: 83.13%/77.20% | Recall: 81.62%/77.05% | F1: 82.13%/77.12% | Time: fit=002s, train=000s, test=000s, total=003s
Epoch  53: Train%/Test% | Accuracy: 79.03%/70.75% | Precision: 79.84%/72.90% | Recall: 80.45%/74.19% | F1: 78.99%/70.63% | Time: fit=002s, train=000s, test=000s, total=003s
Epoch  54: Train%/Test% | Accuracy: 83.53%/80.19% | Precision: 84.02%/78.75% | Recall: 82.05%/78.43% | F1: 82.66%/78.59% | Time: fit=002s, train=000s, test=000s, total=003s
Epoch  55: Train%/Test% | Accuracy: 83.53%/80.19% | Precision: 84.27%/78.83% | Recall: 81.90%/78.17% | F1: 82.58%/78.46% | Time: fit=002s, train=000s, test=000s, total=003s
Epoch  56: Train%/Test% | Accuracy: 78.91%/72.64% | Precision: 79.21%/73.77% | Recall: 79.96%/75.41% | F1: 78.82%/72.40% | Time: fit=002s, train=000s, test=000s, total=003s
Epoch  57: Train%/Test% | Accuracy: 78.44%/71.70% | Precision: 79.10%/73.49% | Recall: 79.74%/74.93% | F1: 78.39%/71.54% | Time: fit=002s, train=000s, test=000s, total=003s
Epoch  58: Train%/Test% | Accuracy: 79.50%/72.17% | Precision: 79.83%/72.56% | Recall: 80.58%/74.23% | F1: 79.42%/71.78% | Time: fit=002s, train=000s, test=000s, total=003s
Epoch  59: Train%/Test% | Accuracy: 83.77%/83.49% | Precision: 84.46%/82.89% | Recall: 82.18%/81.05% | F1: 82.85%/81.78% | Time: fit=002s, train=000s, test=000s, total=003s
Epoch  60: Train%/Test% | Accuracy: 78.20%/72.17% | Precision: 79.23%/74.15% | Recall: 79.73%/75.57% | F1: 78.18%/72.03% | Time: fit=002s, train=000s, test=000s, total=003s
Epoch  61: Train%/Test% | Accuracy: 83.77%/81.60% | Precision: 84.00%/80.25% | Recall: 82.49%/80.09% | F1: 83.00%/80.17% | Time: fit=002s, train=000s, test=000s, total=003s
Epoch  62: Train%/Test% | Accuracy: 84.36%/83.96% | Precision: 84.89%/82.86% | Recall: 82.92%/82.49% | F1: 83.54%/82.66% | Time: fit=002s, train=000s, test=000s, total=003s
Epoch  63: Train%/Test% | Accuracy: 84.36%/82.08% | Precision: 84.95%/81.19% | Recall: 82.88%/79.66% | F1: 83.53%/80.28% | Time: fit=002s, train=000s, test=000s, total=003s
Epoch  64: Train%/Test% | Accuracy: 84.60%/81.60% | Precision: 85.03%/80.34% | Recall: 83.25%/79.82% | F1: 83.83%/80.06% | Time: fit=002s, train=000s, test=000s, total=003s
Epoch  65: Train%/Test% | Accuracy: 84.48%/81.60% | Precision: 85.05%/80.34% | Recall: 83.03%/79.82% | F1: 83.66%/80.06% | Time: fit=002s, train=000s, test=000s, total=003s
Epoch  66: Train%/Test% | Accuracy: 83.53%/80.19% | Precision: 83.65%/78.67% | Recall: 82.33%/79.24% | F1: 82.79%/78.92% | Time: fit=002s, train=000s, test=000s, total=003s
Epoch  67: Train%/Test% | Accuracy: 83.77%/80.66% | Precision: 83.90%/79.17% | Recall: 82.57%/79.88% | F1: 83.04%/79.47% | Time: fit=002s, train=000s, test=000s, total=003s
Epoch  68: Train%/Test% | Accuracy: 82.82%/80.19% | Precision: 82.66%/78.72% | Recall: 81.83%/79.77% | F1: 82.15%/79.12% | Time: fit=002s, train=000s, test=000s, total=003s
Epoch  69: Train%/Test% | Accuracy: 82.23%/79.72% | Precision: 81.94%/78.21% | Recall: 81.36%/79.13% | F1: 81.60%/78.57% | Time: fit=002s, train=000s, test=000s, total=003s
Epoch  70: Train%/Test% | Accuracy: 83.53%/81.60% | Precision: 83.41%/80.17% | Recall: 82.56%/80.63% | F1: 82.89%/80.38% | Time: fit=002s, train=000s, test=000s, total=003s
Epoch  71: Train%/Test% | Accuracy: 83.18%/80.19% | Precision: 82.87%/78.72% | Recall: 82.41%/79.77% | F1: 82.61%/79.12% | Time: fit=002s, train=000s, test=000s, total=003s
Epoch  72: Train%/Test% | Accuracy: 82.58%/80.19% | Precision: 82.20%/78.78% | Recall: 81.90%/80.04% | F1: 82.04%/79.21% | Time: fit=002s, train=000s, test=000s, total=003s
Epoch  73: Train%/Test% | Accuracy: 77.96%/70.28% | Precision: 80.40%/75.29% | Recall: 80.20%/75.42% | F1: 77.96%/70.28% | Time: fit=002s, train=000s, test=000s, total=003s
Epoch  74: Train%/Test% | Accuracy: 82.58%/78.77% | Precision: 82.25%/77.28% | Recall: 81.82%/78.39% | F1: 82.01%/77.68% | Time: fit=002s, train=000s, test=000s, total=003s
Epoch  75: Train%/Test% | Accuracy: 81.99%/77.36% | Precision: 81.60%/75.86% | Recall: 81.28%/77.00% | F1: 81.42%/76.24% | Time: fit=002s, train=000s, test=000s, total=003s
Epoch  76: Train%/Test% | Accuracy: 84.12%/83.02% | Precision: 84.69%/81.94% | Recall: 82.64%/81.21% | F1: 83.28%/81.54% | Time: fit=002s, train=000s, test=000s, total=003s
Epoch  77: Train%/Test% | Accuracy: 82.70%/80.66% | Precision: 82.59%/79.17% | Recall: 81.65%/79.61% | F1: 82.01%/79.37% | Time: fit=002s, train=000s, test=000s, total=003s
Epoch  78: Train%/Test% | Accuracy: 82.94%/79.72% | Precision: 82.80%/78.21% | Recall: 81.93%/79.13% | F1: 82.27%/78.57% | Time: fit=002s, train=000s, test=000s, total=003s
Epoch  79: Train%/Test% | Accuracy: 84.12%/82.55% | Precision: 84.41%/81.37% | Recall: 82.84%/80.84% | F1: 83.37%/81.08% | Time: fit=002s, train=000s, test=000s, total=003s
Epoch  80: Train%/Test% | Accuracy: 84.00%/80.19% | Precision: 84.21%/78.70% | Recall: 82.77%/78.70% | F1: 83.27%/78.70% | Time: fit=002s, train=000s, test=000s, total=003s
Epoch  81: Train%/Test% | Accuracy: 84.83%/83.02% | Precision: 85.34%/81.83% | Recall: 83.45%/81.48% | F1: 84.06%/81.65% | Time: fit=002s, train=000s, test=000s, total=003s
Epoch  82: Train%/Test% | Accuracy: 84.36%/82.55% | Precision: 85.15%/81.64% | Recall: 82.77%/80.30% | F1: 83.47%/80.86% | Time: fit=002s, train=000s, test=000s, total=003s
Epoch  83: Train%/Test% | Accuracy: 84.24%/82.08% | Precision: 84.92%/80.90% | Recall: 82.70%/80.20% | F1: 83.37%/80.51% | Time: fit=002s, train=000s, test=000s, total=003s
Epoch  84: Train%/Test% | Accuracy: 84.36%/81.60% | Precision: 85.45%/80.58% | Recall: 82.61%/79.29% | F1: 83.39%/79.82% | Time: fit=002s, train=000s, test=000s, total=003s
Epoch  85: Train%/Test% | Accuracy: 84.24%/80.19% | Precision: 85.05%/78.83% | Recall: 82.63%/78.17% | F1: 83.33%/78.46% | Time: fit=002s, train=000s, test=000s, total=003s
Epoch  86: Train%/Test% | Accuracy: 84.60%/79.72% | Precision: 85.87%/78.46% | Recall: 82.78%/77.26% | F1: 83.60%/77.75% | Time: fit=002s, train=000s, test=000s, total=003s
Epoch  87: Train%/Test% | Accuracy: 85.31%/79.72% | Precision: 86.19%/78.27% | Recall: 83.74%/77.79% | F1: 84.47%/78.01% | Time: fit=002s, train=000s, test=000s, total=003s
Epoch  88: Train%/Test% | Accuracy: 83.89%/78.77% | Precision: 84.26%/77.17% | Recall: 82.52%/77.58% | F1: 83.08%/77.36% | Time: fit=002s, train=000s, test=000s, total=003s
Epoch  89: Train%/Test% | Accuracy: 84.24%/78.30% | Precision: 84.51%/76.67% | Recall: 82.98%/76.94% | F1: 83.50%/76.80% | Time: fit=002s, train=000s, test=000s, total=003s
Epoch  90: Train%/Test% | Accuracy: 85.19%/80.19% | Precision: 85.76%/78.70% | Recall: 83.80%/78.70% | F1: 84.42%/78.70% | Time: fit=002s, train=000s, test=000s, total=003s
Epoch  91: Train%/Test% | Accuracy: 84.72%/79.25% | Precision: 86.05%/77.88% | Recall: 82.88%/76.88% | F1: 83.72%/77.30% | Time: fit=002s, train=000s, test=000s, total=003s
Epoch  92: Train%/Test% | Accuracy: 84.72%/79.25% | Precision: 85.96%/77.88% | Recall: 82.92%/76.88% | F1: 83.74%/77.30% | Time: fit=002s, train=000s, test=000s, total=003s
Epoch  93: Train%/Test% | Accuracy: 84.48%/78.77% | Precision: 84.93%/77.24% | Recall: 83.10%/76.78% | F1: 83.70%/76.99% | Time: fit=002s, train=000s, test=000s, total=003s
Epoch  94: Train%/Test% | Accuracy: 85.43%/79.72% | Precision: 86.44%/78.22% | Recall: 83.80%/78.06% | F1: 84.57%/78.14% | Time: fit=002s, train=000s, test=000s, total=003s
Epoch  95: Train%/Test% | Accuracy: 80.09%/70.75% | Precision: 80.60%/72.54% | Recall: 81.33%/73.92% | F1: 80.04%/70.59% | Time: fit=002s, train=000s, test=000s, total=003s
Epoch  96: Train%/Test% | Accuracy: 77.25%/67.92% | Precision: 79.31%/73.02% | Recall: 79.31%/73.02% | F1: 77.25%/67.92% | Time: fit=002s, train=000s, test=000s, total=003s
Epoch  97: Train%/Test% | Accuracy: 80.09%/73.58% | Precision: 80.71%/75.41% | Recall: 81.41%/76.96% | F1: 80.05%/73.43% | Time: fit=002s, train=000s, test=000s, total=003s
Epoch  98: Train%/Test% | Accuracy: 83.77%/79.25% | Precision: 84.34%/77.67% | Recall: 82.26%/77.96% | F1: 82.89%/77.81% | Time: fit=002s, train=000s, test=000s, total=003s
Epoch  99: Train%/Test% | Accuracy: 79.62%/69.81% | Precision: 80.73%/72.71% | Recall: 81.23%/73.71% | F1: 79.60%/69.74% | Time: fit=002s, train=000s, test=000s, total=003s
Epoch 100: Train%/Test% | Accuracy: 84.60%/80.66% | Precision: 85.34%/79.24% | Recall: 83.05%/79.08% | F1: 83.74%/79.15% | Time: fit=002s, train=000s, test=000s, total=003s
Epoch 101: Train%/Test% | Accuracy: 84.83%/80.19% | Precision: 85.23%/78.70% | Recall: 83.53%/78.70% | F1: 84.09%/78.70% | Time: fit=002s, train=000s, test=000s, total=003s
Epoch 102: Train%/Test% | Accuracy: 79.62%/71.70% | Precision: 80.53%/74.24% | Recall: 81.12%/75.47% | F1: 79.59%/71.61% | Time: fit=002s, train=000s, test=000s, total=003s
Epoch 103: Train%/Test% | Accuracy: 84.60%/80.66% | Precision: 85.03%/79.24% | Recall: 83.25%/79.08% | F1: 83.83%/79.15% | Time: fit=002s, train=000s, test=000s, total=003s
Epoch 104: Train%/Test% | Accuracy: 79.62%/70.75% | Precision: 80.59%/72.90% | Recall: 81.16%/74.19% | F1: 79.60%/70.63% | Time: fit=002s, train=000s, test=000s, total=003s
Epoch 105: Train%/Test% | Accuracy: 83.77%/79.72% | Precision: 83.95%/78.17% | Recall: 82.53%/78.60% | F1: 83.02%/78.36% | Time: fit=002s, train=000s, test=000s, total=003s
Epoch 106: Train%/Test% | Accuracy: 82.94%/81.13% | Precision: 82.80%/79.68% | Recall: 81.93%/79.98% | F1: 82.27%/79.82% | Time: fit=002s, train=000s, test=000s, total=003s
Epoch 107: Train%/Test% | Accuracy: 83.53%/80.19% | Precision: 83.65%/78.70% | Recall: 82.33%/78.70% | F1: 82.79%/78.70% | Time: fit=002s, train=000s, test=000s, total=003s
Epoch 108: Train%/Test% | Accuracy: 84.83%/80.19% | Precision: 85.74%/78.75% | Recall: 83.21%/78.43% | F1: 83.95%/78.59% | Time: fit=002s, train=000s, test=000s, total=003s
Epoch 109: Train%/Test% | Accuracy: 84.24%/79.72% | Precision: 84.79%/78.27% | Recall: 82.78%/77.79% | F1: 83.41%/78.01% | Time: fit=002s, train=000s, test=000s, total=003s
Epoch 110: Train%/Test% | Accuracy: 84.60%/83.02% | Precision: 85.28%/82.08% | Recall: 83.09%/80.94% | F1: 83.76%/81.43% | Time: fit=002s, train=000s, test=000s, total=003s
Epoch 111: Train%/Test% | Accuracy: 81.75%/78.30% | Precision: 81.52%/76.71% | Recall: 80.76%/77.48% | F1: 81.06%/77.02% | Time: fit=002s, train=000s, test=000s, total=003s
Epoch 112: Train%/Test% | Accuracy: 82.58%/80.19% | Precision: 82.48%/78.68% | Recall: 81.51%/79.51% | F1: 81.87%/79.02% | Time: fit=002s, train=000s, test=000s, total=003s
Epoch 113: Train%/Test% | Accuracy: 83.53%/80.66% | Precision: 83.75%/79.19% | Recall: 82.25%/79.34% | F1: 82.76%/79.26% | Time: fit=002s, train=000s, test=000s, total=003s
Epoch 114: Train%/Test% | Accuracy: 78.79%/73.11% | Precision: 80.28%/75.11% | Recall: 80.60%/76.59% | F1: 78.78%/72.98% | Time: fit=002s, train=000s, test=000s, total=003s
Epoch 115: Train%/Test% | Accuracy: 80.45%/71.70% | Precision: 81.67%/74.65% | Recall: 82.14%/75.74% | F1: 80.44%/71.64% | Time: fit=002s, train=000s, test=000s, total=003s
Epoch 116: Train%/Test% | Accuracy: 78.55%/70.75% | Precision: 80.69%/75.03% | Recall: 80.67%/75.53% | F1: 78.55%/70.74% | Time: fit=002s, train=000s, test=000s, total=003s
Epoch 117: Train%/Test% | Accuracy: 80.69%/72.17% | Precision: 81.39%/74.15% | Recall: 82.07%/75.57% | F1: 80.65%/72.03% | Time: fit=002s, train=000s, test=000s, total=003s
Epoch 118: Train%/Test% | Accuracy: 79.50%/73.58% | Precision: 80.93%/76.59% | Recall: 81.29%/77.77% | F1: 79.49%/73.53% | Time: fit=002s, train=000s, test=000s, total=003s
Epoch 119: Train%/Test% | Accuracy: 79.27%/73.11% | Precision: 80.54%/76.33% | Recall: 80.97%/77.39% | F1: 79.25%/73.06% | Time: fit=002s, train=000s, test=000s, total=003s
Epoch 120: Train%/Test% | Accuracy: 79.15%/72.64% | Precision: 80.39%/75.62% | Recall: 80.83%/76.75% | F1: 79.13%/72.58% | Time: fit=002s, train=000s, test=000s, total=003s
Epoch 121: Train%/Test% | Accuracy: 79.50%/72.17% | Precision: 80.71%/74.93% | Recall: 81.17%/76.11% | F1: 79.49%/72.09% | Time: fit=002s, train=000s, test=000s, total=003s
Epoch 122: Train%/Test% | Accuracy: 84.48%/80.19% | Precision: 84.76%/78.70% | Recall: 83.22%/78.70% | F1: 83.75%/78.70% | Time: fit=002s, train=000s, test=000s, total=003s
Epoch 123: Train%/Test% | Accuracy: 80.21%/72.64% | Precision: 81.16%/74.45% | Recall: 81.74%/75.95% | F1: 80.19%/72.48% | Time: fit=002s, train=000s, test=000s, total=003s
Epoch 124: Train%/Test% | Accuracy: 79.38%/72.17% | Precision: 80.77%/75.35% | Recall: 81.15%/76.38% | F1: 79.37%/72.12% | Time: fit=002s, train=000s, test=000s, total=003s
Epoch 125: Train%/Test% | Accuracy: 84.36%/82.55% | Precision: 84.95%/81.37% | Recall: 82.88%/80.84% | F1: 83.53%/81.08% | Time: fit=002s, train=000s, test=000s, total=003s
Epoch 126: Train%/Test% | Accuracy: 79.62%/71.23% | Precision: 80.94%/73.96% | Recall: 81.35%/75.10% | F1: 79.61%/71.15% | Time: fit=002s, train=000s, test=000s, total=003s
Epoch 127: Train%/Test% | Accuracy: 80.57%/72.17% | Precision: 81.13%/73.80% | Recall: 81.85%/75.31% | F1: 80.52%/71.99% | Time: fit=002s, train=000s, test=000s, total=003s
Epoch 128: Train%/Test% | Accuracy: 84.72%/80.19% | Precision: 85.31%/78.75% | Recall: 83.27%/78.43% | F1: 83.91%/78.59% | Time: fit=002s, train=000s, test=000s, total=003s
Epoch 129: Train%/Test% | Accuracy: 83.29%/80.19% | Precision: 83.35%/78.67% | Recall: 82.12%/78.97% | F1: 82.56%/78.81% | Time: fit=002s, train=000s, test=000s, total=003s
Epoch 130: Train%/Test% | Accuracy: 85.07%/83.96% | Precision: 85.86%/83.13% | Recall: 83.54%/81.96% | F1: 84.24%/82.46% | Time: fit=002s, train=000s, test=000s, total=003s
Epoch 131: Train%/Test% | Accuracy: 84.95%/83.96% | Precision: 85.84%/83.13% | Recall: 83.36%/81.96% | F1: 84.09%/82.46% | Time: fit=002s, train=000s, test=000s, total=003s
Epoch 132: Train%/Test% | Accuracy: 80.57%/72.17% | Precision: 81.18%/73.80% | Recall: 81.89%/75.31% | F1: 80.52%/71.99% | Time: fit=002s, train=000s, test=000s, total=003s
Epoch 133: Train%/Test% | Accuracy: 80.92%/73.11% | Precision: 81.88%/75.11% | Recall: 82.47%/76.59% | F1: 80.90%/72.98% | Time: fit=002s, train=000s, test=000s, total=003s
Epoch 134: Train%/Test% | Accuracy: 81.04%/71.70% | Precision: 81.96%/73.49% | Recall: 82.58%/74.93% | F1: 81.02%/71.54% | Time: fit=002s, train=000s, test=000s, total=003s
Epoch 135: Train%/Test% | Accuracy: 85.55%/82.08% | Precision: 86.18%/80.90% | Recall: 84.14%/80.20% | F1: 84.79%/80.51% | Time: fit=002s, train=000s, test=000s, total=003s
Epoch 136: Train%/Test% | Accuracy: 84.83%/81.60% | Precision: 85.60%/80.44% | Recall: 83.29%/79.55% | F1: 83.99%/79.94% | Time: fit=002s, train=000s, test=000s, total=003s
Epoch 137: Train%/Test% | Accuracy: 84.36%/82.55% | Precision: 84.77%/81.37% | Recall: 83.00%/80.84% | F1: 83.58%/81.08% | Time: fit=002s, train=000s, test=000s, total=003s
Epoch 138: Train%/Test% | Accuracy: 83.53%/81.60% | Precision: 83.31%/80.17% | Recall: 82.68%/81.16% | F1: 82.94%/80.57% | Time: fit=002s, train=000s, test=000s, total=003s
Epoch 139: Train%/Test% | Accuracy: 84.48%/81.13% | Precision: 84.76%/79.68% | Recall: 83.22%/79.98% | F1: 83.75%/79.82% | Time: fit=002s, train=000s, test=000s, total=003s
Epoch 140: Train%/Test% | Accuracy: 84.00%/81.13% | Precision: 84.26%/79.87% | Recall: 82.74%/79.18% | F1: 83.25%/79.49% | Time: fit=002s, train=000s, test=000s, total=003s
Epoch 141: Train%/Test% | Accuracy: 84.83%/83.02% | Precision: 85.74%/82.69% | Recall: 83.21%/80.14% | F1: 83.95%/81.07% | Time: fit=002s, train=000s, test=000s, total=003s
Epoch 142: Train%/Test% | Accuracy: 84.95%/82.55% | Precision: 86.07%/82.02% | Recall: 83.24%/79.76% | F1: 84.03%/80.61% | Time: fit=002s, train=000s, test=000s, total=003s
Epoch 143: Train%/Test% | Accuracy: 79.98%/73.58% | Precision: 80.67%/74.72% | Recall: 81.34%/76.43% | F1: 79.93%/73.35% | Time: fit=002s, train=000s, test=000s, total=003s
Epoch 144: Train%/Test% | Accuracy: 80.33%/74.06% | Precision: 81.12%/75.04% | Recall: 81.77%/76.80% | F1: 80.30%/73.80% | Time: fit=002s, train=000s, test=000s, total=003s
Epoch 145: Train%/Test% | Accuracy: 85.07%/83.96% | Precision: 85.93%/83.32% | Recall: 83.50%/81.69% | F1: 84.22%/82.35% | Time: fit=002s, train=000s, test=000s, total=003s
Epoch 146: Train%/Test% | Accuracy: 79.38%/72.64% | Precision: 80.49%/74.82% | Recall: 80.99%/76.22% | F1: 79.36%/72.52% | Time: fit=002s, train=000s, test=000s, total=003s
Epoch 147: Train%/Test% | Accuracy: 84.00%/81.60% | Precision: 84.16%/80.34% | Recall: 82.81%/79.82% | F1: 83.29%/80.06% | Time: fit=002s, train=000s, test=000s, total=003s
Epoch 148: Train%/Test% | Accuracy: 84.36%/81.60% | Precision: 84.95%/80.25% | Recall: 82.88%/80.09% | F1: 83.53%/80.17% | Time: fit=002s, train=000s, test=000s, total=003s
Epoch 149: Train%/Test% | Accuracy: 84.48%/81.13% | Precision: 85.18%/79.78% | Recall: 82.95%/79.45% | F1: 83.62%/79.61% | Time: fit=002s, train=000s, test=000s, total=003s
Epoch 150: Train%/Test% | Accuracy: 83.29%/80.66% | Precision: 83.20%/79.23% | Recall: 82.28%/80.42% | F1: 82.63%/79.66% | Time: fit=001s, train=000s, test=000s, total=001s
