[nltk_data] Downloading package wordnet to /home/bjorvl16/nltk_data...
[nltk_data]   Package wordnet is already up-to-date!
[nltk_data] Downloading package stopwords to
[nltk_data]     /home/bjorvl16/nltk_data...
[nltk_data]   Package stopwords is already up-to-date!
[*] Load dataset...
[*] Fix malformed data...
[*] Split...
[*] Encoding...
[*] Encoding feature: domain... 34
==============================
Using GPU for training
Dataset: FakeNewsNet-politifact
TMU params: num-clauses=5000, T=200, s=10.0
Epochs: 150
Feature(s): domain
max-vocab=15000, max-domain=500, max-tweet=500
====================
Train size: 844
Train classes: 2
Test size: 212
Test classes: 2
Total features: 34
==============================
[*] Training for 150 epochs...
Epoch   1: Train%/Test% | Accuracy: 77.61%/76.89% | Precision: 77.01%/75.33% | Recall: 76.99%/76.36% | F1: 77.00%/75.69% | Time: fit=004s, train=000s, test=000s, total=005s
Epoch   2: Train%/Test% | Accuracy: 77.84%/80.19% | Precision: 77.36%/78.67% | Recall: 76.84%/79.24% | F1: 77.05%/78.92% | Time: fit=002s, train=000s, test=000s, total=003s
Epoch   3: Train%/Test% | Accuracy: 78.91%/80.19% | Precision: 78.38%/78.68% | Recall: 78.19%/79.51% | F1: 78.28%/79.02% | Time: fit=002s, train=000s, test=000s, total=003s
Epoch   4: Train%/Test% | Accuracy: 79.03%/80.66% | Precision: 78.52%/79.17% | Recall: 78.25%/79.88% | F1: 78.37%/79.47% | Time: fit=002s, train=000s, test=000s, total=003s
Epoch   5: Train%/Test% | Accuracy: 80.69%/83.02% | Precision: 81.19%/82.08% | Recall: 78.94%/80.94% | F1: 79.55%/81.43% | Time: fit=002s, train=000s, test=000s, total=003s
Epoch   6: Train%/Test% | Accuracy: 80.57%/82.55% | Precision: 81.09%/81.64% | Recall: 78.80%/80.30% | F1: 79.41%/80.86% | Time: fit=002s, train=000s, test=000s, total=003s
Epoch   7: Train%/Test% | Accuracy: 80.69%/81.60% | Precision: 81.97%/81.16% | Recall: 78.51%/78.48% | F1: 79.27%/79.42% | Time: fit=002s, train=000s, test=000s, total=003s
Epoch   8: Train%/Test% | Accuracy: 80.33%/80.19% | Precision: 80.51%/78.70% | Recall: 78.79%/78.70% | F1: 79.30%/78.70% | Time: fit=002s, train=000s, test=000s, total=003s
Epoch   9: Train%/Test% | Accuracy: 81.16%/83.02% | Precision: 82.43%/82.96% | Recall: 79.03%/79.87% | F1: 79.80%/80.94% | Time: fit=002s, train=000s, test=000s, total=003s
Epoch  10: Train%/Test% | Accuracy: 80.69%/80.66% | Precision: 80.65%/79.19% | Recall: 79.37%/79.34% | F1: 79.80%/79.26% | Time: fit=002s, train=000s, test=000s, total=003s
Epoch  11: Train%/Test% | Accuracy: 80.69%/82.55% | Precision: 80.51%/81.21% | Recall: 79.53%/81.37% | F1: 79.88%/81.29% | Time: fit=002s, train=000s, test=000s, total=003s
Epoch  12: Train%/Test% | Accuracy: 81.64%/83.02% | Precision: 82.18%/82.46% | Recall: 79.95%/80.41% | F1: 80.58%/81.20% | Time: fit=002s, train=000s, test=000s, total=003s
Epoch  13: Train%/Test% | Accuracy: 82.11%/83.49% | Precision: 82.47%/82.69% | Recall: 80.59%/81.31% | F1: 81.16%/81.89% | Time: fit=002s, train=000s, test=000s, total=003s
Epoch  14: Train%/Test% | Accuracy: 82.35%/82.08% | Precision: 82.47%/80.73% | Recall: 81.03%/80.73% | F1: 81.51%/80.73% | Time: fit=002s, train=000s, test=000s, total=003s
Epoch  15: Train%/Test% | Accuracy: 81.99%/83.02% | Precision: 82.07%/81.83% | Recall: 80.69%/81.48% | F1: 81.15%/81.65% | Time: fit=002s, train=000s, test=000s, total=003s
Epoch  16: Train%/Test% | Accuracy: 82.58%/84.43% | Precision: 83.29%/83.96% | Recall: 80.88%/82.06% | F1: 81.56%/82.82% | Time: fit=002s, train=000s, test=000s, total=003s
Epoch  17: Train%/Test% | Accuracy: 82.58%/84.91% | Precision: 83.50%/84.39% | Recall: 80.77%/82.70% | F1: 81.49%/83.39% | Time: fit=002s, train=000s, test=000s, total=003s
Epoch  18: Train%/Test% | Accuracy: 83.18%/82.55% | Precision: 84.79%/82.27% | Recall: 81.08%/79.50% | F1: 81.95%/80.48% | Time: fit=002s, train=000s, test=000s, total=003s
Epoch  19: Train%/Test% | Accuracy: 83.65%/84.43% | Precision: 84.65%/83.75% | Recall: 81.88%/82.33% | F1: 82.63%/82.93% | Time: fit=002s, train=000s, test=000s, total=003s
Epoch  20: Train%/Test% | Accuracy: 83.41%/83.96% | Precision: 84.70%/83.54% | Recall: 81.48%/81.42% | F1: 82.30%/82.24% | Time: fit=002s, train=000s, test=000s, total=003s
Epoch  21: Train%/Test% | Accuracy: 83.29%/83.96% | Precision: 84.45%/83.54% | Recall: 81.42%/81.42% | F1: 82.20%/82.24% | Time: fit=002s, train=000s, test=000s, total=003s
Epoch  22: Train%/Test% | Accuracy: 83.77%/83.96% | Precision: 85.42%/84.08% | Recall: 81.71%/80.88% | F1: 82.60%/82.00% | Time: fit=002s, train=000s, test=000s, total=003s
Epoch  23: Train%/Test% | Accuracy: 83.18%/83.96% | Precision: 84.27%/83.54% | Recall: 81.32%/81.42% | F1: 82.09%/82.24% | Time: fit=002s, train=000s, test=000s, total=003s
Epoch  24: Train%/Test% | Accuracy: 83.29%/83.02% | Precision: 84.53%/82.25% | Recall: 81.38%/80.67% | F1: 82.18%/81.32% | Time: fit=002s, train=000s, test=000s, total=003s
Epoch  25: Train%/Test% | Accuracy: 84.00%/82.55% | Precision: 85.01%/81.37% | Recall: 82.27%/80.84% | F1: 83.02%/81.08% | Time: fit=002s, train=000s, test=000s, total=003s
Epoch  26: Train%/Test% | Accuracy: 84.00%/82.55% | Precision: 85.09%/81.37% | Recall: 82.23%/80.84% | F1: 83.00%/81.08% | Time: fit=002s, train=000s, test=000s, total=003s
Epoch  27: Train%/Test% | Accuracy: 83.06%/82.08% | Precision: 83.34%/80.68% | Recall: 81.68%/81.00% | F1: 82.22%/80.83% | Time: fit=002s, train=000s, test=000s, total=003s
Epoch  28: Train%/Test% | Accuracy: 83.65%/82.55% | Precision: 84.06%/81.21% | Recall: 82.23%/81.37% | F1: 82.81%/81.29% | Time: fit=002s, train=000s, test=000s, total=003s
Epoch  29: Train%/Test% | Accuracy: 83.41%/82.08% | Precision: 83.86%/80.73% | Recall: 81.95%/80.73% | F1: 82.55%/80.73% | Time: fit=002s, train=000s, test=000s, total=003s
Epoch  30: Train%/Test% | Accuracy: 83.89%/83.02% | Precision: 84.77%/81.94% | Recall: 82.20%/81.21% | F1: 82.93%/81.54% | Time: fit=002s, train=000s, test=000s, total=003s
Epoch  31: Train%/Test% | Accuracy: 83.77%/83.02% | Precision: 84.53%/81.94% | Recall: 82.14%/81.21% | F1: 82.83%/81.54% | Time: fit=002s, train=000s, test=000s, total=003s
Epoch  32: Train%/Test% | Accuracy: 84.00%/83.49% | Precision: 85.09%/82.53% | Recall: 82.23%/81.58% | F1: 83.00%/82.00% | Time: fit=002s, train=000s, test=000s, total=003s
Epoch  33: Train%/Test% | Accuracy: 84.36%/84.43% | Precision: 85.37%/83.96% | Recall: 82.65%/82.06% | F1: 83.41%/82.82% | Time: fit=002s, train=000s, test=000s, total=003s
Epoch  34: Train%/Test% | Accuracy: 84.12%/83.49% | Precision: 85.03%/82.69% | Recall: 82.45%/81.31% | F1: 83.18%/81.89% | Time: fit=002s, train=000s, test=000s, total=003s
Epoch  35: Train%/Test% | Accuracy: 84.72%/83.96% | Precision: 86.05%/83.54% | Recall: 82.88%/81.42% | F1: 83.72%/82.24% | Time: fit=002s, train=000s, test=000s, total=003s
Epoch  36: Train%/Test% | Accuracy: 84.95%/83.96% | Precision: 86.31%/83.54% | Recall: 83.12%/81.42% | F1: 83.97%/82.24% | Time: fit=002s, train=000s, test=000s, total=003s
Epoch  37: Train%/Test% | Accuracy: 84.12%/82.55% | Precision: 85.03%/81.49% | Recall: 82.45%/80.57% | F1: 83.18%/80.97% | Time: fit=002s, train=000s, test=000s, total=003s
Epoch  38: Train%/Test% | Accuracy: 85.07%/82.08% | Precision: 85.66%/80.90% | Recall: 83.65%/80.20% | F1: 84.29%/80.51% | Time: fit=002s, train=000s, test=000s, total=003s
Epoch  39: Train%/Test% | Accuracy: 84.72%/83.02% | Precision: 85.37%/82.25% | Recall: 83.23%/80.67% | F1: 83.89%/81.32% | Time: fit=002s, train=000s, test=000s, total=003s
Epoch  40: Train%/Test% | Accuracy: 85.19%/82.55% | Precision: 86.33%/81.81% | Recall: 83.48%/80.03% | F1: 84.28%/80.74% | Time: fit=002s, train=000s, test=000s, total=003s
Epoch  41: Train%/Test% | Accuracy: 84.36%/83.02% | Precision: 85.29%/81.94% | Recall: 82.69%/81.21% | F1: 83.43%/81.54% | Time: fit=002s, train=000s, test=000s, total=003s
Epoch  42: Train%/Test% | Accuracy: 84.60%/82.55% | Precision: 85.71%/81.49% | Recall: 82.85%/80.57% | F1: 83.64%/80.97% | Time: fit=002s, train=000s, test=000s, total=003s
Epoch  43: Train%/Test% | Accuracy: 84.72%/82.08% | Precision: 85.51%/80.90% | Recall: 83.15%/80.20% | F1: 83.85%/80.51% | Time: fit=002s, train=000s, test=000s, total=003s
Epoch  44: Train%/Test% | Accuracy: 85.55%/83.02% | Precision: 86.77%/82.25% | Recall: 83.83%/80.67% | F1: 84.65%/81.32% | Time: fit=002s, train=000s, test=000s, total=003s
Epoch  45: Train%/Test% | Accuracy: 84.60%/82.08% | Precision: 86.04%/81.37% | Recall: 82.70%/79.39% | F1: 83.56%/80.15% | Time: fit=002s, train=000s, test=000s, total=003s
Epoch  46: Train%/Test% | Accuracy: 84.95%/83.49% | Precision: 86.78%/83.11% | Recall: 82.92%/80.78% | F1: 83.87%/81.66% | Time: fit=002s, train=000s, test=000s, total=003s
Epoch  47: Train%/Test% | Accuracy: 85.43%/83.49% | Precision: 86.76%/83.11% | Recall: 83.65%/80.78% | F1: 84.49%/81.66% | Time: fit=002s, train=000s, test=000s, total=003s
Epoch  48: Train%/Test% | Accuracy: 85.43%/83.49% | Precision: 86.22%/82.40% | Recall: 83.92%/81.85% | F1: 84.62%/82.10% | Time: fit=002s, train=000s, test=000s, total=003s
Epoch  49: Train%/Test% | Accuracy: 84.95%/83.96% | Precision: 86.31%/83.54% | Recall: 83.12%/81.42% | F1: 83.97%/82.24% | Time: fit=002s, train=000s, test=000s, total=003s
Epoch  50: Train%/Test% | Accuracy: 85.19%/83.49% | Precision: 86.41%/82.89% | Recall: 83.44%/81.05% | F1: 84.26%/81.78% | Time: fit=002s, train=000s, test=000s, total=003s
Epoch  51: Train%/Test% | Accuracy: 84.95%/83.49% | Precision: 85.91%/82.69% | Recall: 83.32%/81.31% | F1: 84.07%/81.89% | Time: fit=002s, train=000s, test=000s, total=003s
Epoch  52: Train%/Test% | Accuracy: 85.19%/83.49% | Precision: 86.10%/82.53% | Recall: 83.60%/81.58% | F1: 84.34%/82.00% | Time: fit=002s, train=000s, test=000s, total=003s
Epoch  53: Train%/Test% | Accuracy: 85.78%/83.49% | Precision: 87.39%/82.89% | Recall: 83.91%/81.05% | F1: 84.82%/81.78% | Time: fit=002s, train=000s, test=000s, total=003s
Epoch  54: Train%/Test% | Accuracy: 86.37%/82.55% | Precision: 88.31%/82.02% | Recall: 84.42%/79.76% | F1: 85.41%/80.61% | Time: fit=002s, train=000s, test=000s, total=003s
Epoch  55: Train%/Test% | Accuracy: 86.49%/84.91% | Precision: 88.93%/84.89% | Recall: 84.37%/82.17% | F1: 85.45%/83.17% | Time: fit=002s, train=000s, test=000s, total=003s
Epoch  56: Train%/Test% | Accuracy: 86.26%/84.91% | Precision: 88.78%/84.89% | Recall: 84.09%/82.17% | F1: 85.17%/83.17% | Time: fit=002s, train=000s, test=000s, total=003s
Epoch  57: Train%/Test% | Accuracy: 85.43%/85.38% | Precision: 87.22%/85.30% | Recall: 83.45%/82.81% | F1: 84.39%/83.75% | Time: fit=002s, train=000s, test=000s, total=003s
Epoch  58: Train%/Test% | Accuracy: 86.14%/84.91% | Precision: 87.93%/84.39% | Recall: 84.22%/82.70% | F1: 85.18%/83.39% | Time: fit=002s, train=000s, test=000s, total=003s
Epoch  59: Train%/Test% | Accuracy: 86.73%/83.96% | Precision: 88.56%/83.54% | Recall: 84.85%/81.42% | F1: 85.82%/82.24% | Time: fit=002s, train=000s, test=000s, total=003s
Epoch  60: Train%/Test% | Accuracy: 86.61%/83.49% | Precision: 88.09%/82.69% | Recall: 84.86%/81.31% | F1: 85.75%/81.89% | Time: fit=002s, train=000s, test=000s, total=003s
Epoch  61: Train%/Test% | Accuracy: 86.14%/83.96% | Precision: 87.22%/83.32% | Recall: 84.53%/81.69% | F1: 85.32%/82.35% | Time: fit=002s, train=000s, test=000s, total=003s
Epoch  62: Train%/Test% | Accuracy: 86.37%/83.02% | Precision: 87.65%/82.25% | Recall: 84.70%/80.67% | F1: 85.54%/81.32% | Time: fit=002s, train=000s, test=000s, total=003s
Epoch  63: Train%/Test% | Accuracy: 86.14%/83.02% | Precision: 87.30%/82.08% | Recall: 84.49%/80.94% | F1: 85.30%/81.43% | Time: fit=002s, train=000s, test=000s, total=003s
Epoch  64: Train%/Test% | Accuracy: 86.26%/81.60% | Precision: 87.24%/80.44% | Recall: 84.71%/79.55% | F1: 85.47%/79.94% | Time: fit=002s, train=000s, test=000s, total=003s
Epoch  65: Train%/Test% | Accuracy: 86.14%/83.02% | Precision: 87.22%/82.46% | Recall: 84.53%/80.41% | F1: 85.32%/81.20% | Time: fit=002s, train=000s, test=000s, total=003s
Epoch  66: Train%/Test% | Accuracy: 85.78%/83.49% | Precision: 86.72%/82.89% | Recall: 84.23%/81.05% | F1: 84.97%/81.78% | Time: fit=002s, train=000s, test=000s, total=003s
Epoch  67: Train%/Test% | Accuracy: 85.90%/83.02% | Precision: 86.74%/82.25% | Recall: 84.41%/80.67% | F1: 85.12%/81.32% | Time: fit=002s, train=000s, test=000s, total=003s
Epoch  68: Train%/Test% | Accuracy: 84.95%/82.08% | Precision: 85.12%/80.73% | Recall: 83.83%/80.73% | F1: 84.29%/80.73% | Time: fit=002s, train=000s, test=000s, total=003s
Epoch  69: Train%/Test% | Accuracy: 84.95%/81.13% | Precision: 85.08%/79.68% | Recall: 83.87%/79.98% | F1: 84.31%/79.82% | Time: fit=002s, train=000s, test=000s, total=003s
Epoch  70: Train%/Test% | Accuracy: 86.14%/81.60% | Precision: 87.00%/80.58% | Recall: 84.65%/79.29% | F1: 85.37%/79.82% | Time: fit=002s, train=000s, test=000s, total=003s
Epoch  71: Train%/Test% | Accuracy: 85.78%/80.66% | Precision: 86.44%/79.40% | Recall: 84.38%/78.54% | F1: 85.04%/78.91% | Time: fit=002s, train=000s, test=000s, total=003s
Epoch  72: Train%/Test% | Accuracy: 86.02%/82.08% | Precision: 86.63%/80.90% | Recall: 84.67%/80.20% | F1: 85.31%/80.51% | Time: fit=002s, train=000s, test=000s, total=003s
Epoch  73: Train%/Test% | Accuracy: 85.66%/81.60% | Precision: 86.34%/80.44% | Recall: 84.24%/79.55% | F1: 84.91%/79.94% | Time: fit=002s, train=000s, test=000s, total=003s
Epoch  74: Train%/Test% | Accuracy: 85.90%/82.08% | Precision: 86.81%/81.19% | Recall: 84.37%/79.66% | F1: 85.11%/80.28% | Time: fit=002s, train=000s, test=000s, total=003s
Epoch  75: Train%/Test% | Accuracy: 81.28%/75.00% | Precision: 81.84%/75.68% | Recall: 82.58%/77.54% | F1: 81.23%/74.70% | Time: fit=002s, train=000s, test=000s, total=003s
Epoch  76: Train%/Test% | Accuracy: 85.43%/83.02% | Precision: 86.22%/82.25% | Recall: 83.92%/80.67% | F1: 84.62%/81.32% | Time: fit=002s, train=000s, test=000s, total=003s
Epoch  77: Train%/Test% | Accuracy: 86.02%/82.55% | Precision: 86.90%/81.64% | Recall: 84.51%/80.30% | F1: 85.24%/80.86% | Time: fit=002s, train=000s, test=000s, total=003s
Epoch  78: Train%/Test% | Accuracy: 86.14%/83.49% | Precision: 87.39%/82.89% | Recall: 84.45%/81.05% | F1: 85.29%/81.78% | Time: fit=002s, train=000s, test=000s, total=003s
Epoch  79: Train%/Test% | Accuracy: 85.90%/83.49% | Precision: 87.38%/82.69% | Recall: 84.09%/81.31% | F1: 84.98%/81.89% | Time: fit=002s, train=000s, test=000s, total=003s
Epoch  80: Train%/Test% | Accuracy: 86.02%/83.96% | Precision: 87.05%/83.13% | Recall: 84.43%/81.96% | F1: 85.20%/82.46% | Time: fit=002s, train=000s, test=000s, total=003s
Epoch  81: Train%/Test% | Accuracy: 85.90%/83.96% | Precision: 86.81%/83.13% | Recall: 84.37%/81.96% | F1: 85.11%/82.46% | Time: fit=002s, train=000s, test=000s, total=003s
Epoch  82: Train%/Test% | Accuracy: 85.43%/83.96% | Precision: 86.44%/83.32% | Recall: 83.80%/81.69% | F1: 84.57%/82.35% | Time: fit=002s, train=000s, test=000s, total=003s
Epoch  83: Train%/Test% | Accuracy: 81.28%/73.11% | Precision: 81.95%/74.41% | Recall: 82.66%/76.05% | F1: 81.24%/72.90% | Time: fit=002s, train=000s, test=000s, total=003s
Epoch  84: Train%/Test% | Accuracy: 86.61%/83.02% | Precision: 88.28%/82.46% | Recall: 84.78%/80.41% | F1: 85.72%/81.20% | Time: fit=002s, train=000s, test=000s, total=003s
Epoch  85: Train%/Test% | Accuracy: 86.26%/81.60% | Precision: 87.48%/80.44% | Recall: 84.60%/79.55% | F1: 85.42%/79.94% | Time: fit=002s, train=000s, test=000s, total=003s
Epoch  86: Train%/Test% | Accuracy: 86.97%/83.49% | Precision: 88.27%/82.53% | Recall: 85.33%/81.58% | F1: 86.17%/82.00% | Time: fit=002s, train=000s, test=000s, total=003s
Epoch  87: Train%/Test% | Accuracy: 86.73%/83.96% | Precision: 87.92%/83.32% | Recall: 85.12%/81.69% | F1: 85.94%/82.35% | Time: fit=002s, train=000s, test=000s, total=003s
Epoch  88: Train%/Test% | Accuracy: 86.97%/83.02% | Precision: 88.18%/81.94% | Recall: 85.36%/81.21% | F1: 86.19%/81.54% | Time: fit=002s, train=000s, test=000s, total=003s
Epoch  89: Train%/Test% | Accuracy: 86.97%/82.55% | Precision: 88.18%/81.64% | Recall: 85.36%/80.30% | F1: 86.19%/80.86% | Time: fit=002s, train=000s, test=000s, total=003s
Epoch  90: Train%/Test% | Accuracy: 86.61%/83.02% | Precision: 87.59%/82.08% | Recall: 85.10%/80.94% | F1: 85.86%/81.43% | Time: fit=002s, train=000s, test=000s, total=003s
Epoch  91: Train%/Test% | Accuracy: 87.44%/83.02% | Precision: 88.79%/82.25% | Recall: 85.81%/80.67% | F1: 86.68%/81.32% | Time: fit=002s, train=000s, test=000s, total=003s
Epoch  92: Train%/Test% | Accuracy: 87.20%/83.49% | Precision: 88.53%/82.53% | Recall: 85.57%/81.58% | F1: 86.43%/82.00% | Time: fit=002s, train=000s, test=000s, total=003s
Epoch  93: Train%/Test% | Accuracy: 82.35%/72.64% | Precision: 82.83%/75.62% | Recall: 83.62%/76.75% | F1: 82.29%/72.58% | Time: fit=002s, train=000s, test=000s, total=003s
Epoch  94: Train%/Test% | Accuracy: 86.85%/83.96% | Precision: 88.09%/82.86% | Recall: 85.22%/82.49% | F1: 86.06%/82.66% | Time: fit=002s, train=000s, test=000s, total=003s
Epoch  95: Train%/Test% | Accuracy: 87.44%/84.43% | Precision: 88.88%/83.58% | Recall: 85.77%/82.60% | F1: 86.66%/83.03% | Time: fit=002s, train=000s, test=000s, total=003s
Epoch  96: Train%/Test% | Accuracy: 86.97%/83.49% | Precision: 88.02%/82.53% | Recall: 85.44%/81.58% | F1: 86.22%/82.00% | Time: fit=002s, train=000s, test=000s, total=003s
Epoch  97: Train%/Test% | Accuracy: 86.61%/83.02% | Precision: 87.59%/82.08% | Recall: 85.10%/80.94% | F1: 85.86%/81.43% | Time: fit=002s, train=000s, test=000s, total=003s
Epoch  98: Train%/Test% | Accuracy: 87.32%/82.08% | Precision: 88.80%/81.03% | Recall: 85.63%/79.93% | F1: 86.53%/80.40% | Time: fit=002s, train=000s, test=000s, total=003s
Epoch  99: Train%/Test% | Accuracy: 86.97%/82.08% | Precision: 88.35%/81.19% | Recall: 85.29%/79.66% | F1: 86.16%/80.28% | Time: fit=002s, train=000s, test=000s, total=003s
Epoch 100: Train%/Test% | Accuracy: 86.97%/82.08% | Precision: 88.44%/81.59% | Recall: 85.25%/79.12% | F1: 86.14%/80.02% | Time: fit=002s, train=000s, test=000s, total=003s
Epoch 101: Train%/Test% | Accuracy: 86.73%/83.49% | Precision: 88.27%/82.89% | Recall: 84.96%/81.05% | F1: 85.87%/81.78% | Time: fit=002s, train=000s, test=000s, total=003s
Epoch 102: Train%/Test% | Accuracy: 86.85%/83.49% | Precision: 88.01%/82.69% | Recall: 85.26%/81.31% | F1: 86.07%/81.89% | Time: fit=002s, train=000s, test=000s, total=003s
Epoch 103: Train%/Test% | Accuracy: 86.73%/82.08% | Precision: 88.27%/81.59% | Recall: 84.96%/79.12% | F1: 85.87%/80.02% | Time: fit=002s, train=000s, test=000s, total=003s
Epoch 104: Train%/Test% | Accuracy: 87.09%/83.49% | Precision: 88.72%/83.11% | Recall: 85.31%/80.78% | F1: 86.24%/81.66% | Time: fit=002s, train=000s, test=000s, total=003s
Epoch 105: Train%/Test% | Accuracy: 86.97%/84.91% | Precision: 88.35%/84.62% | Recall: 85.29%/82.43% | F1: 86.16%/83.29% | Time: fit=002s, train=000s, test=000s, total=003s
Epoch 106: Train%/Test% | Accuracy: 86.85%/83.49% | Precision: 87.93%/82.53% | Recall: 85.30%/81.58% | F1: 86.09%/82.00% | Time: fit=002s, train=000s, test=000s, total=003s
Epoch 107: Train%/Test% | Accuracy: 86.61%/80.66% | Precision: 87.44%/79.24% | Recall: 85.18%/79.08% | F1: 85.89%/79.15% | Time: fit=002s, train=000s, test=000s, total=003s
Epoch 108: Train%/Test% | Accuracy: 87.56%/83.96% | Precision: 89.25%/83.32% | Recall: 85.80%/81.69% | F1: 86.75%/82.35% | Time: fit=002s, train=000s, test=000s, total=003s
Epoch 109: Train%/Test% | Accuracy: 87.68%/82.55% | Precision: 89.15%/81.64% | Recall: 86.02%/80.30% | F1: 86.91%/80.86% | Time: fit=002s, train=000s, test=000s, total=003s
Epoch 110: Train%/Test% | Accuracy: 87.68%/83.49% | Precision: 89.15%/82.69% | Recall: 86.02%/81.31% | F1: 86.91%/81.89% | Time: fit=002s, train=000s, test=000s, total=003s
Epoch 111: Train%/Test% | Accuracy: 87.09%/83.02% | Precision: 88.44%/81.94% | Recall: 85.43%/81.21% | F1: 86.29%/81.54% | Time: fit=002s, train=000s, test=000s, total=003s
Epoch 112: Train%/Test% | Accuracy: 86.97%/83.02% | Precision: 88.10%/81.83% | Recall: 85.40%/81.48% | F1: 86.21%/81.65% | Time: fit=002s, train=000s, test=000s, total=003s
Epoch 113: Train%/Test% | Accuracy: 85.66%/80.19% | Precision: 85.98%/78.68% | Recall: 84.48%/79.51% | F1: 85.00%/79.02% | Time: fit=002s, train=000s, test=000s, total=003s
Epoch 114: Train%/Test% | Accuracy: 81.75%/73.11% | Precision: 82.61%/75.49% | Recall: 83.27%/76.86% | F1: 81.72%/73.01% | Time: fit=002s, train=000s, test=000s, total=003s
Epoch 115: Train%/Test% | Accuracy: 79.38%/69.81% | Precision: 81.08%/74.03% | Recall: 81.30%/74.51% | F1: 79.38%/69.80% | Time: fit=002s, train=000s, test=000s, total=003s
Epoch 116: Train%/Test% | Accuracy: 80.33%/71.23% | Precision: 81.66%/74.82% | Recall: 82.08%/75.63% | F1: 80.32%/71.20% | Time: fit=002s, train=000s, test=000s, total=003s
Epoch 117: Train%/Test% | Accuracy: 81.75%/73.58% | Precision: 82.37%/75.05% | Recall: 83.11%/76.69% | F1: 81.71%/73.39% | Time: fit=002s, train=000s, test=000s, total=003s
Epoch 118: Train%/Test% | Accuracy: 82.11%/74.53% | Precision: 82.70%/76.01% | Recall: 83.45%/77.71% | F1: 82.06%/74.34% | Time: fit=002s, train=000s, test=000s, total=003s
Epoch 119: Train%/Test% | Accuracy: 82.23%/75.47% | Precision: 82.63%/76.30% | Recall: 83.44%/78.19% | F1: 82.16%/75.20% | Time: fit=002s, train=000s, test=000s, total=003s
Epoch 120: Train%/Test% | Accuracy: 86.85%/83.49% | Precision: 88.09%/82.89% | Recall: 85.22%/81.05% | F1: 86.06%/81.78% | Time: fit=002s, train=000s, test=000s, total=003s
Epoch 121: Train%/Test% | Accuracy: 86.73%/83.49% | Precision: 87.68%/82.53% | Recall: 85.24%/81.58% | F1: 85.99%/82.00% | Time: fit=002s, train=000s, test=000s, total=003s
Epoch 122: Train%/Test% | Accuracy: 86.73%/83.49% | Precision: 88.27%/82.69% | Recall: 84.96%/81.31% | F1: 85.87%/81.89% | Time: fit=002s, train=000s, test=000s, total=003s
Epoch 123: Train%/Test% | Accuracy: 86.14%/83.96% | Precision: 87.22%/83.13% | Recall: 84.53%/81.96% | F1: 85.32%/82.46% | Time: fit=002s, train=000s, test=000s, total=003s
Epoch 124: Train%/Test% | Accuracy: 86.73%/83.96% | Precision: 88.00%/83.13% | Recall: 85.08%/81.96% | F1: 85.92%/82.46% | Time: fit=002s, train=000s, test=000s, total=003s
Epoch 125: Train%/Test% | Accuracy: 86.97%/83.02% | Precision: 88.27%/82.08% | Recall: 85.33%/80.94% | F1: 86.17%/81.43% | Time: fit=002s, train=000s, test=000s, total=003s
Epoch 126: Train%/Test% | Accuracy: 81.99%/73.58% | Precision: 82.45%/74.72% | Recall: 83.24%/76.43% | F1: 81.93%/73.35% | Time: fit=002s, train=000s, test=000s, total=003s
Epoch 127: Train%/Test% | Accuracy: 87.56%/83.02% | Precision: 89.55%/82.25% | Recall: 85.68%/80.67% | F1: 86.70%/81.32% | Time: fit=002s, train=000s, test=000s, total=003s
Epoch 128: Train%/Test% | Accuracy: 87.32%/83.02% | Precision: 88.89%/82.25% | Recall: 85.59%/80.67% | F1: 86.51%/81.32% | Time: fit=002s, train=000s, test=000s, total=003s
Epoch 129: Train%/Test% | Accuracy: 87.32%/82.08% | Precision: 89.08%/81.37% | Recall: 85.51%/79.39% | F1: 86.48%/80.15% | Time: fit=002s, train=000s, test=000s, total=003s
Epoch 130: Train%/Test% | Accuracy: 87.32%/82.08% | Precision: 89.08%/81.37% | Recall: 85.51%/79.39% | F1: 86.48%/80.15% | Time: fit=002s, train=000s, test=000s, total=003s
Epoch 131: Train%/Test% | Accuracy: 87.32%/83.02% | Precision: 89.08%/82.69% | Recall: 85.51%/80.14% | F1: 86.48%/81.07% | Time: fit=002s, train=000s, test=000s, total=003s
Epoch 132: Train%/Test% | Accuracy: 86.85%/83.02% | Precision: 88.74%/82.69% | Recall: 84.95%/80.14% | F1: 85.94%/81.07% | Time: fit=002s, train=000s, test=000s, total=003s
Epoch 133: Train%/Test% | Accuracy: 86.97%/82.55% | Precision: 88.35%/81.64% | Recall: 85.29%/80.30% | F1: 86.16%/80.86% | Time: fit=002s, train=000s, test=000s, total=003s
Epoch 134: Train%/Test% | Accuracy: 86.97%/83.49% | Precision: 88.73%/83.38% | Recall: 85.13%/80.51% | F1: 86.09%/81.53% | Time: fit=002s, train=000s, test=000s, total=003s
Epoch 135: Train%/Test% | Accuracy: 86.97%/83.02% | Precision: 88.10%/82.25% | Recall: 85.40%/80.67% | F1: 86.21%/81.32% | Time: fit=002s, train=000s, test=000s, total=003s
Epoch 136: Train%/Test% | Accuracy: 86.61%/83.49% | Precision: 88.00%/83.11% | Recall: 84.90%/80.78% | F1: 85.77%/81.66% | Time: fit=002s, train=000s, test=000s, total=003s
Epoch 137: Train%/Test% | Accuracy: 87.32%/83.96% | Precision: 89.61%/83.79% | Recall: 85.32%/81.15% | F1: 86.39%/82.12% | Time: fit=002s, train=000s, test=000s, total=003s
Epoch 138: Train%/Test% | Accuracy: 87.32%/84.43% | Precision: 88.71%/83.58% | Recall: 85.67%/82.60% | F1: 86.54%/83.03% | Time: fit=002s, train=000s, test=000s, total=003s
Epoch 139: Train%/Test% | Accuracy: 87.09%/83.02% | Precision: 88.53%/82.46% | Recall: 85.39%/80.41% | F1: 86.28%/81.20% | Time: fit=002s, train=000s, test=000s, total=003s
Epoch 140: Train%/Test% | Accuracy: 86.37%/83.02% | Precision: 87.26%/81.94% | Recall: 84.89%/81.21% | F1: 85.62%/81.54% | Time: fit=002s, train=000s, test=000s, total=003s
Epoch 141: Train%/Test% | Accuracy: 87.44%/83.96% | Precision: 89.26%/83.79% | Recall: 85.62%/81.15% | F1: 86.59%/82.12% | Time: fit=002s, train=000s, test=000s, total=003s
Epoch 142: Train%/Test% | Accuracy: 87.56%/83.49% | Precision: 89.66%/82.89% | Recall: 85.64%/81.05% | F1: 86.68%/81.78% | Time: fit=002s, train=000s, test=000s, total=003s
Epoch 143: Train%/Test% | Accuracy: 87.80%/82.55% | Precision: 89.33%/81.81% | Recall: 86.12%/80.03% | F1: 87.03%/80.74% | Time: fit=002s, train=000s, test=000s, total=003s
Epoch 144: Train%/Test% | Accuracy: 86.37%/82.08% | Precision: 87.05%/80.90% | Recall: 85.01%/80.20% | F1: 85.67%/80.51% | Time: fit=002s, train=000s, test=000s, total=003s
Epoch 145: Train%/Test% | Accuracy: 86.26%/82.55% | Precision: 86.82%/81.49% | Recall: 84.95%/80.57% | F1: 85.57%/80.97% | Time: fit=002s, train=000s, test=000s, total=003s
Epoch 146: Train%/Test% | Accuracy: 85.55%/81.60% | Precision: 85.68%/80.17% | Recall: 84.49%/80.63% | F1: 84.93%/80.38% | Time: fit=002s, train=000s, test=000s, total=003s
Epoch 147: Train%/Test% | Accuracy: 85.31%/82.08% | Precision: 85.39%/80.68% | Recall: 84.29%/81.00% | F1: 84.70%/80.83% | Time: fit=002s, train=000s, test=000s, total=003s
Epoch 148: Train%/Test% | Accuracy: 87.20%/83.96% | Precision: 88.28%/83.13% | Recall: 85.69%/81.96% | F1: 86.47%/82.46% | Time: fit=002s, train=000s, test=000s, total=003s
Epoch 149: Train%/Test% | Accuracy: 86.85%/82.55% | Precision: 87.70%/81.37% | Recall: 85.42%/80.84% | F1: 86.14%/81.08% | Time: fit=002s, train=000s, test=000s, total=002s
Epoch 150: Train%/Test% | Accuracy: 87.68%/83.96% | Precision: 89.15%/83.32% | Recall: 86.02%/81.69% | F1: 86.91%/82.35% | Time: fit=001s, train=000s, test=000s, total=001s
