[*] Load dataset...
[*] Fix malformed data...
[*] Split...
[*] Encoding...
[*] -> domain...
pipeline.py:185: SettingWithCopyWarning: 
A value is trying to be set on a copy of a slice from a DataFrame.
Try using .loc[row_indexer,col_indexer] = value instead

See the caveats in the documentation: https://pandas.pydata.org/pandas-docs/stable/user_guide/indexing.html#returning-a-view-versus-a-copy
  train_df['domain'] = train_df['url'].apply(extract_domain)
pipeline.py:186: SettingWithCopyWarning: 
A value is trying to be set on a copy of a slice from a DataFrame.
Try using .loc[row_indexer,col_indexer] = value instead

See the caveats in the documentation: https://pandas.pydata.org/pandas-docs/stable/user_guide/indexing.html#returning-a-view-versus-a-copy
  test_df['domain'] = test_df['url'].apply(extract_domain)
[*] Encoding complete!
==============================
Using GPU for training
Dataset: FakeNewsNet-gossipcop
TMU params: num-clauses=5000, T=250, s=10.0
Epochs: 150
Feature(s): domain
max-vocab=10000, max-domain=500, max-tweet=500
====================
Train size: 17712
Train classes: 2
Test size: 4428
Test classes: 2
Total features: 500
==============================
[*] Training for 150 epochs...
Epoch   1: Train%/Test% | Accuracy: 70.17%/68.56% | Precision: 63.96%/62.99% | Recall: 67.59%/66.69% | F1: 64.46%/63.20% | Time: fit=169s, train=033s, test=008s, total=210s
Epoch   2: Train%/Test% | Accuracy: 70.57%/69.42% | Precision: 64.22%/63.61% | Recall: 67.83%/67.35% | F1: 64.79%/63.97% | Time: fit=167s, train=033s, test=008s, total=208s
Epoch   3: Train%/Test% | Accuracy: 70.91%/70.37% | Precision: 64.15%/64.03% | Recall: 67.47%/67.56% | F1: 64.80%/64.58% | Time: fit=167s, train=033s, test=008s, total=208s
Epoch   4: Train%/Test% | Accuracy: 72.21%/71.05% | Precision: 65.00%/64.40% | Recall: 68.06%/67.78% | F1: 65.78%/65.05% | Time: fit=167s, train=032s, test=008s, total=207s
Epoch   5: Train%/Test% | Accuracy: 72.56%/71.41% | Precision: 65.32%/64.71% | Recall: 68.39%/68.12% | F1: 66.13%/65.41% | Time: fit=167s, train=032s, test=008s, total=207s
Epoch   6: Train%/Test% | Accuracy: 73.50%/72.43% | Precision: 66.19%/65.42% | Recall: 69.22%/68.66% | F1: 67.07%/66.23% | Time: fit=167s, train=032s, test=008s, total=207s
Epoch   7: Train%/Test% | Accuracy: 73.32%/72.04% | Precision: 66.17%/65.43% | Recall: 69.39%/69.01% | F1: 67.06%/66.19% | Time: fit=167s, train=032s, test=008s, total=207s
Epoch   8: Train%/Test% | Accuracy: 74.57%/73.44% | Precision: 67.14%/66.50% | Recall: 70.04%/69.90% | F1: 68.07%/67.40% | Time: fit=167s, train=032s, test=008s, total=207s
Epoch   9: Train%/Test% | Accuracy: 74.48%/73.31% | Precision: 66.90%/66.08% | Recall: 69.59%/69.14% | F1: 67.80%/66.95% | Time: fit=167s, train=032s, test=008s, total=207s
Epoch  10: Train%/Test% | Accuracy: 74.24%/73.69% | Precision: 66.72%/66.41% | Recall: 69.50%/69.43% | F1: 67.62%/67.30% | Time: fit=167s, train=032s, test=008s, total=207s
Epoch  11: Train%/Test% | Accuracy: 74.54%/73.37% | Precision: 67.07%/66.31% | Recall: 69.91%/69.57% | F1: 68.00%/67.20% | Time: fit=167s, train=032s, test=008s, total=207s
Epoch  12: Train%/Test% | Accuracy: 74.78%/73.51% | Precision: 67.10%/66.08% | Recall: 69.63%/68.92% | F1: 67.98%/66.95% | Time: fit=167s, train=032s, test=008s, total=207s
Epoch  13: Train%/Test% | Accuracy: 74.38%/72.85% | Precision: 66.94%/65.65% | Recall: 69.82%/68.72% | F1: 67.86%/66.49% | Time: fit=167s, train=032s, test=008s, total=207s
Epoch  14: Train%/Test% | Accuracy: 75.32%/73.92% | Precision: 67.45%/66.25% | Recall: 69.61%/68.78% | F1: 68.26%/67.09% | Time: fit=167s, train=032s, test=008s, total=207s
Epoch  15: Train%/Test% | Accuracy: 74.22%/72.43% | Precision: 66.85%/65.36% | Recall: 69.84%/68.53% | F1: 67.78%/66.16% | Time: fit=167s, train=032s, test=008s, total=207s
Epoch  16: Train%/Test% | Accuracy: 74.52%/73.01% | Precision: 67.06%/65.76% | Recall: 69.90%/68.79% | F1: 67.98%/66.61% | Time: fit=167s, train=032s, test=008s, total=207s
Epoch  17: Train%/Test% | Accuracy: 74.90%/72.92% | Precision: 67.29%/65.55% | Recall: 69.91%/68.44% | F1: 68.19%/66.38% | Time: fit=167s, train=032s, test=008s, total=207s
Epoch  18: Train%/Test% | Accuracy: 75.05%/72.79% | Precision: 67.49%/65.41% | Recall: 70.18%/68.29% | F1: 68.41%/66.23% | Time: fit=167s, train=032s, test=008s, total=206s
Epoch  19: Train%/Test% | Accuracy: 75.53%/73.64% | Precision: 67.96%/66.18% | Recall: 70.58%/68.98% | F1: 68.89%/67.05% | Time: fit=167s, train=032s, test=008s, total=207s
Epoch  20: Train%/Test% | Accuracy: 75.58%/74.07% | Precision: 67.97%/66.58% | Recall: 70.49%/69.33% | F1: 68.88%/67.46% | Time: fit=167s, train=032s, test=008s, total=207s
Epoch  21: Train%/Test% | Accuracy: 75.18%/73.55% | Precision: 67.63%/66.24% | Recall: 70.30%/69.21% | F1: 68.55%/67.12% | Time: fit=167s, train=032s, test=008s, total=207s
Epoch  22: Train%/Test% | Accuracy: 75.10%/73.51% | Precision: 67.59%/66.26% | Recall: 70.34%/69.31% | F1: 68.53%/67.14% | Time: fit=167s, train=032s, test=008s, total=207s
Epoch  23: Train%/Test% | Accuracy: 75.50%/73.62% | Precision: 67.93%/66.18% | Recall: 70.54%/69.00% | F1: 68.85%/67.05% | Time: fit=167s, train=032s, test=008s, total=207s
Epoch  24: Train%/Test% | Accuracy: 75.40%/73.78% | Precision: 67.82%/66.34% | Recall: 70.42%/69.17% | F1: 68.74%/67.22% | Time: fit=167s, train=032s, test=008s, total=206s
Epoch  25: Train%/Test% | Accuracy: 74.46%/72.65% | Precision: 67.31%/65.78% | Recall: 70.59%/69.19% | F1: 68.29%/66.61% | Time: fit=167s, train=032s, test=008s, total=206s
Epoch  26: Train%/Test% | Accuracy: 75.92%/73.85% | Precision: 68.44%/66.50% | Recall: 71.14%/69.44% | F1: 69.40%/67.39% | Time: fit=167s, train=032s, test=008s, total=207s
Epoch  27: Train%/Test% | Accuracy: 75.43%/73.17% | Precision: 67.97%/65.94% | Recall: 70.76%/68.99% | F1: 68.93%/66.80% | Time: fit=167s, train=032s, test=008s, total=207s
Epoch  28: Train%/Test% | Accuracy: 75.50%/73.67% | Precision: 68.01%/66.42% | Recall: 70.74%/69.48% | F1: 68.96%/67.32% | Time: fit=167s, train=032s, test=008s, total=207s
Epoch  29: Train%/Test% | Accuracy: 74.94%/73.17% | Precision: 67.78%/66.38% | Recall: 71.04%/69.92% | F1: 68.78%/67.26% | Time: fit=167s, train=032s, test=008s, total=207s
Epoch  30: Train%/Test% | Accuracy: 75.21%/73.22% | Precision: 67.96%/66.34% | Recall: 71.08%/69.79% | F1: 68.96%/67.22% | Time: fit=167s, train=032s, test=008s, total=207s
Epoch  31: Train%/Test% | Accuracy: 75.55%/73.55% | Precision: 68.13%/66.46% | Recall: 70.98%/69.69% | F1: 69.11%/67.36% | Time: fit=167s, train=032s, test=008s, total=207s
Epoch  32: Train%/Test% | Accuracy: 75.35%/73.08% | Precision: 67.89%/66.05% | Recall: 70.68%/69.31% | F1: 68.84%/66.91% | Time: fit=167s, train=032s, test=008s, total=206s
Epoch  33: Train%/Test% | Accuracy: 74.91%/72.79% | Precision: 67.59%/65.86% | Recall: 70.62%/69.22% | F1: 68.56%/66.70% | Time: fit=167s, train=032s, test=008s, total=207s
Epoch  34: Train%/Test% | Accuracy: 74.28%/72.45% | Precision: 67.20%/65.83% | Recall: 70.54%/69.47% | F1: 68.16%/66.64% | Time: fit=167s, train=032s, test=008s, total=206s
Epoch  35: Train%/Test% | Accuracy: 74.54%/72.79% | Precision: 67.57%/66.36% | Recall: 71.07%/70.24% | F1: 68.57%/67.19% | Time: fit=167s, train=032s, test=008s, total=206s
Epoch  36: Train%/Test% | Accuracy: 74.75%/72.94% | Precision: 67.73%/66.46% | Recall: 71.18%/70.31% | F1: 68.74%/67.31% | Time: fit=167s, train=032s, test=008s, total=206s
Epoch  37: Train%/Test% | Accuracy: 74.55%/72.90% | Precision: 67.53%/66.45% | Recall: 70.97%/70.31% | F1: 68.52%/67.29% | Time: fit=167s, train=032s, test=008s, total=206s
Epoch  38: Train%/Test% | Accuracy: 75.19%/73.19% | Precision: 67.85%/66.36% | Recall: 70.85%/69.87% | F1: 68.83%/67.24% | Time: fit=167s, train=032s, test=008s, total=206s
Epoch  39: Train%/Test% | Accuracy: 75.51%/72.85% | Precision: 68.10%/65.90% | Recall: 70.96%/69.23% | F1: 69.08%/66.74% | Time: fit=167s, train=032s, test=008s, total=207s
Epoch  40: Train%/Test% | Accuracy: 75.21%/73.01% | Precision: 67.89%/66.18% | Recall: 70.89%/69.65% | F1: 68.87%/67.04% | Time: fit=167s, train=032s, test=008s, total=206s
Epoch  41: Train%/Test% | Accuracy: 74.99%/72.45% | Precision: 67.78%/65.67% | Recall: 70.97%/69.15% | F1: 68.78%/66.48% | Time: fit=167s, train=032s, test=008s, total=207s
Epoch  42: Train%/Test% | Accuracy: 74.94%/73.15% | Precision: 67.75%/66.30% | Recall: 70.96%/69.77% | F1: 68.74%/67.17% | Time: fit=167s, train=032s, test=008s, total=207s
Epoch  43: Train%/Test% | Accuracy: 75.25%/72.83% | Precision: 67.96%/65.89% | Recall: 71.02%/69.25% | F1: 68.96%/66.74% | Time: fit=167s, train=032s, test=008s, total=207s
Epoch  44: Train%/Test% | Accuracy: 75.06%/72.97% | Precision: 67.77%/65.96% | Recall: 70.84%/69.24% | F1: 68.76%/66.81% | Time: fit=167s, train=032s, test=008s, total=207s
Epoch  45: Train%/Test% | Accuracy: 74.94%/72.70% | Precision: 67.77%/65.88% | Recall: 71.00%/69.35% | F1: 68.77%/66.72% | Time: fit=167s, train=032s, test=008s, total=206s
Epoch  46: Train%/Test% | Accuracy: 74.83%/72.34% | Precision: 67.62%/65.48% | Recall: 70.82%/68.85% | F1: 68.61%/66.28% | Time: fit=167s, train=032s, test=008s, total=206s
Epoch  47: Train%/Test% | Accuracy: 74.72%/72.36% | Precision: 67.70%/65.75% | Recall: 71.14%/69.38% | F1: 68.71%/66.54% | Time: fit=167s, train=032s, test=008s, total=206s
Epoch  48: Train%/Test% | Accuracy: 74.64%/72.18% | Precision: 67.65%/65.53% | Recall: 71.13%/69.10% | F1: 68.65%/66.31% | Time: fit=167s, train=032s, test=008s, total=207s
Epoch  49: Train%/Test% | Accuracy: 75.26%/73.19% | Precision: 67.94%/66.12% | Recall: 70.95%/69.36% | F1: 68.93%/66.99% | Time: fit=167s, train=032s, test=008s, total=207s
Epoch  50: Train%/Test% | Accuracy: 74.46%/72.40% | Precision: 67.54%/65.77% | Recall: 71.09%/69.38% | F1: 68.53%/66.57% | Time: fit=167s, train=032s, test=008s, total=207s
Epoch  51: Train%/Test% | Accuracy: 74.59%/72.43% | Precision: 67.61%/65.85% | Recall: 71.11%/69.52% | F1: 68.61%/66.65% | Time: fit=167s, train=032s, test=008s, total=207s
Epoch  52: Train%/Test% | Accuracy: 74.79%/72.29% | Precision: 67.67%/65.54% | Recall: 70.98%/69.02% | F1: 68.67%/66.33% | Time: fit=167s, train=032s, test=008s, total=206s
Epoch  53: Train%/Test% | Accuracy: 75.22%/73.13% | Precision: 67.91%/66.16% | Recall: 70.94%/69.50% | F1: 68.90%/67.03% | Time: fit=167s, train=032s, test=008s, total=207s
Epoch  54: Train%/Test% | Accuracy: 75.46%/73.31% | Precision: 68.08%/66.18% | Recall: 70.98%/69.37% | F1: 69.06%/67.06% | Time: fit=167s, train=032s, test=008s, total=206s
Epoch  55: Train%/Test% | Accuracy: 75.51%/73.10% | Precision: 68.22%/66.16% | Recall: 71.27%/69.52% | F1: 69.23%/67.03% | Time: fit=167s, train=032s, test=008s, total=207s
Epoch  56: Train%/Test% | Accuracy: 75.21%/73.42% | Precision: 68.04%/66.59% | Recall: 71.28%/70.11% | F1: 69.06%/67.49% | Time: fit=167s, train=032s, test=008s, total=206s
Epoch  57: Train%/Test% | Accuracy: 74.67%/72.81% | Precision: 67.66%/66.19% | Recall: 71.11%/69.87% | F1: 68.66%/67.03% | Time: fit=166s, train=032s, test=008s, total=206s
Epoch  58: Train%/Test% | Accuracy: 75.51%/73.55% | Precision: 68.18%/66.49% | Recall: 71.17%/69.75% | F1: 69.18%/67.39% | Time: fit=167s, train=032s, test=008s, total=206s
Epoch  59: Train%/Test% | Accuracy: 75.64%/73.80% | Precision: 68.32%/66.84% | Recall: 71.31%/70.24% | F1: 69.32%/67.77% | Time: fit=166s, train=032s, test=008s, total=206s
Epoch  60: Train%/Test% | Accuracy: 75.12%/73.08% | Precision: 67.95%/66.27% | Recall: 71.19%/69.79% | F1: 68.97%/67.15% | Time: fit=167s, train=032s, test=008s, total=207s
Epoch  61: Train%/Test% | Accuracy: 75.34%/73.46% | Precision: 68.07%/66.43% | Recall: 71.16%/69.73% | F1: 69.08%/67.33% | Time: fit=167s, train=032s, test=008s, total=206s
Epoch  62: Train%/Test% | Accuracy: 75.77%/73.96% | Precision: 68.40%/66.84% | Recall: 71.30%/70.05% | F1: 69.40%/67.77% | Time: fit=166s, train=032s, test=008s, total=206s
Epoch  63: Train%/Test% | Accuracy: 75.32%/73.37% | Precision: 68.14%/66.39% | Recall: 71.35%/69.73% | F1: 69.16%/67.28% | Time: fit=167s, train=032s, test=008s, total=206s
Epoch  64: Train%/Test% | Accuracy: 75.42%/73.46% | Precision: 68.16%/66.44% | Recall: 71.25%/69.76% | F1: 69.16%/67.34% | Time: fit=167s, train=032s, test=008s, total=206s
Epoch  65: Train%/Test% | Accuracy: 75.50%/73.98% | Precision: 68.23%/66.96% | Recall: 71.30%/70.29% | F1: 69.24%/67.90% | Time: fit=167s, train=032s, test=008s, total=206s
Epoch  66: Train%/Test% | Accuracy: 74.62%/72.67% | Precision: 67.67%/66.01% | Recall: 71.21%/69.62% | F1: 68.68%/66.83% | Time: fit=167s, train=032s, test=008s, total=207s
Epoch  67: Train%/Test% | Accuracy: 74.42%/72.20% | Precision: 67.57%/65.71% | Recall: 71.22%/69.44% | F1: 68.57%/66.48% | Time: fit=166s, train=032s, test=008s, total=206s
Epoch  68: Train%/Test% | Accuracy: 74.52%/72.38% | Precision: 67.54%/65.70% | Recall: 71.03%/69.27% | F1: 68.53%/66.50% | Time: fit=167s, train=032s, test=008s, total=206s
Epoch  69: Train%/Test% | Accuracy: 75.29%/74.10% | Precision: 67.97%/66.94% | Recall: 70.98%/70.11% | F1: 68.96%/67.87% | Time: fit=167s, train=032s, test=008s, total=206s
Epoch  70: Train%/Test% | Accuracy: 74.98%/73.85% | Precision: 67.79%/66.89% | Recall: 71.00%/70.30% | F1: 68.79%/67.82% | Time: fit=167s, train=032s, test=008s, total=206s
Epoch  71: Train%/Test% | Accuracy: 74.95%/72.85% | Precision: 67.92%/66.08% | Recall: 71.35%/69.61% | F1: 68.94%/66.93% | Time: fit=166s, train=032s, test=008s, total=206s
Epoch  72: Train%/Test% | Accuracy: 75.08%/73.37% | Precision: 67.93%/66.57% | Recall: 71.21%/70.11% | F1: 68.95%/67.47% | Time: fit=167s, train=032s, test=008s, total=206s
Epoch  73: Train%/Test% | Accuracy: 75.06%/73.06% | Precision: 68.00%/66.38% | Recall: 71.41%/70.03% | F1: 69.03%/67.25% | Time: fit=167s, train=032s, test=008s, total=207s
Epoch  74: Train%/Test% | Accuracy: 74.55%/72.81% | Precision: 67.66%/66.25% | Recall: 71.26%/70.00% | F1: 68.66%/67.09% | Time: fit=166s, train=032s, test=008s, total=206s
Epoch  75: Train%/Test% | Accuracy: 74.89%/72.90% | Precision: 67.87%/66.23% | Recall: 71.33%/69.87% | F1: 68.89%/67.08% | Time: fit=166s, train=032s, test=008s, total=206s
Epoch  76: Train%/Test% | Accuracy: 75.03%/72.76% | Precision: 67.95%/66.08% | Recall: 71.33%/69.68% | F1: 68.98%/66.91% | Time: fit=166s, train=032s, test=008s, total=206s
Epoch  77: Train%/Test% | Accuracy: 74.71%/72.67% | Precision: 67.75%/66.05% | Recall: 71.26%/69.72% | F1: 68.76%/66.88% | Time: fit=166s, train=032s, test=008s, total=206s
Epoch  78: Train%/Test% | Accuracy: 74.90%/73.13% | Precision: 67.81%/66.28% | Recall: 71.17%/69.76% | F1: 68.82%/67.15% | Time: fit=167s, train=032s, test=008s, total=206s
Epoch  79: Train%/Test% | Accuracy: 75.09%/72.88% | Precision: 67.99%/66.02% | Recall: 71.34%/69.47% | F1: 69.02%/66.87% | Time: fit=166s, train=032s, test=008s, total=206s
Epoch  80: Train%/Test% | Accuracy: 74.80%/72.90% | Precision: 67.85%/66.12% | Recall: 71.39%/69.64% | F1: 68.87%/66.97% | Time: fit=167s, train=032s, test=008s, total=206s
Epoch  81: Train%/Test% | Accuracy: 75.02%/73.24% | Precision: 67.90%/66.26% | Recall: 71.20%/69.61% | F1: 68.91%/67.14% | Time: fit=167s, train=032s, test=008s, total=206s
Epoch  82: Train%/Test% | Accuracy: 74.36%/72.45% | Precision: 67.61%/66.07% | Recall: 71.38%/69.95% | F1: 68.61%/66.86% | Time: fit=166s, train=032s, test=008s, total=206s
Epoch  83: Train%/Test% | Accuracy: 75.13%/73.42% | Precision: 68.14%/66.69% | Recall: 71.62%/70.34% | F1: 69.17%/67.60% | Time: fit=167s, train=032s, test=008s, total=207s
Epoch  84: Train%/Test% | Accuracy: 75.33%/73.46% | Precision: 68.20%/66.64% | Recall: 71.50%/70.17% | F1: 69.23%/67.55% | Time: fit=167s, train=032s, test=008s, total=206s
Epoch  85: Train%/Test% | Accuracy: 74.99%/72.76% | Precision: 68.10%/66.20% | Recall: 71.72%/69.94% | F1: 69.14%/67.03% | Time: fit=167s, train=032s, test=008s, total=206s
Epoch  86: Train%/Test% | Accuracy: 75.54%/73.58% | Precision: 68.45%/66.62% | Recall: 71.80%/70.02% | F1: 69.50%/67.54% | Time: fit=167s, train=032s, test=008s, total=206s
Epoch  87: Train%/Test% | Accuracy: 74.94%/72.79% | Precision: 68.08%/66.17% | Recall: 71.74%/69.86% | F1: 69.12%/67.01% | Time: fit=167s, train=032s, test=008s, total=206s
Epoch  88: Train%/Test% | Accuracy: 74.99%/73.19% | Precision: 68.08%/66.45% | Recall: 71.69%/70.06% | F1: 69.12%/67.34% | Time: fit=166s, train=032s, test=008s, total=206s
Epoch  89: Train%/Test% | Accuracy: 74.93%/73.22% | Precision: 68.00%/66.46% | Recall: 71.57%/70.04% | F1: 69.03%/67.34% | Time: fit=167s, train=032s, test=008s, total=206s
Epoch  90: Train%/Test% | Accuracy: 74.75%/73.08% | Precision: 67.96%/66.47% | Recall: 71.70%/70.21% | F1: 68.98%/67.34% | Time: fit=167s, train=032s, test=008s, total=206s
Epoch  91: Train%/Test% | Accuracy: 75.04%/73.10% | Precision: 68.11%/66.37% | Recall: 71.68%/69.97% | F1: 69.15%/67.24% | Time: fit=166s, train=032s, test=008s, total=206s
Epoch  92: Train%/Test% | Accuracy: 74.93%/73.10% | Precision: 68.00%/66.38% | Recall: 71.59%/70.00% | F1: 69.04%/67.26% | Time: fit=167s, train=032s, test=008s, total=206s
Epoch  93: Train%/Test% | Accuracy: 75.38%/73.49% | Precision: 68.26%/66.55% | Recall: 71.57%/69.97% | F1: 69.30%/67.46% | Time: fit=166s, train=032s, test=008s, total=206s
Epoch  94: Train%/Test% | Accuracy: 75.34%/73.49% | Precision: 68.29%/66.46% | Recall: 71.70%/69.77% | F1: 69.34%/67.36% | Time: fit=166s, train=032s, test=008s, total=206s
Epoch  95: Train%/Test% | Accuracy: 75.26%/73.49% | Precision: 68.22%/66.55% | Recall: 71.64%/69.97% | F1: 69.26%/67.46% | Time: fit=166s, train=032s, test=008s, total=206s
Epoch  96: Train%/Test% | Accuracy: 75.62%/74.14% | Precision: 68.43%/67.09% | Recall: 71.61%/70.40% | F1: 69.46%/68.04% | Time: fit=167s, train=032s, test=008s, total=206s
Epoch  97: Train%/Test% | Accuracy: 75.52%/73.71% | Precision: 68.33%/66.73% | Recall: 71.53%/70.11% | F1: 69.36%/67.66% | Time: fit=166s, train=032s, test=008s, total=206s
Epoch  98: Train%/Test% | Accuracy: 75.62%/73.96% | Precision: 68.41%/66.97% | Recall: 71.57%/70.34% | F1: 69.44%/67.91% | Time: fit=166s, train=032s, test=008s, total=206s
Epoch  99: Train%/Test% | Accuracy: 75.70%/73.85% | Precision: 68.39%/66.80% | Recall: 71.40%/70.11% | F1: 69.40%/67.73% | Time: fit=166s, train=032s, test=008s, total=206s
Epoch 100: Train%/Test% | Accuracy: 75.32%/73.78% | Precision: 68.26%/66.86% | Recall: 71.66%/70.32% | F1: 69.31%/67.79% | Time: fit=166s, train=032s, test=008s, total=206s
Epoch 101: Train%/Test% | Accuracy: 75.91%/74.23% | Precision: 68.58%/67.02% | Recall: 71.54%/70.14% | F1: 69.60%/67.96% | Time: fit=167s, train=032s, test=008s, total=206s
Epoch 102: Train%/Test% | Accuracy: 75.63%/73.94% | Precision: 68.45%/66.88% | Recall: 71.65%/70.17% | F1: 69.48%/67.81% | Time: fit=166s, train=032s, test=008s, total=206s
Epoch 103: Train%/Test% | Accuracy: 75.63%/73.92% | Precision: 68.43%/66.79% | Recall: 71.61%/69.99% | F1: 69.46%/67.71% | Time: fit=166s, train=032s, test=008s, total=206s
Epoch 104: Train%/Test% | Accuracy: 75.54%/73.62% | Precision: 68.34%/66.56% | Recall: 71.51%/69.83% | F1: 69.36%/67.47% | Time: fit=166s, train=032s, test=008s, total=206s
Epoch 105: Train%/Test% | Accuracy: 75.55%/73.58% | Precision: 68.47%/66.65% | Recall: 71.83%/70.09% | F1: 69.52%/67.57% | Time: fit=166s, train=032s, test=008s, total=206s
Epoch 106: Train%/Test% | Accuracy: 75.28%/73.51% | Precision: 68.17%/66.56% | Recall: 71.48%/69.95% | F1: 69.20%/67.46% | Time: fit=166s, train=032s, test=008s, total=206s
Epoch 107: Train%/Test% | Accuracy: 74.68%/73.13% | Precision: 67.81%/66.45% | Recall: 71.43%/70.11% | F1: 68.82%/67.32% | Time: fit=167s, train=032s, test=008s, total=206s
Epoch 108: Train%/Test% | Accuracy: 75.50%/73.58% | Precision: 68.35%/66.62% | Recall: 71.62%/70.02% | F1: 69.39%/67.54% | Time: fit=166s, train=032s, test=008s, total=206s
Epoch 109: Train%/Test% | Accuracy: 75.53%/73.71% | Precision: 68.38%/66.78% | Recall: 71.64%/70.21% | F1: 69.42%/67.70% | Time: fit=167s, train=032s, test=008s, total=206s
Epoch 110: Train%/Test% | Accuracy: 75.42%/73.78% | Precision: 68.31%/66.83% | Recall: 71.63%/70.25% | F1: 69.35%/67.76% | Time: fit=166s, train=032s, test=008s, total=206s
Epoch 111: Train%/Test% | Accuracy: 75.25%/73.49% | Precision: 68.11%/66.48% | Recall: 71.39%/69.81% | F1: 69.13%/67.38% | Time: fit=166s, train=032s, test=008s, total=206s
Epoch 112: Train%/Test% | Accuracy: 75.78%/73.92% | Precision: 68.57%/66.87% | Recall: 71.73%/70.18% | F1: 69.61%/67.81% | Time: fit=166s, train=032s, test=008s, total=206s
Epoch 113: Train%/Test% | Accuracy: 75.67%/73.51% | Precision: 68.41%/66.41% | Recall: 71.48%/69.63% | F1: 69.43%/67.30% | Time: fit=166s, train=032s, test=008s, total=206s
Epoch 114: Train%/Test% | Accuracy: 75.10%/72.74% | Precision: 68.09%/66.03% | Recall: 71.57%/69.60% | F1: 69.13%/66.86% | Time: fit=166s, train=032s, test=008s, total=206s
Epoch 115: Train%/Test% | Accuracy: 75.45%/73.15% | Precision: 68.28%/66.13% | Recall: 71.53%/69.42% | F1: 69.32%/67.00% | Time: fit=166s, train=032s, test=008s, total=206s
Epoch 116: Train%/Test% | Accuracy: 75.67%/73.51% | Precision: 68.42%/66.39% | Recall: 71.52%/69.60% | F1: 69.44%/67.29% | Time: fit=166s, train=032s, test=008s, total=206s
Epoch 117: Train%/Test% | Accuracy: 75.73%/73.83% | Precision: 68.51%/66.78% | Recall: 71.64%/70.09% | F1: 69.54%/67.71% | Time: fit=166s, train=032s, test=008s, total=206s
Epoch 118: Train%/Test% | Accuracy: 75.29%/73.04% | Precision: 68.23%/66.24% | Recall: 71.63%/69.76% | F1: 69.27%/67.11% | Time: fit=167s, train=032s, test=008s, total=206s
Epoch 119: Train%/Test% | Accuracy: 74.78%/72.47% | Precision: 67.88%/66.01% | Recall: 71.49%/69.81% | F1: 68.90%/66.81% | Time: fit=166s, train=032s, test=008s, total=206s
Epoch 120: Train%/Test% | Accuracy: 75.29%/73.15% | Precision: 68.15%/66.40% | Recall: 71.43%/70.00% | F1: 69.18%/67.28% | Time: fit=166s, train=032s, test=008s, total=206s
Epoch 121: Train%/Test% | Accuracy: 75.12%/73.44% | Precision: 67.95%/66.61% | Recall: 71.19%/70.13% | F1: 68.96%/67.51% | Time: fit=167s, train=032s, test=008s, total=206s
Epoch 122: Train%/Test% | Accuracy: 75.25%/73.15% | Precision: 68.09%/66.30% | Recall: 71.34%/69.77% | F1: 69.11%/67.17% | Time: fit=167s, train=032s, test=008s, total=206s
Epoch 123: Train%/Test% | Accuracy: 75.75%/73.74% | Precision: 68.51%/66.74% | Recall: 71.63%/70.10% | F1: 69.54%/67.66% | Time: fit=166s, train=032s, test=008s, total=206s
Epoch 124: Train%/Test% | Accuracy: 75.60%/73.64% | Precision: 68.32%/66.72% | Recall: 71.37%/70.17% | F1: 69.33%/67.64% | Time: fit=166s, train=032s, test=008s, total=206s
Epoch 125: Train%/Test% | Accuracy: 75.59%/73.58% | Precision: 68.30%/66.62% | Recall: 71.34%/70.02% | F1: 69.31%/67.54% | Time: fit=166s, train=032s, test=008s, total=206s
Epoch 126: Train%/Test% | Accuracy: 75.17%/72.65% | Precision: 68.01%/65.96% | Recall: 71.27%/69.54% | F1: 69.03%/66.78% | Time: fit=166s, train=032s, test=008s, total=206s
Epoch 127: Train%/Test% | Accuracy: 74.89%/72.65% | Precision: 67.75%/66.00% | Recall: 71.03%/69.64% | F1: 68.75%/66.83% | Time: fit=166s, train=032s, test=008s, total=206s
Epoch 128: Train%/Test% | Accuracy: 75.03%/72.88% | Precision: 67.81%/66.04% | Recall: 70.97%/69.50% | F1: 68.80%/66.89% | Time: fit=166s, train=032s, test=008s, total=206s
Epoch 129: Train%/Test% | Accuracy: 75.28%/73.04% | Precision: 68.03%/66.12% | Recall: 71.15%/69.51% | F1: 69.03%/66.98% | Time: fit=166s, train=032s, test=008s, total=206s
Epoch 130: Train%/Test% | Accuracy: 75.57%/73.98% | Precision: 68.13%/66.68% | Recall: 70.93%/69.68% | F1: 69.09%/67.60% | Time: fit=166s, train=032s, test=008s, total=206s
Epoch 131: Train%/Test% | Accuracy: 75.45%/73.31% | Precision: 68.16%/66.21% | Recall: 71.22%/69.43% | F1: 69.17%/67.09% | Time: fit=166s, train=032s, test=008s, total=206s
Epoch 132: Train%/Test% | Accuracy: 75.93%/74.12% | Precision: 68.52%/66.81% | Recall: 71.33%/69.81% | F1: 69.50%/67.73% | Time: fit=166s, train=032s, test=008s, total=206s
Epoch 133: Train%/Test% | Accuracy: 76.34%/74.44% | Precision: 68.70%/66.92% | Recall: 71.02%/69.63% | F1: 69.58%/67.82% | Time: fit=166s, train=032s, test=008s, total=206s
Epoch 134: Train%/Test% | Accuracy: 76.20%/74.21% | Precision: 68.65%/66.77% | Recall: 71.17%/69.58% | F1: 69.58%/67.67% | Time: fit=166s, train=032s, test=008s, total=206s
Epoch 135: Train%/Test% | Accuracy: 75.81%/73.46% | Precision: 68.45%/66.37% | Recall: 71.36%/69.60% | F1: 69.45%/67.26% | Time: fit=166s, train=032s, test=008s, total=206s
Epoch 136: Train%/Test% | Accuracy: 75.59%/73.53% | Precision: 68.30%/66.48% | Recall: 71.33%/69.77% | F1: 69.30%/67.39% | Time: fit=167s, train=032s, test=008s, total=206s
Epoch 137: Train%/Test% | Accuracy: 75.40%/73.31% | Precision: 68.23%/66.51% | Recall: 71.48%/70.07% | F1: 69.26%/67.41% | Time: fit=166s, train=032s, test=008s, total=206s
Epoch 138: Train%/Test% | Accuracy: 75.13%/72.99% | Precision: 67.99%/66.19% | Recall: 71.27%/69.70% | F1: 69.01%/67.05% | Time: fit=166s, train=032s, test=008s, total=206s
Epoch 139: Train%/Test% | Accuracy: 75.34%/73.15% | Precision: 68.03%/66.13% | Recall: 71.06%/69.42% | F1: 69.03%/67.00% | Time: fit=166s, train=032s, test=008s, total=206s
Epoch 140: Train%/Test% | Accuracy: 75.15%/72.58% | Precision: 67.93%/65.84% | Recall: 71.11%/69.37% | F1: 68.94%/66.66% | Time: fit=166s, train=032s, test=008s, total=206s
Epoch 141: Train%/Test% | Accuracy: 74.47%/72.45% | Precision: 67.45%/65.91% | Recall: 70.88%/69.63% | F1: 68.44%/66.71% | Time: fit=166s, train=032s, test=008s, total=206s
Epoch 142: Train%/Test% | Accuracy: 75.38%/73.40% | Precision: 68.08%/66.42% | Recall: 71.12%/69.78% | F1: 69.08%/67.32% | Time: fit=166s, train=032s, test=008s, total=206s
Epoch 143: Train%/Test% | Accuracy: 75.51%/73.55% | Precision: 68.24%/66.59% | Recall: 71.31%/69.98% | F1: 69.25%/67.50% | Time: fit=166s, train=032s, test=008s, total=206s
Epoch 144: Train%/Test% | Accuracy: 75.18%/73.33% | Precision: 68.03%/66.53% | Recall: 71.30%/70.09% | F1: 69.05%/67.43% | Time: fit=166s, train=032s, test=008s, total=206s
Epoch 145: Train%/Test% | Accuracy: 75.93%/73.69% | Precision: 68.59%/66.60% | Recall: 71.51%/69.84% | F1: 69.59%/67.51% | Time: fit=166s, train=032s, test=008s, total=206s
Epoch 146: Train%/Test% | Accuracy: 75.25%/73.42% | Precision: 68.07%/66.56% | Recall: 71.29%/70.05% | F1: 69.09%/67.46% | Time: fit=166s, train=032s, test=008s, total=206s
Epoch 147: Train%/Test% | Accuracy: 75.56%/73.15% | Precision: 68.32%/66.07% | Recall: 71.44%/69.29% | F1: 69.34%/66.94% | Time: fit=166s, train=032s, test=008s, total=206s
Epoch 148: Train%/Test% | Accuracy: 75.55%/73.35% | Precision: 68.32%/66.34% | Recall: 71.46%/69.65% | F1: 69.35%/67.23% | Time: fit=166s, train=032s, test=008s, total=206s
Epoch 149: Train%/Test% | Accuracy: 75.94%/73.15% | Precision: 68.57%/66.01% | Recall: 71.44%/69.17% | F1: 69.56%/66.87% | Time: fit=166s, train=032s, test=008s, total=206s
Epoch 150: Train%/Test% | Accuracy: 75.39%/72.92% | Precision: 68.16%/66.00% | Recall: 71.30%/69.37% | F1: 69.17%/66.85% | Time: fit=166s, train=030s, test=004s, total=201s
