[*] Load dataset...
[*] Fix malformed data...
[*] Split...
[*] Encoding...
[*] -> domain...
pipeline.py:185: SettingWithCopyWarning: 
A value is trying to be set on a copy of a slice from a DataFrame.
Try using .loc[row_indexer,col_indexer] = value instead

See the caveats in the documentation: https://pandas.pydata.org/pandas-docs/stable/user_guide/indexing.html#returning-a-view-versus-a-copy
  train_df['domain'] = train_df['url'].apply(extract_domain)
pipeline.py:186: SettingWithCopyWarning: 
A value is trying to be set on a copy of a slice from a DataFrame.
Try using .loc[row_indexer,col_indexer] = value instead

See the caveats in the documentation: https://pandas.pydata.org/pandas-docs/stable/user_guide/indexing.html#returning-a-view-versus-a-copy
  test_df['domain'] = test_df['url'].apply(extract_domain)
[*] Encoding complete!
==============================
Using GPU for training
Dataset: FakeNewsNet-politifact
TMU params: num-clauses=5000, T=200, s=5.0
Epochs: 150
Feature(s): domain
max-vocab=15000, max-domain=500, max-tweet=500
====================
Train size: 844
Train classes: 2
Test size: 212
Test classes: 2
Total features: 318
==============================
[*] Training for 150 epochs...
Epoch   1: Train%/Test% | Accuracy: 62.20%/64.62% | Precision: 61.35%/65.28% | Recall: 61.45%/66.39% | F1: 61.38%/64.20% | Time: fit=012s, train=002s, test=001s, total=015s
Epoch   2: Train%/Test% | Accuracy: 67.65%/66.51% | Precision: 66.72%/66.90% | Recall: 66.50%/68.15% | F1: 66.58%/66.04% | Time: fit=010s, train=002s, test=001s, total=013s
Epoch   3: Train%/Test% | Accuracy: 70.50%/68.40% | Precision: 69.68%/68.27% | Recall: 69.22%/69.64% | F1: 69.38%/67.79% | Time: fit=010s, train=002s, test=001s, total=013s
Epoch   4: Train%/Test% | Accuracy: 70.97%/68.87% | Precision: 70.22%/68.40% | Recall: 69.47%/69.75% | F1: 69.70%/68.14% | Time: fit=010s, train=002s, test=001s, total=013s
Epoch   5: Train%/Test% | Accuracy: 70.62%/68.87% | Precision: 69.99%/68.40% | Recall: 68.70%/69.75% | F1: 68.98%/68.14% | Time: fit=010s, train=002s, test=000s, total=012s
Epoch   6: Train%/Test% | Accuracy: 71.33%/68.87% | Precision: 70.77%/68.63% | Recall: 69.43%/70.02% | F1: 69.73%/68.23% | Time: fit=009s, train=002s, test=000s, total=011s
Epoch   7: Train%/Test% | Accuracy: 72.99%/72.17% | Precision: 72.83%/71.20% | Recall: 70.85%/72.63% | F1: 71.24%/71.30% | Time: fit=008s, train=002s, test=001s, total=010s
Epoch   8: Train%/Test% | Accuracy: 73.70%/74.53% | Precision: 73.62%/73.67% | Recall: 71.58%/75.30% | F1: 72.00%/73.77% | Time: fit=010s, train=002s, test=001s, total=013s
Epoch   9: Train%/Test% | Accuracy: 72.16%/72.17% | Precision: 72.02%/71.59% | Recall: 69.87%/73.16% | F1: 70.22%/71.48% | Time: fit=010s, train=002s, test=001s, total=013s
Epoch  10: Train%/Test% | Accuracy: 74.41%/72.17% | Precision: 74.42%/71.39% | Recall: 72.31%/72.90% | F1: 72.75%/71.39% | Time: fit=010s, train=002s, test=001s, total=013s
Epoch  11: Train%/Test% | Accuracy: 75.83%/73.11% | Precision: 75.68%/72.54% | Recall: 74.09%/74.18% | F1: 74.51%/72.45% | Time: fit=010s, train=002s, test=001s, total=013s
Epoch  12: Train%/Test% | Accuracy: 75.71%/74.53% | Precision: 75.43%/73.67% | Recall: 74.10%/75.30% | F1: 74.49%/73.77% | Time: fit=010s, train=002s, test=001s, total=013s
Epoch  13: Train%/Test% | Accuracy: 76.54%/74.06% | Precision: 76.42%/73.29% | Recall: 74.86%/74.92% | F1: 75.29%/73.33% | Time: fit=010s, train=002s, test=001s, total=013s
Epoch  14: Train%/Test% | Accuracy: 76.66%/73.11% | Precision: 76.31%/72.54% | Recall: 75.27%/74.18% | F1: 75.61%/72.45% | Time: fit=010s, train=002s, test=001s, total=013s
Epoch  15: Train%/Test% | Accuracy: 76.54%/74.53% | Precision: 76.12%/74.06% | Recall: 75.25%/75.83% | F1: 75.55%/73.93% | Time: fit=010s, train=002s, test=001s, total=013s
Epoch  16: Train%/Test% | Accuracy: 76.54%/74.53% | Precision: 76.02%/74.29% | Recall: 75.44%/76.10% | F1: 75.67%/74.01% | Time: fit=010s, train=002s, test=001s, total=013s
Epoch  17: Train%/Test% | Accuracy: 77.49%/75.47% | Precision: 77.10%/74.62% | Recall: 76.26%/76.31% | F1: 76.56%/74.74% | Time: fit=010s, train=002s, test=001s, total=013s
Epoch  18: Train%/Test% | Accuracy: 76.54%/74.53% | Precision: 76.31%/74.06% | Recall: 74.97%/75.83% | F1: 75.37%/73.93% | Time: fit=010s, train=002s, test=001s, total=013s
Epoch  19: Train%/Test% | Accuracy: 78.44%/75.00% | Precision: 78.33%/74.43% | Recall: 76.96%/76.21% | F1: 77.38%/74.38% | Time: fit=010s, train=002s, test=001s, total=013s
Epoch  20: Train%/Test% | Accuracy: 77.13%/74.06% | Precision: 76.87%/73.49% | Recall: 75.68%/75.19% | F1: 76.06%/73.41% | Time: fit=010s, train=002s, test=001s, total=013s
Epoch  21: Train%/Test% | Accuracy: 78.08%/74.53% | Precision: 77.69%/74.29% | Recall: 76.93%/76.10% | F1: 77.21%/74.01% | Time: fit=010s, train=002s, test=001s, total=013s
Epoch  22: Train%/Test% | Accuracy: 78.44%/74.06% | Precision: 78.33%/73.70% | Recall: 76.96%/75.46% | F1: 77.38%/73.49% | Time: fit=010s, train=002s, test=001s, total=013s
Epoch  23: Train%/Test% | Accuracy: 79.03%/75.00% | Precision: 78.69%/74.65% | Recall: 77.90%/76.47% | F1: 78.20%/74.45% | Time: fit=010s, train=002s, test=001s, total=013s
Epoch  24: Train%/Test% | Accuracy: 78.79%/76.42% | Precision: 78.65%/75.75% | Recall: 77.38%/77.59% | F1: 77.79%/75.79% | Time: fit=010s, train=002s, test=001s, total=013s
Epoch  25: Train%/Test% | Accuracy: 78.55%/76.42% | Precision: 78.33%/75.75% | Recall: 77.22%/77.59% | F1: 77.59%/75.79% | Time: fit=010s, train=002s, test=001s, total=013s
Epoch  26: Train%/Test% | Accuracy: 79.62%/75.94% | Precision: 79.39%/75.18% | Recall: 78.41%/76.95% | F1: 78.76%/75.27% | Time: fit=010s, train=002s, test=001s, total=013s
Epoch  27: Train%/Test% | Accuracy: 80.21%/75.94% | Precision: 79.80%/75.18% | Recall: 79.35%/76.95% | F1: 79.54%/75.27% | Time: fit=010s, train=002s, test=001s, total=013s
Epoch  28: Train%/Test% | Accuracy: 80.33%/75.00% | Precision: 79.89%/74.23% | Recall: 79.53%/75.94% | F1: 79.69%/74.30% | Time: fit=010s, train=002s, test=001s, total=013s
Epoch  29: Train%/Test% | Accuracy: 80.09%/74.53% | Precision: 79.69%/73.86% | Recall: 79.21%/75.56% | F1: 79.41%/73.86% | Time: fit=010s, train=002s, test=001s, total=013s
Epoch  30: Train%/Test% | Accuracy: 79.74%/74.53% | Precision: 79.29%/74.06% | Recall: 78.91%/75.83% | F1: 79.07%/73.93% | Time: fit=010s, train=002s, test=001s, total=013s
Epoch  31: Train%/Test% | Accuracy: 79.98%/74.53% | Precision: 79.52%/74.06% | Recall: 79.19%/75.83% | F1: 79.33%/73.93% | Time: fit=010s, train=002s, test=001s, total=013s
Epoch  32: Train%/Test% | Accuracy: 79.50%/73.58% | Precision: 79.01%/73.34% | Recall: 78.74%/75.09% | F1: 78.86%/73.05% | Time: fit=010s, train=002s, test=001s, total=013s
Epoch  33: Train%/Test% | Accuracy: 81.16%/75.94% | Precision: 81.01%/75.38% | Recall: 80.01%/77.22% | F1: 80.37%/75.35% | Time: fit=010s, train=002s, test=001s, total=013s
Epoch  34: Train%/Test% | Accuracy: 80.81%/75.47% | Precision: 80.72%/74.80% | Recall: 79.55%/76.58% | F1: 79.95%/74.82% | Time: fit=010s, train=002s, test=001s, total=013s
Epoch  35: Train%/Test% | Accuracy: 80.69%/75.00% | Precision: 80.34%/74.43% | Recall: 79.76%/76.21% | F1: 79.99%/74.38% | Time: fit=010s, train=002s, test=001s, total=013s
Epoch  36: Train%/Test% | Accuracy: 80.33%/75.47% | Precision: 79.91%/74.80% | Recall: 79.49%/76.58% | F1: 79.67%/74.82% | Time: fit=010s, train=002s, test=001s, total=013s
Epoch  37: Train%/Test% | Accuracy: 81.04%/74.53% | Precision: 80.56%/74.29% | Recall: 80.46%/76.10% | F1: 80.51%/74.01% | Time: fit=010s, train=002s, test=001s, total=013s
Epoch  38: Train%/Test% | Accuracy: 81.04%/75.00% | Precision: 80.56%/74.65% | Recall: 80.46%/76.47% | F1: 80.51%/74.45% | Time: fit=010s, train=002s, test=001s, total=013s
Epoch  39: Train%/Test% | Accuracy: 80.81%/75.47% | Precision: 80.39%/74.80% | Recall: 80.02%/76.58% | F1: 80.18%/74.82% | Time: fit=010s, train=002s, test=001s, total=013s
Epoch  40: Train%/Test% | Accuracy: 80.57%/75.94% | Precision: 80.11%/75.38% | Recall: 79.85%/77.22% | F1: 79.97%/75.35% | Time: fit=010s, train=002s, test=001s, total=013s
Epoch  41: Train%/Test% | Accuracy: 81.04%/75.47% | Precision: 80.60%/75.01% | Recall: 80.34%/76.85% | F1: 80.46%/74.90% | Time: fit=010s, train=002s, test=001s, total=013s
Epoch  42: Train%/Test% | Accuracy: 80.57%/75.94% | Precision: 80.09%/75.38% | Recall: 79.89%/77.22% | F1: 79.99%/75.35% | Time: fit=010s, train=002s, test=001s, total=013s
Epoch  43: Train%/Test% | Accuracy: 80.92%/75.94% | Precision: 80.48%/75.38% | Recall: 80.20%/77.22% | F1: 80.33%/75.35% | Time: fit=010s, train=002s, test=001s, total=013s
Epoch  44: Train%/Test% | Accuracy: 81.16%/75.94% | Precision: 80.79%/75.38% | Recall: 80.33%/77.22% | F1: 80.52%/75.35% | Time: fit=010s, train=002s, test=001s, total=013s
Epoch  45: Train%/Test% | Accuracy: 81.28%/75.94% | Precision: 80.84%/75.38% | Recall: 80.58%/77.22% | F1: 80.70%/75.35% | Time: fit=010s, train=002s, test=001s, total=013s
Epoch  46: Train%/Test% | Accuracy: 81.28%/75.94% | Precision: 80.83%/75.38% | Recall: 80.62%/77.22% | F1: 80.72%/75.35% | Time: fit=010s, train=002s, test=001s, total=013s
Epoch  47: Train%/Test% | Accuracy: 80.81%/75.94% | Precision: 80.37%/75.38% | Recall: 80.06%/77.22% | F1: 80.20%/75.35% | Time: fit=010s, train=002s, test=001s, total=013s
Epoch  48: Train%/Test% | Accuracy: 80.92%/75.47% | Precision: 80.47%/74.80% | Recall: 80.24%/76.58% | F1: 80.34%/74.82% | Time: fit=010s, train=002s, test=001s, total=013s
Epoch  49: Train%/Test% | Accuracy: 80.45%/74.06% | Precision: 79.98%/73.49% | Recall: 79.75%/75.19% | F1: 79.86%/73.41% | Time: fit=010s, train=002s, test=001s, total=013s
Epoch  50: Train%/Test% | Accuracy: 81.75%/75.47% | Precision: 81.27%/74.80% | Recall: 81.27%/76.58% | F1: 81.27%/74.82% | Time: fit=010s, train=002s, test=001s, total=013s
Epoch  51: Train%/Test% | Accuracy: 80.57%/75.00% | Precision: 80.08%/74.43% | Recall: 79.93%/76.21% | F1: 80.00%/74.38% | Time: fit=010s, train=002s, test=001s, total=013s
Epoch  52: Train%/Test% | Accuracy: 81.40%/75.47% | Precision: 80.94%/74.80% | Recall: 80.77%/76.58% | F1: 80.85%/74.82% | Time: fit=010s, train=002s, test=001s, total=013s
Epoch  53: Train%/Test% | Accuracy: 81.87%/75.94% | Precision: 81.53%/75.18% | Recall: 81.06%/76.95% | F1: 81.26%/75.27% | Time: fit=010s, train=002s, test=001s, total=013s
Epoch  54: Train%/Test% | Accuracy: 82.23%/76.89% | Precision: 82.05%/76.13% | Recall: 81.20%/77.97% | F1: 81.53%/76.24% | Time: fit=010s, train=002s, test=001s, total=013s
Epoch  55: Train%/Test% | Accuracy: 82.35%/76.89% | Precision: 82.27%/76.13% | Recall: 81.23%/77.97% | F1: 81.61%/76.24% | Time: fit=010s, train=002s, test=001s, total=013s
Epoch  56: Train%/Test% | Accuracy: 82.35%/76.89% | Precision: 82.16%/76.13% | Recall: 81.35%/77.97% | F1: 81.66%/76.24% | Time: fit=010s, train=002s, test=001s, total=013s
Epoch  57: Train%/Test% | Accuracy: 81.99%/76.42% | Precision: 81.64%/75.75% | Recall: 81.20%/77.59% | F1: 81.39%/75.79% | Time: fit=010s, train=002s, test=001s, total=013s
Epoch  58: Train%/Test% | Accuracy: 82.46%/76.89% | Precision: 82.27%/76.13% | Recall: 81.49%/77.97% | F1: 81.79%/76.24% | Time: fit=010s, train=002s, test=001s, total=013s
Epoch  59: Train%/Test% | Accuracy: 82.35%/76.89% | Precision: 82.05%/76.13% | Recall: 81.50%/77.97% | F1: 81.73%/76.24% | Time: fit=010s, train=002s, test=001s, total=013s
Epoch  60: Train%/Test% | Accuracy: 82.82%/76.89% | Precision: 82.54%/76.13% | Recall: 81.99%/77.97% | F1: 82.22%/76.24% | Time: fit=010s, train=002s, test=001s, total=013s
Epoch  61: Train%/Test% | Accuracy: 82.58%/76.42% | Precision: 82.38%/75.56% | Recall: 81.63%/77.32% | F1: 81.93%/75.71% | Time: fit=010s, train=002s, test=001s, total=013s
Epoch  62: Train%/Test% | Accuracy: 81.87%/75.47% | Precision: 81.53%/74.80% | Recall: 81.06%/76.58% | F1: 81.26%/74.82% | Time: fit=010s, train=002s, test=001s, total=013s
Epoch  63: Train%/Test% | Accuracy: 81.64%/75.00% | Precision: 81.24%/74.43% | Recall: 80.89%/76.21% | F1: 81.04%/74.38% | Time: fit=010s, train=002s, test=001s, total=013s
Epoch  64: Train%/Test% | Accuracy: 81.52%/75.00% | Precision: 81.15%/74.43% | Recall: 80.71%/76.21% | F1: 80.90%/74.38% | Time: fit=010s, train=002s, test=001s, total=013s
Epoch  65: Train%/Test% | Accuracy: 82.11%/75.47% | Precision: 81.73%/74.80% | Recall: 81.38%/76.58% | F1: 81.53%/74.82% | Time: fit=010s, train=002s, test=001s, total=013s
Epoch  66: Train%/Test% | Accuracy: 81.99%/76.42% | Precision: 81.66%/75.75% | Recall: 81.16%/77.59% | F1: 81.37%/75.79% | Time: fit=010s, train=002s, test=001s, total=013s
Epoch  67: Train%/Test% | Accuracy: 81.87%/75.47% | Precision: 81.69%/74.62% | Recall: 80.82%/76.31% | F1: 81.15%/74.74% | Time: fit=010s, train=002s, test=001s, total=013s
Epoch  68: Train%/Test% | Accuracy: 82.46%/75.94% | Precision: 82.07%/75.38% | Recall: 81.80%/77.22% | F1: 81.92%/75.35% | Time: fit=010s, train=002s, test=001s, total=013s
Epoch  69: Train%/Test% | Accuracy: 81.75%/76.42% | Precision: 81.44%/75.75% | Recall: 80.88%/77.59% | F1: 81.11%/75.79% | Time: fit=010s, train=002s, test=001s, total=013s
Epoch  70: Train%/Test% | Accuracy: 81.28%/75.94% | Precision: 80.90%/75.38% | Recall: 80.47%/77.22% | F1: 80.65%/75.35% | Time: fit=010s, train=002s, test=001s, total=013s
Epoch  71: Train%/Test% | Accuracy: 81.40%/75.94% | Precision: 81.03%/75.38% | Recall: 80.57%/77.22% | F1: 80.77%/75.35% | Time: fit=010s, train=002s, test=001s, total=013s
Epoch  72: Train%/Test% | Accuracy: 81.99%/76.42% | Precision: 81.60%/75.75% | Recall: 81.28%/77.59% | F1: 81.42%/75.79% | Time: fit=010s, train=002s, test=001s, total=013s
Epoch  73: Train%/Test% | Accuracy: 82.23%/76.42% | Precision: 81.94%/75.75% | Recall: 81.36%/77.59% | F1: 81.60%/75.79% | Time: fit=010s, train=002s, test=001s, total=013s
Epoch  74: Train%/Test% | Accuracy: 81.99%/75.47% | Precision: 81.60%/75.01% | Recall: 81.28%/76.85% | F1: 81.42%/74.90% | Time: fit=010s, train=002s, test=001s, total=013s
Epoch  75: Train%/Test% | Accuracy: 82.11%/74.06% | Precision: 81.71%/73.93% | Recall: 81.42%/75.73% | F1: 81.55%/73.56% | Time: fit=010s, train=002s, test=001s, total=013s
Epoch  76: Train%/Test% | Accuracy: 82.58%/75.00% | Precision: 82.29%/74.65% | Recall: 81.75%/76.47% | F1: 81.98%/74.45% | Time: fit=010s, train=002s, test=001s, total=013s
Epoch  77: Train%/Test% | Accuracy: 81.87%/75.00% | Precision: 81.58%/74.65% | Recall: 80.98%/76.47% | F1: 81.22%/74.45% | Time: fit=010s, train=002s, test=001s, total=013s
Epoch  78: Train%/Test% | Accuracy: 81.99%/74.06% | Precision: 81.56%/73.93% | Recall: 81.35%/75.73% | F1: 81.45%/73.56% | Time: fit=010s, train=002s, test=001s, total=013s
Epoch  79: Train%/Test% | Accuracy: 82.82%/74.06% | Precision: 82.40%/73.93% | Recall: 82.26%/75.73% | F1: 82.33%/73.56% | Time: fit=010s, train=002s, test=001s, total=013s
Epoch  80: Train%/Test% | Accuracy: 82.46%/75.94% | Precision: 82.07%/75.38% | Recall: 81.80%/77.22% | F1: 81.92%/75.35% | Time: fit=010s, train=002s, test=001s, total=013s
Epoch  81: Train%/Test% | Accuracy: 82.35%/75.94% | Precision: 81.94%/75.38% | Recall: 81.70%/77.22% | F1: 81.81%/75.35% | Time: fit=010s, train=002s, test=001s, total=013s
Epoch  82: Train%/Test% | Accuracy: 81.99%/74.53% | Precision: 81.52%/74.29% | Recall: 81.47%/76.10% | F1: 81.50%/74.01% | Time: fit=010s, train=002s, test=001s, total=013s
Epoch  83: Train%/Test% | Accuracy: 82.70%/75.00% | Precision: 82.32%/74.65% | Recall: 82.04%/76.47% | F1: 82.17%/74.45% | Time: fit=010s, train=002s, test=001s, total=013s
Epoch  84: Train%/Test% | Accuracy: 82.94%/76.42% | Precision: 82.68%/75.75% | Recall: 82.09%/77.59% | F1: 82.33%/75.79% | Time: fit=010s, train=002s, test=001s, total=013s
Epoch  85: Train%/Test% | Accuracy: 83.18%/76.42% | Precision: 82.93%/75.75% | Recall: 82.33%/77.59% | F1: 82.58%/75.79% | Time: fit=010s, train=002s, test=001s, total=013s
Epoch  86: Train%/Test% | Accuracy: 82.94%/75.94% | Precision: 82.63%/75.38% | Recall: 82.17%/77.22% | F1: 82.37%/75.35% | Time: fit=010s, train=002s, test=001s, total=013s
Epoch  87: Train%/Test% | Accuracy: 82.82%/75.94% | Precision: 82.57%/75.38% | Recall: 81.95%/77.22% | F1: 82.20%/75.35% | Time: fit=010s, train=002s, test=001s, total=013s
Epoch  88: Train%/Test% | Accuracy: 82.94%/76.42% | Precision: 82.68%/75.75% | Recall: 82.09%/77.59% | F1: 82.33%/75.79% | Time: fit=010s, train=002s, test=001s, total=013s
Epoch  89: Train%/Test% | Accuracy: 82.46%/75.94% | Precision: 82.13%/75.38% | Recall: 81.68%/77.22% | F1: 81.88%/75.35% | Time: fit=010s, train=002s, test=001s, total=013s
Epoch  90: Train%/Test% | Accuracy: 82.46%/76.42% | Precision: 82.13%/75.75% | Recall: 81.68%/77.59% | F1: 81.88%/75.79% | Time: fit=010s, train=002s, test=001s, total=013s
Epoch  91: Train%/Test% | Accuracy: 82.46%/76.42% | Precision: 82.09%/75.75% | Recall: 81.76%/77.59% | F1: 81.91%/75.79% | Time: fit=010s, train=002s, test=001s, total=013s
Epoch  92: Train%/Test% | Accuracy: 82.70%/76.42% | Precision: 82.43%/75.75% | Recall: 81.85%/77.59% | F1: 82.09%/75.79% | Time: fit=010s, train=002s, test=001s, total=013s
Epoch  93: Train%/Test% | Accuracy: 83.06%/76.42% | Precision: 82.85%/75.75% | Recall: 82.15%/77.59% | F1: 82.43%/75.79% | Time: fit=010s, train=002s, test=001s, total=013s
Epoch  94: Train%/Test% | Accuracy: 82.70%/76.42% | Precision: 82.43%/75.75% | Recall: 81.85%/77.59% | F1: 82.09%/75.79% | Time: fit=010s, train=002s, test=001s, total=013s
Epoch  95: Train%/Test% | Accuracy: 83.41%/76.42% | Precision: 83.12%/75.75% | Recall: 82.66%/77.59% | F1: 82.86%/75.79% | Time: fit=010s, train=002s, test=001s, total=013s
Epoch  96: Train%/Test% | Accuracy: 83.06%/75.94% | Precision: 82.79%/75.38% | Recall: 82.23%/77.22% | F1: 82.47%/75.35% | Time: fit=010s, train=002s, test=001s, total=013s
Epoch  97: Train%/Test% | Accuracy: 83.29%/75.94% | Precision: 83.01%/75.38% | Recall: 82.52%/77.22% | F1: 82.73%/75.35% | Time: fit=010s, train=002s, test=001s, total=013s
Epoch  98: Train%/Test% | Accuracy: 83.29%/75.94% | Precision: 83.04%/75.38% | Recall: 82.48%/77.22% | F1: 82.71%/75.35% | Time: fit=010s, train=002s, test=001s, total=013s
Epoch  99: Train%/Test% | Accuracy: 83.41%/76.42% | Precision: 83.12%/75.75% | Recall: 82.66%/77.59% | F1: 82.86%/75.79% | Time: fit=010s, train=002s, test=001s, total=013s
Epoch 100: Train%/Test% | Accuracy: 82.58%/76.42% | Precision: 82.41%/75.75% | Recall: 81.59%/77.59% | F1: 81.91%/75.79% | Time: fit=010s, train=002s, test=001s, total=013s
Epoch 101: Train%/Test% | Accuracy: 82.82%/76.42% | Precision: 82.70%/75.75% | Recall: 81.79%/77.59% | F1: 82.14%/75.79% | Time: fit=010s, train=002s, test=001s, total=013s
Epoch 102: Train%/Test% | Accuracy: 83.18%/76.89% | Precision: 83.02%/76.13% | Recall: 82.22%/77.97% | F1: 82.53%/76.24% | Time: fit=010s, train=002s, test=001s, total=013s
Epoch 103: Train%/Test% | Accuracy: 83.18%/76.42% | Precision: 82.93%/75.75% | Recall: 82.33%/77.59% | F1: 82.58%/75.79% | Time: fit=010s, train=002s, test=001s, total=013s
Epoch 104: Train%/Test% | Accuracy: 83.18%/76.42% | Precision: 82.87%/75.75% | Recall: 82.41%/77.59% | F1: 82.61%/75.79% | Time: fit=010s, train=002s, test=001s, total=013s
Epoch 105: Train%/Test% | Accuracy: 83.06%/76.42% | Precision: 82.76%/75.75% | Recall: 82.27%/77.59% | F1: 82.48%/75.79% | Time: fit=010s, train=002s, test=001s, total=013s
Epoch 106: Train%/Test% | Accuracy: 83.89%/76.89% | Precision: 83.67%/76.13% | Recall: 83.06%/77.97% | F1: 83.32%/76.24% | Time: fit=010s, train=002s, test=001s, total=013s
Epoch 107: Train%/Test% | Accuracy: 83.53%/76.89% | Precision: 83.31%/76.13% | Recall: 82.68%/77.97% | F1: 82.94%/76.24% | Time: fit=010s, train=002s, test=001s, total=013s
Epoch 108: Train%/Test% | Accuracy: 83.29%/76.89% | Precision: 82.99%/76.13% | Recall: 82.55%/77.97% | F1: 82.74%/76.24% | Time: fit=010s, train=002s, test=001s, total=013s
Epoch 109: Train%/Test% | Accuracy: 83.53%/76.89% | Precision: 83.28%/76.13% | Recall: 82.72%/77.97% | F1: 82.96%/76.24% | Time: fit=010s, train=002s, test=001s, total=013s
Epoch 110: Train%/Test% | Accuracy: 83.53%/76.89% | Precision: 83.31%/76.13% | Recall: 82.68%/77.97% | F1: 82.94%/76.24% | Time: fit=010s, train=002s, test=001s, total=013s
Epoch 111: Train%/Test% | Accuracy: 83.29%/76.89% | Precision: 83.01%/76.13% | Recall: 82.52%/77.97% | F1: 82.73%/76.24% | Time: fit=010s, train=002s, test=001s, total=013s
Epoch 112: Train%/Test% | Accuracy: 83.18%/76.89% | Precision: 82.96%/76.13% | Recall: 82.30%/77.97% | F1: 82.56%/76.24% | Time: fit=010s, train=002s, test=001s, total=013s
Epoch 113: Train%/Test% | Accuracy: 83.65%/76.89% | Precision: 83.42%/76.13% | Recall: 82.82%/77.97% | F1: 83.07%/76.24% | Time: fit=010s, train=002s, test=001s, total=013s
Epoch 114: Train%/Test% | Accuracy: 83.41%/76.89% | Precision: 83.15%/76.13% | Recall: 82.62%/77.97% | F1: 82.84%/76.24% | Time: fit=010s, train=002s, test=001s, total=013s
Epoch 115: Train%/Test% | Accuracy: 83.41%/76.89% | Precision: 83.15%/76.13% | Recall: 82.62%/77.97% | F1: 82.84%/76.24% | Time: fit=010s, train=002s, test=001s, total=013s
Epoch 116: Train%/Test% | Accuracy: 83.53%/76.89% | Precision: 83.23%/76.13% | Recall: 82.80%/77.97% | F1: 82.99%/76.24% | Time: fit=010s, train=002s, test=001s, total=013s
Epoch 117: Train%/Test% | Accuracy: 83.53%/76.89% | Precision: 83.26%/76.13% | Recall: 82.76%/77.97% | F1: 82.97%/76.24% | Time: fit=010s, train=002s, test=001s, total=013s
Epoch 118: Train%/Test% | Accuracy: 83.53%/76.89% | Precision: 83.28%/76.13% | Recall: 82.72%/77.97% | F1: 82.96%/76.24% | Time: fit=010s, train=002s, test=001s, total=013s
Epoch 119: Train%/Test% | Accuracy: 83.29%/76.89% | Precision: 83.01%/76.13% | Recall: 82.52%/77.97% | F1: 82.73%/76.24% | Time: fit=010s, train=002s, test=001s, total=013s
Epoch 120: Train%/Test% | Accuracy: 83.53%/76.89% | Precision: 83.31%/76.13% | Recall: 82.68%/77.97% | F1: 82.94%/76.24% | Time: fit=010s, train=002s, test=001s, total=013s
Epoch 121: Train%/Test% | Accuracy: 83.53%/76.89% | Precision: 83.23%/76.13% | Recall: 82.80%/77.97% | F1: 82.99%/76.24% | Time: fit=010s, train=002s, test=001s, total=013s
Epoch 122: Train%/Test% | Accuracy: 83.77%/76.89% | Precision: 83.50%/76.13% | Recall: 83.00%/77.97% | F1: 83.22%/76.24% | Time: fit=010s, train=002s, test=001s, total=013s
Epoch 123: Train%/Test% | Accuracy: 83.89%/76.89% | Precision: 83.67%/76.13% | Recall: 83.06%/77.97% | F1: 83.32%/76.24% | Time: fit=010s, train=002s, test=001s, total=013s
Epoch 124: Train%/Test% | Accuracy: 84.00%/76.89% | Precision: 83.78%/76.13% | Recall: 83.21%/77.97% | F1: 83.45%/76.24% | Time: fit=010s, train=002s, test=001s, total=013s
Epoch 125: Train%/Test% | Accuracy: 83.29%/76.89% | Precision: 82.99%/76.13% | Recall: 82.55%/77.97% | F1: 82.74%/76.24% | Time: fit=010s, train=002s, test=001s, total=013s
Epoch 126: Train%/Test% | Accuracy: 83.77%/76.89% | Precision: 83.50%/76.13% | Recall: 83.00%/77.97% | F1: 83.22%/76.24% | Time: fit=010s, train=002s, test=001s, total=013s
Epoch 127: Train%/Test% | Accuracy: 83.65%/76.89% | Precision: 83.37%/76.13% | Recall: 82.90%/77.97% | F1: 83.10%/76.24% | Time: fit=010s, train=002s, test=001s, total=013s
Epoch 128: Train%/Test% | Accuracy: 82.94%/76.89% | Precision: 82.56%/76.13% | Recall: 82.29%/77.97% | F1: 82.41%/76.24% | Time: fit=010s, train=002s, test=001s, total=013s
Epoch 129: Train%/Test% | Accuracy: 83.18%/76.89% | Precision: 82.87%/76.13% | Recall: 82.41%/77.97% | F1: 82.61%/76.24% | Time: fit=010s, train=002s, test=001s, total=013s
Epoch 130: Train%/Test% | Accuracy: 83.41%/76.89% | Precision: 83.12%/76.13% | Recall: 82.66%/77.97% | F1: 82.86%/76.24% | Time: fit=010s, train=002s, test=001s, total=013s
Epoch 131: Train%/Test% | Accuracy: 82.94%/76.89% | Precision: 82.68%/75.95% | Recall: 82.09%/77.70% | F1: 82.33%/76.16% | Time: fit=010s, train=002s, test=001s, total=013s
Epoch 132: Train%/Test% | Accuracy: 83.06%/76.89% | Precision: 82.79%/75.95% | Recall: 82.23%/77.70% | F1: 82.47%/76.16% | Time: fit=010s, train=002s, test=001s, total=013s
Epoch 133: Train%/Test% | Accuracy: 83.29%/76.42% | Precision: 82.94%/75.75% | Recall: 82.63%/77.59% | F1: 82.77%/75.79% | Time: fit=010s, train=002s, test=001s, total=013s
Epoch 134: Train%/Test% | Accuracy: 83.29%/76.89% | Precision: 82.99%/76.13% | Recall: 82.55%/77.97% | F1: 82.74%/76.24% | Time: fit=010s, train=002s, test=001s, total=013s
Epoch 135: Train%/Test% | Accuracy: 83.41%/76.89% | Precision: 83.12%/76.13% | Recall: 82.66%/77.97% | F1: 82.86%/76.24% | Time: fit=010s, train=002s, test=001s, total=013s
Epoch 136: Train%/Test% | Accuracy: 83.65%/76.89% | Precision: 83.39%/76.13% | Recall: 82.86%/77.97% | F1: 83.09%/76.24% | Time: fit=010s, train=002s, test=001s, total=013s
Epoch 137: Train%/Test% | Accuracy: 83.18%/76.89% | Precision: 82.85%/76.13% | Recall: 82.45%/77.97% | F1: 82.63%/76.24% | Time: fit=010s, train=002s, test=001s, total=013s
Epoch 138: Train%/Test% | Accuracy: 83.29%/76.89% | Precision: 83.01%/76.13% | Recall: 82.52%/77.97% | F1: 82.73%/76.24% | Time: fit=010s, train=002s, test=001s, total=013s
Epoch 139: Train%/Test% | Accuracy: 82.94%/76.89% | Precision: 82.63%/76.13% | Recall: 82.17%/77.97% | F1: 82.37%/76.24% | Time: fit=010s, train=002s, test=001s, total=013s
Epoch 140: Train%/Test% | Accuracy: 83.53%/76.89% | Precision: 83.38%/76.13% | Recall: 82.60%/77.97% | F1: 82.91%/76.24% | Time: fit=010s, train=002s, test=001s, total=013s
Epoch 141: Train%/Test% | Accuracy: 83.53%/76.89% | Precision: 83.28%/76.13% | Recall: 82.72%/77.97% | F1: 82.96%/76.24% | Time: fit=010s, train=002s, test=001s, total=013s
Epoch 142: Train%/Test% | Accuracy: 83.65%/76.89% | Precision: 83.42%/76.13% | Recall: 82.82%/77.97% | F1: 83.07%/76.24% | Time: fit=010s, train=002s, test=001s, total=013s
Epoch 143: Train%/Test% | Accuracy: 83.77%/76.89% | Precision: 83.50%/76.13% | Recall: 83.00%/77.97% | F1: 83.22%/76.24% | Time: fit=010s, train=002s, test=001s, total=013s
Epoch 144: Train%/Test% | Accuracy: 83.89%/76.89% | Precision: 83.70%/76.13% | Recall: 83.03%/77.97% | F1: 83.30%/76.24% | Time: fit=010s, train=002s, test=001s, total=013s
Epoch 145: Train%/Test% | Accuracy: 83.89%/76.42% | Precision: 83.70%/75.75% | Recall: 83.03%/77.59% | F1: 83.30%/75.79% | Time: fit=010s, train=002s, test=001s, total=013s
Epoch 146: Train%/Test% | Accuracy: 84.12%/75.94% | Precision: 83.89%/75.38% | Recall: 83.35%/77.22% | F1: 83.58%/75.35% | Time: fit=010s, train=002s, test=001s, total=013s
Epoch 147: Train%/Test% | Accuracy: 84.12%/76.42% | Precision: 83.89%/75.75% | Recall: 83.35%/77.59% | F1: 83.58%/75.79% | Time: fit=010s, train=002s, test=001s, total=013s
Epoch 148: Train%/Test% | Accuracy: 84.36%/76.42% | Precision: 84.23%/75.75% | Recall: 83.47%/77.59% | F1: 83.78%/75.79% | Time: fit=010s, train=002s, test=001s, total=013s
Epoch 149: Train%/Test% | Accuracy: 84.24%/76.89% | Precision: 84.06%/76.13% | Recall: 83.41%/77.97% | F1: 83.68%/76.24% | Time: fit=010s, train=002s, test=001s, total=013s
Epoch 150: Train%/Test% | Accuracy: 84.12%/76.89% | Precision: 83.92%/76.13% | Recall: 83.31%/77.97% | F1: 83.56%/76.24% | Time: fit=010s, train=002s, test=001s, total=013s
