[nltk_data] Downloading package wordnet to /home/bjorvl16/nltk_data...
[nltk_data]   Package wordnet is already up-to-date!
[nltk_data] Downloading package stopwords to
[nltk_data]     /home/bjorvl16/nltk_data...
[nltk_data]   Package stopwords is already up-to-date!
[*] Load dataset...
[*] Fix malformed data...
[*] Split...
[*] Encoding...
[*] Encoding feature: text... 6597
[*] Encoding feature: domain... 38
==============================
Using GPU for training
Dataset: FakeNewsNet-gossipcop
TMU params: num-clauses=5000, T=200, s=5.0
Epochs: 150
Feature(s): text, domain
max-vocab=15000, max-domain=500, max-tweet=500
====================
Train size: 17712
Train classes: 2
Test size: 4428
Test classes: 2
Total features: 6635
==============================
[*] Training for 150 epochs...
Epoch   1: Train%/Test% | Accuracy: 58.49%/59.06% | Precision: 59.90%/60.08% | Recall: 63.51%/63.75% | F1: 56.10%/56.56% | Time: fit=143s, train=029s, test=007s, total=179s
Epoch   2: Train%/Test% | Accuracy: 66.33%/65.67% | Precision: 62.31%/61.84% | Recall: 66.38%/65.78% | F1: 61.81%/61.22% | Time: fit=140s, train=029s, test=007s, total=176s
Epoch   3: Train%/Test% | Accuracy: 70.50%/69.31% | Precision: 64.17%/63.15% | Recall: 67.77%/66.61% | F1: 64.73%/63.56% | Time: fit=140s, train=028s, test=007s, total=175s
Epoch   4: Train%/Test% | Accuracy: 73.98%/74.03% | Precision: 61.94%/61.89% | Recall: 59.03%/58.68% | F1: 59.76%/59.40% | Time: fit=138s, train=028s, test=007s, total=174s
Epoch   5: Train%/Test% | Accuracy: 77.35%/76.74% | Precision: 68.04%/66.69% | Recall: 60.34%/59.03% | F1: 61.56%/59.93% | Time: fit=138s, train=028s, test=007s, total=173s
Epoch   6: Train%/Test% | Accuracy: 78.36%/77.78% | Precision: 70.18%/69.05% | Recall: 62.68%/61.63% | F1: 64.31%/63.08% | Time: fit=139s, train=028s, test=007s, total=173s
Epoch   7: Train%/Test% | Accuracy: 78.27%/77.42% | Precision: 69.88%/68.20% | Recall: 63.15%/61.90% | F1: 64.77%/63.30% | Time: fit=138s, train=027s, test=007s, total=172s
Epoch   8: Train%/Test% | Accuracy: 78.36%/77.51% | Precision: 70.10%/68.39% | Recall: 63.09%/61.99% | F1: 64.73%/63.42% | Time: fit=137s, train=028s, test=007s, total=172s
Epoch   9: Train%/Test% | Accuracy: 77.02%/76.47% | Precision: 67.52%/66.55% | Recall: 63.62%/62.53% | F1: 64.85%/63.70% | Time: fit=137s, train=028s, test=007s, total=171s
Epoch  10: Train%/Test% | Accuracy: 76.95%/76.56% | Precision: 67.52%/66.89% | Recall: 64.26%/63.58% | F1: 65.38%/64.68% | Time: fit=137s, train=027s, test=007s, total=171s
Epoch  11: Train%/Test% | Accuracy: 78.62%/77.85% | Precision: 70.56%/69.08% | Recall: 63.74%/62.73% | F1: 65.44%/64.24% | Time: fit=137s, train=027s, test=007s, total=172s
Epoch  12: Train%/Test% | Accuracy: 79.01%/77.96% | Precision: 71.33%/69.29% | Recall: 64.41%/63.16% | F1: 66.20%/64.70% | Time: fit=138s, train=027s, test=007s, total=172s
Epoch  13: Train%/Test% | Accuracy: 77.69%/77.06% | Precision: 68.82%/67.87% | Recall: 65.90%/65.06% | F1: 66.99%/66.09% | Time: fit=137s, train=027s, test=007s, total=171s
Epoch  14: Train%/Test% | Accuracy: 78.47%/77.37% | Precision: 70.06%/68.25% | Recall: 65.94%/64.50% | F1: 67.34%/65.74% | Time: fit=137s, train=027s, test=007s, total=172s
Epoch  15: Train%/Test% | Accuracy: 78.44%/77.62% | Precision: 70.01%/68.67% | Recall: 66.08%/64.72% | F1: 67.44%/66.02% | Time: fit=139s, train=027s, test=007s, total=173s
Epoch  16: Train%/Test% | Accuracy: 78.53%/77.48% | Precision: 70.19%/68.39% | Recall: 65.55%/63.99% | F1: 67.05%/65.34% | Time: fit=137s, train=027s, test=007s, total=171s
Epoch  17: Train%/Test% | Accuracy: 76.02%/74.75% | Precision: 68.35%/66.95% | Recall: 70.71%/69.23% | F1: 69.24%/67.78% | Time: fit=135s, train=027s, test=007s, total=169s
Epoch  18: Train%/Test% | Accuracy: 75.85%/74.80% | Precision: 68.29%/67.11% | Recall: 70.87%/69.55% | F1: 69.22%/67.97% | Time: fit=137s, train=027s, test=007s, total=171s
Epoch  19: Train%/Test% | Accuracy: 76.70%/75.68% | Precision: 68.88%/67.58% | Recall: 70.74%/69.17% | F1: 69.64%/68.24% | Time: fit=137s, train=027s, test=007s, total=171s
Epoch  20: Train%/Test% | Accuracy: 76.24%/75.47% | Precision: 68.38%/67.37% | Recall: 70.31%/69.00% | F1: 69.15%/68.04% | Time: fit=138s, train=028s, test=007s, total=173s
Epoch  21: Train%/Test% | Accuracy: 75.03%/74.68% | Precision: 67.36%/66.86% | Recall: 69.87%/69.12% | F1: 68.25%/67.68% | Time: fit=138s, train=027s, test=007s, total=172s
Epoch  22: Train%/Test% | Accuracy: 77.95%/77.10% | Precision: 69.47%/68.21% | Recall: 68.02%/66.59% | F1: 68.65%/67.28% | Time: fit=135s, train=027s, test=007s, total=169s
Epoch  23: Train%/Test% | Accuracy: 78.33%/77.78% | Precision: 69.95%/69.11% | Recall: 67.87%/66.65% | F1: 68.74%/67.62% | Time: fit=135s, train=027s, test=007s, total=170s
Epoch  24: Train%/Test% | Accuracy: 78.29%/77.76% | Precision: 69.99%/69.17% | Recall: 68.59%/67.31% | F1: 69.21%/68.09% | Time: fit=136s, train=027s, test=007s, total=171s
Epoch  25: Train%/Test% | Accuracy: 77.95%/77.26% | Precision: 69.44%/68.33% | Recall: 67.77%/66.15% | F1: 68.49%/67.02% | Time: fit=134s, train=027s, test=007s, total=169s
Epoch  26: Train%/Test% | Accuracy: 78.07%/77.64% | Precision: 69.80%/69.09% | Recall: 69.10%/67.68% | F1: 69.43%/68.30% | Time: fit=137s, train=027s, test=007s, total=171s
Epoch  27: Train%/Test% | Accuracy: 78.47%/77.85% | Precision: 70.33%/69.35% | Recall: 69.37%/67.72% | F1: 69.81%/68.42% | Time: fit=137s, train=027s, test=007s, total=171s
Epoch  28: Train%/Test% | Accuracy: 78.44%/77.69% | Precision: 70.31%/69.18% | Recall: 69.45%/67.87% | F1: 69.85%/68.45% | Time: fit=136s, train=027s, test=007s, total=170s
Epoch  29: Train%/Test% | Accuracy: 77.33%/76.65% | Precision: 69.01%/67.93% | Recall: 69.17%/67.51% | F1: 69.09%/67.71% | Time: fit=137s, train=027s, test=007s, total=171s
Epoch  30: Train%/Test% | Accuracy: 77.40%/76.76% | Precision: 68.86%/67.93% | Recall: 68.24%/67.07% | F1: 68.54%/67.46% | Time: fit=134s, train=028s, test=007s, total=168s
Epoch  31: Train%/Test% | Accuracy: 77.15%/76.42% | Precision: 68.65%/67.57% | Recall: 68.49%/67.07% | F1: 68.57%/67.31% | Time: fit=136s, train=027s, test=007s, total=170s
Epoch  32: Train%/Test% | Accuracy: 78.81%/78.23% | Precision: 70.72%/69.85% | Recall: 68.94%/67.65% | F1: 69.71%/68.56% | Time: fit=137s, train=028s, test=007s, total=171s
Epoch  33: Train%/Test% | Accuracy: 79.65%/79.70% | Precision: 72.14%/72.34% | Recall: 67.33%/67.15% | F1: 68.96%/68.85% | Time: fit=138s, train=027s, test=007s, total=172s
Epoch  34: Train%/Test% | Accuracy: 78.34%/77.78% | Precision: 69.99%/69.11% | Recall: 68.04%/66.65% | F1: 68.86%/67.62% | Time: fit=135s, train=017s, test=007s, total=159s
Epoch  35: Train%/Test% | Accuracy: 79.23%/78.66% | Precision: 71.33%/70.46% | Recall: 67.89%/66.46% | F1: 69.19%/67.86% | Time: fit=143s, train=027s, test=007s, total=178s
Epoch  36: Train%/Test% | Accuracy: 79.09%/78.46% | Precision: 71.10%/70.12% | Recall: 67.96%/66.49% | F1: 69.17%/67.79% | Time: fit=141s, train=027s, test=007s, total=175s
Epoch  37: Train%/Test% | Accuracy: 79.66%/79.52% | Precision: 72.02%/71.90% | Recall: 68.67%/67.89% | F1: 69.96%/69.34% | Time: fit=142s, train=027s, test=007s, total=176s
Epoch  38: Train%/Test% | Accuracy: 79.42%/79.18% | Precision: 71.63%/71.32% | Recall: 69.46%/69.04% | F1: 70.38%/69.99% | Time: fit=141s, train=027s, test=007s, total=175s
Epoch  39: Train%/Test% | Accuracy: 79.05%/78.64% | Precision: 71.11%/70.53% | Recall: 69.48%/68.75% | F1: 70.20%/69.52% | Time: fit=142s, train=027s, test=007s, total=176s
Epoch  40: Train%/Test% | Accuracy: 78.45%/77.96% | Precision: 70.48%/69.81% | Recall: 70.47%/69.58% | F1: 70.48%/69.70% | Time: fit=141s, train=026s, test=007s, total=174s
Epoch  41: Train%/Test% | Accuracy: 78.64%/77.91% | Precision: 70.63%/69.62% | Recall: 70.07%/68.85% | F1: 70.34%/69.21% | Time: fit=142s, train=026s, test=007s, total=175s
Epoch  42: Train%/Test% | Accuracy: 78.73%/77.94% | Precision: 70.72%/69.65% | Recall: 69.88%/68.87% | F1: 70.27%/69.23% | Time: fit=141s, train=026s, test=007s, total=174s
Epoch  43: Train%/Test% | Accuracy: 75.48%/75.11% | Precision: 67.23%/66.72% | Recall: 68.71%/68.00% | F1: 67.85%/67.27% | Time: fit=143s, train=026s, test=007s, total=176s
Epoch  44: Train%/Test% | Accuracy: 74.76%/74.53% | Precision: 66.81%/66.34% | Recall: 68.95%/68.09% | F1: 67.60%/67.02% | Time: fit=141s, train=026s, test=007s, total=174s
Epoch  45: Train%/Test% | Accuracy: 74.64%/74.39% | Precision: 67.02%/66.45% | Recall: 69.65%/68.58% | F1: 67.92%/67.23% | Time: fit=139s, train=026s, test=007s, total=172s
Epoch  46: Train%/Test% | Accuracy: 74.85%/74.39% | Precision: 67.18%/66.42% | Recall: 69.71%/68.51% | F1: 68.06%/67.19% | Time: fit=140s, train=026s, test=007s, total=173s
Epoch  47: Train%/Test% | Accuracy: 77.22%/76.33% | Precision: 69.38%/68.31% | Recall: 70.93%/69.79% | F1: 70.04%/68.94% | Time: fit=142s, train=026s, test=007s, total=175s
Epoch  48: Train%/Test% | Accuracy: 77.46%/76.87% | Precision: 68.96%/68.23% | Recall: 68.36%/67.75% | F1: 68.65%/67.98% | Time: fit=139s, train=026s, test=007s, total=172s
Epoch  49: Train%/Test% | Accuracy: 78.83%/78.46% | Precision: 70.68%/70.12% | Recall: 67.14%/66.55% | F1: 68.44%/67.84% | Time: fit=142s, train=026s, test=007s, total=175s
Epoch  50: Train%/Test% | Accuracy: 78.98%/78.70% | Precision: 70.92%/70.53% | Recall: 67.46%/66.85% | F1: 68.75%/68.17% | Time: fit=143s, train=026s, test=007s, total=176s
Epoch  51: Train%/Test% | Accuracy: 79.16%/78.86% | Precision: 71.23%/70.80% | Recall: 67.40%/67.11% | F1: 68.79%/68.45% | Time: fit=139s, train=026s, test=007s, total=172s
Epoch  52: Train%/Test% | Accuracy: 78.48%/77.73% | Precision: 70.85%/69.96% | Recall: 72.11%/71.23% | F1: 71.42%/70.52% | Time: fit=140s, train=026s, test=007s, total=172s
Epoch  53: Train%/Test% | Accuracy: 76.86%/76.24% | Precision: 69.07%/68.32% | Recall: 70.93%/70.02% | F1: 69.83%/69.02% | Time: fit=139s, train=025s, test=007s, total=171s
Epoch  54: Train%/Test% | Accuracy: 78.60%/77.98% | Precision: 70.92%/70.12% | Recall: 71.88%/70.91% | F1: 71.36%/70.49% | Time: fit=140s, train=025s, test=007s, total=173s
Epoch  55: Train%/Test% | Accuracy: 78.57%/77.66% | Precision: 70.89%/69.75% | Recall: 71.86%/70.67% | F1: 71.33%/70.17% | Time: fit=138s, train=025s, test=007s, total=171s
Epoch  56: Train%/Test% | Accuracy: 77.22%/76.38% | Precision: 69.54%/68.48% | Recall: 71.48%/70.17% | F1: 70.33%/69.18% | Time: fit=141s, train=025s, test=007s, total=173s
Epoch  57: Train%/Test% | Accuracy: 77.92%/77.06% | Precision: 70.18%/69.08% | Recall: 71.56%/70.27% | F1: 70.79%/69.61% | Time: fit=140s, train=025s, test=007s, total=172s
Epoch  58: Train%/Test% | Accuracy: 79.25%/78.50% | Precision: 71.45%/70.44% | Recall: 70.49%/69.49% | F1: 70.94%/69.93% | Time: fit=141s, train=026s, test=007s, total=174s
Epoch  59: Train%/Test% | Accuracy: 79.19%/78.48% | Precision: 71.35%/70.38% | Recall: 70.14%/69.32% | F1: 70.69%/69.81% | Time: fit=140s, train=026s, test=007s, total=173s
Epoch  60: Train%/Test% | Accuracy: 79.30%/78.91% | Precision: 71.45%/70.93% | Recall: 69.46%/69.06% | F1: 70.31%/69.86% | Time: fit=141s, train=026s, test=007s, total=174s
Epoch  61: Train%/Test% | Accuracy: 80.49%/80.49% | Precision: 73.83%/73.97% | Recall: 67.65%/67.54% | F1: 69.59%/69.52% | Time: fit=140s, train=026s, test=007s, total=173s
Epoch  62: Train%/Test% | Accuracy: 78.46%/78.50% | Precision: 70.18%/70.24% | Recall: 68.29%/67.67% | F1: 69.09%/68.70% | Time: fit=140s, train=026s, test=007s, total=173s
Epoch  63: Train%/Test% | Accuracy: 78.00%/77.76% | Precision: 70.00%/69.61% | Recall: 70.49%/69.67% | F1: 70.24%/69.64% | Time: fit=140s, train=026s, test=007s, total=173s
Epoch  64: Train%/Test% | Accuracy: 75.99%/75.75% | Precision: 68.01%/67.47% | Recall: 69.79%/68.70% | F1: 68.73%/68.00% | Time: fit=140s, train=026s, test=007s, total=172s
Epoch  65: Train%/Test% | Accuracy: 75.90%/75.29% | Precision: 68.09%/67.18% | Recall: 70.22%/68.85% | F1: 68.92%/67.86% | Time: fit=138s, train=026s, test=007s, total=171s
Epoch  66: Train%/Test% | Accuracy: 76.23%/75.38% | Precision: 68.33%/67.17% | Recall: 70.18%/68.66% | F1: 69.08%/67.79% | Time: fit=140s, train=026s, test=007s, total=172s
Epoch  67: Train%/Test% | Accuracy: 77.73%/76.69% | Precision: 69.84%/68.42% | Recall: 70.91%/69.14% | F1: 70.32%/68.75% | Time: fit=139s, train=026s, test=007s, total=172s
Epoch  68: Train%/Test% | Accuracy: 78.96%/77.94% | Precision: 71.22%/69.83% | Recall: 71.44%/69.79% | F1: 71.33%/69.81% | Time: fit=140s, train=026s, test=007s, total=172s
Epoch  69: Train%/Test% | Accuracy: 78.88%/78.25% | Precision: 71.13%/70.28% | Recall: 71.41%/70.32% | F1: 71.27%/70.30% | Time: fit=140s, train=026s, test=007s, total=173s
Epoch  70: Train%/Test% | Accuracy: 78.13%/77.51% | Precision: 70.24%/69.45% | Recall: 70.96%/70.05% | F1: 70.58%/69.73% | Time: fit=139s, train=026s, test=007s, total=171s
Epoch  71: Train%/Test% | Accuracy: 78.35%/78.00% | Precision: 70.30%/69.83% | Recall: 70.09%/69.42% | F1: 70.19%/69.62% | Time: fit=139s, train=026s, test=007s, total=171s
Epoch  72: Train%/Test% | Accuracy: 78.06%/77.51% | Precision: 70.04%/69.27% | Recall: 70.35%/69.32% | F1: 70.19%/69.29% | Time: fit=140s, train=026s, test=007s, total=173s
Epoch  73: Train%/Test% | Accuracy: 78.05%/77.24% | Precision: 70.17%/69.06% | Recall: 70.98%/69.59% | F1: 70.55%/69.31% | Time: fit=139s, train=026s, test=007s, total=171s
Epoch  74: Train%/Test% | Accuracy: 78.20%/77.44% | Precision: 70.31%/69.24% | Recall: 70.95%/69.50% | F1: 70.62%/69.37% | Time: fit=140s, train=026s, test=007s, total=172s
Epoch  75: Train%/Test% | Accuracy: 77.39%/76.85% | Precision: 69.79%/69.09% | Recall: 71.84%/70.87% | F1: 70.62%/69.82% | Time: fit=138s, train=026s, test=007s, total=171s
Epoch  76: Train%/Test% | Accuracy: 77.73%/77.44% | Precision: 70.03%/69.67% | Recall: 71.68%/71.13% | F1: 70.74%/70.30% | Time: fit=140s, train=026s, test=007s, total=172s
Epoch  77: Train%/Test% | Accuracy: 80.16%/79.36% | Precision: 73.15%/71.84% | Recall: 67.49%/66.06% | F1: 69.31%/67.81% | Time: fit=138s, train=026s, test=007s, total=171s
Epoch  78: Train%/Test% | Accuracy: 79.65%/78.68% | Precision: 72.13%/70.53% | Recall: 67.35%/65.71% | F1: 68.97%/67.25% | Time: fit=140s, train=026s, test=007s, total=172s
Epoch  79: Train%/Test% | Accuracy: 78.08%/77.44% | Precision: 69.95%/69.01% | Recall: 69.86%/68.47% | F1: 69.91%/68.73% | Time: fit=140s, train=026s, test=007s, total=172s
Epoch  80: Train%/Test% | Accuracy: 78.21%/77.48% | Precision: 70.13%/69.12% | Recall: 70.04%/68.76% | F1: 70.09%/68.93% | Time: fit=139s, train=026s, test=007s, total=172s
Epoch  81: Train%/Test% | Accuracy: 78.60%/78.00% | Precision: 70.59%/69.78% | Recall: 70.05%/69.10% | F1: 70.31%/69.42% | Time: fit=143s, train=026s, test=007s, total=175s
Epoch  82: Train%/Test% | Accuracy: 78.55%/77.66% | Precision: 70.57%/69.31% | Recall: 70.31%/68.72% | F1: 70.44%/69.00% | Time: fit=139s, train=026s, test=007s, total=172s
Epoch  83: Train%/Test% | Accuracy: 78.46%/77.85% | Precision: 70.45%/69.54% | Recall: 70.21%/68.84% | F1: 70.33%/69.17% | Time: fit=140s, train=026s, test=007s, total=173s
Epoch  84: Train%/Test% | Accuracy: 78.20%/77.21% | Precision: 70.33%/69.04% | Recall: 71.03%/69.57% | F1: 70.66%/69.29% | Time: fit=139s, train=026s, test=006s, total=171s
Epoch  85: Train%/Test% | Accuracy: 78.12%/77.19% | Precision: 70.33%/69.06% | Recall: 71.37%/69.75% | F1: 70.80%/69.38% | Time: fit=138s, train=025s, test=006s, total=170s
Epoch  86: Train%/Test% | Accuracy: 77.65%/77.15% | Precision: 69.68%/68.89% | Recall: 70.60%/69.27% | F1: 70.10%/69.08% | Time: fit=140s, train=025s, test=006s, total=172s
Epoch  87: Train%/Test% | Accuracy: 75.78%/76.20% | Precision: 67.83%/68.13% | Recall: 69.73%/69.58% | F1: 68.59%/68.75% | Time: fit=136s, train=026s, test=006s, total=168s
Epoch  88: Train%/Test% | Accuracy: 78.73%/78.25% | Precision: 71.13%/70.55% | Recall: 72.26%/71.60% | F1: 71.64%/71.03% | Time: fit=140s, train=025s, test=006s, total=172s
Epoch  89: Train%/Test% | Accuracy: 78.04%/77.28% | Precision: 70.54%/69.64% | Recall: 72.53%/71.51% | F1: 71.36%/70.41% | Time: fit=138s, train=026s, test=006s, total=170s
Epoch  90: Train%/Test% | Accuracy: 78.08%/77.57% | Precision: 70.62%/69.97% | Recall: 72.69%/71.79% | F1: 71.47%/70.73% | Time: fit=140s, train=026s, test=006s, total=172s
Epoch  91: Train%/Test% | Accuracy: 78.30%/77.85% | Precision: 70.74%/70.05% | Recall: 72.39%/71.17% | F1: 71.45%/70.56% | Time: fit=142s, train=026s, test=006s, total=174s
Epoch  92: Train%/Test% | Accuracy: 78.96%/78.55% | Precision: 71.46%/70.90% | Recall: 72.73%/71.86% | F1: 72.03%/71.34% | Time: fit=139s, train=026s, test=006s, total=170s
Epoch  93: Train%/Test% | Accuracy: 78.62%/77.91% | Precision: 71.13%/70.17% | Recall: 72.73%/71.38% | F1: 71.82%/70.71% | Time: fit=138s, train=026s, test=006s, total=170s
Epoch  94: Train%/Test% | Accuracy: 75.32%/75.23% | Precision: 68.10%/67.83% | Recall: 71.26%/70.66% | F1: 69.11%/68.79% | Time: fit=140s, train=026s, test=006s, total=172s
Epoch  95: Train%/Test% | Accuracy: 78.96%/78.73% | Precision: 71.40%/71.07% | Recall: 72.40%/71.75% | F1: 71.86%/71.39% | Time: fit=139s, train=025s, test=006s, total=171s
Epoch  96: Train%/Test% | Accuracy: 79.02%/79.04% | Precision: 71.38%/71.40% | Recall: 71.98%/71.64% | F1: 71.67%/71.52% | Time: fit=141s, train=026s, test=006s, total=173s
Epoch  97: Train%/Test% | Accuracy: 78.85%/78.75% | Precision: 71.22%/71.04% | Recall: 72.09%/71.45% | F1: 71.62%/71.24% | Time: fit=139s, train=026s, test=006s, total=171s
Epoch  98: Train%/Test% | Accuracy: 78.70%/78.50% | Precision: 70.98%/70.65% | Recall: 71.66%/70.84% | F1: 71.30%/70.74% | Time: fit=140s, train=025s, test=006s, total=171s
Epoch  99: Train%/Test% | Accuracy: 78.73%/78.18% | Precision: 71.05%/70.28% | Recall: 71.87%/70.69% | F1: 71.44%/70.48% | Time: fit=140s, train=026s, test=006s, total=172s
Epoch 100: Train%/Test% | Accuracy: 78.48%/78.32% | Precision: 70.81%/70.61% | Recall: 71.92%/71.58% | F1: 71.31%/71.06% | Time: fit=143s, train=026s, test=006s, total=174s
Epoch 101: Train%/Test% | Accuracy: 78.78%/78.70% | Precision: 71.12%/71.00% | Recall: 71.97%/71.51% | F1: 71.52%/71.25% | Time: fit=139s, train=025s, test=006s, total=170s
Epoch 102: Train%/Test% | Accuracy: 78.82%/78.66% | Precision: 71.23%/70.98% | Recall: 72.29%/71.64% | F1: 71.71%/71.29% | Time: fit=140s, train=025s, test=006s, total=171s
Epoch 103: Train%/Test% | Accuracy: 78.52%/78.55% | Precision: 70.89%/70.84% | Recall: 72.15%/71.57% | F1: 71.46%/71.18% | Time: fit=141s, train=025s, test=006s, total=173s
Epoch 104: Train%/Test% | Accuracy: 78.30%/78.14% | Precision: 70.63%/70.35% | Recall: 71.90%/71.21% | F1: 71.19%/70.75% | Time: fit=140s, train=026s, test=006s, total=172s
Epoch 105: Train%/Test% | Accuracy: 78.54%/78.03% | Precision: 70.88%/70.13% | Recall: 71.98%/70.75% | F1: 71.38%/70.42% | Time: fit=138s, train=026s, test=006s, total=170s
Epoch 106: Train%/Test% | Accuracy: 79.13%/78.41% | Precision: 71.37%/70.40% | Recall: 71.06%/69.98% | F1: 71.21%/70.18% | Time: fit=138s, train=026s, test=006s, total=170s
Epoch 107: Train%/Test% | Accuracy: 79.05%/78.21% | Precision: 71.51%/70.38% | Recall: 72.49%/71.03% | F1: 71.96%/70.68% | Time: fit=142s, train=026s, test=006s, total=173s
Epoch 108: Train%/Test% | Accuracy: 79.01%/78.27% | Precision: 71.54%/70.50% | Recall: 72.85%/71.30% | F1: 72.13%/70.87% | Time: fit=139s, train=026s, test=006s, total=171s
Epoch 109: Train%/Test% | Accuracy: 78.73%/78.59% | Precision: 71.19%/70.91% | Recall: 72.58%/71.66% | F1: 71.81%/71.26% | Time: fit=140s, train=026s, test=006s, total=172s
Epoch 110: Train%/Test% | Accuracy: 79.10%/78.68% | Precision: 71.55%/70.92% | Recall: 72.45%/71.21% | F1: 71.97%/71.06% | Time: fit=143s, train=026s, test=006s, total=175s
Epoch 111: Train%/Test% | Accuracy: 78.83%/78.52% | Precision: 71.22%/70.73% | Recall: 72.19%/71.14% | F1: 71.67%/70.93% | Time: fit=141s, train=026s, test=006s, total=173s
Epoch 112: Train%/Test% | Accuracy: 79.25%/78.88% | Precision: 71.70%/71.17% | Recall: 72.39%/71.35% | F1: 72.03%/71.26% | Time: fit=144s, train=026s, test=006s, total=176s
Epoch 113: Train%/Test% | Accuracy: 78.86%/78.66% | Precision: 71.32%/70.98% | Recall: 72.51%/71.68% | F1: 71.86%/71.31% | Time: fit=140s, train=026s, test=006s, total=172s
Epoch 114: Train%/Test% | Accuracy: 78.69%/78.27% | Precision: 71.20%/70.58% | Recall: 72.77%/71.62% | F1: 71.88%/71.05% | Time: fit=140s, train=026s, test=006s, total=172s
Epoch 115: Train%/Test% | Accuracy: 78.51%/77.87% | Precision: 71.01%/70.18% | Recall: 72.71%/71.60% | F1: 71.74%/70.80% | Time: fit=141s, train=026s, test=006s, total=173s
Epoch 116: Train%/Test% | Accuracy: 77.21%/76.31% | Precision: 69.85%/68.75% | Recall: 72.50%/71.12% | F1: 70.84%/69.64% | Time: fit=139s, train=026s, test=006s, total=171s
Epoch 117: Train%/Test% | Accuracy: 77.96%/77.37% | Precision: 70.51%/69.68% | Recall: 72.67%/71.40% | F1: 71.38%/70.41% | Time: fit=143s, train=026s, test=006s, total=174s
Epoch 118: Train%/Test% | Accuracy: 78.06%/77.51% | Precision: 70.63%/69.85% | Recall: 72.80%/71.59% | F1: 71.51%/70.58% | Time: fit=140s, train=025s, test=006s, total=172s
Epoch 119: Train%/Test% | Accuracy: 77.75%/77.62% | Precision: 70.33%/70.03% | Recall: 72.67%/71.86% | F1: 71.26%/70.79% | Time: fit=140s, train=026s, test=006s, total=172s
Epoch 120: Train%/Test% | Accuracy: 77.91%/77.26% | Precision: 70.49%/69.70% | Recall: 72.72%/71.78% | F1: 71.38%/70.54% | Time: fit=142s, train=026s, test=006s, total=174s
Epoch 121: Train%/Test% | Accuracy: 78.01%/77.12% | Precision: 70.53%/69.47% | Recall: 72.58%/71.40% | F1: 71.37%/70.26% | Time: fit=141s, train=026s, test=006s, total=173s
Epoch 122: Train%/Test% | Accuracy: 78.03%/76.72% | Precision: 70.32%/68.74% | Recall: 71.71%/70.11% | F1: 70.93%/69.33% | Time: fit=139s, train=026s, test=006s, total=171s
Epoch 123: Train%/Test% | Accuracy: 77.85%/76.78% | Precision: 70.05%/68.73% | Recall: 71.33%/69.90% | F1: 70.62%/69.25% | Time: fit=140s, train=026s, test=006s, total=172s
Epoch 124: Train%/Test% | Accuracy: 78.57%/77.44% | Precision: 70.91%/69.52% | Recall: 71.99%/70.59% | F1: 71.40%/70.00% | Time: fit=141s, train=026s, test=006s, total=173s
Epoch 125: Train%/Test% | Accuracy: 78.68%/77.42% | Precision: 71.14%/69.56% | Recall: 72.57%/70.83% | F1: 71.77%/70.12% | Time: fit=140s, train=026s, test=006s, total=172s
Epoch 126: Train%/Test% | Accuracy: 78.69%/77.69% | Precision: 71.15%/69.99% | Recall: 72.55%/71.52% | F1: 71.77%/70.65% | Time: fit=139s, train=026s, test=006s, total=171s
Epoch 127: Train%/Test% | Accuracy: 79.09%/78.32% | Precision: 71.37%/70.38% | Recall: 71.44%/70.43% | F1: 71.41%/70.40% | Time: fit=140s, train=026s, test=006s, total=173s
Epoch 128: Train%/Test% | Accuracy: 79.12%/78.27% | Precision: 71.41%/70.26% | Recall: 71.44%/70.08% | F1: 71.43%/70.17% | Time: fit=141s, train=026s, test=006s, total=173s
Epoch 129: Train%/Test% | Accuracy: 77.17%/76.17% | Precision: 68.91%/67.39% | Recall: 69.39%/67.29% | F1: 69.14%/67.34% | Time: fit=139s, train=026s, test=006s, total=171s
Epoch 130: Train%/Test% | Accuracy: 78.50%/77.17% | Precision: 70.49%/68.57% | Recall: 70.14%/67.85% | F1: 70.31%/68.18% | Time: fit=141s, train=026s, test=006s, total=173s
Epoch 131: Train%/Test% | Accuracy: 78.68%/77.33% | Precision: 70.71%/68.77% | Recall: 70.23%/67.98% | F1: 70.46%/68.35% | Time: fit=140s, train=026s, test=006s, total=172s
Epoch 132: Train%/Test% | Accuracy: 79.40%/77.78% | Precision: 71.60%/69.17% | Recall: 69.34%/67.07% | F1: 70.29%/67.93% | Time: fit=139s, train=026s, test=006s, total=172s
Epoch 133: Train%/Test% | Accuracy: 79.36%/77.96% | Precision: 71.53%/69.37% | Recall: 68.88%/66.71% | F1: 69.95%/67.74% | Time: fit=141s, train=026s, test=006s, total=174s
Epoch 134: Train%/Test% | Accuracy: 79.21%/78.16% | Precision: 71.31%/69.73% | Recall: 69.04%/67.38% | F1: 69.99%/68.33% | Time: fit=141s, train=026s, test=006s, total=173s
Epoch 135: Train%/Test% | Accuracy: 78.59%/77.28% | Precision: 70.53%/68.70% | Recall: 69.72%/67.86% | F1: 70.10%/68.25% | Time: fit=140s, train=026s, test=006s, total=172s
Epoch 136: Train%/Test% | Accuracy: 78.64%/77.48% | Precision: 70.57%/68.90% | Recall: 69.59%/67.70% | F1: 70.04%/68.24% | Time: fit=142s, train=026s, test=006s, total=174s
Epoch 137: Train%/Test% | Accuracy: 78.92%/77.57% | Precision: 71.37%/69.66% | Recall: 72.50%/70.64% | F1: 71.89%/70.11% | Time: fit=141s, train=026s, test=006s, total=173s
Epoch 138: Train%/Test% | Accuracy: 78.98%/77.39% | Precision: 71.40%/69.38% | Recall: 72.32%/70.24% | F1: 71.83%/69.78% | Time: fit=142s, train=026s, test=006s, total=174s
Epoch 139: Train%/Test% | Accuracy: 78.39%/77.17% | Precision: 71.02%/69.61% | Recall: 73.20%/71.72% | F1: 71.91%/70.45% | Time: fit=139s, train=026s, test=006s, total=171s
Epoch 140: Train%/Test% | Accuracy: 78.47%/77.53% | Precision: 71.14%/70.03% | Recall: 73.35%/72.15% | F1: 72.04%/70.89% | Time: fit=140s, train=026s, test=006s, total=172s
Epoch 141: Train%/Test% | Accuracy: 78.44%/77.35% | Precision: 71.04%/69.70% | Recall: 73.06%/71.52% | F1: 71.88%/70.45% | Time: fit=140s, train=026s, test=006s, total=172s
Epoch 142: Train%/Test% | Accuracy: 78.42%/77.33% | Precision: 71.11%/69.78% | Recall: 73.42%/71.85% | F1: 72.04%/70.62% | Time: fit=140s, train=026s, test=006s, total=172s
Epoch 143: Train%/Test% | Accuracy: 78.00%/77.12% | Precision: 70.71%/69.61% | Recall: 73.25%/71.85% | F1: 71.70%/70.49% | Time: fit=139s, train=026s, test=006s, total=172s
Epoch 144: Train%/Test% | Accuracy: 78.46%/77.76% | Precision: 71.12%/70.30% | Recall: 73.30%/72.43% | F1: 72.01%/71.16% | Time: fit=141s, train=026s, test=006s, total=173s
Epoch 145: Train%/Test% | Accuracy: 78.11%/77.30% | Precision: 70.78%/69.82% | Recall: 73.18%/72.06% | F1: 71.73%/70.71% | Time: fit=140s, train=026s, test=006s, total=172s
Epoch 146: Train%/Test% | Accuracy: 79.93%/78.52% | Precision: 72.48%/70.54% | Recall: 72.13%/70.02% | F1: 72.30%/70.27% | Time: fit=139s, train=026s, test=006s, total=171s
Epoch 147: Train%/Test% | Accuracy: 78.47%/77.62% | Precision: 70.92%/69.83% | Recall: 72.48%/71.12% | F1: 71.60%/70.40% | Time: fit=141s, train=026s, test=006s, total=173s
Epoch 148: Train%/Test% | Accuracy: 77.99%/77.01% | Precision: 69.84%/68.43% | Recall: 69.77%/68.00% | F1: 69.80%/68.21% | Time: fit=140s, train=026s, test=006s, total=172s
Epoch 149: Train%/Test% | Accuracy: 78.25%/77.33% | Precision: 70.76%/69.58% | Recall: 72.67%/71.18% | F1: 71.56%/70.26% | Time: fit=140s, train=026s, test=006s, total=172s
Epoch 150: Train%/Test% | Accuracy: 78.24%/77.46% | Precision: 70.63%/69.59% | Recall: 72.20%/70.76% | F1: 71.31%/70.11% | Time: fit=139s, train=026s, test=006s, total=172s
