[*] Load dataset...
[*] Fix malformed data...
[*] Split...
[*] Encoding...
[*] -> text...
[*] -> domain...
pipeline.py:185: SettingWithCopyWarning: 
A value is trying to be set on a copy of a slice from a DataFrame.
Try using .loc[row_indexer,col_indexer] = value instead

See the caveats in the documentation: https://pandas.pydata.org/pandas-docs/stable/user_guide/indexing.html#returning-a-view-versus-a-copy
  train_df['domain'] = train_df['url'].apply(extract_domain)
pipeline.py:186: SettingWithCopyWarning: 
A value is trying to be set on a copy of a slice from a DataFrame.
Try using .loc[row_indexer,col_indexer] = value instead

See the caveats in the documentation: https://pandas.pydata.org/pandas-docs/stable/user_guide/indexing.html#returning-a-view-versus-a-copy
  test_df['domain'] = test_df['url'].apply(extract_domain)
[*] -> tweet_ids...
[*] Encoding complete!
==============================
Using GPU for training
Dataset: FakeNewsNet-gossipcop
TMU params: num-clauses=5000, T=100, s=10.0
Epochs: 100
Feature(s): text, domain, tweet
max-vocab=3000, max-domain=500, max-tweet=500
====================
Train size: 17712
Train classes: 2
Test size: 4428
Test classes: 2
Total features: 4000
==============================
[*] Training for 100 epochs...
Epoch   1: Train%/Test% | Accuracy: 70.63%/68.50% | Precision: 66.13%/64.59% | Recall: 71.23%/69.40% | F1: 66.30%/64.32% | Time: fit=030s, train=007s, test=002s, total=039s
Epoch   2: Train%/Test% | Accuracy: 47.92%/46.50% | Precision: 61.02%/60.38% | Recall: 62.34%/61.27% | F1: 47.81%/46.44% | Time: fit=029s, train=007s, test=002s, total=037s
Epoch   3: Train%/Test% | Accuracy: 75.20%/73.89% | Precision: 68.96%/67.94% | Recall: 73.46%/72.50% | F1: 70.04%/68.85% | Time: fit=028s, train=007s, test=002s, total=037s
Epoch   4: Train%/Test% | Accuracy: 76.00%/74.64% | Precision: 69.59%/68.42% | Recall: 73.95%/72.80% | F1: 70.75%/69.44% | Time: fit=028s, train=007s, test=002s, total=037s
Epoch   5: Train%/Test% | Accuracy: 74.84%/73.71% | Precision: 69.19%/68.29% | Recall: 74.33%/73.38% | F1: 70.17%/69.09% | Time: fit=029s, train=007s, test=002s, total=037s
Epoch   6: Train%/Test% | Accuracy: 75.54%/74.89% | Precision: 69.35%/68.85% | Recall: 73.94%/73.48% | F1: 70.46%/69.88% | Time: fit=028s, train=006s, test=002s, total=036s
Epoch   7: Train%/Test% | Accuracy: 74.94%/74.21% | Precision: 69.46%/68.94% | Recall: 74.81%/74.28% | F1: 70.42%/69.76% | Time: fit=028s, train=006s, test=002s, total=036s
Epoch   8: Train%/Test% | Accuracy: 75.20%/74.91% | Precision: 69.33%/69.11% | Recall: 74.28%/74.04% | F1: 70.37%/70.12% | Time: fit=028s, train=006s, test=002s, total=036s
Epoch   9: Train%/Test% | Accuracy: 76.08%/74.89% | Precision: 70.07%/69.01% | Recall: 74.99%/73.83% | F1: 71.23%/70.02% | Time: fit=028s, train=006s, test=002s, total=036s
Epoch  10: Train%/Test% | Accuracy: 75.20%/73.71% | Precision: 69.74%/68.57% | Recall: 75.16%/73.92% | F1: 70.72%/69.30% | Time: fit=028s, train=006s, test=002s, total=036s
Epoch  11: Train%/Test% | Accuracy: 76.29%/75.38% | Precision: 70.31%/69.54% | Recall: 75.28%/74.48% | F1: 71.49%/70.60% | Time: fit=028s, train=006s, test=002s, total=035s
Epoch  12: Train%/Test% | Accuracy: 76.81%/75.86% | Precision: 70.46%/69.77% | Recall: 74.95%/74.47% | F1: 71.69%/70.91% | Time: fit=028s, train=006s, test=002s, total=036s
Epoch  13: Train%/Test% | Accuracy: 77.37%/76.38% | Precision: 70.82%/69.98% | Recall: 75.01%/74.30% | F1: 72.09%/71.17% | Time: fit=028s, train=006s, test=002s, total=036s
Epoch  14: Train%/Test% | Accuracy: 77.21%/75.97% | Precision: 70.88%/69.90% | Recall: 75.42%/74.64% | F1: 72.15%/71.05% | Time: fit=028s, train=006s, test=002s, total=035s
Epoch  15: Train%/Test% | Accuracy: 77.54%/76.51% | Precision: 70.98%/70.12% | Recall: 75.16%/74.45% | F1: 72.26%/71.32% | Time: fit=028s, train=006s, test=002s, total=035s
Epoch  16: Train%/Test% | Accuracy: 77.64%/76.67% | Precision: 71.01%/70.18% | Recall: 75.06%/74.37% | F1: 72.28%/71.39% | Time: fit=028s, train=006s, test=002s, total=036s
Epoch  17: Train%/Test% | Accuracy: 77.54%/77.03% | Precision: 71.00%/70.61% | Recall: 75.20%/74.92% | F1: 72.27%/71.86% | Time: fit=028s, train=006s, test=002s, total=036s
Epoch  18: Train%/Test% | Accuracy: 77.51%/76.54% | Precision: 71.15%/70.22% | Recall: 75.65%/74.66% | F1: 72.45%/71.42% | Time: fit=027s, train=006s, test=002s, total=035s
Epoch  19: Train%/Test% | Accuracy: 77.93%/76.96% | Precision: 71.50%/70.57% | Recall: 75.88%/74.91% | F1: 72.82%/71.81% | Time: fit=028s, train=006s, test=002s, total=036s
Epoch  20: Train%/Test% | Accuracy: 78.06%/77.17% | Precision: 71.63%/70.81% | Recall: 76.00%/75.24% | F1: 72.96%/72.08% | Time: fit=028s, train=006s, test=002s, total=035s
Epoch  21: Train%/Test% | Accuracy: 78.11%/77.06% | Precision: 71.70%/70.88% | Recall: 76.12%/75.58% | F1: 73.04%/72.14% | Time: fit=028s, train=006s, test=002s, total=036s
Epoch  22: Train%/Test% | Accuracy: 77.89%/76.92% | Precision: 71.55%/70.80% | Recall: 76.09%/75.58% | F1: 72.88%/72.05% | Time: fit=028s, train=006s, test=002s, total=035s
Epoch  23: Train%/Test% | Accuracy: 77.85%/76.69% | Precision: 71.52%/70.53% | Recall: 76.07%/75.21% | F1: 72.84%/71.75% | Time: fit=028s, train=006s, test=002s, total=035s
Epoch  24: Train%/Test% | Accuracy: 78.03%/76.60% | Precision: 71.68%/70.50% | Recall: 76.21%/75.28% | F1: 73.02%/71.72% | Time: fit=027s, train=006s, test=002s, total=035s
Epoch  25: Train%/Test% | Accuracy: 77.46%/76.26% | Precision: 71.25%/70.08% | Recall: 76.01%/74.71% | F1: 72.55%/71.27% | Time: fit=027s, train=006s, test=002s, total=035s
Epoch  26: Train%/Test% | Accuracy: 78.05%/76.85% | Precision: 71.66%/70.49% | Recall: 76.12%/74.90% | F1: 73.00%/71.73% | Time: fit=028s, train=006s, test=002s, total=035s
Epoch  27: Train%/Test% | Accuracy: 77.85%/76.90% | Precision: 71.60%/70.85% | Recall: 76.31%/75.73% | F1: 72.94%/72.09% | Time: fit=028s, train=006s, test=002s, total=035s
Epoch  28: Train%/Test% | Accuracy: 77.97%/77.01% | Precision: 71.61%/70.83% | Recall: 76.12%/75.52% | F1: 72.94%/72.08% | Time: fit=028s, train=006s, test=002s, total=035s
Epoch  29: Train%/Test% | Accuracy: 78.65%/77.33% | Precision: 72.23%/71.13% | Recall: 76.58%/75.82% | F1: 73.60%/72.42% | Time: fit=028s, train=006s, test=002s, total=035s
Epoch  30: Train%/Test% | Accuracy: 78.52%/77.26% | Precision: 72.16%/71.11% | Recall: 76.66%/75.87% | F1: 73.54%/72.39% | Time: fit=028s, train=006s, test=002s, total=035s
Epoch  31: Train%/Test% | Accuracy: 79.09%/78.34% | Precision: 72.57%/71.98% | Recall: 76.67%/76.39% | F1: 73.93%/73.33% | Time: fit=027s, train=006s, test=002s, total=035s
Epoch  32: Train%/Test% | Accuracy: 79.49%/78.77% | Precision: 72.87%/72.23% | Recall: 76.63%/76.23% | F1: 74.20%/73.56% | Time: fit=028s, train=006s, test=002s, total=036s
Epoch  33: Train%/Test% | Accuracy: 78.96%/77.94% | Precision: 72.43%/71.44% | Recall: 76.54%/75.61% | F1: 73.79%/72.74% | Time: fit=027s, train=006s, test=002s, total=035s
Epoch  34: Train%/Test% | Accuracy: 79.41%/78.39% | Precision: 72.85%/71.86% | Recall: 76.82%/75.94% | F1: 74.21%/73.18% | Time: fit=028s, train=006s, test=002s, total=035s
Epoch  35: Train%/Test% | Accuracy: 79.03%/77.91% | Precision: 72.59%/71.56% | Recall: 76.89%/75.98% | F1: 73.97%/72.88% | Time: fit=028s, train=006s, test=002s, total=035s
Epoch  36: Train%/Test% | Accuracy: 79.19%/77.71% | Precision: 72.72%/71.37% | Recall: 76.90%/75.82% | F1: 74.10%/72.67% | Time: fit=027s, train=006s, test=002s, total=035s
Epoch  37: Train%/Test% | Accuracy: 79.24%/78.23% | Precision: 72.71%/71.89% | Recall: 76.78%/76.35% | F1: 74.08%/73.24% | Time: fit=028s, train=006s, test=002s, total=035s
Epoch  38: Train%/Test% | Accuracy: 79.38%/78.39% | Precision: 72.70%/71.84% | Recall: 76.36%/75.88% | F1: 74.00%/73.15% | Time: fit=027s, train=006s, test=002s, total=035s
Epoch  39: Train%/Test% | Accuracy: 79.37%/78.46% | Precision: 72.70%/71.92% | Recall: 76.39%/75.96% | F1: 74.01%/73.23% | Time: fit=027s, train=006s, test=002s, total=035s
Epoch  40: Train%/Test% | Accuracy: 78.04%/76.76% | Precision: 71.85%/70.84% | Recall: 76.67%/75.90% | F1: 73.21%/72.07% | Time: fit=027s, train=006s, test=002s, total=035s
Epoch  41: Train%/Test% | Accuracy: 78.22%/77.10% | Precision: 71.97%/71.04% | Recall: 76.69%/75.93% | F1: 73.34%/72.31% | Time: fit=028s, train=006s, test=002s, total=035s
Epoch  42: Train%/Test% | Accuracy: 78.26%/77.08% | Precision: 71.98%/71.00% | Recall: 76.64%/75.85% | F1: 73.35%/72.26% | Time: fit=027s, train=006s, test=002s, total=035s
Epoch  43: Train%/Test% | Accuracy: 78.22%/77.15% | Precision: 72.02%/71.13% | Recall: 76.82%/76.09% | F1: 73.39%/72.40% | Time: fit=027s, train=006s, test=002s, total=035s
Epoch  44: Train%/Test% | Accuracy: 78.10%/77.10% | Precision: 71.83%/71.08% | Recall: 76.50%/76.02% | F1: 73.18%/72.35% | Time: fit=027s, train=006s, test=002s, total=035s
Epoch  45: Train%/Test% | Accuracy: 78.33%/77.21% | Precision: 72.07%/71.19% | Recall: 76.76%/76.13% | F1: 73.44%/72.46% | Time: fit=028s, train=006s, test=002s, total=035s
Epoch  46: Train%/Test% | Accuracy: 78.24%/76.74% | Precision: 72.01%/70.80% | Recall: 76.77%/75.82% | F1: 73.38%/72.02% | Time: fit=028s, train=006s, test=002s, total=036s
Epoch  47: Train%/Test% | Accuracy: 78.16%/76.85% | Precision: 71.94%/70.92% | Recall: 76.70%/75.96% | F1: 73.30%/72.15% | Time: fit=028s, train=006s, test=002s, total=035s
Epoch  48: Train%/Test% | Accuracy: 78.28%/76.60% | Precision: 72.11%/70.73% | Recall: 76.97%/75.82% | F1: 73.49%/71.93% | Time: fit=027s, train=006s, test=002s, total=035s
Epoch  49: Train%/Test% | Accuracy: 78.24%/76.92% | Precision: 72.08%/71.10% | Recall: 76.98%/76.32% | F1: 73.46%/72.34% | Time: fit=028s, train=006s, test=002s, total=035s
Epoch  50: Train%/Test% | Accuracy: 78.40%/77.15% | Precision: 72.28%/71.26% | Recall: 77.24%/76.41% | F1: 73.68%/72.52% | Time: fit=028s, train=006s, test=002s, total=036s
Epoch  51: Train%/Test% | Accuracy: 78.17%/76.63% | Precision: 72.01%/70.71% | Recall: 76.89%/75.74% | F1: 73.39%/71.92% | Time: fit=028s, train=006s, test=002s, total=035s
Epoch  52: Train%/Test% | Accuracy: 77.77%/75.95% | Precision: 71.95%/70.46% | Recall: 77.35%/75.94% | F1: 73.28%/71.54% | Time: fit=027s, train=006s, test=002s, total=035s
Epoch  53: Train%/Test% | Accuracy: 77.21%/75.84% | Precision: 71.59%/70.53% | Recall: 77.19%/76.21% | F1: 72.83%/71.57% | Time: fit=027s, train=006s, test=002s, total=035s
Epoch  54: Train%/Test% | Accuracy: 77.74%/76.83% | Precision: 71.73%/71.17% | Recall: 76.81%/76.58% | F1: 73.06%/72.38% | Time: fit=028s, train=006s, test=002s, total=035s
Epoch  55: Train%/Test% | Accuracy: 77.76%/76.87% | Precision: 71.67%/71.09% | Recall: 76.63%/76.35% | F1: 73.00%/72.32% | Time: fit=028s, train=006s, test=002s, total=036s
Epoch  56: Train%/Test% | Accuracy: 77.61%/76.65% | Precision: 71.64%/71.05% | Recall: 76.78%/76.53% | F1: 72.96%/72.23% | Time: fit=027s, train=006s, test=002s, total=035s
Epoch  57: Train%/Test% | Accuracy: 77.50%/76.17% | Precision: 71.74%/70.83% | Recall: 77.20%/76.53% | F1: 73.04%/71.91% | Time: fit=028s, train=006s, test=002s, total=035s
Epoch  58: Train%/Test% | Accuracy: 78.21%/76.99% | Precision: 72.05%/71.05% | Recall: 76.93%/76.11% | F1: 73.43%/72.30% | Time: fit=027s, train=006s, test=002s, total=035s
Epoch  59: Train%/Test% | Accuracy: 77.43%/76.13% | Precision: 71.74%/70.77% | Recall: 77.28%/76.44% | F1: 73.02%/71.85% | Time: fit=028s, train=006s, test=002s, total=035s
Epoch  60: Train%/Test% | Accuracy: 77.37%/76.02% | Precision: 71.75%/70.73% | Recall: 77.40%/76.46% | F1: 73.02%/71.78% | Time: fit=028s, train=006s, test=002s, total=036s
Epoch  61: Train%/Test% | Accuracy: 77.76%/76.31% | Precision: 71.96%/70.82% | Recall: 77.39%/76.37% | F1: 73.29%/71.94% | Time: fit=028s, train=006s, test=002s, total=035s
Epoch  62: Train%/Test% | Accuracy: 77.74%/76.42% | Precision: 71.96%/70.84% | Recall: 77.42%/76.28% | F1: 73.29%/71.99% | Time: fit=027s, train=006s, test=002s, total=035s
Epoch  63: Train%/Test% | Accuracy: 77.60%/76.47% | Precision: 71.84%/70.86% | Recall: 77.30%/76.28% | F1: 73.14%/72.02% | Time: fit=027s, train=006s, test=002s, total=035s
Epoch  64: Train%/Test% | Accuracy: 78.36%/77.33% | Precision: 72.20%/71.26% | Recall: 77.09%/76.14% | F1: 73.59%/72.54% | Time: fit=027s, train=006s, test=002s, total=035s
Epoch  65: Train%/Test% | Accuracy: 78.31%/77.17% | Precision: 72.20%/71.20% | Recall: 77.17%/76.23% | F1: 73.59%/72.47% | Time: fit=028s, train=006s, test=002s, total=035s
Epoch  66: Train%/Test% | Accuracy: 78.20%/77.44% | Precision: 71.98%/71.34% | Recall: 76.74%/76.18% | F1: 73.34%/72.64% | Time: fit=028s, train=006s, test=002s, total=035s
Epoch  67: Train%/Test% | Accuracy: 78.14%/77.37% | Precision: 72.04%/71.38% | Recall: 77.00%/76.39% | F1: 73.41%/72.67% | Time: fit=028s, train=006s, test=002s, total=035s
Epoch  68: Train%/Test% | Accuracy: 79.04%/78.09% | Precision: 72.70%/71.92% | Recall: 77.22%/76.68% | F1: 74.11%/73.28% | Time: fit=027s, train=006s, test=002s, total=035s
Epoch  69: Train%/Test% | Accuracy: 79.13%/78.00% | Precision: 72.82%/71.73% | Recall: 77.37%/76.30% | F1: 74.24%/73.07% | Time: fit=027s, train=006s, test=002s, total=035s
Epoch  70: Train%/Test% | Accuracy: 79.22%/78.73% | Precision: 72.84%/72.36% | Recall: 77.25%/76.74% | F1: 74.26%/73.74% | Time: fit=027s, train=006s, test=002s, total=035s
Epoch  71: Train%/Test% | Accuracy: 79.09%/78.48% | Precision: 72.76%/72.19% | Recall: 77.28%/76.74% | F1: 74.17%/73.56% | Time: fit=028s, train=006s, test=002s, total=035s
Epoch  72: Train%/Test% | Accuracy: 79.41%/78.55% | Precision: 73.02%/72.31% | Recall: 77.39%/76.94% | F1: 74.44%/73.69% | Time: fit=028s, train=006s, test=002s, total=035s
Epoch  73: Train%/Test% | Accuracy: 79.02%/78.18% | Precision: 72.75%/72.03% | Recall: 77.41%/76.83% | F1: 74.18%/73.40% | Time: fit=028s, train=006s, test=002s, total=035s
Epoch  74: Train%/Test% | Accuracy: 79.11%/78.27% | Precision: 72.77%/72.10% | Recall: 77.29%/76.86% | F1: 74.19%/73.47% | Time: fit=028s, train=006s, test=002s, total=035s
Epoch  75: Train%/Test% | Accuracy: 79.27%/78.48% | Precision: 72.91%/72.30% | Recall: 77.36%/77.06% | F1: 74.34%/73.69% | Time: fit=028s, train=006s, test=002s, total=035s
Epoch  76: Train%/Test% | Accuracy: 79.26%/78.61% | Precision: 72.89%/72.39% | Recall: 77.33%/77.05% | F1: 74.31%/73.78% | Time: fit=027s, train=006s, test=002s, total=035s
Epoch  77: Train%/Test% | Accuracy: 79.10%/77.64% | Precision: 72.83%/71.45% | Recall: 77.48%/76.16% | F1: 74.26%/72.76% | Time: fit=027s, train=006s, test=002s, total=035s
Epoch  78: Train%/Test% | Accuracy: 78.56%/76.96% | Precision: 72.52%/71.10% | Recall: 77.61%/76.25% | F1: 73.93%/72.34% | Time: fit=028s, train=006s, test=002s, total=035s
Epoch  79: Train%/Test% | Accuracy: 78.44%/77.87% | Precision: 72.21%/71.91% | Recall: 76.97%/77.01% | F1: 73.60%/73.25% | Time: fit=027s, train=006s, test=002s, total=035s
Epoch  80: Train%/Test% | Accuracy: 78.58%/77.76% | Precision: 72.38%/71.71% | Recall: 77.19%/76.68% | F1: 73.78%/73.05% | Time: fit=027s, train=006s, test=002s, total=035s
Epoch  81: Train%/Test% | Accuracy: 78.62%/77.55% | Precision: 72.50%/71.56% | Recall: 77.47%/76.58% | F1: 73.92%/72.87% | Time: fit=027s, train=006s, test=002s, total=035s
Epoch  82: Train%/Test% | Accuracy: 78.67%/77.53% | Precision: 72.54%/71.56% | Recall: 77.49%/76.63% | F1: 73.96%/72.87% | Time: fit=028s, train=006s, test=002s, total=036s
Epoch  83: Train%/Test% | Accuracy: 78.61%/77.82% | Precision: 72.40%/71.74% | Recall: 77.19%/76.63% | F1: 73.80%/73.07% | Time: fit=027s, train=006s, test=002s, total=035s
Epoch  84: Train%/Test% | Accuracy: 78.16%/77.35% | Precision: 72.00%/71.34% | Recall: 76.88%/76.32% | F1: 73.37%/72.63% | Time: fit=027s, train=006s, test=002s, total=035s
Epoch  85: Train%/Test% | Accuracy: 78.70%/77.73% | Precision: 72.42%/71.56% | Recall: 77.07%/76.31% | F1: 73.82%/72.89% | Time: fit=027s, train=006s, test=002s, total=035s
Epoch  86: Train%/Test% | Accuracy: 78.45%/77.62% | Precision: 72.24%/71.56% | Recall: 77.03%/76.49% | F1: 73.63%/72.88% | Time: fit=027s, train=006s, test=002s, total=035s
Epoch  87: Train%/Test% | Accuracy: 77.56%/76.54% | Precision: 71.67%/70.80% | Recall: 76.94%/76.07% | F1: 72.98%/71.98% | Time: fit=027s, train=006s, test=002s, total=035s
Epoch  88: Train%/Test% | Accuracy: 77.79%/76.81% | Precision: 71.92%/71.13% | Recall: 77.23%/76.53% | F1: 73.26%/72.34% | Time: fit=027s, train=006s, test=002s, total=035s
Epoch  89: Train%/Test% | Accuracy: 78.18%/77.26% | Precision: 72.17%/71.43% | Recall: 77.30%/76.67% | F1: 73.55%/72.70% | Time: fit=027s, train=006s, test=002s, total=035s
Epoch  90: Train%/Test% | Accuracy: 78.68%/77.71% | Precision: 72.55%/71.74% | Recall: 77.51%/76.81% | F1: 73.97%/73.06% | Time: fit=027s, train=006s, test=002s, total=035s
Epoch  91: Train%/Test% | Accuracy: 78.80%/77.71% | Precision: 72.61%/71.70% | Recall: 77.44%/76.71% | F1: 74.03%/73.03% | Time: fit=027s, train=006s, test=002s, total=035s
Epoch  92: Train%/Test% | Accuracy: 78.97%/77.89% | Precision: 72.67%/71.70% | Recall: 77.27%/76.42% | F1: 74.09%/73.04% | Time: fit=027s, train=006s, test=002s, total=035s
Epoch  93: Train%/Test% | Accuracy: 78.75%/77.37% | Precision: 72.61%/71.39% | Recall: 77.51%/76.43% | F1: 74.03%/72.69% | Time: fit=027s, train=006s, test=002s, total=035s
Epoch  94: Train%/Test% | Accuracy: 78.67%/77.37% | Precision: 72.54%/71.39% | Recall: 77.47%/76.43% | F1: 73.95%/72.69% | Time: fit=028s, train=006s, test=002s, total=036s
Epoch  95: Train%/Test% | Accuracy: 78.66%/77.26% | Precision: 72.55%/71.27% | Recall: 77.54%/76.29% | F1: 73.97%/72.56% | Time: fit=028s, train=006s, test=002s, total=035s
Epoch  96: Train%/Test% | Accuracy: 78.50%/77.46% | Precision: 72.44%/71.47% | Recall: 77.51%/76.49% | F1: 73.85%/72.77% | Time: fit=028s, train=006s, test=002s, total=035s
Epoch  97: Train%/Test% | Accuracy: 79.20%/78.23% | Precision: 73.03%/72.12% | Recall: 77.90%/76.99% | F1: 74.49%/73.49% | Time: fit=027s, train=006s, test=002s, total=035s
Epoch  98: Train%/Test% | Accuracy: 79.12%/78.07% | Precision: 72.96%/71.99% | Recall: 77.85%/76.92% | F1: 74.42%/73.35% | Time: fit=027s, train=006s, test=002s, total=035s
Epoch  99: Train%/Test% | Accuracy: 78.78%/77.55% | Precision: 72.66%/71.61% | Recall: 77.63%/76.71% | F1: 74.09%/72.92% | Time: fit=027s, train=006s, test=002s, total=035s
Epoch 100: Train%/Test% | Accuracy: 78.61%/77.53% | Precision: 72.55%/71.68% | Recall: 77.63%/76.91% | F1: 73.97%/72.98% | Time: fit=027s, train=006s, test=002s, total=035s
