[*] Load dataset...
[*] Fix malformed data...
[*] Split...
[*] Encoding...
[*] -> domain...
pipeline.py:185: SettingWithCopyWarning: 
A value is trying to be set on a copy of a slice from a DataFrame.
Try using .loc[row_indexer,col_indexer] = value instead

See the caveats in the documentation: https://pandas.pydata.org/pandas-docs/stable/user_guide/indexing.html#returning-a-view-versus-a-copy
  train_df['domain'] = train_df['url'].apply(extract_domain)
pipeline.py:186: SettingWithCopyWarning: 
A value is trying to be set on a copy of a slice from a DataFrame.
Try using .loc[row_indexer,col_indexer] = value instead

See the caveats in the documentation: https://pandas.pydata.org/pandas-docs/stable/user_guide/indexing.html#returning-a-view-versus-a-copy
  test_df['domain'] = test_df['url'].apply(extract_domain)
[*] Encoding complete!
==============================
Using GPU for training
Dataset: FakeNewsNet-politifact
TMU params: num-clauses=5000, T=50, s=15.0
Epochs: 150
Feature(s): domain
max-vocab=15000, max-domain=500, max-tweet=500
====================
Train size: 844
Train classes: 2
Test size: 212
Test classes: 2
Total features: 318
==============================
[*] Training for 150 epochs...
Epoch   1: Train%/Test% | Accuracy: 58.06%/63.21%/usr/local/lib/python3.8/dist-packages/sklearn/metrics/_classification.py:1245: UndefinedMetricWarning: Precision is ill-defined and being set to 0.0 in labels with no predicted samples. Use `zero_division` parameter to control this behavior.
  _warn_prf(average, modifier, msg_start, len(result))
/usr/local/lib/python3.8/dist-packages/sklearn/metrics/_classification.py:1245: UndefinedMetricWarning: Precision is ill-defined and being set to 0.0 in labels with no predicted samples. Use `zero_division` parameter to control this behavior.
  _warn_prf(average, modifier, msg_start, len(result))
 | Precision: 29.03%/31.60% | Recall: 50.00%/50.00% | F1: 36.73%/38.73% | Time: fit=010s, train=002s, test=001s, total=013s
Epoch   2: Train%/Test% | Accuracy: 61.26%/67.45% | Precision: 79.99%/83.00% | Recall: 53.81%/55.77% | F1: 44.58%/50.11% | Time: fit=010s, train=002s, test=001s, total=013s
Epoch   3: Train%/Test% | Accuracy: 60.43%/67.45% | Precision: 77.47%/83.00% | Recall: 52.86%/55.77% | F1: 42.86%/50.11% | Time: fit=010s, train=002s, test=001s, total=013s
Epoch   4: Train%/Test% | Accuracy: 61.14%/67.45% | Precision: 76.64%/83.00% | Recall: 53.75%/55.77% | F1: 44.71%/50.11% | Time: fit=010s, train=002s, test=001s, total=013s
Epoch   5: Train%/Test% | Accuracy: 61.97%/67.45% | Precision: 76.40%/83.00% | Recall: 54.78%/55.77% | F1: 46.77%/50.11% | Time: fit=010s, train=002s, test=001s, total=013s
Epoch   6: Train%/Test% | Accuracy: 62.32%/67.45% | Precision: 74.95%/78.54% | Recall: 55.28%/56.04% | F1: 47.91%/50.94% | Time: fit=010s, train=002s, test=001s, total=013s
Epoch   7: Train%/Test% | Accuracy: 74.53%/72.64% | Precision: 74.15%/72.17% | Recall: 72.89%/73.80% | F1: 73.24%/72.00% | Time: fit=010s, train=002s, test=001s, total=013s
Epoch   8: Train%/Test% | Accuracy: 75.24%/73.11% | Precision: 75.01%/72.76% | Recall: 73.50%/74.45% | F1: 73.90%/72.53% | Time: fit=010s, train=002s, test=001s, total=013s
Epoch   9: Train%/Test% | Accuracy: 76.90%/74.06% | Precision: 76.75%/73.49% | Recall: 75.28%/75.19% | F1: 75.70%/73.41% | Time: fit=010s, train=002s, test=001s, total=012s
Epoch  10: Train%/Test% | Accuracy: 76.66%/74.53% | Precision: 76.33%/74.06% | Recall: 75.23%/75.83% | F1: 75.58%/73.93% | Time: fit=010s, train=002s, test=001s, total=013s
Epoch  11: Train%/Test% | Accuracy: 76.66%/74.53% | Precision: 76.36%/74.06% | Recall: 75.19%/75.83% | F1: 75.56%/73.93% | Time: fit=010s, train=002s, test=001s, total=012s
Epoch  12: Train%/Test% | Accuracy: 77.37%/75.47% | Precision: 77.16%/75.01% | Recall: 75.88%/76.85% | F1: 76.28%/74.90% | Time: fit=010s, train=002s, test=001s, total=012s
Epoch  13: Train%/Test% | Accuracy: 79.38%/75.94% | Precision: 79.27%/75.18% | Recall: 78.01%/76.95% | F1: 78.42%/75.27% | Time: fit=010s, train=002s, test=001s, total=012s
Epoch  14: Train%/Test% | Accuracy: 79.38%/75.00% | Precision: 79.24%/74.43% | Recall: 78.05%/76.21% | F1: 78.45%/74.38% | Time: fit=010s, train=002s, test=001s, total=012s
Epoch  15: Train%/Test% | Accuracy: 78.32%/75.94% | Precision: 78.15%/75.38% | Recall: 76.90%/77.22% | F1: 77.30%/75.35% | Time: fit=010s, train=002s, test=001s, total=012s
Epoch  16: Train%/Test% | Accuracy: 79.15%/75.94% | Precision: 78.98%/75.18% | Recall: 77.81%/76.95% | F1: 78.20%/75.27% | Time: fit=010s, train=002s, test=001s, total=012s
Epoch  17: Train%/Test% | Accuracy: 79.38%/75.94% | Precision: 79.24%/75.18% | Recall: 78.05%/76.95% | F1: 78.45%/75.27% | Time: fit=010s, train=002s, test=001s, total=012s
Epoch  18: Train%/Test% | Accuracy: 78.67%/75.47% | Precision: 78.62%/74.62% | Recall: 77.16%/76.31% | F1: 77.61%/74.74% | Time: fit=010s, train=002s, test=001s, total=012s
Epoch  19: Train%/Test% | Accuracy: 77.96%/74.53% | Precision: 77.82%/73.86% | Recall: 76.47%/75.56% | F1: 76.89%/73.86% | Time: fit=010s, train=002s, test=001s, total=012s
Epoch  20: Train%/Test% | Accuracy: 77.84%/74.06% | Precision: 77.67%/73.29% | Recall: 76.37%/74.92% | F1: 76.78%/73.33% | Time: fit=010s, train=002s, test=001s, total=012s
Epoch  21: Train%/Test% | Accuracy: 78.08%/74.06% | Precision: 77.93%/73.29% | Recall: 76.61%/74.92% | F1: 77.02%/73.33% | Time: fit=010s, train=002s, test=001s, total=012s
Epoch  22: Train%/Test% | Accuracy: 77.61%/73.58% | Precision: 77.45%/72.91% | Recall: 76.09%/74.55% | F1: 76.50%/72.89% | Time: fit=010s, train=002s, test=001s, total=012s
Epoch  23: Train%/Test% | Accuracy: 79.50%/74.06% | Precision: 79.54%/73.29% | Recall: 78.00%/74.92% | F1: 78.47%/73.33% | Time: fit=010s, train=002s, test=001s, total=012s
Epoch  24: Train%/Test% | Accuracy: 79.62%/74.06% | Precision: 79.53%/73.49% | Recall: 78.25%/75.19% | F1: 78.67%/73.41% | Time: fit=010s, train=002s, test=001s, total=012s
Epoch  25: Train%/Test% | Accuracy: 79.86%/75.47% | Precision: 79.90%/74.62% | Recall: 78.38%/76.31% | F1: 78.85%/74.74% | Time: fit=010s, train=002s, test=001s, total=012s
Epoch  26: Train%/Test% | Accuracy: 79.86%/75.47% | Precision: 79.61%/75.01% | Recall: 78.69%/76.85% | F1: 79.03%/74.90% | Time: fit=010s, train=002s, test=001s, total=012s
Epoch  27: Train%/Test% | Accuracy: 74.64%/66.51% | Precision: 76.10%/74.71% | Recall: 76.36%/72.97% | F1: 74.64%/66.42% | Time: fit=010s, train=002s, test=001s, total=012s
Epoch  28: Train%/Test% | Accuracy: 79.62%/75.47% | Precision: 79.36%/75.01% | Recall: 78.45%/76.85% | F1: 78.78%/74.90% | Time: fit=010s, train=002s, test=001s, total=012s
Epoch  29: Train%/Test% | Accuracy: 79.98%/74.06% | Precision: 79.67%/73.93% | Recall: 78.91%/75.73% | F1: 79.20%/73.56% | Time: fit=010s, train=002s, test=001s, total=012s
Epoch  30: Train%/Test% | Accuracy: 81.40%/75.94% | Precision: 81.11%/75.38% | Recall: 80.45%/77.22% | F1: 80.71%/75.35% | Time: fit=010s, train=002s, test=001s, total=012s
Epoch  31: Train%/Test% | Accuracy: 80.57%/76.42% | Precision: 80.33%/75.75% | Recall: 79.46%/77.59% | F1: 79.79%/75.79% | Time: fit=010s, train=002s, test=001s, total=012s
Epoch  32: Train%/Test% | Accuracy: 80.45%/75.94% | Precision: 80.29%/75.18% | Recall: 79.24%/76.95% | F1: 79.61%/75.27% | Time: fit=010s, train=002s, test=001s, total=012s
Epoch  33: Train%/Test% | Accuracy: 80.69%/75.00% | Precision: 80.54%/74.05% | Recall: 79.49%/75.67% | F1: 79.86%/74.21% | Time: fit=010s, train=002s, test=001s, total=012s
Epoch  34: Train%/Test% | Accuracy: 79.86%/74.06% | Precision: 79.58%/73.49% | Recall: 78.73%/75.19% | F1: 79.05%/73.41% | Time: fit=010s, train=002s, test=001s, total=012s
Epoch  35: Train%/Test% | Accuracy: 80.21%/75.00% | Precision: 79.94%/74.65% | Recall: 79.12%/76.47% | F1: 79.43%/74.45% | Time: fit=010s, train=002s, test=001s, total=012s
Epoch  36: Train%/Test% | Accuracy: 80.69%/76.42% | Precision: 80.54%/75.75% | Recall: 79.49%/77.59% | F1: 79.86%/75.79% | Time: fit=010s, train=002s, test=001s, total=012s
Epoch  37: Train%/Test% | Accuracy: 80.69%/75.47% | Precision: 80.54%/75.01% | Recall: 79.49%/76.85% | F1: 79.86%/74.90% | Time: fit=010s, train=002s, test=001s, total=012s
Epoch  38: Train%/Test% | Accuracy: 81.87%/75.94% | Precision: 81.63%/75.38% | Recall: 80.90%/77.22% | F1: 81.19%/75.35% | Time: fit=010s, train=002s, test=001s, total=012s
Epoch  39: Train%/Test% | Accuracy: 81.52%/75.47% | Precision: 81.30%/75.01% | Recall: 80.48%/76.85% | F1: 80.79%/74.90% | Time: fit=010s, train=002s, test=001s, total=012s
Epoch  40: Train%/Test% | Accuracy: 82.23%/75.94% | Precision: 82.09%/75.38% | Recall: 81.17%/77.22% | F1: 81.51%/75.35% | Time: fit=010s, train=002s, test=001s, total=012s
Epoch  41: Train%/Test% | Accuracy: 81.40%/75.94% | Precision: 81.26%/75.38% | Recall: 80.26%/77.22% | F1: 80.62%/75.35% | Time: fit=010s, train=002s, test=001s, total=012s
Epoch  42: Train%/Test% | Accuracy: 81.87%/76.89% | Precision: 81.80%/76.13% | Recall: 80.70%/77.97% | F1: 81.10%/76.24% | Time: fit=010s, train=002s, test=001s, total=012s
Epoch  43: Train%/Test% | Accuracy: 82.35%/76.89% | Precision: 82.27%/76.13% | Recall: 81.23%/77.97% | F1: 81.61%/76.24% | Time: fit=010s, train=002s, test=001s, total=012s
Epoch  44: Train%/Test% | Accuracy: 82.82%/76.89% | Precision: 82.63%/76.13% | Recall: 81.87%/77.97% | F1: 82.17%/76.24% | Time: fit=010s, train=002s, test=001s, total=012s
Epoch  45: Train%/Test% | Accuracy: 83.18%/76.42% | Precision: 83.05%/75.75% | Recall: 82.18%/77.59% | F1: 82.52%/75.79% | Time: fit=010s, train=002s, test=001s, total=012s
Epoch  46: Train%/Test% | Accuracy: 82.94%/76.42% | Precision: 82.77%/75.75% | Recall: 81.97%/77.59% | F1: 82.29%/75.79% | Time: fit=010s, train=002s, test=001s, total=012s
Epoch  47: Train%/Test% | Accuracy: 82.58%/76.42% | Precision: 82.48%/75.75% | Recall: 81.51%/77.59% | F1: 81.87%/75.79% | Time: fit=010s, train=002s, test=001s, total=012s
Epoch  48: Train%/Test% | Accuracy: 82.70%/75.94% | Precision: 82.55%/75.18% | Recall: 81.69%/76.95% | F1: 82.02%/75.27% | Time: fit=010s, train=002s, test=001s, total=012s
Epoch  49: Train%/Test% | Accuracy: 82.46%/75.47% | Precision: 82.30%/75.01% | Recall: 81.45%/76.85% | F1: 81.78%/74.90% | Time: fit=010s, train=002s, test=001s, total=012s
Epoch  50: Train%/Test% | Accuracy: 82.94%/75.00% | Precision: 82.71%/74.43% | Recall: 82.05%/76.21% | F1: 82.32%/74.38% | Time: fit=010s, train=002s, test=001s, total=012s
Epoch  51: Train%/Test% | Accuracy: 82.94%/75.47% | Precision: 82.80%/75.01% | Recall: 81.93%/76.85% | F1: 82.27%/74.90% | Time: fit=010s, train=002s, test=001s, total=012s
Epoch  52: Train%/Test% | Accuracy: 83.41%/76.42% | Precision: 83.38%/75.75% | Recall: 82.34%/77.59% | F1: 82.73%/75.79% | Time: fit=010s, train=002s, test=001s, total=012s
Epoch  53: Train%/Test% | Accuracy: 82.70%/76.42% | Precision: 82.70%/75.75% | Recall: 81.53%/77.59% | F1: 81.95%/75.79% | Time: fit=010s, train=002s, test=001s, total=012s
Epoch  54: Train%/Test% | Accuracy: 83.65%/76.42% | Precision: 83.67%/75.75% | Recall: 82.55%/77.59% | F1: 82.96%/75.79% | Time: fit=010s, train=002s, test=001s, total=012s
Epoch  55: Train%/Test% | Accuracy: 83.18%/75.47% | Precision: 83.09%/75.01% | Recall: 82.14%/76.85% | F1: 82.50%/74.90% | Time: fit=010s, train=002s, test=001s, total=012s
Epoch  56: Train%/Test% | Accuracy: 83.29%/75.00% | Precision: 83.10%/74.65% | Recall: 82.40%/76.47% | F1: 82.68%/74.45% | Time: fit=010s, train=002s, test=001s, total=012s
Epoch  57: Train%/Test% | Accuracy: 83.41%/75.47% | Precision: 83.20%/75.01% | Recall: 82.54%/76.85% | F1: 82.81%/74.90% | Time: fit=010s, train=002s, test=001s, total=012s
Epoch  58: Train%/Test% | Accuracy: 83.29%/76.42% | Precision: 83.16%/75.75% | Recall: 82.32%/77.59% | F1: 82.65%/75.79% | Time: fit=010s, train=002s, test=001s, total=012s
Epoch  59: Train%/Test% | Accuracy: 83.65%/76.42% | Precision: 83.59%/75.56% | Recall: 82.63%/77.32% | F1: 82.99%/75.71% | Time: fit=010s, train=002s, test=001s, total=012s
Epoch  60: Train%/Test% | Accuracy: 84.24%/76.89% | Precision: 84.24%/76.13% | Recall: 83.21%/77.97% | F1: 83.60%/76.24% | Time: fit=010s, train=002s, test=001s, total=012s
Epoch  61: Train%/Test% | Accuracy: 83.18%/76.89% | Precision: 83.17%/76.13% | Recall: 82.06%/77.97% | F1: 82.46%/76.24% | Time: fit=010s, train=002s, test=001s, total=012s
Epoch  62: Train%/Test% | Accuracy: 83.41%/76.89% | Precision: 83.50%/76.13% | Recall: 82.23%/77.97% | F1: 82.68%/76.24% | Time: fit=010s, train=002s, test=001s, total=012s
Epoch  63: Train%/Test% | Accuracy: 78.79%/67.92% | Precision: 80.36%/75.33% | Recall: 80.64%/74.09% | F1: 78.79%/67.88% | Time: fit=010s, train=002s, test=001s, total=012s
Epoch  64: Train%/Test% | Accuracy: 78.32%/67.45% | Precision: 79.51%/74.48% | Recall: 79.95%/73.45% | F1: 78.30%/67.42% | Time: fit=010s, train=002s, test=001s, total=012s
Epoch  65: Train%/Test% | Accuracy: 79.27%/67.45% | Precision: 80.76%/74.48% | Recall: 81.08%/73.45% | F1: 79.26%/67.42% | Time: fit=010s, train=002s, test=001s, total=012s
Epoch  66: Train%/Test% | Accuracy: 78.79%/67.45% | Precision: 80.13%/74.48% | Recall: 80.52%/73.45% | F1: 78.78%/67.42% | Time: fit=010s, train=002s, test=001s, total=012s
Epoch  67: Train%/Test% | Accuracy: 78.67%/67.45% | Precision: 80.12%/74.48% | Recall: 80.46%/73.45% | F1: 78.67%/67.42% | Time: fit=010s, train=002s, test=001s, total=012s
Epoch  68: Train%/Test% | Accuracy: 78.91%/67.45% | Precision: 80.29%/74.48% | Recall: 80.66%/73.45% | F1: 78.90%/67.42% | Time: fit=010s, train=002s, test=001s, total=012s
Epoch  69: Train%/Test% | Accuracy: 78.44%/66.04% | Precision: 80.03%/73.84% | Recall: 80.29%/72.33% | F1: 78.43%/65.96% | Time: fit=010s, train=002s, test=001s, total=012s
Epoch  70: Train%/Test% | Accuracy: 78.91%/65.57% | Precision: 80.84%/73.62% | Recall: 80.94%/71.96% | F1: 78.91%/65.47% | Time: fit=010s, train=002s, test=001s, total=012s
Epoch  71: Train%/Test% | Accuracy: 79.03%/66.98% | Precision: 80.84%/74.27% | Recall: 81.00%/73.08% | F1: 79.03%/66.93% | Time: fit=010s, train=002s, test=001s, total=012s
Epoch  72: Train%/Test% | Accuracy: 79.03%/66.98% | Precision: 80.84%/74.27% | Recall: 81.00%/73.08% | F1: 79.03%/66.93% | Time: fit=010s, train=002s, test=001s, total=012s
Epoch  73: Train%/Test% | Accuracy: 78.91%/66.98% | Precision: 80.76%/74.27% | Recall: 80.90%/73.08% | F1: 78.91%/66.93% | Time: fit=010s, train=002s, test=001s, total=012s
Epoch  74: Train%/Test% | Accuracy: 78.67%/66.51% | Precision: 80.60%/74.05% | Recall: 80.69%/72.70% | F1: 78.67%/66.45% | Time: fit=010s, train=002s, test=001s, total=012s
Epoch  75: Train%/Test% | Accuracy: 79.03%/66.98% | Precision: 81.09%/74.27% | Recall: 81.12%/73.08% | F1: 79.03%/66.93% | Time: fit=010s, train=002s, test=001s, total=012s
Epoch  76: Train%/Test% | Accuracy: 78.79%/66.98% | Precision: 80.68%/74.27% | Recall: 80.79%/73.08% | F1: 78.79%/66.93% | Time: fit=010s, train=002s, test=001s, total=012s
Epoch  77: Train%/Test% | Accuracy: 79.03%/67.45% | Precision: 80.68%/74.48% | Recall: 80.92%/73.45% | F1: 79.02%/67.42% | Time: fit=010s, train=002s, test=001s, total=013s
Epoch  78: Train%/Test% | Accuracy: 78.79%/66.98% | Precision: 80.68%/74.27% | Recall: 80.79%/73.08% | F1: 78.79%/66.93% | Time: fit=010s, train=002s, test=001s, total=012s
Epoch  79: Train%/Test% | Accuracy: 79.03%/67.45% | Precision: 80.76%/74.48% | Recall: 80.96%/73.45% | F1: 79.03%/67.42% | Time: fit=010s, train=002s, test=001s, total=013s
Epoch  80: Train%/Test% | Accuracy: 79.15%/67.45% | Precision: 80.84%/74.48% | Recall: 81.06%/73.45% | F1: 79.14%/67.42% | Time: fit=010s, train=002s, test=001s, total=012s
Epoch  81: Train%/Test% | Accuracy: 78.91%/67.45% | Precision: 80.76%/74.48% | Recall: 80.90%/73.45% | F1: 78.91%/67.42% | Time: fit=010s, train=002s, test=001s, total=012s
Epoch  82: Train%/Test% | Accuracy: 79.15%/67.92% | Precision: 80.84%/75.33% | Recall: 81.06%/74.09% | F1: 79.14%/67.88% | Time: fit=010s, train=002s, test=001s, total=012s
Epoch  83: Train%/Test% | Accuracy: 78.91%/67.45% | Precision: 80.60%/74.48% | Recall: 80.82%/73.45% | F1: 78.91%/67.42% | Time: fit=010s, train=002s, test=001s, total=012s
Epoch  84: Train%/Test% | Accuracy: 79.50%/67.45% | Precision: 81.24%/74.48% | Recall: 81.45%/73.45% | F1: 79.50%/67.42% | Time: fit=010s, train=002s, test=001s, total=012s
Epoch  85: Train%/Test% | Accuracy: 79.27%/67.45% | Precision: 80.92%/74.48% | Recall: 81.16%/73.45% | F1: 79.26%/67.42% | Time: fit=010s, train=002s, test=001s, total=012s
Epoch  86: Train%/Test% | Accuracy: 79.27%/67.45% | Precision: 80.92%/74.48% | Recall: 81.16%/73.45% | F1: 79.26%/67.42% | Time: fit=010s, train=002s, test=001s, total=012s
Epoch  87: Train%/Test% | Accuracy: 79.27%/67.45% | Precision: 80.69%/74.48% | Recall: 81.05%/73.45% | F1: 79.26%/67.42% | Time: fit=010s, train=002s, test=001s, total=012s
Epoch  88: Train%/Test% | Accuracy: 79.27%/67.45% | Precision: 80.84%/74.48% | Recall: 81.12%/73.45% | F1: 79.26%/67.42% | Time: fit=010s, train=002s, test=001s, total=012s
Epoch  89: Train%/Test% | Accuracy: 79.27%/67.45% | Precision: 80.76%/74.48% | Recall: 81.08%/73.45% | F1: 79.26%/67.42% | Time: fit=010s, train=002s, test=001s, total=012s
Epoch  90: Train%/Test% | Accuracy: 79.38%/67.45% | Precision: 81.08%/74.48% | Recall: 81.30%/73.45% | F1: 79.38%/67.42% | Time: fit=010s, train=002s, test=001s, total=012s
Epoch  91: Train%/Test% | Accuracy: 79.38%/67.92% | Precision: 81.08%/75.33% | Recall: 81.30%/74.09% | F1: 79.38%/67.88% | Time: fit=010s, train=002s, test=001s, total=012s
Epoch  92: Train%/Test% | Accuracy: 78.67%/67.92% | Precision: 80.05%/75.33% | Recall: 80.42%/74.09% | F1: 78.66%/67.88% | Time: fit=010s, train=002s, test=001s, total=012s
Epoch  93: Train%/Test% | Accuracy: 78.79%/67.92% | Precision: 80.36%/75.33% | Recall: 80.64%/74.09% | F1: 78.79%/67.88% | Time: fit=010s, train=002s, test=001s, total=012s
Epoch  94: Train%/Test% | Accuracy: 78.91%/67.92% | Precision: 80.60%/75.33% | Recall: 80.82%/74.09% | F1: 78.91%/67.88% | Time: fit=010s, train=002s, test=001s, total=012s
Epoch  95: Train%/Test% | Accuracy: 78.79%/67.92% | Precision: 80.51%/75.33% | Recall: 80.72%/74.09% | F1: 78.79%/67.88% | Time: fit=010s, train=002s, test=001s, total=012s
Epoch  96: Train%/Test% | Accuracy: 79.38%/67.45% | Precision: 81.16%/74.48% | Recall: 81.34%/73.45% | F1: 79.38%/67.42% | Time: fit=010s, train=002s, test=001s, total=012s
Epoch  97: Train%/Test% | Accuracy: 79.50%/67.45% | Precision: 81.32%/74.48% | Recall: 81.48%/73.45% | F1: 79.50%/67.42% | Time: fit=010s, train=002s, test=001s, total=012s
Epoch  98: Train%/Test% | Accuracy: 79.38%/67.45% | Precision: 81.16%/74.48% | Recall: 81.34%/73.45% | F1: 79.38%/67.42% | Time: fit=010s, train=002s, test=001s, total=012s
Epoch  99: Train%/Test% | Accuracy: 79.62%/67.92% | Precision: 81.48%/75.33% | Recall: 81.63%/74.09% | F1: 79.62%/67.88% | Time: fit=010s, train=002s, test=001s, total=012s
Epoch 100: Train%/Test% | Accuracy: 79.15%/67.45% | Precision: 80.84%/74.48% | Recall: 81.06%/73.45% | F1: 79.14%/67.42% | Time: fit=010s, train=002s, test=001s, total=012s
Epoch 101: Train%/Test% | Accuracy: 79.27%/67.92% | Precision: 80.92%/75.33% | Recall: 81.16%/74.09% | F1: 79.26%/67.88% | Time: fit=010s, train=002s, test=001s, total=012s
Epoch 102: Train%/Test% | Accuracy: 78.91%/67.45% | Precision: 80.84%/75.12% | Recall: 80.94%/73.72% | F1: 78.91%/67.39% | Time: fit=010s, train=002s, test=001s, total=012s
Epoch 103: Train%/Test% | Accuracy: 78.91%/66.98% | Precision: 80.93%/74.92% | Recall: 80.97%/73.34% | F1: 78.91%/66.91% | Time: fit=010s, train=002s, test=001s, total=012s
Epoch 104: Train%/Test% | Accuracy: 79.15%/67.45% | Precision: 81.17%/75.12% | Recall: 81.22%/73.72% | F1: 79.15%/67.39% | Time: fit=010s, train=002s, test=001s, total=012s
Epoch 105: Train%/Test% | Accuracy: 79.38%/67.45% | Precision: 81.41%/75.12% | Recall: 81.46%/73.72% | F1: 79.38%/67.39% | Time: fit=010s, train=002s, test=001s, total=013s
Epoch 106: Train%/Test% | Accuracy: 79.62%/67.45% | Precision: 81.57%/75.12% | Recall: 81.66%/73.72% | F1: 79.62%/67.39% | Time: fit=010s, train=002s, test=001s, total=012s
Epoch 107: Train%/Test% | Accuracy: 79.15%/66.98% | Precision: 81.44%/74.92% | Recall: 81.34%/73.34% | F1: 79.15%/66.91% | Time: fit=010s, train=002s, test=001s, total=012s
Epoch 108: Train%/Test% | Accuracy: 79.38%/67.45% | Precision: 81.41%/75.12% | Recall: 81.46%/73.72% | F1: 79.38%/67.39% | Time: fit=010s, train=002s, test=001s, total=012s
Epoch 109: Train%/Test% | Accuracy: 79.27%/67.45% | Precision: 81.16%/75.12% | Recall: 81.28%/73.72% | F1: 79.26%/67.39% | Time: fit=010s, train=002s, test=001s, total=012s
Epoch 110: Train%/Test% | Accuracy: 79.86%/67.92% | Precision: 81.56%/75.33% | Recall: 81.79%/74.09% | F1: 79.85%/67.88% | Time: fit=010s, train=002s, test=001s, total=012s
Epoch 111: Train%/Test% | Accuracy: 79.86%/67.92% | Precision: 81.64%/75.33% | Recall: 81.83%/74.09% | F1: 79.86%/67.88% | Time: fit=010s, train=002s, test=001s, total=012s
Epoch 112: Train%/Test% | Accuracy: 79.86%/67.92% | Precision: 81.64%/75.33% | Recall: 81.83%/74.09% | F1: 79.86%/67.88% | Time: fit=010s, train=002s, test=001s, total=012s
Epoch 113: Train%/Test% | Accuracy: 79.62%/67.92% | Precision: 81.40%/75.33% | Recall: 81.59%/74.09% | F1: 79.62%/67.88% | Time: fit=010s, train=002s, test=001s, total=012s
Epoch 114: Train%/Test% | Accuracy: 79.38%/67.92% | Precision: 81.00%/75.33% | Recall: 81.26%/74.09% | F1: 79.38%/67.88% | Time: fit=010s, train=002s, test=001s, total=012s
Epoch 115: Train%/Test% | Accuracy: 79.50%/67.92% | Precision: 81.16%/75.33% | Recall: 81.41%/74.09% | F1: 79.50%/67.88% | Time: fit=010s, train=002s, test=001s, total=012s
Epoch 116: Train%/Test% | Accuracy: 79.86%/67.92% | Precision: 81.56%/75.33% | Recall: 81.79%/74.09% | F1: 79.85%/67.88% | Time: fit=010s, train=002s, test=001s, total=012s
Epoch 117: Train%/Test% | Accuracy: 79.86%/67.92% | Precision: 81.56%/75.33% | Recall: 81.79%/74.09% | F1: 79.85%/67.88% | Time: fit=010s, train=002s, test=001s, total=012s
Epoch 118: Train%/Test% | Accuracy: 79.74%/67.92% | Precision: 81.40%/75.33% | Recall: 81.65%/74.09% | F1: 79.74%/67.88% | Time: fit=010s, train=002s, test=001s, total=012s
Epoch 119: Train%/Test% | Accuracy: 79.50%/66.98% | Precision: 81.32%/74.27% | Recall: 81.48%/73.08% | F1: 79.50%/66.93% | Time: fit=010s, train=002s, test=001s, total=012s
Epoch 120: Train%/Test% | Accuracy: 79.62%/67.45% | Precision: 81.48%/75.12% | Recall: 81.63%/73.72% | F1: 79.62%/67.39% | Time: fit=010s, train=002s, test=001s, total=012s
Epoch 121: Train%/Test% | Accuracy: 79.74%/66.98% | Precision: 81.65%/74.27% | Recall: 81.77%/73.08% | F1: 79.74%/66.93% | Time: fit=010s, train=002s, test=001s, total=012s
Epoch 122: Train%/Test% | Accuracy: 79.50%/66.51% | Precision: 81.41%/73.42% | Recall: 81.52%/72.44% | F1: 79.50%/66.47% | Time: fit=010s, train=002s, test=001s, total=012s
Epoch 123: Train%/Test% | Accuracy: 79.50%/66.98% | Precision: 81.24%/74.27% | Recall: 81.45%/73.08% | F1: 79.50%/66.93% | Time: fit=010s, train=002s, test=001s, total=012s
Epoch 124: Train%/Test% | Accuracy: 79.74%/66.98% | Precision: 81.65%/74.27% | Recall: 81.77%/73.08% | F1: 79.74%/66.93% | Time: fit=010s, train=002s, test=001s, total=012s
Epoch 125: Train%/Test% | Accuracy: 79.50%/66.51% | Precision: 81.32%/73.42% | Recall: 81.48%/72.44% | F1: 79.50%/66.47% | Time: fit=010s, train=002s, test=001s, total=012s
Epoch 126: Train%/Test% | Accuracy: 79.74%/66.98% | Precision: 81.65%/74.27% | Recall: 81.77%/73.08% | F1: 79.74%/66.93% | Time: fit=010s, train=002s, test=001s, total=012s
Epoch 127: Train%/Test% | Accuracy: 79.50%/66.98% | Precision: 81.32%/74.27% | Recall: 81.48%/73.08% | F1: 79.50%/66.93% | Time: fit=010s, train=002s, test=001s, total=012s
Epoch 128: Train%/Test% | Accuracy: 79.98%/67.45% | Precision: 82.06%/75.12% | Recall: 82.09%/73.72% | F1: 79.98%/67.39% | Time: fit=010s, train=002s, test=001s, total=012s
Epoch 129: Train%/Test% | Accuracy: 79.86%/67.45% | Precision: 81.90%/75.12% | Recall: 81.95%/73.72% | F1: 79.86%/67.39% | Time: fit=010s, train=002s, test=001s, total=012s
Epoch 130: Train%/Test% | Accuracy: 79.74%/66.98% | Precision: 81.73%/74.27% | Recall: 81.81%/73.08% | F1: 79.74%/66.93% | Time: fit=010s, train=002s, test=001s, total=012s
Epoch 131: Train%/Test% | Accuracy: 79.62%/67.45% | Precision: 81.66%/75.12% | Recall: 81.70%/73.72% | F1: 79.62%/67.39% | Time: fit=010s, train=002s, test=001s, total=013s
Epoch 132: Train%/Test% | Accuracy: 79.50%/67.92% | Precision: 81.24%/75.33% | Recall: 81.45%/74.09% | F1: 79.50%/67.88% | Time: fit=010s, train=002s, test=001s, total=013s
Epoch 133: Train%/Test% | Accuracy: 79.38%/66.98% | Precision: 81.24%/74.27% | Recall: 81.38%/73.08% | F1: 79.38%/66.93% | Time: fit=010s, train=002s, test=001s, total=012s
Epoch 134: Train%/Test% | Accuracy: 79.74%/67.45% | Precision: 81.40%/74.48% | Recall: 81.65%/73.45% | F1: 79.74%/67.42% | Time: fit=010s, train=002s, test=001s, total=012s
Epoch 135: Train%/Test% | Accuracy: 79.38%/66.98% | Precision: 81.16%/74.27% | Recall: 81.34%/73.08% | F1: 79.38%/66.93% | Time: fit=010s, train=002s, test=001s, total=012s
Epoch 136: Train%/Test% | Accuracy: 79.15%/66.98% | Precision: 81.08%/74.27% | Recall: 81.18%/73.08% | F1: 79.15%/66.93% | Time: fit=010s, train=002s, test=001s, total=012s
Epoch 137: Train%/Test% | Accuracy: 79.50%/67.45% | Precision: 81.41%/75.12% | Recall: 81.52%/73.72% | F1: 79.50%/67.39% | Time: fit=010s, train=002s, test=001s, total=012s
Epoch 138: Train%/Test% | Accuracy: 79.86%/67.92% | Precision: 81.56%/75.33% | Recall: 81.79%/74.09% | F1: 79.85%/67.88% | Time: fit=010s, train=002s, test=001s, total=012s
Epoch 139: Train%/Test% | Accuracy: 79.50%/66.98% | Precision: 81.49%/74.27% | Recall: 81.56%/73.08% | F1: 79.50%/66.93% | Time: fit=010s, train=002s, test=001s, total=012s
Epoch 140: Train%/Test% | Accuracy: 79.62%/67.45% | Precision: 81.40%/74.48% | Recall: 81.59%/73.45% | F1: 79.62%/67.42% | Time: fit=010s, train=002s, test=001s, total=012s
Epoch 141: Train%/Test% | Accuracy: 79.62%/67.45% | Precision: 81.40%/74.48% | Recall: 81.59%/73.45% | F1: 79.62%/67.42% | Time: fit=010s, train=002s, test=001s, total=012s
Epoch 142: Train%/Test% | Accuracy: 79.98%/67.92% | Precision: 81.72%/75.33% | Recall: 81.93%/74.09% | F1: 79.97%/67.88% | Time: fit=010s, train=002s, test=001s, total=012s
Epoch 143: Train%/Test% | Accuracy: 79.74%/67.45% | Precision: 81.40%/74.48% | Recall: 81.65%/73.45% | F1: 79.74%/67.42% | Time: fit=010s, train=002s, test=001s, total=012s
Epoch 144: Train%/Test% | Accuracy: 79.74%/67.45% | Precision: 81.73%/75.12% | Recall: 81.81%/73.72% | F1: 79.74%/67.39% | Time: fit=010s, train=002s, test=001s, total=012s
Epoch 145: Train%/Test% | Accuracy: 79.74%/67.45% | Precision: 81.65%/75.12% | Recall: 81.77%/73.72% | F1: 79.74%/67.39% | Time: fit=010s, train=002s, test=001s, total=012s
Epoch 146: Train%/Test% | Accuracy: 79.86%/67.45% | Precision: 81.81%/75.12% | Recall: 81.91%/73.72% | F1: 79.86%/67.39% | Time: fit=010s, train=002s, test=001s, total=012s
Epoch 147: Train%/Test% | Accuracy: 80.09%/67.92% | Precision: 81.97%/75.33% | Recall: 82.11%/74.09% | F1: 80.09%/67.88% | Time: fit=010s, train=002s, test=001s, total=013s
Epoch 148: Train%/Test% | Accuracy: 79.86%/67.92% | Precision: 81.56%/75.33% | Recall: 81.79%/74.09% | F1: 79.85%/67.88% | Time: fit=010s, train=002s, test=001s, total=013s
Epoch 149: Train%/Test% | Accuracy: 79.98%/67.92% | Precision: 81.72%/75.33% | Recall: 81.93%/74.09% | F1: 79.97%/67.88% | Time: fit=010s, train=002s, test=001s, total=013s
Epoch 150: Train%/Test% | Accuracy: 79.86%/67.45% | Precision: 81.56%/74.48% | Recall: 81.79%/73.45% | F1: 79.85%/67.42% | Time: fit=010s, train=002s, test=001s, total=013s
