[*] Load dataset...
[*] Fix malformed data...
[*] Split...
[*] Encoding...
[*] -> text...
[*] -> domain...
pipeline.py:185: SettingWithCopyWarning: 
A value is trying to be set on a copy of a slice from a DataFrame.
Try using .loc[row_indexer,col_indexer] = value instead

See the caveats in the documentation: https://pandas.pydata.org/pandas-docs/stable/user_guide/indexing.html#returning-a-view-versus-a-copy
  train_df['domain'] = train_df['url'].apply(extract_domain)
pipeline.py:186: SettingWithCopyWarning: 
A value is trying to be set on a copy of a slice from a DataFrame.
Try using .loc[row_indexer,col_indexer] = value instead

See the caveats in the documentation: https://pandas.pydata.org/pandas-docs/stable/user_guide/indexing.html#returning-a-view-versus-a-copy
  test_df['domain'] = test_df['url'].apply(extract_domain)
[*] Encoding complete!
==============================
Using GPU for training
Dataset: FakeNewsNet-politifact
TMU params: num-clauses=5000, T=150, s=10.0
Epochs: 150
Feature(s): text, domain
max-vocab=15000, max-domain=500, max-tweet=500
====================
Train size: 844
Train classes: 2
Test size: 212
Test classes: 2
Total features: 3252
==============================
[*] Training for 150 epochs...
Epoch   1: Train%/Test% | Accuracy: 62.68%/55.19% | Precision: 69.77%/63.17% | Recall: 66.56%/61.61% | F1: 62.00%/54.90% | Time: fit=020s, train=004s, test=001s, total=025s
Epoch   2: Train%/Test% | Accuracy: 76.90%/74.06% | Precision: 76.72%/72.38% | Recall: 75.32%/70.10% | F1: 75.73%/70.78% | Time: fit=019s, train=004s, test=001s, total=023s
Epoch   3: Train%/Test% | Accuracy: 65.64%/56.60% | Precision: 73.48%/68.00% | Recall: 69.62%/64.33% | F1: 65.00%/55.94% | Time: fit=019s, train=004s, test=001s, total=023s
Epoch   4: Train%/Test% | Accuracy: 82.23%/76.42% | Precision: 82.09%/74.79% | Recall: 81.17%/73.57% | F1: 81.51%/74.05% | Time: fit=019s, train=004s, test=001s, total=023s
Epoch   5: Train%/Test% | Accuracy: 76.66%/74.06% | Precision: 80.17%/77.59% | Recall: 73.23%/66.35% | F1: 73.80%/66.82% | Time: fit=018s, train=004s, test=001s, total=023s
Epoch   6: Train%/Test% | Accuracy: 76.18%/74.53% | Precision: 79.28%/78.03% | Recall: 72.83%/66.99% | F1: 73.36%/67.61% | Time: fit=018s, train=004s, test=001s, total=023s
Epoch   7: Train%/Test% | Accuracy: 79.86%/75.47% | Precision: 80.55%/75.01% | Recall: 77.91%/70.42% | F1: 78.56%/71.40% | Time: fit=018s, train=004s, test=001s, total=023s
Epoch   8: Train%/Test% | Accuracy: 81.04%/74.06% | Precision: 80.64%/72.64% | Recall: 81.32%/73.85% | F1: 80.79%/72.94% | Time: fit=018s, train=004s, test=001s, total=023s
Epoch   9: Train%/Test% | Accuracy: 80.92%/74.06% | Precision: 80.51%/72.52% | Recall: 81.18%/73.58% | F1: 80.67%/72.83% | Time: fit=018s, train=004s, test=001s, total=023s
Epoch  10: Train%/Test% | Accuracy: 65.40%/53.77% | Precision: 73.69%/62.87% | Recall: 69.50%/60.75% | F1: 64.69%/53.27% | Time: fit=018s, train=004s, test=001s, total=023s
Epoch  11: Train%/Test% | Accuracy: 67.18%/53.77% | Precision: 74.95%/61.71% | Recall: 71.11%/60.22% | F1: 66.62%/53.44% | Time: fit=018s, train=004s, test=001s, total=023s
Epoch  12: Train%/Test% | Accuracy: 68.01%/54.25% | Precision: 75.21%/62.57% | Recall: 71.78%/60.86% | F1: 67.55%/53.87% | Time: fit=018s, train=004s, test=001s, total=023s
Epoch  13: Train%/Test% | Accuracy: 67.65%/55.19% | Precision: 74.41%/62.11% | Recall: 71.32%/61.07% | F1: 67.24%/55.02% | Time: fit=018s, train=004s, test=001s, total=023s
Epoch  14: Train%/Test% | Accuracy: 78.32%/64.62% | Precision: 79.01%/66.49% | Recall: 79.64%/67.46% | F1: 78.27%/64.44% | Time: fit=018s, train=004s, test=001s, total=023s
Epoch  15: Train%/Test% | Accuracy: 78.20%/66.51% | Precision: 79.43%/68.75% | Recall: 79.85%/69.76% | F1: 78.18%/66.38% | Time: fit=018s, train=004s, test=001s, total=022s
Epoch  16: Train%/Test% | Accuracy: 78.55%/66.51% | Precision: 80.04%/68.41% | Recall: 80.35%/69.49% | F1: 78.55%/66.34% | Time: fit=018s, train=004s, test=001s, total=022s
Epoch  17: Train%/Test% | Accuracy: 80.81%/69.34% | Precision: 81.16%/69.73% | Recall: 81.94%/71.19% | F1: 80.73%/68.91% | Time: fit=018s, train=004s, test=001s, total=022s
Epoch  18: Train%/Test% | Accuracy: 82.11%/71.23% | Precision: 82.17%/71.35% | Recall: 83.02%/72.95% | F1: 82.00%/70.75% | Time: fit=018s, train=004s, test=001s, total=022s
Epoch  19: Train%/Test% | Accuracy: 82.11%/70.28% | Precision: 82.13%/70.41% | Recall: 82.98%/71.94% | F1: 82.00%/69.79% | Time: fit=018s, train=004s, test=001s, total=022s
Epoch  20: Train%/Test% | Accuracy: 81.87%/71.70% | Precision: 81.71%/71.02% | Recall: 82.55%/72.52% | F1: 81.72%/70.95% | Time: fit=018s, train=004s, test=001s, total=022s
Epoch  21: Train%/Test% | Accuracy: 81.28%/72.64% | Precision: 81.14%/71.59% | Recall: 81.96%/73.00% | F1: 81.13%/71.73% | Time: fit=018s, train=004s, test=001s, total=022s
Epoch  22: Train%/Test% | Accuracy: 83.77%/73.58% | Precision: 83.43%/71.98% | Recall: 84.22%/72.94% | F1: 83.58%/72.28% | Time: fit=018s, train=004s, test=001s, total=022s
Epoch  23: Train%/Test% | Accuracy: 83.41%/75.00% | Precision: 83.06%/73.30% | Recall: 83.83%/74.06% | F1: 83.21%/73.59% | Time: fit=018s, train=004s, test=001s, total=022s
Epoch  24: Train%/Test% | Accuracy: 82.23%/69.34% | Precision: 82.74%/69.22% | Recall: 83.52%/70.66% | F1: 82.17%/68.75% | Time: fit=018s, train=004s, test=001s, total=022s
Epoch  25: Train%/Test% | Accuracy: 83.29%/73.58% | Precision: 83.24%/72.54% | Recall: 84.12%/74.01% | F1: 83.17%/72.71% | Time: fit=018s, train=004s, test=001s, total=022s
Epoch  26: Train%/Test% | Accuracy: 70.14%/58.02% | Precision: 76.19%/65.44% | Recall: 73.58%/64.11% | F1: 69.87%/57.86% | Time: fit=018s, train=004s, test=001s, total=022s
Epoch  27: Train%/Test% | Accuracy: 82.35%/74.53% | Precision: 82.45%/73.86% | Recall: 83.31%/75.56% | F1: 82.25%/73.86% | Time: fit=018s, train=004s, test=001s, total=022s
Epoch  28: Train%/Test% | Accuracy: 81.99%/74.53% | Precision: 81.92%/73.67% | Recall: 82.76%/75.30% | F1: 81.86%/73.77% | Time: fit=018s, train=004s, test=001s, total=022s
Epoch  29: Train%/Test% | Accuracy: 81.28%/73.11% | Precision: 81.36%/72.54% | Recall: 82.19%/74.18% | F1: 81.17%/72.45% | Time: fit=018s, train=004s, test=001s, total=022s
Epoch  30: Train%/Test% | Accuracy: 81.64%/73.11% | Precision: 81.78%/72.54% | Recall: 82.62%/74.18% | F1: 81.54%/72.45% | Time: fit=018s, train=004s, test=001s, total=022s
Epoch  31: Train%/Test% | Accuracy: 82.94%/75.00% | Precision: 82.94%/74.23% | Recall: 83.82%/75.94% | F1: 82.83%/74.30% | Time: fit=018s, train=004s, test=001s, total=022s
Epoch  32: Train%/Test% | Accuracy: 83.06%/75.47% | Precision: 82.97%/74.44% | Recall: 83.84%/76.04% | F1: 82.93%/74.66% | Time: fit=018s, train=004s, test=001s, total=022s
Epoch  33: Train%/Test% | Accuracy: 82.94%/75.47% | Precision: 82.90%/74.62% | Recall: 83.78%/76.31% | F1: 82.82%/74.74% | Time: fit=018s, train=004s, test=001s, total=022s
Epoch  34: Train%/Test% | Accuracy: 82.70%/74.53% | Precision: 82.66%/73.49% | Recall: 83.53%/75.03% | F1: 82.58%/73.68% | Time: fit=017s, train=004s, test=001s, total=022s
Epoch  35: Train%/Test% | Accuracy: 83.29%/74.06% | Precision: 83.20%/73.29% | Recall: 84.08%/74.92% | F1: 83.17%/73.33% | Time: fit=017s, train=004s, test=001s, total=022s
Epoch  36: Train%/Test% | Accuracy: 83.41%/75.00% | Precision: 83.21%/73.74% | Recall: 84.07%/75.13% | F1: 83.26%/74.03% | Time: fit=018s, train=004s, test=001s, total=022s
Epoch  37: Train%/Test% | Accuracy: 78.55%/68.40% | Precision: 79.89%/69.66% | Recall: 80.28%/70.98% | F1: 78.54%/68.14% | Time: fit=018s, train=004s, test=001s, total=022s
Epoch  38: Train%/Test% | Accuracy: 82.46%/73.58% | Precision: 82.36%/72.54% | Recall: 83.21%/74.01% | F1: 82.33%/72.71% | Time: fit=017s, train=004s, test=001s, total=022s
Epoch  39: Train%/Test% | Accuracy: 81.64%/73.11% | Precision: 81.73%/72.34% | Recall: 82.58%/73.91% | F1: 81.53%/72.36% | Time: fit=018s, train=004s, test=001s, total=022s
Epoch  40: Train%/Test% | Accuracy: 82.23%/73.58% | Precision: 82.19%/72.54% | Recall: 83.05%/74.01% | F1: 82.10%/72.71% | Time: fit=018s, train=004s, test=001s, total=022s
Epoch  41: Train%/Test% | Accuracy: 82.94%/74.53% | Precision: 82.83%/73.67% | Recall: 83.70%/75.30% | F1: 82.81%/73.77% | Time: fit=018s, train=004s, test=001s, total=022s
Epoch  42: Train%/Test% | Accuracy: 84.24%/77.83% | Precision: 83.88%/76.49% | Recall: 84.66%/77.91% | F1: 84.05%/76.88% | Time: fit=018s, train=004s, test=001s, total=022s
Epoch  43: Train%/Test% | Accuracy: 85.31%/77.36% | Precision: 84.89%/75.86% | Recall: 85.58%/77.00% | F1: 85.09%/76.24% | Time: fit=018s, train=004s, test=001s, total=022s
Epoch  44: Train%/Test% | Accuracy: 83.77%/75.94% | Precision: 83.61%/74.84% | Recall: 84.49%/76.42% | F1: 83.63%/75.10% | Time: fit=018s, train=004s, test=001s, total=022s
Epoch  45: Train%/Test% | Accuracy: 84.60%/77.83% | Precision: 84.32%/76.49% | Recall: 85.17%/77.91% | F1: 84.44%/76.88% | Time: fit=017s, train=003s, test=001s, total=022s
Epoch  46: Train%/Test% | Accuracy: 85.43%/78.30% | Precision: 85.05%/76.83% | Recall: 85.84%/78.01% | F1: 85.24%/77.23% | Time: fit=017s, train=004s, test=001s, total=022s
Epoch  47: Train%/Test% | Accuracy: 84.12%/73.58% | Precision: 83.92%/72.38% | Recall: 84.80%/73.75% | F1: 83.98%/72.61% | Time: fit=018s, train=004s, test=001s, total=022s
Epoch  48: Train%/Test% | Accuracy: 83.29%/73.11% | Precision: 83.11%/71.98% | Recall: 83.97%/73.37% | F1: 83.15%/72.17% | Time: fit=018s, train=004s, test=001s, total=022s
Epoch  49: Train%/Test% | Accuracy: 83.18%/73.11% | Precision: 83.25%/72.34% | Recall: 84.14%/73.91% | F1: 83.08%/72.36% | Time: fit=018s, train=004s, test=001s, total=022s
Epoch  50: Train%/Test% | Accuracy: 83.29%/73.58% | Precision: 83.27%/72.38% | Recall: 84.16%/73.75% | F1: 83.18%/72.61% | Time: fit=017s, train=004s, test=001s, total=022s
Epoch  51: Train%/Test% | Accuracy: 82.70%/72.64% | Precision: 82.66%/71.77% | Recall: 83.53%/73.27% | F1: 82.58%/71.83% | Time: fit=017s, train=004s, test=001s, total=022s
Epoch  52: Train%/Test% | Accuracy: 84.36%/75.47% | Precision: 84.03%/73.92% | Recall: 84.84%/74.97% | F1: 84.18%/74.26% | Time: fit=017s, train=004s, test=001s, total=022s
Epoch  53: Train%/Test% | Accuracy: 78.67%/64.62% | Precision: 79.98%/66.49% | Recall: 80.38%/67.46% | F1: 78.66%/64.44% | Time: fit=018s, train=004s, test=001s, total=022s
Epoch  54: Train%/Test% | Accuracy: 82.94%/72.17% | Precision: 82.68%/70.86% | Recall: 83.50%/72.09% | F1: 82.77%/71.09% | Time: fit=017s, train=004s, test=001s, total=022s
Epoch  55: Train%/Test% | Accuracy: 84.48%/74.53% | Precision: 84.14%/72.95% | Recall: 84.95%/73.96% | F1: 84.30%/73.27% | Time: fit=017s, train=004s, test=001s, total=022s
Epoch  56: Train%/Test% | Accuracy: 84.12%/74.53% | Precision: 83.69%/72.85% | Recall: 84.37%/73.69% | F1: 83.89%/73.15% | Time: fit=017s, train=004s, test=001s, total=022s
Epoch  57: Train%/Test% | Accuracy: 84.36%/76.42% | Precision: 83.96%/74.81% | Recall: 84.69%/75.72% | F1: 84.15%/75.14% | Time: fit=017s, train=004s, test=001s, total=022s
Epoch  58: Train%/Test% | Accuracy: 84.00%/75.47% | Precision: 83.67%/73.83% | Recall: 84.46%/74.70% | F1: 83.82%/74.15% | Time: fit=018s, train=004s, test=001s, total=022s
Epoch  59: Train%/Test% | Accuracy: 84.36%/73.58% | Precision: 84.08%/72.23% | Recall: 84.92%/73.48% | F1: 84.20%/72.51% | Time: fit=017s, train=004s, test=001s, total=022s
Epoch  60: Train%/Test% | Accuracy: 84.36%/74.06% | Precision: 84.05%/72.64% | Recall: 84.88%/73.85% | F1: 84.19%/72.94% | Time: fit=017s, train=004s, test=001s, total=022s
Epoch  61: Train%/Test% | Accuracy: 83.77%/72.64% | Precision: 83.52%/71.27% | Recall: 84.37%/72.46% | F1: 83.61%/71.52% | Time: fit=017s, train=003s, test=001s, total=022s
Epoch  62: Train%/Test% | Accuracy: 82.94%/72.17% | Precision: 82.71%/70.86% | Recall: 83.54%/72.09% | F1: 82.78%/71.09% | Time: fit=017s, train=004s, test=001s, total=022s
Epoch  63: Train%/Test% | Accuracy: 83.29%/72.64% | Precision: 83.11%/71.27% | Recall: 83.97%/72.46% | F1: 83.15%/71.52% | Time: fit=017s, train=004s, test=001s, total=022s
Epoch  64: Train%/Test% | Accuracy: 83.29%/71.70% | Precision: 83.17%/70.47% | Recall: 84.04%/71.72% | F1: 83.16%/70.65% | Time: fit=017s, train=004s, test=001s, total=022s
Epoch  65: Train%/Test% | Accuracy: 83.18%/71.70% | Precision: 83.07%/70.47% | Recall: 83.94%/71.72% | F1: 83.05%/70.65% | Time: fit=017s, train=004s, test=001s, total=022s
Epoch  66: Train%/Test% | Accuracy: 82.94%/72.64% | Precision: 82.83%/71.42% | Recall: 83.70%/72.73% | F1: 82.81%/71.63% | Time: fit=017s, train=003s, test=001s, total=022s
Epoch  67: Train%/Test% | Accuracy: 83.77%/72.17% | Precision: 83.52%/71.03% | Recall: 84.37%/72.36% | F1: 83.61%/71.19% | Time: fit=017s, train=004s, test=001s, total=022s
Epoch  68: Train%/Test% | Accuracy: 83.89%/73.11% | Precision: 83.52%/71.68% | Recall: 84.28%/72.84% | F1: 83.68%/71.96% | Time: fit=017s, train=004s, test=001s, total=022s
Epoch  69: Train%/Test% | Accuracy: 83.77%/74.06% | Precision: 83.45%/72.78% | Recall: 84.26%/74.12% | F1: 83.59%/73.05% | Time: fit=018s, train=004s, test=001s, total=022s
Epoch  70: Train%/Test% | Accuracy: 85.19%/75.47% | Precision: 84.80%/74.03% | Recall: 85.56%/75.24% | F1: 84.99%/74.37% | Time: fit=017s, train=004s, test=001s, total=022s
Epoch  71: Train%/Test% | Accuracy: 84.36%/73.58% | Precision: 84.10%/72.38% | Recall: 84.96%/73.75% | F1: 84.20%/72.61% | Time: fit=017s, train=003s, test=001s, total=022s
Epoch  72: Train%/Test% | Accuracy: 84.48%/72.17% | Precision: 84.21%/71.03% | Recall: 85.06%/72.36% | F1: 84.32%/71.19% | Time: fit=018s, train=004s, test=001s, total=022s
Epoch  73: Train%/Test% | Accuracy: 83.65%/73.58% | Precision: 83.48%/72.38% | Recall: 84.35%/73.75% | F1: 83.51%/72.61% | Time: fit=017s, train=004s, test=001s, total=022s
Epoch  74: Train%/Test% | Accuracy: 83.89%/73.58% | Precision: 83.58%/72.23% | Recall: 84.40%/73.48% | F1: 83.71%/72.51% | Time: fit=017s, train=004s, test=001s, total=022s
Epoch  75: Train%/Test% | Accuracy: 84.12%/75.47% | Precision: 83.75%/73.92% | Recall: 84.52%/74.97% | F1: 83.92%/74.26% | Time: fit=017s, train=004s, test=001s, total=022s
Epoch  76: Train%/Test% | Accuracy: 83.65%/77.36% | Precision: 83.20%/75.68% | Recall: 83.84%/76.20% | F1: 83.40%/75.91% | Time: fit=017s, train=003s, test=001s, total=022s
Epoch  77: Train%/Test% | Accuracy: 84.83%/79.25% | Precision: 84.38%/77.67% | Recall: 84.98%/78.22% | F1: 84.58%/77.92% | Time: fit=017s, train=003s, test=001s, total=022s
Epoch  78: Train%/Test% | Accuracy: 84.95%/78.30% | Precision: 84.55%/76.68% | Recall: 85.28%/77.21% | F1: 84.74%/76.91% | Time: fit=017s, train=003s, test=001s, total=022s
Epoch  79: Train%/Test% | Accuracy: 84.95%/77.36% | Precision: 84.52%/75.68% | Recall: 85.20%/76.20% | F1: 84.73%/75.91% | Time: fit=017s, train=003s, test=001s, total=022s
Epoch  80: Train%/Test% | Accuracy: 85.43%/78.77% | Precision: 84.97%/77.17% | Recall: 85.57%/77.58% | F1: 85.18%/77.36% | Time: fit=017s, train=003s, test=001s, total=022s
Epoch  81: Train%/Test% | Accuracy: 85.43%/78.77% | Precision: 84.99%/77.19% | Recall: 85.65%/77.85% | F1: 85.20%/77.47% | Time: fit=017s, train=003s, test=001s, total=022s
Epoch  82: Train%/Test% | Accuracy: 85.66%/78.77% | Precision: 85.21%/77.19% | Recall: 85.81%/77.85% | F1: 85.42%/77.47% | Time: fit=017s, train=003s, test=001s, total=022s
Epoch  83: Train%/Test% | Accuracy: 85.78%/77.83% | Precision: 85.33%/76.24% | Recall: 85.91%/77.10% | F1: 85.54%/76.58% | Time: fit=017s, train=004s, test=001s, total=022s
Epoch  84: Train%/Test% | Accuracy: 85.55%/76.42% | Precision: 85.14%/74.99% | Recall: 85.87%/76.25% | F1: 85.34%/75.35% | Time: fit=017s, train=004s, test=001s, total=022s
Epoch  85: Train%/Test% | Accuracy: 85.66%/78.77% | Precision: 85.24%/77.28% | Recall: 85.93%/78.39% | F1: 85.45%/77.68% | Time: fit=017s, train=004s, test=001s, total=022s
Epoch  86: Train%/Test% | Accuracy: 85.78%/77.83% | Precision: 85.39%/76.31% | Recall: 86.15%/77.37% | F1: 85.59%/76.68% | Time: fit=017s, train=004s, test=001s, total=022s
Epoch  87: Train%/Test% | Accuracy: 84.83%/76.42% | Precision: 84.49%/75.11% | Recall: 85.29%/76.52% | F1: 84.65%/75.45% | Time: fit=017s, train=003s, test=001s, total=022s
Epoch  88: Train%/Test% | Accuracy: 86.14%/77.83% | Precision: 85.73%/76.31% | Recall: 86.45%/77.37% | F1: 85.94%/76.68% | Time: fit=017s, train=003s, test=001s, total=021s
Epoch  89: Train%/Test% | Accuracy: 85.78%/75.94% | Precision: 85.36%/74.57% | Recall: 86.07%/75.88% | F1: 85.57%/74.91% | Time: fit=017s, train=003s, test=001s, total=021s
Epoch  90: Train%/Test% | Accuracy: 85.78%/74.53% | Precision: 85.42%/73.33% | Recall: 86.23%/74.76% | F1: 85.60%/73.59% | Time: fit=017s, train=004s, test=001s, total=022s
Epoch  91: Train%/Test% | Accuracy: 85.55%/75.00% | Precision: 85.18%/73.60% | Recall: 85.98%/74.87% | F1: 85.36%/73.93% | Time: fit=017s, train=004s, test=001s, total=022s
Epoch  92: Train%/Test% | Accuracy: 85.55%/75.47% | Precision: 85.22%/74.15% | Recall: 86.06%/75.51% | F1: 85.38%/74.47% | Time: fit=017s, train=003s, test=001s, total=022s
Epoch  93: Train%/Test% | Accuracy: 85.78%/76.42% | Precision: 85.37%/74.89% | Recall: 86.11%/75.99% | F1: 85.58%/75.25% | Time: fit=017s, train=004s, test=001s, total=022s
Epoch  94: Train%/Test% | Accuracy: 85.90%/77.36% | Precision: 85.49%/75.86% | Recall: 86.21%/77.00% | F1: 85.70%/76.24% | Time: fit=017s, train=003s, test=001s, total=022s
Epoch  95: Train%/Test% | Accuracy: 86.14%/77.83% | Precision: 85.71%/76.31% | Recall: 86.41%/77.37% | F1: 85.93%/76.68% | Time: fit=017s, train=003s, test=001s, total=021s
Epoch  96: Train%/Test% | Accuracy: 86.49%/78.77% | Precision: 86.06%/77.19% | Recall: 86.72%/77.85% | F1: 86.28%/77.47% | Time: fit=017s, train=004s, test=001s, total=022s
Epoch  97: Train%/Test% | Accuracy: 85.55%/77.83% | Precision: 85.15%/76.31% | Recall: 85.90%/77.37% | F1: 85.35%/76.68% | Time: fit=017s, train=003s, test=001s, total=022s
Epoch  98: Train%/Test% | Accuracy: 84.95%/78.77% | Precision: 84.55%/77.23% | Recall: 85.28%/78.12% | F1: 84.74%/77.58% | Time: fit=017s, train=003s, test=001s, total=022s
Epoch  99: Train%/Test% | Accuracy: 84.95%/79.25% | Precision: 84.56%/77.74% | Recall: 85.32%/78.76% | F1: 84.75%/78.12% | Time: fit=017s, train=004s, test=001s, total=022s
Epoch 100: Train%/Test% | Accuracy: 86.14%/78.30% | Precision: 85.71%/76.71% | Recall: 86.38%/77.48% | F1: 85.92%/77.02% | Time: fit=017s, train=004s, test=001s, total=022s
Epoch 101: Train%/Test% | Accuracy: 85.66%/77.83% | Precision: 85.21%/76.17% | Recall: 85.81%/76.57% | F1: 85.42%/76.35% | Time: fit=017s, train=004s, test=001s, total=022s
Epoch 102: Train%/Test% | Accuracy: 86.49%/79.72% | Precision: 86.04%/78.22% | Recall: 86.49%/78.06% | F1: 86.22%/78.14% | Time: fit=017s, train=004s, test=001s, total=022s
Epoch 103: Train%/Test% | Accuracy: 85.31%/79.25% | Precision: 84.87%/77.67% | Recall: 85.50%/77.96% | F1: 85.07%/77.81% | Time: fit=017s, train=004s, test=001s, total=022s
Epoch 104: Train%/Test% | Accuracy: 86.14%/79.25% | Precision: 85.68%/77.67% | Recall: 86.14%/77.96% | F1: 85.87%/77.81% | Time: fit=017s, train=004s, test=001s, total=022s
Epoch 105: Train%/Test% | Accuracy: 86.26%/79.25% | Precision: 85.80%/77.67% | Recall: 86.24%/77.96% | F1: 85.98%/77.81% | Time: fit=017s, train=003s, test=001s, total=022s
Epoch 106: Train%/Test% | Accuracy: 85.55%/78.77% | Precision: 85.09%/77.17% | Recall: 85.63%/77.32% | F1: 85.29%/77.24% | Time: fit=017s, train=004s, test=001s, total=022s
Epoch 107: Train%/Test% | Accuracy: 86.14%/78.30% | Precision: 85.69%/76.67% | Recall: 86.26%/76.94% | F1: 85.89%/76.80% | Time: fit=017s, train=004s, test=001s, total=022s
Epoch 108: Train%/Test% | Accuracy: 85.43%/78.30% | Precision: 84.96%/76.70% | Recall: 85.37%/76.41% | F1: 85.13%/76.55% | Time: fit=017s, train=003s, test=001s, total=022s
Epoch 109: Train%/Test% | Accuracy: 85.78%/77.83% | Precision: 85.34%/76.18% | Recall: 85.64%/76.03% | F1: 85.47%/76.10% | Time: fit=017s, train=004s, test=001s, total=022s
Epoch 110: Train%/Test% | Accuracy: 85.55%/79.25% | Precision: 85.10%/77.73% | Recall: 85.36%/77.42% | F1: 85.22%/77.57% | Time: fit=017s, train=004s, test=001s, total=022s
Epoch 111: Train%/Test% | Accuracy: 84.95%/79.72% | Precision: 84.49%/78.17% | Recall: 85.04%/78.60% | F1: 84.69%/78.36% | Time: fit=017s, train=004s, test=001s, total=022s
Epoch 112: Train%/Test% | Accuracy: 84.60%/77.83% | Precision: 84.25%/76.31% | Recall: 85.05%/77.37% | F1: 84.41%/76.68% | Time: fit=017s, train=003s, test=001s, total=022s
Epoch 113: Train%/Test% | Accuracy: 84.72%/78.30% | Precision: 84.38%/76.76% | Recall: 85.19%/77.75% | F1: 84.54%/77.13% | Time: fit=017s, train=004s, test=001s, total=022s
Epoch 114: Train%/Test% | Accuracy: 84.60%/77.83% | Precision: 84.21%/76.24% | Recall: 84.97%/77.10% | F1: 84.40%/76.58% | Time: fit=017s, train=003s, test=001s, total=022s
Epoch 115: Train%/Test% | Accuracy: 84.95%/76.89% | Precision: 84.58%/75.42% | Recall: 85.36%/76.63% | F1: 84.76%/75.80% | Time: fit=017s, train=004s, test=001s, total=022s
Epoch 116: Train%/Test% | Accuracy: 85.90%/78.30% | Precision: 85.48%/76.71% | Recall: 86.17%/77.48% | F1: 85.69%/77.02% | Time: fit=017s, train=003s, test=001s, total=021s
Epoch 117: Train%/Test% | Accuracy: 85.55%/78.77% | Precision: 85.17%/77.28% | Recall: 85.94%/78.39% | F1: 85.36%/77.68% | Time: fit=017s, train=004s, test=001s, total=022s
Epoch 118: Train%/Test% | Accuracy: 86.02%/78.30% | Precision: 85.63%/76.76% | Recall: 86.39%/77.75% | F1: 85.83%/77.13% | Time: fit=017s, train=004s, test=001s, total=022s
Epoch 119: Train%/Test% | Accuracy: 87.32%/79.25% | Precision: 86.88%/77.73% | Recall: 87.40%/77.42% | F1: 87.08%/77.57% | Time: fit=017s, train=004s, test=001s, total=022s
Epoch 120: Train%/Test% | Accuracy: 86.61%/79.25% | Precision: 86.19%/77.70% | Recall: 86.90%/78.49% | F1: 86.41%/78.02% | Time: fit=017s, train=004s, test=001s, total=022s
Epoch 121: Train%/Test% | Accuracy: 86.37%/77.83% | Precision: 86.02%/76.24% | Recall: 86.85%/77.10% | F1: 86.21%/76.58% | Time: fit=017s, train=004s, test=001s, total=022s
Epoch 122: Train%/Test% | Accuracy: 84.95%/76.42% | Precision: 84.71%/74.99% | Recall: 85.59%/76.25% | F1: 84.81%/75.35% | Time: fit=017s, train=004s, test=001s, total=022s
Epoch 123: Train%/Test% | Accuracy: 84.60%/75.00% | Precision: 84.37%/73.60% | Recall: 85.25%/74.87% | F1: 84.45%/73.93% | Time: fit=017s, train=004s, test=001s, total=022s
Epoch 124: Train%/Test% | Accuracy: 86.14%/76.89% | Precision: 85.79%/75.26% | Recall: 86.61%/76.09% | F1: 85.97%/75.58% | Time: fit=017s, train=003s, test=001s, total=022s
Epoch 125: Train%/Test% | Accuracy: 86.14%/77.83% | Precision: 85.74%/76.17% | Recall: 86.49%/76.57% | F1: 85.94%/76.35% | Time: fit=017s, train=003s, test=001s, total=022s
Epoch 126: Train%/Test% | Accuracy: 86.02%/78.77% | Precision: 85.59%/77.17% | Recall: 86.27%/77.58% | F1: 85.80%/77.36% | Time: fit=017s, train=004s, test=001s, total=022s
Epoch 127: Train%/Test% | Accuracy: 86.14%/78.30% | Precision: 85.69%/76.67% | Recall: 86.26%/76.94% | F1: 85.89%/76.80% | Time: fit=017s, train=004s, test=001s, total=022s
Epoch 128: Train%/Test% | Accuracy: 86.49%/77.36% | Precision: 86.05%/75.66% | Recall: 86.64%/75.93% | F1: 86.26%/75.79% | Time: fit=017s, train=004s, test=001s, total=022s
Epoch 129: Train%/Test% | Accuracy: 86.97%/77.83% | Precision: 86.59%/76.24% | Recall: 87.40%/77.10% | F1: 86.80%/76.58% | Time: fit=017s, train=003s, test=001s, total=022s
Epoch 130: Train%/Test% | Accuracy: 84.12%/75.94% | Precision: 83.80%/74.45% | Recall: 84.60%/75.61% | F1: 83.94%/74.81% | Time: fit=017s, train=003s, test=001s, total=022s
Epoch 131: Train%/Test% | Accuracy: 84.00%/76.42% | Precision: 83.67%/74.89% | Recall: 84.46%/75.99% | F1: 83.82%/75.25% | Time: fit=017s, train=003s, test=001s, total=022s
Epoch 132: Train%/Test% | Accuracy: 85.66%/78.77% | Precision: 85.20%/77.17% | Recall: 85.73%/77.58% | F1: 85.40%/77.36% | Time: fit=017s, train=004s, test=001s, total=022s
Epoch 133: Train%/Test% | Accuracy: 85.78%/78.30% | Precision: 85.32%/76.67% | Recall: 85.76%/76.94% | F1: 85.50%/76.80% | Time: fit=017s, train=004s, test=001s, total=022s
Epoch 134: Train%/Test% | Accuracy: 85.55%/78.77% | Precision: 85.08%/77.17% | Recall: 85.51%/77.58% | F1: 85.26%/77.36% | Time: fit=017s, train=004s, test=001s, total=022s
Epoch 135: Train%/Test% | Accuracy: 83.29%/79.25% | Precision: 82.99%/77.99% | Recall: 82.55%/76.62% | F1: 82.74%/77.16% | Time: fit=017s, train=003s, test=001s, total=022s
Epoch 136: Train%/Test% | Accuracy: 83.06%/78.30% | Precision: 82.74%/76.83% | Recall: 82.31%/75.87% | F1: 82.50%/76.27% | Time: fit=017s, train=004s, test=001s, total=022s
Epoch 137: Train%/Test% | Accuracy: 86.02%/77.83% | Precision: 85.64%/76.39% | Recall: 86.43%/77.64% | F1: 85.84%/76.78% | Time: fit=017s, train=003s, test=001s, total=021s
Epoch 138: Train%/Test% | Accuracy: 85.90%/78.77% | Precision: 85.51%/77.23% | Recall: 86.29%/78.12% | F1: 85.71%/77.58% | Time: fit=017s, train=004s, test=001s, total=022s
Epoch 139: Train%/Test% | Accuracy: 86.02%/77.36% | Precision: 85.64%/75.73% | Recall: 86.43%/76.46% | F1: 85.84%/76.02% | Time: fit=017s, train=003s, test=001s, total=022s
Epoch 140: Train%/Test% | Accuracy: 85.66%/78.30% | Precision: 85.23%/76.67% | Recall: 85.89%/76.94% | F1: 85.44%/76.80% | Time: fit=017s, train=003s, test=001s, total=022s
Epoch 141: Train%/Test% | Accuracy: 86.37%/77.36% | Precision: 85.95%/75.73% | Recall: 86.66%/76.46% | F1: 86.17%/76.02% | Time: fit=017s, train=003s, test=001s, total=021s
Epoch 142: Train%/Test% | Accuracy: 86.73%/77.36% | Precision: 86.31%/75.66% | Recall: 87.00%/75.93% | F1: 86.53%/75.79% | Time: fit=017s, train=004s, test=001s, total=022s
Epoch 143: Train%/Test% | Accuracy: 86.73%/77.36% | Precision: 86.33%/75.73% | Recall: 87.08%/76.46% | F1: 86.54%/76.02% | Time: fit=017s, train=004s, test=001s, total=022s
Epoch 144: Train%/Test% | Accuracy: 86.49%/77.83% | Precision: 86.09%/76.20% | Recall: 86.84%/76.84% | F1: 86.30%/76.47% | Time: fit=017s, train=003s, test=001s, total=022s
Epoch 145: Train%/Test% | Accuracy: 84.00%/71.70% | Precision: 84.06%/71.23% | Recall: 84.97%/72.79% | F1: 83.91%/71.04% | Time: fit=018s, train=004s, test=001s, total=022s
Epoch 146: Train%/Test% | Accuracy: 86.49%/77.83% | Precision: 86.07%/76.24% | Recall: 86.76%/77.10% | F1: 86.28%/76.58% | Time: fit=017s, train=004s, test=001s, total=022s
Epoch 147: Train%/Test% | Accuracy: 86.73%/77.83% | Precision: 86.32%/76.24% | Recall: 87.04%/77.10% | F1: 86.53%/76.58% | Time: fit=018s, train=004s, test=001s, total=022s
Epoch 148: Train%/Test% | Accuracy: 87.20%/78.77% | Precision: 86.82%/77.28% | Recall: 87.61%/78.39% | F1: 87.03%/77.68% | Time: fit=017s, train=004s, test=001s, total=022s
Epoch 149: Train%/Test% | Accuracy: 86.97%/79.25% | Precision: 86.55%/77.67% | Recall: 87.29%/78.22% | F1: 86.77%/77.92% | Time: fit=017s, train=004s, test=001s, total=022s
Epoch 150: Train%/Test% | Accuracy: 87.09%/81.13% | Precision: 86.65%/79.72% | Recall: 87.27%/79.72% | F1: 86.87%/79.72% | Time: fit=017s, train=004s, test=001s, total=022s
