[nltk_data] Downloading package wordnet to /home/bjorvl16/nltk_data...
[nltk_data]   Package wordnet is already up-to-date!
[nltk_data] Downloading package stopwords to
[nltk_data]     /home/bjorvl16/nltk_data...
[nltk_data]   Package stopwords is already up-to-date!
[*] Load dataset...
[*] Fix malformed data...
[*] Split...
[*] Encoding...
[*] Encoding feature: domain... 34
==============================
Using GPU for training
Dataset: FakeNewsNet-politifact
TMU params: num-clauses=5000, T=150, s=5.0
Epochs: 150
Feature(s): domain
max-vocab=15000, max-domain=500, max-tweet=500
====================
Train size: 844
Train classes: 2
Test size: 212
Test classes: 2
Total features: 34
==============================
[*] Training for 150 epochs...
Epoch   1: Train%/Test% | Accuracy: 71.56%/75.47% | Precision: 71.26%/74.62% | Recall: 71.79%/76.31% | F1: 71.27%/74.74% | Time: fit=004s, train=000s, test=000s, total=005s
Epoch   2: Train%/Test% | Accuracy: 72.99%/77.83% | Precision: 72.36%/76.31% | Recall: 72.66%/77.37% | F1: 72.47%/76.68% | Time: fit=002s, train=000s, test=000s, total=003s
Epoch   3: Train%/Test% | Accuracy: 67.89%/68.87% | Precision: 72.12%/74.03% | Recall: 70.78%/74.03% | F1: 67.75%/68.87% | Time: fit=002s, train=000s, test=000s, total=003s
Epoch   4: Train%/Test% | Accuracy: 75.36%/76.89% | Precision: 74.76%/75.79% | Recall: 75.09%/77.43% | F1: 74.88%/76.08% | Time: fit=002s, train=000s, test=000s, total=003s
Epoch   5: Train%/Test% | Accuracy: 77.61%/81.13% | Precision: 77.13%/79.66% | Recall: 76.56%/80.25% | F1: 76.78%/79.92% | Time: fit=002s, train=000s, test=000s, total=003s
Epoch   6: Train%/Test% | Accuracy: 79.15%/83.02% | Precision: 79.36%/81.75% | Recall: 77.45%/81.75% | F1: 77.98%/81.75% | Time: fit=002s, train=000s, test=000s, total=003s
Epoch   7: Train%/Test% | Accuracy: 79.03%/82.08% | Precision: 79.16%/80.80% | Recall: 77.39%/80.46% | F1: 77.90%/80.63% | Time: fit=002s, train=000s, test=000s, total=003s
Epoch   8: Train%/Test% | Accuracy: 78.91%/81.60% | Precision: 78.45%/80.16% | Recall: 77.99%/80.89% | F1: 78.18%/80.47% | Time: fit=002s, train=000s, test=000s, total=003s
Epoch   9: Train%/Test% | Accuracy: 77.96%/81.13% | Precision: 77.48%/79.67% | Recall: 76.98%/80.52% | F1: 77.18%/80.02% | Time: fit=002s, train=000s, test=000s, total=003s
Epoch  10: Train%/Test% | Accuracy: 78.67%/80.66% | Precision: 78.28%/79.17% | Recall: 77.59%/79.88% | F1: 77.86%/79.47% | Time: fit=002s, train=000s, test=000s, total=003s
Epoch  11: Train%/Test% | Accuracy: 79.74%/80.66% | Precision: 79.75%/79.17% | Recall: 78.28%/79.61% | F1: 78.74%/79.37% | Time: fit=002s, train=000s, test=000s, total=003s
Epoch  12: Train%/Test% | Accuracy: 79.74%/83.49% | Precision: 80.09%/82.40% | Recall: 78.00%/81.85% | F1: 78.57%/82.10% | Time: fit=002s, train=000s, test=000s, total=003s
Epoch  13: Train%/Test% | Accuracy: 79.62%/82.08% | Precision: 79.88%/80.80% | Recall: 77.94%/80.46% | F1: 78.48%/80.63% | Time: fit=002s, train=000s, test=000s, total=003s
Epoch  14: Train%/Test% | Accuracy: 79.27%/82.55% | Precision: 79.62%/81.49% | Recall: 77.48%/80.57% | F1: 78.04%/80.97% | Time: fit=002s, train=000s, test=000s, total=003s
Epoch  15: Train%/Test% | Accuracy: 79.74%/82.08% | Precision: 80.09%/80.80% | Recall: 78.00%/80.46% | F1: 78.57%/80.63% | Time: fit=002s, train=000s, test=000s, total=003s
Epoch  16: Train%/Test% | Accuracy: 80.45%/82.08% | Precision: 81.62%/80.90% | Recall: 78.30%/80.20% | F1: 79.04%/80.51% | Time: fit=002s, train=000s, test=000s, total=003s
Epoch  17: Train%/Test% | Accuracy: 80.92%/82.55% | Precision: 82.50%/82.02% | Recall: 78.63%/79.76% | F1: 79.44%/80.61% | Time: fit=002s, train=000s, test=000s, total=003s
Epoch  18: Train%/Test% | Accuracy: 80.57%/81.13% | Precision: 81.96%/80.49% | Recall: 78.33%/78.11% | F1: 79.10%/78.97% | Time: fit=002s, train=000s, test=000s, total=003s
Epoch  19: Train%/Test% | Accuracy: 81.16%/83.49% | Precision: 82.43%/82.89% | Recall: 79.03%/81.05% | F1: 79.80%/81.78% | Time: fit=002s, train=000s, test=000s, total=003s
Epoch  20: Train%/Test% | Accuracy: 81.28%/82.55% | Precision: 83.16%/81.81% | Recall: 78.90%/80.03% | F1: 79.75%/80.74% | Time: fit=002s, train=000s, test=000s, total=003s
Epoch  21: Train%/Test% | Accuracy: 81.04%/81.60% | Precision: 82.60%/80.74% | Recall: 78.77%/79.02% | F1: 79.58%/79.69% | Time: fit=002s, train=000s, test=000s, total=003s
Epoch  22: Train%/Test% | Accuracy: 81.87%/82.08% | Precision: 83.42%/81.37% | Recall: 79.68%/79.39% | F1: 80.51%/80.15% | Time: fit=002s, train=000s, test=000s, total=003s
Epoch  23: Train%/Test% | Accuracy: 81.64%/82.55% | Precision: 83.15%/82.27% | Recall: 79.44%/79.50% | F1: 80.26%/80.48% | Time: fit=002s, train=000s, test=000s, total=003s
Epoch  24: Train%/Test% | Accuracy: 81.52%/80.66% | Precision: 82.02%/79.24% | Recall: 79.85%/79.08% | F1: 80.46%/79.15% | Time: fit=002s, train=000s, test=000s, total=003s
Epoch  25: Train%/Test% | Accuracy: 81.75%/79.72% | Precision: 82.34%/78.27% | Recall: 80.05%/77.79% | F1: 80.69%/78.01% | Time: fit=002s, train=000s, test=000s, total=003s
Epoch  26: Train%/Test% | Accuracy: 81.64%/80.66% | Precision: 82.37%/79.30% | Recall: 79.83%/78.81% | F1: 80.51%/79.04% | Time: fit=002s, train=000s, test=000s, total=003s
Epoch  27: Train%/Test% | Accuracy: 80.92%/80.66% | Precision: 80.99%/79.24% | Recall: 79.53%/79.08% | F1: 80.00%/79.15% | Time: fit=002s, train=000s, test=000s, total=003s
Epoch  28: Train%/Test% | Accuracy: 80.92%/81.13% | Precision: 80.95%/79.66% | Recall: 79.57%/80.25% | F1: 80.03%/79.92% | Time: fit=002s, train=000s, test=000s, total=003s
Epoch  29: Train%/Test% | Accuracy: 80.81%/80.19% | Precision: 80.80%/78.67% | Recall: 79.47%/79.24% | F1: 79.91%/78.92% | Time: fit=002s, train=000s, test=000s, total=003s
Epoch  30: Train%/Test% | Accuracy: 82.46%/82.55% | Precision: 82.83%/81.27% | Recall: 80.98%/81.10% | F1: 81.55%/81.19% | Time: fit=002s, train=000s, test=000s, total=003s
Epoch  31: Train%/Test% | Accuracy: 81.40%/81.60% | Precision: 82.46%/80.44% | Recall: 79.39%/79.55% | F1: 80.13%/79.94% | Time: fit=002s, train=000s, test=000s, total=003s
Epoch  32: Train%/Test% | Accuracy: 82.35%/82.08% | Precision: 83.23%/81.03% | Recall: 80.52%/79.93% | F1: 81.24%/80.40% | Time: fit=002s, train=000s, test=000s, total=003s
Epoch  33: Train%/Test% | Accuracy: 82.70%/81.60% | Precision: 83.98%/80.58% | Recall: 80.71%/79.29% | F1: 81.51%/79.82% | Time: fit=002s, train=000s, test=000s, total=003s
Epoch  34: Train%/Test% | Accuracy: 82.35%/81.60% | Precision: 83.09%/80.34% | Recall: 80.60%/79.82% | F1: 81.28%/80.06% | Time: fit=002s, train=000s, test=000s, total=003s
Epoch  35: Train%/Test% | Accuracy: 82.35%/82.55% | Precision: 82.90%/81.49% | Recall: 80.72%/80.57% | F1: 81.35%/80.97% | Time: fit=002s, train=000s, test=000s, total=003s
Epoch  36: Train%/Test% | Accuracy: 83.06%/82.55% | Precision: 83.50%/81.21% | Recall: 81.57%/81.37% | F1: 82.16%/81.29% | Time: fit=002s, train=000s, test=000s, total=003s
Epoch  37: Train%/Test% | Accuracy: 82.23%/81.60% | Precision: 82.24%/80.16% | Recall: 81.01%/80.89% | F1: 81.44%/80.47% | Time: fit=002s, train=000s, test=000s, total=003s
Epoch  38: Train%/Test% | Accuracy: 82.58%/83.02% | Precision: 83.04%/81.83% | Recall: 81.04%/81.48% | F1: 81.64%/81.65% | Time: fit=002s, train=000s, test=000s, total=003s
Epoch  39: Train%/Test% | Accuracy: 81.52%/82.08% | Precision: 81.75%/80.68% | Recall: 80.04%/81.00% | F1: 80.57%/80.83% | Time: fit=002s, train=000s, test=000s, total=003s
Epoch  40: Train%/Test% | Accuracy: 82.23%/81.60% | Precision: 82.32%/80.17% | Recall: 80.93%/80.63% | F1: 81.40%/80.38% | Time: fit=002s, train=000s, test=000s, total=003s
Epoch  41: Train%/Test% | Accuracy: 82.70%/81.13% | Precision: 83.03%/79.68% | Recall: 81.26%/79.98% | F1: 81.82%/79.82% | Time: fit=002s, train=000s, test=000s, total=003s
Epoch  42: Train%/Test% | Accuracy: 82.82%/82.55% | Precision: 83.24%/81.21% | Recall: 81.32%/81.37% | F1: 81.91%/81.29% | Time: fit=002s, train=000s, test=000s, total=003s
Epoch  43: Train%/Test% | Accuracy: 82.11%/81.13% | Precision: 81.83%/79.70% | Recall: 81.22%/80.79% | F1: 81.47%/80.11% | Time: fit=002s, train=000s, test=000s, total=003s
Epoch  44: Train%/Test% | Accuracy: 82.23%/83.02% | Precision: 82.09%/81.65% | Recall: 81.17%/82.28% | F1: 81.51%/81.93% | Time: fit=002s, train=000s, test=000s, total=003s
Epoch  45: Train%/Test% | Accuracy: 81.28%/80.19% | Precision: 81.00%/78.72% | Recall: 80.31%/79.77% | F1: 80.58%/79.12% | Time: fit=002s, train=000s, test=000s, total=003s
Epoch  46: Train%/Test% | Accuracy: 82.11%/80.66% | Precision: 81.85%/79.17% | Recall: 81.18%/79.88% | F1: 81.45%/79.47% | Time: fit=002s, train=000s, test=000s, total=003s
Epoch  47: Train%/Test% | Accuracy: 82.11%/80.66% | Precision: 81.88%/79.17% | Recall: 81.14%/79.88% | F1: 81.43%/79.47% | Time: fit=002s, train=000s, test=000s, total=003s
Epoch  48: Train%/Test% | Accuracy: 81.52%/80.66% | Precision: 81.27%/79.17% | Recall: 80.51%/79.88% | F1: 80.81%/79.47% | Time: fit=002s, train=000s, test=000s, total=003s
Epoch  49: Train%/Test% | Accuracy: 82.35%/79.72% | Precision: 82.52%/78.22% | Recall: 80.99%/78.06% | F1: 81.49%/78.14% | Time: fit=002s, train=000s, test=000s, total=003s
Epoch  50: Train%/Test% | Accuracy: 82.11%/79.72% | Precision: 82.41%/78.18% | Recall: 80.63%/78.33% | F1: 81.19%/78.25% | Time: fit=002s, train=000s, test=000s, total=003s
Epoch  51: Train%/Test% | Accuracy: 83.41%/83.02% | Precision: 84.46%/82.08% | Recall: 81.60%/80.94% | F1: 82.36%/81.43% | Time: fit=002s, train=000s, test=000s, total=003s
Epoch  52: Train%/Test% | Accuracy: 82.94%/80.19% | Precision: 83.40%/78.70% | Recall: 81.43%/78.70% | F1: 82.03%/78.70% | Time: fit=002s, train=000s, test=000s, total=003s
Epoch  53: Train%/Test% | Accuracy: 81.64%/81.13% | Precision: 82.89%/80.12% | Recall: 79.56%/78.65% | F1: 80.34%/79.24% | Time: fit=002s, train=000s, test=000s, total=003s
Epoch  54: Train%/Test% | Accuracy: 80.57%/79.25% | Precision: 81.21%/77.73% | Recall: 78.72%/77.42% | F1: 79.36%/77.57% | Time: fit=002s, train=000s, test=000s, total=003s
Epoch  55: Train%/Test% | Accuracy: 82.23%/81.60% | Precision: 83.70%/80.58% | Recall: 80.11%/79.29% | F1: 80.93%/79.82% | Time: fit=002s, train=000s, test=000s, total=003s
Epoch  56: Train%/Test% | Accuracy: 82.82%/82.55% | Precision: 84.16%/81.64% | Recall: 80.81%/80.30% | F1: 81.63%/80.86% | Time: fit=002s, train=000s, test=000s, total=003s
Epoch  57: Train%/Test% | Accuracy: 83.18%/83.02% | Precision: 84.27%/82.08% | Recall: 81.32%/80.94% | F1: 82.09%/81.43% | Time: fit=002s, train=000s, test=000s, total=003s
Epoch  58: Train%/Test% | Accuracy: 83.06%/82.08% | Precision: 83.62%/80.73% | Recall: 81.49%/80.73% | F1: 82.12%/80.73% | Time: fit=002s, train=000s, test=000s, total=003s
Epoch  59: Train%/Test% | Accuracy: 82.94%/80.66% | Precision: 83.40%/79.19% | Recall: 81.43%/79.34% | F1: 82.03%/79.26% | Time: fit=002s, train=000s, test=000s, total=003s
Epoch  60: Train%/Test% | Accuracy: 83.89%/82.08% | Precision: 84.99%/80.90% | Recall: 82.08%/80.20% | F1: 82.87%/80.51% | Time: fit=002s, train=000s, test=000s, total=003s
Epoch  61: Train%/Test% | Accuracy: 83.41%/83.02% | Precision: 84.31%/82.08% | Recall: 81.68%/80.94% | F1: 82.40%/81.43% | Time: fit=002s, train=000s, test=000s, total=003s
Epoch  62: Train%/Test% | Accuracy: 83.65%/83.02% | Precision: 84.44%/82.08% | Recall: 82.00%/80.94% | F1: 82.70%/81.43% | Time: fit=002s, train=000s, test=000s, total=003s
Epoch  63: Train%/Test% | Accuracy: 82.46%/83.49% | Precision: 82.94%/82.40% | Recall: 80.90%/81.85% | F1: 81.51%/82.10% | Time: fit=002s, train=000s, test=000s, total=003s
Epoch  64: Train%/Test% | Accuracy: 82.82%/83.96% | Precision: 83.30%/83.13% | Recall: 81.28%/81.96% | F1: 81.89%/82.46% | Time: fit=002s, train=000s, test=000s, total=003s
Epoch  65: Train%/Test% | Accuracy: 83.41%/83.02% | Precision: 84.17%/82.25% | Recall: 81.75%/80.67% | F1: 82.45%/81.32% | Time: fit=002s, train=000s, test=000s, total=003s
Epoch  66: Train%/Test% | Accuracy: 83.77%/83.02% | Precision: 84.22%/81.75% | Recall: 82.34%/81.75% | F1: 82.93%/81.75% | Time: fit=002s, train=000s, test=000s, total=003s
Epoch  67: Train%/Test% | Accuracy: 81.16%/78.77% | Precision: 80.71%/77.45% | Recall: 80.48%/78.92% | F1: 80.59%/77.86% | Time: fit=002s, train=000s, test=000s, total=003s
Epoch  68: Train%/Test% | Accuracy: 82.70%/82.08% | Precision: 82.49%/80.68% | Recall: 81.77%/81.80% | F1: 82.06%/81.11% | Time: fit=002s, train=000s, test=000s, total=003s
Epoch  69: Train%/Test% | Accuracy: 83.29%/82.55% | Precision: 83.27%/81.15% | Recall: 82.20%/81.91% | F1: 82.60%/81.48% | Time: fit=002s, train=000s, test=000s, total=003s
Epoch  70: Train%/Test% | Accuracy: 83.65%/82.55% | Precision: 83.71%/81.15% | Recall: 82.51%/81.91% | F1: 82.94%/81.48% | Time: fit=002s, train=000s, test=000s, total=003s
Epoch  71: Train%/Test% | Accuracy: 83.77%/81.60% | Precision: 84.10%/80.17% | Recall: 82.41%/80.63% | F1: 82.97%/80.38% | Time: fit=002s, train=000s, test=000s, total=003s
Epoch  72: Train%/Test% | Accuracy: 84.24%/84.91% | Precision: 85.43%/84.39% | Recall: 82.43%/82.70% | F1: 83.23%/83.39% | Time: fit=002s, train=000s, test=000s, total=003s
Epoch  73: Train%/Test% | Accuracy: 83.77%/83.49% | Precision: 84.28%/82.53% | Recall: 82.30%/81.58% | F1: 82.91%/82.00% | Time: fit=002s, train=000s, test=000s, total=003s
Epoch  74: Train%/Test% | Accuracy: 84.12%/84.43% | Precision: 85.03%/83.75% | Recall: 82.45%/82.33% | F1: 83.18%/82.93% | Time: fit=002s, train=000s, test=000s, total=003s
Epoch  75: Train%/Test% | Accuracy: 84.36%/84.91% | Precision: 85.29%/84.02% | Recall: 82.69%/83.24% | F1: 83.43%/83.59% | Time: fit=002s, train=000s, test=000s, total=003s
Epoch  76: Train%/Test% | Accuracy: 83.41%/84.43% | Precision: 84.39%/83.75% | Recall: 81.64%/82.33% | F1: 82.38%/82.93% | Time: fit=002s, train=000s, test=000s, total=003s
Epoch  77: Train%/Test% | Accuracy: 83.53%/83.96% | Precision: 84.41%/82.98% | Recall: 81.82%/82.22% | F1: 82.54%/82.57% | Time: fit=002s, train=000s, test=000s, total=003s
Epoch  78: Train%/Test% | Accuracy: 83.65%/83.02% | Precision: 84.44%/81.75% | Recall: 82.00%/81.75% | F1: 82.70%/81.75% | Time: fit=002s, train=000s, test=000s, total=003s
Epoch  79: Train%/Test% | Accuracy: 82.94%/81.60% | Precision: 83.40%/80.20% | Recall: 81.43%/80.36% | F1: 82.03%/80.28% | Time: fit=002s, train=000s, test=000s, total=003s
Epoch  80: Train%/Test% | Accuracy: 83.18%/81.13% | Precision: 83.29%/79.68% | Recall: 81.94%/79.98% | F1: 82.41%/79.82% | Time: fit=002s, train=000s, test=000s, total=003s
Epoch  81: Train%/Test% | Accuracy: 82.23%/80.19% | Precision: 82.16%/78.67% | Recall: 81.09%/79.24% | F1: 81.48%/78.92% | Time: fit=002s, train=000s, test=000s, total=003s
Epoch  82: Train%/Test% | Accuracy: 84.12%/82.08% | Precision: 84.69%/80.73% | Recall: 82.64%/80.73% | F1: 83.28%/80.73% | Time: fit=002s, train=000s, test=000s, total=003s
Epoch  83: Train%/Test% | Accuracy: 83.77%/81.60% | Precision: 84.46%/80.25% | Recall: 82.18%/80.09% | F1: 82.85%/80.17% | Time: fit=002s, train=000s, test=000s, total=003s
Epoch  84: Train%/Test% | Accuracy: 84.12%/81.13% | Precision: 85.18%/79.78% | Recall: 82.37%/79.45% | F1: 83.14%/79.61% | Time: fit=002s, train=000s, test=000s, total=003s
Epoch  85: Train%/Test% | Accuracy: 84.24%/82.08% | Precision: 85.27%/80.90% | Recall: 82.51%/80.20% | F1: 83.27%/80.51% | Time: fit=002s, train=000s, test=000s, total=003s
Epoch  86: Train%/Test% | Accuracy: 84.12%/83.49% | Precision: 85.78%/82.53% | Recall: 82.09%/81.58% | F1: 82.99%/82.00% | Time: fit=002s, train=000s, test=000s, total=003s
Epoch  87: Train%/Test% | Accuracy: 84.48%/83.02% | Precision: 85.54%/81.83% | Recall: 82.75%/81.48% | F1: 83.53%/81.65% | Time: fit=002s, train=000s, test=000s, total=003s
Epoch  88: Train%/Test% | Accuracy: 84.36%/83.02% | Precision: 85.61%/82.08% | Recall: 82.53%/80.94% | F1: 83.35%/81.43% | Time: fit=002s, train=000s, test=000s, total=003s
Epoch  89: Train%/Test% | Accuracy: 84.72%/83.02% | Precision: 85.88%/82.08% | Recall: 82.96%/80.94% | F1: 83.76%/81.43% | Time: fit=002s, train=000s, test=000s, total=003s
Epoch  90: Train%/Test% | Accuracy: 84.83%/82.55% | Precision: 86.59%/81.81% | Recall: 82.82%/80.03% | F1: 83.75%/80.74% | Time: fit=002s, train=000s, test=000s, total=003s
Epoch  91: Train%/Test% | Accuracy: 83.77%/84.43% | Precision: 86.50%/84.20% | Recall: 81.32%/81.79% | F1: 82.35%/82.71% | Time: fit=002s, train=000s, test=000s, total=003s
Epoch  92: Train%/Test% | Accuracy: 84.24%/82.08% | Precision: 86.06%/81.03% | Recall: 82.16%/79.93% | F1: 83.08%/80.40% | Time: fit=002s, train=000s, test=000s, total=003s
Epoch  93: Train%/Test% | Accuracy: 84.24%/81.60% | Precision: 85.60%/80.34% | Recall: 82.35%/79.82% | F1: 83.19%/80.06% | Time: fit=002s, train=000s, test=000s, total=003s
Epoch  94: Train%/Test% | Accuracy: 84.00%/81.60% | Precision: 85.42%/80.58% | Recall: 82.07%/79.29% | F1: 82.92%/79.82% | Time: fit=002s, train=000s, test=000s, total=003s
Epoch  95: Train%/Test% | Accuracy: 84.72%/82.08% | Precision: 86.05%/80.68% | Recall: 82.88%/81.00% | F1: 83.72%/80.83% | Time: fit=002s, train=000s, test=000s, total=003s
Epoch  96: Train%/Test% | Accuracy: 84.83%/82.55% | Precision: 86.06%/81.27% | Recall: 83.06%/81.10% | F1: 83.87%/81.19% | Time: fit=002s, train=000s, test=000s, total=003s
Epoch  97: Train%/Test% | Accuracy: 84.83%/80.66% | Precision: 85.12%/79.17% | Recall: 83.61%/79.88% | F1: 84.13%/79.47% | Time: fit=002s, train=000s, test=000s, total=003s
Epoch  98: Train%/Test% | Accuracy: 85.31%/81.60% | Precision: 86.34%/80.20% | Recall: 83.66%/80.36% | F1: 84.43%/80.28% | Time: fit=002s, train=000s, test=000s, total=003s
Epoch  99: Train%/Test% | Accuracy: 85.07%/82.08% | Precision: 86.40%/80.80% | Recall: 83.26%/80.46% | F1: 84.11%/80.63% | Time: fit=002s, train=000s, test=000s, total=003s
Epoch 100: Train%/Test% | Accuracy: 85.19%/81.60% | Precision: 86.67%/80.20% | Recall: 83.32%/80.36% | F1: 84.20%/80.28% | Time: fit=002s, train=000s, test=000s, total=003s
Epoch 101: Train%/Test% | Accuracy: 84.95%/82.08% | Precision: 86.49%/80.90% | Recall: 83.04%/80.20% | F1: 83.93%/80.51% | Time: fit=002s, train=000s, test=000s, total=003s
Epoch 102: Train%/Test% | Accuracy: 85.31%/83.49% | Precision: 87.04%/82.69% | Recall: 83.35%/81.31% | F1: 84.28%/81.89% | Time: fit=002s, train=000s, test=000s, total=003s
Epoch 103: Train%/Test% | Accuracy: 84.72%/82.08% | Precision: 87.03%/81.19% | Recall: 82.49%/79.66% | F1: 83.50%/80.28% | Time: fit=002s, train=000s, test=000s, total=003s
Epoch 104: Train%/Test% | Accuracy: 84.12%/81.13% | Precision: 86.39%/80.29% | Recall: 81.86%/78.38% | F1: 82.85%/79.11% | Time: fit=002s, train=000s, test=000s, total=003s
Epoch 105: Train%/Test% | Accuracy: 84.72%/82.55% | Precision: 86.32%/81.37% | Recall: 82.76%/80.84% | F1: 83.65%/81.08% | Time: fit=002s, train=000s, test=000s, total=003s
Epoch 106: Train%/Test% | Accuracy: 84.83%/81.60% | Precision: 86.22%/80.34% | Recall: 82.98%/79.82% | F1: 83.83%/80.06% | Time: fit=002s, train=000s, test=000s, total=003s
Epoch 107: Train%/Test% | Accuracy: 84.60%/82.08% | Precision: 85.96%/80.80% | Recall: 82.74%/80.46% | F1: 83.58%/80.63% | Time: fit=002s, train=000s, test=000s, total=003s
Epoch 108: Train%/Test% | Accuracy: 84.48%/83.02% | Precision: 86.05%/82.46% | Recall: 82.52%/80.41% | F1: 83.40%/81.20% | Time: fit=002s, train=000s, test=000s, total=003s
Epoch 109: Train%/Test% | Accuracy: 85.07%/82.55% | Precision: 86.40%/81.37% | Recall: 83.26%/80.84% | F1: 84.11%/81.08% | Time: fit=002s, train=000s, test=000s, total=003s
Epoch 110: Train%/Test% | Accuracy: 84.95%/83.02% | Precision: 86.23%/81.94% | Recall: 83.16%/81.21% | F1: 83.99%/81.54% | Time: fit=002s, train=000s, test=000s, total=003s
Epoch 111: Train%/Test% | Accuracy: 84.60%/79.25% | Precision: 85.21%/77.70% | Recall: 83.13%/78.49% | F1: 83.77%/78.02% | Time: fit=002s, train=000s, test=000s, total=003s
Epoch 112: Train%/Test% | Accuracy: 84.95%/81.60% | Precision: 85.50%/80.17% | Recall: 83.55%/80.63% | F1: 84.18%/80.38% | Time: fit=002s, train=000s, test=000s, total=003s
Epoch 113: Train%/Test% | Accuracy: 85.31%/82.08% | Precision: 85.86%/80.66% | Recall: 83.94%/81.27% | F1: 84.56%/80.93% | Time: fit=002s, train=000s, test=000s, total=003s
Epoch 114: Train%/Test% | Accuracy: 84.83%/82.08% | Precision: 85.53%/80.73% | Recall: 83.33%/80.73% | F1: 84.01%/80.73% | Time: fit=002s, train=000s, test=000s, total=003s
Epoch 115: Train%/Test% | Accuracy: 85.07%/80.66% | Precision: 85.93%/79.17% | Recall: 83.50%/79.61% | F1: 84.22%/79.37% | Time: fit=002s, train=000s, test=000s, total=003s
Epoch 116: Train%/Test% | Accuracy: 83.41%/77.36% | Precision: 83.24%/75.86% | Recall: 82.50%/77.00% | F1: 82.79%/76.24% | Time: fit=002s, train=000s, test=000s, total=003s
Epoch 117: Train%/Test% | Accuracy: 84.60%/79.25% | Precision: 84.92%/77.67% | Recall: 83.32%/78.22% | F1: 83.86%/77.92% | Time: fit=002s, train=000s, test=000s, total=003s
Epoch 118: Train%/Test% | Accuracy: 85.07%/80.66% | Precision: 85.86%/79.24% | Recall: 83.54%/79.08% | F1: 84.24%/79.15% | Time: fit=002s, train=000s, test=000s, total=003s
Epoch 119: Train%/Test% | Accuracy: 84.95%/80.66% | Precision: 86.07%/79.30% | Recall: 83.24%/78.81% | F1: 84.03%/79.04% | Time: fit=002s, train=000s, test=000s, total=003s
Epoch 120: Train%/Test% | Accuracy: 84.83%/82.08% | Precision: 86.14%/81.19% | Recall: 83.02%/79.66% | F1: 83.85%/80.28% | Time: fit=002s, train=000s, test=000s, total=003s
Epoch 121: Train%/Test% | Accuracy: 83.89%/83.02% | Precision: 85.51%/82.25% | Recall: 81.85%/80.67% | F1: 82.73%/81.32% | Time: fit=002s, train=000s, test=000s, total=003s
Epoch 122: Train%/Test% | Accuracy: 84.36%/83.02% | Precision: 86.25%/82.46% | Recall: 82.26%/80.41% | F1: 83.20%/81.20% | Time: fit=002s, train=000s, test=000s, total=003s
Epoch 123: Train%/Test% | Accuracy: 84.60%/82.55% | Precision: 85.41%/81.37% | Recall: 83.01%/80.84% | F1: 83.72%/81.08% | Time: fit=002s, train=000s, test=000s, total=003s
Epoch 124: Train%/Test% | Accuracy: 84.48%/82.08% | Precision: 84.99%/80.80% | Recall: 83.07%/80.46% | F1: 83.68%/80.63% | Time: fit=002s, train=000s, test=000s, total=003s
Epoch 125: Train%/Test% | Accuracy: 84.60%/80.66% | Precision: 85.21%/79.19% | Recall: 83.13%/79.34% | F1: 83.77%/79.26% | Time: fit=002s, train=000s, test=000s, total=003s
Epoch 126: Train%/Test% | Accuracy: 84.95%/83.02% | Precision: 85.91%/82.08% | Recall: 83.32%/80.94% | F1: 84.07%/81.43% | Time: fit=002s, train=000s, test=000s, total=003s
Epoch 127: Train%/Test% | Accuracy: 84.95%/82.08% | Precision: 86.07%/80.90% | Recall: 83.24%/80.20% | F1: 84.03%/80.51% | Time: fit=002s, train=000s, test=000s, total=003s
Epoch 128: Train%/Test% | Accuracy: 85.19%/81.13% | Precision: 86.10%/79.78% | Recall: 83.60%/79.45% | F1: 84.34%/79.61% | Time: fit=002s, train=000s, test=000s, total=003s
Epoch 129: Train%/Test% | Accuracy: 84.72%/82.55% | Precision: 85.51%/81.49% | Recall: 83.15%/80.57% | F1: 83.85%/80.97% | Time: fit=002s, train=000s, test=000s, total=003s
Epoch 130: Train%/Test% | Accuracy: 84.83%/83.49% | Precision: 86.79%/83.11% | Recall: 82.74%/80.78% | F1: 83.71%/81.66% | Time: fit=002s, train=000s, test=000s, total=003s
Epoch 131: Train%/Test% | Accuracy: 85.31%/83.49% | Precision: 87.04%/83.11% | Recall: 83.35%/80.78% | F1: 84.28%/81.66% | Time: fit=002s, train=000s, test=000s, total=003s
Epoch 132: Train%/Test% | Accuracy: 84.48%/82.55% | Precision: 85.78%/81.64% | Recall: 82.63%/80.30% | F1: 83.46%/80.86% | Time: fit=002s, train=000s, test=000s, total=003s
Epoch 133: Train%/Test% | Accuracy: 85.55%/82.08% | Precision: 86.85%/81.19% | Recall: 83.79%/79.66% | F1: 84.63%/80.28% | Time: fit=002s, train=000s, test=000s, total=003s
Epoch 134: Train%/Test% | Accuracy: 85.07%/82.08% | Precision: 86.77%/81.59% | Recall: 83.11%/79.12% | F1: 84.02%/80.02% | Time: fit=002s, train=000s, test=000s, total=003s
Epoch 135: Train%/Test% | Accuracy: 85.19%/83.02% | Precision: 86.50%/82.25% | Recall: 83.40%/80.67% | F1: 84.24%/81.32% | Time: fit=002s, train=000s, test=000s, total=003s
Epoch 136: Train%/Test% | Accuracy: 85.19%/82.55% | Precision: 86.10%/81.81% | Recall: 83.60%/80.03% | F1: 84.34%/80.74% | Time: fit=002s, train=000s, test=000s, total=003s
Epoch 137: Train%/Test% | Accuracy: 84.48%/83.96% | Precision: 85.70%/83.79% | Recall: 82.67%/81.15% | F1: 83.49%/82.12% | Time: fit=002s, train=000s, test=000s, total=003s
Epoch 138: Train%/Test% | Accuracy: 84.60%/83.49% | Precision: 85.34%/83.11% | Recall: 83.05%/80.78% | F1: 83.74%/81.66% | Time: fit=002s, train=000s, test=000s, total=003s
Epoch 139: Train%/Test% | Accuracy: 84.48%/82.55% | Precision: 84.99%/81.49% | Recall: 83.07%/80.57% | F1: 83.68%/80.97% | Time: fit=002s, train=000s, test=000s, total=003s
Epoch 140: Train%/Test% | Accuracy: 83.77%/80.66% | Precision: 83.63%/79.17% | Recall: 82.85%/79.88% | F1: 83.15%/79.47% | Time: fit=002s, train=000s, test=000s, total=003s
Epoch 141: Train%/Test% | Accuracy: 84.72%/82.08% | Precision: 85.88%/80.80% | Recall: 82.96%/80.46% | F1: 83.76%/80.63% | Time: fit=002s, train=000s, test=000s, total=003s
Epoch 142: Train%/Test% | Accuracy: 84.36%/80.66% | Precision: 84.83%/79.19% | Recall: 82.96%/79.34% | F1: 83.56%/79.26% | Time: fit=002s, train=000s, test=000s, total=003s
Epoch 143: Train%/Test% | Accuracy: 84.83%/81.13% | Precision: 85.67%/79.98% | Recall: 83.25%/78.91% | F1: 83.97%/79.37% | Time: fit=002s, train=000s, test=000s, total=003s
Epoch 144: Train%/Test% | Accuracy: 85.07%/81.60% | Precision: 85.93%/80.44% | Recall: 83.50%/79.55% | F1: 84.22%/79.94% | Time: fit=002s, train=000s, test=000s, total=003s
Epoch 145: Train%/Test% | Accuracy: 84.12%/80.66% | Precision: 84.89%/79.40% | Recall: 82.52%/78.54% | F1: 83.22%/78.91% | Time: fit=002s, train=000s, test=000s, total=003s
Epoch 146: Train%/Test% | Accuracy: 85.31%/82.08% | Precision: 86.05%/81.03% | Recall: 83.82%/79.93% | F1: 84.51%/80.40% | Time: fit=002s, train=000s, test=000s, total=003s
Epoch 147: Train%/Test% | Accuracy: 84.83%/79.72% | Precision: 85.53%/78.35% | Recall: 83.33%/77.53% | F1: 84.01%/77.89% | Time: fit=002s, train=000s, test=000s, total=003s
Epoch 148: Train%/Test% | Accuracy: 84.95%/82.08% | Precision: 86.40%/81.84% | Recall: 83.08%/78.86% | F1: 83.95%/79.88% | Time: fit=002s, train=000s, test=000s, total=003s
Epoch 149: Train%/Test% | Accuracy: 84.83%/81.13% | Precision: 86.90%/80.49% | Recall: 82.70%/78.11% | F1: 83.68%/78.97% | Time: fit=002s, train=000s, test=000s, total=003s
Epoch 150: Train%/Test% | Accuracy: 85.31%/81.60% | Precision: 87.04%/80.74% | Recall: 83.35%/79.02% | F1: 84.28%/79.69% | Time: fit=001s, train=000s, test=000s, total=001s
