[nltk_data] Downloading package wordnet to /home/bjorvl16/nltk_data...
[nltk_data]   Package wordnet is already up-to-date!
[nltk_data] Downloading package stopwords to
[nltk_data]     /home/bjorvl16/nltk_data...
[nltk_data]   Package stopwords is already up-to-date!
[*] Load dataset...
[*] Fix malformed data...
[*] Split...
[*] Encoding...
[*] Encoding feature: text... 701
==============================
Using CPU for training
Dataset: fake-news-datasets-Election-Day
TMU params: num-clauses=5000, T=200, s=15.0
Epochs: 150
Feature(s): text
max-vocab=15000, max-domain=500, max-tweet=500
====================
Train size: 1061
Train classes: 2
Test size: 266
Test classes: 2
Total features: 701
==============================
[*] Training for 150 epochs...
Epoch   1: Train%/Test% | Accuracy: 89.73%/89.85% | Precision: 44.86%/44.92% | Recall: 50.00%/50.00% | F1: 47.29%/47.33% | Time: fit=002s, train=000s, test=000s, total=002s
Epoch   2: Train%/Test% | Accuracy: 89.73%/89.85% | Precision: 44.86%/44.92% | Recall: 50.00%/50.00% | F1: 47.29%/47.33% | Time: fit=001s, train=000s, test=000s, total=002s
Epoch   3: Train%/Test% | Accuracy: 89.73%/89.85% | Precision: 44.86%/44.92% | Recall: 50.00%/50.00% | F1: 47.29%/47.33% | Time: fit=001s, train=000s, test=000s, total=001s
Epoch   4: Train%/Test% | Accuracy: 89.73%/89.85% | Precision: 44.86%/44.92% | Recall: 50.00%/50.00% | F1: 47.29%/47.33% | Time: fit=001s, train=000s, test=000s, total=001s
Epoch   5: Train%/Test% | Accuracy: 89.73%/89.85% | Precision: 44.86%/44.92% | Recall: 50.00%/50.00% | F1: 47.29%/47.33% | Time: fit=001s, train=000s, test=000s, total=001s
Epoch   6: Train%/Test% | Accuracy: 89.73%/89.85% | Precision: 44.86%/44.92% | Recall: 50.00%/50.00% | F1: 47.29%/47.33% | Time: fit=001s, train=000s, test=000s, total=001s
Epoch   7: Train%/Test% | Accuracy: 89.73%/89.85% | Precision: 44.86%/44.92% | Recall: 50.00%/50.00% | F1: 47.29%/47.33% | Time: fit=001s, train=000s, test=000s, total=001s
Epoch   8: Train%/Test% | Accuracy: 89.73%/89.85% | Precision: 44.86%/44.92% | Recall: 50.00%/50.00% | F1: 47.29%/47.33% | Time: fit=001s, train=000s, test=000s, total=001s
Epoch   9: Train%/Test% | Accuracy: 89.73%/89.85% | Precision: 44.86%/44.92% | Recall: 50.00%/50.00% | F1: 47.29%/47.33% | Time: fit=001s, train=000s, test=000s, total=001s
Epoch  10: Train%/Test% | Accuracy: 89.73%/89.85% | Precision: 44.86%/44.92% | Recall: 50.00%/50.00% | F1: 47.29%/47.33% | Time: fit=001s, train=000s, test=000s, total=001s
Epoch  11: Train%/Test% | Accuracy: 89.73%/89.85% | Precision: 44.86%/44.92% | Recall: 50.00%/50.00% | F1: 47.29%/47.33% | Time: fit=001s, train=000s, test=000s, total=001s
Epoch  12: Train%/Test% | Accuracy: 89.92%/89.85% | Precision: 94.95%/44.92% | Recall: 50.92%/50.00% | F1: 49.14%/47.33% | Time: fit=001s, train=000s, test=000s, total=001s
Epoch  13: Train%/Test% | Accuracy: 89.92%/89.85% | Precision: 94.95%/44.92% | Recall: 50.92%/50.00% | F1: 49.14%/47.33% | Time: fit=001s, train=000s, test=000s, total=001s
Epoch  14: Train%/Test% | Accuracy: 90.01%/90.23% | Precision: 94.99%/95.09% | Recall: 51.38%/51.85% | F1: 50.04%/50.99% | Time: fit=001s, train=000s, test=000s, total=001s
Epoch  15: Train%/Test% | Accuracy: 90.57%/90.23% | Precision: 95.25%/95.09% | Recall: 54.13%/51.85% | F1: 55.13%/50.99% | Time: fit=001s, train=000s, test=000s, total=001s
Epoch  16: Train%/Test% | Accuracy: 90.57%/90.23% | Precision: 95.25%/95.09% | Recall: 54.13%/51.85% | F1: 55.13%/50.99% | Time: fit=001s, train=000s, test=000s, total=001s
Epoch  17: Train%/Test% | Accuracy: 90.95%/89.85% | Precision: 92.13%/70.08% | Recall: 56.37%/51.64% | F1: 58.89%/50.76% | Time: fit=001s, train=000s, test=000s, total=001s
Epoch  18: Train%/Test% | Accuracy: 91.05%/89.85% | Precision: 95.46%/70.08% | Recall: 56.42%/51.64% | F1: 59.01%/50.76% | Time: fit=001s, train=000s, test=000s, total=001s
Epoch  19: Train%/Test% | Accuracy: 91.14%/89.85% | Precision: 95.51%/70.08% | Recall: 56.88%/51.64% | F1: 59.74%/50.76% | Time: fit=001s, train=000s, test=000s, total=001s
Epoch  20: Train%/Test% | Accuracy: 91.14%/90.23% | Precision: 90.32%/75.40% | Recall: 57.69%/55.14% | F1: 60.92%/56.78% | Time: fit=001s, train=000s, test=000s, total=001s
Epoch  21: Train%/Test% | Accuracy: 91.14%/90.23% | Precision: 88.48%/75.40% | Recall: 58.10%/55.14% | F1: 61.49%/56.78% | Time: fit=001s, train=000s, test=000s, total=001s
Epoch  22: Train%/Test% | Accuracy: 91.52%/90.23% | Precision: 89.80%/75.40% | Recall: 59.93%/55.14% | F1: 64.15%/56.78% | Time: fit=001s, train=000s, test=000s, total=001s
Epoch  23: Train%/Test% | Accuracy: 91.71%/90.60% | Precision: 90.33%/78.91% | Recall: 60.85%/56.99% | F1: 65.43%/59.62% | Time: fit=001s, train=000s, test=000s, total=001s
Epoch  24: Train%/Test% | Accuracy: 91.71%/90.60% | Precision: 89.03%/78.91% | Recall: 61.26%/56.99% | F1: 65.90%/59.62% | Time: fit=001s, train=000s, test=000s, total=001s
Epoch  25: Train%/Test% | Accuracy: 92.65%/90.98% | Precision: 91.25%/81.47% | Recall: 65.84%/58.84% | F1: 71.67%/62.30% | Time: fit=001s, train=000s, test=000s, total=001s
Epoch  26: Train%/Test% | Accuracy: 92.55%/90.98% | Precision: 90.13%/81.47% | Recall: 65.79%/58.84% | F1: 71.49%/62.30% | Time: fit=001s, train=000s, test=000s, total=001s
Epoch  27: Train%/Test% | Accuracy: 92.18%/90.60% | Precision: 90.27%/78.91% | Recall: 63.55%/56.99% | F1: 68.88%/59.62% | Time: fit=001s, train=000s, test=000s, total=001s
Epoch  28: Train%/Test% | Accuracy: 92.37%/90.60% | Precision: 90.69%/78.91% | Recall: 64.47%/56.99% | F1: 70.02%/59.62% | Time: fit=001s, train=000s, test=000s, total=001s
Epoch  29: Train%/Test% | Accuracy: 92.46%/90.60% | Precision: 89.06%/78.91% | Recall: 65.74%/56.99% | F1: 71.30%/59.62% | Time: fit=001s, train=000s, test=000s, total=001s
Epoch  30: Train%/Test% | Accuracy: 92.18%/90.60% | Precision: 90.27%/78.91% | Recall: 63.55%/56.99% | F1: 68.88%/59.62% | Time: fit=001s, train=000s, test=000s, total=001s
Epoch  31: Train%/Test% | Accuracy: 92.65%/90.98% | Precision: 91.25%/81.47% | Recall: 65.84%/58.84% | F1: 71.67%/62.30% | Time: fit=001s, train=000s, test=000s, total=001s
Epoch  32: Train%/Test% | Accuracy: 92.93%/91.35% | Precision: 89.35%/83.43% | Recall: 68.44%/60.69% | F1: 74.21%/64.83% | Time: fit=001s, train=000s, test=000s, total=001s
Epoch  33: Train%/Test% | Accuracy: 93.03%/90.98% | Precision: 88.29%/79.25% | Recall: 69.71%/60.48% | F1: 75.27%/64.25% | Time: fit=001s, train=000s, test=000s, total=001s
Epoch  34: Train%/Test% | Accuracy: 93.40%/90.98% | Precision: 88.53%/79.25% | Recall: 71.95%/60.48% | F1: 77.38%/64.25% | Time: fit=001s, train=000s, test=000s, total=001s
Epoch  35: Train%/Test% | Accuracy: 93.50%/91.35% | Precision: 90.44%/83.43% | Recall: 71.19%/60.69% | F1: 77.07%/64.83% | Time: fit=001s, train=000s, test=000s, total=001s
Epoch  36: Train%/Test% | Accuracy: 93.31%/90.98% | Precision: 88.88%/79.25% | Recall: 71.09%/60.48% | F1: 76.67%/64.25% | Time: fit=001s, train=000s, test=000s, total=001s
Epoch  37: Train%/Test% | Accuracy: 93.03%/90.98% | Precision: 89.55%/79.25% | Recall: 68.90%/60.48% | F1: 74.70%/64.25% | Time: fit=001s, train=000s, test=000s, total=001s
Epoch  38: Train%/Test% | Accuracy: 93.40%/90.98% | Precision: 90.95%/79.25% | Recall: 70.33%/60.48% | F1: 76.34%/64.25% | Time: fit=001s, train=000s, test=000s, total=001s
Epoch  39: Train%/Test% | Accuracy: 93.31%/91.35% | Precision: 89.46%/83.43% | Recall: 70.68%/60.69% | F1: 76.41%/64.83% | Time: fit=001s, train=000s, test=000s, total=001s
Epoch  40: Train%/Test% | Accuracy: 93.21%/91.35% | Precision: 88.69%/83.43% | Recall: 70.63%/60.69% | F1: 76.21%/64.83% | Time: fit=001s, train=000s, test=000s, total=001s
Epoch  41: Train%/Test% | Accuracy: 93.31%/91.35% | Precision: 87.84%/83.43% | Recall: 71.90%/60.69% | F1: 77.18%/64.83% | Time: fit=001s, train=000s, test=000s, total=001s
Epoch  42: Train%/Test% | Accuracy: 93.87%/90.98% | Precision: 88.95%/77.90% | Recall: 74.65%/62.13% | F1: 79.76%/65.99% | Time: fit=001s, train=000s, test=000s, total=001s
Epoch  43: Train%/Test% | Accuracy: 93.87%/91.35% | Precision: 86.66%/79.59% | Recall: 77.09%/63.98% | F1: 80.94%/68.18% | Time: fit=001s, train=000s, test=000s, total=001s
Epoch  44: Train%/Test% | Accuracy: 93.97%/91.35% | Precision: 89.60%/81.09% | Recall: 74.70%/62.34% | F1: 79.97%/66.60% | Time: fit=001s, train=000s, test=000s, total=001s
Epoch  45: Train%/Test% | Accuracy: 93.97%/91.73% | Precision: 87.52%/82.64% | Recall: 76.74%/64.19% | F1: 80.96%/68.83% | Time: fit=001s, train=000s, test=000s, total=001s
Epoch  46: Train%/Test% | Accuracy: 94.34%/90.60% | Precision: 88.22%/74.80% | Recall: 78.57%/63.56% | F1: 82.49%/66.97% | Time: fit=001s, train=000s, test=000s, total=001s
Epoch  47: Train%/Test% | Accuracy: 94.16%/91.35% | Precision: 88.62%/79.59% | Recall: 76.84%/63.98% | F1: 81.37%/68.18% | Time: fit=001s, train=000s, test=000s, total=001s
Epoch  48: Train%/Test% | Accuracy: 94.25%/90.23% | Precision: 88.78%/72.88% | Recall: 77.30%/63.35% | F1: 81.76%/66.39% | Time: fit=001s, train=000s, test=000s, total=001s
Epoch  49: Train%/Test% | Accuracy: 93.87%/91.73% | Precision: 89.94%/82.64% | Recall: 73.84%/64.19% | F1: 79.33%/68.83% | Time: fit=001s, train=000s, test=000s, total=001s
Epoch  50: Train%/Test% | Accuracy: 93.87%/91.73% | Precision: 89.94%/82.64% | Recall: 73.84%/64.19% | F1: 79.33%/68.83% | Time: fit=001s, train=000s, test=000s, total=001s
Epoch  51: Train%/Test% | Accuracy: 94.16%/91.73% | Precision: 89.46%/82.64% | Recall: 76.03%/64.19% | F1: 80.99%/68.83% | Time: fit=001s, train=000s, test=000s, total=001s
Epoch  52: Train%/Test% | Accuracy: 94.16%/90.23% | Precision: 87.87%/72.97% | Recall: 77.65%/61.71% | F1: 81.73%/64.86% | Time: fit=001s, train=000s, test=000s, total=001s
Epoch  53: Train%/Test% | Accuracy: 94.06%/90.60% | Precision: 88.06%/75.90% | Recall: 76.79%/60.27% | F1: 81.16%/63.69% | Time: fit=001s, train=000s, test=000s, total=001s
Epoch  54: Train%/Test% | Accuracy: 94.25%/90.23% | Precision: 87.71%/72.97% | Recall: 78.52%/61.71% | F1: 82.28%/64.86% | Time: fit=001s, train=000s, test=000s, total=001s
Epoch  55: Train%/Test% | Accuracy: 94.34%/90.23% | Precision: 87.88%/72.97% | Recall: 78.98%/61.71% | F1: 82.66%/64.86% | Time: fit=001s, train=000s, test=000s, total=001s
Epoch  56: Train%/Test% | Accuracy: 94.06%/87.97% | Precision: 84.63%/65.86% | Recall: 82.07%/63.74% | F1: 83.28%/64.68% | Time: fit=001s, train=000s, test=000s, total=001s
Epoch  57: Train%/Test% | Accuracy: 94.16%/88.35% | Precision: 85.00%/66.77% | Recall: 82.12%/63.95% | F1: 83.48%/65.16% | Time: fit=001s, train=000s, test=000s, total=001s
Epoch  58: Train%/Test% | Accuracy: 93.69%/87.97% | Precision: 82.81%/65.86% | Recall: 83.08%/63.74% | F1: 82.94%/64.68% | Time: fit=001s, train=000s, test=000s, total=001s
Epoch  59: Train%/Test% | Accuracy: 93.97%/88.35% | Precision: 84.10%/67.32% | Recall: 82.42%/65.59% | F1: 83.23%/66.39% | Time: fit=001s, train=000s, test=000s, total=001s
Epoch  60: Train%/Test% | Accuracy: 93.69%/87.97% | Precision: 83.07%/66.47% | Recall: 82.26%/65.38% | F1: 82.66%/65.90% | Time: fit=001s, train=000s, test=000s, total=001s
Epoch  61: Train%/Test% | Accuracy: 93.97%/88.72% | Precision: 84.82%/67.76% | Recall: 80.80%/64.16% | F1: 82.65%/65.65% | Time: fit=001s, train=000s, test=000s, total=001s
Epoch  62: Train%/Test% | Accuracy: 93.59%/88.72% | Precision: 82.75%/68.24% | Recall: 82.21%/65.80% | F1: 82.48%/66.89% | Time: fit=001s, train=000s, test=000s, total=001s
Epoch  63: Train%/Test% | Accuracy: 93.40%/87.59% | Precision: 82.11%/65.03% | Recall: 82.11%/63.53% | F1: 82.11%/64.22% | Time: fit=001s, train=000s, test=000s, total=001s
Epoch  64: Train%/Test% | Accuracy: 93.59%/87.59% | Precision: 82.17%/66.28% | Recall: 84.24%/66.81% | F1: 83.16%/66.54% | Time: fit=001s, train=000s, test=000s, total=001s
Epoch  65: Train%/Test% | Accuracy: 93.21%/87.59% | Precision: 81.13%/66.28% | Recall: 83.63%/66.81% | F1: 82.31%/66.54% | Time: fit=001s, train=000s, test=000s, total=001s
Epoch  66: Train%/Test% | Accuracy: 93.87%/87.22% | Precision: 83.19%/64.27% | Recall: 83.99%/63.32% | F1: 83.58%/63.77% | Time: fit=001s, train=000s, test=000s, total=001s
Epoch  67: Train%/Test% | Accuracy: 93.69%/87.59% | Precision: 82.81%/65.03% | Recall: 83.08%/63.53% | F1: 82.94%/64.22% | Time: fit=001s, train=000s, test=000s, total=001s
Epoch  68: Train%/Test% | Accuracy: 93.78%/88.72% | Precision: 84.06%/67.76% | Recall: 80.69%/64.16% | F1: 82.26%/65.65% | Time: fit=001s, train=000s, test=000s, total=001s
Epoch  69: Train%/Test% | Accuracy: 93.97%/89.47% | Precision: 84.82%/70.04% | Recall: 80.80%/64.57% | F1: 82.65%/66.68% | Time: fit=001s, train=000s, test=000s, total=001s
Epoch  70: Train%/Test% | Accuracy: 94.06%/89.47% | Precision: 85.01%/70.04% | Recall: 81.26%/64.57% | F1: 82.99%/66.68% | Time: fit=001s, train=000s, test=000s, total=001s
Epoch  71: Train%/Test% | Accuracy: 94.25%/90.60% | Precision: 86.03%/74.52% | Recall: 80.95%/65.20% | F1: 83.24%/68.37% | Time: fit=001s, train=000s, test=000s, total=001s
Epoch  72: Train%/Test% | Accuracy: 94.34%/90.23% | Precision: 85.98%/72.86% | Recall: 81.82%/64.99% | F1: 83.73%/67.79% | Time: fit=001s, train=000s, test=000s, total=001s
Epoch  73: Train%/Test% | Accuracy: 94.06%/89.85% | Precision: 85.01%/71.37% | Recall: 81.26%/64.78% | F1: 82.99%/67.23% | Time: fit=001s, train=000s, test=000s, total=001s
Epoch  74: Train%/Test% | Accuracy: 94.34%/87.97% | Precision: 85.55%/65.86% | Recall: 82.63%/63.74% | F1: 84.01%/64.68% | Time: fit=001s, train=000s, test=000s, total=001s
Epoch  75: Train%/Test% | Accuracy: 94.06%/89.47% | Precision: 85.01%/70.04% | Recall: 81.26%/64.57% | F1: 82.99%/66.68% | Time: fit=001s, train=000s, test=000s, total=001s
Epoch  76: Train%/Test% | Accuracy: 94.34%/89.85% | Precision: 86.21%/71.37% | Recall: 81.41%/64.78% | F1: 83.59%/67.23% | Time: fit=001s, train=000s, test=000s, total=001s
Epoch  77: Train%/Test% | Accuracy: 94.16%/88.72% | Precision: 85.19%/67.76% | Recall: 81.71%/64.16% | F1: 83.33%/65.65% | Time: fit=001s, train=000s, test=000s, total=001s
Epoch  78: Train%/Test% | Accuracy: 94.06%/89.10% | Precision: 85.01%/68.84% | Recall: 81.26%/64.37% | F1: 82.99%/66.16% | Time: fit=001s, train=000s, test=000s, total=001s
Epoch  79: Train%/Test% | Accuracy: 94.06%/88.72% | Precision: 84.63%/68.24% | Recall: 82.07%/65.80% | F1: 83.28%/66.89% | Time: fit=001s, train=000s, test=000s, total=001s
Epoch  80: Train%/Test% | Accuracy: 93.97%/87.97% | Precision: 84.26%/66.47% | Recall: 82.02%/65.38% | F1: 83.09%/65.90% | Time: fit=001s, train=000s, test=000s, total=001s
Epoch  81: Train%/Test% | Accuracy: 93.69%/87.59% | Precision: 82.57%/66.28% | Recall: 83.89%/66.81% | F1: 83.21%/66.54% | Time: fit=001s, train=000s, test=000s, total=001s
Epoch  82: Train%/Test% | Accuracy: 93.97%/87.59% | Precision: 83.94%/65.03% | Recall: 82.83%/63.53% | F1: 83.37%/64.22% | Time: fit=001s, train=000s, test=000s, total=001s
Epoch  83: Train%/Test% | Accuracy: 93.78%/86.47% | Precision: 82.55%/63.65% | Recall: 85.16%/64.54% | F1: 83.78%/64.08% | Time: fit=001s, train=000s, test=000s, total=001s
Epoch  84: Train%/Test% | Accuracy: 93.78%/87.59% | Precision: 82.76%/65.69% | Recall: 84.35%/65.17% | F1: 83.53%/65.42% | Time: fit=001s, train=000s, test=000s, total=001s
Epoch  85: Train%/Test% | Accuracy: 94.06%/88.35% | Precision: 83.97%/67.32% | Recall: 83.69%/65.59% | F1: 83.83%/66.39% | Time: fit=001s, train=000s, test=000s, total=001s
Epoch  86: Train%/Test% | Accuracy: 94.16%/87.22% | Precision: 84.46%/64.27% | Recall: 83.34%/63.32% | F1: 83.89%/63.77% | Time: fit=001s, train=000s, test=000s, total=001s
Epoch  87: Train%/Test% | Accuracy: 94.16%/87.59% | Precision: 84.46%/65.03% | Recall: 83.34%/63.53% | F1: 83.89%/64.22% | Time: fit=001s, train=000s, test=000s, total=001s
Epoch  88: Train%/Test% | Accuracy: 94.06%/88.35% | Precision: 84.45%/66.77% | Recall: 82.47%/63.95% | F1: 83.42%/65.16% | Time: fit=001s, train=000s, test=000s, total=001s
Epoch  89: Train%/Test% | Accuracy: 94.25%/88.35% | Precision: 85.18%/66.77% | Recall: 82.58%/63.95% | F1: 83.81%/65.16% | Time: fit=001s, train=000s, test=000s, total=001s
Epoch  90: Train%/Test% | Accuracy: 94.34%/88.72% | Precision: 85.55%/67.76% | Recall: 82.63%/64.16% | F1: 84.01%/65.65% | Time: fit=001s, train=000s, test=000s, total=001s
Epoch  91: Train%/Test% | Accuracy: 94.34%/89.47% | Precision: 85.55%/70.04% | Recall: 82.63%/64.57% | F1: 84.01%/66.68% | Time: fit=001s, train=000s, test=000s, total=001s
Epoch  92: Train%/Test% | Accuracy: 94.44%/89.85% | Precision: 85.73%/71.37% | Recall: 83.09%/64.78% | F1: 84.34%/67.23% | Time: fit=001s, train=000s, test=000s, total=001s
Epoch  93: Train%/Test% | Accuracy: 93.78%/87.22% | Precision: 82.55%/64.96% | Recall: 85.16%/64.96% | F1: 83.78%/64.96% | Time: fit=001s, train=000s, test=000s, total=001s
Epoch  94: Train%/Test% | Accuracy: 93.40%/85.34% | Precision: 81.09%/63.41% | Recall: 86.98%/67.20% | F1: 83.68%/64.89% | Time: fit=001s, train=000s, test=000s, total=001s
Epoch  95: Train%/Test% | Accuracy: 93.40%/86.47% | Precision: 81.09%/64.96% | Recall: 86.98%/67.83% | F1: 83.68%/66.19% | Time: fit=001s, train=000s, test=000s, total=001s
Epoch  96: Train%/Test% | Accuracy: 93.31%/86.09% | Precision: 80.97%/63.77% | Recall: 86.12%/65.98% | F1: 83.26%/64.73% | Time: fit=001s, train=000s, test=000s, total=001s
Epoch  97: Train%/Test% | Accuracy: 93.59%/86.47% | Precision: 81.66%/64.34% | Recall: 86.68%/66.19% | F1: 83.91%/65.17% | Time: fit=001s, train=000s, test=000s, total=001s
Epoch  98: Train%/Test% | Accuracy: 93.87%/86.47% | Precision: 82.54%/64.34% | Recall: 86.43%/66.19% | F1: 84.33%/65.17% | Time: fit=001s, train=000s, test=000s, total=001s
Epoch  99: Train%/Test% | Accuracy: 93.59%/86.84% | Precision: 81.98%/65.54% | Recall: 85.06%/68.04% | F1: 83.42%/66.64% | Time: fit=001s, train=000s, test=000s, total=001s
Epoch 100: Train%/Test% | Accuracy: 93.59%/86.84% | Precision: 81.89%/65.54% | Recall: 85.46%/68.04% | F1: 83.55%/66.64% | Time: fit=001s, train=000s, test=000s, total=001s
Epoch 101: Train%/Test% | Accuracy: 93.78%/86.47% | Precision: 82.55%/64.34% | Recall: 85.16%/66.19% | F1: 83.78%/65.17% | Time: fit=001s, train=000s, test=000s, total=001s
Epoch 102: Train%/Test% | Accuracy: 93.97%/86.47% | Precision: 83.13%/63.65% | Recall: 85.27%/64.54% | F1: 84.15%/64.08% | Time: fit=001s, train=000s, test=000s, total=001s
Epoch 103: Train%/Test% | Accuracy: 94.25%/86.47% | Precision: 83.79%/62.90% | Recall: 86.24%/62.90% | F1: 84.95%/62.90% | Time: fit=001s, train=000s, test=000s, total=001s
Epoch 104: Train%/Test% | Accuracy: 94.25%/86.84% | Precision: 83.45%/64.94% | Recall: 87.45%/66.40% | F1: 85.30%/65.61% | Time: fit=001s, train=000s, test=000s, total=001s
Epoch 105: Train%/Test% | Accuracy: 93.87%/86.09% | Precision: 82.45%/63.77% | Recall: 86.84%/65.98% | F1: 84.45%/64.73% | Time: fit=001s, train=000s, test=000s, total=001s
Epoch 106: Train%/Test% | Accuracy: 94.72%/87.22% | Precision: 86.45%/64.27% | Recall: 84.06%/63.32% | F1: 85.20%/63.77% | Time: fit=001s, train=000s, test=000s, total=001s
Epoch 107: Train%/Test% | Accuracy: 94.72%/86.84% | Precision: 86.45%/63.56% | Recall: 84.06%/63.11% | F1: 85.20%/63.33% | Time: fit=001s, train=000s, test=000s, total=001s
Epoch 108: Train%/Test% | Accuracy: 93.97%/86.47% | Precision: 83.02%/64.34% | Recall: 85.67%/66.19% | F1: 84.28%/65.17% | Time: fit=001s, train=000s, test=000s, total=001s
Epoch 109: Train%/Test% | Accuracy: 93.59%/86.47% | Precision: 81.81%/64.34% | Recall: 85.87%/66.19% | F1: 83.67%/65.17% | Time: fit=001s, train=000s, test=000s, total=001s
Epoch 110: Train%/Test% | Accuracy: 94.53%/86.84% | Precision: 85.34%/63.56% | Recall: 84.77%/63.11% | F1: 85.05%/63.33% | Time: fit=001s, train=000s, test=000s, total=001s
Epoch 111: Train%/Test% | Accuracy: 94.06%/86.47% | Precision: 83.43%/62.90% | Recall: 85.32%/62.90% | F1: 84.34%/62.90% | Time: fit=001s, train=000s, test=000s, total=001s
Epoch 112: Train%/Test% | Accuracy: 94.06%/86.84% | Precision: 82.99%/65.54% | Recall: 86.94%/68.04% | F1: 84.81%/66.64% | Time: fit=001s, train=000s, test=000s, total=001s
Epoch 113: Train%/Test% | Accuracy: 93.31%/86.47% | Precision: 80.80%/64.96% | Recall: 87.33%/67.83% | F1: 83.62%/66.19% | Time: fit=001s, train=000s, test=000s, total=001s
Epoch 114: Train%/Test% | Accuracy: 93.59%/86.84% | Precision: 81.59%/65.54% | Recall: 87.09%/68.04% | F1: 84.03%/66.64% | Time: fit=001s, train=000s, test=000s, total=001s
Epoch 115: Train%/Test% | Accuracy: 93.50%/87.22% | Precision: 81.34%/66.16% | Recall: 87.03%/68.25% | F1: 83.85%/67.10% | Time: fit=001s, train=000s, test=000s, total=001s
Epoch 116: Train%/Test% | Accuracy: 93.40%/86.84% | Precision: 81.15%/65.54% | Recall: 86.57%/68.04% | F1: 83.56%/66.64% | Time: fit=001s, train=000s, test=000s, total=001s
Epoch 117: Train%/Test% | Accuracy: 93.50%/86.09% | Precision: 81.11%/65.01% | Recall: 88.66%/69.26% | F1: 84.30%/66.69% | Time: fit=001s, train=000s, test=000s, total=001s
Epoch 118: Train%/Test% | Accuracy: 94.44%/88.35% | Precision: 84.14%/68.28% | Recall: 87.15%/68.87% | F1: 85.56%/68.57% | Time: fit=001s, train=000s, test=000s, total=001s
Epoch 119: Train%/Test% | Accuracy: 94.53%/87.22% | Precision: 84.71%/65.59% | Recall: 86.39%/66.60% | F1: 85.53%/66.07% | Time: fit=001s, train=000s, test=000s, total=001s
Epoch 120: Train%/Test% | Accuracy: 93.97%/87.97% | Precision: 82.91%/67.53% | Recall: 86.08%/68.67% | F1: 84.40%/68.07% | Time: fit=001s, train=000s, test=000s, total=001s
Epoch 121: Train%/Test% | Accuracy: 94.25%/87.22% | Precision: 83.67%/65.59% | Recall: 86.64%/66.60% | F1: 85.07%/66.07% | Time: fit=001s, train=000s, test=000s, total=001s
Epoch 122: Train%/Test% | Accuracy: 94.25%/86.47% | Precision: 83.56%/64.34% | Recall: 87.05%/66.19% | F1: 85.18%/65.17% | Time: fit=001s, train=000s, test=000s, total=001s
Epoch 123: Train%/Test% | Accuracy: 94.63%/88.35% | Precision: 85.18%/67.82% | Recall: 86.04%/67.23% | F1: 85.60%/67.52% | Time: fit=001s, train=000s, test=000s, total=001s
Epoch 124: Train%/Test% | Accuracy: 94.44%/86.84% | Precision: 84.14%/64.94% | Recall: 87.15%/66.40% | F1: 85.56%/65.61% | Time: fit=001s, train=000s, test=000s, total=001s
Epoch 125: Train%/Test% | Accuracy: 93.31%/86.84% | Precision: 80.75%/65.54% | Recall: 87.74%/68.04% | F1: 83.73%/66.64% | Time: fit=001s, train=000s, test=000s, total=001s
Epoch 126: Train%/Test% | Accuracy: 93.59%/86.84% | Precision: 81.59%/65.54% | Recall: 87.09%/68.04% | F1: 84.03%/66.64% | Time: fit=001s, train=000s, test=000s, total=001s
Epoch 127: Train%/Test% | Accuracy: 93.69%/86.09% | Precision: 81.58%/64.41% | Recall: 88.76%/67.62% | F1: 84.65%/65.74% | Time: fit=001s, train=000s, test=000s, total=001s
Epoch 128: Train%/Test% | Accuracy: 93.69%/86.47% | Precision: 81.77%/64.96% | Recall: 87.54%/67.83% | F1: 84.32%/66.19% | Time: fit=001s, train=000s, test=000s, total=001s
Epoch 129: Train%/Test% | Accuracy: 93.40%/86.09% | Precision: 81.03%/64.41% | Recall: 87.39%/67.62% | F1: 83.79%/65.74% | Time: fit=001s, train=000s, test=000s, total=001s
Epoch 130: Train%/Test% | Accuracy: 93.21%/84.21% | Precision: 80.52%/62.08% | Recall: 87.69%/66.57% | F1: 83.56%/63.68% | Time: fit=001s, train=000s, test=000s, total=001s
Epoch 131: Train%/Test% | Accuracy: 93.50%/86.09% | Precision: 81.28%/63.77% | Recall: 87.44%/65.98% | F1: 83.97%/64.73% | Time: fit=001s, train=000s, test=000s, total=001s
Epoch 132: Train%/Test% | Accuracy: 93.03%/86.09% | Precision: 80.00%/64.41% | Recall: 88.40%/67.62% | F1: 83.45%/65.74% | Time: fit=001s, train=000s, test=000s, total=001s
Epoch 133: Train%/Test% | Accuracy: 92.27%/84.21% | Precision: 78.38%/62.08% | Recall: 87.16%/66.57% | F1: 81.91%/63.68% | Time: fit=001s, train=000s, test=000s, total=001s
Epoch 134: Train%/Test% | Accuracy: 91.80%/82.71% | Precision: 77.48%/60.59% | Recall: 89.34%/65.74% | F1: 81.83%/62.16% | Time: fit=001s, train=000s, test=000s, total=001s
Epoch 135: Train%/Test% | Accuracy: 92.74%/84.59% | Precision: 79.33%/62.50% | Recall: 89.05%/66.78% | F1: 83.18%/64.07% | Time: fit=001s, train=000s, test=000s, total=001s
Epoch 136: Train%/Test% | Accuracy: 92.74%/86.09% | Precision: 79.41%/64.41% | Recall: 87.43%/67.62% | F1: 82.72%/65.74% | Time: fit=001s, train=000s, test=000s, total=001s
Epoch 137: Train%/Test% | Accuracy: 93.03%/86.47% | Precision: 80.06%/64.96% | Recall: 87.58%/67.83% | F1: 83.22%/66.19% | Time: fit=001s, train=000s, test=000s, total=001s
Epoch 138: Train%/Test% | Accuracy: 93.03%/86.09% | Precision: 80.03%/64.41% | Recall: 87.99%/67.62% | F1: 83.34%/65.74% | Time: fit=001s, train=000s, test=000s, total=001s
Epoch 139: Train%/Test% | Accuracy: 93.03%/86.09% | Precision: 80.00%/65.01% | Recall: 88.40%/69.26% | F1: 83.45%/66.69% | Time: fit=001s, train=000s, test=000s, total=001s
Epoch 140: Train%/Test% | Accuracy: 93.40%/86.09% | Precision: 80.93%/64.41% | Recall: 88.20%/67.62% | F1: 84.02%/65.74% | Time: fit=001s, train=000s, test=000s, total=001s
Epoch 141: Train%/Test% | Accuracy: 93.21%/87.22% | Precision: 80.47%/66.69% | Recall: 88.09%/69.89% | F1: 83.68%/68.06% | Time: fit=001s, train=000s, test=000s, total=001s
Epoch 142: Train%/Test% | Accuracy: 93.50%/86.47% | Precision: 81.16%/64.96% | Recall: 88.25%/67.83% | F1: 84.19%/66.19% | Time: fit=001s, train=000s, test=000s, total=001s
Epoch 143: Train%/Test% | Accuracy: 93.50%/86.47% | Precision: 81.22%/64.96% | Recall: 87.85%/67.83% | F1: 84.08%/66.19% | Time: fit=001s, train=000s, test=000s, total=001s
Epoch 144: Train%/Test% | Accuracy: 92.84%/84.59% | Precision: 79.53%/63.15% | Recall: 89.10%/68.43% | F1: 83.34%/64.99% | Time: fit=001s, train=000s, test=000s, total=001s
Epoch 145: Train%/Test% | Accuracy: 93.59%/87.22% | Precision: 81.40%/66.69% | Recall: 88.30%/69.89% | F1: 84.37%/68.06% | Time: fit=001s, train=000s, test=000s, total=001s
Epoch 146: Train%/Test% | Accuracy: 93.59%/87.59% | Precision: 81.40%/67.32% | Recall: 88.30%/70.10% | F1: 84.37%/68.55% | Time: fit=001s, train=000s, test=000s, total=001s
Epoch 147: Train%/Test% | Accuracy: 93.50%/87.22% | Precision: 81.22%/66.69% | Recall: 87.85%/69.89% | F1: 84.08%/68.06% | Time: fit=001s, train=000s, test=000s, total=001s
Epoch 148: Train%/Test% | Accuracy: 94.63%/87.22% | Precision: 84.88%/65.59% | Recall: 86.85%/66.60% | F1: 85.83%/66.07% | Time: fit=001s, train=000s, test=000s, total=001s
Epoch 149: Train%/Test% | Accuracy: 94.72%/87.97% | Precision: 85.05%/67.53% | Recall: 87.31%/68.67% | F1: 86.13%/68.07% | Time: fit=001s, train=000s, test=000s, total=001s
Epoch 150: Train%/Test% | Accuracy: 94.44%/88.35% | Precision: 85.17%/66.77% | Recall: 84.31%/63.95% | F1: 84.73%/65.16% | Time: fit=001s, train=000s, test=000s, total=001s
