[nltk_data] Downloading package wordnet to /home/bjorvl16/nltk_data...
[nltk_data]   Package wordnet is already up-to-date!
[nltk_data] Downloading package stopwords to
[nltk_data]     /home/bjorvl16/nltk_data...
[nltk_data]   Package stopwords is already up-to-date!
[*] Load dataset...
[*] Fix malformed data...
[*] Split...
[*] Encoding...
[*] Encoding feature: domain... 38
==============================
Using GPU for training
Dataset: FakeNewsNet-gossipcop
TMU params: num-clauses=5000, T=200, s=15.0
Epochs: 150
Feature(s): domain
max-vocab=15000, max-domain=500, max-tweet=500
====================
Train size: 17712
Train classes: 2
Test size: 4428
Test classes: 2
Total features: 38
==============================
[*] Training for 150 epochs...
Epoch   1: Train%/Test% | Accuracy: 82.07%/82.59% | Precision: 80.13%/81.54% | Recall: 66.20%/66.97% | F1: 68.99%/69.96% | Time: fit=034s, train=009s, test=002s, total=046s
Epoch   2: Train%/Test% | Accuracy: 82.72%/82.79% | Precision: 83.76%/83.66% | Recall: 66.10%/66.44% | F1: 69.14%/69.52% | Time: fit=047s, train=009s, test=002s, total=059s
Epoch   3: Train%/Test% | Accuracy: 82.86%/82.97% | Precision: 83.48%/83.54% | Recall: 66.60%/66.97% | F1: 69.71%/70.12% | Time: fit=047s, train=009s, test=002s, total=059s
Epoch   4: Train%/Test% | Accuracy: 83.10%/83.27% | Precision: 84.40%/84.80% | Recall: 66.81%/67.16% | F1: 70.01%/70.44% | Time: fit=047s, train=009s, test=002s, total=059s
Epoch   5: Train%/Test% | Accuracy: 82.98%/82.95% | Precision: 83.15%/83.12% | Recall: 67.08%/67.12% | F1: 70.23%/70.25% | Time: fit=047s, train=009s, test=002s, total=059s
Epoch   6: Train%/Test% | Accuracy: 82.72%/82.81% | Precision: 85.35%/85.44% | Recall: 65.48%/65.78% | F1: 68.49%/68.85% | Time: fit=047s, train=009s, test=002s, total=059s
Epoch   7: Train%/Test% | Accuracy: 82.65%/82.81% | Precision: 85.06%/85.26% | Recall: 65.40%/65.84% | F1: 68.38%/68.91% | Time: fit=047s, train=009s, test=002s, total=059s
Epoch   8: Train%/Test% | Accuracy: 83.19%/83.11% | Precision: 83.70%/83.50% | Recall: 67.35%/67.35% | F1: 70.57%/70.54% | Time: fit=047s, train=009s, test=002s, total=059s
Epoch   9: Train%/Test% | Accuracy: 83.10%/83.08% | Precision: 83.15%/82.98% | Recall: 67.40%/67.56% | F1: 70.58%/70.73% | Time: fit=047s, train=009s, test=002s, total=059s
Epoch  10: Train%/Test% | Accuracy: 83.13%/83.06% | Precision: 83.13%/82.89% | Recall: 67.49%/67.54% | F1: 70.68%/70.70% | Time: fit=048s, train=009s, test=002s, total=059s
Epoch  11: Train%/Test% | Accuracy: 83.03%/82.90% | Precision: 83.75%/83.19% | Recall: 66.92%/66.96% | F1: 70.09%/70.08% | Time: fit=047s, train=009s, test=002s, total=059s
Epoch  12: Train%/Test% | Accuracy: 83.11%/82.90% | Precision: 83.67%/83.00% | Recall: 67.15%/67.05% | F1: 70.35%/70.17% | Time: fit=047s, train=009s, test=002s, total=059s
Epoch  13: Train%/Test% | Accuracy: 82.71%/82.68% | Precision: 81.18%/81.06% | Recall: 67.43%/67.54% | F1: 70.43%/70.53% | Time: fit=047s, train=009s, test=002s, total=059s
Epoch  14: Train%/Test% | Accuracy: 83.15%/83.02% | Precision: 83.11%/82.72% | Recall: 67.56%/67.51% | F1: 70.76%/70.66% | Time: fit=047s, train=009s, test=002s, total=059s
Epoch  15: Train%/Test% | Accuracy: 83.06%/82.99% | Precision: 82.52%/82.14% | Recall: 67.64%/67.78% | F1: 70.78%/70.90% | Time: fit=047s, train=009s, test=002s, total=059s
Epoch  16: Train%/Test% | Accuracy: 83.20%/83.04% | Precision: 83.62%/83.17% | Recall: 67.42%/67.33% | F1: 70.65%/70.50% | Time: fit=047s, train=009s, test=002s, total=059s
Epoch  17: Train%/Test% | Accuracy: 83.20%/83.27% | Precision: 83.31%/83.45% | Recall: 67.60%/67.80% | F1: 70.81%/71.04% | Time: fit=047s, train=009s, test=002s, total=059s
Epoch  18: Train%/Test% | Accuracy: 83.28%/83.27% | Precision: 83.71%/83.63% | Recall: 67.59%/67.71% | F1: 70.84%/70.95% | Time: fit=048s, train=009s, test=002s, total=059s
Epoch  19: Train%/Test% | Accuracy: 83.20%/83.29% | Precision: 83.28%/83.47% | Recall: 67.61%/67.85% | F1: 70.83%/71.09% | Time: fit=047s, train=009s, test=002s, total=059s
Epoch  20: Train%/Test% | Accuracy: 83.03%/83.02% | Precision: 82.44%/82.27% | Recall: 67.58%/67.77% | F1: 70.72%/70.89% | Time: fit=047s, train=009s, test=002s, total=059s
Epoch  21: Train%/Test% | Accuracy: 83.10%/83.13% | Precision: 81.85%/81.96% | Recall: 68.16%/68.29% | F1: 71.28%/71.41% | Time: fit=047s, train=009s, test=002s, total=059s
Epoch  22: Train%/Test% | Accuracy: 82.73%/82.90% | Precision: 80.85%/81.42% | Recall: 67.73%/67.98% | F1: 70.71%/71.03% | Time: fit=047s, train=009s, test=002s, total=059s
Epoch  23: Train%/Test% | Accuracy: 83.15%/83.29% | Precision: 82.71%/83.18% | Recall: 67.77%/68.01% | F1: 70.94%/71.24% | Time: fit=047s, train=009s, test=002s, total=059s
Epoch  24: Train%/Test% | Accuracy: 83.15%/83.27% | Precision: 83.43%/83.63% | Recall: 67.38%/67.71% | F1: 70.58%/70.95% | Time: fit=047s, train=009s, test=002s, total=059s
Epoch  25: Train%/Test% | Accuracy: 83.18%/83.22% | Precision: 83.62%/83.58% | Recall: 67.36%/67.61% | F1: 70.58%/70.84% | Time: fit=047s, train=009s, test=002s, total=059s
Epoch  26: Train%/Test% | Accuracy: 83.29%/83.18% | Precision: 83.48%/83.09% | Recall: 67.74%/67.74% | F1: 70.98%/70.94% | Time: fit=047s, train=009s, test=002s, total=059s
Epoch  27: Train%/Test% | Accuracy: 83.22%/83.15% | Precision: 82.94%/82.89% | Recall: 67.84%/67.79% | F1: 71.04%/70.98% | Time: fit=047s, train=009s, test=002s, total=059s
Epoch  28: Train%/Test% | Accuracy: 83.27%/83.22% | Precision: 82.41%/82.22% | Recall: 68.30%/68.38% | F1: 71.48%/71.54% | Time: fit=047s, train=009s, test=002s, total=059s
Epoch  29: Train%/Test% | Accuracy: 83.25%/83.08% | Precision: 82.75%/82.25% | Recall: 68.05%/67.97% | F1: 71.25%/71.11% | Time: fit=047s, train=009s, test=002s, total=059s
Epoch  30: Train%/Test% | Accuracy: 83.14%/82.86% | Precision: 82.37%/81.55% | Recall: 67.95%/67.76% | F1: 71.10%/70.81% | Time: fit=047s, train=009s, test=002s, total=059s
Epoch  31: Train%/Test% | Accuracy: 83.31%/83.18% | Precision: 82.66%/82.42% | Recall: 68.24%/68.13% | F1: 71.44%/71.29% | Time: fit=047s, train=009s, test=002s, total=059s
Epoch  32: Train%/Test% | Accuracy: 83.21%/82.93% | Precision: 82.12%/81.31% | Recall: 68.30%/68.12% | F1: 71.45%/71.17% | Time: fit=047s, train=009s, test=002s, total=059s
Epoch  33: Train%/Test% | Accuracy: 82.95%/82.95% | Precision: 81.44%/81.57% | Recall: 67.98%/68.01% | F1: 71.04%/71.08% | Time: fit=047s, train=009s, test=002s, total=059s
Epoch  34: Train%/Test% | Accuracy: 83.23%/82.95% | Precision: 81.77%/81.07% | Recall: 68.58%/68.36% | F1: 71.70%/71.38% | Time: fit=047s, train=009s, test=002s, total=059s
Epoch  35: Train%/Test% | Accuracy: 83.03%/82.59% | Precision: 80.23%/79.18% | Recall: 69.19%/68.80% | F1: 72.10%/71.56% | Time: fit=048s, train=009s, test=002s, total=059s
Epoch  36: Train%/Test% | Accuracy: 82.97%/82.70% | Precision: 80.78%/80.04% | Recall: 68.51%/68.39% | F1: 71.51%/71.28% | Time: fit=047s, train=009s, test=002s, total=059s
Epoch  37: Train%/Test% | Accuracy: 83.22%/83.13% | Precision: 82.75%/82.53% | Recall: 67.95%/67.94% | F1: 71.14%/71.10% | Time: fit=047s, train=009s, test=002s, total=059s
Epoch  38: Train%/Test% | Accuracy: 83.08%/82.93% | Precision: 81.61%/81.31% | Recall: 68.27%/68.12% | F1: 71.36%/71.17% | Time: fit=047s, train=009s, test=002s, total=059s
Epoch  39: Train%/Test% | Accuracy: 83.08%/82.99% | Precision: 82.27%/81.98% | Recall: 67.85%/67.88% | F1: 70.98%/70.98% | Time: fit=047s, train=009s, test=002s, total=059s
Epoch  40: Train%/Test% | Accuracy: 82.29%/82.14% | Precision: 78.19%/77.95% | Recall: 68.64%/68.50% | F1: 71.27%/71.09% | Time: fit=047s, train=009s, test=002s, total=059s
Epoch  41: Train%/Test% | Accuracy: 83.20%/82.88% | Precision: 82.51%/81.58% | Recall: 68.03%/67.81% | F1: 71.20%/70.86% | Time: fit=047s, train=009s, test=002s, total=059s
Epoch  42: Train%/Test% | Accuracy: 83.27%/83.11% | Precision: 82.91%/82.28% | Recall: 67.98%/68.02% | F1: 71.19%/71.16% | Time: fit=047s, train=009s, test=002s, total=059s
Epoch  43: Train%/Test% | Accuracy: 83.15%/82.99% | Precision: 82.95%/82.35% | Recall: 67.65%/67.66% | F1: 70.84%/70.78% | Time: fit=048s, train=009s, test=002s, total=059s
Epoch  44: Train%/Test% | Accuracy: 83.20%/83.20% | Precision: 83.49%/83.36% | Recall: 67.49%/67.66% | F1: 70.71%/70.88% | Time: fit=047s, train=009s, test=002s, total=059s
Epoch  45: Train%/Test% | Accuracy: 83.04%/82.84% | Precision: 82.61%/81.88% | Recall: 67.52%/67.49% | F1: 70.66%/70.55% | Time: fit=047s, train=009s, test=002s, total=059s
Epoch  46: Train%/Test% | Accuracy: 83.12%/82.84% | Precision: 82.49%/81.62% | Recall: 67.81%/67.65% | F1: 70.97%/70.70% | Time: fit=047s, train=009s, test=002s, total=059s
Epoch  47: Train%/Test% | Accuracy: 83.10%/82.90% | Precision: 82.00%/81.47% | Recall: 68.05%/67.95% | F1: 71.17%/71.00% | Time: fit=048s, train=009s, test=002s, total=060s
Epoch  48: Train%/Test% | Accuracy: 83.00%/83.04% | Precision: 82.38%/82.36% | Recall: 67.54%/67.78% | F1: 70.67%/70.91% | Time: fit=047s, train=009s, test=002s, total=059s
Epoch  49: Train%/Test% | Accuracy: 82.90%/82.79% | Precision: 81.97%/81.41% | Recall: 67.51%/67.65% | F1: 70.59%/70.68% | Time: fit=048s, train=009s, test=002s, total=059s
Epoch  50: Train%/Test% | Accuracy: 83.15%/83.02% | Precision: 81.89%/81.47% | Recall: 68.27%/68.28% | F1: 71.39%/71.35% | Time: fit=047s, train=009s, test=002s, total=059s
Epoch  51: Train%/Test% | Accuracy: 83.02%/82.99% | Precision: 81.62%/81.35% | Recall: 68.08%/68.30% | F1: 71.16%/71.35% | Time: fit=047s, train=009s, test=002s, total=059s
Epoch  52: Train%/Test% | Accuracy: 83.05%/82.86% | Precision: 81.44%/80.82% | Recall: 68.28%/68.27% | F1: 71.35%/71.26% | Time: fit=047s, train=009s, test=002s, total=059s
Epoch  53: Train%/Test% | Accuracy: 82.93%/82.77% | Precision: 81.22%/80.61% | Recall: 68.08%/68.15% | F1: 71.12%/71.11% | Time: fit=047s, train=009s, test=002s, total=059s
Epoch  54: Train%/Test% | Accuracy: 83.03%/82.88% | Precision: 81.57%/81.11% | Recall: 68.13%/68.13% | F1: 71.21%/71.15% | Time: fit=047s, train=009s, test=002s, total=059s
Epoch  55: Train%/Test% | Accuracy: 82.94%/83.06% | Precision: 82.03%/82.33% | Recall: 67.59%/67.86% | F1: 70.68%/71.00% | Time: fit=047s, train=009s, test=002s, total=059s
Epoch  56: Train%/Test% | Accuracy: 83.26%/83.06% | Precision: 83.02%/82.55% | Recall: 67.91%/67.73% | F1: 71.12%/70.88% | Time: fit=047s, train=009s, test=002s, total=059s
Epoch  57: Train%/Test% | Accuracy: 83.27%/83.13% | Precision: 83.01%/82.86% | Recall: 67.95%/67.75% | F1: 71.16%/70.92% | Time: fit=047s, train=009s, test=002s, total=059s
Epoch  58: Train%/Test% | Accuracy: 83.37%/83.29% | Precision: 82.26%/81.92% | Recall: 68.67%/68.78% | F1: 71.85%/71.91% | Time: fit=048s, train=009s, test=002s, total=059s
Epoch  59: Train%/Test% | Accuracy: 83.18%/83.06% | Precision: 81.00%/80.65% | Recall: 68.99%/69.04% | F1: 72.02%/72.02% | Time: fit=048s, train=009s, test=002s, total=060s
Epoch  60: Train%/Test% | Accuracy: 83.49%/83.38% | Precision: 82.48%/82.23% | Recall: 68.89%/68.84% | F1: 72.10%/72.01% | Time: fit=047s, train=009s, test=002s, total=059s
Epoch  61: Train%/Test% | Accuracy: 83.43%/83.29% | Precision: 82.86%/82.41% | Recall: 68.48%/68.46% | F1: 71.71%/71.64% | Time: fit=047s, train=009s, test=002s, total=059s
Epoch  62: Train%/Test% | Accuracy: 83.25%/83.33% | Precision: 82.67%/82.95% | Recall: 68.08%/68.26% | F1: 71.27%/71.49% | Time: fit=047s, train=009s, test=002s, total=059s
Epoch  63: Train%/Test% | Accuracy: 83.31%/83.33% | Precision: 82.37%/82.57% | Recall: 68.44%/68.49% | F1: 71.62%/71.69% | Time: fit=047s, train=009s, test=002s, total=059s
Epoch  64: Train%/Test% | Accuracy: 83.26%/83.18% | Precision: 81.40%/81.37% | Recall: 68.95%/68.83% | F1: 72.03%/71.90% | Time: fit=047s, train=009s, test=002s, total=059s
Epoch  65: Train%/Test% | Accuracy: 82.98%/82.84% | Precision: 81.04%/80.70% | Recall: 68.35%/68.29% | F1: 71.37%/71.26% | Time: fit=047s, train=009s, test=002s, total=059s
Epoch  66: Train%/Test% | Accuracy: 83.23%/82.88% | Precision: 82.04%/81.16% | Recall: 68.40%/68.09% | F1: 71.54%/71.12% | Time: fit=047s, train=009s, test=002s, total=059s
Epoch  67: Train%/Test% | Accuracy: 83.22%/82.79% | Precision: 81.77%/80.68% | Recall: 68.56%/68.16% | F1: 71.68%/71.13% | Time: fit=048s, train=009s, test=002s, total=060s
Epoch  68: Train%/Test% | Accuracy: 83.11%/82.81% | Precision: 80.98%/80.01% | Recall: 68.79%/68.79% | F1: 71.82%/71.67% | Time: fit=047s, train=009s, test=002s, total=059s
Epoch  69: Train%/Test% | Accuracy: 83.37%/83.13% | Precision: 82.02%/81.06% | Recall: 68.83%/68.93% | F1: 71.98%/71.96% | Time: fit=048s, train=009s, test=002s, total=059s
Epoch  70: Train%/Test% | Accuracy: 83.39%/83.27% | Precision: 83.45%/82.92% | Recall: 68.03%/68.09% | F1: 71.30%/71.30% | Time: fit=047s, train=009s, test=002s, total=059s
Epoch  71: Train%/Test% | Accuracy: 83.34%/83.20% | Precision: 82.93%/82.30% | Recall: 68.19%/68.27% | F1: 71.42%/71.43% | Time: fit=047s, train=009s, test=002s, total=059s
Epoch  72: Train%/Test% | Accuracy: 83.41%/83.24% | Precision: 83.07%/82.46% | Recall: 68.30%/68.30% | F1: 71.55%/71.48% | Time: fit=047s, train=009s, test=002s, total=059s
Epoch  73: Train%/Test% | Accuracy: 83.46%/83.45% | Precision: 82.71%/82.41% | Recall: 68.66%/68.91% | F1: 71.89%/72.11% | Time: fit=047s, train=009s, test=002s, total=059s
Epoch  74: Train%/Test% | Accuracy: 83.24%/83.18% | Precision: 81.77%/81.50% | Recall: 68.61%/68.74% | F1: 71.73%/71.82% | Time: fit=047s, train=009s, test=002s, total=059s
Epoch  75: Train%/Test% | Accuracy: 83.34%/83.24% | Precision: 82.97%/82.51% | Recall: 68.17%/68.27% | F1: 71.40%/71.45% | Time: fit=047s, train=009s, test=002s, total=059s
Epoch  76: Train%/Test% | Accuracy: 83.41%/83.33% | Precision: 83.57%/83.17% | Recall: 68.01%/68.14% | F1: 71.29%/71.38% | Time: fit=047s, train=009s, test=002s, total=059s
Epoch  77: Train%/Test% | Accuracy: 83.28%/83.13% | Precision: 82.81%/82.31% | Recall: 68.09%/68.07% | F1: 71.30%/71.21% | Time: fit=047s, train=009s, test=002s, total=059s
Epoch  78: Train%/Test% | Accuracy: 83.07%/82.99% | Precision: 82.91%/82.69% | Recall: 67.43%/67.46% | F1: 70.60%/70.60% | Time: fit=047s, train=009s, test=002s, total=059s
Epoch  79: Train%/Test% | Accuracy: 83.12%/82.99% | Precision: 83.17%/82.63% | Recall: 67.46%/67.50% | F1: 70.64%/70.63% | Time: fit=047s, train=009s, test=002s, total=059s
Epoch  80: Train%/Test% | Accuracy: 83.40%/83.29% | Precision: 83.42%/83.18% | Recall: 68.08%/68.01% | F1: 71.35%/71.24% | Time: fit=047s, train=009s, test=002s, total=059s
Epoch  81: Train%/Test% | Accuracy: 83.39%/83.36% | Precision: 82.93%/82.60% | Recall: 68.32%/68.53% | F1: 71.56%/71.74% | Time: fit=047s, train=009s, test=002s, total=059s
Epoch  82: Train%/Test% | Accuracy: 83.42%/83.42% | Precision: 83.29%/82.89% | Recall: 68.19%/68.55% | F1: 71.46%/71.78% | Time: fit=047s, train=009s, test=002s, total=059s
Epoch  83: Train%/Test% | Accuracy: 83.43%/83.38% | Precision: 83.01%/82.63% | Recall: 68.40%/68.58% | F1: 71.65%/71.79% | Time: fit=047s, train=009s, test=002s, total=059s
Epoch  84: Train%/Test% | Accuracy: 83.37%/83.45% | Precision: 82.83%/82.76% | Recall: 68.31%/68.69% | F1: 71.54%/71.92% | Time: fit=047s, train=009s, test=002s, total=059s
Epoch  85: Train%/Test% | Accuracy: 83.35%/83.08% | Precision: 82.09%/81.21% | Recall: 68.73%/68.68% | F1: 71.89%/71.72% | Time: fit=048s, train=009s, test=002s, total=059s
Epoch  86: Train%/Test% | Accuracy: 83.27%/82.99% | Precision: 81.79%/80.96% | Recall: 68.70%/68.58% | F1: 71.83%/71.60% | Time: fit=047s, train=009s, test=002s, total=059s
Epoch  87: Train%/Test% | Accuracy: 83.37%/83.11% | Precision: 82.12%/81.28% | Recall: 68.78%/68.69% | F1: 71.94%/71.74% | Time: fit=047s, train=009s, test=002s, total=059s
Epoch  88: Train%/Test% | Accuracy: 83.01%/82.72% | Precision: 81.36%/80.67% | Recall: 68.22%/67.96% | F1: 71.28%/70.92% | Time: fit=047s, train=009s, test=002s, total=059s
Epoch  89: Train%/Test% | Accuracy: 82.96%/82.45% | Precision: 80.89%/79.61% | Recall: 68.39%/67.94% | F1: 71.40%/70.78% | Time: fit=047s, train=009s, test=002s, total=059s
Epoch  90: Train%/Test% | Accuracy: 83.21%/82.90% | Precision: 81.90%/80.88% | Recall: 68.46%/68.36% | F1: 71.59%/71.36% | Time: fit=047s, train=009s, test=002s, total=059s
Epoch  91: Train%/Test% | Accuracy: 83.43%/83.42% | Precision: 83.36%/83.06% | Recall: 68.19%/68.45% | F1: 71.46%/71.70% | Time: fit=048s, train=009s, test=002s, total=060s
Epoch  92: Train%/Test% | Accuracy: 83.00%/82.84% | Precision: 80.87%/80.42% | Recall: 68.55%/68.51% | F1: 71.56%/71.46% | Time: fit=048s, train=009s, test=002s, total=059s
Epoch  93: Train%/Test% | Accuracy: 83.16%/83.08% | Precision: 81.47%/81.38% | Recall: 68.59%/68.55% | F1: 71.67%/71.61% | Time: fit=048s, train=009s, test=002s, total=060s
Epoch  94: Train%/Test% | Accuracy: 83.02%/82.79% | Precision: 80.81%/80.43% | Recall: 68.65%/68.35% | F1: 71.65%/71.30% | Time: fit=047s, train=009s, test=002s, total=059s
Epoch  95: Train%/Test% | Accuracy: 83.24%/82.97% | Precision: 81.67%/81.01% | Recall: 68.70%/68.47% | F1: 71.81%/71.49% | Time: fit=047s, train=009s, test=002s, total=059s
Epoch  96: Train%/Test% | Accuracy: 83.08%/82.99% | Precision: 81.17%/81.04% | Recall: 68.57%/68.52% | F1: 71.61%/71.54% | Time: fit=047s, train=009s, test=002s, total=059s
Epoch  97: Train%/Test% | Accuracy: 83.19%/83.18% | Precision: 81.38%/81.33% | Recall: 68.74%/68.86% | F1: 71.82%/71.93% | Time: fit=047s, train=009s, test=002s, total=059s
Epoch  98: Train%/Test% | Accuracy: 83.13%/82.99% | Precision: 81.65%/81.13% | Recall: 68.37%/68.46% | F1: 71.47%/71.49% | Time: fit=047s, train=009s, test=002s, total=059s
Epoch  99: Train%/Test% | Accuracy: 83.20%/83.04% | Precision: 82.01%/81.50% | Recall: 68.34%/68.33% | F1: 71.48%/71.40% | Time: fit=047s, train=009s, test=002s, total=059s
Epoch 100: Train%/Test% | Accuracy: 83.14%/83.04% | Precision: 81.63%/81.41% | Recall: 68.41%/68.39% | F1: 71.51%/71.45% | Time: fit=047s, train=009s, test=002s, total=059s
Epoch 101: Train%/Test% | Accuracy: 83.12%/82.95% | Precision: 81.47%/80.94% | Recall: 68.48%/68.46% | F1: 71.56%/71.47% | Time: fit=047s, train=009s, test=002s, total=059s
Epoch 102: Train%/Test% | Accuracy: 83.13%/82.95% | Precision: 82.13%/81.67% | Recall: 68.06%/67.95% | F1: 71.20%/71.02% | Time: fit=047s, train=009s, test=002s, total=059s
Epoch 103: Train%/Test% | Accuracy: 83.24%/83.13% | Precision: 82.75%/82.53% | Recall: 68.02%/67.94% | F1: 71.21%/71.10% | Time: fit=047s, train=009s, test=002s, total=059s
Epoch 104: Train%/Test% | Accuracy: 82.84%/82.66% | Precision: 80.39%/80.05% | Recall: 68.41%/68.23% | F1: 71.35%/71.13% | Time: fit=047s, train=009s, test=002s, total=059s
Epoch 105: Train%/Test% | Accuracy: 83.13%/82.93% | Precision: 81.77%/81.08% | Recall: 68.29%/68.28% | F1: 71.40%/71.31% | Time: fit=047s, train=009s, test=002s, total=059s
Epoch 106: Train%/Test% | Accuracy: 82.94%/82.95% | Precision: 80.88%/81.02% | Recall: 68.34%/68.39% | F1: 71.35%/71.41% | Time: fit=047s, train=009s, test=002s, total=059s
Epoch 107: Train%/Test% | Accuracy: 83.34%/83.38% | Precision: 83.42%/83.71% | Recall: 67.91%/67.97% | F1: 71.16%/71.25% | Time: fit=047s, train=009s, test=002s, total=059s
Epoch 108: Train%/Test% | Accuracy: 83.38%/83.36% | Precision: 83.84%/83.87% | Recall: 67.80%/67.83% | F1: 71.08%/71.11% | Time: fit=047s, train=009s, test=002s, total=059s
Epoch 109: Train%/Test% | Accuracy: 83.26%/83.06% | Precision: 82.87%/82.23% | Recall: 67.99%/67.93% | F1: 71.20%/71.05% | Time: fit=047s, train=009s, test=002s, total=059s
Epoch 110: Train%/Test% | Accuracy: 83.19%/83.02% | Precision: 81.86%/81.20% | Recall: 68.40%/68.47% | F1: 71.53%/71.51% | Time: fit=047s, train=009s, test=002s, total=059s
Epoch 111: Train%/Test% | Accuracy: 83.53%/83.56% | Precision: 83.20%/83.11% | Recall: 68.56%/68.80% | F1: 71.84%/72.07% | Time: fit=047s, train=009s, test=002s, total=059s
Epoch 112: Train%/Test% | Accuracy: 83.30%/83.36% | Precision: 83.28%/83.38% | Recall: 67.88%/68.09% | F1: 71.11%/71.34% | Time: fit=047s, train=009s, test=002s, total=059s
Epoch 113: Train%/Test% | Accuracy: 83.37%/83.42% | Precision: 83.29%/83.40% | Recall: 68.06%/68.26% | F1: 71.31%/71.53% | Time: fit=047s, train=009s, test=002s, total=059s
Epoch 114: Train%/Test% | Accuracy: 83.24%/83.36% | Precision: 82.57%/82.65% | Recall: 68.10%/68.50% | F1: 71.29%/71.71% | Time: fit=047s, train=009s, test=002s, total=059s
Epoch 115: Train%/Test% | Accuracy: 83.37%/83.49% | Precision: 83.14%/83.14% | Recall: 68.14%/68.59% | F1: 71.38%/71.86% | Time: fit=047s, train=009s, test=002s, total=059s
Epoch 116: Train%/Test% | Accuracy: 83.40%/83.56% | Precision: 83.01%/83.22% | Recall: 68.30%/68.73% | F1: 71.55%/72.01% | Time: fit=047s, train=009s, test=002s, total=059s
Epoch 117: Train%/Test% | Accuracy: 82.90%/83.18% | Precision: 80.76%/81.41% | Recall: 68.33%/68.80% | F1: 71.32%/71.87% | Time: fit=047s, train=009s, test=002s, total=059s
Epoch 118: Train%/Test% | Accuracy: 83.32%/83.40% | Precision: 82.90%/83.09% | Recall: 68.15%/68.37% | F1: 71.37%/71.62% | Time: fit=047s, train=009s, test=002s, total=059s
Epoch 119: Train%/Test% | Accuracy: 83.37%/83.42% | Precision: 84.22%/84.48% | Recall: 67.58%/67.72% | F1: 70.87%/71.03% | Time: fit=047s, train=009s, test=002s, total=059s
Epoch 120: Train%/Test% | Accuracy: 83.15%/83.42% | Precision: 82.91%/83.64% | Recall: 67.65%/68.13% | F1: 70.84%/71.42% | Time: fit=047s, train=009s, test=002s, total=059s
Epoch 121: Train%/Test% | Accuracy: 83.15%/83.22% | Precision: 82.51%/82.64% | Recall: 67.88%/68.13% | F1: 71.04%/71.31% | Time: fit=047s, train=009s, test=002s, total=059s
Epoch 122: Train%/Test% | Accuracy: 83.18%/83.31% | Precision: 82.38%/82.59% | Recall: 68.04%/68.41% | F1: 71.20%/71.61% | Time: fit=047s, train=009s, test=002s, total=059s
Epoch 123: Train%/Test% | Accuracy: 83.11%/83.18% | Precision: 82.23%/82.27% | Recall: 67.93%/68.22% | F1: 71.07%/71.38% | Time: fit=048s, train=009s, test=002s, total=060s
Epoch 124: Train%/Test% | Accuracy: 82.88%/82.86% | Precision: 80.52%/80.37% | Recall: 68.44%/68.62% | F1: 71.41%/71.56% | Time: fit=048s, train=009s, test=002s, total=059s
Epoch 125: Train%/Test% | Accuracy: 83.42%/83.42% | Precision: 83.28%/83.11% | Recall: 68.20%/68.42% | F1: 71.47%/71.67% | Time: fit=047s, train=009s, test=002s, total=059s
Epoch 126: Train%/Test% | Accuracy: 83.44%/83.38% | Precision: 83.32%/82.95% | Recall: 68.24%/68.39% | F1: 71.51%/71.62% | Time: fit=047s, train=009s, test=002s, total=059s
Epoch 127: Train%/Test% | Accuracy: 83.28%/83.11% | Precision: 82.27%/81.69% | Recall: 68.40%/68.40% | F1: 71.57%/71.50% | Time: fit=048s, train=009s, test=002s, total=059s
Epoch 128: Train%/Test% | Accuracy: 83.38%/83.29% | Precision: 82.87%/82.31% | Recall: 68.32%/68.52% | F1: 71.55%/71.69% | Time: fit=047s, train=009s, test=002s, total=059s
Epoch 129: Train%/Test% | Accuracy: 83.41%/83.29% | Precision: 82.62%/82.02% | Recall: 68.57%/68.71% | F1: 71.79%/71.86% | Time: fit=047s, train=009s, test=002s, total=059s
Epoch 130: Train%/Test% | Accuracy: 83.56%/83.56% | Precision: 83.77%/83.39% | Recall: 68.32%/68.64% | F1: 71.64%/71.93% | Time: fit=047s, train=009s, test=002s, total=059s
Epoch 131: Train%/Test% | Accuracy: 83.40%/83.31% | Precision: 82.29%/81.72% | Recall: 68.75%/68.98% | F1: 71.93%/72.10% | Time: fit=047s, train=009s, test=002s, total=059s
Epoch 132: Train%/Test% | Accuracy: 83.41%/83.29% | Precision: 83.01%/82.26% | Recall: 68.32%/68.55% | F1: 71.57%/71.72% | Time: fit=047s, train=009s, test=002s, total=059s
Epoch 133: Train%/Test% | Accuracy: 83.24%/83.18% | Precision: 81.81%/81.12% | Recall: 68.59%/69.02% | F1: 71.71%/72.06% | Time: fit=047s, train=009s, test=002s, total=059s
Epoch 134: Train%/Test% | Accuracy: 83.36%/83.33% | Precision: 82.46%/82.17% | Recall: 68.51%/68.74% | F1: 71.70%/71.91% | Time: fit=047s, train=009s, test=002s, total=059s
Epoch 135: Train%/Test% | Accuracy: 83.23%/83.20% | Precision: 82.21%/81.71% | Recall: 68.29%/68.65% | F1: 71.45%/71.76% | Time: fit=047s, train=009s, test=002s, total=059s
Epoch 136: Train%/Test% | Accuracy: 83.36%/83.22% | Precision: 82.37%/81.74% | Recall: 68.56%/68.70% | F1: 71.75%/71.81% | Time: fit=047s, train=009s, test=002s, total=059s
Epoch 137: Train%/Test% | Accuracy: 83.08%/82.86% | Precision: 81.80%/81.12% | Recall: 68.12%/68.05% | F1: 71.23%/71.07% | Time: fit=047s, train=009s, test=002s, total=059s
Epoch 138: Train%/Test% | Accuracy: 83.32%/82.97% | Precision: 81.78%/80.84% | Recall: 68.86%/68.60% | F1: 71.99%/71.60% | Time: fit=047s, train=009s, test=002s, total=059s
Epoch 139: Train%/Test% | Accuracy: 83.38%/82.99% | Precision: 82.48%/81.49% | Recall: 68.57%/68.20% | F1: 71.78%/71.27% | Time: fit=048s, train=009s, test=002s, total=059s
Epoch 140: Train%/Test% | Accuracy: 83.40%/83.04% | Precision: 81.74%/80.69% | Recall: 69.11%/68.93% | F1: 72.24%/71.91% | Time: fit=047s, train=009s, test=002s, total=059s
Epoch 141: Train%/Test% | Accuracy: 83.30%/83.02% | Precision: 81.39%/80.59% | Recall: 69.08%/68.95% | F1: 72.16%/71.92% | Time: fit=047s, train=009s, test=002s, total=059s
Epoch 142: Train%/Test% | Accuracy: 83.33%/83.11% | Precision: 81.36%/80.63% | Recall: 69.19%/69.20% | F1: 72.26%/72.17% | Time: fit=047s, train=009s, test=002s, total=059s
Epoch 143: Train%/Test% | Accuracy: 83.47%/83.36% | Precision: 82.09%/81.56% | Recall: 69.08%/69.24% | F1: 72.25%/72.33% | Time: fit=048s, train=009s, test=002s, total=059s
Epoch 144: Train%/Test% | Accuracy: 83.45%/83.20% | Precision: 82.28%/81.67% | Recall: 68.89%/68.69% | F1: 72.08%/71.79% | Time: fit=047s, train=009s, test=002s, total=059s
Epoch 145: Train%/Test% | Accuracy: 83.39%/83.13% | Precision: 82.62%/82.01% | Recall: 68.51%/68.26% | F1: 71.72%/71.38% | Time: fit=047s, train=009s, test=002s, total=059s
Epoch 146: Train%/Test% | Accuracy: 83.28%/82.93% | Precision: 82.09%/81.22% | Recall: 68.53%/68.19% | F1: 71.69%/71.22% | Time: fit=047s, train=009s, test=002s, total=059s
Epoch 147: Train%/Test% | Accuracy: 83.31%/83.13% | Precision: 82.91%/82.64% | Recall: 68.11%/67.87% | F1: 71.33%/71.04% | Time: fit=047s, train=009s, test=002s, total=059s
Epoch 148: Train%/Test% | Accuracy: 83.28%/83.22% | Precision: 82.73%/82.64% | Recall: 68.12%/68.13% | F1: 71.32%/71.31% | Time: fit=048s, train=009s, test=002s, total=059s
Epoch 149: Train%/Test% | Accuracy: 83.21%/83.18% | Precision: 82.66%/82.53% | Recall: 67.97%/68.06% | F1: 71.15%/71.23% | Time: fit=047s, train=009s, test=002s, total=059s
Epoch 150: Train%/Test% | Accuracy: 83.16%/82.84% | Precision: 82.08%/81.09% | Recall: 68.20%/68.00% | F1: 71.33%/71.01% | Time: fit=047s, train=009s, test=002s, total=059s
