[*] Load dataset...
[*] Fix malformed data...
[*] Split...
[*] Encoding...
[*] -> text...
[*] Encoding complete!
==============================
Using GPU for training
Dataset: FakeNewsNet-politifact
TMU params: num-clauses=5000, T=250, s=5.0
Epochs: 150
Feature(s): text
max-vocab=15000, max-domain=500, max-tweet=500
====================
Train size: 844
Train classes: 2
Test size: 212
Test classes: 2
Total features: 2934
==============================
[*] Training for 150 epochs...
*** compiler output in /tmp/tmpf395xtet
*** compiler output in /tmp/tmp_1r21whn
Epoch   1: Train%/Test% | Accuracy: 55.21%/47.17% | Precision: 65.58%/60.45% | Recall: 60.29%/56.33% | F1: 52.98%/45.01% | Time: fit=023s, train=003s, test=001s, total=027s
Epoch   2: Train%/Test% | Accuracy: 74.05%/69.34% | Precision: 73.48%/66.75% | Recall: 72.67%/65.57% | F1: 72.94%/65.94% | Time: fit=017s, train=003s, test=001s, total=021s
Epoch   3: Train%/Test% | Accuracy: 73.34%/67.92% | Precision: 72.63%/65.42% | Recall: 72.61%/65.25% | F1: 72.62%/65.33% | Time: fit=017s, train=003s, test=001s, total=021s
Epoch   4: Train%/Test% | Accuracy: 73.93%/68.87% | Precision: 73.25%/66.53% | Recall: 73.36%/66.53% | F1: 73.30%/66.53% | Time: fit=017s, train=003s, test=001s, total=021s
Epoch   5: Train%/Test% | Accuracy: 73.70%/67.92% | Precision: 73.01%/65.74% | Recall: 73.11%/66.05% | F1: 73.06%/65.87% | Time: fit=017s, train=003s, test=001s, total=021s
Epoch   6: Train%/Test% | Accuracy: 73.70%/68.40% | Precision: 73.12%/66.42% | Recall: 73.51%/66.96% | F1: 73.24%/66.61% | Time: fit=017s, train=003s, test=001s, total=021s
Epoch   7: Train%/Test% | Accuracy: 73.46%/67.92% | Precision: 72.78%/65.87% | Recall: 72.95%/66.32% | F1: 72.85%/66.04% | Time: fit=017s, train=003s, test=001s, total=021s
Epoch   8: Train%/Test% | Accuracy: 72.63%/67.45% | Precision: 72.02%/65.74% | Recall: 72.35%/66.48% | F1: 72.13%/65.92% | Time: fit=017s, train=003s, test=001s, total=021s
Epoch   9: Train%/Test% | Accuracy: 72.87%/66.98% | Precision: 72.31%/65.18% | Recall: 72.71%/65.84% | F1: 72.42%/65.35% | Time: fit=017s, train=003s, test=001s, total=021s
Epoch  10: Train%/Test% | Accuracy: 74.29%/67.92% | Precision: 73.62%/65.74% | Recall: 73.78%/66.05% | F1: 73.69%/65.87% | Time: fit=017s, train=003s, test=001s, total=021s
Epoch  11: Train%/Test% | Accuracy: 74.64%/66.98% | Precision: 73.97%/64.50% | Recall: 73.93%/64.50% | F1: 73.95%/64.50% | Time: fit=017s, train=003s, test=001s, total=021s
Epoch  12: Train%/Test% | Accuracy: 74.05%/67.92% | Precision: 73.57%/65.74% | Recall: 74.05%/66.05% | F1: 73.68%/65.87% | Time: fit=017s, train=003s, test=001s, total=021s
Epoch  13: Train%/Test% | Accuracy: 74.53%/67.45% | Precision: 74.00%/65.44% | Recall: 74.45%/65.95% | F1: 74.13%/65.62% | Time: fit=017s, train=003s, test=001s, total=021s
Epoch  14: Train%/Test% | Accuracy: 74.76%/68.87% | Precision: 74.28%/66.98% | Recall: 74.78%/67.60% | F1: 74.40%/67.19% | Time: fit=017s, train=003s, test=001s, total=021s
Epoch  15: Train%/Test% | Accuracy: 74.53%/67.92% | Precision: 74.21%/66.15% | Recall: 74.81%/66.86% | F1: 74.25%/66.34% | Time: fit=017s, train=003s, test=001s, total=021s
Epoch  16: Train%/Test% | Accuracy: 74.05%/67.92% | Precision: 73.83%/66.30% | Recall: 74.44%/67.13% | F1: 73.81%/66.48% | Time: fit=017s, train=003s, test=001s, total=021s
Epoch  17: Train%/Test% | Accuracy: 74.53%/66.98% | Precision: 74.24%/65.51% | Recall: 74.85%/66.38% | F1: 74.27%/65.63% | Time: fit=017s, train=003s, test=001s, total=020s
Epoch  18: Train%/Test% | Accuracy: 75.36%/68.40% | Precision: 75.06%/67.03% | Recall: 75.68%/68.03% | F1: 75.10%/67.17% | Time: fit=017s, train=003s, test=001s, total=021s
Epoch  19: Train%/Test% | Accuracy: 74.88%/66.98% | Precision: 74.67%/65.69% | Recall: 75.31%/66.65% | F1: 74.65%/65.76% | Time: fit=017s, train=003s, test=001s, total=021s
Epoch  20: Train%/Test% | Accuracy: 75.47%/66.98% | Precision: 75.22%/65.69% | Recall: 75.86%/66.65% | F1: 75.23%/65.76% | Time: fit=017s, train=003s, test=001s, total=021s
Epoch  21: Train%/Test% | Accuracy: 74.88%/66.51% | Precision: 74.67%/65.12% | Recall: 75.31%/66.01% | F1: 74.65%/65.21% | Time: fit=017s, train=003s, test=001s, total=021s
Epoch  22: Train%/Test% | Accuracy: 75.47%/67.45% | Precision: 75.31%/66.07% | Recall: 75.98%/67.02% | F1: 75.27%/66.19% | Time: fit=017s, train=003s, test=001s, total=021s
Epoch  23: Train%/Test% | Accuracy: 74.76%/66.98% | Precision: 74.67%/65.88% | Recall: 75.33%/66.92% | F1: 74.57%/65.89% | Time: fit=017s, train=003s, test=001s, total=021s
Epoch  24: Train%/Test% | Accuracy: 75.71%/66.98% | Precision: 75.69%/66.08% | Recall: 76.38%/67.18% | F1: 75.55%/66.00% | Time: fit=017s, train=003s, test=001s, total=021s
Epoch  25: Train%/Test% | Accuracy: 75.71%/66.51% | Precision: 75.73%/65.50% | Recall: 76.42%/66.54% | F1: 75.56%/65.46% | Time: fit=017s, train=003s, test=001s, total=020s
Epoch  26: Train%/Test% | Accuracy: 76.07%/65.57% | Precision: 76.15%/64.76% | Recall: 76.84%/65.80% | F1: 75.93%/64.60% | Time: fit=017s, train=003s, test=001s, total=020s
Epoch  27: Train%/Test% | Accuracy: 75.47%/67.92% | Precision: 75.53%/66.83% | Recall: 76.21%/67.93% | F1: 75.33%/66.86% | Time: fit=017s, train=003s, test=001s, total=021s
Epoch  28: Train%/Test% | Accuracy: 76.07%/67.92% | Precision: 76.03%/66.83% | Recall: 76.72%/67.93% | F1: 75.90%/66.86% | Time: fit=016s, train=003s, test=001s, total=020s
Epoch  29: Train%/Test% | Accuracy: 75.36%/65.09% | Precision: 75.61%/64.62% | Recall: 76.27%/65.69% | F1: 75.25%/64.28% | Time: fit=017s, train=003s, test=001s, total=020s
Epoch  30: Train%/Test% | Accuracy: 74.29%/68.40% | Precision: 73.70%/66.42% | Recall: 74.05%/66.96% | F1: 73.82%/66.61% | Time: fit=017s, train=003s, test=001s, total=021s
Epoch  31: Train%/Test% | Accuracy: 74.76%/67.92% | Precision: 74.37%/66.15% | Recall: 74.93%/66.86% | F1: 74.45%/66.34% | Time: fit=017s, train=003s, test=001s, total=020s
Epoch  32: Train%/Test% | Accuracy: 74.41%/68.87% | Precision: 74.03%/67.27% | Recall: 74.59%/68.14% | F1: 74.10%/67.47% | Time: fit=017s, train=003s, test=001s, total=020s
Epoch  33: Train%/Test% | Accuracy: 68.13%/55.66% | Precision: 70.43%/58.14% | Recall: 70.20%/58.50% | F1: 68.12%/55.56% | Time: fit=017s, train=003s, test=001s, total=020s
Epoch  34: Train%/Test% | Accuracy: 75.12%/66.51% | Precision: 75.32%/65.71% | Recall: 75.98%/66.81% | F1: 75.00%/65.57% | Time: fit=017s, train=003s, test=001s, total=020s
Epoch  35: Train%/Test% | Accuracy: 75.71%/64.62% | Precision: 76.08%/64.03% | Recall: 76.73%/65.05% | F1: 75.62%/63.74% | Time: fit=017s, train=003s, test=001s, total=020s
Epoch  36: Train%/Test% | Accuracy: 76.54%/66.51% | Precision: 76.75%/65.71% | Recall: 77.44%/66.81% | F1: 76.43%/65.57% | Time: fit=017s, train=003s, test=001s, total=020s
Epoch  37: Train%/Test% | Accuracy: 76.54%/65.57% | Precision: 76.75%/64.98% | Recall: 77.44%/66.06% | F1: 76.43%/64.71% | Time: fit=017s, train=003s, test=001s, total=020s
Epoch  38: Train%/Test% | Accuracy: 76.18%/66.98% | Precision: 76.50%/66.29% | Recall: 77.18%/67.45% | F1: 76.09%/66.11% | Time: fit=017s, train=003s, test=001s, total=020s
Epoch  39: Train%/Test% | Accuracy: 75.95%/66.98% | Precision: 76.41%/66.51% | Recall: 77.05%/67.72% | F1: 75.87%/66.21% | Time: fit=017s, train=003s, test=001s, total=020s
Epoch  40: Train%/Test% | Accuracy: 76.07%/67.45% | Precision: 76.41%/66.65% | Recall: 77.07%/67.82% | F1: 75.98%/66.54% | Time: fit=017s, train=003s, test=001s, total=020s
Epoch  41: Train%/Test% | Accuracy: 76.30%/66.51% | Precision: 76.51%/65.71% | Recall: 77.20%/66.81% | F1: 76.19%/65.57% | Time: fit=017s, train=003s, test=001s, total=020s
Epoch  42: Train%/Test% | Accuracy: 75.95%/66.98% | Precision: 76.22%/66.08% | Recall: 76.89%/67.18% | F1: 75.85%/66.00% | Time: fit=017s, train=003s, test=001s, total=020s
Epoch  43: Train%/Test% | Accuracy: 75.47%/67.45% | Precision: 75.79%/66.65% | Recall: 76.45%/67.82% | F1: 75.38%/66.54% | Time: fit=017s, train=003s, test=001s, total=020s
Epoch  44: Train%/Test% | Accuracy: 76.07%/66.98% | Precision: 76.46%/66.29% | Recall: 77.11%/67.45% | F1: 75.98%/66.11% | Time: fit=017s, train=003s, test=001s, total=021s
Epoch  45: Train%/Test% | Accuracy: 75.59%/66.04% | Precision: 75.89%/65.34% | Recall: 76.55%/66.44% | F1: 75.49%/65.14% | Time: fit=017s, train=003s, test=001s, total=021s
Epoch  46: Train%/Test% | Accuracy: 75.59%/68.87% | Precision: 75.05%/67.12% | Recall: 75.49%/67.87% | F1: 75.19%/67.33% | Time: fit=017s, train=003s, test=001s, total=020s
Epoch  47: Train%/Test% | Accuracy: 75.36%/68.87% | Precision: 74.78%/67.12% | Recall: 75.17%/67.87% | F1: 74.91%/67.33% | Time: fit=017s, train=003s, test=001s, total=020s
Epoch  48: Train%/Test% | Accuracy: 75.00%/68.87% | Precision: 74.52%/67.12% | Recall: 75.02%/67.87% | F1: 74.64%/67.33% | Time: fit=017s, train=003s, test=001s, total=020s
Epoch  49: Train%/Test% | Accuracy: 75.24%/68.87% | Precision: 74.76%/67.12% | Recall: 75.26%/67.87% | F1: 74.88%/67.33% | Time: fit=016s, train=003s, test=001s, total=020s
Epoch  50: Train%/Test% | Accuracy: 75.24%/68.87% | Precision: 74.72%/67.12% | Recall: 75.18%/67.87% | F1: 74.85%/67.33% | Time: fit=017s, train=003s, test=001s, total=020s
Epoch  51: Train%/Test% | Accuracy: 75.59%/69.81% | Precision: 75.02%/67.96% | Recall: 75.41%/68.62% | F1: 75.15%/68.18% | Time: fit=017s, train=003s, test=001s, total=021s
Epoch  52: Train%/Test% | Accuracy: 75.59%/69.34% | Precision: 75.01%/67.54% | Recall: 75.37%/68.25% | F1: 75.14%/67.75% | Time: fit=016s, train=003s, test=001s, total=020s
Epoch  53: Train%/Test% | Accuracy: 77.01%/66.04% | Precision: 77.36%/65.34% | Recall: 78.05%/66.44% | F1: 76.93%/65.14% | Time: fit=017s, train=003s, test=001s, total=021s
Epoch  54: Train%/Test% | Accuracy: 75.95%/68.87% | Precision: 75.31%/66.74% | Recall: 75.44%/67.07% | F1: 75.37%/66.88% | Time: fit=017s, train=003s, test=001s, total=020s
Epoch  55: Train%/Test% | Accuracy: 75.59%/68.87% | Precision: 74.95%/66.63% | Recall: 75.06%/66.80% | F1: 75.00%/66.71% | Time: fit=017s, train=003s, test=001s, total=020s
Epoch  56: Train%/Test% | Accuracy: 75.59%/68.40% | Precision: 74.94%/66.07% | Recall: 74.94%/66.16% | F1: 74.94%/66.12% | Time: fit=017s, train=003s, test=001s, total=020s
Epoch  57: Train%/Test% | Accuracy: 76.66%/69.81% | Precision: 76.10%/67.84% | Recall: 76.49%/68.35% | F1: 76.23%/68.03% | Time: fit=017s, train=003s, test=001s, total=021s
Epoch  58: Train%/Test% | Accuracy: 76.18%/69.34% | Precision: 75.59%/67.29% | Recall: 75.92%/67.71% | F1: 75.72%/67.46% | Time: fit=017s, train=003s, test=001s, total=020s
Epoch  59: Train%/Test% | Accuracy: 76.18%/69.81% | Precision: 75.61%/67.84% | Recall: 75.96%/68.35% | F1: 75.73%/68.03% | Time: fit=017s, train=003s, test=001s, total=020s
Epoch  60: Train%/Test% | Accuracy: 76.54%/68.87% | Precision: 76.00%/66.85% | Recall: 76.42%/67.34% | F1: 76.13%/67.03% | Time: fit=017s, train=003s, test=001s, total=020s
Epoch  61: Train%/Test% | Accuracy: 76.78%/68.40% | Precision: 76.25%/66.42% | Recall: 76.71%/66.96% | F1: 76.39%/66.61% | Time: fit=016s, train=003s, test=001s, total=020s
Epoch  62: Train%/Test% | Accuracy: 76.30%/68.40% | Precision: 75.82%/66.42% | Recall: 76.34%/66.96% | F1: 75.95%/66.61% | Time: fit=017s, train=003s, test=001s, total=020s
Epoch  63: Train%/Test% | Accuracy: 76.42%/68.40% | Precision: 75.91%/66.42% | Recall: 76.40%/66.96% | F1: 76.05%/66.61% | Time: fit=017s, train=003s, test=001s, total=020s
Epoch  64: Train%/Test% | Accuracy: 76.66%/68.40% | Precision: 76.15%/66.42% | Recall: 76.64%/66.96% | F1: 76.29%/66.61% | Time: fit=017s, train=003s, test=001s, total=020s
Epoch  65: Train%/Test% | Accuracy: 76.07%/68.40% | Precision: 75.49%/66.42% | Recall: 75.86%/66.96% | F1: 75.62%/66.61% | Time: fit=016s, train=003s, test=001s, total=020s
Epoch  66: Train%/Test% | Accuracy: 76.42%/66.98% | Precision: 76.56%/65.88% | Recall: 77.26%/66.92% | F1: 76.30%/65.89% | Time: fit=017s, train=003s, test=001s, total=020s
Epoch  67: Train%/Test% | Accuracy: 76.30%/66.51% | Precision: 76.38%/65.71% | Recall: 77.08%/66.81% | F1: 76.17%/65.57% | Time: fit=017s, train=003s, test=001s, total=020s
Epoch  68: Train%/Test% | Accuracy: 76.54%/66.51% | Precision: 76.75%/65.92% | Recall: 77.44%/67.08% | F1: 76.43%/65.68% | Time: fit=016s, train=003s, test=001s, total=020s
Epoch  69: Train%/Test% | Accuracy: 75.71%/65.57% | Precision: 76.23%/64.76% | Recall: 76.85%/65.80% | F1: 75.64%/64.60% | Time: fit=017s, train=003s, test=001s, total=021s
Epoch  70: Train%/Test% | Accuracy: 76.18%/65.57% | Precision: 76.60%/64.76% | Recall: 77.26%/65.80% | F1: 76.10%/64.60% | Time: fit=016s, train=003s, test=001s, total=020s
Epoch  71: Train%/Test% | Accuracy: 76.78%/66.98% | Precision: 77.03%/66.08% | Recall: 77.73%/67.18% | F1: 76.67%/66.00% | Time: fit=017s, train=003s, test=001s, total=020s
Epoch  72: Train%/Test% | Accuracy: 76.30%/64.15% | Precision: 76.60%/63.45% | Recall: 77.28%/64.41% | F1: 76.21%/63.20% | Time: fit=017s, train=003s, test=001s, total=020s
Epoch  73: Train%/Test% | Accuracy: 76.18%/64.15% | Precision: 76.50%/63.45% | Recall: 77.18%/64.41% | F1: 76.09%/63.20% | Time: fit=017s, train=003s, test=001s, total=020s
Epoch  74: Train%/Test% | Accuracy: 75.71%/65.09% | Precision: 76.18%/64.18% | Recall: 76.81%/65.15% | F1: 75.64%/64.06% | Time: fit=017s, train=003s, test=001s, total=020s
Epoch  75: Train%/Test% | Accuracy: 76.07%/64.62% | Precision: 76.41%/63.81% | Recall: 77.07%/64.78% | F1: 75.98%/63.63% | Time: fit=017s, train=003s, test=001s, total=020s
Epoch  76: Train%/Test% | Accuracy: 76.07%/65.57% | Precision: 76.27%/64.55% | Recall: 76.96%/65.53% | F1: 75.95%/64.48% | Time: fit=016s, train=003s, test=001s, total=020s
Epoch  77: Train%/Test% | Accuracy: 76.90%/66.04% | Precision: 76.95%/64.92% | Recall: 77.67%/65.90% | F1: 76.76%/64.91% | Time: fit=017s, train=003s, test=001s, total=020s
Epoch  78: Train%/Test% | Accuracy: 77.01%/66.51% | Precision: 77.13%/65.71% | Recall: 77.85%/66.81% | F1: 76.89%/65.57% | Time: fit=016s, train=003s, test=001s, total=020s
Epoch  79: Train%/Test% | Accuracy: 77.25%/66.51% | Precision: 77.29%/65.71% | Recall: 78.02%/66.81% | F1: 77.11%/65.57% | Time: fit=017s, train=003s, test=001s, total=020s
Epoch  80: Train%/Test% | Accuracy: 76.90%/66.51% | Precision: 77.08%/65.71% | Recall: 77.79%/66.81% | F1: 76.78%/65.57% | Time: fit=016s, train=003s, test=001s, total=020s
Epoch  81: Train%/Test% | Accuracy: 76.66%/66.51% | Precision: 76.80%/65.71% | Recall: 77.51%/66.81% | F1: 76.54%/65.57% | Time: fit=017s, train=003s, test=001s, total=020s
Epoch  82: Train%/Test% | Accuracy: 78.08%/67.45% | Precision: 78.10%/66.45% | Recall: 78.85%/67.56% | F1: 77.94%/66.43% | Time: fit=017s, train=003s, test=001s, total=020s
Epoch  83: Train%/Test% | Accuracy: 77.49%/67.45% | Precision: 77.53%/66.45% | Recall: 78.26%/67.56% | F1: 77.35%/66.43% | Time: fit=017s, train=003s, test=001s, total=020s
Epoch  84: Train%/Test% | Accuracy: 77.61%/70.28% | Precision: 77.22%/68.64% | Recall: 77.85%/69.53% | F1: 77.33%/68.88% | Time: fit=017s, train=003s, test=001s, total=020s
Epoch  85: Train%/Test% | Accuracy: 77.84%/66.98% | Precision: 77.94%/66.08% | Recall: 78.68%/67.18% | F1: 77.72%/66.00% | Time: fit=017s, train=003s, test=001s, total=020s
Epoch  86: Train%/Test% | Accuracy: 77.73%/66.98% | Precision: 77.85%/66.08% | Recall: 78.58%/67.18% | F1: 77.60%/66.00% | Time: fit=017s, train=003s, test=001s, total=020s
Epoch  87: Train%/Test% | Accuracy: 78.20%/67.45% | Precision: 78.28%/66.45% | Recall: 79.03%/67.56% | F1: 78.07%/66.43% | Time: fit=016s, train=003s, test=001s, total=020s
Epoch  88: Train%/Test% | Accuracy: 77.13%/69.34% | Precision: 76.54%/67.00% | Recall: 76.39%/66.91% | F1: 76.46%/66.95% | Time: fit=017s, train=003s, test=001s, total=020s
Epoch  89: Train%/Test% | Accuracy: 78.08%/67.92% | Precision: 78.27%/67.02% | Recall: 79.01%/68.20% | F1: 77.97%/66.97% | Time: fit=017s, train=003s, test=001s, total=021s
Epoch  90: Train%/Test% | Accuracy: 77.49%/67.92% | Precision: 77.74%/67.02% | Recall: 78.46%/68.20% | F1: 77.39%/66.97% | Time: fit=017s, train=003s, test=001s, total=020s
Epoch  91: Train%/Test% | Accuracy: 78.20%/67.45% | Precision: 78.28%/66.87% | Recall: 79.03%/68.09% | F1: 78.07%/66.64% | Time: fit=017s, train=003s, test=001s, total=020s
Epoch  92: Train%/Test% | Accuracy: 78.20%/66.51% | Precision: 78.20%/65.71% | Recall: 78.95%/66.81% | F1: 78.06%/65.57% | Time: fit=017s, train=003s, test=001s, total=021s
Epoch  93: Train%/Test% | Accuracy: 78.08%/66.51% | Precision: 78.14%/65.71% | Recall: 78.89%/66.81% | F1: 77.95%/65.57% | Time: fit=017s, train=003s, test=001s, total=020s
Epoch  94: Train%/Test% | Accuracy: 77.73%/66.51% | Precision: 77.89%/65.71% | Recall: 78.62%/66.81% | F1: 77.61%/65.57% | Time: fit=017s, train=003s, test=001s, total=020s
Epoch  95: Train%/Test% | Accuracy: 77.49%/66.51% | Precision: 77.74%/65.71% | Recall: 78.46%/66.81% | F1: 77.39%/65.57% | Time: fit=017s, train=003s, test=001s, total=020s
Epoch  96: Train%/Test% | Accuracy: 77.84%/67.45% | Precision: 78.07%/66.65% | Recall: 78.80%/67.82% | F1: 77.74%/66.54% | Time: fit=017s, train=003s, test=001s, total=020s
Epoch  97: Train%/Test% | Accuracy: 77.84%/66.98% | Precision: 78.12%/66.08% | Recall: 78.84%/67.18% | F1: 77.75%/66.00% | Time: fit=017s, train=003s, test=001s, total=020s
Epoch  98: Train%/Test% | Accuracy: 78.55%/66.04% | Precision: 78.61%/65.13% | Recall: 79.37%/66.17% | F1: 78.43%/65.03% | Time: fit=016s, train=003s, test=001s, total=020s
Epoch  99: Train%/Test% | Accuracy: 78.67%/66.98% | Precision: 78.75%/66.08% | Recall: 79.52%/67.18% | F1: 78.55%/66.00% | Time: fit=017s, train=003s, test=001s, total=021s
Epoch 100: Train%/Test% | Accuracy: 78.67%/66.51% | Precision: 78.71%/65.50% | Recall: 79.48%/66.54% | F1: 78.54%/65.46% | Time: fit=017s, train=003s, test=001s, total=020s
Epoch 101: Train%/Test% | Accuracy: 78.32%/68.40% | Precision: 77.84%/66.56% | Recall: 78.39%/67.23% | F1: 77.99%/66.76% | Time: fit=016s, train=003s, test=001s, total=020s
Epoch 102: Train%/Test% | Accuracy: 78.32%/69.81% | Precision: 77.80%/67.96% | Recall: 78.27%/68.62% | F1: 77.95%/68.18% | Time: fit=016s, train=003s, test=001s, total=020s
Epoch 103: Train%/Test% | Accuracy: 78.44%/69.81% | Precision: 77.95%/68.09% | Recall: 78.49%/68.89% | F1: 78.10%/68.32% | Time: fit=017s, train=003s, test=001s, total=020s
Epoch 104: Train%/Test% | Accuracy: 70.50%/57.08% | Precision: 73.14%/59.76% | Recall: 72.75%/60.15% | F1: 70.48%/57.00% | Time: fit=017s, train=003s, test=001s, total=020s
Epoch 105: Train%/Test% | Accuracy: 71.09%/57.08% | Precision: 73.46%/59.76% | Recall: 73.22%/60.15% | F1: 71.08%/57.00% | Time: fit=017s, train=003s, test=001s, total=020s
Epoch 106: Train%/Test% | Accuracy: 71.45%/57.08% | Precision: 73.62%/59.76% | Recall: 73.49%/60.15% | F1: 71.44%/57.00% | Time: fit=017s, train=003s, test=001s, total=020s
Epoch 107: Train%/Test% | Accuracy: 69.79%/56.60% | Precision: 72.57%/59.77% | Recall: 72.10%/60.05% | F1: 69.76%/56.57% | Time: fit=016s, train=003s, test=001s, total=020s
Epoch 108: Train%/Test% | Accuracy: 69.19%/56.13% | Precision: 72.17%/59.44% | Recall: 71.59%/59.67% | F1: 69.16%/56.11% | Time: fit=017s, train=003s, test=001s, total=020s
Epoch 109: Train%/Test% | Accuracy: 77.37%/66.51% | Precision: 77.51%/65.71% | Recall: 78.24%/66.81% | F1: 77.25%/65.57% | Time: fit=017s, train=003s, test=001s, total=020s
Epoch 110: Train%/Test% | Accuracy: 77.25%/65.57% | Precision: 77.50%/64.76% | Recall: 78.21%/65.80% | F1: 77.15%/64.60% | Time: fit=017s, train=003s, test=001s, total=020s
Epoch 111: Train%/Test% | Accuracy: 78.20%/65.09% | Precision: 78.24%/64.39% | Recall: 78.99%/65.42% | F1: 78.06%/64.17% | Time: fit=017s, train=003s, test=001s, total=020s
Epoch 112: Train%/Test% | Accuracy: 79.27%/69.81% | Precision: 78.73%/67.84% | Recall: 79.16%/68.35% | F1: 78.89%/68.03% | Time: fit=017s, train=003s, test=001s, total=020s
Epoch 113: Train%/Test% | Accuracy: 79.50%/68.87% | Precision: 79.41%/67.43% | Recall: 80.19%/68.41% | F1: 79.35%/67.60% | Time: fit=017s, train=003s, test=001s, total=020s
Epoch 114: Train%/Test% | Accuracy: 79.27%/68.87% | Precision: 79.08%/67.27% | Recall: 79.83%/68.14% | F1: 79.08%/67.47% | Time: fit=017s, train=003s, test=001s, total=020s
Epoch 115: Train%/Test% | Accuracy: 79.38%/68.87% | Precision: 79.21%/67.27% | Recall: 79.97%/68.14% | F1: 79.21%/67.47% | Time: fit=017s, train=003s, test=001s, total=020s
Epoch 116: Train%/Test% | Accuracy: 79.03%/67.92% | Precision: 78.84%/66.47% | Recall: 79.59%/67.39% | F1: 78.84%/66.61% | Time: fit=017s, train=003s, test=001s, total=020s
Epoch 117: Train%/Test% | Accuracy: 78.91%/69.34% | Precision: 78.77%/67.68% | Recall: 79.52%/68.51% | F1: 78.74%/67.89% | Time: fit=017s, train=003s, test=001s, total=020s
Epoch 118: Train%/Test% | Accuracy: 79.03%/68.40% | Precision: 78.90%/66.86% | Recall: 79.67%/67.77% | F1: 78.86%/67.04% | Time: fit=017s, train=003s, test=001s, total=020s
Epoch 119: Train%/Test% | Accuracy: 78.79%/68.40% | Precision: 78.67%/66.86% | Recall: 79.42%/67.77% | F1: 78.62%/67.04% | Time: fit=017s, train=003s, test=001s, total=020s
Epoch 120: Train%/Test% | Accuracy: 78.67%/67.92% | Precision: 78.50%/66.30% | Recall: 79.24%/67.13% | F1: 78.49%/66.48% | Time: fit=016s, train=003s, test=001s, total=020s
Epoch 121: Train%/Test% | Accuracy: 79.15%/68.40% | Precision: 78.94%/66.86% | Recall: 79.69%/67.77% | F1: 78.96%/67.04% | Time: fit=016s, train=003s, test=001s, total=020s
Epoch 122: Train%/Test% | Accuracy: 78.32%/66.51% | Precision: 78.26%/65.30% | Recall: 79.01%/66.27% | F1: 78.16%/65.34% | Time: fit=017s, train=003s, test=001s, total=020s
Epoch 123: Train%/Test% | Accuracy: 78.20%/66.51% | Precision: 78.16%/65.30% | Recall: 78.91%/66.27% | F1: 78.05%/65.34% | Time: fit=017s, train=003s, test=001s, total=020s
Epoch 124: Train%/Test% | Accuracy: 78.67%/67.45% | Precision: 78.71%/66.26% | Recall: 79.48%/67.29% | F1: 78.54%/66.31% | Time: fit=017s, train=003s, test=001s, total=020s
Epoch 125: Train%/Test% | Accuracy: 79.15%/66.98% | Precision: 79.15%/65.88% | Recall: 79.92%/66.92% | F1: 79.01%/65.89% | Time: fit=016s, train=003s, test=001s, total=020s
Epoch 126: Train%/Test% | Accuracy: 79.86%/68.40% | Precision: 79.78%/67.03% | Recall: 80.58%/68.03% | F1: 79.71%/67.17% | Time: fit=017s, train=003s, test=001s, total=021s
Epoch 127: Train%/Test% | Accuracy: 79.62%/67.45% | Precision: 79.58%/66.26% | Recall: 80.37%/67.29% | F1: 79.48%/66.31% | Time: fit=017s, train=003s, test=001s, total=021s
Epoch 128: Train%/Test% | Accuracy: 78.91%/66.51% | Precision: 78.95%/65.50% | Recall: 79.72%/66.54% | F1: 78.78%/65.46% | Time: fit=017s, train=003s, test=001s, total=020s
Epoch 129: Train%/Test% | Accuracy: 78.44%/66.51% | Precision: 78.51%/65.50% | Recall: 79.27%/66.54% | F1: 78.31%/65.46% | Time: fit=016s, train=003s, test=001s, total=020s
Epoch 130: Train%/Test% | Accuracy: 79.86%/67.92% | Precision: 79.68%/66.64% | Recall: 80.46%/67.66% | F1: 79.68%/66.74% | Time: fit=017s, train=003s, test=001s, total=021s
Epoch 131: Train%/Test% | Accuracy: 78.79%/66.98% | Precision: 78.74%/65.88% | Recall: 79.50%/66.92% | F1: 78.64%/65.89% | Time: fit=017s, train=003s, test=001s, total=020s
Epoch 132: Train%/Test% | Accuracy: 78.44%/66.98% | Precision: 78.33%/65.88% | Recall: 79.08%/66.92% | F1: 78.27%/65.89% | Time: fit=016s, train=003s, test=001s, total=020s
Epoch 133: Train%/Test% | Accuracy: 78.91%/66.98% | Precision: 78.80%/65.88% | Recall: 79.56%/66.92% | F1: 78.75%/65.89% | Time: fit=016s, train=003s, test=001s, total=020s
Epoch 134: Train%/Test% | Accuracy: 78.79%/66.98% | Precision: 78.63%/65.88% | Recall: 79.38%/66.92% | F1: 78.61%/65.89% | Time: fit=017s, train=003s, test=001s, total=020s
Epoch 135: Train%/Test% | Accuracy: 78.79%/66.51% | Precision: 78.70%/65.30% | Recall: 79.46%/66.27% | F1: 78.63%/65.34% | Time: fit=017s, train=003s, test=001s, total=020s
Epoch 136: Train%/Test% | Accuracy: 79.15%/65.09% | Precision: 79.07%/64.18% | Recall: 79.85%/65.15% | F1: 78.99%/64.06% | Time: fit=017s, train=003s, test=001s, total=020s
Epoch 137: Train%/Test% | Accuracy: 79.15%/66.51% | Precision: 78.97%/65.30% | Recall: 79.73%/66.27% | F1: 78.97%/65.34% | Time: fit=016s, train=003s, test=001s, total=020s
Epoch 138: Train%/Test% | Accuracy: 78.79%/66.98% | Precision: 78.81%/65.69% | Recall: 79.58%/66.65% | F1: 78.66%/65.76% | Time: fit=017s, train=003s, test=001s, total=020s
Epoch 139: Train%/Test% | Accuracy: 78.20%/66.51% | Precision: 78.28%/65.30% | Recall: 79.03%/66.27% | F1: 78.07%/65.34% | Time: fit=017s, train=003s, test=001s, total=020s
Epoch 140: Train%/Test% | Accuracy: 78.20%/66.51% | Precision: 78.28%/65.30% | Recall: 79.03%/66.27% | F1: 78.07%/65.34% | Time: fit=017s, train=003s, test=001s, total=020s
Epoch 141: Train%/Test% | Accuracy: 78.67%/66.04% | Precision: 78.71%/65.13% | Recall: 79.48%/66.17% | F1: 78.54%/65.03% | Time: fit=016s, train=003s, test=001s, total=020s
Epoch 142: Train%/Test% | Accuracy: 78.20%/66.51% | Precision: 78.41%/65.50% | Recall: 79.15%/66.54% | F1: 78.10%/65.46% | Time: fit=017s, train=003s, test=001s, total=020s
Epoch 143: Train%/Test% | Accuracy: 77.96%/66.51% | Precision: 78.17%/65.71% | Recall: 78.90%/66.81% | F1: 77.86%/65.57% | Time: fit=016s, train=003s, test=001s, total=020s
Epoch 144: Train%/Test% | Accuracy: 78.91%/67.92% | Precision: 78.65%/66.47% | Recall: 79.37%/67.39% | F1: 78.70%/66.61% | Time: fit=017s, train=003s, test=001s, total=020s
Epoch 145: Train%/Test% | Accuracy: 79.03%/69.81% | Precision: 78.59%/68.09% | Recall: 79.19%/68.89% | F1: 78.74%/68.32% | Time: fit=017s, train=003s, test=001s, total=020s
Epoch 146: Train%/Test% | Accuracy: 78.08%/70.28% | Precision: 77.64%/68.51% | Recall: 78.22%/69.26% | F1: 77.77%/68.75% | Time: fit=017s, train=003s, test=001s, total=020s
Epoch 147: Train%/Test% | Accuracy: 77.96%/69.81% | Precision: 77.57%/68.09% | Recall: 78.20%/68.89% | F1: 77.69%/68.32% | Time: fit=017s, train=003s, test=001s, total=020s
Epoch 148: Train%/Test% | Accuracy: 78.67%/69.81% | Precision: 78.31%/68.09% | Recall: 78.97%/68.89% | F1: 78.42%/68.32% | Time: fit=016s, train=003s, test=001s, total=020s
Epoch 149: Train%/Test% | Accuracy: 78.08%/69.34% | Precision: 77.68%/67.68% | Recall: 78.30%/68.51% | F1: 77.80%/67.89% | Time: fit=017s, train=003s, test=001s, total=020s
Epoch 150: Train%/Test% | Accuracy: 78.20%/69.81% | Precision: 77.85%/68.23% | Recall: 78.52%/69.15% | F1: 77.95%/68.45% | Time: fit=017s, train=003s, test=000s, total=020s
