[nltk_data] Downloading package wordnet to /home/bjorvl16/nltk_data...
[nltk_data]   Package wordnet is already up-to-date!
[nltk_data] Downloading package stopwords to
[nltk_data]     /home/bjorvl16/nltk_data...
[nltk_data]   Package stopwords is already up-to-date!
[*] Load dataset...
[*] Fix malformed data...
[*] Split...
[*] Encoding...
[*] Encoding feature: domain... 34
==============================
Using GPU for training
Dataset: FakeNewsNet-politifact
TMU params: num-clauses=5000, T=250, s=5.0
Epochs: 150
Feature(s): domain
max-vocab=15000, max-domain=500, max-tweet=500
====================
Train size: 844
Train classes: 2
Test size: 212
Test classes: 2
Total features: 34
==============================
[*] Training for 150 epochs...
Epoch   1: Train%/Test% | Accuracy: 72.16%/76.89% | Precision: 71.64%/75.42% | Recall: 72.06%/76.63% | F1: 71.74%/75.80% | Time: fit=004s, train=000s, test=000s, total=005s
Epoch   2: Train%/Test% | Accuracy: 76.90%/81.13% | Precision: 76.53%/79.72% | Recall: 75.55%/79.72% | F1: 75.88%/79.72% | Time: fit=002s, train=000s, test=000s, total=003s
Epoch   3: Train%/Test% | Accuracy: 77.01%/80.19% | Precision: 76.50%/78.67% | Recall: 75.97%/79.24% | F1: 76.18%/78.92% | Time: fit=002s, train=000s, test=000s, total=003s
Epoch   4: Train%/Test% | Accuracy: 77.25%/80.66% | Precision: 76.75%/79.17% | Recall: 76.21%/79.61% | F1: 76.42%/79.37% | Time: fit=002s, train=000s, test=000s, total=003s
Epoch   5: Train%/Test% | Accuracy: 77.61%/80.19% | Precision: 77.99%/78.83% | Recall: 75.62%/78.17% | F1: 76.17%/78.46% | Time: fit=002s, train=000s, test=000s, total=003s
Epoch   6: Train%/Test% | Accuracy: 78.67%/82.08% | Precision: 80.00%/81.19% | Recall: 76.26%/79.66% | F1: 76.96%/80.28% | Time: fit=002s, train=000s, test=000s, total=003s
Epoch   7: Train%/Test% | Accuracy: 78.32%/79.72% | Precision: 79.17%/78.46% | Recall: 76.11%/77.26% | F1: 76.75%/77.75% | Time: fit=002s, train=000s, test=000s, total=003s
Epoch   8: Train%/Test% | Accuracy: 79.98%/81.13% | Precision: 80.14%/79.68% | Recall: 78.40%/79.98% | F1: 78.92%/79.82% | Time: fit=002s, train=000s, test=000s, total=003s
Epoch   9: Train%/Test% | Accuracy: 79.15%/80.19% | Precision: 79.63%/78.75% | Recall: 77.26%/78.43% | F1: 77.85%/78.59% | Time: fit=002s, train=000s, test=000s, total=003s
Epoch  10: Train%/Test% | Accuracy: 79.03%/81.13% | Precision: 79.07%/79.68% | Recall: 77.47%/79.98% | F1: 77.95%/79.82% | Time: fit=002s, train=000s, test=000s, total=003s
Epoch  11: Train%/Test% | Accuracy: 79.38%/82.08% | Precision: 79.35%/80.73% | Recall: 77.93%/80.73% | F1: 78.38%/80.73% | Time: fit=002s, train=000s, test=000s, total=003s
Epoch  12: Train%/Test% | Accuracy: 79.86%/81.60% | Precision: 80.09%/80.25% | Recall: 78.22%/80.09% | F1: 78.76%/80.17% | Time: fit=002s, train=000s, test=000s, total=003s
Epoch  13: Train%/Test% | Accuracy: 79.03%/81.13% | Precision: 79.30%/79.78% | Recall: 77.27%/79.45% | F1: 77.82%/79.61% | Time: fit=002s, train=000s, test=000s, total=003s
Epoch  14: Train%/Test% | Accuracy: 79.03%/81.13% | Precision: 79.47%/79.78% | Recall: 77.16%/79.45% | F1: 77.74%/79.61% | Time: fit=002s, train=000s, test=000s, total=003s
Epoch  15: Train%/Test% | Accuracy: 79.62%/81.60% | Precision: 80.41%/80.34% | Recall: 77.59%/79.82% | F1: 78.25%/80.06% | Time: fit=002s, train=000s, test=000s, total=003s
Epoch  16: Train%/Test% | Accuracy: 80.45%/82.55% | Precision: 82.63%/82.02% | Recall: 77.87%/79.76% | F1: 78.71%/80.61% | Time: fit=002s, train=000s, test=000s, total=003s
Epoch  17: Train%/Test% | Accuracy: 80.81%/82.55% | Precision: 82.70%/82.55% | Recall: 78.37%/79.23% | F1: 79.21%/80.34% | Time: fit=002s, train=000s, test=000s, total=003s
Epoch  18: Train%/Test% | Accuracy: 80.21%/81.13% | Precision: 83.03%/81.29% | Recall: 77.39%/77.31% | F1: 78.26%/78.51% | Time: fit=002s, train=000s, test=000s, total=003s
Epoch  19: Train%/Test% | Accuracy: 81.16%/82.55% | Precision: 83.49%/82.55% | Recall: 78.60%/79.23% | F1: 79.49%/80.34% | Time: fit=002s, train=000s, test=000s, total=003s
Epoch  20: Train%/Test% | Accuracy: 81.87%/83.96% | Precision: 84.01%/84.08% | Recall: 79.45%/80.88% | F1: 80.35%/82.00% | Time: fit=002s, train=000s, test=000s, total=003s
Epoch  21: Train%/Test% | Accuracy: 82.23%/83.02% | Precision: 84.27%/82.69% | Recall: 79.87%/80.14% | F1: 80.77%/81.07% | Time: fit=002s, train=000s, test=000s, total=003s
Epoch  22: Train%/Test% | Accuracy: 81.87%/83.96% | Precision: 84.01%/83.79% | Recall: 79.45%/81.15% | F1: 80.35%/82.12% | Time: fit=002s, train=000s, test=000s, total=003s
Epoch  23: Train%/Test% | Accuracy: 82.23%/84.43% | Precision: 83.70%/83.96% | Recall: 80.11%/82.06% | F1: 80.93%/82.82% | Time: fit=002s, train=000s, test=000s, total=003s
Epoch  24: Train%/Test% | Accuracy: 82.46%/84.91% | Precision: 83.26%/84.19% | Recall: 80.70%/82.97% | F1: 81.40%/83.49% | Time: fit=002s, train=000s, test=000s, total=003s
Epoch  25: Train%/Test% | Accuracy: 82.46%/83.96% | Precision: 83.40%/82.98% | Recall: 80.62%/82.22% | F1: 81.35%/82.57% | Time: fit=002s, train=000s, test=000s, total=003s
Epoch  26: Train%/Test% | Accuracy: 82.35%/83.96% | Precision: 83.88%/83.32% | Recall: 80.21%/81.69% | F1: 81.05%/82.35% | Time: fit=002s, train=000s, test=000s, total=003s
Epoch  27: Train%/Test% | Accuracy: 82.23%/83.96% | Precision: 83.21%/83.32% | Recall: 80.34%/81.69% | F1: 81.08%/82.35% | Time: fit=002s, train=000s, test=000s, total=003s
Epoch  28: Train%/Test% | Accuracy: 82.58%/84.91% | Precision: 84.15%/84.39% | Recall: 80.45%/82.70% | F1: 81.30%/83.39% | Time: fit=002s, train=000s, test=000s, total=003s
Epoch  29: Train%/Test% | Accuracy: 82.94%/84.43% | Precision: 84.51%/83.58% | Recall: 80.84%/82.60% | F1: 81.69%/83.03% | Time: fit=002s, train=000s, test=000s, total=003s
Epoch  30: Train%/Test% | Accuracy: 82.35%/83.96% | Precision: 83.31%/82.86% | Recall: 80.48%/82.49% | F1: 81.22%/82.66% | Time: fit=002s, train=000s, test=000s, total=003s
Epoch  31: Train%/Test% | Accuracy: 82.46%/84.43% | Precision: 83.71%/83.96% | Recall: 80.47%/82.06% | F1: 81.26%/82.82% | Time: fit=002s, train=000s, test=000s, total=003s
Epoch  32: Train%/Test% | Accuracy: 83.06%/83.49% | Precision: 84.18%/82.69% | Recall: 81.17%/81.31% | F1: 81.95%/81.89% | Time: fit=002s, train=000s, test=000s, total=003s
Epoch  33: Train%/Test% | Accuracy: 83.53%/84.43% | Precision: 84.20%/83.43% | Recall: 81.94%/82.86% | F1: 82.60%/83.13% | Time: fit=002s, train=000s, test=000s, total=003s
Epoch  34: Train%/Test% | Accuracy: 83.77%/84.43% | Precision: 84.46%/83.43% | Recall: 82.18%/82.86% | F1: 82.85%/83.13% | Time: fit=002s, train=000s, test=000s, total=003s
Epoch  35: Train%/Test% | Accuracy: 83.29%/85.85% | Precision: 84.08%/85.06% | Recall: 81.61%/84.25% | F1: 82.31%/84.62% | Time: fit=002s, train=000s, test=000s, total=003s
Epoch  36: Train%/Test% | Accuracy: 82.94%/85.38% | Precision: 84.25%/85.04% | Recall: 80.95%/83.08% | F1: 81.77%/83.86% | Time: fit=002s, train=000s, test=000s, total=003s
Epoch  37: Train%/Test% | Accuracy: 82.82%/84.43% | Precision: 83.42%/83.31% | Recall: 81.21%/83.13% | F1: 81.85%/83.22% | Time: fit=002s, train=000s, test=000s, total=003s
Epoch  38: Train%/Test% | Accuracy: 82.58%/84.43% | Precision: 82.93%/83.23% | Recall: 81.12%/83.40% | F1: 81.68%/83.31% | Time: fit=002s, train=000s, test=000s, total=003s
Epoch  39: Train%/Test% | Accuracy: 82.11%/83.96% | Precision: 82.41%/82.76% | Recall: 80.63%/82.76% | F1: 81.19%/82.76% | Time: fit=002s, train=000s, test=000s, total=003s
Epoch  40: Train%/Test% | Accuracy: 81.87%/83.02% | Precision: 81.80%/81.64% | Recall: 80.70%/82.55% | F1: 81.10%/82.02% | Time: fit=002s, train=000s, test=000s, total=003s
Epoch  41: Train%/Test% | Accuracy: 82.23%/81.60% | Precision: 82.09%/80.17% | Recall: 81.17%/81.16% | F1: 81.51%/80.57% | Time: fit=002s, train=000s, test=000s, total=003s
Epoch  42: Train%/Test% | Accuracy: 83.18%/83.49% | Precision: 83.60%/82.22% | Recall: 81.71%/82.39% | F1: 82.30%/82.30% | Time: fit=002s, train=000s, test=000s, total=003s
Epoch  43: Train%/Test% | Accuracy: 82.35%/82.08% | Precision: 82.39%/80.66% | Recall: 81.11%/81.27% | F1: 81.55%/80.93% | Time: fit=002s, train=000s, test=000s, total=003s
Epoch  44: Train%/Test% | Accuracy: 83.77%/83.96% | Precision: 84.98%/82.98% | Recall: 81.90%/82.22% | F1: 82.71%/82.57% | Time: fit=002s, train=000s, test=000s, total=003s
Epoch  45: Train%/Test% | Accuracy: 83.89%/83.02% | Precision: 84.92%/81.83% | Recall: 82.12%/81.48% | F1: 82.89%/81.65% | Time: fit=002s, train=000s, test=000s, total=003s
Epoch  46: Train%/Test% | Accuracy: 83.41%/84.43% | Precision: 84.39%/83.43% | Recall: 81.64%/82.86% | F1: 82.38%/83.13% | Time: fit=002s, train=000s, test=000s, total=003s
Epoch  47: Train%/Test% | Accuracy: 83.53%/83.02% | Precision: 84.48%/81.83% | Recall: 81.78%/81.48% | F1: 82.52%/81.65% | Time: fit=002s, train=000s, test=000s, total=003s
Epoch  48: Train%/Test% | Accuracy: 83.53%/82.55% | Precision: 84.08%/81.27% | Recall: 82.01%/81.10% | F1: 82.64%/81.19% | Time: fit=002s, train=000s, test=000s, total=003s
Epoch  49: Train%/Test% | Accuracy: 84.72%/83.49% | Precision: 86.32%/82.53% | Recall: 82.76%/81.58% | F1: 83.65%/82.00% | Time: fit=002s, train=000s, test=000s, total=003s
Epoch  50: Train%/Test% | Accuracy: 84.95%/83.96% | Precision: 86.40%/82.98% | Recall: 83.08%/82.22% | F1: 83.95%/82.57% | Time: fit=002s, train=000s, test=000s, total=003s
Epoch  51: Train%/Test% | Accuracy: 84.48%/84.43% | Precision: 85.78%/83.58% | Recall: 82.63%/82.60% | F1: 83.46%/83.03% | Time: fit=002s, train=000s, test=000s, total=003s
Epoch  52: Train%/Test% | Accuracy: 84.60%/84.43% | Precision: 85.71%/83.58% | Recall: 82.85%/82.60% | F1: 83.64%/83.03% | Time: fit=002s, train=000s, test=000s, total=003s
Epoch  53: Train%/Test% | Accuracy: 84.48%/84.91% | Precision: 86.33%/84.19% | Recall: 82.40%/82.97% | F1: 83.34%/83.49% | Time: fit=002s, train=000s, test=000s, total=003s
Epoch  54: Train%/Test% | Accuracy: 84.00%/85.38% | Precision: 85.89%/84.81% | Recall: 81.87%/83.34% | F1: 82.80%/83.96% | Time: fit=002s, train=000s, test=000s, total=003s
Epoch  55: Train%/Test% | Accuracy: 83.41%/83.96% | Precision: 86.13%/84.08% | Recall: 80.93%/80.88% | F1: 81.95%/82.00% | Time: fit=002s, train=000s, test=000s, total=003s
Epoch  56: Train%/Test% | Accuracy: 83.53%/83.96% | Precision: 86.09%/84.41% | Recall: 81.11%/80.62% | F1: 82.12%/81.87% | Time: fit=002s, train=000s, test=000s, total=003s
Epoch  57: Train%/Test% | Accuracy: 83.77%/85.85% | Precision: 85.82%/85.99% | Recall: 81.55%/83.18% | F1: 82.50%/84.23% | Time: fit=002s, train=000s, test=000s, total=003s
Epoch  58: Train%/Test% | Accuracy: 84.60%/84.91% | Precision: 86.73%/84.39% | Recall: 82.42%/82.70% | F1: 83.41%/83.39% | Time: fit=002s, train=000s, test=000s, total=003s
Epoch  59: Train%/Test% | Accuracy: 84.36%/84.43% | Precision: 86.56%/83.96% | Recall: 82.14%/82.06% | F1: 83.13%/82.82% | Time: fit=002s, train=000s, test=000s, total=003s
Epoch  60: Train%/Test% | Accuracy: 84.60%/84.91% | Precision: 86.62%/84.39% | Recall: 82.46%/82.70% | F1: 83.43%/83.39% | Time: fit=002s, train=000s, test=000s, total=003s
Epoch  61: Train%/Test% | Accuracy: 84.72%/84.43% | Precision: 86.32%/83.75% | Recall: 82.76%/82.33% | F1: 83.65%/82.93% | Time: fit=002s, train=000s, test=000s, total=003s
Epoch  62: Train%/Test% | Accuracy: 84.60%/84.91% | Precision: 86.13%/84.39% | Recall: 82.66%/82.70% | F1: 83.54%/83.39% | Time: fit=002s, train=000s, test=000s, total=003s
Epoch  63: Train%/Test% | Accuracy: 84.36%/84.43% | Precision: 85.78%/83.96% | Recall: 82.45%/82.06% | F1: 83.31%/82.82% | Time: fit=002s, train=000s, test=000s, total=003s
Epoch  64: Train%/Test% | Accuracy: 84.60%/83.96% | Precision: 85.87%/83.32% | Recall: 82.78%/81.69% | F1: 83.60%/82.35% | Time: fit=002s, train=000s, test=000s, total=003s
Epoch  65: Train%/Test% | Accuracy: 84.72%/83.49% | Precision: 86.92%/83.11% | Recall: 82.52%/80.78% | F1: 83.52%/81.66% | Time: fit=002s, train=000s, test=000s, total=003s
Epoch  66: Train%/Test% | Accuracy: 84.95%/84.43% | Precision: 85.84%/83.43% | Recall: 83.36%/82.86% | F1: 84.09%/83.13% | Time: fit=002s, train=000s, test=000s, total=003s
Epoch  67: Train%/Test% | Accuracy: 84.95%/83.02% | Precision: 85.99%/82.08% | Recall: 83.28%/80.94% | F1: 84.05%/81.43% | Time: fit=002s, train=000s, test=000s, total=003s
Epoch  68: Train%/Test% | Accuracy: 83.77%/84.43% | Precision: 83.77%/83.16% | Recall: 82.69%/83.67% | F1: 83.09%/83.40% | Time: fit=002s, train=000s, test=000s, total=003s
Epoch  69: Train%/Test% | Accuracy: 85.31%/83.49% | Precision: 86.27%/82.40% | Recall: 83.70%/81.85% | F1: 84.45%/82.10% | Time: fit=002s, train=000s, test=000s, total=003s
Epoch  70: Train%/Test% | Accuracy: 83.89%/82.55% | Precision: 84.56%/81.27% | Recall: 82.32%/81.10% | F1: 82.99%/81.19% | Time: fit=002s, train=000s, test=000s, total=003s
Epoch  71: Train%/Test% | Accuracy: 83.18%/81.60% | Precision: 83.17%/80.16% | Recall: 82.06%/80.89% | F1: 82.46%/80.47% | Time: fit=002s, train=000s, test=000s, total=003s
Epoch  72: Train%/Test% | Accuracy: 84.48%/84.43% | Precision: 84.93%/83.31% | Recall: 83.10%/83.13% | F1: 83.70%/83.22% | Time: fit=002s, train=000s, test=000s, total=003s
Epoch  73: Train%/Test% | Accuracy: 84.48%/84.91% | Precision: 85.05%/84.19% | Recall: 83.03%/82.97% | F1: 83.66%/83.49% | Time: fit=002s, train=000s, test=000s, total=003s
Epoch  74: Train%/Test% | Accuracy: 84.36%/83.96% | Precision: 85.02%/83.13% | Recall: 82.85%/81.96% | F1: 83.51%/82.46% | Time: fit=002s, train=000s, test=000s, total=003s
Epoch  75: Train%/Test% | Accuracy: 84.83%/84.43% | Precision: 86.31%/83.75% | Recall: 82.94%/82.33% | F1: 83.81%/82.93% | Time: fit=002s, train=000s, test=000s, total=003s
Epoch  76: Train%/Test% | Accuracy: 84.95%/85.85% | Precision: 86.98%/85.99% | Recall: 82.85%/83.18% | F1: 83.82%/84.23% | Time: fit=002s, train=000s, test=000s, total=003s
Epoch  77: Train%/Test% | Accuracy: 84.95%/84.91% | Precision: 86.49%/84.02% | Recall: 83.04%/83.24% | F1: 83.93%/83.59% | Time: fit=002s, train=000s, test=000s, total=003s
Epoch  78: Train%/Test% | Accuracy: 84.72%/84.43% | Precision: 85.80%/83.58% | Recall: 82.99%/82.60% | F1: 83.78%/83.03% | Time: fit=002s, train=000s, test=000s, total=003s
Epoch  79: Train%/Test% | Accuracy: 85.43%/84.43% | Precision: 86.08%/83.31% | Recall: 84.00%/83.13% | F1: 84.66%/83.22% | Time: fit=002s, train=000s, test=000s, total=003s
Epoch  80: Train%/Test% | Accuracy: 84.48%/83.96% | Precision: 85.25%/82.76% | Recall: 82.91%/82.76% | F1: 83.60%/82.76% | Time: fit=002s, train=000s, test=000s, total=003s
Epoch  81: Train%/Test% | Accuracy: 85.07%/82.08% | Precision: 85.66%/80.66% | Recall: 83.65%/81.27% | F1: 84.29%/80.93% | Time: fit=002s, train=000s, test=000s, total=003s
Epoch  82: Train%/Test% | Accuracy: 85.07%/83.49% | Precision: 87.07%/82.69% | Recall: 82.99%/81.31% | F1: 83.96%/81.89% | Time: fit=002s, train=000s, test=000s, total=003s
Epoch  83: Train%/Test% | Accuracy: 85.07%/84.43% | Precision: 86.58%/83.58% | Recall: 83.18%/82.60% | F1: 84.07%/83.03% | Time: fit=002s, train=000s, test=000s, total=003s
Epoch  84: Train%/Test% | Accuracy: 85.07%/83.96% | Precision: 87.39%/83.32% | Recall: 82.87%/81.69% | F1: 83.90%/82.35% | Time: fit=002s, train=000s, test=000s, total=003s
Epoch  85: Train%/Test% | Accuracy: 84.95%/83.49% | Precision: 86.98%/82.69% | Recall: 82.85%/81.31% | F1: 83.82%/81.89% | Time: fit=002s, train=000s, test=000s, total=003s
Epoch  86: Train%/Test% | Accuracy: 84.72%/83.02% | Precision: 86.81%/82.08% | Recall: 82.56%/80.94% | F1: 83.55%/81.43% | Time: fit=002s, train=000s, test=000s, total=003s
Epoch  87: Train%/Test% | Accuracy: 85.19%/82.55% | Precision: 87.26%/81.49% | Recall: 83.09%/80.57% | F1: 84.08%/80.97% | Time: fit=002s, train=000s, test=000s, total=003s
Epoch  88: Train%/Test% | Accuracy: 84.95%/82.55% | Precision: 86.98%/81.37% | Recall: 82.85%/80.84% | F1: 83.82%/81.08% | Time: fit=002s, train=000s, test=000s, total=003s
Epoch  89: Train%/Test% | Accuracy: 85.66%/83.49% | Precision: 87.59%/82.69% | Recall: 83.65%/81.31% | F1: 84.63%/81.89% | Time: fit=002s, train=000s, test=000s, total=003s
Epoch  90: Train%/Test% | Accuracy: 85.66%/83.02% | Precision: 87.39%/82.25% | Recall: 83.73%/80.67% | F1: 84.67%/81.32% | Time: fit=002s, train=000s, test=000s, total=003s
Epoch  91: Train%/Test% | Accuracy: 85.19%/83.02% | Precision: 87.82%/82.46% | Recall: 82.89%/80.41% | F1: 83.97%/81.20% | Time: fit=002s, train=000s, test=000s, total=003s
Epoch  92: Train%/Test% | Accuracy: 84.95%/81.13% | Precision: 87.54%/80.29% | Recall: 82.65%/78.38% | F1: 83.71%/79.11% | Time: fit=002s, train=000s, test=000s, total=003s
Epoch  93: Train%/Test% | Accuracy: 85.43%/82.55% | Precision: 87.32%/81.64% | Recall: 83.41%/80.30% | F1: 84.37%/80.86% | Time: fit=002s, train=000s, test=000s, total=003s
Epoch  94: Train%/Test% | Accuracy: 85.31%/82.55% | Precision: 87.34%/81.81% | Recall: 83.23%/80.03% | F1: 84.22%/80.74% | Time: fit=002s, train=000s, test=000s, total=003s
Epoch  95: Train%/Test% | Accuracy: 84.95%/83.49% | Precision: 87.20%/83.11% | Recall: 82.77%/80.78% | F1: 83.78%/81.66% | Time: fit=002s, train=000s, test=000s, total=003s
Epoch  96: Train%/Test% | Accuracy: 85.31%/83.02% | Precision: 87.14%/82.46% | Recall: 83.31%/80.41% | F1: 84.26%/81.20% | Time: fit=002s, train=000s, test=000s, total=003s
Epoch  97: Train%/Test% | Accuracy: 85.55%/83.96% | Precision: 87.03%/82.98% | Recall: 83.71%/82.22% | F1: 84.59%/82.57% | Time: fit=002s, train=000s, test=000s, total=003s
Epoch  98: Train%/Test% | Accuracy: 85.90%/84.43% | Precision: 87.21%/83.58% | Recall: 84.17%/82.60% | F1: 85.02%/83.03% | Time: fit=002s, train=000s, test=000s, total=003s
Epoch  99: Train%/Test% | Accuracy: 85.19%/83.49% | Precision: 86.86%/82.69% | Recall: 83.25%/81.31% | F1: 84.16%/81.89% | Time: fit=002s, train=000s, test=000s, total=003s
Epoch 100: Train%/Test% | Accuracy: 85.90%/83.49% | Precision: 86.88%/82.40% | Recall: 84.33%/81.85% | F1: 85.09%/82.10% | Time: fit=002s, train=000s, test=000s, total=003s
Epoch 101: Train%/Test% | Accuracy: 86.02%/84.43% | Precision: 87.38%/83.58% | Recall: 84.27%/82.60% | F1: 85.13%/83.03% | Time: fit=002s, train=000s, test=000s, total=003s
Epoch 102: Train%/Test% | Accuracy: 85.55%/83.49% | Precision: 86.94%/82.69% | Recall: 83.75%/81.31% | F1: 84.61%/81.89% | Time: fit=002s, train=000s, test=000s, total=003s
Epoch 103: Train%/Test% | Accuracy: 85.43%/83.49% | Precision: 86.68%/83.11% | Recall: 83.69%/80.78% | F1: 84.51%/81.66% | Time: fit=002s, train=000s, test=000s, total=003s
Epoch 104: Train%/Test% | Accuracy: 85.55%/83.96% | Precision: 87.21%/83.54% | Recall: 83.63%/81.42% | F1: 84.55%/82.24% | Time: fit=002s, train=000s, test=000s, total=003s
Epoch 105: Train%/Test% | Accuracy: 85.31%/84.43% | Precision: 86.76%/83.75% | Recall: 83.47%/82.33% | F1: 84.34%/82.93% | Time: fit=002s, train=000s, test=000s, total=003s
Epoch 106: Train%/Test% | Accuracy: 85.43%/82.55% | Precision: 86.59%/81.27% | Recall: 83.72%/81.10% | F1: 84.53%/81.19% | Time: fit=002s, train=000s, test=000s, total=003s
Epoch 107: Train%/Test% | Accuracy: 85.66%/83.49% | Precision: 86.34%/82.29% | Recall: 84.24%/82.12% | F1: 84.91%/82.20% | Time: fit=002s, train=000s, test=000s, total=003s
Epoch 108: Train%/Test% | Accuracy: 85.90%/83.49% | Precision: 87.12%/82.40% | Recall: 84.21%/81.85% | F1: 85.03%/82.10% | Time: fit=002s, train=000s, test=000s, total=003s
Epoch 109: Train%/Test% | Accuracy: 85.66%/83.96% | Precision: 86.34%/82.86% | Recall: 84.24%/82.49% | F1: 84.91%/82.66% | Time: fit=002s, train=000s, test=000s, total=003s
Epoch 110: Train%/Test% | Accuracy: 86.02%/83.49% | Precision: 87.56%/82.53% | Recall: 84.20%/81.58% | F1: 85.10%/82.00% | Time: fit=002s, train=000s, test=000s, total=003s
Epoch 111: Train%/Test% | Accuracy: 85.66%/84.91% | Precision: 87.03%/84.19% | Recall: 83.89%/82.97% | F1: 84.75%/83.49% | Time: fit=002s, train=000s, test=000s, total=003s
Epoch 112: Train%/Test% | Accuracy: 86.26%/83.49% | Precision: 87.48%/82.53% | Recall: 84.60%/81.58% | F1: 85.42%/82.00% | Time: fit=002s, train=000s, test=000s, total=003s
Epoch 113: Train%/Test% | Accuracy: 85.55%/83.49% | Precision: 86.38%/82.40% | Recall: 84.02%/81.85% | F1: 84.74%/82.10% | Time: fit=002s, train=000s, test=000s, total=003s
Epoch 114: Train%/Test% | Accuracy: 85.43%/83.02% | Precision: 86.76%/82.25% | Recall: 83.65%/80.67% | F1: 84.49%/81.32% | Time: fit=002s, train=000s, test=000s, total=003s
Epoch 115: Train%/Test% | Accuracy: 85.43%/83.02% | Precision: 86.85%/81.94% | Recall: 83.61%/81.21% | F1: 84.47%/81.54% | Time: fit=002s, train=000s, test=000s, total=003s
Epoch 116: Train%/Test% | Accuracy: 85.31%/82.08% | Precision: 86.59%/80.73% | Recall: 83.54%/80.73% | F1: 84.38%/80.73% | Time: fit=002s, train=000s, test=000s, total=003s
Epoch 117: Train%/Test% | Accuracy: 86.02%/81.60% | Precision: 86.83%/80.25% | Recall: 84.55%/80.09% | F1: 85.26%/80.17% | Time: fit=002s, train=000s, test=000s, total=003s
Epoch 118: Train%/Test% | Accuracy: 85.55%/82.08% | Precision: 87.31%/81.19% | Recall: 83.59%/79.66% | F1: 84.53%/80.28% | Time: fit=002s, train=000s, test=000s, total=003s
Epoch 119: Train%/Test% | Accuracy: 85.31%/83.96% | Precision: 87.56%/83.54% | Recall: 83.15%/81.42% | F1: 84.17%/82.24% | Time: fit=002s, train=000s, test=000s, total=003s
Epoch 120: Train%/Test% | Accuracy: 85.90%/83.49% | Precision: 88.54%/83.11% | Recall: 83.66%/80.78% | F1: 84.76%/81.66% | Time: fit=002s, train=000s, test=000s, total=003s
Epoch 121: Train%/Test% | Accuracy: 85.43%/83.49% | Precision: 86.76%/82.69% | Recall: 83.65%/81.31% | F1: 84.49%/81.89% | Time: fit=002s, train=000s, test=000s, total=003s
Epoch 122: Train%/Test% | Accuracy: 85.19%/82.08% | Precision: 85.96%/80.80% | Recall: 83.68%/80.46% | F1: 84.37%/80.63% | Time: fit=002s, train=000s, test=000s, total=003s
Epoch 123: Train%/Test% | Accuracy: 85.31%/82.55% | Precision: 85.92%/81.21% | Recall: 83.90%/81.37% | F1: 84.54%/81.29% | Time: fit=002s, train=000s, test=000s, total=003s
Epoch 124: Train%/Test% | Accuracy: 85.90%/82.55% | Precision: 86.67%/81.27% | Recall: 84.45%/81.10% | F1: 85.14%/81.19% | Time: fit=002s, train=000s, test=000s, total=003s
Epoch 125: Train%/Test% | Accuracy: 85.90%/83.96% | Precision: 87.21%/83.54% | Recall: 84.17%/81.42% | F1: 85.02%/82.24% | Time: fit=002s, train=000s, test=000s, total=003s
Epoch 126: Train%/Test% | Accuracy: 85.55%/83.02% | Precision: 86.25%/81.75% | Recall: 84.10%/81.75% | F1: 84.77%/81.75% | Time: fit=002s, train=000s, test=000s, total=003s
Epoch 127: Train%/Test% | Accuracy: 85.43%/83.49% | Precision: 86.68%/82.69% | Recall: 83.69%/81.31% | F1: 84.51%/81.89% | Time: fit=002s, train=000s, test=000s, total=003s
Epoch 128: Train%/Test% | Accuracy: 86.02%/83.49% | Precision: 86.98%/82.40% | Recall: 84.47%/81.85% | F1: 85.22%/82.10% | Time: fit=002s, train=000s, test=000s, total=003s
Epoch 129: Train%/Test% | Accuracy: 85.66%/83.96% | Precision: 86.70%/82.86% | Recall: 84.05%/82.49% | F1: 84.82%/82.66% | Time: fit=002s, train=000s, test=000s, total=003s
Epoch 130: Train%/Test% | Accuracy: 85.55%/83.49% | Precision: 86.38%/82.29% | Recall: 84.02%/82.12% | F1: 84.74%/82.20% | Time: fit=002s, train=000s, test=000s, total=003s
Epoch 131: Train%/Test% | Accuracy: 86.02%/83.49% | Precision: 87.21%/82.40% | Recall: 84.35%/81.85% | F1: 85.17%/82.10% | Time: fit=002s, train=000s, test=000s, total=003s
Epoch 132: Train%/Test% | Accuracy: 86.02%/83.96% | Precision: 87.21%/82.98% | Recall: 84.35%/82.22% | F1: 85.17%/82.57% | Time: fit=002s, train=000s, test=000s, total=003s
Epoch 133: Train%/Test% | Accuracy: 86.14%/83.96% | Precision: 87.84%/83.13% | Recall: 84.26%/81.96% | F1: 85.19%/82.46% | Time: fit=002s, train=000s, test=000s, total=003s
Epoch 134: Train%/Test% | Accuracy: 85.55%/83.49% | Precision: 87.61%/82.89% | Recall: 83.47%/81.05% | F1: 84.47%/81.78% | Time: fit=002s, train=000s, test=000s, total=003s
Epoch 135: Train%/Test% | Accuracy: 85.78%/83.49% | Precision: 87.29%/82.89% | Recall: 83.95%/81.05% | F1: 84.84%/81.78% | Time: fit=002s, train=000s, test=000s, total=003s
Epoch 136: Train%/Test% | Accuracy: 85.66%/82.55% | Precision: 87.59%/81.81% | Recall: 83.65%/80.03% | F1: 84.63%/80.74% | Time: fit=002s, train=000s, test=000s, total=003s
Epoch 137: Train%/Test% | Accuracy: 85.07%/83.49% | Precision: 87.28%/83.67% | Recall: 82.91%/80.24% | F1: 83.92%/81.40% | Time: fit=002s, train=000s, test=000s, total=003s
Epoch 138: Train%/Test% | Accuracy: 85.43%/83.02% | Precision: 87.12%/82.46% | Recall: 83.49%/80.41% | F1: 84.42%/81.20% | Time: fit=002s, train=000s, test=000s, total=003s
Epoch 139: Train%/Test% | Accuracy: 86.02%/83.02% | Precision: 87.30%/81.83% | Recall: 84.31%/81.48% | F1: 85.15%/81.65% | Time: fit=002s, train=000s, test=000s, total=003s
Epoch 140: Train%/Test% | Accuracy: 85.55%/80.66% | Precision: 86.00%/79.23% | Recall: 84.26%/80.42% | F1: 84.84%/79.66% | Time: fit=002s, train=000s, test=000s, total=003s
Epoch 141: Train%/Test% | Accuracy: 86.14%/82.55% | Precision: 87.07%/81.27% | Recall: 84.61%/81.10% | F1: 85.36%/81.19% | Time: fit=002s, train=000s, test=000s, total=003s
Epoch 142: Train%/Test% | Accuracy: 85.90%/81.13% | Precision: 87.04%/79.68% | Recall: 84.25%/79.98% | F1: 85.05%/79.82% | Time: fit=002s, train=000s, test=000s, total=003s
Epoch 143: Train%/Test% | Accuracy: 86.14%/81.13% | Precision: 87.00%/79.68% | Recall: 84.65%/79.98% | F1: 85.37%/79.82% | Time: fit=002s, train=000s, test=000s, total=003s
Epoch 144: Train%/Test% | Accuracy: 86.14%/82.08% | Precision: 86.93%/80.73% | Recall: 84.69%/80.73% | F1: 85.39%/80.73% | Time: fit=002s, train=000s, test=000s, total=003s
Epoch 145: Train%/Test% | Accuracy: 86.73%/82.55% | Precision: 88.00%/81.27% | Recall: 85.08%/81.10% | F1: 85.92%/81.19% | Time: fit=002s, train=000s, test=000s, total=003s
Epoch 146: Train%/Test% | Accuracy: 86.02%/83.02% | Precision: 87.05%/81.75% | Recall: 84.43%/81.75% | F1: 85.20%/81.75% | Time: fit=002s, train=000s, test=000s, total=003s
Epoch 147: Train%/Test% | Accuracy: 86.14%/83.02% | Precision: 87.22%/81.75% | Recall: 84.53%/81.75% | F1: 85.32%/81.75% | Time: fit=002s, train=000s, test=000s, total=003s
Epoch 148: Train%/Test% | Accuracy: 86.14%/81.60% | Precision: 87.30%/80.20% | Recall: 84.49%/80.36% | F1: 85.30%/80.28% | Time: fit=002s, train=000s, test=000s, total=003s
Epoch 149: Train%/Test% | Accuracy: 85.66%/80.66% | Precision: 86.48%/79.19% | Recall: 84.16%/80.15% | F1: 84.87%/79.57% | Time: fit=002s, train=000s, test=000s, total=002s
Epoch 150: Train%/Test% | Accuracy: 85.90%/81.60% | Precision: 86.53%/80.16% | Recall: 84.52%/80.89% | F1: 85.17%/80.47% | Time: fit=001s, train=000s, test=000s, total=001s
