[*] Load dataset...
[*] Fix malformed data...
[*] Split...
[*] Encoding...
[*] -> domain...
pipeline.py:185: SettingWithCopyWarning: 
A value is trying to be set on a copy of a slice from a DataFrame.
Try using .loc[row_indexer,col_indexer] = value instead

See the caveats in the documentation: https://pandas.pydata.org/pandas-docs/stable/user_guide/indexing.html#returning-a-view-versus-a-copy
  train_df['domain'] = train_df['url'].apply(extract_domain)
pipeline.py:186: SettingWithCopyWarning: 
A value is trying to be set on a copy of a slice from a DataFrame.
Try using .loc[row_indexer,col_indexer] = value instead

See the caveats in the documentation: https://pandas.pydata.org/pandas-docs/stable/user_guide/indexing.html#returning-a-view-versus-a-copy
  test_df['domain'] = test_df['url'].apply(extract_domain)
[*] Encoding complete!
==============================
Using GPU for training
Dataset: FakeNewsNet-gossipcop
TMU params: num-clauses=5000, T=200, s=15.0
Epochs: 150
Feature(s): domain
max-vocab=10000, max-domain=500, max-tweet=500
====================
Train size: 17712
Train classes: 2
Test size: 4428
Test classes: 2
Total features: 500
==============================
[*] Training for 150 epochs...
Epoch   1: Train%/Test% | Accuracy: 69.64%/68.97% | Precision: 63.14%/63.00% | Recall: 66.43%/66.51% | F1: 63.62%/63.33% | Time: fit=168s, train=033s, test=008s, total=210s
Epoch   2: Train%/Test% | Accuracy: 77.42%/77.37% | Precision: 68.42%/68.42% | Recall: 65.77%/65.78% | F1: 66.78%/66.78% | Time: fit=167s, train=033s, test=008s, total=208s
Epoch   3: Train%/Test% | Accuracy: 77.99%/77.96% | Precision: 69.37%/69.41% | Recall: 66.78%/67.03% | F1: 67.80%/67.98% | Time: fit=167s, train=033s, test=008s, total=208s
Epoch   4: Train%/Test% | Accuracy: 78.88%/78.93% | Precision: 70.76%/70.91% | Recall: 67.57%/67.51% | F1: 68.78%/68.78% | Time: fit=167s, train=032s, test=008s, total=207s
Epoch   5: Train%/Test% | Accuracy: 78.37%/78.43% | Precision: 70.03%/70.17% | Recall: 67.97%/67.91% | F1: 68.83%/68.84% | Time: fit=167s, train=032s, test=008s, total=207s
Epoch   6: Train%/Test% | Accuracy: 79.20%/79.11% | Precision: 71.27%/71.20% | Recall: 68.40%/68.20% | F1: 69.54%/69.37% | Time: fit=167s, train=032s, test=008s, total=207s
Epoch   7: Train%/Test% | Accuracy: 81.97%/82.02% | Precision: 80.84%/81.15% | Recall: 65.48%/65.58% | F1: 68.23%/68.36% | Time: fit=167s, train=032s, test=008s, total=207s
Epoch   8: Train%/Test% | Accuracy: 81.84%/81.89% | Precision: 79.95%/80.08% | Recall: 65.62%/65.81% | F1: 68.34%/68.54% | Time: fit=167s, train=032s, test=008s, total=207s
Epoch   9: Train%/Test% | Accuracy: 81.97%/81.87% | Precision: 80.31%/79.71% | Recall: 65.77%/65.99% | F1: 68.53%/68.71% | Time: fit=167s, train=032s, test=008s, total=207s
Epoch  10: Train%/Test% | Accuracy: 82.15%/81.91% | Precision: 79.99%/78.93% | Recall: 66.55%/66.72% | F1: 69.37%/69.43% | Time: fit=167s, train=032s, test=008s, total=207s
Epoch  11: Train%/Test% | Accuracy: 81.94%/81.66% | Precision: 78.38%/77.45% | Recall: 67.16%/67.26% | F1: 69.84%/69.82% | Time: fit=167s, train=032s, test=008s, total=207s
Epoch  12: Train%/Test% | Accuracy: 82.14%/81.87% | Precision: 78.48%/77.68% | Recall: 67.79%/67.78% | F1: 70.49%/70.36% | Time: fit=167s, train=032s, test=008s, total=207s
Epoch  13: Train%/Test% | Accuracy: 82.28%/82.02% | Precision: 78.55%/77.75% | Recall: 68.20%/68.30% | F1: 70.90%/70.87% | Time: fit=167s, train=032s, test=008s, total=207s
Epoch  14: Train%/Test% | Accuracy: 76.17%/74.64% | Precision: 68.44%/67.07% | Recall: 70.64%/69.70% | F1: 69.29%/67.97% | Time: fit=167s, train=032s, test=008s, total=207s
Epoch  15: Train%/Test% | Accuracy: 75.56%/74.16% | Precision: 68.02%/66.80% | Recall: 70.66%/69.71% | F1: 68.95%/67.71% | Time: fit=167s, train=032s, test=008s, total=207s
Epoch  16: Train%/Test% | Accuracy: 75.42%/73.69% | Precision: 67.97%/66.37% | Recall: 70.78%/69.33% | F1: 68.93%/67.25% | Time: fit=167s, train=032s, test=008s, total=207s
Epoch  17: Train%/Test% | Accuracy: 75.11%/73.51% | Precision: 67.85%/66.51% | Recall: 70.96%/69.85% | F1: 68.85%/67.41% | Time: fit=167s, train=032s, test=008s, total=207s
Epoch  18: Train%/Test% | Accuracy: 75.57%/74.10% | Precision: 68.03%/66.81% | Recall: 70.68%/69.82% | F1: 68.97%/67.73% | Time: fit=167s, train=032s, test=008s, total=206s
Epoch  19: Train%/Test% | Accuracy: 75.54%/73.64% | Precision: 68.10%/66.62% | Recall: 70.90%/69.94% | F1: 69.06%/67.53% | Time: fit=167s, train=032s, test=008s, total=207s
Epoch  20: Train%/Test% | Accuracy: 75.58%/74.21% | Precision: 68.01%/66.97% | Recall: 70.60%/70.06% | F1: 68.93%/67.91% | Time: fit=167s, train=032s, test=008s, total=207s
Epoch  21: Train%/Test% | Accuracy: 75.88%/73.62% | Precision: 68.27%/66.19% | Recall: 70.77%/69.03% | F1: 69.19%/67.06% | Time: fit=167s, train=032s, test=008s, total=207s
Epoch  22: Train%/Test% | Accuracy: 75.55%/73.83% | Precision: 68.07%/66.55% | Recall: 70.81%/69.58% | F1: 69.02%/67.46% | Time: fit=167s, train=032s, test=008s, total=206s
Epoch  23: Train%/Test% | Accuracy: 75.73%/73.58% | Precision: 68.24%/66.39% | Recall: 70.95%/69.51% | F1: 69.19%/67.28% | Time: fit=167s, train=032s, test=008s, total=207s
Epoch  24: Train%/Test% | Accuracy: 76.03%/74.03% | Precision: 68.50%/66.69% | Recall: 71.11%/69.65% | F1: 69.45%/67.60% | Time: fit=167s, train=032s, test=008s, total=206s
Epoch  25: Train%/Test% | Accuracy: 75.69%/73.58% | Precision: 68.33%/66.49% | Recall: 71.25%/69.74% | F1: 69.32%/67.40% | Time: fit=167s, train=032s, test=008s, total=206s
Epoch  26: Train%/Test% | Accuracy: 75.75%/73.83% | Precision: 68.45%/66.86% | Recall: 71.47%/70.25% | F1: 69.47%/67.79% | Time: fit=167s, train=032s, test=008s, total=206s
Epoch  27: Train%/Test% | Accuracy: 75.50%/73.58% | Precision: 68.16%/66.57% | Recall: 71.13%/69.90% | F1: 69.15%/67.47% | Time: fit=167s, train=032s, test=008s, total=207s
Epoch  28: Train%/Test% | Accuracy: 75.68%/73.96% | Precision: 68.38%/66.78% | Recall: 71.41%/69.93% | F1: 69.39%/67.70% | Time: fit=167s, train=032s, test=008s, total=206s
Epoch  29: Train%/Test% | Accuracy: 75.21%/73.31% | Precision: 68.00%/66.33% | Recall: 71.17%/69.69% | F1: 69.00%/67.22% | Time: fit=167s, train=032s, test=008s, total=206s
Epoch  30: Train%/Test% | Accuracy: 75.73%/73.94% | Precision: 68.36%/66.70% | Recall: 71.27%/69.78% | F1: 69.36%/67.62% | Time: fit=167s, train=032s, test=008s, total=207s
Epoch  31: Train%/Test% | Accuracy: 75.59%/73.71% | Precision: 68.26%/66.53% | Recall: 71.25%/69.67% | F1: 69.26%/67.44% | Time: fit=167s, train=032s, test=008s, total=206s
Epoch  32: Train%/Test% | Accuracy: 75.56%/73.58% | Precision: 68.33%/66.46% | Recall: 71.46%/69.67% | F1: 69.35%/67.36% | Time: fit=167s, train=032s, test=008s, total=206s
Epoch  33: Train%/Test% | Accuracy: 75.48%/73.55% | Precision: 68.26%/66.68% | Recall: 71.41%/70.17% | F1: 69.28%/67.59% | Time: fit=167s, train=032s, test=008s, total=206s
Epoch  34: Train%/Test% | Accuracy: 75.62%/73.80% | Precision: 68.38%/66.82% | Recall: 71.51%/70.21% | F1: 69.41%/67.75% | Time: fit=167s, train=032s, test=008s, total=206s
Epoch  35: Train%/Test% | Accuracy: 75.68%/74.10% | Precision: 68.39%/67.08% | Recall: 71.42%/70.43% | F1: 69.40%/68.03% | Time: fit=167s, train=032s, test=008s, total=206s
Epoch  36: Train%/Test% | Accuracy: 75.71%/74.14% | Precision: 68.38%/67.00% | Recall: 71.35%/70.20% | F1: 69.38%/67.94% | Time: fit=167s, train=032s, test=008s, total=206s
Epoch  37: Train%/Test% | Accuracy: 75.86%/74.39% | Precision: 68.50%/67.14% | Recall: 71.42%/70.21% | F1: 69.51%/68.09% | Time: fit=167s, train=032s, test=008s, total=206s
Epoch  38: Train%/Test% | Accuracy: 76.04%/74.12% | Precision: 68.56%/66.84% | Recall: 71.24%/69.87% | F1: 69.52%/67.76% | Time: fit=167s, train=032s, test=008s, total=206s
Epoch  39: Train%/Test% | Accuracy: 75.85%/73.94% | Precision: 68.48%/66.68% | Recall: 71.37%/69.72% | F1: 69.48%/67.59% | Time: fit=167s, train=032s, test=008s, total=206s
Epoch  40: Train%/Test% | Accuracy: 75.72%/74.28% | Precision: 68.33%/67.02% | Recall: 71.21%/70.07% | F1: 69.32%/67.95% | Time: fit=167s, train=032s, test=008s, total=206s
Epoch  41: Train%/Test% | Accuracy: 75.30%/73.71% | Precision: 68.18%/66.78% | Recall: 71.47%/70.21% | F1: 69.21%/67.70% | Time: fit=167s, train=032s, test=008s, total=207s
Epoch  42: Train%/Test% | Accuracy: 75.54%/73.89% | Precision: 68.26%/66.87% | Recall: 71.32%/70.20% | F1: 69.27%/67.80% | Time: fit=167s, train=032s, test=008s, total=207s
Epoch  43: Train%/Test% | Accuracy: 75.49%/73.83% | Precision: 68.17%/66.81% | Recall: 71.17%/70.16% | F1: 69.16%/67.74% | Time: fit=167s, train=032s, test=008s, total=206s
Epoch  44: Train%/Test% | Accuracy: 75.64%/73.98% | Precision: 68.42%/67.03% | Recall: 71.57%/70.45% | F1: 69.45%/67.98% | Time: fit=167s, train=032s, test=008s, total=206s
Epoch  45: Train%/Test% | Accuracy: 75.73%/74.16% | Precision: 68.44%/67.02% | Recall: 71.46%/70.22% | F1: 69.45%/67.96% | Time: fit=167s, train=032s, test=008s, total=206s
Epoch  46: Train%/Test% | Accuracy: 75.76%/74.14% | Precision: 68.44%/67.02% | Recall: 71.43%/70.24% | F1: 69.45%/67.96% | Time: fit=167s, train=032s, test=008s, total=206s
Epoch  47: Train%/Test% | Accuracy: 75.90%/74.10% | Precision: 68.54%/66.86% | Recall: 71.43%/69.95% | F1: 69.54%/67.79% | Time: fit=167s, train=032s, test=008s, total=206s
Epoch  48: Train%/Test% | Accuracy: 76.11%/74.01% | Precision: 68.74%/66.82% | Recall: 71.59%/69.96% | F1: 69.74%/67.74% | Time: fit=167s, train=032s, test=008s, total=207s
Epoch  49: Train%/Test% | Accuracy: 75.55%/73.89% | Precision: 68.27%/66.80% | Recall: 71.33%/70.04% | F1: 69.28%/67.72% | Time: fit=167s, train=032s, test=008s, total=207s
Epoch  50: Train%/Test% | Accuracy: 75.42%/73.33% | Precision: 68.24%/66.43% | Recall: 71.45%/69.86% | F1: 69.26%/67.32% | Time: fit=167s, train=032s, test=008s, total=207s
Epoch  51: Train%/Test% | Accuracy: 75.70%/73.78% | Precision: 68.37%/66.70% | Recall: 71.34%/69.97% | F1: 69.37%/67.62% | Time: fit=167s, train=032s, test=008s, total=207s
Epoch  52: Train%/Test% | Accuracy: 75.32%/73.55% | Precision: 68.16%/66.53% | Recall: 71.41%/69.85% | F1: 69.19%/67.44% | Time: fit=167s, train=032s, test=008s, total=206s
Epoch  53: Train%/Test% | Accuracy: 76.26%/74.39% | Precision: 68.81%/66.98% | Recall: 71.49%/69.82% | F1: 69.78%/67.89% | Time: fit=167s, train=032s, test=008s, total=207s
Epoch  54: Train%/Test% | Accuracy: 76.43%/74.37% | Precision: 68.92%/66.89% | Recall: 71.45%/69.65% | F1: 69.86%/67.79% | Time: fit=167s, train=032s, test=008s, total=206s
Epoch  55: Train%/Test% | Accuracy: 76.09%/74.30% | Precision: 68.71%/67.02% | Recall: 71.54%/70.05% | F1: 69.70%/67.96% | Time: fit=167s, train=032s, test=008s, total=207s
Epoch  56: Train%/Test% | Accuracy: 75.84%/73.92% | Precision: 68.48%/66.66% | Recall: 71.39%/69.70% | F1: 69.48%/67.57% | Time: fit=167s, train=032s, test=008s, total=206s
Epoch  57: Train%/Test% | Accuracy: 75.56%/73.44% | Precision: 68.31%/66.41% | Recall: 71.42%/69.71% | F1: 69.33%/67.31% | Time: fit=167s, train=032s, test=008s, total=206s
Epoch  58: Train%/Test% | Accuracy: 75.82%/73.92% | Precision: 68.49%/66.70% | Recall: 71.44%/69.80% | F1: 69.49%/67.62% | Time: fit=167s, train=032s, test=008s, total=206s
Epoch  59: Train%/Test% | Accuracy: 75.80%/74.07% | Precision: 68.49%/66.89% | Recall: 71.50%/70.03% | F1: 69.51%/67.82% | Time: fit=166s, train=032s, test=008s, total=206s
Epoch  60: Train%/Test% | Accuracy: 75.68%/73.98% | Precision: 68.51%/66.90% | Recall: 71.71%/70.16% | F1: 69.55%/67.84% | Time: fit=167s, train=032s, test=008s, total=206s
Epoch  61: Train%/Test% | Accuracy: 75.63%/73.76% | Precision: 68.39%/66.63% | Recall: 71.52%/69.82% | F1: 69.42%/67.54% | Time: fit=167s, train=032s, test=008s, total=206s
Epoch  62: Train%/Test% | Accuracy: 75.74%/74.14% | Precision: 68.43%/66.97% | Recall: 71.44%/70.14% | F1: 69.45%/67.91% | Time: fit=166s, train=032s, test=008s, total=206s
Epoch  63: Train%/Test% | Accuracy: 76.16%/74.86% | Precision: 68.79%/67.55% | Recall: 71.64%/70.52% | F1: 69.79%/68.51% | Time: fit=167s, train=032s, test=008s, total=206s
Epoch  64: Train%/Test% | Accuracy: 75.80%/74.05% | Precision: 68.58%/66.93% | Recall: 71.71%/70.15% | F1: 69.61%/67.86% | Time: fit=167s, train=032s, test=008s, total=206s
Epoch  65: Train%/Test% | Accuracy: 76.12%/74.35% | Precision: 68.78%/67.05% | Recall: 71.68%/70.05% | F1: 69.79%/67.98% | Time: fit=167s, train=032s, test=008s, total=206s
Epoch  66: Train%/Test% | Accuracy: 75.89%/74.37% | Precision: 68.49%/67.00% | Recall: 71.33%/69.91% | F1: 69.48%/67.92% | Time: fit=167s, train=032s, test=008s, total=206s
Epoch  67: Train%/Test% | Accuracy: 76.12%/74.80% | Precision: 68.63%/67.35% | Recall: 71.27%/70.12% | F1: 69.59%/68.27% | Time: fit=167s, train=032s, test=008s, total=206s
Epoch  68: Train%/Test% | Accuracy: 75.49%/73.83% | Precision: 68.38%/66.88% | Recall: 71.71%/70.32% | F1: 69.43%/67.82% | Time: fit=167s, train=032s, test=008s, total=206s
Epoch  69: Train%/Test% | Accuracy: 75.38%/73.28% | Precision: 68.33%/66.42% | Recall: 71.73%/69.90% | F1: 69.37%/67.31% | Time: fit=167s, train=032s, test=008s, total=206s
Epoch  70: Train%/Test% | Accuracy: 74.89%/72.81% | Precision: 67.95%/66.17% | Recall: 71.50%/69.84% | F1: 68.98%/67.01% | Time: fit=167s, train=032s, test=008s, total=206s
Epoch  71: Train%/Test% | Accuracy: 75.47%/73.78% | Precision: 68.31%/66.79% | Recall: 71.56%/70.16% | F1: 69.35%/67.72% | Time: fit=166s, train=032s, test=008s, total=206s
Epoch  72: Train%/Test% | Accuracy: 75.38%/73.53% | Precision: 68.33%/66.66% | Recall: 71.73%/70.15% | F1: 69.37%/67.57% | Time: fit=167s, train=032s, test=008s, total=206s
Epoch  73: Train%/Test% | Accuracy: 75.62%/73.76% | Precision: 68.46%/66.82% | Recall: 71.71%/70.24% | F1: 69.51%/67.74% | Time: fit=167s, train=032s, test=008s, total=207s
Epoch  74: Train%/Test% | Accuracy: 75.91%/73.98% | Precision: 68.66%/66.90% | Recall: 71.73%/70.16% | F1: 69.69%/67.84% | Time: fit=166s, train=032s, test=008s, total=206s
Epoch  75: Train%/Test% | Accuracy: 76.08%/73.87% | Precision: 68.70%/66.53% | Recall: 71.53%/69.48% | F1: 69.69%/67.43% | Time: fit=166s, train=032s, test=008s, total=206s
Epoch  76: Train%/Test% | Accuracy: 75.44%/73.53% | Precision: 68.28%/66.53% | Recall: 71.52%/69.87% | F1: 69.31%/67.43% | Time: fit=166s, train=032s, test=008s, total=206s
Epoch  77: Train%/Test% | Accuracy: 75.29%/73.67% | Precision: 68.18%/66.71% | Recall: 71.51%/70.12% | F1: 69.22%/67.63% | Time: fit=167s, train=032s, test=008s, total=206s
Epoch  78: Train%/Test% | Accuracy: 75.34%/73.60% | Precision: 68.21%/66.60% | Recall: 71.51%/69.94% | F1: 69.25%/67.51% | Time: fit=167s, train=032s, test=008s, total=206s
Epoch  79: Train%/Test% | Accuracy: 75.54%/73.78% | Precision: 68.38%/66.79% | Recall: 71.61%/70.16% | F1: 69.41%/67.72% | Time: fit=166s, train=032s, test=008s, total=206s
Epoch  80: Train%/Test% | Accuracy: 75.68%/73.74% | Precision: 68.44%/66.71% | Recall: 71.57%/70.03% | F1: 69.47%/67.63% | Time: fit=167s, train=032s, test=008s, total=206s
Epoch  81: Train%/Test% | Accuracy: 75.56%/73.64% | Precision: 68.41%/66.69% | Recall: 71.66%/70.10% | F1: 69.45%/67.61% | Time: fit=167s, train=032s, test=008s, total=206s
Epoch  82: Train%/Test% | Accuracy: 75.69%/73.96% | Precision: 68.44%/66.84% | Recall: 71.52%/70.05% | F1: 69.46%/67.77% | Time: fit=167s, train=032s, test=008s, total=206s
Epoch  83: Train%/Test% | Accuracy: 75.69%/73.92% | Precision: 68.42%/66.76% | Recall: 71.46%/69.93% | F1: 69.43%/67.68% | Time: fit=167s, train=032s, test=008s, total=207s
Epoch  84: Train%/Test% | Accuracy: 75.38%/73.78% | Precision: 68.19%/66.76% | Recall: 71.39%/70.09% | F1: 69.21%/67.69% | Time: fit=167s, train=032s, test=008s, total=206s
Epoch  85: Train%/Test% | Accuracy: 75.18%/73.17% | Precision: 68.00%/66.27% | Recall: 71.23%/69.69% | F1: 69.02%/67.15% | Time: fit=167s, train=032s, test=008s, total=206s
Epoch  86: Train%/Test% | Accuracy: 75.75%/73.96% | Precision: 68.49%/66.91% | Recall: 71.56%/70.21% | F1: 69.51%/67.85% | Time: fit=167s, train=032s, test=008s, total=206s
Epoch  87: Train%/Test% | Accuracy: 75.32%/73.55% | Precision: 68.18%/66.64% | Recall: 71.47%/70.07% | F1: 69.21%/67.55% | Time: fit=167s, train=032s, test=008s, total=206s
Epoch  88: Train%/Test% | Accuracy: 75.71%/73.98% | Precision: 68.41%/66.81% | Recall: 71.42%/69.97% | F1: 69.42%/67.74% | Time: fit=166s, train=032s, test=008s, total=206s
Epoch  89: Train%/Test% | Accuracy: 75.49%/73.35% | Precision: 68.32%/66.46% | Recall: 71.56%/69.91% | F1: 69.36%/67.35% | Time: fit=167s, train=032s, test=008s, total=206s
Epoch  90: Train%/Test% | Accuracy: 75.96%/73.85% | Precision: 68.52%/66.51% | Recall: 71.27%/69.47% | F1: 69.49%/67.41% | Time: fit=167s, train=032s, test=008s, total=206s
Epoch  91: Train%/Test% | Accuracy: 75.47%/73.58% | Precision: 68.20%/66.54% | Recall: 71.28%/69.83% | F1: 69.21%/67.44% | Time: fit=166s, train=032s, test=008s, total=206s
Epoch  92: Train%/Test% | Accuracy: 75.69%/73.76% | Precision: 68.34%/66.54% | Recall: 71.28%/69.63% | F1: 69.34%/67.44% | Time: fit=167s, train=032s, test=008s, total=206s
Epoch  93: Train%/Test% | Accuracy: 75.74%/73.92% | Precision: 68.46%/66.80% | Recall: 71.50%/70.02% | F1: 69.48%/67.73% | Time: fit=166s, train=032s, test=008s, total=206s
Epoch  94: Train%/Test% | Accuracy: 75.35%/73.64% | Precision: 68.08%/66.58% | Recall: 71.17%/69.85% | F1: 69.09%/67.49% | Time: fit=166s, train=032s, test=008s, total=206s
Epoch  95: Train%/Test% | Accuracy: 75.52%/73.96% | Precision: 68.24%/66.84% | Recall: 71.30%/70.05% | F1: 69.25%/67.77% | Time: fit=166s, train=032s, test=008s, total=206s
Epoch  96: Train%/Test% | Accuracy: 75.54%/73.83% | Precision: 68.24%/66.75% | Recall: 71.26%/70.03% | F1: 69.24%/67.68% | Time: fit=167s, train=032s, test=008s, total=206s
Epoch  97: Train%/Test% | Accuracy: 76.13%/74.23% | Precision: 68.67%/66.92% | Recall: 71.37%/69.91% | F1: 69.64%/67.85% | Time: fit=166s, train=032s, test=008s, total=206s
Epoch  98: Train%/Test% | Accuracy: 76.11%/74.53% | Precision: 68.66%/67.20% | Recall: 71.39%/70.17% | F1: 69.64%/68.14% | Time: fit=166s, train=032s, test=008s, total=206s
Epoch  99: Train%/Test% | Accuracy: 75.80%/73.58% | Precision: 68.47%/66.52% | Recall: 71.44%/69.80% | F1: 69.48%/67.43% | Time: fit=166s, train=032s, test=008s, total=206s
Epoch 100: Train%/Test% | Accuracy: 75.51%/73.37% | Precision: 68.24%/66.37% | Recall: 71.31%/69.70% | F1: 69.25%/67.26% | Time: fit=166s, train=032s, test=008s, total=206s
Epoch 101: Train%/Test% | Accuracy: 75.83%/74.37% | Precision: 68.46%/67.16% | Recall: 71.35%/70.29% | F1: 69.46%/68.11% | Time: fit=167s, train=032s, test=008s, total=206s
Epoch 102: Train%/Test% | Accuracy: 76.06%/74.28% | Precision: 68.74%/67.07% | Recall: 71.67%/70.20% | F1: 69.75%/68.02% | Time: fit=167s, train=032s, test=008s, total=206s
Epoch 103: Train%/Test% | Accuracy: 75.66%/73.98% | Precision: 68.33%/66.84% | Recall: 71.31%/70.04% | F1: 69.34%/67.77% | Time: fit=166s, train=032s, test=008s, total=206s
Epoch 104: Train%/Test% | Accuracy: 75.53%/73.28% | Precision: 68.40%/66.53% | Recall: 71.71%/70.12% | F1: 69.45%/67.42% | Time: fit=166s, train=032s, test=008s, total=206s
Epoch 105: Train%/Test% | Accuracy: 75.25%/73.31% | Precision: 68.16%/66.47% | Recall: 71.51%/69.97% | F1: 69.20%/67.36% | Time: fit=167s, train=032s, test=008s, total=206s
Epoch 106: Train%/Test% | Accuracy: 75.36%/73.26% | Precision: 68.26%/66.40% | Recall: 71.59%/69.88% | F1: 69.30%/67.29% | Time: fit=166s, train=032s, test=008s, total=206s
Epoch 107: Train%/Test% | Accuracy: 74.99%/72.92% | Precision: 68.03%/66.20% | Recall: 71.56%/69.79% | F1: 69.06%/67.05% | Time: fit=167s, train=032s, test=008s, total=206s
Epoch 108: Train%/Test% | Accuracy: 75.44%/73.42% | Precision: 68.28%/66.36% | Recall: 71.51%/69.63% | F1: 69.31%/67.26% | Time: fit=167s, train=032s, test=008s, total=206s
Epoch 109: Train%/Test% | Accuracy: 75.30%/73.13% | Precision: 68.20%/66.31% | Recall: 71.53%/69.82% | F1: 69.23%/67.19% | Time: fit=167s, train=032s, test=008s, total=206s
Epoch 110: Train%/Test% | Accuracy: 74.93%/72.99% | Precision: 68.01%/66.39% | Recall: 71.60%/70.12% | F1: 69.04%/67.25% | Time: fit=166s, train=032s, test=008s, total=206s
Epoch 111: Train%/Test% | Accuracy: 75.32%/73.49% | Precision: 68.20%/66.60% | Recall: 71.51%/70.06% | F1: 69.23%/67.50% | Time: fit=166s, train=032s, test=008s, total=206s
Epoch 112: Train%/Test% | Accuracy: 75.74%/73.53% | Precision: 68.42%/66.41% | Recall: 71.41%/69.61% | F1: 69.43%/67.31% | Time: fit=167s, train=032s, test=008s, total=206s
Epoch 113: Train%/Test% | Accuracy: 75.32%/73.37% | Precision: 68.06%/66.33% | Recall: 71.17%/69.60% | F1: 69.07%/67.22% | Time: fit=166s, train=032s, test=008s, total=206s
Epoch 114: Train%/Test% | Accuracy: 75.02%/73.04% | Precision: 67.95%/66.25% | Recall: 71.33%/69.80% | F1: 68.97%/67.12% | Time: fit=166s, train=032s, test=008s, total=206s
Epoch 115: Train%/Test% | Accuracy: 75.15%/73.22% | Precision: 68.07%/66.38% | Recall: 71.45%/69.88% | F1: 69.10%/67.26% | Time: fit=166s, train=032s, test=008s, total=206s
Epoch 116: Train%/Test% | Accuracy: 75.51%/73.64% | Precision: 68.24%/66.58% | Recall: 71.31%/69.85% | F1: 69.25%/67.49% | Time: fit=166s, train=032s, test=008s, total=206s
Epoch 117: Train%/Test% | Accuracy: 75.19%/73.26% | Precision: 68.00%/66.33% | Recall: 71.21%/69.72% | F1: 69.01%/67.21% | Time: fit=166s, train=032s, test=008s, total=206s
Epoch 118: Train%/Test% | Accuracy: 74.35%/72.81% | Precision: 67.50%/66.22% | Recall: 71.16%/69.93% | F1: 68.49%/67.06% | Time: fit=167s, train=032s, test=008s, total=206s
Epoch 119: Train%/Test% | Accuracy: 74.77%/73.37% | Precision: 67.72%/66.49% | Recall: 71.12%/69.95% | F1: 68.72%/67.39% | Time: fit=166s, train=032s, test=008s, total=206s
Epoch 120: Train%/Test% | Accuracy: 74.89%/73.40% | Precision: 67.84%/66.49% | Recall: 71.25%/69.94% | F1: 68.86%/67.39% | Time: fit=166s, train=032s, test=008s, total=206s
Epoch 121: Train%/Test% | Accuracy: 74.68%/73.01% | Precision: 67.82%/66.47% | Recall: 71.46%/70.26% | F1: 68.83%/67.33% | Time: fit=167s, train=032s, test=008s, total=206s
Epoch 122: Train%/Test% | Accuracy: 74.04%/72.61% | Precision: 67.34%/66.21% | Recall: 71.15%/70.09% | F1: 68.31%/67.02% | Time: fit=167s, train=032s, test=008s, total=206s
Epoch 123: Train%/Test% | Accuracy: 75.11%/73.35% | Precision: 68.13%/66.64% | Recall: 71.64%/70.29% | F1: 69.17%/67.54% | Time: fit=166s, train=032s, test=008s, total=206s
Epoch 124: Train%/Test% | Accuracy: 75.26%/73.69% | Precision: 68.13%/66.72% | Recall: 71.42%/70.10% | F1: 69.15%/67.64% | Time: fit=166s, train=032s, test=008s, total=206s
Epoch 125: Train%/Test% | Accuracy: 75.09%/73.40% | Precision: 68.07%/66.51% | Recall: 71.53%/69.97% | F1: 69.10%/67.41% | Time: fit=166s, train=032s, test=008s, total=206s
Epoch 126: Train%/Test% | Accuracy: 75.25%/73.55% | Precision: 68.19%/66.62% | Recall: 71.57%/70.04% | F1: 69.22%/67.53% | Time: fit=166s, train=032s, test=008s, total=206s
Epoch 127: Train%/Test% | Accuracy: 75.72%/73.71% | Precision: 68.49%/66.68% | Recall: 71.62%/69.99% | F1: 69.52%/67.59% | Time: fit=166s, train=032s, test=008s, total=206s
Epoch 128: Train%/Test% | Accuracy: 75.86%/73.69% | Precision: 68.66%/66.75% | Recall: 71.82%/70.16% | F1: 69.70%/67.67% | Time: fit=166s, train=032s, test=008s, total=206s
Epoch 129: Train%/Test% | Accuracy: 75.90%/73.71% | Precision: 68.66%/66.63% | Recall: 71.77%/69.89% | F1: 69.70%/67.55% | Time: fit=166s, train=032s, test=008s, total=206s
Epoch 130: Train%/Test% | Accuracy: 75.63%/73.74% | Precision: 68.49%/66.69% | Recall: 71.77%/70.00% | F1: 69.54%/67.61% | Time: fit=166s, train=032s, test=008s, total=206s
Epoch 131: Train%/Test% | Accuracy: 75.60%/73.69% | Precision: 68.39%/66.57% | Recall: 71.54%/69.78% | F1: 69.42%/67.48% | Time: fit=166s, train=032s, test=008s, total=206s
Epoch 132: Train%/Test% | Accuracy: 75.54%/73.37% | Precision: 68.32%/66.27% | Recall: 71.47%/69.48% | F1: 69.34%/67.15% | Time: fit=166s, train=032s, test=008s, total=206s
Epoch 133: Train%/Test% | Accuracy: 75.79%/73.67% | Precision: 68.50%/66.51% | Recall: 71.52%/69.67% | F1: 69.52%/67.41% | Time: fit=166s, train=032s, test=008s, total=206s
Epoch 134: Train%/Test% | Accuracy: 76.06%/73.67% | Precision: 68.70%/66.42% | Recall: 71.59%/69.48% | F1: 69.71%/67.32% | Time: fit=166s, train=032s, test=008s, total=206s
Epoch 135: Train%/Test% | Accuracy: 75.71%/73.67% | Precision: 68.37%/66.48% | Recall: 71.32%/69.60% | F1: 69.37%/67.38% | Time: fit=166s, train=032s, test=008s, total=206s
Epoch 136: Train%/Test% | Accuracy: 75.11%/73.33% | Precision: 68.00%/66.55% | Recall: 71.33%/70.12% | F1: 69.02%/67.44% | Time: fit=167s, train=032s, test=008s, total=206s
Epoch 137: Train%/Test% | Accuracy: 75.24%/73.01% | Precision: 68.17%/66.27% | Recall: 71.55%/69.84% | F1: 69.20%/67.13% | Time: fit=166s, train=032s, test=008s, total=206s
Epoch 138: Train%/Test% | Accuracy: 75.01%/72.61% | Precision: 68.02%/66.03% | Recall: 71.51%/69.74% | F1: 69.05%/66.85% | Time: fit=166s, train=032s, test=008s, total=206s
Epoch 139: Train%/Test% | Accuracy: 74.97%/72.79% | Precision: 68.02%/66.20% | Recall: 71.57%/69.92% | F1: 69.05%/67.04% | Time: fit=166s, train=032s, test=008s, total=206s
Epoch 140: Train%/Test% | Accuracy: 75.41%/72.92% | Precision: 68.17%/66.04% | Recall: 71.29%/69.47% | F1: 69.18%/66.90% | Time: fit=166s, train=032s, test=008s, total=206s
Epoch 141: Train%/Test% | Accuracy: 75.21%/72.85% | Precision: 68.08%/66.04% | Recall: 71.37%/69.52% | F1: 69.11%/66.89% | Time: fit=166s, train=032s, test=008s, total=206s
Epoch 142: Train%/Test% | Accuracy: 75.58%/73.42% | Precision: 68.28%/66.36% | Recall: 71.29%/69.63% | F1: 69.28%/67.26% | Time: fit=166s, train=032s, test=008s, total=206s
Epoch 143: Train%/Test% | Accuracy: 75.72%/73.71% | Precision: 68.40%/66.56% | Recall: 71.39%/69.73% | F1: 69.41%/67.47% | Time: fit=166s, train=032s, test=008s, total=206s
Epoch 144: Train%/Test% | Accuracy: 75.60%/73.49% | Precision: 68.38%/66.46% | Recall: 71.52%/69.77% | F1: 69.40%/67.36% | Time: fit=166s, train=032s, test=008s, total=206s
Epoch 145: Train%/Test% | Accuracy: 75.39%/73.42% | Precision: 68.18%/66.44% | Recall: 71.35%/69.79% | F1: 69.20%/67.34% | Time: fit=166s, train=032s, test=008s, total=206s
Epoch 146: Train%/Test% | Accuracy: 75.36%/73.35% | Precision: 68.19%/66.44% | Recall: 71.43%/69.88% | F1: 69.22%/67.34% | Time: fit=166s, train=032s, test=008s, total=206s
Epoch 147: Train%/Test% | Accuracy: 74.71%/72.65% | Precision: 67.76%/66.00% | Recall: 71.30%/69.64% | F1: 68.77%/66.83% | Time: fit=166s, train=032s, test=008s, total=206s
Epoch 148: Train%/Test% | Accuracy: 75.32%/73.42% | Precision: 68.06%/66.33% | Recall: 71.16%/69.57% | F1: 69.07%/67.22% | Time: fit=166s, train=032s, test=008s, total=206s
Epoch 149: Train%/Test% | Accuracy: 75.78%/73.87% | Precision: 68.46%/66.73% | Recall: 71.44%/69.93% | F1: 69.47%/67.66% | Time: fit=166s, train=032s, test=008s, total=206s
Epoch 150: Train%/Test% | Accuracy: 75.84%/73.98% | Precision: 68.48%/66.68% | Recall: 71.41%/69.68% | F1: 69.49%/67.60% | Time: fit=166s, train=031s, test=007s, total=204s
