[nltk_data] Downloading package wordnet to /home/bjorvl16/nltk_data...
[nltk_data]   Package wordnet is already up-to-date!
[nltk_data] Downloading package stopwords to
[nltk_data]     /home/bjorvl16/nltk_data...
[nltk_data]   Package stopwords is already up-to-date!
[*] Load dataset...
[*] Fix malformed data...
[*] Split...
[*] Encoding...
[*] Encoding feature: text... 701
==============================
Using CPU for training
Dataset: fake-news-datasets-Election-Day
TMU params: num-clauses=5000, T=150, s=10.0
Epochs: 150
Feature(s): text
max-vocab=15000, max-domain=500, max-tweet=500
====================
Train size: 1061
Train classes: 2
Test size: 266
Test classes: 2
Total features: 701
==============================
[*] Training for 150 epochs...
Epoch   1: Train%/Test% | Accuracy: 89.73%/89.85% | Precision: 44.86%/44.92% | Recall: 50.00%/50.00% | F1: 47.29%/47.33% | Time: fit=002s, train=000s, test=000s, total=002s
Epoch   2: Train%/Test% | Accuracy: 89.73%/89.85% | Precision: 44.86%/44.92% | Recall: 50.00%/50.00% | F1: 47.29%/47.33% | Time: fit=002s, train=000s, test=000s, total=002s
Epoch   3: Train%/Test% | Accuracy: 89.73%/89.85% | Precision: 44.86%/44.92% | Recall: 50.00%/50.00% | F1: 47.29%/47.33% | Time: fit=001s, train=000s, test=000s, total=002s
Epoch   4: Train%/Test% | Accuracy: 89.73%/89.85% | Precision: 44.86%/44.92% | Recall: 50.00%/50.00% | F1: 47.29%/47.33% | Time: fit=001s, train=000s, test=000s, total=001s
Epoch   5: Train%/Test% | Accuracy: 89.92%/89.85% | Precision: 94.95%/44.92% | Recall: 50.92%/50.00% | F1: 49.14%/47.33% | Time: fit=001s, train=000s, test=000s, total=001s
Epoch   6: Train%/Test% | Accuracy: 89.92%/90.23% | Precision: 94.95%/95.09% | Recall: 50.92%/51.85% | F1: 49.14%/50.99% | Time: fit=001s, train=000s, test=000s, total=001s
Epoch   7: Train%/Test% | Accuracy: 90.57%/90.98% | Precision: 87.63%/95.44% | Recall: 54.94%/55.56% | F1: 56.52%/57.61% | Time: fit=001s, train=000s, test=000s, total=001s
Epoch   8: Train%/Test% | Accuracy: 90.76%/90.98% | Precision: 88.74%/95.44% | Recall: 55.86%/55.56% | F1: 58.03%/57.61% | Time: fit=001s, train=000s, test=000s, total=001s
Epoch   9: Train%/Test% | Accuracy: 91.14%/90.60% | Precision: 90.32%/78.91% | Recall: 57.69%/56.99% | F1: 60.92%/59.62% | Time: fit=001s, train=000s, test=000s, total=001s
Epoch  10: Train%/Test% | Accuracy: 91.52%/90.60% | Precision: 88.43%/78.91% | Recall: 60.34%/56.99% | F1: 64.65%/59.62% | Time: fit=001s, train=000s, test=000s, total=001s
Epoch  11: Train%/Test% | Accuracy: 92.18%/90.60% | Precision: 90.27%/78.91% | Recall: 63.55%/56.99% | F1: 68.88%/59.62% | Time: fit=001s, train=000s, test=000s, total=001s
Epoch  12: Train%/Test% | Accuracy: 92.37%/90.60% | Precision: 90.69%/78.91% | Recall: 64.47%/56.99% | F1: 70.02%/59.62% | Time: fit=001s, train=000s, test=000s, total=002s
Epoch  13: Train%/Test% | Accuracy: 92.27%/90.60% | Precision: 86.41%/78.91% | Recall: 66.04%/56.99% | F1: 71.29%/59.62% | Time: fit=001s, train=000s, test=000s, total=001s
Epoch  14: Train%/Test% | Accuracy: 92.84%/91.73% | Precision: 86.29%/85.00% | Recall: 70.01%/62.54% | F1: 75.17%/67.23% | Time: fit=001s, train=000s, test=000s, total=001s
Epoch  15: Train%/Test% | Accuracy: 92.37%/90.98% | Precision: 86.08%/81.47% | Recall: 66.91%/58.84% | F1: 72.14%/62.30% | Time: fit=001s, train=000s, test=000s, total=001s
Epoch  16: Train%/Test% | Accuracy: 92.65%/91.35% | Precision: 88.04%/83.43% | Recall: 67.47%/60.69% | F1: 73.02%/64.83% | Time: fit=001s, train=000s, test=000s, total=001s
Epoch  17: Train%/Test% | Accuracy: 93.40%/90.98% | Precision: 87.57%/79.25% | Recall: 72.76%/60.48% | F1: 77.86%/64.25% | Time: fit=001s, train=000s, test=000s, total=001s
Epoch  18: Train%/Test% | Accuracy: 93.59%/90.98% | Precision: 86.76%/77.90% | Recall: 74.90%/62.13% | F1: 79.36%/65.99% | Time: fit=001s, train=000s, test=000s, total=001s
Epoch  19: Train%/Test% | Accuracy: 92.93%/89.85% | Precision: 82.37%/71.03% | Recall: 76.16%/61.50% | F1: 78.82%/64.32% | Time: fit=001s, train=000s, test=000s, total=001s
Epoch  20: Train%/Test% | Accuracy: 92.93%/90.98% | Precision: 82.76%/77.01% | Recall: 75.35%/63.77% | F1: 78.42%/67.56% | Time: fit=001s, train=000s, test=000s, total=001s
Epoch  21: Train%/Test% | Accuracy: 93.31%/90.98% | Precision: 86.15%/77.90% | Recall: 73.52%/62.13% | F1: 78.12%/65.99% | Time: fit=001s, train=000s, test=000s, total=001s
Epoch  22: Train%/Test% | Accuracy: 92.93%/90.98% | Precision: 83.70%/77.90% | Recall: 73.72%/62.13% | F1: 77.57%/65.99% | Time: fit=001s, train=000s, test=000s, total=001s
Epoch  23: Train%/Test% | Accuracy: 92.37%/89.47% | Precision: 80.47%/69.35% | Recall: 74.62%/61.29% | F1: 77.13%/63.81% | Time: fit=001s, train=000s, test=000s, total=001s
Epoch  24: Train%/Test% | Accuracy: 92.55%/89.47% | Precision: 81.27%/69.35% | Recall: 74.73%/61.29% | F1: 77.49%/63.81% | Time: fit=001s, train=000s, test=000s, total=001s
Epoch  25: Train%/Test% | Accuracy: 92.27%/89.10% | Precision: 80.09%/67.88% | Recall: 74.57%/61.08% | F1: 76.95%/63.31% | Time: fit=001s, train=000s, test=000s, total=001s
Epoch  26: Train%/Test% | Accuracy: 92.18%/89.10% | Precision: 79.60%/67.88% | Recall: 74.92%/61.08% | F1: 76.99%/63.31% | Time: fit=001s, train=000s, test=000s, total=001s
Epoch  27: Train%/Test% | Accuracy: 92.18%/89.10% | Precision: 79.84%/67.88% | Recall: 74.11%/61.08% | F1: 76.56%/63.31% | Time: fit=001s, train=000s, test=000s, total=001s
Epoch  28: Train%/Test% | Accuracy: 92.37%/89.10% | Precision: 80.20%/67.88% | Recall: 75.44%/61.08% | F1: 77.54%/63.31% | Time: fit=001s, train=000s, test=000s, total=001s
Epoch  29: Train%/Test% | Accuracy: 92.65%/89.10% | Precision: 81.34%/67.88% | Recall: 75.59%/61.08% | F1: 78.08%/63.31% | Time: fit=001s, train=000s, test=000s, total=001s
Epoch  30: Train%/Test% | Accuracy: 91.89%/86.09% | Precision: 77.71%/61.43% | Recall: 81.67%/61.05% | F1: 79.50%/61.23% | Time: fit=001s, train=000s, test=000s, total=001s
Epoch  31: Train%/Test% | Accuracy: 91.80%/86.09% | Precision: 77.54%/61.43% | Recall: 80.40%/61.05% | F1: 78.87%/61.23% | Time: fit=001s, train=000s, test=000s, total=001s
Epoch  32: Train%/Test% | Accuracy: 91.80%/86.84% | Precision: 77.51%/64.29% | Recall: 80.81%/64.75% | F1: 79.03%/64.51% | Time: fit=001s, train=000s, test=000s, total=001s
Epoch  33: Train%/Test% | Accuracy: 92.84%/88.72% | Precision: 82.33%/66.57% | Recall: 75.29%/60.87% | F1: 78.24%/62.84% | Time: fit=001s, train=000s, test=000s, total=001s
Epoch  34: Train%/Test% | Accuracy: 93.03%/89.85% | Precision: 84.50%/71.03% | Recall: 73.37%/61.50% | F1: 77.54%/64.32% | Time: fit=001s, train=000s, test=000s, total=001s
Epoch  35: Train%/Test% | Accuracy: 93.03%/89.85% | Precision: 84.20%/71.03% | Recall: 73.77%/61.50% | F1: 77.76%/64.32% | Time: fit=001s, train=000s, test=000s, total=001s
Epoch  36: Train%/Test% | Accuracy: 92.93%/89.85% | Precision: 83.70%/71.03% | Recall: 73.72%/61.50% | F1: 77.57%/64.32% | Time: fit=001s, train=000s, test=000s, total=001s
Epoch  37: Train%/Test% | Accuracy: 92.74%/89.10% | Precision: 82.73%/67.88% | Recall: 73.62%/61.08% | F1: 77.20%/63.31% | Time: fit=001s, train=000s, test=000s, total=001s
Epoch  38: Train%/Test% | Accuracy: 92.46%/88.72% | Precision: 81.38%/66.57% | Recall: 73.46%/60.87% | F1: 76.66%/62.84% | Time: fit=001s, train=000s, test=000s, total=001s
Epoch  39: Train%/Test% | Accuracy: 92.74%/88.72% | Precision: 81.91%/66.57% | Recall: 75.24%/60.87% | F1: 78.06%/62.84% | Time: fit=001s, train=000s, test=000s, total=001s
Epoch  40: Train%/Test% | Accuracy: 92.65%/88.72% | Precision: 81.34%/66.57% | Recall: 75.59%/60.87% | F1: 78.08%/62.84% | Time: fit=001s, train=000s, test=000s, total=001s
Epoch  41: Train%/Test% | Accuracy: 91.23%/85.71% | Precision: 76.17%/61.72% | Recall: 82.52%/62.48% | F1: 78.84%/62.08% | Time: fit=001s, train=000s, test=000s, total=001s
Epoch  42: Train%/Test% | Accuracy: 90.01%/83.08% | Precision: 73.87%/58.59% | Recall: 82.65%/61.02% | F1: 77.22%/59.49% | Time: fit=001s, train=000s, test=000s, total=001s
Epoch  43: Train%/Test% | Accuracy: 87.75%/79.32% | Precision: 71.12%/58.03% | Recall: 84.64%/63.85% | F1: 75.18%/59.12% | Time: fit=001s, train=000s, test=000s, total=001s
Epoch  44: Train%/Test% | Accuracy: 88.69%/81.58% | Precision: 72.19%/59.63% | Recall: 84.36%/65.11% | F1: 76.17%/61.10% | Time: fit=001s, train=000s, test=000s, total=001s
Epoch  45: Train%/Test% | Accuracy: 88.69%/79.32% | Precision: 72.26%/57.30% | Recall: 84.76%/62.21% | F1: 76.31%/58.24% | Time: fit=001s, train=000s, test=000s, total=001s
Epoch  46: Train%/Test% | Accuracy: 88.97%/79.32% | Precision: 72.78%/58.74% | Recall: 85.73%/65.50% | F1: 76.97%/59.95% | Time: fit=001s, train=000s, test=000s, total=001s
Epoch  47: Train%/Test% | Accuracy: 88.60%/80.45% | Precision: 72.34%/60.79% | Recall: 85.93%/69.41% | F1: 76.58%/62.51% | Time: fit=001s, train=000s, test=000s, total=001s
Epoch  48: Train%/Test% | Accuracy: 91.05%/81.95% | Precision: 75.97%/60.63% | Recall: 86.07%/66.96% | F1: 79.78%/62.33% | Time: fit=001s, train=000s, test=000s, total=001s
Epoch  49: Train%/Test% | Accuracy: 92.37%/87.22% | Precision: 78.93%/64.96% | Recall: 81.94%/64.96% | F1: 80.33%/64.96% | Time: fit=001s, train=000s, test=000s, total=001s
Epoch  50: Train%/Test% | Accuracy: 92.37%/86.47% | Precision: 78.93%/63.65% | Recall: 81.94%/64.54% | F1: 80.33%/64.08% | Time: fit=001s, train=000s, test=000s, total=001s
Epoch  51: Train%/Test% | Accuracy: 92.46%/87.22% | Precision: 79.18%/64.96% | Recall: 81.99%/64.96% | F1: 80.49%/64.96% | Time: fit=001s, train=000s, test=000s, total=001s
Epoch  52: Train%/Test% | Accuracy: 92.37%/86.47% | Precision: 78.77%/64.34% | Recall: 83.56%/66.19% | F1: 80.90%/65.17% | Time: fit=001s, train=000s, test=000s, total=001s
Epoch  53: Train%/Test% | Accuracy: 91.61%/86.47% | Precision: 77.00%/64.34% | Recall: 83.55%/66.19% | F1: 79.75%/65.17% | Time: fit=001s, train=000s, test=000s, total=001s
Epoch  54: Train%/Test% | Accuracy: 91.71%/85.34% | Precision: 77.20%/62.73% | Recall: 83.60%/65.56% | F1: 79.91%/63.89% | Time: fit=001s, train=000s, test=000s, total=002s
Epoch  55: Train%/Test% | Accuracy: 91.80%/86.47% | Precision: 77.42%/64.34% | Recall: 83.24%/66.19% | F1: 79.93%/65.17% | Time: fit=001s, train=000s, test=000s, total=001s
Epoch  56: Train%/Test% | Accuracy: 91.99%/86.09% | Precision: 77.82%/63.77% | Recall: 84.57%/65.98% | F1: 80.66%/64.73% | Time: fit=001s, train=000s, test=000s, total=001s
Epoch  57: Train%/Test% | Accuracy: 87.56%/79.70% | Precision: 71.23%/60.29% | Recall: 86.16%/68.99% | F1: 75.46%/61.83% | Time: fit=001s, train=000s, test=000s, total=001s
Epoch  58: Train%/Test% | Accuracy: 87.18%/79.32% | Precision: 70.80%/60.66% | Recall: 85.95%/70.42% | F1: 74.98%/62.21% | Time: fit=001s, train=000s, test=000s, total=001s
Epoch  59: Train%/Test% | Accuracy: 87.28%/78.57% | Precision: 70.91%/59.59% | Recall: 86.00%/68.36% | F1: 75.10%/60.84% | Time: fit=001s, train=000s, test=000s, total=001s
Epoch  60: Train%/Test% | Accuracy: 86.33%/78.20% | Precision: 69.90%/59.37% | Recall: 85.48%/68.15% | F1: 73.92%/60.51% | Time: fit=001s, train=000s, test=000s, total=001s
Epoch  61: Train%/Test% | Accuracy: 91.71%/85.71% | Precision: 77.21%/63.90% | Recall: 85.63%/67.41% | F1: 80.59%/65.31% | Time: fit=001s, train=000s, test=000s, total=001s
Epoch  62: Train%/Test% | Accuracy: 91.61%/84.96% | Precision: 77.03%/63.58% | Recall: 86.39%/68.63% | F1: 80.69%/65.41% | Time: fit=001s, train=000s, test=000s, total=001s
Epoch  63: Train%/Test% | Accuracy: 91.52%/84.59% | Precision: 76.85%/62.50% | Recall: 86.34%/66.78% | F1: 80.53%/64.07% | Time: fit=001s, train=000s, test=000s, total=001s
Epoch  64: Train%/Test% | Accuracy: 84.17%/73.68% | Precision: 68.32%/56.53% | Recall: 85.90%/64.00% | F1: 71.90%/56.22% | Time: fit=001s, train=000s, test=000s, total=001s
Epoch  65: Train%/Test% | Accuracy: 83.51%/74.44% | Precision: 67.69%/56.85% | Recall: 85.12%/64.42% | F1: 71.05%/56.79% | Time: fit=001s, train=000s, test=000s, total=001s
Epoch  66: Train%/Test% | Accuracy: 83.51%/74.06% | Precision: 67.57%/55.34% | Recall: 84.72%/60.93% | F1: 70.92%/55.04% | Time: fit=001s, train=000s, test=000s, total=001s
Epoch  67: Train%/Test% | Accuracy: 84.26%/75.19% | Precision: 68.08%/55.83% | Recall: 84.73%/61.55% | F1: 71.63%/55.87% | Time: fit=001s, train=000s, test=000s, total=001s
Epoch  68: Train%/Test% | Accuracy: 88.60%/80.45% | Precision: 72.34%/58.79% | Recall: 85.93%/64.48% | F1: 76.58%/60.09% | Time: fit=001s, train=000s, test=000s, total=001s
Epoch  69: Train%/Test% | Accuracy: 88.12%/80.83% | Precision: 71.90%/60.42% | Recall: 86.48%/67.98% | F1: 76.20%/62.09% | Time: fit=001s, train=000s, test=000s, total=001s
Epoch  70: Train%/Test% | Accuracy: 88.22%/80.08% | Precision: 71.78%/59.90% | Recall: 85.31%/67.56% | F1: 75.94%/61.41% | Time: fit=001s, train=000s, test=000s, total=001s
Epoch  71: Train%/Test% | Accuracy: 87.75%/80.08% | Precision: 71.12%/59.90% | Recall: 84.64%/67.56% | F1: 75.18%/61.41% | Time: fit=001s, train=000s, test=000s, total=001s
Epoch  72: Train%/Test% | Accuracy: 88.12%/79.32% | Precision: 71.59%/58.03% | Recall: 84.85%/63.85% | F1: 75.68%/59.12% | Time: fit=001s, train=000s, test=000s, total=001s
Epoch  73: Train%/Test% | Accuracy: 88.03%/79.70% | Precision: 71.47%/58.28% | Recall: 84.80%/64.06% | F1: 75.55%/59.44% | Time: fit=001s, train=000s, test=000s, total=001s
Epoch  74: Train%/Test% | Accuracy: 88.60%/81.58% | Precision: 72.49%/60.99% | Recall: 86.74%/68.39% | F1: 76.83%/62.80% | Time: fit=001s, train=000s, test=000s, total=001s
Epoch  75: Train%/Test% | Accuracy: 89.35%/80.45% | Precision: 73.37%/60.16% | Recall: 86.35%/67.77% | F1: 77.63%/61.75% | Time: fit=001s, train=000s, test=000s, total=001s
Epoch  76: Train%/Test% | Accuracy: 89.92%/81.95% | Precision: 74.15%/60.63% | Recall: 86.26%/66.96% | F1: 78.32%/62.33% | Time: fit=001s, train=000s, test=000s, total=001s
Epoch  77: Train%/Test% | Accuracy: 89.63%/81.20% | Precision: 73.78%/60.04% | Recall: 86.50%/66.54% | F1: 78.03%/61.62% | Time: fit=001s, train=000s, test=000s, total=001s
Epoch  78: Train%/Test% | Accuracy: 90.29%/83.83% | Precision: 74.62%/62.35% | Recall: 85.25%/68.01% | F1: 78.48%/64.20% | Time: fit=001s, train=000s, test=000s, total=001s
Epoch  79: Train%/Test% | Accuracy: 90.29%/84.21% | Precision: 74.66%/62.74% | Recall: 85.65%/68.22% | F1: 78.62%/64.59% | Time: fit=001s, train=000s, test=000s, total=002s
Epoch  80: Train%/Test% | Accuracy: 88.22%/80.45% | Precision: 72.01%/60.79% | Recall: 86.53%/69.41% | F1: 76.33%/62.51% | Time: fit=001s, train=000s, test=000s, total=001s
Epoch  81: Train%/Test% | Accuracy: 87.37%/78.95% | Precision: 71.27%/59.81% | Recall: 87.28%/68.57% | F1: 75.59%/61.16% | Time: fit=001s, train=000s, test=000s, total=001s
Epoch  82: Train%/Test% | Accuracy: 87.84%/80.08% | Precision: 71.88%/60.54% | Recall: 87.94%/69.20% | F1: 76.33%/62.17% | Time: fit=001s, train=000s, test=000s, total=001s
Epoch  83: Train%/Test% | Accuracy: 85.86%/77.82% | Precision: 69.72%/59.16% | Recall: 86.44%/67.95% | F1: 73.73%/60.19% | Time: fit=001s, train=000s, test=000s, total=001s
Epoch  84: Train%/Test% | Accuracy: 86.80%/79.70% | Precision: 70.66%/58.98% | Recall: 86.96%/65.71% | F1: 74.88%/60.28% | Time: fit=001s, train=000s, test=000s, total=001s
Epoch  85: Train%/Test% | Accuracy: 86.05%/76.69% | Precision: 70.19%/58.55% | Recall: 87.76%/67.32% | F1: 74.33%/59.26% | Time: fit=001s, train=000s, test=000s, total=001s
Epoch  86: Train%/Test% | Accuracy: 85.67%/77.07% | Precision: 69.54%/57.44% | Recall: 86.33%/64.24% | F1: 73.51%/58.09% | Time: fit=001s, train=000s, test=000s, total=001s
Epoch  87: Train%/Test% | Accuracy: 88.31%/79.70% | Precision: 72.35%/60.29% | Recall: 87.80%/68.99% | F1: 76.83%/61.83% | Time: fit=001s, train=000s, test=000s, total=001s
Epoch  88: Train%/Test% | Accuracy: 87.37%/76.69% | Precision: 71.43%/58.55% | Recall: 88.09%/67.32% | F1: 75.84%/59.26% | Time: fit=001s, train=000s, test=000s, total=001s
Epoch  89: Train%/Test% | Accuracy: 87.46%/77.82% | Precision: 71.37%/59.16% | Recall: 87.33%/67.95% | F1: 75.72%/60.19% | Time: fit=001s, train=000s, test=000s, total=001s
Epoch  90: Train%/Test% | Accuracy: 87.09%/76.69% | Precision: 71.13%/58.55% | Recall: 87.93%/67.32% | F1: 75.48%/59.26% | Time: fit=001s, train=000s, test=000s, total=001s
Epoch  91: Train%/Test% | Accuracy: 87.18%/76.32% | Precision: 71.23%/58.36% | Recall: 87.98%/67.11% | F1: 75.60%/58.95% | Time: fit=001s, train=000s, test=000s, total=001s
Epoch  92: Train%/Test% | Accuracy: 87.28%/78.57% | Precision: 71.16%/58.94% | Recall: 87.22%/66.72% | F1: 75.47%/60.09% | Time: fit=001s, train=000s, test=000s, total=001s
Epoch  93: Train%/Test% | Accuracy: 87.46%/78.20% | Precision: 71.45%/59.37% | Recall: 87.73%/68.15% | F1: 75.84%/60.51% | Time: fit=001s, train=000s, test=000s, total=001s
Epoch  94: Train%/Test% | Accuracy: 87.84%/77.44% | Precision: 71.88%/58.95% | Recall: 87.94%/67.74% | F1: 76.33%/59.88% | Time: fit=001s, train=000s, test=000s, total=001s
Epoch  95: Train%/Test% | Accuracy: 87.46%/77.07% | Precision: 71.45%/58.75% | Recall: 87.73%/67.53% | F1: 75.84%/59.57% | Time: fit=001s, train=000s, test=000s, total=001s
Epoch  96: Train%/Test% | Accuracy: 87.28%/77.07% | Precision: 71.16%/58.75% | Recall: 87.22%/67.53% | F1: 75.47%/59.57% | Time: fit=001s, train=000s, test=000s, total=001s
Epoch  97: Train%/Test% | Accuracy: 87.65%/78.57% | Precision: 71.66%/59.59% | Recall: 87.84%/68.36% | F1: 76.08%/60.84% | Time: fit=001s, train=000s, test=000s, total=001s
Epoch  98: Train%/Test% | Accuracy: 88.97%/81.58% | Precision: 73.05%/60.99% | Recall: 87.36%/68.39% | F1: 77.48%/62.80% | Time: fit=001s, train=000s, test=000s, total=001s
Epoch  99: Train%/Test% | Accuracy: 88.97%/80.83% | Precision: 73.05%/60.42% | Recall: 87.36%/67.98% | F1: 77.48%/62.09% | Time: fit=001s, train=000s, test=000s, total=001s
Epoch 100: Train%/Test% | Accuracy: 89.54%/81.58% | Precision: 73.82%/60.99% | Recall: 87.67%/68.39% | F1: 78.27%/62.80% | Time: fit=001s, train=000s, test=000s, total=001s
Epoch 101: Train%/Test% | Accuracy: 88.97%/81.95% | Precision: 73.11%/61.92% | Recall: 87.76%/70.25% | F1: 77.60%/63.94% | Time: fit=001s, train=000s, test=000s, total=001s
Epoch 102: Train%/Test% | Accuracy: 88.22%/81.20% | Precision: 72.16%/61.33% | Recall: 87.34%/69.83% | F1: 76.58%/63.22% | Time: fit=001s, train=000s, test=000s, total=001s
Epoch 103: Train%/Test% | Accuracy: 86.90%/78.20% | Precision: 70.67%/59.37% | Recall: 86.61%/68.15% | F1: 74.87%/60.51% | Time: fit=001s, train=000s, test=000s, total=001s
Epoch 104: Train%/Test% | Accuracy: 87.18%/78.95% | Precision: 71.15%/59.81% | Recall: 87.58%/68.57% | F1: 75.48%/61.16% | Time: fit=001s, train=000s, test=000s, total=001s
Epoch 105: Train%/Test% | Accuracy: 87.18%/76.69% | Precision: 71.23%/58.55% | Recall: 87.98%/67.32% | F1: 75.60%/59.26% | Time: fit=001s, train=000s, test=000s, total=001s
Epoch 106: Train%/Test% | Accuracy: 86.90%/77.44% | Precision: 70.93%/58.95% | Recall: 87.83%/67.74% | F1: 75.24%/59.88% | Time: fit=001s, train=000s, test=000s, total=001s
Epoch 107: Train%/Test% | Accuracy: 86.62%/75.94% | Precision: 70.56%/58.18% | Recall: 87.26%/66.90% | F1: 74.77%/58.65% | Time: fit=001s, train=000s, test=000s, total=001s
Epoch 108: Train%/Test% | Accuracy: 86.99%/77.44% | Precision: 71.03%/58.95% | Recall: 87.88%/67.74% | F1: 75.36%/59.88% | Time: fit=001s, train=000s, test=000s, total=001s
Epoch 109: Train%/Test% | Accuracy: 88.60%/79.32% | Precision: 72.56%/60.05% | Recall: 87.15%/68.78% | F1: 76.96%/61.49% | Time: fit=001s, train=000s, test=000s, total=001s
Epoch 110: Train%/Test% | Accuracy: 88.78%/79.32% | Precision: 72.80%/60.05% | Recall: 87.25%/68.78% | F1: 77.22%/61.49% | Time: fit=001s, train=000s, test=000s, total=001s
Epoch 111: Train%/Test% | Accuracy: 88.88%/78.57% | Precision: 72.92%/59.59% | Recall: 87.30%/68.36% | F1: 77.35%/60.84% | Time: fit=001s, train=000s, test=000s, total=001s
Epoch 112: Train%/Test% | Accuracy: 88.69%/77.82% | Precision: 72.75%/59.16% | Recall: 87.60%/67.95% | F1: 77.21%/60.19% | Time: fit=001s, train=000s, test=000s, total=002s
Epoch 113: Train%/Test% | Accuracy: 88.22%/78.57% | Precision: 72.31%/59.59% | Recall: 88.15%/68.36% | F1: 76.82%/60.84% | Time: fit=001s, train=000s, test=000s, total=001s
Epoch 114: Train%/Test% | Accuracy: 88.69%/79.32% | Precision: 72.68%/60.05% | Recall: 87.20%/68.78% | F1: 77.09%/61.49% | Time: fit=001s, train=000s, test=000s, total=001s
Epoch 115: Train%/Test% | Accuracy: 87.37%/78.57% | Precision: 71.35%/59.59% | Recall: 87.68%/68.36% | F1: 75.72%/60.84% | Time: fit=001s, train=000s, test=000s, total=001s
Epoch 116: Train%/Test% | Accuracy: 87.46%/77.82% | Precision: 71.54%/59.16% | Recall: 88.14%/67.95% | F1: 75.96%/60.19% | Time: fit=001s, train=000s, test=000s, total=001s
Epoch 117: Train%/Test% | Accuracy: 87.46%/78.20% | Precision: 71.45%/59.37% | Recall: 87.73%/68.15% | F1: 75.84%/60.51% | Time: fit=001s, train=000s, test=000s, total=001s
Epoch 118: Train%/Test% | Accuracy: 87.65%/77.82% | Precision: 71.66%/59.16% | Recall: 87.84%/67.95% | F1: 76.08%/60.19% | Time: fit=001s, train=000s, test=000s, total=001s
Epoch 119: Train%/Test% | Accuracy: 88.88%/78.57% | Precision: 73.06%/59.59% | Recall: 88.12%/68.36% | F1: 77.59%/60.84% | Time: fit=001s, train=000s, test=000s, total=001s
Epoch 120: Train%/Test% | Accuracy: 89.82%/82.33% | Precision: 74.17%/62.22% | Recall: 87.42%/70.46% | F1: 78.56%/64.32% | Time: fit=001s, train=000s, test=000s, total=001s
Epoch 121: Train%/Test% | Accuracy: 89.73%/81.95% | Precision: 73.98%/61.92% | Recall: 86.96%/70.25% | F1: 78.29%/63.94% | Time: fit=001s, train=000s, test=000s, total=001s
Epoch 122: Train%/Test% | Accuracy: 88.88%/81.95% | Precision: 72.79%/61.92% | Recall: 86.49%/70.25% | F1: 77.10%/63.94% | Time: fit=001s, train=000s, test=000s, total=001s
Epoch 123: Train%/Test% | Accuracy: 88.60%/80.45% | Precision: 72.49%/60.79% | Recall: 86.74%/69.41% | F1: 76.83%/62.51% | Time: fit=001s, train=000s, test=000s, total=001s
Epoch 124: Train%/Test% | Accuracy: 87.84%/81.20% | Precision: 71.56%/61.33% | Recall: 86.32%/69.83% | F1: 75.83%/63.22% | Time: fit=001s, train=000s, test=000s, total=001s
Epoch 125: Train%/Test% | Accuracy: 88.22%/80.83% | Precision: 72.24%/61.06% | Recall: 87.75%/69.62% | F1: 76.70%/62.86% | Time: fit=001s, train=000s, test=000s, total=001s
Epoch 126: Train%/Test% | Accuracy: 88.60%/80.83% | Precision: 72.70%/61.06% | Recall: 87.96%/69.62% | F1: 77.21%/62.86% | Time: fit=001s, train=000s, test=000s, total=001s
Epoch 127: Train%/Test% | Accuracy: 89.26%/81.20% | Precision: 73.61%/61.33% | Recall: 88.73%/69.83% | F1: 78.23%/63.22% | Time: fit=001s, train=000s, test=000s, total=001s
Epoch 128: Train%/Test% | Accuracy: 88.69%/80.83% | Precision: 72.75%/61.06% | Recall: 87.60%/69.62% | F1: 77.21%/62.86% | Time: fit=001s, train=000s, test=000s, total=001s
Epoch 129: Train%/Test% | Accuracy: 88.88%/81.58% | Precision: 72.99%/61.62% | Recall: 87.71%/70.04% | F1: 77.47%/63.58% | Time: fit=001s, train=000s, test=000s, total=001s
Epoch 130: Train%/Test% | Accuracy: 88.60%/80.45% | Precision: 72.84%/60.79% | Recall: 88.77%/69.41% | F1: 77.45%/62.51% | Time: fit=001s, train=000s, test=000s, total=001s
Epoch 131: Train%/Test% | Accuracy: 88.88%/81.58% | Precision: 73.06%/61.62% | Recall: 88.12%/70.04% | F1: 77.59%/63.58% | Time: fit=001s, train=000s, test=000s, total=001s
Epoch 132: Train%/Test% | Accuracy: 88.03%/80.45% | Precision: 72.02%/60.79% | Recall: 87.64%/69.41% | F1: 76.45%/62.51% | Time: fit=001s, train=000s, test=000s, total=001s
Epoch 133: Train%/Test% | Accuracy: 86.71%/79.32% | Precision: 70.74%/60.05% | Recall: 87.72%/68.78% | F1: 75.01%/61.49% | Time: fit=001s, train=000s, test=000s, total=001s
Epoch 134: Train%/Test% | Accuracy: 88.03%/79.32% | Precision: 72.25%/60.05% | Recall: 88.86%/68.78% | F1: 76.81%/61.49% | Time: fit=001s, train=000s, test=000s, total=001s
Epoch 135: Train%/Test% | Accuracy: 89.16%/80.08% | Precision: 73.49%/60.54% | Recall: 88.68%/69.20% | F1: 78.10%/62.17% | Time: fit=001s, train=000s, test=000s, total=001s
Epoch 136: Train%/Test% | Accuracy: 89.82%/81.20% | Precision: 74.17%/61.33% | Recall: 87.42%/69.83% | F1: 78.56%/63.22% | Time: fit=001s, train=000s, test=000s, total=001s
Epoch 137: Train%/Test% | Accuracy: 89.82%/81.20% | Precision: 74.06%/61.33% | Recall: 86.61%/69.83% | F1: 78.31%/63.22% | Time: fit=001s, train=000s, test=000s, total=001s
Epoch 138: Train%/Test% | Accuracy: 90.48%/81.58% | Precision: 75.05%/59.63% | Recall: 86.57%/65.11% | F1: 79.16%/61.10% | Time: fit=001s, train=000s, test=000s, total=001s
Epoch 139: Train%/Test% | Accuracy: 87.84%/78.95% | Precision: 71.88%/59.81% | Recall: 87.94%/68.57% | F1: 76.33%/61.16% | Time: fit=001s, train=000s, test=000s, total=001s
Epoch 140: Train%/Test% | Accuracy: 89.82%/80.83% | Precision: 74.12%/59.76% | Recall: 87.02%/66.33% | F1: 78.43%/61.28% | Time: fit=001s, train=000s, test=000s, total=001s
Epoch 141: Train%/Test% | Accuracy: 89.63%/81.58% | Precision: 73.84%/60.33% | Recall: 86.91%/66.75% | F1: 78.16%/61.97% | Time: fit=001s, train=000s, test=000s, total=001s
Epoch 142: Train%/Test% | Accuracy: 89.26%/82.33% | Precision: 73.30%/61.60% | Recall: 86.70%/68.81% | F1: 77.62%/63.52% | Time: fit=001s, train=000s, test=000s, total=001s
Epoch 143: Train%/Test% | Accuracy: 89.16%/82.33% | Precision: 73.23%/61.60% | Recall: 87.05%/68.81% | F1: 77.62%/63.52% | Time: fit=001s, train=000s, test=000s, total=001s
Epoch 144: Train%/Test% | Accuracy: 88.97%/80.83% | Precision: 73.05%/60.42% | Recall: 87.36%/67.98% | F1: 77.48%/62.09% | Time: fit=001s, train=000s, test=000s, total=001s
Epoch 145: Train%/Test% | Accuracy: 88.03%/79.32% | Precision: 71.86%/59.40% | Recall: 86.83%/67.14% | F1: 76.20%/60.74% | Time: fit=001s, train=000s, test=000s, total=001s
Epoch 146: Train%/Test% | Accuracy: 89.73%/80.83% | Precision: 74.03%/59.76% | Recall: 87.37%/66.33% | F1: 78.42%/61.28% | Time: fit=001s, train=000s, test=000s, total=001s
Epoch 147: Train%/Test% | Accuracy: 87.84%/79.32% | Precision: 71.80%/60.05% | Recall: 87.54%/68.78% | F1: 76.20%/61.49% | Time: fit=001s, train=000s, test=000s, total=001s
Epoch 148: Train%/Test% | Accuracy: 87.37%/79.32% | Precision: 71.18%/60.05% | Recall: 86.87%/68.78% | F1: 75.47%/61.49% | Time: fit=001s, train=000s, test=000s, total=001s
Epoch 149: Train%/Test% | Accuracy: 88.41%/80.08% | Precision: 72.54%/60.54% | Recall: 88.26%/69.20% | F1: 77.07%/62.17% | Time: fit=001s, train=000s, test=000s, total=001s
Epoch 150: Train%/Test% | Accuracy: 90.39%/83.46% | Precision: 74.94%/61.98% | Recall: 86.93%/67.80% | F1: 79.14%/63.81% | Time: fit=001s, train=000s, test=000s, total=001s
