[nltk_data] Downloading package wordnet to /home/bjorvl16/nltk_data...
[nltk_data]   Package wordnet is already up-to-date!
[nltk_data] Downloading package stopwords to
[nltk_data]     /home/bjorvl16/nltk_data...
[nltk_data]   Package stopwords is already up-to-date!
[*] Load dataset...
[*] Fix malformed data...
[*] Split...
[*] Encoding...
[*] Encoding feature: text... 4922
==============================
Using CPU for training
Dataset: fake-news-datasets-deception-Celebrity
TMU params: num-clauses=5000, T=150, s=10.0
Epochs: 150
Feature(s): text
max-vocab=15000, max-domain=500, max-tweet=500
====================
Train size: 400
Train classes: 2
Test size: 100
Test classes: 2
Total features: 4922
==============================
[*] Training for 150 epochs...
Epoch   1: Train%/Test% | Accuracy: 53.00%/47.00% | Precision: 76.02%/73.23% | Recall: 52.04%/50.93% | F1: 38.15%/33.54% | Time: fit=006s, train=000s, test=000s, total=006s
Epoch   2: Train%/Test% | Accuracy: 55.50%/52.00% | Precision: 70.48%/74.47% | Recall: 54.62%/55.56% | F1: 44.20%/42.86% | Time: fit=006s, train=000s, test=000s, total=006s
Epoch   3: Train%/Test% | Accuracy: 59.50%/55.00% | Precision: 73.17%/75.27% | Recall: 58.71%/58.33% | F1: 51.55%/47.86% | Time: fit=006s, train=000s, test=000s, total=006s
Epoch   4: Train%/Test% | Accuracy: 58.25%/53.00% | Precision: 74.49%/74.73% | Recall: 57.42%/56.48% | F1: 48.91%/44.57% | Time: fit=006s, train=000s, test=000s, total=006s
Epoch   5: Train%/Test% | Accuracy: 82.00%/65.00% | Precision: 81.99%/64.75% | Recall: 82.00%/64.69% | F1: 82.00%/64.71% | Time: fit=005s, train=000s, test=000s, total=005s
Epoch   6: Train%/Test% | Accuracy: 71.00%/66.00% | Precision: 80.90%/74.70% | Recall: 71.56%/63.37% | F1: 68.81%/60.26% | Time: fit=005s, train=000s, test=000s, total=005s
Epoch   7: Train%/Test% | Accuracy: 80.75%/70.00% | Precision: 84.49%/73.49% | Recall: 81.08%/68.20% | F1: 80.32%/67.45% | Time: fit=005s, train=000s, test=000s, total=005s
Epoch   8: Train%/Test% | Accuracy: 86.25%/75.00% | Precision: 87.43%/75.70% | Recall: 86.43%/74.11% | F1: 86.18%/74.26% | Time: fit=004s, train=000s, test=000s, total=005s
Epoch   9: Train%/Test% | Accuracy: 82.00%/70.00% | Precision: 85.75%/71.90% | Recall: 82.32%/68.52% | F1: 81.61%/68.17% | Time: fit=004s, train=000s, test=000s, total=004s
Epoch  10: Train%/Test% | Accuracy: 83.75%/73.00% | Precision: 85.79%/74.47% | Recall: 83.99%/71.78% | F1: 83.58%/71.75% | Time: fit=004s, train=000s, test=000s, total=004s
Epoch  11: Train%/Test% | Accuracy: 89.50%/74.00% | Precision: 89.60%/74.17% | Recall: 89.56%/73.35% | F1: 89.50%/73.48% | Time: fit=004s, train=000s, test=000s, total=004s
Epoch  12: Train%/Test% | Accuracy: 86.50%/69.00% | Precision: 87.81%/69.09% | Recall: 86.31%/69.20% | F1: 86.33%/68.97% | Time: fit=004s, train=000s, test=000s, total=004s
Epoch  13: Train%/Test% | Accuracy: 81.50%/70.00% | Precision: 85.50%/73.71% | Recall: 81.16%/71.42% | F1: 80.84%/69.56% | Time: fit=004s, train=000s, test=000s, total=004s
Epoch  14: Train%/Test% | Accuracy: 86.25%/67.00% | Precision: 88.50%/68.79% | Recall: 86.01%/68.00% | F1: 85.99%/66.84% | Time: fit=004s, train=000s, test=000s, total=004s
Epoch  15: Train%/Test% | Accuracy: 89.50%/73.00% | Precision: 89.50%/73.03% | Recall: 89.50%/72.42% | F1: 89.50%/72.54% | Time: fit=004s, train=000s, test=000s, total=004s
Epoch  16: Train%/Test% | Accuracy: 88.50%/67.00% | Precision: 89.60%/67.91% | Recall: 88.34%/67.67% | F1: 88.38%/66.97% | Time: fit=004s, train=000s, test=000s, total=004s
Epoch  17: Train%/Test% | Accuracy: 89.50%/74.00% | Precision: 89.55%/73.83% | Recall: 89.47%/73.83% | F1: 89.49%/73.83% | Time: fit=004s, train=000s, test=000s, total=004s
Epoch  18: Train%/Test% | Accuracy: 91.00%/72.00% | Precision: 91.01%/71.92% | Recall: 91.03%/71.50% | F1: 91.00%/71.59% | Time: fit=004s, train=000s, test=000s, total=004s
Epoch  19: Train%/Test% | Accuracy: 91.25%/73.00% | Precision: 91.27%/73.03% | Recall: 91.28%/72.42% | F1: 91.25%/72.54% | Time: fit=004s, train=000s, test=000s, total=004s
Epoch  20: Train%/Test% | Accuracy: 90.00%/72.00% | Precision: 90.20%/72.08% | Recall: 90.08%/71.34% | F1: 90.00%/71.44% | Time: fit=004s, train=000s, test=000s, total=004s
Epoch  21: Train%/Test% | Accuracy: 90.50%/73.00% | Precision: 90.65%/73.25% | Recall: 90.57%/72.26% | F1: 90.50%/72.38% | Time: fit=004s, train=000s, test=000s, total=004s
Epoch  22: Train%/Test% | Accuracy: 91.25%/73.00% | Precision: 91.26%/72.89% | Recall: 91.27%/72.58% | F1: 91.25%/72.67% | Time: fit=004s, train=000s, test=000s, total=004s
Epoch  23: Train%/Test% | Accuracy: 91.50%/76.00% | Precision: 91.51%/75.89% | Recall: 91.49%/75.68% | F1: 91.49%/75.76% | Time: fit=004s, train=000s, test=000s, total=004s
Epoch  24: Train%/Test% | Accuracy: 91.50%/74.00% | Precision: 91.82%/73.83% | Recall: 91.42%/73.83% | F1: 91.47%/73.83% | Time: fit=004s, train=000s, test=000s, total=004s
Epoch  25: Train%/Test% | Accuracy: 91.75%/75.00% | Precision: 91.76%/75.09% | Recall: 91.77%/74.44% | F1: 91.75%/74.57% | Time: fit=004s, train=000s, test=000s, total=004s
Epoch  26: Train%/Test% | Accuracy: 91.50%/74.00% | Precision: 91.59%/73.86% | Recall: 91.46%/73.67% | F1: 91.49%/73.74% | Time: fit=004s, train=000s, test=000s, total=004s
Epoch  27: Train%/Test% | Accuracy: 93.00%/75.00% | Precision: 93.01%/74.93% | Recall: 92.99%/74.60% | F1: 93.00%/74.69% | Time: fit=003s, train=000s, test=000s, total=004s
Epoch  28: Train%/Test% | Accuracy: 93.25%/73.00% | Precision: 93.37%/72.93% | Recall: 93.20%/73.07% | F1: 93.24%/72.93% | Time: fit=003s, train=000s, test=000s, total=004s
Epoch  29: Train%/Test% | Accuracy: 93.25%/73.00% | Precision: 93.27%/72.83% | Recall: 93.23%/72.75% | F1: 93.24%/72.78% | Time: fit=004s, train=000s, test=000s, total=004s
Epoch  30: Train%/Test% | Accuracy: 94.00%/72.00% | Precision: 94.00%/71.83% | Recall: 94.00%/71.66% | F1: 94.00%/71.72% | Time: fit=004s, train=000s, test=000s, total=004s
Epoch  31: Train%/Test% | Accuracy: 93.00%/72.00% | Precision: 93.01%/71.82% | Recall: 92.99%/71.82% | F1: 93.00%/71.82% | Time: fit=003s, train=000s, test=000s, total=004s
Epoch  32: Train%/Test% | Accuracy: 92.50%/74.00% | Precision: 92.49%/73.97% | Recall: 92.51%/73.51% | F1: 92.50%/73.62% | Time: fit=003s, train=000s, test=000s, total=004s
Epoch  33: Train%/Test% | Accuracy: 93.25%/73.00% | Precision: 93.27%/72.89% | Recall: 93.28%/72.58% | F1: 93.25%/72.67% | Time: fit=003s, train=000s, test=000s, total=004s
Epoch  34: Train%/Test% | Accuracy: 93.75%/73.00% | Precision: 93.87%/72.93% | Recall: 93.70%/73.07% | F1: 93.74%/72.93% | Time: fit=003s, train=000s, test=000s, total=004s
Epoch  35: Train%/Test% | Accuracy: 92.75%/73.00% | Precision: 92.80%/73.03% | Recall: 92.79%/72.42% | F1: 92.75%/72.54% | Time: fit=003s, train=000s, test=000s, total=003s
Epoch  36: Train%/Test% | Accuracy: 93.25%/72.00% | Precision: 93.34%/72.08% | Recall: 93.30%/71.34% | F1: 93.25%/71.44% | Time: fit=004s, train=000s, test=000s, total=004s
Epoch  37: Train%/Test% | Accuracy: 92.50%/72.00% | Precision: 92.54%/72.08% | Recall: 92.54%/71.34% | F1: 92.50%/71.44% | Time: fit=004s, train=000s, test=000s, total=004s
Epoch  38: Train%/Test% | Accuracy: 94.25%/72.00% | Precision: 94.34%/72.08% | Recall: 94.30%/71.34% | F1: 94.25%/71.44% | Time: fit=003s, train=000s, test=000s, total=003s
Epoch  39: Train%/Test% | Accuracy: 94.00%/73.00% | Precision: 94.04%/72.89% | Recall: 94.04%/72.58% | F1: 94.00%/72.67% | Time: fit=003s, train=000s, test=000s, total=003s
Epoch  40: Train%/Test% | Accuracy: 94.25%/73.00% | Precision: 94.34%/73.03% | Recall: 94.30%/72.42% | F1: 94.25%/72.54% | Time: fit=003s, train=000s, test=000s, total=004s
Epoch  41: Train%/Test% | Accuracy: 93.25%/73.00% | Precision: 93.26%/72.89% | Recall: 93.27%/72.58% | F1: 93.25%/72.67% | Time: fit=003s, train=000s, test=000s, total=004s
Epoch  42: Train%/Test% | Accuracy: 93.50%/74.00% | Precision: 93.54%/73.97% | Recall: 93.54%/73.51% | F1: 93.50%/73.62% | Time: fit=003s, train=000s, test=000s, total=003s
Epoch  43: Train%/Test% | Accuracy: 94.00%/72.00% | Precision: 94.00%/71.83% | Recall: 94.02%/71.66% | F1: 94.00%/71.72% | Time: fit=003s, train=000s, test=000s, total=003s
Epoch  44: Train%/Test% | Accuracy: 94.50%/73.00% | Precision: 94.72%/73.25% | Recall: 94.58%/72.26% | F1: 94.50%/72.38% | Time: fit=003s, train=000s, test=000s, total=003s
Epoch  45: Train%/Test% | Accuracy: 95.25%/73.00% | Precision: 95.51%/73.25% | Recall: 95.33%/72.26% | F1: 95.25%/72.38% | Time: fit=003s, train=000s, test=000s, total=004s
Epoch  46: Train%/Test% | Accuracy: 94.75%/73.00% | Precision: 95.08%/73.25% | Recall: 94.84%/72.26% | F1: 94.75%/72.38% | Time: fit=003s, train=000s, test=000s, total=003s
Epoch  47: Train%/Test% | Accuracy: 95.50%/73.00% | Precision: 95.72%/73.25% | Recall: 95.58%/72.26% | F1: 95.50%/72.38% | Time: fit=003s, train=000s, test=000s, total=003s
Epoch  48: Train%/Test% | Accuracy: 96.75%/72.00% | Precision: 96.84%/72.08% | Recall: 96.80%/71.34% | F1: 96.75%/71.44% | Time: fit=003s, train=000s, test=000s, total=003s
Epoch  49: Train%/Test% | Accuracy: 97.00%/72.00% | Precision: 97.12%/72.08% | Recall: 97.06%/71.34% | F1: 97.00%/71.44% | Time: fit=003s, train=000s, test=000s, total=003s
Epoch  50: Train%/Test% | Accuracy: 96.00%/71.00% | Precision: 96.23%/71.14% | Recall: 96.08%/70.25% | F1: 96.00%/70.33% | Time: fit=003s, train=000s, test=000s, total=003s
Epoch  51: Train%/Test% | Accuracy: 96.00%/70.00% | Precision: 96.23%/70.49% | Recall: 96.08%/69.00% | F1: 96.00%/69.00% | Time: fit=003s, train=000s, test=000s, total=003s
Epoch  52: Train%/Test% | Accuracy: 96.75%/72.00% | Precision: 96.89%/72.33% | Recall: 96.81%/71.18% | F1: 96.75%/71.26% | Time: fit=003s, train=000s, test=000s, total=004s
Epoch  53: Train%/Test% | Accuracy: 98.00%/72.00% | Precision: 98.04%/72.08% | Recall: 98.04%/71.34% | F1: 98.00%/71.44% | Time: fit=003s, train=000s, test=000s, total=003s
Epoch  54: Train%/Test% | Accuracy: 97.75%/71.00% | Precision: 97.76%/70.96% | Recall: 97.77%/70.41% | F1: 97.75%/70.50% | Time: fit=003s, train=000s, test=000s, total=003s
Epoch  55: Train%/Test% | Accuracy: 97.50%/73.00% | Precision: 97.54%/73.25% | Recall: 97.54%/72.26% | F1: 97.50%/72.38% | Time: fit=003s, train=000s, test=000s, total=003s
Epoch  56: Train%/Test% | Accuracy: 98.00%/73.00% | Precision: 98.01%/73.03% | Recall: 98.03%/72.42% | F1: 98.00%/72.54% | Time: fit=003s, train=000s, test=000s, total=003s
Epoch  57: Train%/Test% | Accuracy: 97.75%/72.00% | Precision: 97.80%/72.33% | Recall: 97.79%/71.18% | F1: 97.75%/71.26% | Time: fit=003s, train=000s, test=000s, total=003s
Epoch  58: Train%/Test% | Accuracy: 99.00%/72.00% | Precision: 99.00%/71.92% | Recall: 99.00%/71.50% | F1: 99.00%/71.59% | Time: fit=003s, train=000s, test=000s, total=003s
Epoch  59: Train%/Test% | Accuracy: 99.00%/72.00% | Precision: 99.00%/71.83% | Recall: 99.00%/71.66% | F1: 99.00%/71.72% | Time: fit=003s, train=000s, test=000s, total=003s
Epoch  60: Train%/Test% | Accuracy: 99.00%/70.00% | Precision: 99.00%/69.81% | Recall: 99.00%/69.65% | F1: 99.00%/69.70% | Time: fit=003s, train=000s, test=000s, total=003s
Epoch  61: Train%/Test% | Accuracy: 98.75%/68.00% | Precision: 98.76%/67.78% | Recall: 98.74%/67.63% | F1: 98.75%/67.68% | Time: fit=003s, train=000s, test=000s, total=003s
Epoch  62: Train%/Test% | Accuracy: 98.25%/67.00% | Precision: 98.27%/66.82% | Recall: 98.23%/66.87% | F1: 98.25%/66.84% | Time: fit=003s, train=000s, test=000s, total=003s
Epoch  63: Train%/Test% | Accuracy: 98.25%/68.00% | Precision: 98.27%/67.79% | Recall: 98.23%/67.79% | F1: 98.25%/67.79% | Time: fit=003s, train=000s, test=000s, total=003s
Epoch  64: Train%/Test% | Accuracy: 98.50%/69.00% | Precision: 98.51%/68.79% | Recall: 98.49%/68.72% | F1: 98.50%/68.75% | Time: fit=003s, train=000s, test=000s, total=003s
Epoch  65: Train%/Test% | Accuracy: 99.00%/69.00% | Precision: 99.00%/68.79% | Recall: 99.00%/68.72% | F1: 99.00%/68.75% | Time: fit=003s, train=000s, test=000s, total=003s
Epoch  66: Train%/Test% | Accuracy: 99.00%/70.00% | Precision: 99.00%/69.81% | Recall: 99.00%/69.65% | F1: 99.00%/69.70% | Time: fit=003s, train=000s, test=000s, total=003s
Epoch  67: Train%/Test% | Accuracy: 98.50%/70.00% | Precision: 98.49%/69.87% | Recall: 98.51%/69.48% | F1: 98.50%/69.56% | Time: fit=003s, train=000s, test=000s, total=003s
Epoch  68: Train%/Test% | Accuracy: 99.25%/69.00% | Precision: 99.25%/68.79% | Recall: 99.25%/68.72% | F1: 99.25%/68.75% | Time: fit=003s, train=000s, test=000s, total=003s
Epoch  69: Train%/Test% | Accuracy: 99.00%/70.00% | Precision: 99.01%/69.87% | Recall: 98.99%/69.97% | F1: 99.00%/69.89% | Time: fit=003s, train=000s, test=000s, total=003s
Epoch  70: Train%/Test% | Accuracy: 99.00%/70.00% | Precision: 98.99%/69.81% | Recall: 99.01%/69.65% | F1: 99.00%/69.70% | Time: fit=003s, train=000s, test=000s, total=003s
Epoch  71: Train%/Test% | Accuracy: 99.00%/72.00% | Precision: 99.00%/71.92% | Recall: 99.02%/71.50% | F1: 99.00%/71.59% | Time: fit=003s, train=000s, test=000s, total=003s
Epoch  72: Train%/Test% | Accuracy: 99.25%/70.00% | Precision: 99.25%/69.81% | Recall: 99.25%/69.65% | F1: 99.25%/69.70% | Time: fit=003s, train=000s, test=000s, total=003s
Epoch  73: Train%/Test% | Accuracy: 99.00%/68.00% | Precision: 99.00%/67.79% | Recall: 99.00%/67.79% | F1: 99.00%/67.79% | Time: fit=003s, train=000s, test=000s, total=003s
Epoch  74: Train%/Test% | Accuracy: 98.75%/67.00% | Precision: 98.77%/66.82% | Recall: 98.73%/66.87% | F1: 98.75%/66.84% | Time: fit=003s, train=000s, test=000s, total=003s
Epoch  75: Train%/Test% | Accuracy: 99.00%/68.00% | Precision: 99.01%/68.00% | Recall: 98.99%/68.12% | F1: 99.00%/67.95% | Time: fit=003s, train=000s, test=000s, total=003s
Epoch  76: Train%/Test% | Accuracy: 99.00%/69.00% | Precision: 99.01%/68.83% | Recall: 98.99%/68.88% | F1: 99.00%/68.85% | Time: fit=003s, train=000s, test=000s, total=003s
Epoch  77: Train%/Test% | Accuracy: 98.25%/68.00% | Precision: 98.30%/68.00% | Recall: 98.22%/68.12% | F1: 98.25%/67.95% | Time: fit=003s, train=000s, test=000s, total=003s
Epoch  78: Train%/Test% | Accuracy: 98.75%/70.00% | Precision: 98.77%/69.87% | Recall: 98.73%/69.97% | F1: 98.75%/69.89% | Time: fit=003s, train=000s, test=000s, total=003s
Epoch  79: Train%/Test% | Accuracy: 99.00%/71.00% | Precision: 99.00%/70.81% | Recall: 99.00%/70.73% | F1: 99.00%/70.76% | Time: fit=003s, train=000s, test=000s, total=003s
Epoch  80: Train%/Test% | Accuracy: 98.75%/70.00% | Precision: 98.76%/70.00% | Recall: 98.74%/70.13% | F1: 98.75%/69.95% | Time: fit=003s, train=000s, test=000s, total=003s
Epoch  81: Train%/Test% | Accuracy: 98.75%/70.00% | Precision: 98.76%/70.00% | Recall: 98.74%/70.13% | F1: 98.75%/69.95% | Time: fit=003s, train=000s, test=000s, total=003s
Epoch  82: Train%/Test% | Accuracy: 99.00%/70.00% | Precision: 99.00%/69.87% | Recall: 99.00%/69.48% | F1: 99.00%/69.56% | Time: fit=003s, train=000s, test=000s, total=003s
Epoch  83: Train%/Test% | Accuracy: 98.75%/73.00% | Precision: 98.75%/72.89% | Recall: 98.75%/72.58% | F1: 98.75%/72.67% | Time: fit=003s, train=000s, test=000s, total=003s
Epoch  84: Train%/Test% | Accuracy: 99.25%/73.00% | Precision: 99.25%/73.03% | Recall: 99.26%/72.42% | F1: 99.25%/72.54% | Time: fit=003s, train=000s, test=000s, total=003s
Epoch  85: Train%/Test% | Accuracy: 99.50%/73.00% | Precision: 99.49%/73.03% | Recall: 99.51%/72.42% | F1: 99.50%/72.54% | Time: fit=003s, train=000s, test=000s, total=003s
Epoch  86: Train%/Test% | Accuracy: 99.50%/71.00% | Precision: 99.49%/70.85% | Recall: 99.51%/70.57% | F1: 99.50%/70.64% | Time: fit=003s, train=000s, test=000s, total=003s
Epoch  87: Train%/Test% | Accuracy: 99.25%/71.00% | Precision: 99.25%/70.85% | Recall: 99.26%/70.57% | F1: 99.25%/70.64% | Time: fit=003s, train=000s, test=000s, total=003s
Epoch  88: Train%/Test% | Accuracy: 99.75%/73.00% | Precision: 99.75%/73.03% | Recall: 99.75%/72.42% | F1: 99.75%/72.54% | Time: fit=003s, train=000s, test=000s, total=003s
Epoch  89: Train%/Test% | Accuracy: 99.75%/71.00% | Precision: 99.75%/70.85% | Recall: 99.75%/70.57% | F1: 99.75%/70.64% | Time: fit=003s, train=000s, test=000s, total=003s
Epoch  90: Train%/Test% | Accuracy: 99.75%/70.00% | Precision: 99.75%/69.81% | Recall: 99.75%/69.81% | F1: 99.75%/69.81% | Time: fit=003s, train=000s, test=000s, total=003s
Epoch  91: Train%/Test% | Accuracy: 99.75%/71.00% | Precision: 99.75%/70.81% | Recall: 99.75%/70.73% | F1: 99.75%/70.76% | Time: fit=003s, train=000s, test=000s, total=003s
Epoch  92: Train%/Test% | Accuracy: 99.75%/73.00% | Precision: 99.75%/73.03% | Recall: 99.75%/72.42% | F1: 99.75%/72.54% | Time: fit=003s, train=000s, test=000s, total=003s
Epoch  93: Train%/Test% | Accuracy: 99.75%/70.00% | Precision: 99.75%/69.81% | Recall: 99.75%/69.65% | F1: 99.75%/69.70% | Time: fit=003s, train=000s, test=000s, total=003s
Epoch  94: Train%/Test% | Accuracy: 99.75%/70.00% | Precision: 99.75%/69.81% | Recall: 99.75%/69.65% | F1: 99.75%/69.70% | Time: fit=003s, train=000s, test=000s, total=003s
Epoch  95: Train%/Test% | Accuracy: 99.50%/70.00% | Precision: 99.49%/69.87% | Recall: 99.51%/69.48% | F1: 99.50%/69.56% | Time: fit=003s, train=000s, test=000s, total=003s
Epoch  96: Train%/Test% | Accuracy: 99.50%/69.00% | Precision: 99.50%/68.83% | Recall: 99.50%/68.88% | F1: 99.50%/68.85% | Time: fit=003s, train=000s, test=000s, total=003s
Epoch  97: Train%/Test% | Accuracy: 99.25%/70.00% | Precision: 99.26%/69.81% | Recall: 99.24%/69.81% | F1: 99.25%/69.81% | Time: fit=003s, train=000s, test=000s, total=003s
Epoch  98: Train%/Test% | Accuracy: 99.75%/70.00% | Precision: 99.75%/69.81% | Recall: 99.75%/69.81% | F1: 99.75%/69.81% | Time: fit=003s, train=000s, test=000s, total=003s
Epoch  99: Train%/Test% | Accuracy: 99.75%/69.00% | Precision: 99.75%/68.79% | Recall: 99.75%/68.72% | F1: 99.75%/68.75% | Time: fit=003s, train=000s, test=000s, total=003s
Epoch 100: Train%/Test% | Accuracy: 99.75%/70.00% | Precision: 99.75%/69.87% | Recall: 99.75%/69.48% | F1: 99.75%/69.56% | Time: fit=003s, train=000s, test=000s, total=003s
Epoch 101: Train%/Test% | Accuracy: 99.75%/69.00% | Precision: 99.75%/68.81% | Recall: 99.75%/68.56% | F1: 99.75%/68.62% | Time: fit=003s, train=000s, test=000s, total=003s
Epoch 102: Train%/Test% | Accuracy: 99.75%/72.00% | Precision: 99.75%/71.92% | Recall: 99.75%/71.50% | F1: 99.75%/71.59% | Time: fit=003s, train=000s, test=000s, total=003s
Epoch 103: Train%/Test% | Accuracy: 99.75%/70.00% | Precision: 99.75%/69.81% | Recall: 99.75%/69.65% | F1: 99.75%/69.70% | Time: fit=003s, train=000s, test=000s, total=003s
Epoch 104: Train%/Test% | Accuracy: 99.75%/71.00% | Precision: 99.75%/70.84% | Recall: 99.75%/70.89% | F1: 99.75%/70.86% | Time: fit=003s, train=000s, test=000s, total=003s
Epoch 105: Train%/Test% | Accuracy: 99.75%/70.00% | Precision: 99.75%/69.87% | Recall: 99.75%/69.48% | F1: 99.75%/69.56% | Time: fit=003s, train=000s, test=000s, total=003s
Epoch 106: Train%/Test% | Accuracy: 99.75%/72.00% | Precision: 99.75%/71.82% | Recall: 99.75%/71.82% | F1: 99.75%/71.82% | Time: fit=003s, train=000s, test=000s, total=003s
Epoch 107: Train%/Test% | Accuracy: 99.75%/70.00% | Precision: 99.75%/69.81% | Recall: 99.75%/69.81% | F1: 99.75%/69.81% | Time: fit=003s, train=000s, test=000s, total=003s
Epoch 108: Train%/Test% | Accuracy: 99.25%/69.00% | Precision: 99.25%/68.89% | Recall: 99.26%/68.40% | F1: 99.25%/68.47% | Time: fit=003s, train=000s, test=000s, total=003s
Epoch 109: Train%/Test% | Accuracy: 99.75%/71.00% | Precision: 99.75%/70.85% | Recall: 99.75%/70.57% | F1: 99.75%/70.64% | Time: fit=003s, train=000s, test=000s, total=003s
Epoch 110: Train%/Test% | Accuracy: 99.75%/70.00% | Precision: 99.75%/69.81% | Recall: 99.75%/69.65% | F1: 99.75%/69.70% | Time: fit=003s, train=000s, test=000s, total=003s
Epoch 111: Train%/Test% | Accuracy: 99.75%/70.00% | Precision: 99.75%/69.87% | Recall: 99.75%/69.48% | F1: 99.75%/69.56% | Time: fit=003s, train=000s, test=000s, total=003s
Epoch 112: Train%/Test% | Accuracy: 99.75%/69.00% | Precision: 99.75%/68.89% | Recall: 99.75%/68.40% | F1: 99.75%/68.47% | Time: fit=003s, train=000s, test=000s, total=003s
Epoch 113: Train%/Test% | Accuracy: 99.75%/69.00% | Precision: 99.75%/68.89% | Recall: 99.75%/68.40% | F1: 99.75%/68.47% | Time: fit=003s, train=000s, test=000s, total=003s
Epoch 114: Train%/Test% | Accuracy: 99.75%/69.00% | Precision: 99.75%/68.89% | Recall: 99.75%/68.40% | F1: 99.75%/68.47% | Time: fit=003s, train=000s, test=000s, total=003s
Epoch 115: Train%/Test% | Accuracy: 99.75%/70.00% | Precision: 99.75%/69.87% | Recall: 99.75%/69.48% | F1: 99.75%/69.56% | Time: fit=003s, train=000s, test=000s, total=003s
Epoch 116: Train%/Test% | Accuracy: 99.75%/69.00% | Precision: 99.75%/68.89% | Recall: 99.75%/68.40% | F1: 99.75%/68.47% | Time: fit=003s, train=000s, test=000s, total=003s
Epoch 117: Train%/Test% | Accuracy: 99.50%/70.00% | Precision: 99.49%/69.87% | Recall: 99.51%/69.48% | F1: 99.50%/69.56% | Time: fit=003s, train=000s, test=000s, total=003s
Epoch 118: Train%/Test% | Accuracy: 99.25%/70.00% | Precision: 99.25%/69.87% | Recall: 99.26%/69.48% | F1: 99.25%/69.56% | Time: fit=003s, train=000s, test=000s, total=003s
Epoch 119: Train%/Test% | Accuracy: 99.25%/70.00% | Precision: 99.25%/69.87% | Recall: 99.26%/69.48% | F1: 99.25%/69.56% | Time: fit=003s, train=000s, test=000s, total=003s
Epoch 120: Train%/Test% | Accuracy: 99.25%/69.00% | Precision: 99.25%/68.89% | Recall: 99.26%/68.40% | F1: 99.25%/68.47% | Time: fit=003s, train=000s, test=000s, total=003s
Epoch 121: Train%/Test% | Accuracy: 99.25%/70.00% | Precision: 99.25%/69.87% | Recall: 99.26%/69.48% | F1: 99.25%/69.56% | Time: fit=003s, train=000s, test=000s, total=003s
Epoch 122: Train%/Test% | Accuracy: 99.50%/69.00% | Precision: 99.49%/68.81% | Recall: 99.51%/68.56% | F1: 99.50%/68.62% | Time: fit=003s, train=000s, test=000s, total=003s
Epoch 123: Train%/Test% | Accuracy: 99.00%/73.00% | Precision: 99.00%/73.55% | Recall: 99.02%/72.10% | F1: 99.00%/72.20% | Time: fit=003s, train=000s, test=000s, total=003s
Epoch 124: Train%/Test% | Accuracy: 99.00%/74.00% | Precision: 99.00%/74.83% | Recall: 99.02%/73.03% | F1: 99.00%/73.13% | Time: fit=003s, train=000s, test=000s, total=003s
Epoch 125: Train%/Test% | Accuracy: 99.75%/70.00% | Precision: 99.75%/70.00% | Recall: 99.75%/69.32% | F1: 99.75%/69.40% | Time: fit=003s, train=000s, test=000s, total=003s
Epoch 126: Train%/Test% | Accuracy: 99.25%/72.00% | Precision: 99.25%/71.92% | Recall: 99.26%/71.50% | F1: 99.25%/71.59% | Time: fit=003s, train=000s, test=000s, total=003s
Epoch 127: Train%/Test% | Accuracy: 99.00%/70.00% | Precision: 99.00%/70.00% | Recall: 99.02%/69.32% | F1: 99.00%/69.40% | Time: fit=003s, train=000s, test=000s, total=003s
Epoch 128: Train%/Test% | Accuracy: 98.75%/72.00% | Precision: 98.76%/72.33% | Recall: 98.77%/71.18% | F1: 98.75%/71.26% | Time: fit=003s, train=000s, test=000s, total=003s
Epoch 129: Train%/Test% | Accuracy: 99.00%/72.00% | Precision: 99.00%/72.08% | Recall: 99.02%/71.34% | F1: 99.00%/71.44% | Time: fit=003s, train=000s, test=000s, total=003s
Epoch 130: Train%/Test% | Accuracy: 99.00%/71.00% | Precision: 99.00%/71.14% | Recall: 99.02%/70.25% | F1: 99.00%/70.33% | Time: fit=003s, train=000s, test=000s, total=003s
Epoch 131: Train%/Test% | Accuracy: 99.50%/72.00% | Precision: 99.49%/72.33% | Recall: 99.51%/71.18% | F1: 99.50%/71.26% | Time: fit=003s, train=000s, test=000s, total=003s
Epoch 132: Train%/Test% | Accuracy: 99.75%/71.00% | Precision: 99.75%/70.96% | Recall: 99.75%/70.41% | F1: 99.75%/70.50% | Time: fit=003s, train=000s, test=000s, total=003s
Epoch 133: Train%/Test% | Accuracy: 99.75%/72.00% | Precision: 99.75%/72.08% | Recall: 99.75%/71.34% | F1: 99.75%/71.44% | Time: fit=003s, train=000s, test=000s, total=003s
Epoch 134: Train%/Test% | Accuracy: 99.75%/71.00% | Precision: 99.75%/71.14% | Recall: 99.75%/70.25% | F1: 99.75%/70.33% | Time: fit=003s, train=000s, test=000s, total=003s
Epoch 135: Train%/Test% | Accuracy: 99.75%/70.00% | Precision: 99.75%/70.00% | Recall: 99.75%/69.32% | F1: 99.75%/69.40% | Time: fit=003s, train=000s, test=000s, total=003s
Epoch 136: Train%/Test% | Accuracy: 99.75%/71.00% | Precision: 99.75%/70.96% | Recall: 99.75%/70.41% | F1: 99.75%/70.50% | Time: fit=003s, train=000s, test=000s, total=003s
Epoch 137: Train%/Test% | Accuracy: 99.75%/71.00% | Precision: 99.75%/70.96% | Recall: 99.75%/70.41% | F1: 99.75%/70.50% | Time: fit=003s, train=000s, test=000s, total=003s
Epoch 138: Train%/Test% | Accuracy: 99.25%/74.00% | Precision: 99.25%/74.45% | Recall: 99.26%/73.19% | F1: 99.25%/73.32% | Time: fit=003s, train=000s, test=000s, total=003s
Epoch 139: Train%/Test% | Accuracy: 99.50%/72.00% | Precision: 99.49%/72.08% | Recall: 99.51%/71.34% | F1: 99.50%/71.44% | Time: fit=002s, train=000s, test=000s, total=003s
Epoch 140: Train%/Test% | Accuracy: 99.50%/72.00% | Precision: 99.49%/72.08% | Recall: 99.51%/71.34% | F1: 99.50%/71.44% | Time: fit=002s, train=000s, test=000s, total=002s
Epoch 141: Train%/Test% | Accuracy: 99.75%/71.00% | Precision: 99.75%/70.96% | Recall: 99.75%/70.41% | F1: 99.75%/70.50% | Time: fit=002s, train=000s, test=000s, total=002s
Epoch 142: Train%/Test% | Accuracy: 99.75%/72.00% | Precision: 99.75%/72.08% | Recall: 99.75%/71.34% | F1: 99.75%/71.44% | Time: fit=002s, train=000s, test=000s, total=003s
Epoch 143: Train%/Test% | Accuracy: 100.00%/71.00% | Precision: 100.00%/70.96% | Recall: 100.00%/70.41% | F1: 100.00%/70.50% | Time: fit=002s, train=000s, test=000s, total=002s
Epoch 144: Train%/Test% | Accuracy: 99.75%/70.00% | Precision: 99.75%/70.00% | Recall: 99.75%/69.32% | F1: 99.75%/69.40% | Time: fit=002s, train=000s, test=000s, total=002s
Epoch 145: Train%/Test% | Accuracy: 99.75%/70.00% | Precision: 99.75%/70.00% | Recall: 99.75%/69.32% | F1: 99.75%/69.40% | Time: fit=002s, train=000s, test=000s, total=003s
Epoch 146: Train%/Test% | Accuracy: 99.75%/70.00% | Precision: 99.75%/70.00% | Recall: 99.75%/69.32% | F1: 99.75%/69.40% | Time: fit=002s, train=000s, test=000s, total=003s
Epoch 147: Train%/Test% | Accuracy: 99.75%/70.00% | Precision: 99.75%/70.00% | Recall: 99.75%/69.32% | F1: 99.75%/69.40% | Time: fit=002s, train=000s, test=000s, total=002s
Epoch 148: Train%/Test% | Accuracy: 99.75%/70.00% | Precision: 99.75%/70.00% | Recall: 99.75%/69.32% | F1: 99.75%/69.40% | Time: fit=002s, train=000s, test=000s, total=002s
Epoch 149: Train%/Test% | Accuracy: 99.75%/70.00% | Precision: 99.75%/70.00% | Recall: 99.75%/69.32% | F1: 99.75%/69.40% | Time: fit=002s, train=000s, test=000s, total=002s
Epoch 150: Train%/Test% | Accuracy: 99.75%/73.00% | Precision: 99.75%/73.03% | Recall: 99.75%/72.42% | F1: 99.75%/72.54% | Time: fit=002s, train=000s, test=000s, total=002s
