[nltk_data] Downloading package wordnet to /home/bjorvl16/nltk_data...
[nltk_data]   Package wordnet is already up-to-date!
[nltk_data] Downloading package stopwords to
[nltk_data]     /home/bjorvl16/nltk_data...
[nltk_data]   Package stopwords is already up-to-date!
[*] Load dataset...
[*] Fix malformed data...
[*] Split...
[*] Encoding...
[*] Encoding feature: text... 6597
[*] Encoding feature: domain... 38
==============================
Using GPU for training
Dataset: FakeNewsNet-gossipcop
TMU params: num-clauses=5000, T=50, s=15.0
Epochs: 150
Feature(s): text, domain
max-vocab=15000, max-domain=500, max-tweet=500
====================
Train size: 17712
Train classes: 2
Test size: 4428
Test classes: 2
Total features: 6635
==============================
[*] Training for 150 epochs...
Epoch   1: Train%/Test% | Accuracy: 63.60%/61.72% | Precision: 61.88%/60.35% | Recall: 66.20%/64.10% | F1: 60.16%/58.31% | Time: fit=117s, train=026s, test=006s, total=150s
Epoch   2: Train%/Test% | Accuracy: 69.70%/68.11% | Precision: 64.73%/63.16% | Recall: 69.20%/67.16% | F1: 64.92%/63.17% | Time: fit=116s, train=026s, test=006s, total=148s
Epoch   3: Train%/Test% | Accuracy: 70.34%/68.77% | Precision: 65.13%/63.72% | Recall: 69.61%/67.85% | F1: 65.47%/63.84% | Time: fit=114s, train=026s, test=006s, total=146s
Epoch   4: Train%/Test% | Accuracy: 69.78%/68.11% | Precision: 65.61%/63.84% | Recall: 70.69%/68.28% | F1: 65.57%/63.65% | Time: fit=113s, train=025s, test=006s, total=145s
Epoch   5: Train%/Test% | Accuracy: 68.98%/67.80% | Precision: 65.83%/64.62% | Recall: 71.30%/69.64% | F1: 65.30%/63.99% | Time: fit=113s, train=025s, test=006s, total=144s
Epoch   6: Train%/Test% | Accuracy: 69.71%/67.98% | Precision: 65.98%/64.45% | Recall: 71.33%/69.31% | F1: 65.77%/63.97% | Time: fit=113s, train=025s, test=006s, total=144s
Epoch   7: Train%/Test% | Accuracy: 69.57%/67.21% | Precision: 66.12%/64.09% | Recall: 71.61%/68.93% | F1: 65.78%/63.37% | Time: fit=112s, train=025s, test=006s, total=143s
Epoch   8: Train%/Test% | Accuracy: 69.13%/67.91% | Precision: 66.14%/65.01% | Recall: 71.77%/70.22% | F1: 65.56%/64.27% | Time: fit=111s, train=025s, test=006s, total=142s
Epoch   9: Train%/Test% | Accuracy: 68.81%/67.59% | Precision: 66.25%/65.02% | Recall: 72.01%/70.30% | F1: 65.43%/64.10% | Time: fit=112s, train=024s, test=006s, total=142s
Epoch  10: Train%/Test% | Accuracy: 70.12%/69.29% | Precision: 66.79%/65.90% | Recall: 72.53%/71.29% | F1: 66.46%/65.52% | Time: fit=111s, train=024s, test=006s, total=141s
Epoch  11: Train%/Test% | Accuracy: 69.95%/68.63% | Precision: 66.82%/65.63% | Recall: 72.64%/71.02% | F1: 66.39%/65.01% | Time: fit=112s, train=024s, test=006s, total=142s
Epoch  12: Train%/Test% | Accuracy: 69.06%/68.02% | Precision: 66.49%/65.34% | Recall: 72.34%/70.71% | F1: 65.71%/64.51% | Time: fit=110s, train=024s, test=006s, total=141s
Epoch  13: Train%/Test% | Accuracy: 69.17%/68.41% | Precision: 66.56%/65.64% | Recall: 72.42%/71.10% | F1: 65.81%/64.89% | Time: fit=111s, train=024s, test=006s, total=141s
Epoch  14: Train%/Test% | Accuracy: 63.90%/62.42% | Precision: 64.61%/63.63% | Recall: 69.99%/68.59% | F1: 61.57%/60.20% | Time: fit=111s, train=017s, test=005s, total=133s
Epoch  15: Train%/Test% | Accuracy: 64.58%/63.62% | Precision: 64.73%/63.83% | Recall: 70.17%/68.90% | F1: 62.08%/61.09% | Time: fit=126s, train=027s, test=006s, total=159s
Epoch  16: Train%/Test% | Accuracy: 69.95%/68.86% | Precision: 66.70%/65.73% | Recall: 72.43%/71.14% | F1: 66.32%/65.19% | Time: fit=126s, train=024s, test=006s, total=156s
Epoch  17: Train%/Test% | Accuracy: 69.22%/68.65% | Precision: 66.57%/66.02% | Recall: 72.42%/71.64% | F1: 65.84%/65.24% | Time: fit=126s, train=024s, test=007s, total=156s
Epoch  18: Train%/Test% | Accuracy: 69.48%/68.72% | Precision: 66.72%/65.78% | Recall: 72.59%/71.24% | F1: 66.07%/65.14% | Time: fit=124s, train=024s, test=007s, total=155s
Epoch  19: Train%/Test% | Accuracy: 68.39%/67.10% | Precision: 66.52%/65.67% | Recall: 72.49%/71.35% | F1: 65.32%/64.13% | Time: fit=124s, train=024s, test=007s, total=154s
Epoch  20: Train%/Test% | Accuracy: 68.28%/67.10% | Precision: 66.38%/65.69% | Recall: 72.31%/71.38% | F1: 65.19%/64.14% | Time: fit=124s, train=024s, test=007s, total=155s
Epoch  21: Train%/Test% | Accuracy: 68.84%/66.98% | Precision: 66.80%/65.50% | Recall: 72.84%/71.12% | F1: 65.73%/63.98% | Time: fit=124s, train=025s, test=005s, total=154s
Epoch  22: Train%/Test% | Accuracy: 68.70%/66.58% | Precision: 66.79%/65.27% | Recall: 72.85%/70.82% | F1: 65.64%/63.62% | Time: fit=123s, train=027s, test=004s, total=154s
Epoch  23: Train%/Test% | Accuracy: 68.62%/67.28% | Precision: 66.63%/65.83% | Recall: 72.62%/71.57% | F1: 65.51%/64.32% | Time: fit=123s, train=027s, test=006s, total=156s
Epoch  24: Train%/Test% | Accuracy: 66.32%/64.63% | Precision: 66.22%/64.86% | Recall: 72.21%/70.31% | F1: 63.85%/62.18% | Time: fit=119s, train=027s, test=006s, total=153s
Epoch  25: Train%/Test% | Accuracy: 66.05%/64.59% | Precision: 66.20%/65.05% | Recall: 72.19%/70.56% | F1: 63.65%/62.22% | Time: fit=118s, train=027s, test=007s, total=151s
Epoch  26: Train%/Test% | Accuracy: 66.69%/65.45% | Precision: 66.57%/65.55% | Recall: 72.69%/71.26% | F1: 64.23%/63.00% | Time: fit=118s, train=026s, test=006s, total=151s
Epoch  27: Train%/Test% | Accuracy: 68.82%/67.07% | Precision: 66.79%/65.31% | Recall: 72.84%/70.83% | F1: 65.71%/63.95% | Time: fit=119s, train=026s, test=007s, total=152s
Epoch  28: Train%/Test% | Accuracy: 68.65%/67.05% | Precision: 66.70%/65.19% | Recall: 72.73%/70.65% | F1: 65.57%/63.87% | Time: fit=119s, train=026s, test=007s, total=152s
Epoch  29: Train%/Test% | Accuracy: 70.91%/69.29% | Precision: 67.50%/66.14% | Recall: 73.45%/71.68% | F1: 67.29%/65.65% | Time: fit=118s, train=027s, test=007s, total=152s
Epoch  30: Train%/Test% | Accuracy: 70.16%/68.13% | Precision: 67.18%/65.65% | Recall: 73.16%/71.17% | F1: 66.70%/64.75% | Time: fit=116s, train=026s, test=007s, total=150s
Epoch  31: Train%/Test% | Accuracy: 70.44%/68.41% | Precision: 67.23%/65.56% | Recall: 73.15%/70.97% | F1: 66.88%/64.85% | Time: fit=119s, train=027s, test=007s, total=152s
Epoch  32: Train%/Test% | Accuracy: 70.54%/68.79% | Precision: 67.25%/65.86% | Recall: 73.16%/71.35% | F1: 66.95%/65.22% | Time: fit=119s, train=026s, test=007s, total=152s
Epoch  33: Train%/Test% | Accuracy: 69.16%/67.68% | Precision: 67.22%/66.11% | Recall: 73.44%/71.93% | F1: 66.13%/64.70% | Time: fit=118s, train=026s, test=007s, total=151s
Epoch  34: Train%/Test% | Accuracy: 70.48%/69.51% | Precision: 67.78%/67.01% | Recall: 74.04%/73.01% | F1: 67.20%/66.25% | Time: fit=118s, train=027s, test=007s, total=151s
Epoch  35: Train%/Test% | Accuracy: 70.54%/68.70% | Precision: 67.79%/66.40% | Recall: 74.05%/72.22% | F1: 67.25%/65.46% | Time: fit=118s, train=027s, test=007s, total=152s
Epoch  36: Train%/Test% | Accuracy: 69.47%/67.71% | Precision: 67.37%/66.08% | Recall: 73.61%/71.88% | F1: 66.39%/64.70% | Time: fit=118s, train=027s, test=007s, total=151s
Epoch  37: Train%/Test% | Accuracy: 69.89%/67.82% | Precision: 67.64%/66.22% | Recall: 73.95%/72.08% | F1: 66.78%/64.84% | Time: fit=118s, train=027s, test=007s, total=151s
Epoch  38: Train%/Test% | Accuracy: 69.25%/67.48% | Precision: 67.27%/65.98% | Recall: 73.49%/71.77% | F1: 66.21%/64.51% | Time: fit=117s, train=027s, test=007s, total=151s
Epoch  39: Train%/Test% | Accuracy: 69.71%/67.62% | Precision: 67.48%/66.10% | Recall: 73.74%/71.92% | F1: 66.59%/64.65% | Time: fit=119s, train=026s, test=006s, total=151s
Epoch  40: Train%/Test% | Accuracy: 70.05%/67.95% | Precision: 67.91%/66.34% | Recall: 74.34%/72.24% | F1: 67.01%/64.98% | Time: fit=117s, train=026s, test=007s, total=150s
Epoch  41: Train%/Test% | Accuracy: 69.73%/67.52% | Precision: 67.69%/66.14% | Recall: 74.06%/71.99% | F1: 66.71%/64.61% | Time: fit=121s, train=025s, test=007s, total=153s
Epoch  42: Train%/Test% | Accuracy: 69.39%/67.19% | Precision: 67.54%/66.07% | Recall: 73.89%/71.92% | F1: 66.43%/64.37% | Time: fit=120s, train=025s, test=007s, total=152s
Epoch  43: Train%/Test% | Accuracy: 69.47%/67.52% | Precision: 67.50%/66.22% | Recall: 73.80%/72.11% | F1: 66.45%/64.65% | Time: fit=120s, train=025s, test=007s, total=152s
Epoch  44: Train%/Test% | Accuracy: 69.51%/67.39% | Precision: 67.46%/65.98% | Recall: 73.75%/71.77% | F1: 66.46%/64.46% | Time: fit=117s, train=025s, test=004s, total=146s
Epoch  45: Train%/Test% | Accuracy: 69.88%/67.46% | Precision: 67.73%/65.99% | Recall: 74.09%/71.78% | F1: 66.82%/64.50% | Time: fit=122s, train=017s, test=007s, total=145s
Epoch  46: Train%/Test% | Accuracy: 70.35%/68.54% | Precision: 67.85%/66.48% | Recall: 74.18%/72.37% | F1: 67.17%/65.41% | Time: fit=120s, train=027s, test=003s, total=150s
Epoch  47: Train%/Test% | Accuracy: 68.87%/66.87% | Precision: 67.11%/65.62% | Recall: 73.31%/71.30% | F1: 65.89%/63.97% | Time: fit=112s, train=027s, test=006s, total=145s
Epoch  48: Train%/Test% | Accuracy: 68.62%/66.85% | Precision: 67.07%/65.79% | Recall: 73.28%/71.54% | F1: 65.72%/64.03% | Time: fit=104s, train=027s, test=007s, total=137s
Epoch  49: Train%/Test% | Accuracy: 68.50%/66.46% | Precision: 66.98%/65.48% | Recall: 73.17%/71.13% | F1: 65.60%/63.64% | Time: fit=105s, train=026s, test=007s, total=138s
Epoch  50: Train%/Test% | Accuracy: 68.64%/66.40% | Precision: 66.78%/65.29% | Recall: 72.86%/70.86% | F1: 65.60%/63.52% | Time: fit=105s, train=025s, test=006s, total=137s
Epoch  51: Train%/Test% | Accuracy: 69.68%/67.86% | Precision: 67.56%/66.16% | Recall: 73.87%/71.99% | F1: 66.61%/64.84% | Time: fit=110s, train=023s, test=006s, total=139s
Epoch  52: Train%/Test% | Accuracy: 70.10%/68.09% | Precision: 67.71%/66.11% | Recall: 74.02%/71.88% | F1: 66.94%/64.95% | Time: fit=122s, train=018s, test=007s, total=147s
Epoch  53: Train%/Test% | Accuracy: 70.43%/68.32% | Precision: 67.93%/66.27% | Recall: 74.30%/72.09% | F1: 67.25%/65.17% | Time: fit=120s, train=023s, test=003s, total=146s
Epoch  54: Train%/Test% | Accuracy: 70.66%/68.90% | Precision: 68.03%/66.59% | Recall: 74.39%/72.48% | F1: 67.44%/65.68% | Time: fit=112s, train=026s, test=007s, total=145s
Epoch  55: Train%/Test% | Accuracy: 70.84%/68.95% | Precision: 68.21%/66.70% | Recall: 74.63%/72.64% | F1: 67.63%/65.76% | Time: fit=104s, train=027s, test=007s, total=137s
Epoch  56: Train%/Test% | Accuracy: 70.89%/68.65% | Precision: 68.22%/66.48% | Recall: 74.64%/72.35% | F1: 67.67%/65.47% | Time: fit=102s, train=026s, test=007s, total=135s
Epoch  57: Train%/Test% | Accuracy: 70.11%/68.32% | Precision: 67.77%/66.47% | Recall: 74.11%/72.38% | F1: 66.97%/65.26% | Time: fit=108s, train=026s, test=007s, total=140s
Epoch  58: Train%/Test% | Accuracy: 70.12%/68.25% | Precision: 67.74%/66.49% | Recall: 74.06%/72.43% | F1: 66.97%/65.23% | Time: fit=108s, train=023s, test=006s, total=137s
Epoch  59: Train%/Test% | Accuracy: 70.48%/68.63% | Precision: 67.89%/66.53% | Recall: 74.22%/72.43% | F1: 67.26%/65.48% | Time: fit=122s, train=018s, test=007s, total=146s
Epoch  60: Train%/Test% | Accuracy: 65.36%/62.74% | Precision: 65.85%/64.27% | Recall: 71.70%/69.44% | F1: 63.05%/60.65% | Time: fit=119s, train=024s, test=003s, total=145s
Epoch  61: Train%/Test% | Accuracy: 66.29%/63.66% | Precision: 66.19%/64.50% | Recall: 72.18%/69.79% | F1: 63.82%/61.38% | Time: fit=115s, train=026s, test=007s, total=147s
Epoch  62: Train%/Test% | Accuracy: 66.54%/63.23% | Precision: 66.28%/64.42% | Recall: 72.29%/69.67% | F1: 64.01%/61.05% | Time: fit=104s, train=027s, test=007s, total=137s
Epoch  63: Train%/Test% | Accuracy: 67.42%/64.02% | Precision: 66.68%/64.47% | Recall: 72.82%/69.78% | F1: 64.77%/61.62% | Time: fit=103s, train=027s, test=007s, total=136s
Epoch  64: Train%/Test% | Accuracy: 68.08%/64.95% | Precision: 66.79%/64.85% | Recall: 72.93%/70.29% | F1: 65.25%/62.39% | Time: fit=104s, train=025s, test=007s, total=136s
Epoch  65: Train%/Test% | Accuracy: 72.59%/69.99% | Precision: 68.96%/66.71% | Recall: 75.31%/72.39% | F1: 69.04%/66.35% | Time: fit=109s, train=024s, test=006s, total=139s
Epoch  66: Train%/Test% | Accuracy: 71.59%/69.56% | Precision: 68.41%/66.54% | Recall: 74.76%/72.24% | F1: 68.18%/66.02% | Time: fit=123s, train=015s, test=006s, total=144s
Epoch  67: Train%/Test% | Accuracy: 71.46%/69.24% | Precision: 68.35%/66.44% | Recall: 74.69%/72.16% | F1: 68.07%/65.79% | Time: fit=117s, train=026s, test=003s, total=146s
Epoch  68: Train%/Test% | Accuracy: 66.96%/64.30% | Precision: 66.36%/64.58% | Recall: 72.40%/69.92% | F1: 64.33%/61.84% | Time: fit=110s, train=027s, test=007s, total=144s
Epoch  69: Train%/Test% | Accuracy: 66.92%/63.80% | Precision: 66.46%/64.49% | Recall: 72.54%/69.79% | F1: 64.34%/61.47% | Time: fit=103s, train=027s, test=007s, total=136s
Epoch  70: Train%/Test% | Accuracy: 66.41%/63.75% | Precision: 66.37%/64.44% | Recall: 72.41%/69.73% | F1: 63.96%/61.42% | Time: fit=105s, train=026s, test=007s, total=138s
Epoch  71: Train%/Test% | Accuracy: 67.42%/64.54% | Precision: 66.75%/64.65% | Recall: 72.92%/70.02% | F1: 64.80%/62.04% | Time: fit=105s, train=025s, test=007s, total=137s
Epoch  72: Train%/Test% | Accuracy: 67.39%/65.00% | Precision: 66.72%/65.24% | Recall: 72.89%/70.83% | F1: 64.77%/62.58% | Time: fit=110s, train=024s, test=006s, total=140s
Epoch  73: Train%/Test% | Accuracy: 67.12%/64.32% | Precision: 66.64%/64.83% | Recall: 72.78%/70.26% | F1: 64.56%/61.95% | Time: fit=122s, train=015s, test=006s, total=143s
Epoch  74: Train%/Test% | Accuracy: 66.29%/63.39% | Precision: 66.32%/64.49% | Recall: 72.35%/69.78% | F1: 63.86%/61.19% | Time: fit=118s, train=026s, test=003s, total=147s
Epoch  75: Train%/Test% | Accuracy: 67.30%/64.36% | Precision: 66.72%/64.80% | Recall: 72.88%/70.22% | F1: 64.71%/61.97% | Time: fit=109s, train=027s, test=007s, total=142s
Epoch  76: Train%/Test% | Accuracy: 66.94%/63.62% | Precision: 66.49%/64.33% | Recall: 72.58%/69.57% | F1: 64.38%/61.28% | Time: fit=103s, train=026s, test=007s, total=136s
Epoch  77: Train%/Test% | Accuracy: 67.10%/64.11% | Precision: 66.55%/64.49% | Recall: 72.66%/69.80% | F1: 64.50%/61.69% | Time: fit=105s, train=027s, test=007s, total=138s
Epoch  78: Train%/Test% | Accuracy: 67.01%/63.89% | Precision: 66.52%/64.43% | Recall: 72.62%/69.72% | F1: 64.43%/61.51% | Time: fit=108s, train=025s, test=007s, total=139s
Epoch  79: Train%/Test% | Accuracy: 67.42%/64.39% | Precision: 66.70%/64.74% | Recall: 72.86%/70.14% | F1: 64.78%/61.97% | Time: fit=108s, train=025s, test=006s, total=138s
Epoch  80: Train%/Test% | Accuracy: 67.59%/64.79% | Precision: 66.81%/64.93% | Recall: 73.00%/70.41% | F1: 64.94%/62.32% | Time: fit=121s, train=015s, test=007s, total=143s
Epoch  81: Train%/Test% | Accuracy: 67.56%/65.31% | Precision: 66.85%/65.25% | Recall: 73.06%/70.85% | F1: 64.94%/62.79% | Time: fit=117s, train=026s, test=003s, total=147s
Epoch  82: Train%/Test% | Accuracy: 70.68%/68.79% | Precision: 68.33%/66.83% | Recall: 74.86%/72.85% | F1: 67.60%/65.73% | Time: fit=109s, train=027s, test=007s, total=142s
Epoch  83: Train%/Test% | Accuracy: 70.95%/68.97% | Precision: 68.44%/66.84% | Recall: 74.98%/72.84% | F1: 67.82%/65.84% | Time: fit=106s, train=026s, test=007s, total=138s
Epoch  84: Train%/Test% | Accuracy: 71.66%/69.44% | Precision: 68.63%/66.81% | Recall: 75.10%/72.71% | F1: 68.34%/66.11% | Time: fit=103s, train=026s, test=007s, total=136s
Epoch  85: Train%/Test% | Accuracy: 71.64%/69.74% | Precision: 68.95%/67.20% | Recall: 75.62%/73.25% | F1: 68.49%/66.48% | Time: fit=104s, train=025s, test=007s, total=135s
Epoch  86: Train%/Test% | Accuracy: 70.75%/68.81% | Precision: 68.42%/66.82% | Recall: 74.98%/72.83% | F1: 67.69%/65.73% | Time: fit=108s, train=023s, test=006s, total=137s
Epoch  87: Train%/Test% | Accuracy: 70.58%/68.97% | Precision: 68.38%/67.01% | Recall: 74.96%/73.10% | F1: 67.56%/65.92% | Time: fit=123s, train=016s, test=006s, total=146s
Epoch  88: Train%/Test% | Accuracy: 69.93%/67.71% | Precision: 68.17%/66.40% | Recall: 74.76%/72.36% | F1: 67.06%/64.85% | Time: fit=116s, train=025s, test=003s, total=144s
Epoch  89: Train%/Test% | Accuracy: 69.52%/67.43% | Precision: 67.94%/66.44% | Recall: 74.47%/72.44% | F1: 66.69%/64.69% | Time: fit=111s, train=026s, test=007s, total=143s
Epoch  90: Train%/Test% | Accuracy: 70.65%/68.29% | Precision: 68.42%/66.73% | Recall: 75.02%/72.78% | F1: 67.63%/65.37% | Time: fit=103s, train=026s, test=007s, total=136s
Epoch  91: Train%/Test% | Accuracy: 70.90%/68.99% | Precision: 68.41%/66.89% | Recall: 74.94%/72.92% | F1: 67.77%/65.88% | Time: fit=104s, train=027s, test=007s, total=137s
Epoch  92: Train%/Test% | Accuracy: 69.81%/67.73% | Precision: 67.96%/66.53% | Recall: 74.45%/72.54% | F1: 66.88%/64.92% | Time: fit=106s, train=025s, test=006s, total=137s
Epoch  93: Train%/Test% | Accuracy: 69.96%/68.00% | Precision: 67.98%/66.71% | Recall: 74.46%/72.78% | F1: 66.99%/65.17% | Time: fit=107s, train=024s, test=006s, total=137s
Epoch  94: Train%/Test% | Accuracy: 70.05%/68.38% | Precision: 67.94%/66.69% | Recall: 74.39%/72.71% | F1: 67.03%/65.41% | Time: fit=122s, train=015s, test=006s, total=144s
Epoch  95: Train%/Test% | Accuracy: 71.17%/69.85% | Precision: 68.49%/67.35% | Recall: 75.00%/73.46% | F1: 67.97%/66.62% | Time: fit=118s, train=026s, test=003s, total=146s
Epoch  96: Train%/Test% | Accuracy: 71.67%/70.10% | Precision: 68.66%/67.53% | Recall: 75.14%/73.68% | F1: 68.36%/66.86% | Time: fit=111s, train=026s, test=007s, total=144s
Epoch  97: Train%/Test% | Accuracy: 71.24%/69.51% | Precision: 68.53%/67.20% | Recall: 75.06%/73.30% | F1: 68.04%/66.35% | Time: fit=105s, train=026s, test=007s, total=138s
Epoch  98: Train%/Test% | Accuracy: 71.18%/69.58% | Precision: 68.54%/67.28% | Recall: 75.09%/73.40% | F1: 68.01%/66.43% | Time: fit=102s, train=026s, test=007s, total=135s
Epoch  99: Train%/Test% | Accuracy: 71.38%/69.60% | Precision: 68.57%/67.19% | Recall: 75.08%/73.26% | F1: 68.14%/66.40% | Time: fit=105s, train=025s, test=007s, total=137s
Epoch 100: Train%/Test% | Accuracy: 67.19%/65.61% | Precision: 66.81%/65.72% | Recall: 73.01%/71.49% | F1: 64.67%/63.18% | Time: fit=109s, train=023s, test=006s, total=138s
Epoch 101: Train%/Test% | Accuracy: 67.01%/65.58% | Precision: 66.83%/65.78% | Recall: 73.04%/71.57% | F1: 64.55%/63.19% | Time: fit=121s, train=017s, test=007s, total=144s
Epoch 102: Train%/Test% | Accuracy: 71.23%/69.47% | Precision: 68.52%/67.34% | Recall: 75.04%/73.52% | F1: 68.03%/66.39% | Time: fit=118s, train=025s, test=003s, total=145s
Epoch 103: Train%/Test% | Accuracy: 69.43%/68.32% | Precision: 67.73%/67.05% | Recall: 74.16%/73.24% | F1: 66.53%/65.53% | Time: fit=111s, train=027s, test=007s, total=144s
Epoch 104: Train%/Test% | Accuracy: 69.24%/68.00% | Precision: 67.78%/66.97% | Recall: 74.26%/73.16% | F1: 66.44%/65.29% | Time: fit=104s, train=026s, test=007s, total=137s
Epoch 105: Train%/Test% | Accuracy: 67.46%/66.31% | Precision: 67.00%/66.39% | Recall: 73.27%/72.40% | F1: 64.93%/63.91% | Time: fit=103s, train=026s, test=006s, total=135s
Epoch 106: Train%/Test% | Accuracy: 70.62%/69.33% | Precision: 68.21%/67.46% | Recall: 74.69%/73.72% | F1: 67.51%/66.36% | Time: fit=105s, train=025s, test=007s, total=136s
Epoch 107: Train%/Test% | Accuracy: 71.34%/69.67% | Precision: 68.57%/67.37% | Recall: 75.09%/73.53% | F1: 68.12%/66.53% | Time: fit=110s, train=024s, test=006s, total=139s
Epoch 108: Train%/Test% | Accuracy: 71.52%/69.47% | Precision: 68.61%/67.22% | Recall: 75.10%/73.33% | F1: 68.25%/66.33% | Time: fit=121s, train=018s, test=006s, total=146s
Epoch 109: Train%/Test% | Accuracy: 70.22%/68.50% | Precision: 68.03%/66.93% | Recall: 74.49%/73.04% | F1: 67.17%/65.59% | Time: fit=118s, train=022s, test=003s, total=143s
Epoch 110: Train%/Test% | Accuracy: 71.92%/70.14% | Precision: 68.47%/67.11% | Recall: 74.73%/73.01% | F1: 68.39%/66.67% | Time: fit=117s, train=026s, test=007s, total=150s
Epoch 111: Train%/Test% | Accuracy: 71.67%/70.62% | Precision: 68.35%/67.41% | Recall: 74.61%/73.35% | F1: 68.19%/67.10% | Time: fit=103s, train=026s, test=006s, total=136s
Epoch 112: Train%/Test% | Accuracy: 71.94%/70.64% | Precision: 68.54%/67.46% | Recall: 74.84%/73.43% | F1: 68.44%/67.14% | Time: fit=104s, train=026s, test=006s, total=137s
Epoch 113: Train%/Test% | Accuracy: 72.57%/70.93% | Precision: 68.89%/67.52% | Recall: 75.20%/73.43% | F1: 68.98%/67.33% | Time: fit=101s, train=026s, test=006s, total=134s
Epoch 114: Train%/Test% | Accuracy: 71.29%/70.10% | Precision: 68.15%/67.23% | Recall: 74.42%/73.20% | F1: 67.87%/66.70% | Time: fit=108s, train=022s, test=006s, total=137s
Epoch 115: Train%/Test% | Accuracy: 71.30%/70.19% | Precision: 68.27%/67.46% | Recall: 74.61%/73.55% | F1: 67.94%/66.88% | Time: fit=118s, train=020s, test=006s, total=145s
Epoch 116: Train%/Test% | Accuracy: 70.29%/69.11% | Precision: 67.97%/67.40% | Recall: 74.39%/73.67% | F1: 67.19%/66.19% | Time: fit=118s, train=020s, test=003s, total=142s
Epoch 117: Train%/Test% | Accuracy: 70.58%/69.22% | Precision: 68.15%/67.29% | Recall: 74.61%/73.49% | F1: 67.46%/66.21% | Time: fit=116s, train=026s, test=007s, total=149s
Epoch 118: Train%/Test% | Accuracy: 70.18%/68.65% | Precision: 67.95%/66.99% | Recall: 74.38%/73.11% | F1: 67.11%/65.72% | Time: fit=100s, train=026s, test=006s, total=132s
Epoch 119: Train%/Test% | Accuracy: 71.75%/70.42% | Precision: 68.71%/67.89% | Recall: 75.20%/74.18% | F1: 68.44%/67.23% | Time: fit=102s, train=026s, test=007s, total=135s
Epoch 120: Train%/Test% | Accuracy: 71.18%/69.38% | Precision: 68.39%/67.25% | Recall: 74.84%/73.40% | F1: 67.93%/66.29% | Time: fit=103s, train=026s, test=007s, total=136s
Epoch 121: Train%/Test% | Accuracy: 71.26%/69.49% | Precision: 68.50%/67.37% | Recall: 75.00%/73.57% | F1: 68.04%/66.42% | Time: fit=110s, train=023s, test=007s, total=140s
Epoch 122: Train%/Test% | Accuracy: 70.87%/69.56% | Precision: 68.32%/67.58% | Recall: 74.80%/73.87% | F1: 67.71%/66.56% | Time: fit=116s, train=024s, test=005s, total=144s
Epoch 123: Train%/Test% | Accuracy: 66.21%/65.45% | Precision: 66.37%/65.91% | Recall: 72.41%/71.74% | F1: 63.83%/63.14% | Time: fit=119s, train=017s, test=006s, total=142s
Epoch 124: Train%/Test% | Accuracy: 72.32%/70.93% | Precision: 68.76%/67.67% | Recall: 75.07%/73.69% | F1: 68.78%/67.42% | Time: fit=118s, train=026s, test=004s, total=148s
Epoch 125: Train%/Test% | Accuracy: 71.44%/69.99% | Precision: 68.61%/67.52% | Recall: 75.12%/73.70% | F1: 68.20%/66.79% | Time: fit=106s, train=026s, test=007s, total=139s
Epoch 126: Train%/Test% | Accuracy: 71.40%/69.31% | Precision: 68.63%/66.98% | Recall: 75.18%/73.00% | F1: 68.19%/66.12% | Time: fit=104s, train=026s, test=007s, total=137s
Epoch 127: Train%/Test% | Accuracy: 70.42%/68.16% | Precision: 68.26%/66.62% | Recall: 74.81%/72.63% | F1: 67.41%/65.23% | Time: fit=104s, train=026s, test=007s, total=136s
Epoch 128: Train%/Test% | Accuracy: 70.16%/68.27% | Precision: 68.15%/66.83% | Recall: 74.68%/72.93% | F1: 67.19%/65.40% | Time: fit=107s, train=024s, test=007s, total=138s
Epoch 129: Train%/Test% | Accuracy: 71.36%/68.93% | Precision: 68.57%/66.77% | Recall: 75.09%/72.75% | F1: 68.13%/65.78% | Time: fit=108s, train=024s, test=006s, total=138s
Epoch 130: Train%/Test% | Accuracy: 71.13%/69.22% | Precision: 68.34%/66.75% | Recall: 74.77%/72.65% | F1: 67.88%/65.94% | Time: fit=122s, train=015s, test=006s, total=144s
Epoch 131: Train%/Test% | Accuracy: 72.17%/70.21% | Precision: 68.93%/67.33% | Recall: 75.42%/73.34% | F1: 68.79%/66.82% | Time: fit=118s, train=025s, test=003s, total=146s
Epoch 132: Train%/Test% | Accuracy: 71.35%/69.06% | Precision: 68.72%/66.97% | Recall: 75.33%/73.03% | F1: 68.20%/65.96% | Time: fit=111s, train=026s, test=007s, total=143s
Epoch 133: Train%/Test% | Accuracy: 70.19%/67.77% | Precision: 68.26%/66.44% | Recall: 74.85%/72.41% | F1: 67.26%/64.91% | Time: fit=102s, train=026s, test=007s, total=134s
Epoch 134: Train%/Test% | Accuracy: 70.98%/68.22% | Precision: 68.65%/66.59% | Recall: 75.30%/72.58% | F1: 67.94%/65.26% | Time: fit=106s, train=026s, test=007s, total=139s
Epoch 135: Train%/Test% | Accuracy: 71.58%/69.51% | Precision: 68.80%/67.18% | Recall: 75.39%/73.26% | F1: 68.38%/66.34% | Time: fit=105s, train=025s, test=007s, total=137s
Epoch 136: Train%/Test% | Accuracy: 71.36%/68.61% | Precision: 68.80%/66.56% | Recall: 75.45%/72.48% | F1: 68.24%/65.49% | Time: fit=108s, train=023s, test=007s, total=137s
Epoch 137: Train%/Test% | Accuracy: 71.89%/69.92% | Precision: 69.02%/67.41% | Recall: 75.67%/73.53% | F1: 68.68%/66.69% | Time: fit=118s, train=020s, test=006s, total=145s
Epoch 138: Train%/Test% | Accuracy: 71.83%/69.94% | Precision: 68.83%/67.10% | Recall: 75.38%/73.03% | F1: 68.54%/66.54% | Time: fit=119s, train=021s, test=003s, total=143s
Epoch 139: Train%/Test% | Accuracy: 72.75%/70.96% | Precision: 69.27%/67.65% | Recall: 75.79%/73.64% | F1: 69.31%/67.42% | Time: fit=119s, train=026s, test=007s, total=151s
Epoch 140: Train%/Test% | Accuracy: 72.67%/70.64% | Precision: 69.27%/67.52% | Recall: 75.82%/73.53% | F1: 69.26%/67.17% | Time: fit=103s, train=026s, test=006s, total=135s
Epoch 141: Train%/Test% | Accuracy: 71.65%/69.65% | Precision: 68.82%/67.32% | Recall: 75.41%/73.45% | F1: 68.43%/66.49% | Time: fit=102s, train=026s, test=006s, total=135s
Epoch 142: Train%/Test% | Accuracy: 71.84%/69.94% | Precision: 68.95%/67.66% | Recall: 75.57%/73.93% | F1: 68.61%/66.84% | Time: fit=103s, train=026s, test=006s, total=136s
Epoch 143: Train%/Test% | Accuracy: 71.65%/70.01% | Precision: 68.90%/67.82% | Recall: 75.53%/74.17% | F1: 68.47%/66.96% | Time: fit=108s, train=022s, test=007s, total=137s
Epoch 144: Train%/Test% | Accuracy: 71.34%/69.38% | Precision: 68.78%/67.50% | Recall: 75.43%/73.78% | F1: 68.22%/66.41% | Time: fit=117s, train=021s, test=006s, total=144s
Epoch 145: Train%/Test% | Accuracy: 66.13%/63.91% | Precision: 66.61%/65.68% | Recall: 72.74%/71.33% | F1: 63.86%/61.96% | Time: fit=117s, train=020s, test=003s, total=140s
Epoch 146: Train%/Test% | Accuracy: 65.91%/63.78% | Precision: 66.49%/65.41% | Recall: 72.57%/70.99% | F1: 63.66%/61.78% | Time: fit=117s, train=027s, test=007s, total=151s
Epoch 147: Train%/Test% | Accuracy: 70.50%/68.83% | Precision: 68.31%/67.38% | Recall: 74.87%/73.68% | F1: 67.48%/66.01% | Time: fit=106s, train=026s, test=007s, total=139s
Epoch 148: Train%/Test% | Accuracy: 69.66%/68.20% | Precision: 67.89%/66.84% | Recall: 74.38%/72.94% | F1: 66.76%/65.36% | Time: fit=103s, train=026s, test=007s, total=136s
Epoch 149: Train%/Test% | Accuracy: 70.76%/69.51% | Precision: 68.43%/67.37% | Recall: 75.00%/73.55% | F1: 67.70%/66.43% | Time: fit=103s, train=026s, test=007s, total=136s
Epoch 150: Train%/Test% | Accuracy: 71.00%/69.60% | Precision: 68.52%/67.41% | Recall: 75.10%/73.61% | F1: 67.89%/66.51% | Time: fit=108s, train=023s, test=007s, total=137s
