[nltk_data] Downloading package wordnet to /home/bjorvl16/nltk_data...
[nltk_data]   Package wordnet is already up-to-date!
[nltk_data] Downloading package stopwords to
[nltk_data]     /home/bjorvl16/nltk_data...
[nltk_data]   Package stopwords is already up-to-date!
[*] Load dataset...
[*] Fix malformed data...
[*] Split...
[*] Encoding...
[*] Encoding feature: text... 464
==============================
Using GPU for training
Dataset: FakeNewsNet-politifact
TMU params: num-clauses=5000, T=200, s=15.0
Epochs: 150
Feature(s): text
max-vocab=15000, max-domain=500, max-tweet=500
====================
Train size: 844
Train classes: 2
Test size: 212
Test classes: 2
Total features: 464
==============================
[*] Training for 150 epochs...
Epoch   1: Train%/Test% | Accuracy: 58.18%/63.21% | Precision: 79.06%/31.60% | Recall: 50.14%/50.00% | F1: 37.04%/38.73% | Time: fit=003s, train=000s, test=000s, total=004s
Epoch   2: Train%/Test% | Accuracy: 62.91%/63.68% | Precision: 77.36%/60.52% | Recall: 55.91%/51.44% | F1: 48.81%/43.35% | Time: fit=002s, train=000s, test=000s, total=003s
Epoch   3: Train%/Test% | Accuracy: 64.69%/64.15% | Precision: 76.77%/62.18% | Recall: 58.14%/52.35% | F1: 52.92%/45.51% | Time: fit=002s, train=000s, test=000s, total=003s
Epoch   4: Train%/Test% | Accuracy: 69.79%/68.40% | Precision: 78.27%/71.86% | Recall: 64.45%/58.39% | F1: 62.74%/55.85% | Time: fit=002s, train=000s, test=000s, total=003s
Epoch   5: Train%/Test% | Accuracy: 70.50%/67.92% | Precision: 78.78%/70.05% | Recall: 65.30%/58.02% | F1: 63.89%/55.51% | Time: fit=002s, train=000s, test=000s, total=003s
Epoch   6: Train%/Test% | Accuracy: 72.51%/68.40% | Precision: 80.13%/70.82% | Recall: 67.70%/58.66% | F1: 67.04%/56.46% | Time: fit=002s, train=000s, test=000s, total=003s
Epoch   7: Train%/Test% | Accuracy: 80.57%/75.47% | Precision: 83.29%/76.48% | Recall: 77.82%/69.35% | F1: 78.70%/70.37% | Time: fit=002s, train=000s, test=000s, total=003s
Epoch   8: Train%/Test% | Accuracy: 83.06%/75.94% | Precision: 83.50%/74.64% | Recall: 81.57%/72.13% | F1: 82.16%/72.90% | Time: fit=002s, train=000s, test=000s, total=003s
Epoch   9: Train%/Test% | Accuracy: 70.97%/65.57% | Precision: 77.36%/72.98% | Recall: 74.49%/71.69% | F1: 70.69%/65.50% | Time: fit=002s, train=000s, test=000s, total=003s
Epoch  10: Train%/Test% | Accuracy: 80.45%/75.94% | Precision: 83.58%/77.43% | Recall: 77.56%/69.72% | F1: 78.45%/70.80% | Time: fit=002s, train=000s, test=000s, total=003s
Epoch  11: Train%/Test% | Accuracy: 72.27%/69.34% | Precision: 79.47%/72.22% | Recall: 67.50%/59.94% | F1: 66.83%/58.32% | Time: fit=002s, train=000s, test=000s, total=003s
Epoch  12: Train%/Test% | Accuracy: 70.26%/67.92% | Precision: 78.61%/70.05% | Recall: 65.02%/58.02% | F1: 63.51%/55.51% | Time: fit=002s, train=000s, test=000s, total=003s
Epoch  13: Train%/Test% | Accuracy: 70.26%/67.92% | Precision: 78.61%/70.05% | Recall: 65.02%/58.02% | F1: 63.51%/55.51% | Time: fit=002s, train=000s, test=000s, total=003s
Epoch  14: Train%/Test% | Accuracy: 70.85%/67.92% | Precision: 79.02%/70.05% | Recall: 65.72%/58.02% | F1: 64.46%/55.51% | Time: fit=002s, train=000s, test=000s, total=003s
Epoch  15: Train%/Test% | Accuracy: 71.68%/68.40% | Precision: 79.58%/70.82% | Recall: 66.71%/58.66% | F1: 65.76%/56.46% | Time: fit=002s, train=000s, test=000s, total=003s
Epoch  16: Train%/Test% | Accuracy: 72.87%/69.34% | Precision: 80.36%/72.22% | Recall: 68.13%/59.94% | F1: 67.57%/58.32% | Time: fit=002s, train=000s, test=000s, total=003s
Epoch  17: Train%/Test% | Accuracy: 74.17%/70.28% | Precision: 80.73%/72.63% | Recall: 69.76%/61.49% | F1: 69.64%/60.62% | Time: fit=002s, train=000s, test=000s, total=003s
Epoch  18: Train%/Test% | Accuracy: 76.30%/71.70% | Precision: 81.91%/73.01% | Recall: 72.34%/63.95% | F1: 72.72%/64.01% | Time: fit=002s, train=000s, test=000s, total=003s
Epoch  19: Train%/Test% | Accuracy: 79.74%/74.53% | Precision: 83.50%/75.54% | Recall: 76.59%/68.06% | F1: 77.45%/68.93% | Time: fit=002s, train=000s, test=000s, total=003s
Epoch  20: Train%/Test% | Accuracy: 79.86%/74.06% | Precision: 83.88%/75.06% | Recall: 76.66%/67.42% | F1: 77.52%/68.20% | Time: fit=002s, train=000s, test=000s, total=003s
Epoch  21: Train%/Test% | Accuracy: 76.30%/71.23% | Precision: 81.91%/71.92% | Recall: 72.34%/63.58% | F1: 72.72%/63.61% | Time: fit=002s, train=000s, test=000s, total=003s
Epoch  22: Train%/Test% | Accuracy: 81.52%/75.00% | Precision: 84.84%/75.57% | Recall: 78.67%/68.97% | F1: 79.64%/69.94% | Time: fit=002s, train=000s, test=000s, total=003s
Epoch  23: Train%/Test% | Accuracy: 82.23%/76.42% | Precision: 85.19%/76.96% | Recall: 79.56%/70.90% | F1: 80.55%/72.02% | Time: fit=002s, train=000s, test=000s, total=003s
Epoch  24: Train%/Test% | Accuracy: 84.24%/76.89% | Precision: 85.87%/76.72% | Recall: 82.23%/72.07% | F1: 83.13%/73.16% | Time: fit=002s, train=000s, test=000s, total=003s
Epoch  25: Train%/Test% | Accuracy: 82.82%/75.94% | Precision: 85.13%/76.94% | Recall: 80.42%/69.99% | F1: 81.38%/71.07% | Time: fit=002s, train=000s, test=000s, total=003s
Epoch  26: Train%/Test% | Accuracy: 80.09%/75.00% | Precision: 83.60%/76.01% | Recall: 77.06%/68.70% | F1: 77.94%/69.65% | Time: fit=002s, train=000s, test=000s, total=003s
Epoch  27: Train%/Test% | Accuracy: 77.13%/71.23% | Precision: 82.26%/71.92% | Recall: 73.37%/63.58% | F1: 73.90%/63.61% | Time: fit=002s, train=000s, test=000s, total=003s
Epoch  28: Train%/Test% | Accuracy: 83.18%/75.94% | Precision: 85.50%/76.94% | Recall: 80.81%/69.99% | F1: 81.77%/71.07% | Time: fit=002s, train=000s, test=000s, total=003s
Epoch  29: Train%/Test% | Accuracy: 82.70%/75.47% | Precision: 85.64%/76.48% | Recall: 80.08%/69.35% | F1: 81.10%/70.37% | Time: fit=002s, train=000s, test=000s, total=003s
Epoch  30: Train%/Test% | Accuracy: 85.43%/75.47% | Precision: 86.22%/74.52% | Recall: 83.92%/70.95% | F1: 84.62%/71.85% | Time: fit=002s, train=000s, test=000s, total=003s
Epoch  31: Train%/Test% | Accuracy: 86.61%/76.89% | Precision: 86.61%/75.37% | Recall: 85.76%/73.95% | F1: 86.11%/74.49% | Time: fit=002s, train=000s, test=000s, total=003s
Epoch  32: Train%/Test% | Accuracy: 84.72%/75.47% | Precision: 86.61%/75.65% | Recall: 82.64%/69.88% | F1: 83.59%/70.90% | Time: fit=002s, train=000s, test=000s, total=003s
Epoch  33: Train%/Test% | Accuracy: 83.41%/75.00% | Precision: 85.89%/75.57% | Recall: 81.01%/68.97% | F1: 82.01%/69.94% | Time: fit=002s, train=000s, test=000s, total=003s
Epoch  34: Train%/Test% | Accuracy: 84.12%/75.47% | Precision: 86.28%/76.04% | Recall: 81.90%/69.61% | F1: 82.87%/70.64% | Time: fit=002s, train=000s, test=000s, total=003s
Epoch  35: Train%/Test% | Accuracy: 85.31%/76.42% | Precision: 86.59%/76.25% | Recall: 83.54%/71.43% | F1: 84.38%/72.50% | Time: fit=002s, train=000s, test=000s, total=003s
Epoch  36: Train%/Test% | Accuracy: 85.55%/75.47% | Precision: 86.38%/74.32% | Recall: 84.02%/71.22% | F1: 84.74%/72.07% | Time: fit=002s, train=000s, test=000s, total=003s
Epoch  37: Train%/Test% | Accuracy: 86.26%/76.89% | Precision: 86.95%/76.18% | Recall: 84.87%/72.61% | F1: 85.54%/73.58% | Time: fit=002s, train=000s, test=000s, total=003s
Epoch  38: Train%/Test% | Accuracy: 85.90%/76.89% | Precision: 86.41%/75.77% | Recall: 84.60%/73.14% | F1: 85.20%/73.97% | Time: fit=002s, train=000s, test=000s, total=003s
Epoch  39: Train%/Test% | Accuracy: 85.90%/78.30% | Precision: 85.50%/76.67% | Recall: 85.58%/76.94% | F1: 85.54%/76.80% | Time: fit=002s, train=000s, test=000s, total=003s
Epoch  40: Train%/Test% | Accuracy: 83.65%/75.47% | Precision: 83.61%/75.23% | Recall: 84.51%/77.11% | F1: 83.54%/74.97% | Time: fit=002s, train=000s, test=000s, total=003s
Epoch  41: Train%/Test% | Accuracy: 83.89%/75.00% | Precision: 83.89%/74.65% | Recall: 84.79%/76.47% | F1: 83.78%/74.45% | Time: fit=002s, train=000s, test=000s, total=003s
Epoch  42: Train%/Test% | Accuracy: 83.53%/75.94% | Precision: 83.55%/75.59% | Recall: 84.44%/77.49% | F1: 83.43%/75.42% | Time: fit=002s, train=000s, test=000s, total=003s
Epoch  43: Train%/Test% | Accuracy: 77.84%/70.28% | Precision: 80.32%/72.99% | Recall: 80.10%/74.08% | F1: 77.84%/70.20% | Time: fit=002s, train=000s, test=000s, total=003s
Epoch  44: Train%/Test% | Accuracy: 78.55%/70.28% | Precision: 80.78%/72.99% | Recall: 80.71%/74.08% | F1: 78.55%/70.20% | Time: fit=002s, train=000s, test=000s, total=003s
Epoch  45: Train%/Test% | Accuracy: 77.49%/69.81% | Precision: 80.10%/72.71% | Recall: 79.79%/73.71% | F1: 77.48%/69.74% | Time: fit=002s, train=000s, test=000s, total=003s
Epoch  46: Train%/Test% | Accuracy: 86.85%/78.30% | Precision: 86.62%/76.67% | Recall: 86.28%/76.67% | F1: 86.44%/76.67% | Time: fit=002s, train=000s, test=000s, total=003s
Epoch  47: Train%/Test% | Accuracy: 86.97%/75.47% | Precision: 86.76%/73.67% | Recall: 86.38%/72.83% | F1: 86.55%/73.18% | Time: fit=002s, train=000s, test=000s, total=003s
Epoch  48: Train%/Test% | Accuracy: 86.49%/77.83% | Precision: 86.33%/76.34% | Recall: 85.82%/75.23% | F1: 86.04%/75.68% | Time: fit=002s, train=000s, test=000s, total=003s
Epoch  49: Train%/Test% | Accuracy: 74.17%/67.45% | Precision: 78.92%/71.78% | Recall: 77.21%/72.11% | F1: 74.06%/67.45% | Time: fit=002s, train=000s, test=000s, total=003s
Epoch  50: Train%/Test% | Accuracy: 79.15%/71.23% | Precision: 81.26%/73.57% | Recall: 81.26%/74.83% | F1: 79.15%/71.12% | Time: fit=002s, train=000s, test=000s, total=003s
Epoch  51: Train%/Test% | Accuracy: 79.03%/70.28% | Precision: 81.36%/72.99% | Recall: 81.23%/74.08% | F1: 79.03%/70.20% | Time: fit=002s, train=000s, test=000s, total=003s
Epoch  52: Train%/Test% | Accuracy: 80.81%/71.70% | Precision: 82.21%/73.49% | Recall: 82.61%/74.93% | F1: 80.80%/71.54% | Time: fit=002s, train=000s, test=000s, total=003s
Epoch  53: Train%/Test% | Accuracy: 81.28%/72.17% | Precision: 82.54%/73.80% | Recall: 83.02%/75.31% | F1: 81.27%/71.99% | Time: fit=002s, train=000s, test=000s, total=003s
Epoch  54: Train%/Test% | Accuracy: 87.20%/76.42% | Precision: 87.07%/74.79% | Recall: 86.55%/73.57% | F1: 86.77%/74.05% | Time: fit=002s, train=000s, test=000s, total=003s
Epoch  55: Train%/Test% | Accuracy: 86.73%/77.83% | Precision: 86.61%/76.34% | Recall: 86.02%/75.23% | F1: 86.27%/75.68% | Time: fit=002s, train=000s, test=000s, total=003s
Epoch  56: Train%/Test% | Accuracy: 86.73%/77.36% | Precision: 86.61%/75.77% | Recall: 86.02%/74.86% | F1: 86.27%/75.24% | Time: fit=002s, train=000s, test=000s, total=003s
Epoch  57: Train%/Test% | Accuracy: 85.19%/76.42% | Precision: 85.70%/75.29% | Recall: 83.83%/72.50% | F1: 84.44%/73.34% | Time: fit=002s, train=000s, test=000s, total=003s
Epoch  58: Train%/Test% | Accuracy: 85.90%/76.42% | Precision: 85.83%/74.79% | Recall: 85.07%/73.57% | F1: 85.38%/74.05% | Time: fit=002s, train=000s, test=000s, total=003s
Epoch  59: Train%/Test% | Accuracy: 86.85%/77.36% | Precision: 86.82%/75.77% | Recall: 86.05%/74.86% | F1: 86.36%/75.24% | Time: fit=002s, train=000s, test=000s, total=003s
Epoch  60: Train%/Test% | Accuracy: 79.74%/71.70% | Precision: 81.32%/73.49% | Recall: 81.61%/74.93% | F1: 79.73%/71.54% | Time: fit=002s, train=000s, test=000s, total=003s
Epoch  61: Train%/Test% | Accuracy: 78.44%/70.75% | Precision: 80.80%/74.55% | Recall: 80.64%/75.26% | F1: 78.43%/70.73% | Time: fit=002s, train=000s, test=000s, total=003s
Epoch  62: Train%/Test% | Accuracy: 80.69%/73.11% | Precision: 81.98%/74.41% | Recall: 82.43%/76.05% | F1: 80.68%/72.90% | Time: fit=002s, train=000s, test=000s, total=003s
Epoch  63: Train%/Test% | Accuracy: 80.33%/72.17% | Precision: 81.81%/73.46% | Recall: 82.16%/75.04% | F1: 80.32%/71.94% | Time: fit=002s, train=000s, test=000s, total=003s
Epoch  64: Train%/Test% | Accuracy: 78.67%/70.28% | Precision: 80.95%/73.40% | Recall: 80.85%/74.35% | F1: 78.67%/70.23% | Time: fit=002s, train=000s, test=000s, total=003s
Epoch  65: Train%/Test% | Accuracy: 86.97%/78.30% | Precision: 86.73%/76.75% | Recall: 86.42%/76.14% | F1: 86.56%/76.41% | Time: fit=002s, train=000s, test=000s, total=003s
Epoch  66: Train%/Test% | Accuracy: 86.73%/78.77% | Precision: 86.46%/77.24% | Recall: 86.22%/76.78% | F1: 86.33%/76.99% | Time: fit=002s, train=000s, test=000s, total=003s
Epoch  67: Train%/Test% | Accuracy: 86.61%/78.77% | Precision: 86.26%/77.20% | Recall: 86.23%/77.05% | F1: 86.25%/77.12% | Time: fit=002s, train=000s, test=000s, total=003s
Epoch  68: Train%/Test% | Accuracy: 86.97%/78.30% | Precision: 86.71%/76.75% | Recall: 86.46%/76.14% | F1: 86.58%/76.41% | Time: fit=002s, train=000s, test=000s, total=003s
Epoch  69: Train%/Test% | Accuracy: 87.09%/77.83% | Precision: 86.84%/76.26% | Recall: 86.56%/75.50% | F1: 86.69%/75.83% | Time: fit=002s, train=000s, test=000s, total=003s
Epoch  70: Train%/Test% | Accuracy: 86.02%/76.89% | Precision: 85.58%/75.21% | Recall: 85.88%/75.82% | F1: 85.71%/75.47% | Time: fit=002s, train=000s, test=000s, total=003s
Epoch  71: Train%/Test% | Accuracy: 86.26%/77.83% | Precision: 85.83%/76.17% | Recall: 86.09%/76.57% | F1: 85.94%/76.35% | Time: fit=002s, train=000s, test=000s, total=003s
Epoch  72: Train%/Test% | Accuracy: 87.44%/77.83% | Precision: 87.32%/76.34% | Recall: 86.79%/75.23% | F1: 87.02%/75.68% | Time: fit=002s, train=000s, test=000s, total=003s
Epoch  73: Train%/Test% | Accuracy: 86.49%/78.30% | Precision: 86.08%/76.67% | Recall: 86.29%/76.94% | F1: 86.17%/76.80% | Time: fit=002s, train=000s, test=000s, total=003s
Epoch  74: Train%/Test% | Accuracy: 86.97%/79.25% | Precision: 86.62%/77.69% | Recall: 86.62%/77.69% | F1: 86.62%/77.69% | Time: fit=002s, train=000s, test=000s, total=003s
Epoch  75: Train%/Test% | Accuracy: 87.32%/78.30% | Precision: 87.18%/76.83% | Recall: 86.69%/75.87% | F1: 86.90%/76.27% | Time: fit=002s, train=000s, test=000s, total=003s
Epoch  76: Train%/Test% | Accuracy: 87.56%/77.83% | Precision: 87.31%/76.26% | Recall: 87.09%/75.50% | F1: 87.19%/75.83% | Time: fit=002s, train=000s, test=000s, total=003s
Epoch  77: Train%/Test% | Accuracy: 86.85%/76.89% | Precision: 86.57%/75.22% | Recall: 86.36%/74.48% | F1: 86.46%/74.80% | Time: fit=002s, train=000s, test=000s, total=003s
Epoch  78: Train%/Test% | Accuracy: 87.32%/78.77% | Precision: 87.14%/77.31% | Recall: 86.73%/76.51% | F1: 86.91%/76.86% | Time: fit=002s, train=000s, test=000s, total=003s
Epoch  79: Train%/Test% | Accuracy: 87.20%/78.30% | Precision: 87.07%/76.75% | Recall: 86.55%/76.14% | F1: 86.77%/76.41% | Time: fit=002s, train=000s, test=000s, total=003s
Epoch  80: Train%/Test% | Accuracy: 87.20%/80.19% | Precision: 87.07%/78.75% | Recall: 86.55%/78.43% | F1: 86.77%/78.59% | Time: fit=002s, train=000s, test=000s, total=003s
Epoch  81: Train%/Test% | Accuracy: 87.44%/79.72% | Precision: 87.32%/78.27% | Recall: 86.79%/77.79% | F1: 87.02%/78.01% | Time: fit=002s, train=000s, test=000s, total=003s
Epoch  82: Train%/Test% | Accuracy: 86.85%/79.72% | Precision: 86.60%/78.18% | Recall: 86.32%/78.33% | F1: 86.45%/78.25% | Time: fit=002s, train=000s, test=000s, total=003s
Epoch  83: Train%/Test% | Accuracy: 75.00%/68.40% | Precision: 79.38%/72.78% | Recall: 77.92%/73.12% | F1: 74.92%/68.39% | Time: fit=002s, train=000s, test=000s, total=003s
Epoch  84: Train%/Test% | Accuracy: 75.71%/68.40% | Precision: 79.78%/72.78% | Recall: 78.53%/73.12% | F1: 75.65%/68.39% | Time: fit=002s, train=000s, test=000s, total=003s
Epoch  85: Train%/Test% | Accuracy: 79.38%/72.17% | Precision: 81.50%/74.53% | Recall: 81.50%/75.84% | F1: 79.38%/72.06% | Time: fit=002s, train=000s, test=000s, total=003s
Epoch  86: Train%/Test% | Accuracy: 77.25%/70.75% | Precision: 80.35%/73.68% | Recall: 79.74%/74.72% | F1: 77.24%/70.69% | Time: fit=002s, train=000s, test=000s, total=003s
Epoch  87: Train%/Test% | Accuracy: 77.84%/70.75% | Precision: 80.92%/73.68% | Recall: 80.33%/74.72% | F1: 77.83%/70.69% | Time: fit=002s, train=000s, test=000s, total=003s
Epoch  88: Train%/Test% | Accuracy: 75.71%/68.40% | Precision: 80.02%/72.78% | Recall: 78.61%/73.12% | F1: 75.64%/68.39% | Time: fit=002s, train=000s, test=000s, total=003s
Epoch  89: Train%/Test% | Accuracy: 77.25%/70.75% | Precision: 80.67%/73.68% | Recall: 79.86%/74.72% | F1: 77.23%/70.69% | Time: fit=002s, train=000s, test=000s, total=003s
Epoch  90: Train%/Test% | Accuracy: 76.66%/70.75% | Precision: 80.10%/73.68% | Recall: 79.27%/74.72% | F1: 76.63%/70.69% | Time: fit=002s, train=000s, test=000s, total=003s
Epoch  91: Train%/Test% | Accuracy: 76.78%/70.28% | Precision: 80.17%/73.40% | Recall: 79.37%/74.35% | F1: 76.75%/70.23% | Time: fit=002s, train=000s, test=000s, total=003s
Epoch  92: Train%/Test% | Accuracy: 77.13%/70.28% | Precision: 80.49%/73.40% | Recall: 79.72%/74.35% | F1: 77.11%/70.23% | Time: fit=002s, train=000s, test=000s, total=003s
Epoch  93: Train%/Test% | Accuracy: 76.90%/70.28% | Precision: 80.24%/73.40% | Recall: 79.47%/74.35% | F1: 76.87%/70.23% | Time: fit=002s, train=000s, test=000s, total=003s
Epoch  94: Train%/Test% | Accuracy: 76.90%/69.81% | Precision: 80.03%/73.13% | Recall: 79.40%/73.98% | F1: 76.88%/69.77% | Time: fit=002s, train=000s, test=000s, total=003s
Epoch  95: Train%/Test% | Accuracy: 77.25%/70.28% | Precision: 80.46%/73.40% | Recall: 79.78%/74.35% | F1: 77.23%/70.23% | Time: fit=002s, train=000s, test=000s, total=003s
Epoch  96: Train%/Test% | Accuracy: 84.83%/75.47% | Precision: 84.73%/75.23% | Recall: 85.65%/77.11% | F1: 84.72%/74.97% | Time: fit=002s, train=000s, test=000s, total=003s
Epoch  97: Train%/Test% | Accuracy: 85.19%/76.42% | Precision: 85.10%/75.95% | Recall: 86.03%/77.86% | F1: 85.08%/75.87% | Time: fit=002s, train=000s, test=000s, total=003s
Epoch  98: Train%/Test% | Accuracy: 84.36%/76.42% | Precision: 84.40%/75.95% | Recall: 85.32%/77.86% | F1: 84.26%/75.87% | Time: fit=002s, train=000s, test=000s, total=003s
Epoch  99: Train%/Test% | Accuracy: 85.19%/76.89% | Precision: 85.07%/76.32% | Recall: 85.99%/78.23% | F1: 85.07%/76.31% | Time: fit=002s, train=000s, test=000s, total=003s
Epoch 100: Train%/Test% | Accuracy: 85.66%/77.36% | Precision: 85.51%/76.90% | Recall: 86.44%/78.87% | F1: 85.54%/76.83% | Time: fit=002s, train=000s, test=000s, total=003s
Epoch 101: Train%/Test% | Accuracy: 85.07%/77.36% | Precision: 85.03%/76.70% | Recall: 85.97%/78.61% | F1: 84.97%/76.76% | Time: fit=002s, train=000s, test=000s, total=003s
Epoch 102: Train%/Test% | Accuracy: 85.31%/78.30% | Precision: 85.23%/77.84% | Recall: 86.17%/79.89% | F1: 85.20%/77.80% | Time: fit=002s, train=000s, test=000s, total=003s
Epoch 103: Train%/Test% | Accuracy: 83.53%/75.94% | Precision: 84.13%/76.63% | Recall: 84.91%/78.56% | F1: 83.49%/75.66% | Time: fit=002s, train=000s, test=000s, total=003s
Epoch 104: Train%/Test% | Accuracy: 83.65%/75.00% | Precision: 84.34%/75.68% | Recall: 85.10%/77.54% | F1: 83.61%/74.70% | Time: fit=002s, train=000s, test=000s, total=003s
Epoch 105: Train%/Test% | Accuracy: 85.43%/77.83% | Precision: 85.30%/77.27% | Recall: 86.23%/79.25% | F1: 85.31%/77.28% | Time: fit=002s, train=000s, test=000s, total=003s
Epoch 106: Train%/Test% | Accuracy: 83.29%/75.00% | Precision: 83.95%/75.99% | Recall: 84.71%/77.81% | F1: 83.25%/74.75% | Time: fit=002s, train=000s, test=000s, total=003s
Epoch 107: Train%/Test% | Accuracy: 82.58%/75.00% | Precision: 83.48%/75.99% | Recall: 84.14%/77.81% | F1: 82.56%/74.75% | Time: fit=002s, train=000s, test=000s, total=003s
Epoch 108: Train%/Test% | Accuracy: 85.07%/77.83% | Precision: 85.00%/77.48% | Recall: 85.93%/79.52% | F1: 84.96%/77.35% | Time: fit=002s, train=000s, test=000s, total=003s
Epoch 109: Train%/Test% | Accuracy: 87.44%/79.72% | Precision: 87.15%/78.22% | Recall: 87.03%/78.06% | F1: 87.09%/78.14% | Time: fit=002s, train=000s, test=000s, total=003s
Epoch 110: Train%/Test% | Accuracy: 85.19%/77.83% | Precision: 85.13%/77.48% | Recall: 86.07%/79.52% | F1: 85.08%/77.35% | Time: fit=002s, train=000s, test=000s, total=003s
Epoch 111: Train%/Test% | Accuracy: 84.83%/77.83% | Precision: 84.83%/77.48% | Recall: 85.76%/79.52% | F1: 84.74%/77.35% | Time: fit=002s, train=000s, test=000s, total=003s
Epoch 112: Train%/Test% | Accuracy: 81.16%/73.58% | Precision: 82.69%/75.05% | Recall: 83.03%/76.69% | F1: 81.16%/73.39% | Time: fit=002s, train=000s, test=000s, total=003s
Epoch 113: Train%/Test% | Accuracy: 85.07%/77.83% | Precision: 85.11%/77.48% | Recall: 86.05%/79.52% | F1: 84.98%/77.35% | Time: fit=002s, train=000s, test=000s, total=003s
Epoch 114: Train%/Test% | Accuracy: 85.19%/76.89% | Precision: 85.21%/76.53% | Recall: 86.15%/78.50% | F1: 85.10%/76.38% | Time: fit=002s, train=000s, test=000s, total=003s
Epoch 115: Train%/Test% | Accuracy: 85.07%/76.89% | Precision: 85.15%/76.53% | Recall: 86.08%/78.50% | F1: 84.98%/76.38% | Time: fit=002s, train=000s, test=000s, total=003s
Epoch 116: Train%/Test% | Accuracy: 85.31%/77.83% | Precision: 85.35%/77.27% | Recall: 86.29%/79.25% | F1: 85.22%/77.28% | Time: fit=002s, train=000s, test=000s, total=003s
Epoch 117: Train%/Test% | Accuracy: 85.43%/77.83% | Precision: 85.41%/77.27% | Recall: 86.35%/79.25% | F1: 85.33%/77.28% | Time: fit=002s, train=000s, test=000s, total=003s
Epoch 118: Train%/Test% | Accuracy: 85.07%/77.36% | Precision: 85.07%/76.90% | Recall: 86.01%/78.87% | F1: 84.97%/76.83% | Time: fit=002s, train=000s, test=000s, total=003s
Epoch 119: Train%/Test% | Accuracy: 84.48%/77.83% | Precision: 84.62%/77.48% | Recall: 85.53%/79.52% | F1: 84.40%/77.35% | Time: fit=002s, train=000s, test=000s, total=003s
Epoch 120: Train%/Test% | Accuracy: 85.07%/77.83% | Precision: 85.11%/77.27% | Recall: 86.05%/79.25% | F1: 84.98%/77.28% | Time: fit=002s, train=000s, test=000s, total=003s
Epoch 121: Train%/Test% | Accuracy: 84.60%/76.89% | Precision: 84.64%/76.53% | Recall: 85.56%/78.50% | F1: 84.50%/76.38% | Time: fit=002s, train=000s, test=000s, total=003s
Epoch 122: Train%/Test% | Accuracy: 84.83%/76.89% | Precision: 84.80%/76.53% | Recall: 85.72%/78.50% | F1: 84.73%/76.38% | Time: fit=002s, train=000s, test=000s, total=003s
Epoch 123: Train%/Test% | Accuracy: 84.95%/77.36% | Precision: 84.93%/76.90% | Recall: 85.86%/78.87% | F1: 84.85%/76.83% | Time: fit=002s, train=000s, test=000s, total=003s
Epoch 124: Train%/Test% | Accuracy: 85.19%/76.89% | Precision: 85.13%/76.53% | Recall: 86.07%/78.50% | F1: 85.08%/76.38% | Time: fit=002s, train=000s, test=000s, total=003s
Epoch 125: Train%/Test% | Accuracy: 85.07%/75.94% | Precision: 85.00%/75.59% | Recall: 85.93%/77.49% | F1: 84.96%/75.42% | Time: fit=002s, train=000s, test=000s, total=003s
Epoch 126: Train%/Test% | Accuracy: 84.95%/75.94% | Precision: 84.97%/76.07% | Recall: 85.90%/78.02% | F1: 84.86%/75.55% | Time: fit=002s, train=000s, test=000s, total=003s
Epoch 127: Train%/Test% | Accuracy: 84.83%/76.42% | Precision: 84.87%/76.42% | Recall: 85.80%/78.40% | F1: 84.74%/76.00% | Time: fit=002s, train=000s, test=000s, total=003s
Epoch 128: Train%/Test% | Accuracy: 84.60%/75.94% | Precision: 84.68%/75.82% | Recall: 85.60%/77.76% | F1: 84.51%/75.48% | Time: fit=002s, train=000s, test=000s, total=003s
Epoch 129: Train%/Test% | Accuracy: 84.24%/76.42% | Precision: 84.26%/75.95% | Recall: 85.17%/77.86% | F1: 84.14%/75.87% | Time: fit=002s, train=000s, test=000s, total=003s
Epoch 130: Train%/Test% | Accuracy: 84.72%/75.47% | Precision: 84.70%/75.23% | Recall: 85.62%/77.11% | F1: 84.61%/74.97% | Time: fit=002s, train=000s, test=000s, total=003s
Epoch 131: Train%/Test% | Accuracy: 85.07%/75.00% | Precision: 85.00%/75.13% | Recall: 85.93%/77.01% | F1: 84.96%/74.59% | Time: fit=002s, train=000s, test=000s, total=003s
Epoch 132: Train%/Test% | Accuracy: 84.83%/75.00% | Precision: 84.73%/74.65% | Recall: 85.65%/76.47% | F1: 84.72%/74.45% | Time: fit=002s, train=000s, test=000s, total=003s
Epoch 133: Train%/Test% | Accuracy: 84.60%/75.47% | Precision: 84.56%/75.01% | Recall: 85.48%/76.85% | F1: 84.49%/74.90% | Time: fit=002s, train=000s, test=000s, total=003s
Epoch 134: Train%/Test% | Accuracy: 84.83%/75.47% | Precision: 84.76%/75.47% | Recall: 85.68%/77.38% | F1: 84.72%/75.04% | Time: fit=002s, train=000s, test=000s, total=003s
Epoch 135: Train%/Test% | Accuracy: 84.95%/75.47% | Precision: 84.90%/75.73% | Recall: 85.83%/77.65% | F1: 84.85%/75.10% | Time: fit=002s, train=000s, test=000s, total=003s
Epoch 136: Train%/Test% | Accuracy: 85.19%/75.47% | Precision: 85.13%/75.23% | Recall: 86.07%/77.11% | F1: 85.08%/74.97% | Time: fit=002s, train=000s, test=000s, total=003s
Epoch 137: Train%/Test% | Accuracy: 85.07%/75.94% | Precision: 85.03%/76.07% | Recall: 85.97%/78.02% | F1: 84.97%/75.55% | Time: fit=002s, train=000s, test=000s, total=003s
Epoch 138: Train%/Test% | Accuracy: 85.07%/75.47% | Precision: 85.11%/75.23% | Recall: 86.05%/77.11% | F1: 84.98%/74.97% | Time: fit=002s, train=000s, test=000s, total=003s
Epoch 139: Train%/Test% | Accuracy: 85.19%/75.94% | Precision: 85.17%/75.82% | Recall: 86.11%/77.76% | F1: 85.09%/75.48% | Time: fit=002s, train=000s, test=000s, total=003s
Epoch 140: Train%/Test% | Accuracy: 87.44%/78.77% | Precision: 87.20%/77.20% | Recall: 86.95%/77.05% | F1: 87.06%/77.12% | Time: fit=002s, train=000s, test=000s, total=003s
Epoch 141: Train%/Test% | Accuracy: 87.20%/78.77% | Precision: 86.90%/77.17% | Recall: 86.78%/77.32% | F1: 86.84%/77.24% | Time: fit=002s, train=000s, test=000s, total=003s
Epoch 142: Train%/Test% | Accuracy: 87.09%/78.77% | Precision: 86.79%/77.24% | Recall: 86.64%/76.78% | F1: 86.71%/76.99% | Time: fit=002s, train=000s, test=000s, total=003s
Epoch 143: Train%/Test% | Accuracy: 86.73%/78.77% | Precision: 86.42%/77.20% | Recall: 86.30%/77.05% | F1: 86.35%/77.12% | Time: fit=002s, train=000s, test=000s, total=003s
Epoch 144: Train%/Test% | Accuracy: 87.09%/79.72% | Precision: 86.77%/78.22% | Recall: 86.68%/78.06% | F1: 86.73%/78.14% | Time: fit=002s, train=000s, test=000s, total=003s
Epoch 145: Train%/Test% | Accuracy: 86.73%/78.77% | Precision: 86.38%/77.24% | Recall: 86.38%/76.78% | F1: 86.38%/76.99% | Time: fit=002s, train=000s, test=000s, total=003s
Epoch 146: Train%/Test% | Accuracy: 86.85%/79.72% | Precision: 86.51%/78.27% | Recall: 86.48%/77.79% | F1: 86.49%/78.01% | Time: fit=002s, train=000s, test=000s, total=003s
Epoch 147: Train%/Test% | Accuracy: 87.20%/79.72% | Precision: 86.84%/78.27% | Recall: 86.90%/77.79% | F1: 86.87%/78.01% | Time: fit=002s, train=000s, test=000s, total=003s
Epoch 148: Train%/Test% | Accuracy: 87.20%/79.72% | Precision: 86.84%/78.27% | Recall: 86.90%/77.79% | F1: 86.87%/78.01% | Time: fit=002s, train=000s, test=000s, total=003s
Epoch 149: Train%/Test% | Accuracy: 87.09%/79.25% | Precision: 86.69%/77.69% | Recall: 86.88%/77.69% | F1: 86.78%/77.69% | Time: fit=002s, train=000s, test=000s, total=003s
Epoch 150: Train%/Test% | Accuracy: 87.44%/79.72% | Precision: 87.06%/78.22% | Recall: 87.22%/78.06% | F1: 87.14%/78.14% | Time: fit=002s, train=000s, test=000s, total=003s
