[nltk_data] Downloading package wordnet to /home/bjorvl16/nltk_data...
[nltk_data]   Package wordnet is already up-to-date!
[nltk_data] Downloading package stopwords to
[nltk_data]     /home/bjorvl16/nltk_data...
[nltk_data]   Package stopwords is already up-to-date!
[*] Load dataset...
[*] Fix malformed data...
[*] Split...
[*] Encoding...
[*] Encoding feature: text... 6597
[*] Encoding feature: domain... 38
==============================
Using GPU for training
Dataset: FakeNewsNet-gossipcop
TMU params: num-clauses=5000, T=200, s=10.0
Epochs: 150
Feature(s): text, domain
max-vocab=15000, max-domain=500, max-tweet=500
====================
Train size: 17712
Train classes: 2
Test size: 4428
Test classes: 2
Total features: 6635
==============================
[*] Training for 150 epochs...
Epoch   1: Train%/Test% | Accuracy: 69.55%/68.54% | Precision: 64.06%/62.73% | Recall: 68.11%/66.26% | F1: 64.37%/62.99% | Time: fit=147s, train=027s, test=007s, total=181s
Epoch   2: Train%/Test% | Accuracy: 75.24%/75.43% | Precision: 67.30%/67.10% | Recall: 69.37%/68.37% | F1: 68.09%/67.64% | Time: fit=142s, train=027s, test=007s, total=176s
Epoch   3: Train%/Test% | Accuracy: 78.06%/77.78% | Precision: 69.71%/69.32% | Recall: 68.63%/68.03% | F1: 69.12%/68.60% | Time: fit=143s, train=027s, test=007s, total=177s
Epoch   4: Train%/Test% | Accuracy: 77.74%/77.51% | Precision: 69.46%/69.11% | Recall: 69.28%/68.62% | F1: 69.37%/68.85% | Time: fit=142s, train=026s, test=007s, total=175s
Epoch   5: Train%/Test% | Accuracy: 78.23%/78.36% | Precision: 70.08%/70.27% | Recall: 69.62%/69.47% | F1: 69.84%/69.84% | Time: fit=143s, train=026s, test=007s, total=176s
Epoch   6: Train%/Test% | Accuracy: 77.96%/77.26% | Precision: 70.15%/69.20% | Recall: 71.29%/70.02% | F1: 70.67%/69.58% | Time: fit=142s, train=026s, test=007s, total=174s
Epoch   7: Train%/Test% | Accuracy: 76.63%/75.93% | Precision: 69.08%/68.23% | Recall: 71.50%/70.45% | F1: 70.00%/69.08% | Time: fit=143s, train=026s, test=007s, total=175s
Epoch   8: Train%/Test% | Accuracy: 77.90%/77.71% | Precision: 69.99%/69.70% | Recall: 70.86%/70.28% | F1: 70.39%/69.98% | Time: fit=142s, train=026s, test=007s, total=174s
Epoch   9: Train%/Test% | Accuracy: 77.99%/77.76% | Precision: 70.16%/69.81% | Recall: 71.21%/70.54% | F1: 70.64%/70.15% | Time: fit=143s, train=026s, test=007s, total=176s
Epoch  10: Train%/Test% | Accuracy: 78.35%/78.16% | Precision: 70.42%/70.17% | Recall: 70.73%/70.23% | F1: 70.57%/70.20% | Time: fit=142s, train=026s, test=007s, total=174s
Epoch  11: Train%/Test% | Accuracy: 79.05%/78.73% | Precision: 71.06%/70.58% | Recall: 68.76%/67.66% | F1: 69.71%/68.80% | Time: fit=140s, train=025s, test=007s, total=172s
Epoch  12: Train%/Test% | Accuracy: 79.08%/78.77% | Precision: 71.13%/70.68% | Recall: 69.21%/68.27% | F1: 70.03%/69.25% | Time: fit=141s, train=025s, test=007s, total=173s
Epoch  13: Train%/Test% | Accuracy: 79.18%/78.75% | Precision: 71.29%/70.67% | Recall: 69.63%/68.63% | F1: 70.36%/69.49% | Time: fit=143s, train=025s, test=007s, total=175s
Epoch  14: Train%/Test% | Accuracy: 79.36%/79.18% | Precision: 71.59%/71.37% | Recall: 70.29%/69.94% | F1: 70.88%/70.58% | Time: fit=141s, train=025s, test=007s, total=172s
Epoch  15: Train%/Test% | Accuracy: 79.43%/79.02% | Precision: 71.68%/71.12% | Recall: 70.37%/69.48% | F1: 70.96%/70.20% | Time: fit=144s, train=025s, test=007s, total=175s
Epoch  16: Train%/Test% | Accuracy: 79.80%/79.20% | Precision: 72.23%/71.37% | Recall: 70.72%/69.57% | F1: 71.39%/70.35% | Time: fit=144s, train=025s, test=007s, total=176s
Epoch  17: Train%/Test% | Accuracy: 79.21%/78.32% | Precision: 71.41%/70.13% | Recall: 70.61%/68.93% | F1: 70.99%/69.47% | Time: fit=140s, train=025s, test=007s, total=172s
Epoch  18: Train%/Test% | Accuracy: 78.25%/78.00% | Precision: 70.10%/69.72% | Recall: 69.63%/68.81% | F1: 69.86%/69.23% | Time: fit=141s, train=025s, test=007s, total=172s
Epoch  19: Train%/Test% | Accuracy: 77.97%/77.60% | Precision: 69.82%/69.22% | Recall: 69.81%/68.64% | F1: 69.82%/68.92% | Time: fit=140s, train=025s, test=007s, total=171s
Epoch  20: Train%/Test% | Accuracy: 79.13%/78.64% | Precision: 71.34%/70.61% | Recall: 70.84%/69.55% | F1: 71.08%/70.04% | Time: fit=141s, train=025s, test=006s, total=173s
Epoch  21: Train%/Test% | Accuracy: 78.36%/78.43% | Precision: 70.62%/70.55% | Recall: 71.60%/70.66% | F1: 71.07%/70.61% | Time: fit=139s, train=025s, test=007s, total=171s
Epoch  22: Train%/Test% | Accuracy: 78.11%/78.43% | Precision: 70.66%/70.99% | Recall: 72.76%/72.74% | F1: 71.52%/71.74% | Time: fit=142s, train=025s, test=007s, total=173s
Epoch  23: Train%/Test% | Accuracy: 79.71%/79.65% | Precision: 72.31%/72.26% | Recall: 72.94%/72.75% | F1: 72.61%/72.49% | Time: fit=141s, train=025s, test=007s, total=172s
Epoch  24: Train%/Test% | Accuracy: 79.45%/79.54% | Precision: 72.00%/72.10% | Recall: 72.82%/72.54% | F1: 72.38%/72.31% | Time: fit=142s, train=025s, test=007s, total=174s
Epoch  25: Train%/Test% | Accuracy: 79.10%/78.84% | Precision: 71.64%/71.29% | Recall: 72.87%/72.28% | F1: 72.20%/71.74% | Time: fit=141s, train=025s, test=007s, total=172s
Epoch  26: Train%/Test% | Accuracy: 76.79%/77.17% | Precision: 69.39%/69.68% | Recall: 72.07%/71.94% | F1: 70.38%/70.57% | Time: fit=142s, train=025s, test=006s, total=174s
Epoch  27: Train%/Test% | Accuracy: 76.85%/76.99% | Precision: 69.41%/69.43% | Recall: 72.00%/71.63% | F1: 70.38%/70.30% | Time: fit=142s, train=025s, test=006s, total=173s
Epoch  28: Train%/Test% | Accuracy: 79.13%/78.41% | Precision: 71.53%/70.58% | Recall: 72.16%/70.97% | F1: 71.83%/70.77% | Time: fit=141s, train=025s, test=006s, total=172s
Epoch  29: Train%/Test% | Accuracy: 79.44%/78.91% | Precision: 71.92%/71.20% | Recall: 72.39%/71.39% | F1: 72.15%/71.30% | Time: fit=142s, train=025s, test=006s, total=173s
Epoch  30: Train%/Test% | Accuracy: 79.31%/78.75% | Precision: 71.81%/71.05% | Recall: 72.65%/71.51% | F1: 72.20%/71.27% | Time: fit=142s, train=025s, test=006s, total=173s
Epoch  31: Train%/Test% | Accuracy: 78.60%/78.12% | Precision: 71.42%/70.77% | Recall: 73.98%/72.98% | F1: 72.43%/71.66% | Time: fit=140s, train=025s, test=006s, total=171s
Epoch  32: Train%/Test% | Accuracy: 79.21%/78.73% | Precision: 71.97%/71.28% | Recall: 73.99%/72.81% | F1: 72.82%/71.95% | Time: fit=141s, train=025s, test=006s, total=172s
Epoch  33: Train%/Test% | Accuracy: 78.79%/78.68% | Precision: 71.47%/71.22% | Recall: 73.53%/72.72% | F1: 72.33%/71.88% | Time: fit=141s, train=025s, test=006s, total=172s
Epoch  34: Train%/Test% | Accuracy: 79.48%/79.27% | Precision: 71.98%/71.62% | Recall: 72.56%/71.34% | F1: 72.26%/71.48% | Time: fit=141s, train=025s, test=006s, total=172s
Epoch  35: Train%/Test% | Accuracy: 79.25%/78.91% | Precision: 71.62%/71.11% | Recall: 71.85%/70.75% | F1: 71.73%/70.93% | Time: fit=142s, train=025s, test=006s, total=173s
Epoch  36: Train%/Test% | Accuracy: 76.87%/76.33% | Precision: 69.49%/68.78% | Recall: 72.18%/71.17% | F1: 70.48%/69.68% | Time: fit=140s, train=025s, test=006s, total=171s
Epoch  37: Train%/Test% | Accuracy: 77.74%/77.39% | Precision: 70.27%/69.80% | Recall: 72.50%/71.74% | F1: 71.17%/70.60% | Time: fit=140s, train=025s, test=006s, total=171s
Epoch  38: Train%/Test% | Accuracy: 78.16%/77.57% | Precision: 70.88%/70.09% | Recall: 73.38%/72.21% | F1: 71.86%/70.95% | Time: fit=142s, train=025s, test=006s, total=173s
Epoch  39: Train%/Test% | Accuracy: 78.86%/77.98% | Precision: 71.06%/69.88% | Recall: 71.12%/69.79% | F1: 71.09%/69.84% | Time: fit=140s, train=025s, test=006s, total=171s
Epoch  40: Train%/Test% | Accuracy: 74.84%/74.53% | Precision: 67.24%/66.65% | Recall: 69.87%/68.86% | F1: 68.14%/67.45% | Time: fit=141s, train=025s, test=006s, total=172s
Epoch  41: Train%/Test% | Accuracy: 74.76%/74.68% | Precision: 67.21%/67.07% | Recall: 69.92%/69.63% | F1: 68.12%/67.96% | Time: fit=139s, train=025s, test=006s, total=171s
Epoch  42: Train%/Test% | Accuracy: 77.11%/76.63% | Precision: 69.03%/68.47% | Recall: 70.07%/69.51% | F1: 69.50%/68.94% | Time: fit=141s, train=025s, test=006s, total=172s
Epoch  43: Train%/Test% | Accuracy: 77.63%/77.19% | Precision: 69.44%/68.89% | Recall: 69.73%/69.11% | F1: 69.58%/69.00% | Time: fit=140s, train=025s, test=006s, total=171s
Epoch  44: Train%/Test% | Accuracy: 76.31%/75.68% | Precision: 68.32%/67.56% | Recall: 69.99%/69.11% | F1: 69.02%/68.20% | Time: fit=141s, train=025s, test=006s, total=172s
Epoch  45: Train%/Test% | Accuracy: 80.25%/79.45% | Precision: 72.88%/71.76% | Recall: 71.31%/70.25% | F1: 72.01%/70.92% | Time: fit=141s, train=025s, test=006s, total=172s
Epoch  46: Train%/Test% | Accuracy: 78.89%/77.51% | Precision: 71.06%/69.20% | Recall: 70.90%/69.00% | F1: 70.98%/69.10% | Time: fit=141s, train=025s, test=006s, total=172s
Epoch  47: Train%/Test% | Accuracy: 80.76%/79.74% | Precision: 73.66%/72.18% | Recall: 71.34%/69.61% | F1: 72.33%/70.67% | Time: fit=144s, train=025s, test=006s, total=175s
Epoch  48: Train%/Test% | Accuracy: 81.13%/80.22% | Precision: 74.27%/72.97% | Recall: 71.45%/69.63% | F1: 72.62%/70.94% | Time: fit=141s, train=025s, test=006s, total=172s
Epoch  49: Train%/Test% | Accuracy: 81.04%/80.28% | Precision: 74.07%/73.02% | Recall: 71.86%/70.38% | F1: 72.82%/71.47% | Time: fit=142s, train=025s, test=006s, total=173s
Epoch  50: Train%/Test% | Accuracy: 80.33%/79.65% | Precision: 73.03%/72.10% | Recall: 72.54%/71.24% | F1: 72.78%/71.65% | Time: fit=140s, train=025s, test=006s, total=171s
Epoch  51: Train%/Test% | Accuracy: 80.01%/79.31% | Precision: 72.56%/71.59% | Recall: 71.79%/70.51% | F1: 72.15%/71.01% | Time: fit=140s, train=025s, test=006s, total=171s
Epoch  52: Train%/Test% | Accuracy: 79.77%/79.40% | Precision: 72.30%/71.84% | Recall: 72.43%/71.78% | F1: 72.37%/71.81% | Time: fit=141s, train=025s, test=006s, total=172s
Epoch  53: Train%/Test% | Accuracy: 80.13%/80.13% | Precision: 72.82%/72.84% | Recall: 73.12%/72.84% | F1: 72.97%/72.84% | Time: fit=137s, train=025s, test=006s, total=168s
Epoch  54: Train%/Test% | Accuracy: 80.20%/79.92% | Precision: 72.89%/72.56% | Recall: 72.98%/72.57% | F1: 72.94%/72.57% | Time: fit=142s, train=025s, test=006s, total=172s
Epoch  55: Train%/Test% | Accuracy: 79.75%/79.47% | Precision: 72.37%/72.03% | Recall: 73.07%/72.60% | F1: 72.70%/72.30% | Time: fit=139s, train=025s, test=006s, total=170s
Epoch  56: Train%/Test% | Accuracy: 79.43%/79.07% | Precision: 71.98%/71.52% | Recall: 72.86%/72.23% | F1: 72.39%/71.86% | Time: fit=141s, train=025s, test=006s, total=172s
Epoch  57: Train%/Test% | Accuracy: 78.03%/78.34% | Precision: 70.41%/70.81% | Recall: 72.08%/72.36% | F1: 71.13%/71.49% | Time: fit=143s, train=025s, test=006s, total=174s
Epoch  58: Train%/Test% | Accuracy: 79.38%/78.57% | Precision: 71.87%/70.89% | Recall: 72.53%/71.71% | F1: 72.18%/71.28% | Time: fit=140s, train=025s, test=006s, total=171s
Epoch  59: Train%/Test% | Accuracy: 79.61%/78.64% | Precision: 72.32%/71.11% | Recall: 73.75%/72.43% | F1: 72.96%/71.70% | Time: fit=139s, train=025s, test=006s, total=170s
Epoch  60: Train%/Test% | Accuracy: 79.56%/79.11% | Precision: 72.19%/71.61% | Recall: 73.33%/72.49% | F1: 72.71%/72.02% | Time: fit=141s, train=025s, test=006s, total=172s
Epoch  61: Train%/Test% | Accuracy: 79.79%/79.20% | Precision: 72.38%/71.64% | Recall: 72.82%/72.03% | F1: 72.60%/71.83% | Time: fit=140s, train=025s, test=006s, total=171s
Epoch  62: Train%/Test% | Accuracy: 79.77%/79.11% | Precision: 72.34%/71.54% | Recall: 72.68%/72.04% | F1: 72.51%/71.78% | Time: fit=142s, train=025s, test=006s, total=173s
Epoch  63: Train%/Test% | Accuracy: 79.26%/78.14% | Precision: 71.62%/70.12% | Recall: 71.71%/70.12% | F1: 71.66%/70.12% | Time: fit=140s, train=025s, test=006s, total=171s
Epoch  64: Train%/Test% | Accuracy: 79.67%/78.93% | Precision: 72.24%/71.29% | Recall: 72.82%/71.76% | F1: 72.52%/71.52% | Time: fit=140s, train=025s, test=006s, total=171s
Epoch  65: Train%/Test% | Accuracy: 79.57%/78.93% | Precision: 72.20%/71.38% | Recall: 73.28%/72.24% | F1: 72.69%/71.78% | Time: fit=141s, train=025s, test=006s, total=172s
Epoch  66: Train%/Test% | Accuracy: 78.48%/78.16% | Precision: 71.14%/70.73% | Recall: 73.33%/72.69% | F1: 72.03%/71.55% | Time: fit=143s, train=025s, test=006s, total=175s
Epoch  67: Train%/Test% | Accuracy: 78.79%/78.32% | Precision: 71.44%/70.88% | Recall: 73.38%/72.73% | F1: 72.26%/71.66% | Time: fit=139s, train=025s, test=006s, total=170s
Epoch  68: Train%/Test% | Accuracy: 80.02%/79.25% | Precision: 72.65%/71.63% | Recall: 72.74%/71.58% | F1: 72.69%/71.60% | Time: fit=140s, train=025s, test=006s, total=171s
Epoch  69: Train%/Test% | Accuracy: 79.59%/78.86% | Precision: 72.27%/71.42% | Recall: 73.59%/72.80% | F1: 72.87%/72.03% | Time: fit=141s, train=025s, test=006s, total=173s
Epoch  70: Train%/Test% | Accuracy: 79.96%/78.91% | Precision: 72.62%/71.25% | Recall: 73.18%/71.65% | F1: 72.89%/71.44% | Time: fit=140s, train=025s, test=006s, total=172s
Epoch  71: Train%/Test% | Accuracy: 80.27%/79.54% | Precision: 72.95%/71.96% | Recall: 72.53%/71.36% | F1: 72.73%/71.65% | Time: fit=139s, train=025s, test=006s, total=170s
Epoch  72: Train%/Test% | Accuracy: 81.10%/79.92% | Precision: 74.31%/72.52% | Recall: 70.79%/68.99% | F1: 72.18%/70.34% | Time: fit=139s, train=025s, test=006s, total=170s
Epoch  73: Train%/Test% | Accuracy: 80.95%/80.19% | Precision: 74.05%/72.95% | Recall: 70.72%/69.36% | F1: 72.05%/70.74% | Time: fit=142s, train=025s, test=006s, total=173s
Epoch  74: Train%/Test% | Accuracy: 81.15%/80.78% | Precision: 74.37%/73.88% | Recall: 71.07%/70.36% | F1: 72.39%/71.74% | Time: fit=139s, train=025s, test=006s, total=171s
Epoch  75: Train%/Test% | Accuracy: 81.55%/80.78% | Precision: 75.39%/74.19% | Recall: 70.15%/68.92% | F1: 72.01%/70.73% | Time: fit=140s, train=026s, test=006s, total=172s
Epoch  76: Train%/Test% | Accuracy: 81.44%/81.01% | Precision: 75.00%/74.37% | Recall: 70.64%/69.99% | F1: 72.28%/71.62% | Time: fit=143s, train=025s, test=006s, total=175s
Epoch  77: Train%/Test% | Accuracy: 81.36%/80.58% | Precision: 74.70%/73.55% | Recall: 71.29%/70.09% | F1: 72.65%/71.45% | Time: fit=141s, train=025s, test=006s, total=173s
Epoch  78: Train%/Test% | Accuracy: 81.15%/80.62% | Precision: 74.34%/73.59% | Recall: 71.17%/70.41% | F1: 72.46%/71.68% | Time: fit=144s, train=025s, test=006s, total=176s
Epoch  79: Train%/Test% | Accuracy: 80.99%/80.10% | Precision: 74.05%/72.75% | Recall: 71.34%/69.97% | F1: 72.47%/71.11% | Time: fit=141s, train=025s, test=006s, total=172s
Epoch  80: Train%/Test% | Accuracy: 80.78%/80.13% | Precision: 73.68%/72.76% | Recall: 71.66%/70.72% | F1: 72.54%/71.60% | Time: fit=140s, train=025s, test=006s, total=172s
Epoch  81: Train%/Test% | Accuracy: 80.70%/79.88% | Precision: 73.54%/72.43% | Recall: 72.94%/71.68% | F1: 73.23%/72.03% | Time: fit=141s, train=026s, test=006s, total=173s
Epoch  82: Train%/Test% | Accuracy: 81.02%/80.42% | Precision: 74.06%/73.22% | Recall: 71.68%/70.73% | F1: 72.69%/71.77% | Time: fit=140s, train=026s, test=006s, total=171s
Epoch  83: Train%/Test% | Accuracy: 80.67%/79.90% | Precision: 73.50%/72.43% | Recall: 72.60%/71.22% | F1: 73.02%/71.77% | Time: fit=143s, train=026s, test=006s, total=174s
Epoch  84: Train%/Test% | Accuracy: 80.57%/79.81% | Precision: 73.37%/72.35% | Recall: 73.13%/71.83% | F1: 73.25%/72.08% | Time: fit=140s, train=025s, test=006s, total=172s
Epoch  85: Train%/Test% | Accuracy: 80.74%/79.63% | Precision: 73.61%/72.11% | Recall: 73.51%/71.71% | F1: 73.56%/71.90% | Time: fit=140s, train=026s, test=006s, total=172s
Epoch  86: Train%/Test% | Accuracy: 80.65%/79.77% | Precision: 73.48%/72.22% | Recall: 71.47%/70.29% | F1: 72.34%/71.13% | Time: fit=142s, train=026s, test=006s, total=174s
Epoch  87: Train%/Test% | Accuracy: 80.80%/80.04% | Precision: 73.72%/72.63% | Recall: 71.36%/70.25% | F1: 72.37%/71.25% | Time: fit=141s, train=026s, test=006s, total=173s
Epoch  88: Train%/Test% | Accuracy: 79.18%/78.23% | Precision: 71.50%/70.32% | Recall: 71.54%/70.63% | F1: 71.52%/70.47% | Time: fit=139s, train=026s, test=006s, total=171s
Epoch  89: Train%/Test% | Accuracy: 77.99%/77.10% | Precision: 70.48%/69.50% | Recall: 72.48%/71.55% | F1: 71.30%/70.32% | Time: fit=140s, train=026s, test=006s, total=172s
Epoch  90: Train%/Test% | Accuracy: 77.54%/77.37% | Precision: 70.14%/69.91% | Recall: 72.61%/72.17% | F1: 71.10%/70.80% | Time: fit=141s, train=026s, test=006s, total=173s
Epoch  91: Train%/Test% | Accuracy: 77.07%/76.26% | Precision: 69.47%/68.54% | Recall: 71.65%/70.61% | F1: 70.33%/69.35% | Time: fit=140s, train=026s, test=006s, total=172s
Epoch  92: Train%/Test% | Accuracy: 78.53%/77.30% | Precision: 70.92%/69.45% | Recall: 72.24%/70.78% | F1: 71.51%/70.03% | Time: fit=139s, train=026s, test=006s, total=171s
Epoch  93: Train%/Test% | Accuracy: 78.43%/77.53% | Precision: 71.05%/70.10% | Recall: 73.17%/72.37% | F1: 71.92%/71.00% | Time: fit=140s, train=026s, test=006s, total=172s
Epoch  94: Train%/Test% | Accuracy: 79.79%/79.45% | Precision: 72.45%/72.04% | Recall: 73.32%/72.84% | F1: 72.86%/72.41% | Time: fit=141s, train=026s, test=006s, total=173s
Epoch  95: Train%/Test% | Accuracy: 79.66%/79.04% | Precision: 72.45%/71.69% | Recall: 74.14%/73.24% | F1: 73.19%/72.37% | Time: fit=139s, train=026s, test=006s, total=171s
Epoch  96: Train%/Test% | Accuracy: 80.05%/79.83% | Precision: 72.81%/72.51% | Recall: 73.83%/73.06% | F1: 73.28%/72.77% | Time: fit=141s, train=026s, test=006s, total=173s
Epoch  97: Train%/Test% | Accuracy: 80.93%/79.86% | Precision: 73.86%/72.40% | Recall: 73.21%/71.63% | F1: 73.53%/71.99% | Time: fit=140s, train=026s, test=006s, total=172s
Epoch  98: Train%/Test% | Accuracy: 79.90%/78.73% | Precision: 72.61%/71.03% | Recall: 73.56%/71.53% | F1: 73.05%/71.27% | Time: fit=139s, train=026s, test=006s, total=171s
Epoch  99: Train%/Test% | Accuracy: 79.70%/78.59% | Precision: 72.41%/70.96% | Recall: 73.75%/71.92% | F1: 73.01%/71.40% | Time: fit=141s, train=026s, test=006s, total=174s
Epoch 100: Train%/Test% | Accuracy: 73.87%/72.45% | Precision: 67.92%/66.76% | Recall: 72.54%/71.30% | F1: 68.82%/67.46% | Time: fit=141s, train=026s, test=006s, total=173s
Epoch 101: Train%/Test% | Accuracy: 77.23%/76.74% | Precision: 70.10%/69.50% | Recall: 73.21%/72.40% | F1: 71.20%/70.53% | Time: fit=140s, train=026s, test=006s, total=172s
Epoch 102: Train%/Test% | Accuracy: 77.80%/77.26% | Precision: 70.57%/69.95% | Recall: 73.32%/72.58% | F1: 71.60%/70.94% | Time: fit=142s, train=026s, test=006s, total=174s
Epoch 103: Train%/Test% | Accuracy: 76.99%/76.56% | Precision: 69.77%/69.33% | Recall: 72.77%/72.28% | F1: 70.84%/70.37% | Time: fit=141s, train=026s, test=006s, total=173s
Epoch 104: Train%/Test% | Accuracy: 76.72%/76.11% | Precision: 69.34%/68.75% | Recall: 72.08%/71.53% | F1: 70.34%/69.73% | Time: fit=142s, train=026s, test=006s, total=174s
Epoch 105: Train%/Test% | Accuracy: 75.70%/74.62% | Precision: 69.02%/67.94% | Recall: 72.97%/71.76% | F1: 70.14%/68.96% | Time: fit=139s, train=026s, test=006s, total=171s
Epoch 106: Train%/Test% | Accuracy: 80.69%/79.70% | Precision: 73.58%/72.28% | Recall: 73.95%/72.49% | F1: 73.76%/72.38% | Time: fit=140s, train=026s, test=006s, total=172s
Epoch 107: Train%/Test% | Accuracy: 81.55%/80.47% | Precision: 74.82%/73.27% | Recall: 72.81%/71.01% | F1: 73.70%/71.98% | Time: fit=140s, train=026s, test=006s, total=172s
Epoch 108: Train%/Test% | Accuracy: 81.11%/80.28% | Precision: 74.14%/73.00% | Recall: 72.62%/70.86% | F1: 73.31%/71.78% | Time: fit=140s, train=026s, test=006s, total=172s
Epoch 109: Train%/Test% | Accuracy: 80.06%/79.61% | Precision: 72.71%/72.06% | Recall: 72.88%/71.53% | F1: 72.80%/71.79% | Time: fit=139s, train=026s, test=006s, total=172s
Epoch 110: Train%/Test% | Accuracy: 80.49%/79.92% | Precision: 73.25%/72.47% | Recall: 72.66%/71.26% | F1: 72.94%/71.81% | Time: fit=141s, train=026s, test=006s, total=173s
Epoch 111: Train%/Test% | Accuracy: 79.70%/78.84% | Precision: 72.45%/71.34% | Recall: 73.96%/72.53% | F1: 73.12%/71.88% | Time: fit=140s, train=026s, test=006s, total=172s
Epoch 112: Train%/Test% | Accuracy: 79.30%/78.43% | Precision: 71.98%/70.86% | Recall: 73.62%/72.17% | F1: 72.70%/71.44% | Time: fit=139s, train=026s, test=006s, total=171s
Epoch 113: Train%/Test% | Accuracy: 79.17%/78.57% | Precision: 71.87%/71.02% | Recall: 73.70%/72.32% | F1: 72.65%/71.60% | Time: fit=141s, train=026s, test=006s, total=173s
Epoch 114: Train%/Test% | Accuracy: 78.70%/78.00% | Precision: 71.20%/70.30% | Recall: 72.72%/71.57% | F1: 71.86%/70.86% | Time: fit=140s, train=026s, test=006s, total=172s
Epoch 115: Train%/Test% | Accuracy: 79.01%/78.34% | Precision: 71.45%/70.55% | Recall: 72.37%/71.18% | F1: 71.88%/70.85% | Time: fit=140s, train=026s, test=006s, total=172s
Epoch 116: Train%/Test% | Accuracy: 79.17%/78.12% | Precision: 71.70%/70.40% | Recall: 72.85%/71.54% | F1: 72.22%/70.92% | Time: fit=139s, train=026s, test=006s, total=172s
Epoch 117: Train%/Test% | Accuracy: 78.30%/77.30% | Precision: 70.90%/69.64% | Recall: 73.03%/71.46% | F1: 71.77%/70.40% | Time: fit=132s, train=027s, test=007s, total=166s
Epoch 118: Train%/Test% | Accuracy: 78.42%/77.35% | Precision: 71.14%/69.86% | Recall: 73.55%/72.06% | F1: 72.10%/70.74% | Time: fit=144s, train=026s, test=007s, total=178s
Epoch 119: Train%/Test% | Accuracy: 78.87%/77.87% | Precision: 71.61%/70.34% | Recall: 73.80%/72.21% | F1: 72.51%/71.12% | Time: fit=145s, train=026s, test=007s, total=178s
Epoch 120: Train%/Test% | Accuracy: 78.67%/77.30% | Precision: 71.37%/69.65% | Recall: 73.56%/71.49% | F1: 72.27%/70.41% | Time: fit=144s, train=026s, test=007s, total=177s
Epoch 121: Train%/Test% | Accuracy: 78.80%/77.71% | Precision: 71.45%/70.10% | Recall: 73.40%/71.85% | F1: 72.27%/70.84% | Time: fit=143s, train=026s, test=007s, total=176s
Epoch 122: Train%/Test% | Accuracy: 79.73%/79.04% | Precision: 72.42%/71.56% | Recall: 73.60%/72.57% | F1: 72.96%/72.02% | Time: fit=141s, train=026s, test=007s, total=174s
Epoch 123: Train%/Test% | Accuracy: 80.29%/79.25% | Precision: 73.01%/71.60% | Recall: 73.00%/71.39% | F1: 73.00%/71.49% | Time: fit=140s, train=026s, test=007s, total=173s
Epoch 124: Train%/Test% | Accuracy: 80.58%/79.27% | Precision: 73.37%/71.53% | Recall: 72.43%/70.45% | F1: 72.87%/70.94% | Time: fit=142s, train=026s, test=007s, total=175s
Epoch 125: Train%/Test% | Accuracy: 80.53%/79.47% | Precision: 73.29%/71.84% | Recall: 72.52%/71.00% | F1: 72.89%/71.39% | Time: fit=142s, train=026s, test=006s, total=174s
Epoch 126: Train%/Test% | Accuracy: 80.75%/79.92% | Precision: 73.62%/72.45% | Recall: 72.19%/70.62% | F1: 72.84%/71.42% | Time: fit=142s, train=026s, test=006s, total=174s
Epoch 127: Train%/Test% | Accuracy: 79.86%/78.70% | Precision: 72.39%/70.84% | Recall: 72.15%/70.56% | F1: 72.26%/70.69% | Time: fit=141s, train=026s, test=006s, total=173s
Epoch 128: Train%/Test% | Accuracy: 80.18%/79.38% | Precision: 72.86%/71.80% | Recall: 72.91%/71.71% | F1: 72.89%/71.75% | Time: fit=141s, train=026s, test=006s, total=173s
Epoch 129: Train%/Test% | Accuracy: 79.49%/78.68% | Precision: 72.03%/70.95% | Recall: 72.76%/71.40% | F1: 72.38%/71.17% | Time: fit=140s, train=026s, test=006s, total=172s
Epoch 130: Train%/Test% | Accuracy: 79.93%/79.27% | Precision: 72.55%/71.64% | Recall: 72.76%/71.50% | F1: 72.65%/71.57% | Time: fit=142s, train=026s, test=006s, total=174s
Epoch 131: Train%/Test% | Accuracy: 80.17%/79.27% | Precision: 72.92%/71.77% | Recall: 73.67%/72.40% | F1: 73.28%/72.07% | Time: fit=140s, train=026s, test=006s, total=172s
Epoch 132: Train%/Test% | Accuracy: 80.36%/79.63% | Precision: 73.15%/72.20% | Recall: 73.67%/72.48% | F1: 73.40%/72.33% | Time: fit=141s, train=026s, test=006s, total=173s
Epoch 133: Train%/Test% | Accuracy: 80.85%/80.19% | Precision: 73.76%/72.88% | Recall: 73.17%/72.11% | F1: 73.45%/72.47% | Time: fit=139s, train=026s, test=006s, total=172s
Epoch 134: Train%/Test% | Accuracy: 80.91%/80.13% | Precision: 73.84%/72.78% | Recall: 73.16%/72.00% | F1: 73.49%/72.37% | Time: fit=141s, train=026s, test=006s, total=173s
Epoch 135: Train%/Test% | Accuracy: 80.42%/79.63% | Precision: 73.19%/72.16% | Recall: 73.20%/72.19% | F1: 73.19%/72.17% | Time: fit=140s, train=026s, test=006s, total=172s
Epoch 136: Train%/Test% | Accuracy: 80.80%/79.67% | Precision: 73.69%/72.17% | Recall: 73.29%/71.71% | F1: 73.48%/71.93% | Time: fit=141s, train=026s, test=006s, total=173s
Epoch 137: Train%/Test% | Accuracy: 81.17%/80.35% | Precision: 74.33%/73.14% | Recall: 71.53%/70.23% | F1: 72.69%/71.41% | Time: fit=140s, train=026s, test=006s, total=172s
Epoch 138: Train%/Test% | Accuracy: 81.36%/79.90% | Precision: 74.48%/72.44% | Recall: 73.31%/71.38% | F1: 73.85%/71.87% | Time: fit=140s, train=026s, test=006s, total=173s
Epoch 139: Train%/Test% | Accuracy: 81.23%/80.01% | Precision: 74.30%/72.60% | Recall: 73.34%/71.55% | F1: 73.79%/72.04% | Time: fit=142s, train=026s, test=006s, total=174s
Epoch 140: Train%/Test% | Accuracy: 81.61%/80.26% | Precision: 74.86%/72.95% | Recall: 73.46%/71.52% | F1: 74.10%/72.17% | Time: fit=140s, train=026s, test=006s, total=173s
Epoch 141: Train%/Test% | Accuracy: 81.53%/80.40% | Precision: 74.72%/73.16% | Recall: 73.73%/72.21% | F1: 74.20%/72.66% | Time: fit=139s, train=026s, test=006s, total=171s
Epoch 142: Train%/Test% | Accuracy: 81.44%/80.28% | Precision: 74.59%/73.00% | Recall: 73.64%/72.08% | F1: 74.09%/72.51% | Time: fit=141s, train=026s, test=006s, total=173s
Epoch 143: Train%/Test% | Accuracy: 81.50%/80.26% | Precision: 74.67%/72.97% | Recall: 73.88%/72.29% | F1: 74.25%/72.61% | Time: fit=141s, train=026s, test=006s, total=173s
Epoch 144: Train%/Test% | Accuracy: 81.14%/80.78% | Precision: 74.16%/73.71% | Recall: 73.59%/73.17% | F1: 73.86%/73.43% | Time: fit=139s, train=026s, test=006s, total=171s
Epoch 145: Train%/Test% | Accuracy: 79.77%/79.04% | Precision: 72.45%/71.56% | Recall: 73.47%/72.57% | F1: 72.92%/72.02% | Time: fit=140s, train=026s, test=006s, total=172s
Epoch 146: Train%/Test% | Accuracy: 79.39%/78.52% | Precision: 72.07%/71.03% | Recall: 73.57%/72.55% | F1: 72.73%/71.69% | Time: fit=139s, train=026s, test=006s, total=171s
Epoch 147: Train%/Test% | Accuracy: 78.86%/78.12% | Precision: 71.60%/70.67% | Recall: 73.77%/72.63% | F1: 72.49%/71.49% | Time: fit=140s, train=026s, test=006s, total=173s
Epoch 148: Train%/Test% | Accuracy: 78.03%/77.46% | Precision: 71.07%/70.45% | Recall: 74.38%/73.67% | F1: 72.25%/71.58% | Time: fit=138s, train=026s, test=006s, total=171s
Epoch 149: Train%/Test% | Accuracy: 78.30%/77.94% | Precision: 71.19%/70.78% | Recall: 74.05%/73.57% | F1: 72.27%/71.83% | Time: fit=141s, train=026s, test=006s, total=173s
Epoch 150: Train%/Test% | Accuracy: 78.42%/78.32% | Precision: 71.25%/71.06% | Recall: 73.94%/73.40% | F1: 72.29%/72.00% | Time: fit=140s, train=026s, test=006s, total=172s
