[*] Load dataset...
[*] Fix malformed data...
[*] Split...
[*] Encoding...
[*] -> text...
[*] -> domain...
pipeline.py:185: SettingWithCopyWarning: 
A value is trying to be set on a copy of a slice from a DataFrame.
Try using .loc[row_indexer,col_indexer] = value instead

See the caveats in the documentation: https://pandas.pydata.org/pandas-docs/stable/user_guide/indexing.html#returning-a-view-versus-a-copy
  train_df['domain'] = train_df['url'].apply(extract_domain)
pipeline.py:186: SettingWithCopyWarning: 
A value is trying to be set on a copy of a slice from a DataFrame.
Try using .loc[row_indexer,col_indexer] = value instead

See the caveats in the documentation: https://pandas.pydata.org/pandas-docs/stable/user_guide/indexing.html#returning-a-view-versus-a-copy
  test_df['domain'] = test_df['url'].apply(extract_domain)
[*] Encoding complete!
==============================
Using GPU for training
Dataset: FakeNewsNet-politifact
TMU params: num-clauses=5000, T=250, s=15.0
Epochs: 150
Feature(s): text, domain
max-vocab=15000, max-domain=500, max-tweet=500
====================
Train size: 844
Train classes: 2
Test size: 212
Test classes: 2
Total features: 3252
==============================
[*] Training for 150 epochs...
Epoch   1: Train%/Test% | Accuracy: 68.60%/69.81% | Precision: 75.36%/78.47% | Recall: 63.32%/59.51% | F1: 61.48%/56.91% | Time: fit=021s, train=004s, test=001s, total=026s
Epoch   2: Train%/Test% | Accuracy: 73.70%/75.94% | Precision: 75.44%/75.49% | Recall: 70.49%/71.06% | F1: 70.84%/72.06% | Time: fit=019s, train=004s, test=001s, total=024s
Epoch   3: Train%/Test% | Accuracy: 76.78%/67.92% | Precision: 77.49%/69.67% | Recall: 78.08%/70.88% | F1: 76.73%/67.74% | Time: fit=019s, train=004s, test=001s, total=023s
Epoch   4: Train%/Test% | Accuracy: 70.14%/70.75% | Precision: 77.67%/74.07% | Recall: 64.99%/61.86% | F1: 63.59%/61.01% | Time: fit=019s, train=004s, test=001s, total=023s
Epoch   5: Train%/Test% | Accuracy: 68.36%/68.40% | Precision: 76.87%/71.86% | Recall: 62.80%/58.39% | F1: 60.48%/55.85% | Time: fit=019s, train=004s, test=001s, total=023s
Epoch   6: Train%/Test% | Accuracy: 70.50%/71.23% | Precision: 77.94%/75.61% | Recall: 65.42%/62.24% | F1: 64.16%/61.39% | Time: fit=019s, train=004s, test=001s, total=023s
Epoch   7: Train%/Test% | Accuracy: 73.58%/71.70% | Precision: 77.67%/72.01% | Recall: 69.60%/64.49% | F1: 69.67%/64.77% | Time: fit=019s, train=004s, test=001s, total=023s
Epoch   8: Train%/Test% | Accuracy: 78.91%/76.89% | Precision: 80.93%/78.84% | Recall: 76.23%/70.73% | F1: 76.99%/71.94% | Time: fit=019s, train=004s, test=001s, total=023s
Epoch   9: Train%/Test% | Accuracy: 82.82%/79.25% | Precision: 84.16%/80.89% | Recall: 80.81%/73.94% | F1: 81.63%/75.38% | Time: fit=019s, train=004s, test=001s, total=023s
Epoch  10: Train%/Test% | Accuracy: 78.20%/75.94% | Precision: 81.06%/78.60% | Recall: 75.15%/69.18% | F1: 75.87%/70.21% | Time: fit=019s, train=004s, test=001s, total=023s
Epoch  11: Train%/Test% | Accuracy: 84.12%/79.72% | Precision: 84.76%/80.40% | Recall: 82.60%/75.11% | F1: 83.26%/76.45% | Time: fit=018s, train=004s, test=001s, total=023s
Epoch  12: Train%/Test% | Accuracy: 80.81%/76.89% | Precision: 82.80%/78.84% | Recall: 78.33%/70.73% | F1: 79.18%/71.94% | Time: fit=019s, train=004s, test=001s, total=023s
Epoch  13: Train%/Test% | Accuracy: 77.84%/74.53% | Precision: 81.18%/77.28% | Recall: 74.61%/67.26% | F1: 75.30%/67.96% | Time: fit=019s, train=004s, test=001s, total=023s
Epoch  14: Train%/Test% | Accuracy: 78.20%/75.00% | Precision: 81.31%/77.73% | Recall: 75.07%/67.90% | F1: 75.79%/68.72% | Time: fit=018s, train=004s, test=001s, total=023s
Epoch  15: Train%/Test% | Accuracy: 77.61%/74.53% | Precision: 80.88%/77.28% | Recall: 74.36%/67.26% | F1: 75.03%/67.96% | Time: fit=018s, train=003s, test=001s, total=023s
Epoch  16: Train%/Test% | Accuracy: 78.08%/74.53% | Precision: 81.22%/77.28% | Recall: 74.93%/67.26% | F1: 75.64%/67.96% | Time: fit=018s, train=003s, test=001s, total=023s
Epoch  17: Train%/Test% | Accuracy: 79.98%/76.89% | Precision: 82.50%/79.43% | Recall: 77.23%/70.46% | F1: 78.07%/71.67% | Time: fit=018s, train=003s, test=001s, total=023s
Epoch  18: Train%/Test% | Accuracy: 81.64%/79.25% | Precision: 83.33%/80.89% | Recall: 79.36%/73.94% | F1: 80.20%/75.38% | Time: fit=018s, train=003s, test=001s, total=023s
Epoch  19: Train%/Test% | Accuracy: 79.86%/75.47% | Precision: 82.41%/77.54% | Recall: 77.09%/68.81% | F1: 77.92%/69.78% | Time: fit=018s, train=003s, test=001s, total=023s
Epoch  20: Train%/Test% | Accuracy: 83.53%/79.25% | Precision: 83.80%/78.29% | Recall: 82.21%/76.08% | F1: 82.74%/76.87% | Time: fit=018s, train=003s, test=001s, total=023s
Epoch  21: Train%/Test% | Accuracy: 83.29%/80.19% | Precision: 83.70%/79.85% | Recall: 81.85%/76.56% | F1: 82.43%/77.61% | Time: fit=018s, train=004s, test=001s, total=023s
Epoch  22: Train%/Test% | Accuracy: 83.06%/79.25% | Precision: 83.34%/78.29% | Recall: 81.68%/76.08% | F1: 82.22%/76.87% | Time: fit=018s, train=003s, test=001s, total=023s
Epoch  23: Train%/Test% | Accuracy: 83.18%/80.19% | Precision: 83.55%/79.39% | Recall: 81.75%/77.10% | F1: 82.32%/77.92% | Time: fit=018s, train=003s, test=001s, total=023s
Epoch  24: Train%/Test% | Accuracy: 83.06%/75.00% | Precision: 83.39%/74.65% | Recall: 84.23%/76.47% | F1: 82.99%/74.45% | Time: fit=018s, train=003s, test=001s, total=023s
Epoch  25: Train%/Test% | Accuracy: 84.00%/80.66% | Precision: 84.11%/79.66% | Recall: 82.85%/78.00% | F1: 83.30%/78.65% | Time: fit=018s, train=003s, test=001s, total=023s
Epoch  26: Train%/Test% | Accuracy: 84.12%/75.00% | Precision: 83.80%/73.60% | Recall: 84.60%/74.87% | F1: 83.94%/73.93% | Time: fit=018s, train=003s, test=001s, total=023s
Epoch  27: Train%/Test% | Accuracy: 86.85%/79.72% | Precision: 86.40%/78.18% | Recall: 86.91%/78.87% | F1: 86.60%/78.47% | Time: fit=018s, train=003s, test=001s, total=023s
Epoch  28: Train%/Test% | Accuracy: 79.86%/75.94% | Precision: 81.97%/78.60% | Recall: 77.24%/69.18% | F1: 78.05%/70.21% | Time: fit=018s, train=003s, test=001s, total=022s
Epoch  29: Train%/Test% | Accuracy: 82.46%/78.30% | Precision: 83.40%/79.58% | Recall: 80.62%/72.92% | F1: 81.35%/74.26% | Time: fit=018s, train=003s, test=001s, total=023s
Epoch  30: Train%/Test% | Accuracy: 82.82%/78.77% | Precision: 83.49%/78.53% | Recall: 81.17%/74.64% | F1: 81.83%/75.74% | Time: fit=018s, train=003s, test=001s, total=023s
Epoch  31: Train%/Test% | Accuracy: 83.41%/80.66% | Precision: 83.98%/80.87% | Recall: 81.87%/76.66% | F1: 82.51%/77.89% | Time: fit=018s, train=003s, test=001s, total=023s
Epoch  32: Train%/Test% | Accuracy: 83.18%/79.72% | Precision: 84.27%/80.40% | Recall: 81.32%/75.11% | F1: 82.09%/76.45% | Time: fit=018s, train=003s, test=001s, total=023s
Epoch  33: Train%/Test% | Accuracy: 83.53%/81.13% | Precision: 84.02%/80.99% | Recall: 82.05%/77.57% | F1: 82.66%/78.67% | Time: fit=018s, train=003s, test=001s, total=022s
Epoch  34: Train%/Test% | Accuracy: 81.16%/77.83% | Precision: 82.87%/79.16% | Recall: 78.84%/72.28% | F1: 79.66%/73.58% | Time: fit=018s, train=003s, test=001s, total=022s
Epoch  35: Train%/Test% | Accuracy: 81.75%/77.83% | Precision: 83.61%/79.67% | Recall: 79.42%/72.01% | F1: 80.29%/73.34% | Time: fit=018s, train=003s, test=001s, total=022s
Epoch  36: Train%/Test% | Accuracy: 85.19%/81.60% | Precision: 84.93%/80.58% | Recall: 84.54%/79.29% | F1: 84.71%/79.82% | Time: fit=018s, train=003s, test=001s, total=022s
Epoch  37: Train%/Test% | Accuracy: 84.95%/75.47% | Precision: 84.66%/74.29% | Recall: 85.51%/75.77% | F1: 84.79%/74.57% | Time: fit=018s, train=003s, test=001s, total=023s
Epoch  38: Train%/Test% | Accuracy: 83.89%/72.64% | Precision: 83.71%/72.17% | Recall: 84.59%/73.80% | F1: 83.75%/72.00% | Time: fit=018s, train=003s, test=001s, total=022s
Epoch  39: Train%/Test% | Accuracy: 84.60%/81.13% | Precision: 84.77%/80.29% | Recall: 83.44%/78.38% | F1: 83.91%/79.11% | Time: fit=018s, train=003s, test=001s, total=022s
Epoch  40: Train%/Test% | Accuracy: 82.82%/71.70% | Precision: 82.88%/71.02% | Recall: 83.75%/72.52% | F1: 82.72%/70.95% | Time: fit=018s, train=003s, test=001s, total=022s
Epoch  41: Train%/Test% | Accuracy: 79.86%/68.87% | Precision: 81.25%/70.29% | Recall: 81.63%/71.62% | F1: 79.85%/68.64% | Time: fit=018s, train=003s, test=001s, total=022s
Epoch  42: Train%/Test% | Accuracy: 85.19%/76.42% | Precision: 84.79%/74.99% | Recall: 85.52%/76.25% | F1: 84.98%/75.35% | Time: fit=018s, train=003s, test=001s, total=022s
Epoch  43: Train%/Test% | Accuracy: 85.55%/81.60% | Precision: 85.47%/80.74% | Recall: 84.69%/79.02% | F1: 85.01%/79.69% | Time: fit=018s, train=003s, test=001s, total=023s
Epoch  44: Train%/Test% | Accuracy: 86.61%/81.60% | Precision: 86.19%/80.44% | Recall: 86.43%/79.55% | F1: 86.30%/79.94% | Time: fit=018s, train=003s, test=001s, total=022s
Epoch  45: Train%/Test% | Accuracy: 86.14%/80.66% | Precision: 85.73%/79.24% | Recall: 85.87%/79.08% | F1: 85.80%/79.15% | Time: fit=018s, train=003s, test=001s, total=022s
Epoch  46: Train%/Test% | Accuracy: 82.23%/70.28% | Precision: 82.91%/70.95% | Recall: 83.64%/72.47% | F1: 82.19%/69.93% | Time: fit=018s, train=003s, test=001s, total=022s
Epoch  47: Train%/Test% | Accuracy: 86.37%/77.83% | Precision: 86.02%/76.39% | Recall: 86.85%/77.64% | F1: 86.21%/76.78% | Time: fit=018s, train=003s, test=001s, total=022s
Epoch  48: Train%/Test% | Accuracy: 85.31%/82.55% | Precision: 85.43%/82.02% | Recall: 84.25%/79.76% | F1: 84.69%/80.61% | Time: fit=018s, train=003s, test=001s, total=022s
Epoch  49: Train%/Test% | Accuracy: 87.09%/80.66% | Precision: 86.70%/79.30% | Recall: 86.84%/78.81% | F1: 86.77%/79.04% | Time: fit=018s, train=003s, test=001s, total=022s
Epoch  50: Train%/Test% | Accuracy: 84.00%/80.66% | Precision: 84.26%/79.66% | Recall: 82.74%/78.00% | F1: 83.25%/78.65% | Time: fit=018s, train=003s, test=001s, total=022s
Epoch  51: Train%/Test% | Accuracy: 83.77%/80.66% | Precision: 83.95%/79.40% | Recall: 82.53%/78.54% | F1: 83.02%/78.91% | Time: fit=018s, train=003s, test=001s, total=022s
Epoch  52: Train%/Test% | Accuracy: 83.65%/80.19% | Precision: 83.63%/78.83% | Recall: 82.59%/78.17% | F1: 82.97%/78.46% | Time: fit=018s, train=003s, test=001s, total=022s
Epoch  53: Train%/Test% | Accuracy: 84.00%/81.60% | Precision: 83.95%/80.58% | Recall: 83.01%/79.29% | F1: 83.37%/79.82% | Time: fit=018s, train=003s, test=001s, total=022s
Epoch  54: Train%/Test% | Accuracy: 84.00%/81.60% | Precision: 83.99%/80.74% | Recall: 82.97%/79.02% | F1: 83.35%/79.69% | Time: fit=018s, train=003s, test=001s, total=022s
Epoch  55: Train%/Test% | Accuracy: 84.48%/81.60% | Precision: 84.71%/80.74% | Recall: 83.26%/79.02% | F1: 83.76%/79.69% | Time: fit=018s, train=003s, test=001s, total=022s
Epoch  56: Train%/Test% | Accuracy: 87.44%/80.19% | Precision: 87.13%/78.93% | Recall: 87.07%/77.90% | F1: 87.10%/78.34% | Time: fit=018s, train=003s, test=001s, total=022s
Epoch  57: Train%/Test% | Accuracy: 86.85%/81.13% | Precision: 86.65%/79.98% | Recall: 86.24%/78.91% | F1: 86.43%/79.37% | Time: fit=018s, train=003s, test=001s, total=022s
Epoch  58: Train%/Test% | Accuracy: 86.97%/81.60% | Precision: 86.89%/80.58% | Recall: 86.23%/79.29% | F1: 86.51%/79.82% | Time: fit=018s, train=003s, test=001s, total=022s
Epoch  59: Train%/Test% | Accuracy: 86.02%/82.55% | Precision: 86.23%/82.02% | Recall: 84.94%/79.76% | F1: 85.41%/80.61% | Time: fit=018s, train=003s, test=001s, total=022s
Epoch  60: Train%/Test% | Accuracy: 86.02%/82.08% | Precision: 86.14%/81.37% | Recall: 85.02%/79.39% | F1: 85.44%/80.15% | Time: fit=018s, train=003s, test=001s, total=022s
Epoch  61: Train%/Test% | Accuracy: 86.14%/81.13% | Precision: 86.01%/80.12% | Recall: 85.40%/78.65% | F1: 85.65%/79.24% | Time: fit=018s, train=003s, test=001s, total=022s
Epoch  62: Train%/Test% | Accuracy: 84.12%/75.94% | Precision: 84.12%/75.00% | Recall: 85.03%/76.68% | F1: 84.02%/75.19% | Time: fit=018s, train=003s, test=001s, total=022s
Epoch  63: Train%/Test% | Accuracy: 84.95%/76.42% | Precision: 84.90%/75.40% | Recall: 85.83%/77.06% | F1: 84.85%/75.63% | Time: fit=018s, train=003s, test=001s, total=022s
Epoch  64: Train%/Test% | Accuracy: 86.73%/81.60% | Precision: 86.49%/80.58% | Recall: 86.18%/79.29% | F1: 86.32%/79.82% | Time: fit=018s, train=003s, test=001s, total=022s
Epoch  65: Train%/Test% | Accuracy: 87.32%/81.60% | Precision: 86.96%/80.44% | Recall: 87.04%/79.55% | F1: 87.00%/79.94% | Time: fit=018s, train=003s, test=001s, total=022s
Epoch  66: Train%/Test% | Accuracy: 86.97%/80.66% | Precision: 86.64%/79.40% | Recall: 86.58%/78.54% | F1: 86.61%/78.91% | Time: fit=018s, train=003s, test=001s, total=022s
Epoch  67: Train%/Test% | Accuracy: 87.80%/80.19% | Precision: 87.37%/78.67% | Recall: 87.76%/78.97% | F1: 87.54%/78.81% | Time: fit=018s, train=003s, test=001s, total=022s
Epoch  68: Train%/Test% | Accuracy: 88.15%/80.19% | Precision: 87.72%/78.67% | Recall: 88.31%/79.24% | F1: 87.94%/78.92% | Time: fit=018s, train=003s, test=001s, total=022s
Epoch  69: Train%/Test% | Accuracy: 86.97%/78.30% | Precision: 86.61%/76.83% | Recall: 87.44%/78.01% | F1: 86.80%/77.23% | Time: fit=018s, train=003s, test=001s, total=022s
Epoch  70: Train%/Test% | Accuracy: 86.49%/80.66% | Precision: 86.10%/79.24% | Recall: 86.21%/79.08% | F1: 86.15%/79.15% | Time: fit=018s, train=003s, test=001s, total=022s
Epoch  71: Train%/Test% | Accuracy: 84.48%/75.00% | Precision: 84.42%/74.23% | Recall: 85.34%/75.94% | F1: 84.37%/74.30% | Time: fit=018s, train=003s, test=001s, total=022s
Epoch  72: Train%/Test% | Accuracy: 86.14%/77.83% | Precision: 85.87%/76.49% | Recall: 86.77%/77.91% | F1: 86.00%/76.88% | Time: fit=018s, train=003s, test=001s, total=022s
Epoch  73: Train%/Test% | Accuracy: 85.19%/75.47% | Precision: 85.03%/74.44% | Recall: 85.95%/76.04% | F1: 85.07%/74.66% | Time: fit=018s, train=003s, test=001s, total=022s
Epoch  74: Train%/Test% | Accuracy: 85.07%/74.53% | Precision: 85.07%/73.86% | Recall: 86.01%/75.56% | F1: 84.97%/73.86% | Time: fit=018s, train=003s, test=001s, total=022s
Epoch  75: Train%/Test% | Accuracy: 85.55%/75.94% | Precision: 85.41%/74.84% | Recall: 86.34%/76.42% | F1: 85.43%/75.10% | Time: fit=018s, train=003s, test=001s, total=022s
Epoch  76: Train%/Test% | Accuracy: 86.14%/78.30% | Precision: 85.75%/76.76% | Recall: 86.53%/77.75% | F1: 85.95%/77.13% | Time: fit=018s, train=003s, test=001s, total=022s
Epoch  77: Train%/Test% | Accuracy: 86.26%/79.25% | Precision: 85.93%/77.74% | Recall: 86.79%/78.76% | F1: 86.10%/78.12% | Time: fit=018s, train=003s, test=001s, total=022s
Epoch  78: Train%/Test% | Accuracy: 85.19%/77.36% | Precision: 85.00%/76.20% | Recall: 85.91%/77.80% | F1: 85.06%/76.52% | Time: fit=018s, train=003s, test=001s, total=022s
Epoch  79: Train%/Test% | Accuracy: 87.80%/81.13% | Precision: 87.37%/79.68% | Recall: 87.80%/79.98% | F1: 87.55%/79.82% | Time: fit=018s, train=003s, test=001s, total=022s
Epoch  80: Train%/Test% | Accuracy: 86.61%/81.60% | Precision: 86.41%/80.44% | Recall: 86.00%/79.55% | F1: 86.18%/79.94% | Time: fit=018s, train=003s, test=001s, total=022s
Epoch  81: Train%/Test% | Accuracy: 86.37%/80.66% | Precision: 86.08%/79.66% | Recall: 85.87%/78.00% | F1: 85.97%/78.65% | Time: fit=018s, train=003s, test=001s, total=022s
Epoch  82: Train%/Test% | Accuracy: 85.78%/79.72% | Precision: 85.46%/78.46% | Recall: 85.29%/77.26% | F1: 85.37%/77.75% | Time: fit=018s, train=003s, test=001s, total=022s
Epoch  83: Train%/Test% | Accuracy: 85.55%/80.66% | Precision: 85.29%/79.66% | Recall: 84.92%/78.00% | F1: 85.09%/78.65% | Time: fit=018s, train=003s, test=001s, total=022s
Epoch  84: Train%/Test% | Accuracy: 86.37%/79.25% | Precision: 85.93%/77.73% | Recall: 86.27%/77.42% | F1: 86.08%/77.57% | Time: fit=018s, train=003s, test=001s, total=022s
Epoch  85: Train%/Test% | Accuracy: 86.97%/80.19% | Precision: 86.53%/78.70% | Recall: 86.89%/78.70% | F1: 86.69%/78.70% | Time: fit=018s, train=003s, test=001s, total=022s
Epoch  86: Train%/Test% | Accuracy: 87.68%/79.72% | Precision: 87.24%/78.17% | Recall: 87.86%/78.60% | F1: 87.46%/78.36% | Time: fit=018s, train=003s, test=001s, total=022s
Epoch  87: Train%/Test% | Accuracy: 86.85%/78.77% | Precision: 86.48%/77.36% | Recall: 87.30%/78.65% | F1: 86.68%/77.77% | Time: fit=018s, train=003s, test=001s, total=022s
Epoch  88: Train%/Test% | Accuracy: 86.02%/80.66% | Precision: 85.87%/79.52% | Recall: 85.29%/78.27% | F1: 85.54%/78.79% | Time: fit=018s, train=003s, test=001s, total=022s
Epoch  89: Train%/Test% | Accuracy: 86.61%/80.66% | Precision: 86.41%/79.40% | Recall: 86.00%/78.54% | F1: 86.18%/78.91% | Time: fit=018s, train=003s, test=001s, total=022s
Epoch  90: Train%/Test% | Accuracy: 87.32%/79.25% | Precision: 86.89%/77.67% | Recall: 87.32%/77.96% | F1: 87.07%/77.81% | Time: fit=018s, train=003s, test=001s, total=022s
Epoch  91: Train%/Test% | Accuracy: 87.44%/79.25% | Precision: 87.00%/77.67% | Recall: 87.58%/78.22% | F1: 87.22%/77.92% | Time: fit=018s, train=003s, test=001s, total=022s
Epoch  92: Train%/Test% | Accuracy: 87.20%/80.19% | Precision: 86.77%/78.67% | Recall: 87.18%/78.97% | F1: 86.94%/78.81% | Time: fit=018s, train=003s, test=001s, total=022s
Epoch  93: Train%/Test% | Accuracy: 88.03%/80.19% | Precision: 87.61%/78.68% | Recall: 88.28%/79.51% | F1: 87.84%/79.02% | Time: fit=018s, train=003s, test=001s, total=022s
Epoch  94: Train%/Test% | Accuracy: 86.26%/79.25% | Precision: 85.91%/77.69% | Recall: 85.85%/77.69% | F1: 85.88%/77.69% | Time: fit=018s, train=003s, test=001s, total=022s
Epoch  95: Train%/Test% | Accuracy: 86.49%/79.25% | Precision: 86.22%/77.69% | Recall: 85.98%/77.69% | F1: 86.09%/77.69% | Time: fit=018s, train=003s, test=001s, total=022s
Epoch  96: Train%/Test% | Accuracy: 86.61%/80.19% | Precision: 86.30%/78.70% | Recall: 86.16%/78.70% | F1: 86.23%/78.70% | Time: fit=018s, train=003s, test=001s, total=022s
Epoch  97: Train%/Test% | Accuracy: 85.66%/80.66% | Precision: 85.40%/79.30% | Recall: 85.07%/78.81% | F1: 85.21%/79.04% | Time: fit=018s, train=003s, test=001s, total=022s
Epoch  98: Train%/Test% | Accuracy: 87.44%/80.19% | Precision: 87.09%/78.83% | Recall: 87.15%/78.17% | F1: 87.12%/78.46% | Time: fit=018s, train=003s, test=001s, total=022s
Epoch  99: Train%/Test% | Accuracy: 87.32%/79.72% | Precision: 86.98%/78.27% | Recall: 87.00%/77.79% | F1: 86.99%/78.01% | Time: fit=018s, train=003s, test=001s, total=022s
Epoch 100: Train%/Test% | Accuracy: 87.68%/81.13% | Precision: 87.37%/79.87% | Recall: 87.31%/79.18% | F1: 87.34%/79.49% | Time: fit=018s, train=004s, test=001s, total=022s
Epoch 101: Train%/Test% | Accuracy: 87.44%/80.66% | Precision: 87.09%/79.30% | Recall: 87.15%/78.81% | F1: 87.12%/79.04% | Time: fit=018s, train=003s, test=001s, total=022s
Epoch 102: Train%/Test% | Accuracy: 86.26%/81.13% | Precision: 86.08%/80.12% | Recall: 85.58%/78.65% | F1: 85.80%/79.24% | Time: fit=018s, train=003s, test=001s, total=022s
Epoch 103: Train%/Test% | Accuracy: 87.80%/79.25% | Precision: 87.37%/77.67% | Recall: 88.00%/78.22% | F1: 87.59%/77.92% | Time: fit=018s, train=003s, test=001s, total=022s
Epoch 104: Train%/Test% | Accuracy: 86.02%/76.42% | Precision: 85.79%/74.99% | Recall: 86.70%/76.25% | F1: 85.89%/75.35% | Time: fit=018s, train=003s, test=001s, total=022s
Epoch 105: Train%/Test% | Accuracy: 86.02%/76.42% | Precision: 85.82%/74.89% | Recall: 86.74%/75.99% | F1: 85.89%/75.25% | Time: fit=018s, train=003s, test=001s, total=022s
Epoch 106: Train%/Test% | Accuracy: 88.51%/80.19% | Precision: 88.14%/78.70% | Recall: 88.34%/78.70% | F1: 88.23%/78.70% | Time: fit=018s, train=003s, test=001s, total=022s
Epoch 107: Train%/Test% | Accuracy: 87.56%/81.13% | Precision: 87.28%/79.87% | Recall: 87.13%/79.18% | F1: 87.20%/79.49% | Time: fit=018s, train=003s, test=001s, total=022s
Epoch 108: Train%/Test% | Accuracy: 87.32%/77.83% | Precision: 86.93%/76.31% | Recall: 87.71%/77.37% | F1: 87.15%/76.68% | Time: fit=018s, train=003s, test=001s, total=022s
Epoch 109: Train%/Test% | Accuracy: 86.49%/76.42% | Precision: 86.22%/74.89% | Recall: 87.11%/75.99% | F1: 86.35%/75.25% | Time: fit=018s, train=003s, test=001s, total=022s
Epoch 110: Train%/Test% | Accuracy: 87.91%/78.30% | Precision: 87.55%/76.76% | Recall: 88.38%/77.75% | F1: 87.76%/77.13% | Time: fit=018s, train=003s, test=001s, total=022s
Epoch 111: Train%/Test% | Accuracy: 84.95%/75.94% | Precision: 84.97%/75.18% | Recall: 85.90%/76.95% | F1: 84.86%/75.27% | Time: fit=018s, train=003s, test=001s, total=022s
Epoch 112: Train%/Test% | Accuracy: 85.55%/76.42% | Precision: 85.58%/75.75% | Recall: 86.53%/77.59% | F1: 85.46%/75.79% | Time: fit=018s, train=003s, test=001s, total=022s
Epoch 113: Train%/Test% | Accuracy: 85.31%/75.00% | Precision: 85.35%/74.43% | Recall: 86.29%/76.21% | F1: 85.22%/74.38% | Time: fit=018s, train=003s, test=001s, total=022s
Epoch 114: Train%/Test% | Accuracy: 86.97%/77.36% | Precision: 86.59%/75.78% | Recall: 87.40%/76.73% | F1: 86.80%/76.14% | Time: fit=018s, train=003s, test=001s, total=022s
Epoch 115: Train%/Test% | Accuracy: 87.44%/77.36% | Precision: 87.07%/75.78% | Recall: 87.89%/76.73% | F1: 87.28%/76.14% | Time: fit=018s, train=003s, test=001s, total=022s
Epoch 116: Train%/Test% | Accuracy: 87.68%/77.83% | Precision: 87.27%/76.20% | Recall: 88.02%/76.84% | F1: 87.50%/76.47% | Time: fit=018s, train=003s, test=001s, total=022s
Epoch 117: Train%/Test% | Accuracy: 87.09%/78.30% | Precision: 86.72%/76.71% | Recall: 87.54%/77.48% | F1: 86.92%/77.02% | Time: fit=018s, train=003s, test=001s, total=022s
Epoch 118: Train%/Test% | Accuracy: 86.49%/79.72% | Precision: 86.05%/78.22% | Recall: 86.41%/78.06% | F1: 86.20%/78.14% | Time: fit=018s, train=003s, test=001s, total=022s
Epoch 119: Train%/Test% | Accuracy: 87.32%/78.30% | Precision: 87.01%/76.76% | Recall: 87.91%/77.75% | F1: 87.18%/77.13% | Time: fit=018s, train=003s, test=001s, total=022s
Epoch 120: Train%/Test% | Accuracy: 87.56%/77.36% | Precision: 87.23%/75.86% | Recall: 88.11%/77.00% | F1: 87.41%/76.24% | Time: fit=018s, train=004s, test=001s, total=022s
Epoch 121: Train%/Test% | Accuracy: 87.20%/77.36% | Precision: 86.90%/75.96% | Recall: 87.80%/77.27% | F1: 87.06%/76.34% | Time: fit=018s, train=003s, test=001s, total=022s
Epoch 122: Train%/Test% | Accuracy: 88.03%/76.89% | Precision: 87.71%/75.42% | Recall: 88.60%/76.63% | F1: 87.89%/75.80% | Time: fit=018s, train=003s, test=001s, total=022s
Epoch 123: Train%/Test% | Accuracy: 86.37%/75.47% | Precision: 86.36%/74.44% | Recall: 87.32%/76.04% | F1: 86.28%/74.66% | Time: fit=018s, train=003s, test=001s, total=022s
Epoch 124: Train%/Test% | Accuracy: 85.78%/75.94% | Precision: 85.71%/75.00% | Recall: 86.66%/76.68% | F1: 85.68%/75.19% | Time: fit=018s, train=003s, test=001s, total=022s
Epoch 125: Train%/Test% | Accuracy: 86.49%/75.47% | Precision: 86.32%/74.44% | Recall: 87.27%/76.04% | F1: 86.38%/74.66% | Time: fit=018s, train=003s, test=001s, total=022s
Epoch 126: Train%/Test% | Accuracy: 88.39%/79.25% | Precision: 87.97%/77.70% | Recall: 88.63%/78.49% | F1: 88.20%/78.02% | Time: fit=018s, train=003s, test=001s, total=022s
Epoch 127: Train%/Test% | Accuracy: 87.20%/77.83% | Precision: 86.80%/76.24% | Recall: 87.57%/77.10% | F1: 87.02%/76.58% | Time: fit=018s, train=003s, test=001s, total=022s
Epoch 128: Train%/Test% | Accuracy: 88.39%/77.36% | Precision: 87.98%/75.73% | Recall: 88.71%/76.46% | F1: 88.21%/76.02% | Time: fit=018s, train=003s, test=001s, total=022s
Epoch 129: Train%/Test% | Accuracy: 86.97%/80.66% | Precision: 87.10%/79.52% | Recall: 86.03%/78.27% | F1: 86.44%/78.79% | Time: fit=018s, train=003s, test=001s, total=022s
Epoch 130: Train%/Test% | Accuracy: 89.22%/79.25% | Precision: 88.81%/77.67% | Recall: 89.26%/78.22% | F1: 89.00%/77.92% | Time: fit=018s, train=003s, test=001s, total=022s
Epoch 131: Train%/Test% | Accuracy: 88.51%/80.19% | Precision: 88.26%/78.83% | Recall: 88.10%/78.17% | F1: 88.18%/78.46% | Time: fit=018s, train=003s, test=001s, total=022s
Epoch 132: Train%/Test% | Accuracy: 88.27%/80.19% | Precision: 88.01%/78.83% | Recall: 87.86%/78.17% | F1: 87.93%/78.46% | Time: fit=018s, train=003s, test=001s, total=022s
Epoch 133: Train%/Test% | Accuracy: 88.39%/80.19% | Precision: 88.08%/78.83% | Recall: 88.08%/78.17% | F1: 88.08%/78.46% | Time: fit=018s, train=003s, test=001s, total=022s
Epoch 134: Train%/Test% | Accuracy: 87.20%/75.47% | Precision: 86.86%/74.03% | Recall: 87.73%/75.24% | F1: 87.05%/74.37% | Time: fit=018s, train=003s, test=001s, total=022s
Epoch 135: Train%/Test% | Accuracy: 88.74%/81.60% | Precision: 88.41%/80.34% | Recall: 88.50%/79.82% | F1: 88.46%/80.06% | Time: fit=018s, train=003s, test=001s, total=022s
Epoch 136: Train%/Test% | Accuracy: 87.68%/81.60% | Precision: 87.31%/80.44% | Recall: 87.43%/79.55% | F1: 87.37%/79.94% | Time: fit=018s, train=003s, test=001s, total=022s
Epoch 137: Train%/Test% | Accuracy: 87.44%/82.08% | Precision: 87.11%/81.19% | Recall: 87.11%/79.66% | F1: 87.11%/80.28% | Time: fit=018s, train=003s, test=001s, total=022s
Epoch 138: Train%/Test% | Accuracy: 87.91%/80.66% | Precision: 87.56%/79.40% | Recall: 87.67%/78.54% | F1: 87.61%/78.91% | Time: fit=018s, train=003s, test=001s, total=022s
Epoch 139: Train%/Test% | Accuracy: 88.15%/80.66% | Precision: 87.77%/79.30% | Recall: 87.99%/78.81% | F1: 87.87%/79.04% | Time: fit=018s, train=003s, test=001s, total=022s
Epoch 140: Train%/Test% | Accuracy: 88.39%/81.60% | Precision: 88.10%/80.58% | Recall: 88.04%/79.29% | F1: 88.07%/79.82% | Time: fit=018s, train=003s, test=001s, total=022s
Epoch 141: Train%/Test% | Accuracy: 88.15%/80.19% | Precision: 87.80%/78.83% | Recall: 87.91%/78.17% | F1: 87.85%/78.46% | Time: fit=018s, train=003s, test=001s, total=022s
Epoch 142: Train%/Test% | Accuracy: 88.74%/79.72% | Precision: 88.32%/78.18% | Recall: 88.93%/78.87% | F1: 88.55%/78.47% | Time: fit=018s, train=003s, test=001s, total=022s
Epoch 143: Train%/Test% | Accuracy: 88.74%/79.72% | Precision: 88.33%/78.18% | Recall: 89.01%/78.87% | F1: 88.56%/78.47% | Time: fit=018s, train=003s, test=001s, total=022s
Epoch 144: Train%/Test% | Accuracy: 88.74%/79.25% | Precision: 88.34%/77.67% | Recall: 89.09%/78.22% | F1: 88.57%/77.92% | Time: fit=018s, train=004s, test=001s, total=022s
Epoch 145: Train%/Test% | Accuracy: 88.74%/80.66% | Precision: 88.32%/79.19% | Recall: 88.93%/79.34% | F1: 88.55%/79.26% | Time: fit=018s, train=003s, test=001s, total=022s
Epoch 146: Train%/Test% | Accuracy: 88.98%/79.25% | Precision: 88.56%/77.69% | Recall: 89.14%/77.69% | F1: 88.78%/77.69% | Time: fit=018s, train=004s, test=001s, total=022s
Epoch 147: Train%/Test% | Accuracy: 88.27%/78.30% | Precision: 87.84%/76.67% | Recall: 88.45%/76.94% | F1: 88.06%/76.80% | Time: fit=018s, train=004s, test=001s, total=022s
Epoch 148: Train%/Test% | Accuracy: 88.27%/79.72% | Precision: 87.85%/78.17% | Recall: 88.53%/78.60% | F1: 88.08%/78.36% | Time: fit=018s, train=003s, test=001s, total=022s
Epoch 149: Train%/Test% | Accuracy: 87.68%/78.30% | Precision: 87.29%/76.71% | Recall: 88.09%/77.48% | F1: 87.51%/77.02% | Time: fit=018s, train=003s, test=001s, total=022s
Epoch 150: Train%/Test% | Accuracy: 87.56%/78.77% | Precision: 87.18%/77.19% | Recall: 87.99%/77.85% | F1: 87.39%/77.47% | Time: fit=016s, train=003s, test=001s, total=019s
