[*] Load dataset...
[*] Fix malformed data...
[*] Split...
[*] Encoding...
[*] -> domain...
pipeline.py:185: SettingWithCopyWarning: 
A value is trying to be set on a copy of a slice from a DataFrame.
Try using .loc[row_indexer,col_indexer] = value instead

See the caveats in the documentation: https://pandas.pydata.org/pandas-docs/stable/user_guide/indexing.html#returning-a-view-versus-a-copy
  train_df['domain'] = train_df['url'].apply(extract_domain)
pipeline.py:186: SettingWithCopyWarning: 
A value is trying to be set on a copy of a slice from a DataFrame.
Try using .loc[row_indexer,col_indexer] = value instead

See the caveats in the documentation: https://pandas.pydata.org/pandas-docs/stable/user_guide/indexing.html#returning-a-view-versus-a-copy
  test_df['domain'] = test_df['url'].apply(extract_domain)
[*] Encoding complete!
==============================
Using GPU for training
Dataset: FakeNewsNet-politifact
TMU params: num-clauses=5000, T=50, s=5.0
Epochs: 150
Feature(s): domain
max-vocab=15000, max-domain=500, max-tweet=500
====================
Train size: 844
Train classes: 2
Test size: 212
Test classes: 2
Total features: 318
==============================
[*] Training for 150 epochs...
*** compiler output in /tmp/tmpzawi6ttk
*** compiler output in /tmp/tmpp2d2giz8
Epoch   1: Train%/Test% | Accuracy: 63.39%/62.26% | Precision: 62.75%/63.05% | Recall: 62.98%/63.99% | F1: 62.79%/61.85% | Time: fit=021s, train=003s, test=001s, total=025s
Epoch   2: Train%/Test% | Accuracy: 63.15%/57.55% | Precision: 66.08%/67.72% | Recall: 65.52%/64.81% | F1: 63.09%/57.09% | Time: fit=017s, train=003s, test=001s, total=021s
Epoch   3: Train%/Test% | Accuracy: 69.79%/66.98% | Precision: 68.94%/66.98% | Recall: 68.73%/68.25% | F1: 68.81%/66.39% | Time: fit=017s, train=003s, test=001s, total=021s
Epoch   4: Train%/Test% | Accuracy: 70.62%/70.28% | Precision: 69.89%/69.50% | Recall: 68.93%/70.87% | F1: 69.18%/69.45% | Time: fit=017s, train=003s, test=001s, total=021s
Epoch   5: Train%/Test% | Accuracy: 70.97%/71.23% | Precision: 70.64%/69.91% | Recall: 68.69%/71.08% | F1: 69.00%/70.11% | Time: fit=017s, train=003s, test=001s, total=021s
Epoch   6: Train%/Test% | Accuracy: 72.16%/74.06% | Precision: 71.84%/73.10% | Recall: 70.06%/74.66% | F1: 70.41%/73.24% | Time: fit=017s, train=003s, test=001s, total=021s
Epoch   7: Train%/Test% | Accuracy: 72.16%/72.64% | Precision: 72.19%/71.59% | Recall: 69.71%/73.00% | F1: 70.07%/71.73% | Time: fit=017s, train=003s, test=001s, total=021s
Epoch   8: Train%/Test% | Accuracy: 71.33%/71.70% | Precision: 71.21%/70.47% | Recall: 68.88%/71.72% | F1: 69.20%/70.65% | Time: fit=017s, train=003s, test=001s, total=021s
Epoch   9: Train%/Test% | Accuracy: 72.75%/72.64% | Precision: 72.90%/71.77% | Recall: 70.30%/73.27% | F1: 70.68%/71.83% | Time: fit=017s, train=003s, test=001s, total=021s
Epoch  10: Train%/Test% | Accuracy: 73.34%/74.06% | Precision: 73.51%/73.10% | Recall: 70.96%/74.66% | F1: 71.38%/73.24% | Time: fit=017s, train=003s, test=001s, total=021s
Epoch  11: Train%/Test% | Accuracy: 74.76%/73.58% | Precision: 74.56%/73.12% | Recall: 72.93%/74.82% | F1: 73.34%/72.97% | Time: fit=017s, train=003s, test=001s, total=021s
Epoch  12: Train%/Test% | Accuracy: 74.76%/72.64% | Precision: 74.35%/72.17% | Recall: 73.21%/73.80% | F1: 73.55%/72.00% | Time: fit=017s, train=003s, test=001s, total=021s
Epoch  13: Train%/Test% | Accuracy: 75.00%/74.06% | Precision: 74.69%/73.70% | Recall: 73.33%/75.46% | F1: 73.71%/73.49% | Time: fit=016s, train=003s, test=001s, total=021s
Epoch  14: Train%/Test% | Accuracy: 76.18%/74.53% | Precision: 75.83%/73.86% | Recall: 74.75%/75.56% | F1: 75.09%/73.86% | Time: fit=016s, train=003s, test=001s, total=021s
Epoch  15: Train%/Test% | Accuracy: 77.49%/74.06% | Precision: 77.06%/73.29% | Recall: 76.34%/74.92% | F1: 76.60%/73.33% | Time: fit=017s, train=003s, test=001s, total=021s
Epoch  16: Train%/Test% | Accuracy: 75.95%/72.17% | Precision: 75.41%/71.81% | Recall: 74.82%/73.43% | F1: 75.04%/71.56% | Time: fit=016s, train=003s, test=001s, total=021s
Epoch  17: Train%/Test% | Accuracy: 75.36%/71.70% | Precision: 74.95%/71.02% | Recall: 73.88%/72.52% | F1: 74.21%/70.95% | Time: fit=016s, train=003s, test=001s, total=020s
Epoch  18: Train%/Test% | Accuracy: 75.12%/74.53% | Precision: 74.84%/74.06% | Recall: 73.44%/75.83% | F1: 73.82%/73.93% | Time: fit=016s, train=003s, test=001s, total=021s
Epoch  19: Train%/Test% | Accuracy: 76.42%/73.58% | Precision: 75.98%/73.12% | Recall: 75.15%/74.82% | F1: 75.44%/72.97% | Time: fit=016s, train=003s, test=001s, total=020s
Epoch  20: Train%/Test% | Accuracy: 76.90%/74.06% | Precision: 76.72%/73.49% | Recall: 75.32%/75.19% | F1: 75.73%/73.41% | Time: fit=016s, train=003s, test=001s, total=021s
Epoch  21: Train%/Test% | Accuracy: 78.32%/73.11% | Precision: 77.99%/72.54% | Recall: 77.09%/74.18% | F1: 77.41%/72.45% | Time: fit=016s, train=003s, test=001s, total=020s
Epoch  22: Train%/Test% | Accuracy: 77.84%/74.06% | Precision: 77.54%/73.70% | Recall: 76.53%/75.46% | F1: 76.87%/73.49% | Time: fit=016s, train=003s, test=001s, total=020s
Epoch  23: Train%/Test% | Accuracy: 78.32%/73.11% | Precision: 78.08%/72.34% | Recall: 76.98%/73.91% | F1: 77.34%/72.36% | Time: fit=016s, train=003s, test=001s, total=021s
Epoch  24: Train%/Test% | Accuracy: 77.73%/73.58% | Precision: 77.53%/73.12% | Recall: 76.27%/74.82% | F1: 76.66%/72.97% | Time: fit=016s, train=003s, test=001s, total=021s
Epoch  25: Train%/Test% | Accuracy: 79.15%/75.47% | Precision: 78.98%/74.62% | Recall: 77.81%/76.31% | F1: 78.20%/74.74% | Time: fit=016s, train=003s, test=001s, total=020s
Epoch  26: Train%/Test% | Accuracy: 78.91%/74.53% | Precision: 78.53%/74.06% | Recall: 77.84%/75.83% | F1: 78.10%/73.93% | Time: fit=016s, train=003s, test=001s, total=020s
Epoch  27: Train%/Test% | Accuracy: 79.86%/76.42% | Precision: 79.50%/75.75% | Recall: 78.85%/77.59% | F1: 79.11%/75.79% | Time: fit=016s, train=003s, test=001s, total=021s
Epoch  28: Train%/Test% | Accuracy: 80.69%/75.94% | Precision: 80.24%/75.18% | Recall: 79.96%/76.95% | F1: 80.08%/75.27% | Time: fit=016s, train=003s, test=001s, total=020s
Epoch  29: Train%/Test% | Accuracy: 80.57%/75.94% | Precision: 80.18%/75.18% | Recall: 79.70%/76.95% | F1: 79.90%/75.27% | Time: fit=016s, train=003s, test=001s, total=020s
Epoch  30: Train%/Test% | Accuracy: 80.21%/75.47% | Precision: 79.76%/74.80% | Recall: 79.43%/76.58% | F1: 79.58%/74.82% | Time: fit=016s, train=003s, test=001s, total=021s
Epoch  31: Train%/Test% | Accuracy: 79.86%/75.47% | Precision: 79.55%/75.01% | Recall: 78.77%/76.85% | F1: 79.07%/74.90% | Time: fit=016s, train=003s, test=001s, total=020s
Epoch  32: Train%/Test% | Accuracy: 79.50%/76.42% | Precision: 79.22%/75.75% | Recall: 78.35%/77.59% | F1: 78.67%/75.79% | Time: fit=016s, train=003s, test=001s, total=020s
Epoch  33: Train%/Test% | Accuracy: 79.86%/76.42% | Precision: 79.71%/75.75% | Recall: 78.58%/77.59% | F1: 78.96%/75.79% | Time: fit=016s, train=003s, test=001s, total=020s
Epoch  34: Train%/Test% | Accuracy: 78.55%/75.94% | Precision: 78.51%/75.18% | Recall: 77.02%/76.95% | F1: 77.47%/75.27% | Time: fit=016s, train=003s, test=001s, total=020s
Epoch  35: Train%/Test% | Accuracy: 79.27%/75.94% | Precision: 78.94%/75.18% | Recall: 78.14%/76.95% | F1: 78.44%/75.27% | Time: fit=016s, train=003s, test=001s, total=020s
Epoch  36: Train%/Test% | Accuracy: 78.91%/75.94% | Precision: 78.45%/75.38% | Recall: 77.99%/77.22% | F1: 78.18%/75.35% | Time: fit=016s, train=003s, test=001s, total=020s
Epoch  37: Train%/Test% | Accuracy: 78.91%/75.47% | Precision: 78.45%/75.01% | Recall: 77.99%/76.85% | F1: 78.18%/74.90% | Time: fit=016s, train=003s, test=001s, total=020s
Epoch  38: Train%/Test% | Accuracy: 79.86%/75.47% | Precision: 79.40%/75.01% | Recall: 79.05%/76.85% | F1: 79.20%/74.90% | Time: fit=016s, train=003s, test=001s, total=020s
Epoch  39: Train%/Test% | Accuracy: 79.27%/76.89% | Precision: 79.00%/76.13% | Recall: 78.07%/77.97% | F1: 78.40%/76.24% | Time: fit=016s, train=003s, test=001s, total=020s
Epoch  40: Train%/Test% | Accuracy: 77.84%/76.42% | Precision: 77.60%/75.56% | Recall: 76.45%/77.32% | F1: 76.82%/75.71% | Time: fit=016s, train=003s, test=001s, total=020s
Epoch  41: Train%/Test% | Accuracy: 79.03%/76.42% | Precision: 78.72%/75.75% | Recall: 77.86%/77.59% | F1: 78.17%/75.79% | Time: fit=016s, train=003s, test=001s, total=020s
Epoch  42: Train%/Test% | Accuracy: 79.38%/76.42% | Precision: 79.17%/75.56% | Recall: 78.13%/77.32% | F1: 78.49%/75.71% | Time: fit=016s, train=003s, test=001s, total=020s
Epoch  43: Train%/Test% | Accuracy: 79.98%/76.89% | Precision: 79.59%/76.13% | Recall: 79.03%/77.97% | F1: 79.26%/76.24% | Time: fit=016s, train=003s, test=001s, total=020s
Epoch  44: Train%/Test% | Accuracy: 79.62%/77.36% | Precision: 79.42%/76.51% | Recall: 78.37%/78.34% | F1: 78.74%/76.69% | Time: fit=016s, train=003s, test=001s, total=020s
Epoch  45: Train%/Test% | Accuracy: 80.45%/76.42% | Precision: 80.09%/75.75% | Recall: 79.52%/77.59% | F1: 79.75%/75.79% | Time: fit=016s, train=003s, test=001s, total=020s
Epoch  46: Train%/Test% | Accuracy: 80.33%/75.47% | Precision: 79.95%/74.80% | Recall: 79.42%/76.58% | F1: 79.64%/74.82% | Time: fit=016s, train=003s, test=001s, total=020s
Epoch  47: Train%/Test% | Accuracy: 80.45%/75.00% | Precision: 80.05%/74.43% | Recall: 79.60%/76.21% | F1: 79.79%/74.38% | Time: fit=016s, train=003s, test=001s, total=020s
Epoch  48: Train%/Test% | Accuracy: 79.98%/75.94% | Precision: 79.72%/75.18% | Recall: 78.83%/76.95% | F1: 79.16%/75.27% | Time: fit=016s, train=003s, test=001s, total=020s
Epoch  49: Train%/Test% | Accuracy: 81.16%/75.94% | Precision: 80.89%/75.38% | Recall: 80.17%/77.22% | F1: 80.45%/75.35% | Time: fit=016s, train=003s, test=001s, total=020s
Epoch  50: Train%/Test% | Accuracy: 80.92%/75.47% | Precision: 80.59%/74.80% | Recall: 80.00%/76.58% | F1: 80.24%/74.82% | Time: fit=016s, train=003s, test=001s, total=020s
Epoch  51: Train%/Test% | Accuracy: 80.09%/75.94% | Precision: 79.83%/75.18% | Recall: 78.98%/76.95% | F1: 79.29%/75.27% | Time: fit=016s, train=003s, test=001s, total=021s
Epoch  52: Train%/Test% | Accuracy: 81.52%/75.47% | Precision: 81.19%/74.80% | Recall: 80.63%/76.58% | F1: 80.86%/74.82% | Time: fit=016s, train=003s, test=001s, total=020s
Epoch  53: Train%/Test% | Accuracy: 80.69%/75.47% | Precision: 80.61%/74.80% | Recall: 79.41%/76.58% | F1: 79.82%/74.82% | Time: fit=016s, train=003s, test=001s, total=020s
Epoch  54: Train%/Test% | Accuracy: 80.33%/75.94% | Precision: 80.25%/75.18% | Recall: 79.02%/76.95% | F1: 79.44%/75.27% | Time: fit=016s, train=003s, test=001s, total=020s
Epoch  55: Train%/Test% | Accuracy: 80.45%/75.94% | Precision: 80.57%/75.18% | Recall: 78.97%/76.95% | F1: 79.46%/75.27% | Time: fit=016s, train=003s, test=001s, total=020s
Epoch  56: Train%/Test% | Accuracy: 81.28%/75.47% | Precision: 81.31%/75.01% | Recall: 79.96%/76.85% | F1: 80.41%/74.90% | Time: fit=016s, train=003s, test=001s, total=020s
Epoch  57: Train%/Test% | Accuracy: 80.81%/75.94% | Precision: 80.65%/75.18% | Recall: 79.63%/76.95% | F1: 79.99%/75.27% | Time: fit=016s, train=003s, test=001s, total=021s
Epoch  58: Train%/Test% | Accuracy: 80.45%/75.47% | Precision: 80.36%/74.62% | Recall: 79.16%/76.31% | F1: 79.57%/74.74% | Time: fit=016s, train=003s, test=001s, total=020s
Epoch  59: Train%/Test% | Accuracy: 80.69%/75.94% | Precision: 80.44%/75.18% | Recall: 79.60%/76.95% | F1: 79.92%/75.27% | Time: fit=016s, train=003s, test=001s, total=020s
Epoch  60: Train%/Test% | Accuracy: 81.28%/75.94% | Precision: 81.02%/75.18% | Recall: 80.27%/76.95% | F1: 80.56%/75.27% | Time: fit=016s, train=003s, test=001s, total=020s
Epoch  61: Train%/Test% | Accuracy: 81.40%/76.42% | Precision: 81.11%/75.75% | Recall: 80.45%/77.59% | F1: 80.71%/75.79% | Time: fit=016s, train=003s, test=001s, total=020s
Epoch  62: Train%/Test% | Accuracy: 81.75%/76.42% | Precision: 81.42%/75.75% | Recall: 80.91%/77.59% | F1: 81.13%/75.79% | Time: fit=016s, train=003s, test=001s, total=020s
Epoch  63: Train%/Test% | Accuracy: 81.99%/76.42% | Precision: 81.66%/75.75% | Recall: 81.16%/77.59% | F1: 81.37%/75.79% | Time: fit=016s, train=003s, test=001s, total=020s
Epoch  64: Train%/Test% | Accuracy: 81.75%/75.94% | Precision: 81.59%/75.18% | Recall: 80.68%/76.95% | F1: 81.02%/75.27% | Time: fit=016s, train=003s, test=001s, total=020s
Epoch  65: Train%/Test% | Accuracy: 81.87%/76.42% | Precision: 81.69%/75.75% | Recall: 80.82%/77.59% | F1: 81.15%/75.79% | Time: fit=016s, train=003s, test=001s, total=020s
Epoch  66: Train%/Test% | Accuracy: 81.87%/76.42% | Precision: 81.66%/75.75% | Recall: 80.86%/77.59% | F1: 81.17%/75.79% | Time: fit=016s, train=003s, test=001s, total=020s
Epoch  67: Train%/Test% | Accuracy: 81.52%/75.94% | Precision: 81.40%/75.18% | Recall: 80.36%/76.95% | F1: 80.73%/75.27% | Time: fit=016s, train=003s, test=001s, total=020s
Epoch  68: Train%/Test% | Accuracy: 80.92%/74.53% | Precision: 80.73%/74.06% | Recall: 79.81%/75.83% | F1: 80.15%/73.93% | Time: fit=016s, train=003s, test=001s, total=020s
Epoch  69: Train%/Test% | Accuracy: 81.28%/75.47% | Precision: 81.27%/74.62% | Recall: 80.00%/76.31% | F1: 80.43%/74.74% | Time: fit=016s, train=003s, test=001s, total=020s
Epoch  70: Train%/Test% | Accuracy: 81.28%/75.47% | Precision: 81.02%/74.80% | Recall: 80.27%/76.58% | F1: 80.56%/74.82% | Time: fit=016s, train=003s, test=001s, total=020s
Epoch  71: Train%/Test% | Accuracy: 81.28%/74.06% | Precision: 81.00%/73.70% | Recall: 80.31%/75.46% | F1: 80.58%/73.49% | Time: fit=016s, train=003s, test=001s, total=020s
Epoch  72: Train%/Test% | Accuracy: 82.23%/75.47% | Precision: 82.02%/74.80% | Recall: 81.24%/76.58% | F1: 81.55%/74.82% | Time: fit=016s, train=003s, test=001s, total=020s
Epoch  73: Train%/Test% | Accuracy: 82.82%/75.94% | Precision: 82.63%/75.18% | Recall: 81.87%/76.95% | F1: 82.17%/75.27% | Time: fit=016s, train=003s, test=001s, total=020s
Epoch  74: Train%/Test% | Accuracy: 82.46%/75.94% | Precision: 82.30%/75.18% | Recall: 81.45%/76.95% | F1: 81.78%/75.27% | Time: fit=016s, train=003s, test=001s, total=020s
Epoch  75: Train%/Test% | Accuracy: 82.46%/75.94% | Precision: 82.30%/75.18% | Recall: 81.45%/76.95% | F1: 81.78%/75.27% | Time: fit=016s, train=003s, test=001s, total=020s
Epoch  76: Train%/Test% | Accuracy: 82.58%/76.42% | Precision: 82.68%/75.56% | Recall: 81.32%/77.32% | F1: 81.78%/75.71% | Time: fit=016s, train=003s, test=001s, total=020s
Epoch  77: Train%/Test% | Accuracy: 82.70%/76.42% | Precision: 82.83%/75.56% | Recall: 81.42%/77.32% | F1: 81.90%/75.71% | Time: fit=016s, train=003s, test=001s, total=020s
Epoch  78: Train%/Test% | Accuracy: 82.70%/75.94% | Precision: 82.74%/75.00% | Recall: 81.50%/76.68% | F1: 81.93%/75.19% | Time: fit=016s, train=003s, test=001s, total=020s
Epoch  79: Train%/Test% | Accuracy: 82.58%/76.42% | Precision: 82.56%/75.56% | Recall: 81.43%/77.32% | F1: 81.84%/75.71% | Time: fit=016s, train=003s, test=001s, total=020s
Epoch  80: Train%/Test% | Accuracy: 83.41%/76.42% | Precision: 83.30%/75.56% | Recall: 82.42%/77.32% | F1: 82.76%/75.71% | Time: fit=016s, train=003s, test=001s, total=020s
Epoch  81: Train%/Test% | Accuracy: 83.41%/76.42% | Precision: 83.24%/75.56% | Recall: 82.50%/77.32% | F1: 82.79%/75.71% | Time: fit=016s, train=003s, test=001s, total=020s
Epoch  82: Train%/Test% | Accuracy: 83.53%/76.42% | Precision: 83.45%/75.56% | Recall: 82.52%/77.32% | F1: 82.88%/75.71% | Time: fit=016s, train=003s, test=001s, total=020s
Epoch  83: Train%/Test% | Accuracy: 82.82%/76.42% | Precision: 82.52%/75.75% | Recall: 82.03%/77.59% | F1: 82.24%/75.79% | Time: fit=016s, train=003s, test=001s, total=020s
Epoch  84: Train%/Test% | Accuracy: 82.82%/76.42% | Precision: 82.60%/75.75% | Recall: 81.91%/77.59% | F1: 82.19%/75.79% | Time: fit=016s, train=003s, test=001s, total=020s
Epoch  85: Train%/Test% | Accuracy: 82.82%/76.89% | Precision: 82.85%/76.13% | Recall: 81.64%/77.97% | F1: 82.07%/76.24% | Time: fit=016s, train=003s, test=001s, total=020s
Epoch  86: Train%/Test% | Accuracy: 83.18%/76.89% | Precision: 83.05%/76.13% | Recall: 82.18%/77.97% | F1: 82.52%/76.24% | Time: fit=016s, train=003s, test=001s, total=020s
Epoch  87: Train%/Test% | Accuracy: 82.35%/76.42% | Precision: 82.16%/75.75% | Recall: 81.35%/77.59% | F1: 81.66%/75.79% | Time: fit=016s, train=003s, test=001s, total=020s
Epoch  88: Train%/Test% | Accuracy: 82.70%/76.89% | Precision: 82.62%/76.13% | Recall: 81.61%/77.97% | F1: 81.99%/76.24% | Time: fit=016s, train=003s, test=001s, total=020s
Epoch  89: Train%/Test% | Accuracy: 82.70%/76.42% | Precision: 82.46%/75.75% | Recall: 81.81%/77.59% | F1: 82.07%/75.79% | Time: fit=016s, train=003s, test=001s, total=020s
Epoch  90: Train%/Test% | Accuracy: 82.82%/76.89% | Precision: 82.77%/76.13% | Recall: 81.72%/77.97% | F1: 82.10%/76.24% | Time: fit=016s, train=003s, test=001s, total=020s
Epoch  91: Train%/Test% | Accuracy: 83.29%/76.89% | Precision: 83.20%/76.13% | Recall: 82.28%/77.97% | F1: 82.63%/76.24% | Time: fit=016s, train=003s, test=001s, total=020s
Epoch  92: Train%/Test% | Accuracy: 83.06%/76.89% | Precision: 83.02%/76.13% | Recall: 81.96%/77.97% | F1: 82.35%/76.24% | Time: fit=016s, train=003s, test=001s, total=020s
Epoch  93: Train%/Test% | Accuracy: 82.70%/76.89% | Precision: 82.66%/76.13% | Recall: 81.57%/77.97% | F1: 81.97%/76.24% | Time: fit=016s, train=003s, test=001s, total=020s
Epoch  94: Train%/Test% | Accuracy: 82.58%/76.89% | Precision: 82.56%/76.13% | Recall: 81.43%/77.97% | F1: 81.84%/76.24% | Time: fit=016s, train=003s, test=001s, total=020s
Epoch  95: Train%/Test% | Accuracy: 82.58%/76.89% | Precision: 82.45%/76.13% | Recall: 81.55%/77.97% | F1: 81.89%/76.24% | Time: fit=016s, train=003s, test=001s, total=020s
Epoch  96: Train%/Test% | Accuracy: 82.35%/76.42% | Precision: 82.34%/75.56% | Recall: 81.15%/77.32% | F1: 81.57%/75.71% | Time: fit=016s, train=003s, test=001s, total=020s
Epoch  97: Train%/Test% | Accuracy: 82.23%/76.89% | Precision: 82.20%/76.13% | Recall: 81.05%/77.97% | F1: 81.46%/76.24% | Time: fit=016s, train=003s, test=001s, total=020s
Epoch  98: Train%/Test% | Accuracy: 81.87%/76.89% | Precision: 81.66%/76.13% | Recall: 80.86%/77.97% | F1: 81.17%/76.24% | Time: fit=016s, train=003s, test=001s, total=020s
Epoch  99: Train%/Test% | Accuracy: 82.70%/76.89% | Precision: 82.55%/76.13% | Recall: 81.69%/77.97% | F1: 82.02%/76.24% | Time: fit=016s, train=003s, test=001s, total=020s
Epoch 100: Train%/Test% | Accuracy: 82.70%/76.89% | Precision: 82.55%/76.13% | Recall: 81.69%/77.97% | F1: 82.02%/76.24% | Time: fit=016s, train=003s, test=001s, total=020s
Epoch 101: Train%/Test% | Accuracy: 83.06%/76.89% | Precision: 83.06%/76.13% | Recall: 81.92%/77.97% | F1: 82.33%/76.24% | Time: fit=016s, train=003s, test=001s, total=020s
Epoch 102: Train%/Test% | Accuracy: 82.82%/76.89% | Precision: 82.81%/76.13% | Recall: 81.68%/77.97% | F1: 82.08%/76.24% | Time: fit=016s, train=003s, test=001s, total=020s
Epoch 103: Train%/Test% | Accuracy: 83.18%/76.89% | Precision: 83.09%/76.13% | Recall: 82.14%/77.97% | F1: 82.50%/76.24% | Time: fit=016s, train=003s, test=001s, total=020s
Epoch 104: Train%/Test% | Accuracy: 82.94%/76.42% | Precision: 82.71%/75.75% | Recall: 82.05%/77.59% | F1: 82.32%/75.79% | Time: fit=016s, train=003s, test=001s, total=020s
Epoch 105: Train%/Test% | Accuracy: 83.29%/76.42% | Precision: 83.07%/75.75% | Recall: 82.44%/77.59% | F1: 82.70%/75.79% | Time: fit=016s, train=003s, test=001s, total=020s
Epoch 106: Train%/Test% | Accuracy: 83.06%/76.42% | Precision: 82.82%/75.75% | Recall: 82.19%/77.59% | F1: 82.45%/75.79% | Time: fit=016s, train=003s, test=001s, total=020s
Epoch 107: Train%/Test% | Accuracy: 83.06%/76.42% | Precision: 82.82%/75.75% | Recall: 82.19%/77.59% | F1: 82.45%/75.79% | Time: fit=016s, train=003s, test=001s, total=020s
Epoch 108: Train%/Test% | Accuracy: 82.94%/76.42% | Precision: 82.65%/75.75% | Recall: 82.13%/77.59% | F1: 82.35%/75.79% | Time: fit=016s, train=003s, test=001s, total=020s
Epoch 109: Train%/Test% | Accuracy: 83.06%/75.94% | Precision: 82.91%/75.00% | Recall: 82.08%/76.68% | F1: 82.40%/75.19% | Time: fit=016s, train=003s, test=001s, total=020s
Epoch 110: Train%/Test% | Accuracy: 82.82%/76.89% | Precision: 82.63%/76.13% | Recall: 81.87%/77.97% | F1: 82.17%/76.24% | Time: fit=016s, train=003s, test=001s, total=020s
Epoch 111: Train%/Test% | Accuracy: 83.41%/76.89% | Precision: 83.17%/76.13% | Recall: 82.58%/77.97% | F1: 82.83%/76.24% | Time: fit=016s, train=003s, test=001s, total=020s
Epoch 112: Train%/Test% | Accuracy: 82.82%/76.89% | Precision: 82.66%/76.13% | Recall: 81.83%/77.97% | F1: 82.15%/76.24% | Time: fit=016s, train=003s, test=001s, total=020s
Epoch 113: Train%/Test% | Accuracy: 83.06%/76.89% | Precision: 82.95%/76.13% | Recall: 82.04%/77.97% | F1: 82.38%/76.24% | Time: fit=016s, train=003s, test=001s, total=020s
Epoch 114: Train%/Test% | Accuracy: 82.82%/76.89% | Precision: 82.63%/76.13% | Recall: 81.87%/77.97% | F1: 82.17%/76.24% | Time: fit=016s, train=003s, test=001s, total=021s
Epoch 115: Train%/Test% | Accuracy: 82.58%/76.89% | Precision: 82.32%/76.13% | Recall: 81.71%/77.97% | F1: 81.96%/76.24% | Time: fit=016s, train=003s, test=001s, total=020s
Epoch 116: Train%/Test% | Accuracy: 83.06%/76.89% | Precision: 82.88%/76.13% | Recall: 82.12%/77.97% | F1: 82.42%/76.24% | Time: fit=016s, train=003s, test=001s, total=020s
Epoch 117: Train%/Test% | Accuracy: 82.94%/76.89% | Precision: 82.68%/76.13% | Recall: 82.09%/77.97% | F1: 82.33%/76.24% | Time: fit=016s, train=003s, test=001s, total=020s
Epoch 118: Train%/Test% | Accuracy: 82.82%/76.89% | Precision: 82.57%/76.13% | Recall: 81.95%/77.97% | F1: 82.20%/76.24% | Time: fit=016s, train=003s, test=001s, total=020s
Epoch 119: Train%/Test% | Accuracy: 82.70%/76.89% | Precision: 82.46%/76.13% | Recall: 81.81%/77.97% | F1: 82.07%/76.24% | Time: fit=016s, train=003s, test=001s, total=020s
Epoch 120: Train%/Test% | Accuracy: 82.82%/76.89% | Precision: 82.73%/76.13% | Recall: 81.75%/77.97% | F1: 82.12%/76.24% | Time: fit=016s, train=003s, test=001s, total=020s
Epoch 121: Train%/Test% | Accuracy: 83.18%/76.89% | Precision: 82.93%/76.13% | Recall: 82.33%/77.97% | F1: 82.58%/76.24% | Time: fit=016s, train=003s, test=001s, total=020s
Epoch 122: Train%/Test% | Accuracy: 83.53%/76.89% | Precision: 83.38%/76.13% | Recall: 82.60%/77.97% | F1: 82.91%/76.24% | Time: fit=016s, train=003s, test=001s, total=020s
Epoch 123: Train%/Test% | Accuracy: 83.53%/76.42% | Precision: 83.28%/75.75% | Recall: 82.72%/77.59% | F1: 82.96%/75.79% | Time: fit=016s, train=003s, test=001s, total=020s
Epoch 124: Train%/Test% | Accuracy: 83.77%/76.89% | Precision: 83.63%/76.13% | Recall: 82.85%/77.97% | F1: 83.15%/76.24% | Time: fit=016s, train=003s, test=001s, total=020s
Epoch 125: Train%/Test% | Accuracy: 83.41%/76.89% | Precision: 83.17%/76.13% | Recall: 82.58%/77.97% | F1: 82.83%/76.24% | Time: fit=016s, train=003s, test=001s, total=020s
Epoch 126: Train%/Test% | Accuracy: 83.29%/76.89% | Precision: 83.10%/76.13% | Recall: 82.40%/77.97% | F1: 82.68%/76.24% | Time: fit=016s, train=003s, test=001s, total=020s
Epoch 127: Train%/Test% | Accuracy: 83.29%/76.89% | Precision: 83.10%/76.13% | Recall: 82.40%/77.97% | F1: 82.68%/76.24% | Time: fit=016s, train=003s, test=001s, total=021s
Epoch 128: Train%/Test% | Accuracy: 83.29%/76.89% | Precision: 83.07%/76.13% | Recall: 82.44%/77.97% | F1: 82.70%/76.24% | Time: fit=016s, train=003s, test=001s, total=020s
Epoch 129: Train%/Test% | Accuracy: 83.41%/76.89% | Precision: 83.24%/76.13% | Recall: 82.50%/77.97% | F1: 82.79%/76.24% | Time: fit=016s, train=003s, test=001s, total=020s
Epoch 130: Train%/Test% | Accuracy: 83.06%/76.42% | Precision: 83.02%/75.56% | Recall: 81.96%/77.32% | F1: 82.35%/75.71% | Time: fit=016s, train=003s, test=001s, total=020s
Epoch 131: Train%/Test% | Accuracy: 83.41%/76.42% | Precision: 83.30%/75.56% | Recall: 82.42%/77.32% | F1: 82.76%/75.71% | Time: fit=016s, train=003s, test=001s, total=020s
Epoch 132: Train%/Test% | Accuracy: 83.18%/76.42% | Precision: 82.99%/75.56% | Recall: 82.26%/77.32% | F1: 82.55%/75.71% | Time: fit=016s, train=003s, test=001s, total=020s
Epoch 133: Train%/Test% | Accuracy: 82.70%/76.42% | Precision: 82.59%/75.56% | Recall: 81.65%/77.32% | F1: 82.01%/75.71% | Time: fit=016s, train=003s, test=001s, total=020s
Epoch 134: Train%/Test% | Accuracy: 83.06%/76.42% | Precision: 82.95%/75.56% | Recall: 82.04%/77.32% | F1: 82.38%/75.71% | Time: fit=016s, train=003s, test=001s, total=020s
Epoch 135: Train%/Test% | Accuracy: 83.06%/76.42% | Precision: 82.91%/75.56% | Recall: 82.08%/77.32% | F1: 82.40%/75.71% | Time: fit=016s, train=003s, test=001s, total=020s
Epoch 136: Train%/Test% | Accuracy: 83.89%/76.89% | Precision: 83.67%/76.13% | Recall: 83.06%/77.97% | F1: 83.32%/76.24% | Time: fit=016s, train=003s, test=001s, total=020s
Epoch 137: Train%/Test% | Accuracy: 83.53%/76.89% | Precision: 83.31%/76.13% | Recall: 82.68%/77.97% | F1: 82.94%/76.24% | Time: fit=016s, train=003s, test=001s, total=020s
Epoch 138: Train%/Test% | Accuracy: 83.41%/76.42% | Precision: 83.20%/75.56% | Recall: 82.54%/77.32% | F1: 82.81%/75.71% | Time: fit=016s, train=003s, test=001s, total=020s
Epoch 139: Train%/Test% | Accuracy: 83.53%/76.89% | Precision: 83.34%/76.13% | Recall: 82.64%/77.97% | F1: 82.92%/76.24% | Time: fit=016s, train=003s, test=001s, total=020s
Epoch 140: Train%/Test% | Accuracy: 83.53%/76.42% | Precision: 83.38%/75.56% | Recall: 82.60%/77.32% | F1: 82.91%/75.71% | Time: fit=016s, train=003s, test=001s, total=020s
Epoch 141: Train%/Test% | Accuracy: 83.41%/76.89% | Precision: 83.20%/76.13% | Recall: 82.54%/77.97% | F1: 82.81%/76.24% | Time: fit=016s, train=003s, test=001s, total=020s
Epoch 142: Train%/Test% | Accuracy: 83.53%/76.89% | Precision: 83.31%/76.13% | Recall: 82.68%/77.97% | F1: 82.94%/76.24% | Time: fit=016s, train=003s, test=001s, total=020s
Epoch 143: Train%/Test% | Accuracy: 83.41%/76.89% | Precision: 83.17%/76.13% | Recall: 82.58%/77.97% | F1: 82.83%/76.24% | Time: fit=016s, train=003s, test=001s, total=020s
Epoch 144: Train%/Test% | Accuracy: 83.18%/76.89% | Precision: 82.93%/76.13% | Recall: 82.33%/77.97% | F1: 82.58%/76.24% | Time: fit=016s, train=003s, test=001s, total=020s
Epoch 145: Train%/Test% | Accuracy: 83.65%/76.89% | Precision: 83.59%/76.13% | Recall: 82.63%/77.97% | F1: 82.99%/76.24% | Time: fit=016s, train=003s, test=001s, total=020s
Epoch 146: Train%/Test% | Accuracy: 83.65%/76.89% | Precision: 83.52%/76.13% | Recall: 82.70%/77.97% | F1: 83.02%/76.24% | Time: fit=016s, train=003s, test=001s, total=020s
Epoch 147: Train%/Test% | Accuracy: 83.41%/76.42% | Precision: 83.30%/75.56% | Recall: 82.42%/77.32% | F1: 82.76%/75.71% | Time: fit=016s, train=003s, test=001s, total=020s
Epoch 148: Train%/Test% | Accuracy: 83.06%/75.94% | Precision: 83.06%/75.00% | Recall: 81.92%/76.68% | F1: 82.33%/75.19% | Time: fit=016s, train=003s, test=001s, total=020s
Epoch 149: Train%/Test% | Accuracy: 83.41%/75.94% | Precision: 83.38%/75.00% | Recall: 82.34%/76.68% | F1: 82.73%/75.19% | Time: fit=016s, train=003s, test=001s, total=020s
Epoch 150: Train%/Test% | Accuracy: 83.41%/75.94% | Precision: 83.38%/75.00% | Recall: 82.34%/76.68% | F1: 82.73%/75.19% | Time: fit=016s, train=003s, test=001s, total=020s
