[*] Load dataset...
[*] Fix malformed data...
[*] Split...
[*] Encoding...
[*] -> text...
[*] -> domain...
pipeline.py:185: SettingWithCopyWarning: 
A value is trying to be set on a copy of a slice from a DataFrame.
Try using .loc[row_indexer,col_indexer] = value instead

See the caveats in the documentation: https://pandas.pydata.org/pandas-docs/stable/user_guide/indexing.html#returning-a-view-versus-a-copy
  train_df['domain'] = train_df['url'].apply(extract_domain)
pipeline.py:186: SettingWithCopyWarning: 
A value is trying to be set on a copy of a slice from a DataFrame.
Try using .loc[row_indexer,col_indexer] = value instead

See the caveats in the documentation: https://pandas.pydata.org/pandas-docs/stable/user_guide/indexing.html#returning-a-view-versus-a-copy
  test_df['domain'] = test_df['url'].apply(extract_domain)
[*] Encoding complete!
==============================
Using GPU for training
Dataset: FakeNewsNet-politifact
TMU params: num-clauses=5000, T=50, s=10.0
Epochs: 150
Feature(s): text, domain
max-vocab=15000, max-domain=500, max-tweet=500
====================
Train size: 844
Train classes: 2
Test size: 212
Test classes: 2
Total features: 3252
==============================
[*] Training for 150 epochs...
Epoch   1: Train%/Test% | Accuracy: 62.32%/51.42% | Precision: 68.72%/60.69% | Recall: 66.02%/58.62% | F1: 61.74%/50.73% | Time: fit=019s, train=003s, test=001s, total=024s
Epoch   2: Train%/Test% | Accuracy: 72.39%/62.74% | Precision: 73.71%/65.25% | Recall: 73.99%/65.97% | F1: 72.38%/62.64% | Time: fit=017s, train=003s, test=001s, total=021s
Epoch   3: Train%/Test% | Accuracy: 67.89%/63.68% | Precision: 73.69%/67.36% | Recall: 71.29%/67.79% | F1: 67.59%/63.66% | Time: fit=017s, train=003s, test=001s, total=021s
Epoch   4: Train%/Test% | Accuracy: 69.67%/64.62% | Precision: 74.72%/68.78% | Recall: 72.82%/69.07% | F1: 69.48%/64.62% | Time: fit=017s, train=003s, test=001s, total=021s
Epoch   5: Train%/Test% | Accuracy: 70.38%/60.38% | Precision: 75.26%/64.91% | Recall: 73.47%/64.91% | F1: 70.22%/60.38% | Time: fit=017s, train=003s, test=001s, total=021s
Epoch   6: Train%/Test% | Accuracy: 70.97%/59.43% | Precision: 75.48%/63.89% | Recall: 73.94%/63.89% | F1: 70.85%/59.43% | Time: fit=017s, train=003s, test=001s, total=021s
Epoch   7: Train%/Test% | Accuracy: 73.93%/61.79% | Precision: 77.49%/65.00% | Recall: 76.57%/65.49% | F1: 73.89%/61.75% | Time: fit=016s, train=003s, test=001s, total=021s
Epoch   8: Train%/Test% | Accuracy: 76.18%/68.87% | Precision: 78.70%/69.39% | Recall: 78.43%/70.82% | F1: 76.18%/68.46% | Time: fit=016s, train=003s, test=001s, total=020s
Epoch   9: Train%/Test% | Accuracy: 50.12%/43.87% | Precision: 70.82%/69.80% | Recall: 56.92%/55.60% | F1: 44.00%/38.43% | Time: fit=017s, train=003s, test=001s, total=021s
Epoch  10: Train%/Test% | Accuracy: 50.00%/43.87% | Precision: 70.15%/69.80% | Recall: 56.78%/55.60% | F1: 43.92%/38.43% | Time: fit=016s, train=003s, test=001s, total=020s
Epoch  11: Train%/Test% | Accuracy: 50.00%/44.34% | Precision: 69.58%/69.90% | Recall: 56.74%/55.97% | F1: 44.01%/39.13% | Time: fit=016s, train=003s, test=001s, total=020s
Epoch  12: Train%/Test% | Accuracy: 51.30%/44.81% | Precision: 70.82%/70.00% | Recall: 57.90%/56.34% | F1: 45.89%/39.83% | Time: fit=016s, train=003s, test=001s, total=021s
Epoch  13: Train%/Test% | Accuracy: 77.49%/64.62% | Precision: 79.22%/66.83% | Recall: 79.40%/67.73% | F1: 77.49%/64.49% | Time: fit=016s, train=003s, test=001s, total=021s
Epoch  14: Train%/Test% | Accuracy: 77.84%/68.40% | Precision: 79.10%/69.35% | Recall: 79.51%/70.71% | F1: 77.83%/68.08% | Time: fit=016s, train=003s, test=001s, total=020s
Epoch  15: Train%/Test% | Accuracy: 77.84%/68.40% | Precision: 78.53%/69.35% | Recall: 79.15%/70.71% | F1: 77.80%/68.08% | Time: fit=016s, train=003s, test=001s, total=020s
Epoch  16: Train%/Test% | Accuracy: 77.37%/67.92% | Precision: 78.69%/69.03% | Recall: 79.06%/70.34% | F1: 77.36%/67.64% | Time: fit=016s, train=003s, test=001s, total=020s
Epoch  17: Train%/Test% | Accuracy: 78.20%/70.28% | Precision: 79.50%/70.41% | Recall: 79.89%/71.94% | F1: 78.19%/69.79% | Time: fit=016s, train=003s, test=001s, total=020s
Epoch  18: Train%/Test% | Accuracy: 79.03%/70.28% | Precision: 79.97%/70.67% | Recall: 80.53%/72.21% | F1: 79.00%/69.86% | Time: fit=016s, train=003s, test=001s, total=020s
Epoch  19: Train%/Test% | Accuracy: 80.57%/73.58% | Precision: 81.02%/73.12% | Recall: 81.78%/74.82% | F1: 80.51%/72.97% | Time: fit=016s, train=003s, test=001s, total=020s
Epoch  20: Train%/Test% | Accuracy: 82.23%/73.58% | Precision: 82.39%/72.72% | Recall: 83.24%/74.28% | F1: 82.14%/72.80% | Time: fit=016s, train=003s, test=001s, total=020s
Epoch  21: Train%/Test% | Accuracy: 82.11%/73.11% | Precision: 82.65%/72.34% | Recall: 83.42%/73.91% | F1: 82.06%/72.36% | Time: fit=016s, train=003s, test=001s, total=020s
Epoch  22: Train%/Test% | Accuracy: 81.99%/71.70% | Precision: 82.45%/71.46% | Recall: 83.24%/73.06% | F1: 81.93%/71.12% | Time: fit=016s, train=003s, test=001s, total=020s
Epoch  23: Train%/Test% | Accuracy: 81.52%/72.64% | Precision: 81.97%/71.96% | Recall: 82.75%/73.54% | F1: 81.46%/71.92% | Time: fit=016s, train=003s, test=001s, total=020s
Epoch  24: Train%/Test% | Accuracy: 82.70%/73.11% | Precision: 82.91%/72.99% | Recall: 83.77%/74.71% | F1: 82.62%/72.60% | Time: fit=016s, train=003s, test=001s, total=020s
Epoch  25: Train%/Test% | Accuracy: 83.29%/76.89% | Precision: 83.24%/75.95% | Recall: 84.12%/77.70% | F1: 83.17%/76.16% | Time: fit=016s, train=003s, test=001s, total=020s
Epoch  26: Train%/Test% | Accuracy: 83.77%/74.53% | Precision: 83.61%/73.33% | Recall: 84.49%/74.76% | F1: 83.63%/73.59% | Time: fit=016s, train=003s, test=001s, total=020s
Epoch  27: Train%/Test% | Accuracy: 83.41%/77.36% | Precision: 83.21%/76.20% | Recall: 84.07%/77.80% | F1: 83.26%/76.52% | Time: fit=016s, train=003s, test=001s, total=020s
Epoch  28: Train%/Test% | Accuracy: 83.06%/75.47% | Precision: 82.93%/74.62% | Recall: 83.80%/76.31% | F1: 82.92%/74.74% | Time: fit=016s, train=003s, test=001s, total=020s
Epoch  29: Train%/Test% | Accuracy: 82.82%/77.36% | Precision: 82.84%/76.20% | Recall: 83.71%/77.80% | F1: 82.71%/76.52% | Time: fit=016s, train=003s, test=001s, total=020s
Epoch  30: Train%/Test% | Accuracy: 84.48%/77.83% | Precision: 84.10%/76.31% | Recall: 84.87%/77.37% | F1: 84.28%/76.68% | Time: fit=016s, train=003s, test=001s, total=020s
Epoch  31: Train%/Test% | Accuracy: 82.94%/73.58% | Precision: 82.80%/72.38% | Recall: 83.66%/73.75% | F1: 82.80%/72.61% | Time: fit=016s, train=003s, test=001s, total=020s
Epoch  32: Train%/Test% | Accuracy: 83.89%/74.06% | Precision: 83.60%/72.64% | Recall: 84.44%/73.85% | F1: 83.72%/72.94% | Time: fit=016s, train=003s, test=001s, total=020s
Epoch  33: Train%/Test% | Accuracy: 83.41%/75.00% | Precision: 83.45%/74.23% | Recall: 84.34%/75.94% | F1: 83.31%/74.30% | Time: fit=016s, train=003s, test=001s, total=020s
Epoch  34: Train%/Test% | Accuracy: 83.53%/76.89% | Precision: 83.55%/76.13% | Recall: 84.44%/77.97% | F1: 83.43%/76.24% | Time: fit=016s, train=003s, test=001s, total=020s
Epoch  35: Train%/Test% | Accuracy: 83.65%/75.47% | Precision: 83.73%/75.01% | Recall: 84.62%/76.85% | F1: 83.55%/74.90% | Time: fit=016s, train=003s, test=001s, total=020s
Epoch  36: Train%/Test% | Accuracy: 83.29%/75.94% | Precision: 83.57%/75.82% | Recall: 84.44%/77.76% | F1: 83.22%/75.48% | Time: fit=016s, train=003s, test=001s, total=020s
Epoch  37: Train%/Test% | Accuracy: 83.89%/75.94% | Precision: 84.01%/75.18% | Recall: 84.91%/76.95% | F1: 83.80%/75.27% | Time: fit=017s, train=003s, test=001s, total=021s
Epoch  38: Train%/Test% | Accuracy: 82.23%/74.53% | Precision: 82.91%/74.53% | Recall: 83.64%/76.37% | F1: 82.19%/74.08% | Time: fit=016s, train=003s, test=001s, total=020s
Epoch  39: Train%/Test% | Accuracy: 81.04%/71.70% | Precision: 82.09%/72.82% | Recall: 82.65%/74.40% | F1: 81.02%/71.44% | Time: fit=016s, train=003s, test=001s, total=020s
Epoch  40: Train%/Test% | Accuracy: 80.92%/69.81% | Precision: 81.88%/71.25% | Recall: 82.47%/72.64% | F1: 80.90%/69.59% | Time: fit=016s, train=003s, test=001s, total=020s
Epoch  41: Train%/Test% | Accuracy: 81.75%/72.17% | Precision: 82.43%/73.14% | Recall: 83.15%/74.77% | F1: 81.71%/71.89% | Time: fit=016s, train=003s, test=001s, total=020s
Epoch  42: Train%/Test% | Accuracy: 81.99%/72.17% | Precision: 82.73%/72.84% | Recall: 83.43%/74.50% | F1: 81.95%/71.84% | Time: fit=016s, train=003s, test=001s, total=020s
Epoch  43: Train%/Test% | Accuracy: 82.23%/72.64% | Precision: 82.91%/73.17% | Recall: 83.64%/74.88% | F1: 82.19%/72.29% | Time: fit=016s, train=003s, test=001s, total=020s
Epoch  44: Train%/Test% | Accuracy: 82.58%/72.64% | Precision: 83.23%/73.46% | Recall: 83.98%/75.14% | F1: 82.54%/72.34% | Time: fit=016s, train=003s, test=001s, total=020s
Epoch  45: Train%/Test% | Accuracy: 83.89%/73.11% | Precision: 84.05%/72.99% | Recall: 84.95%/74.71% | F1: 83.80%/72.60% | Time: fit=016s, train=003s, test=001s, total=020s
Epoch  46: Train%/Test% | Accuracy: 82.70%/70.28% | Precision: 83.44%/70.95% | Recall: 84.16%/72.47% | F1: 82.67%/69.93% | Time: fit=016s, train=003s, test=001s, total=020s
Epoch  47: Train%/Test% | Accuracy: 82.46%/71.23% | Precision: 83.14%/71.62% | Recall: 83.88%/73.22% | F1: 82.42%/70.82% | Time: fit=016s, train=003s, test=001s, total=020s
Epoch  48: Train%/Test% | Accuracy: 82.46%/72.17% | Precision: 82.92%/72.84% | Recall: 83.72%/74.50% | F1: 82.41%/71.84% | Time: fit=016s, train=003s, test=001s, total=020s
Epoch  49: Train%/Test% | Accuracy: 82.46%/73.11% | Precision: 83.09%/73.24% | Recall: 83.84%/74.98% | F1: 82.42%/72.67% | Time: fit=016s, train=003s, test=001s, total=020s
Epoch  50: Train%/Test% | Accuracy: 82.58%/72.64% | Precision: 83.18%/73.17% | Recall: 83.94%/74.88% | F1: 82.54%/72.29% | Time: fit=016s, train=003s, test=001s, total=020s
Epoch  51: Train%/Test% | Accuracy: 81.99%/72.17% | Precision: 82.98%/72.56% | Recall: 83.59%/74.23% | F1: 81.97%/71.78% | Time: fit=016s, train=003s, test=001s, total=020s
Epoch  52: Train%/Test% | Accuracy: 82.70%/75.47% | Precision: 83.16%/75.01% | Recall: 83.97%/76.85% | F1: 82.65%/74.90% | Time: fit=016s, train=003s, test=001s, total=020s
Epoch  53: Train%/Test% | Accuracy: 81.75%/73.11% | Precision: 82.68%/73.24% | Recall: 83.31%/74.98% | F1: 81.73%/72.67% | Time: fit=016s, train=003s, test=001s, total=020s
Epoch  54: Train%/Test% | Accuracy: 80.45%/71.70% | Precision: 81.74%/72.52% | Recall: 82.18%/74.13% | F1: 80.44%/71.39% | Time: fit=016s, train=003s, test=001s, total=020s
Epoch  55: Train%/Test% | Accuracy: 80.57%/71.70% | Precision: 81.97%/73.15% | Recall: 82.36%/74.67% | F1: 80.56%/71.49% | Time: fit=016s, train=003s, test=001s, total=020s
Epoch  56: Train%/Test% | Accuracy: 80.45%/72.64% | Precision: 81.89%/73.46% | Recall: 82.26%/75.14% | F1: 80.44%/72.34% | Time: fit=016s, train=003s, test=001s, total=020s
Epoch  57: Train%/Test% | Accuracy: 81.04%/72.17% | Precision: 82.45%/72.84% | Recall: 82.85%/74.50% | F1: 81.03%/71.84% | Time: fit=016s, train=003s, test=001s, total=020s
Epoch  58: Train%/Test% | Accuracy: 83.18%/74.53% | Precision: 83.92%/74.53% | Recall: 84.65%/76.37% | F1: 83.14%/74.08% | Time: fit=016s, train=003s, test=001s, total=020s
Epoch  59: Train%/Test% | Accuracy: 83.18%/73.58% | Precision: 83.74%/73.84% | Recall: 84.53%/75.62% | F1: 83.13%/73.18% | Time: fit=016s, train=003s, test=001s, total=020s
Epoch  60: Train%/Test% | Accuracy: 83.53%/75.94% | Precision: 84.07%/75.59% | Recall: 84.88%/77.49% | F1: 83.48%/75.42% | Time: fit=016s, train=003s, test=001s, total=020s
Epoch  61: Train%/Test% | Accuracy: 84.00%/74.06% | Precision: 84.39%/73.49% | Recall: 85.24%/75.19% | F1: 83.95%/73.41% | Time: fit=016s, train=003s, test=001s, total=020s
Epoch  62: Train%/Test% | Accuracy: 83.65%/75.94% | Precision: 84.11%/75.18% | Recall: 84.94%/76.95% | F1: 83.60%/75.27% | Time: fit=016s, train=003s, test=001s, total=020s
Epoch  63: Train%/Test% | Accuracy: 83.18%/73.58% | Precision: 83.80%/73.58% | Recall: 84.57%/75.35% | F1: 83.13%/73.12% | Time: fit=016s, train=003s, test=001s, total=020s
Epoch  64: Train%/Test% | Accuracy: 83.29%/72.64% | Precision: 83.83%/72.40% | Recall: 84.63%/74.07% | F1: 83.25%/72.08% | Time: fit=016s, train=003s, test=001s, total=020s
Epoch  65: Train%/Test% | Accuracy: 83.18%/72.64% | Precision: 83.86%/72.64% | Recall: 84.61%/74.34% | F1: 83.14%/72.16% | Time: fit=016s, train=003s, test=001s, total=020s
Epoch  66: Train%/Test% | Accuracy: 84.00%/74.06% | Precision: 84.55%/73.49% | Recall: 85.36%/75.19% | F1: 83.96%/73.41% | Time: fit=016s, train=003s, test=001s, total=020s
Epoch  67: Train%/Test% | Accuracy: 84.12%/72.17% | Precision: 84.75%/72.05% | Recall: 85.54%/73.70% | F1: 84.08%/71.64% | Time: fit=016s, train=003s, test=001s, total=020s
Epoch  68: Train%/Test% | Accuracy: 83.41%/73.11% | Precision: 84.22%/72.76% | Recall: 84.93%/74.45% | F1: 83.38%/72.53% | Time: fit=016s, train=003s, test=001s, total=020s
Epoch  69: Train%/Test% | Accuracy: 82.82%/73.11% | Precision: 83.36%/72.54% | Recall: 84.15%/74.18% | F1: 82.77%/72.45% | Time: fit=016s, train=003s, test=001s, total=020s
Epoch  70: Train%/Test% | Accuracy: 83.29%/72.17% | Precision: 84.07%/72.56% | Recall: 84.79%/74.23% | F1: 83.26%/71.78% | Time: fit=016s, train=003s, test=001s, total=020s
Epoch  71: Train%/Test% | Accuracy: 81.28%/69.81% | Precision: 82.47%/71.25% | Recall: 82.98%/72.64% | F1: 81.26%/69.59% | Time: fit=016s, train=003s, test=001s, total=020s
Epoch  72: Train%/Test% | Accuracy: 84.83%/73.11% | Precision: 85.24%/72.99% | Recall: 86.12%/74.71% | F1: 84.78%/72.60% | Time: fit=016s, train=003s, test=001s, total=021s
Epoch  73: Train%/Test% | Accuracy: 84.36%/73.11% | Precision: 84.82%/72.99% | Recall: 85.67%/74.71% | F1: 84.31%/72.60% | Time: fit=016s, train=003s, test=001s, total=020s
Epoch  74: Train%/Test% | Accuracy: 83.89%/74.53% | Precision: 84.46%/74.79% | Recall: 85.26%/76.64% | F1: 83.84%/74.14% | Time: fit=016s, train=003s, test=001s, total=020s
Epoch  75: Train%/Test% | Accuracy: 84.00%/74.53% | Precision: 84.55%/74.79% | Recall: 85.36%/76.64% | F1: 83.96%/74.14% | Time: fit=016s, train=003s, test=001s, total=020s
Epoch  76: Train%/Test% | Accuracy: 84.24%/74.53% | Precision: 84.57%/73.86% | Recall: 85.45%/75.56% | F1: 84.18%/73.86% | Time: fit=016s, train=003s, test=001s, total=020s
Epoch  77: Train%/Test% | Accuracy: 84.36%/73.11% | Precision: 84.82%/72.76% | Recall: 85.67%/74.45% | F1: 84.31%/72.53% | Time: fit=016s, train=003s, test=001s, total=020s
Epoch  78: Train%/Test% | Accuracy: 83.89%/73.11% | Precision: 84.29%/72.76% | Recall: 85.14%/74.45% | F1: 83.83%/72.53% | Time: fit=016s, train=003s, test=001s, total=020s
Epoch  79: Train%/Test% | Accuracy: 84.83%/73.11% | Precision: 85.00%/72.54% | Recall: 85.92%/74.18% | F1: 84.76%/72.45% | Time: fit=016s, train=003s, test=001s, total=020s
Epoch  80: Train%/Test% | Accuracy: 84.60%/74.06% | Precision: 84.81%/73.49% | Recall: 85.72%/75.19% | F1: 84.52%/73.41% | Time: fit=016s, train=003s, test=001s, total=020s
Epoch  81: Train%/Test% | Accuracy: 84.60%/75.94% | Precision: 84.85%/75.38% | Recall: 85.75%/77.22% | F1: 84.53%/75.35% | Time: fit=016s, train=003s, test=001s, total=020s
Epoch  82: Train%/Test% | Accuracy: 84.72%/75.94% | Precision: 84.95%/75.18% | Recall: 85.86%/76.95% | F1: 84.65%/75.27% | Time: fit=016s, train=003s, test=001s, total=020s
Epoch  83: Train%/Test% | Accuracy: 84.83%/77.83% | Precision: 84.91%/76.90% | Recall: 85.84%/78.71% | F1: 84.75%/77.13% | Time: fit=016s, train=003s, test=001s, total=020s
Epoch  84: Train%/Test% | Accuracy: 85.19%/78.30% | Precision: 85.33%/77.46% | Recall: 86.26%/79.35% | F1: 85.11%/77.66% | Time: fit=016s, train=003s, test=001s, total=020s
Epoch  85: Train%/Test% | Accuracy: 85.55%/78.77% | Precision: 85.58%/77.85% | Recall: 86.53%/79.73% | F1: 85.46%/78.11% | Time: fit=016s, train=003s, test=001s, total=020s
Epoch  86: Train%/Test% | Accuracy: 85.07%/77.83% | Precision: 85.03%/77.08% | Recall: 85.97%/78.98% | F1: 84.97%/77.21% | Time: fit=016s, train=003s, test=001s, total=020s
Epoch  87: Train%/Test% | Accuracy: 84.60%/76.42% | Precision: 84.85%/75.95% | Recall: 85.75%/77.86% | F1: 84.53%/75.87% | Time: fit=016s, train=003s, test=001s, total=020s
Epoch  88: Train%/Test% | Accuracy: 84.24%/77.36% | Precision: 84.62%/76.90% | Recall: 85.49%/78.87% | F1: 84.18%/76.83% | Time: fit=016s, train=003s, test=001s, total=020s
Epoch  89: Train%/Test% | Accuracy: 84.60%/75.94% | Precision: 84.76%/75.59% | Recall: 85.68%/77.49% | F1: 84.52%/75.42% | Time: fit=016s, train=003s, test=001s, total=020s
Epoch  90: Train%/Test% | Accuracy: 86.61%/78.30% | Precision: 86.52%/77.30% | Recall: 87.49%/79.09% | F1: 86.51%/77.58% | Time: fit=016s, train=003s, test=001s, total=020s
Epoch  91: Train%/Test% | Accuracy: 82.58%/78.30% | Precision: 82.83%/77.19% | Recall: 81.20%/75.07% | F1: 81.72%/75.81% | Time: fit=016s, train=003s, test=001s, total=020s
Epoch  92: Train%/Test% | Accuracy: 87.68%/79.72% | Precision: 87.38%/78.33% | Recall: 88.29%/79.67% | F1: 87.54%/78.76% | Time: fit=016s, train=003s, test=001s, total=020s
Epoch  93: Train%/Test% | Accuracy: 85.43%/76.89% | Precision: 85.49%/75.95% | Recall: 86.43%/77.70% | F1: 85.34%/76.16% | Time: fit=016s, train=003s, test=001s, total=020s
Epoch  94: Train%/Test% | Accuracy: 86.85%/77.36% | Precision: 86.63%/76.07% | Recall: 87.58%/77.54% | F1: 86.73%/76.43% | Time: fit=016s, train=003s, test=001s, total=020s
Epoch  95: Train%/Test% | Accuracy: 86.73%/77.83% | Precision: 86.53%/76.90% | Recall: 87.47%/78.71% | F1: 86.61%/77.13% | Time: fit=016s, train=003s, test=001s, total=020s
Epoch  96: Train%/Test% | Accuracy: 86.97%/77.83% | Precision: 86.89%/76.90% | Recall: 87.87%/78.71% | F1: 86.87%/77.13% | Time: fit=016s, train=003s, test=001s, total=020s
Epoch  97: Train%/Test% | Accuracy: 87.20%/78.30% | Precision: 87.00%/77.15% | Recall: 87.96%/78.82% | F1: 87.09%/77.50% | Time: fit=016s, train=003s, test=001s, total=020s
Epoch  98: Train%/Test% | Accuracy: 86.73%/78.30% | Precision: 86.62%/77.46% | Recall: 87.59%/79.35% | F1: 86.63%/77.66% | Time: fit=016s, train=003s, test=001s, total=020s
Epoch  99: Train%/Test% | Accuracy: 84.72%/76.89% | Precision: 85.05%/76.32% | Recall: 85.94%/78.23% | F1: 84.66%/76.31% | Time: fit=016s, train=003s, test=001s, total=020s
Epoch 100: Train%/Test% | Accuracy: 84.95%/76.89% | Precision: 85.23%/76.32% | Recall: 86.14%/78.23% | F1: 84.89%/76.31% | Time: fit=016s, train=003s, test=001s, total=020s
Epoch 101: Train%/Test% | Accuracy: 85.31%/77.36% | Precision: 85.43%/76.51% | Recall: 86.37%/78.34% | F1: 85.23%/76.69% | Time: fit=016s, train=003s, test=001s, total=020s
Epoch 102: Train%/Test% | Accuracy: 85.55%/77.36% | Precision: 85.55%/76.51% | Recall: 86.49%/78.34% | F1: 85.45%/76.69% | Time: fit=016s, train=003s, test=001s, total=020s
Epoch 103: Train%/Test% | Accuracy: 84.95%/75.47% | Precision: 85.10%/75.01% | Recall: 86.02%/76.85% | F1: 84.87%/74.90% | Time: fit=016s, train=003s, test=001s, total=020s
Epoch 104: Train%/Test% | Accuracy: 86.14%/77.83% | Precision: 86.05%/77.08% | Recall: 87.00%/78.98% | F1: 86.03%/77.21% | Time: fit=016s, train=003s, test=001s, total=020s
Epoch 105: Train%/Test% | Accuracy: 86.02%/77.36% | Precision: 86.14%/76.51% | Recall: 87.10%/78.34% | F1: 85.94%/76.69% | Time: fit=016s, train=003s, test=001s, total=020s
Epoch 106: Train%/Test% | Accuracy: 85.66%/75.47% | Precision: 85.81%/75.01% | Recall: 86.75%/76.85% | F1: 85.59%/74.90% | Time: fit=016s, train=003s, test=001s, total=020s
Epoch 107: Train%/Test% | Accuracy: 85.07%/73.58% | Precision: 85.33%/73.58% | Recall: 86.24%/75.35% | F1: 85.01%/73.12% | Time: fit=016s, train=003s, test=001s, total=020s
Epoch 108: Train%/Test% | Accuracy: 86.14%/76.42% | Precision: 86.24%/75.95% | Recall: 87.20%/77.86% | F1: 86.06%/75.87% | Time: fit=016s, train=003s, test=001s, total=020s
Epoch 109: Train%/Test% | Accuracy: 86.14%/74.06% | Precision: 86.20%/74.18% | Recall: 87.16%/76.00% | F1: 86.05%/73.63% | Time: fit=016s, train=003s, test=001s, total=020s
Epoch 110: Train%/Test% | Accuracy: 86.97%/76.89% | Precision: 86.74%/76.13% | Recall: 87.68%/77.97% | F1: 86.84%/76.24% | Time: fit=016s, train=003s, test=001s, total=020s
Epoch 111: Train%/Test% | Accuracy: 84.72%/74.53% | Precision: 84.86%/74.79% | Recall: 85.78%/76.64% | F1: 84.64%/74.14% | Time: fit=016s, train=003s, test=001s, total=020s
Epoch 112: Train%/Test% | Accuracy: 84.60%/73.11% | Precision: 84.81%/73.79% | Recall: 85.72%/75.52% | F1: 84.52%/72.79% | Time: fit=016s, train=003s, test=001s, total=020s
Epoch 113: Train%/Test% | Accuracy: 86.61%/75.47% | Precision: 86.56%/75.01% | Recall: 87.53%/76.85% | F1: 86.52%/74.90% | Time: fit=016s, train=003s, test=001s, total=020s
Epoch 114: Train%/Test% | Accuracy: 86.61%/75.47% | Precision: 86.67%/75.47% | Recall: 87.65%/77.38% | F1: 86.53%/75.04% | Time: fit=016s, train=003s, test=001s, total=020s
Epoch 115: Train%/Test% | Accuracy: 86.85%/75.94% | Precision: 86.87%/75.00% | Recall: 87.85%/76.68% | F1: 86.76%/75.19% | Time: fit=016s, train=003s, test=001s, total=020s
Epoch 116: Train%/Test% | Accuracy: 85.07%/74.53% | Precision: 85.19%/73.86% | Recall: 86.12%/75.56% | F1: 84.99%/73.86% | Time: fit=016s, train=003s, test=001s, total=020s
Epoch 117: Train%/Test% | Accuracy: 86.02%/76.89% | Precision: 86.10%/75.95% | Recall: 87.06%/77.70% | F1: 85.94%/76.16% | Time: fit=016s, train=003s, test=001s, total=020s
Epoch 118: Train%/Test% | Accuracy: 86.61%/77.36% | Precision: 86.63%/76.51% | Recall: 87.61%/78.34% | F1: 86.53%/76.69% | Time: fit=016s, train=003s, test=001s, total=020s
Epoch 119: Train%/Test% | Accuracy: 86.49%/77.83% | Precision: 86.49%/77.08% | Recall: 87.47%/78.98% | F1: 86.40%/77.21% | Time: fit=016s, train=003s, test=001s, total=020s
Epoch 120: Train%/Test% | Accuracy: 85.31%/74.53% | Precision: 85.43%/73.86% | Recall: 86.37%/75.56% | F1: 85.23%/73.86% | Time: fit=016s, train=003s, test=001s, total=020s
Epoch 121: Train%/Test% | Accuracy: 84.83%/75.00% | Precision: 85.04%/74.65% | Recall: 85.96%/76.47% | F1: 84.76%/74.45% | Time: fit=016s, train=003s, test=001s, total=020s
Epoch 122: Train%/Test% | Accuracy: 85.07%/74.53% | Precision: 85.33%/74.79% | Recall: 86.24%/76.64% | F1: 85.01%/74.14% | Time: fit=016s, train=003s, test=001s, total=020s
Epoch 123: Train%/Test% | Accuracy: 84.83%/73.11% | Precision: 85.04%/73.24% | Recall: 85.96%/74.98% | F1: 84.76%/72.67% | Time: fit=016s, train=003s, test=001s, total=020s
Epoch 124: Train%/Test% | Accuracy: 84.48%/74.06% | Precision: 84.62%/73.70% | Recall: 85.53%/75.46% | F1: 84.40%/73.49% | Time: fit=016s, train=003s, test=001s, total=020s
Epoch 125: Train%/Test% | Accuracy: 85.43%/74.06% | Precision: 85.71%/73.93% | Recall: 86.63%/75.73% | F1: 85.36%/73.56% | Time: fit=016s, train=003s, test=001s, total=020s
Epoch 126: Train%/Test% | Accuracy: 85.78%/72.64% | Precision: 85.95%/72.64% | Recall: 86.89%/74.34% | F1: 85.71%/72.16% | Time: fit=016s, train=003s, test=001s, total=020s
Epoch 127: Train%/Test% | Accuracy: 85.66%/73.58% | Precision: 85.90%/73.12% | Recall: 86.83%/74.82% | F1: 85.60%/72.97% | Time: fit=016s, train=003s, test=001s, total=020s
Epoch 128: Train%/Test% | Accuracy: 86.14%/74.53% | Precision: 86.20%/73.86% | Recall: 87.16%/75.56% | F1: 86.05%/73.86% | Time: fit=016s, train=003s, test=001s, total=021s
Epoch 129: Train%/Test% | Accuracy: 86.02%/75.47% | Precision: 86.18%/74.62% | Recall: 87.14%/76.31% | F1: 85.95%/74.74% | Time: fit=016s, train=003s, test=001s, total=020s
Epoch 130: Train%/Test% | Accuracy: 86.02%/76.42% | Precision: 86.06%/75.56% | Recall: 87.02%/77.32% | F1: 85.93%/75.71% | Time: fit=016s, train=003s, test=001s, total=020s
Epoch 131: Train%/Test% | Accuracy: 86.61%/75.94% | Precision: 86.52%/75.18% | Recall: 87.49%/76.95% | F1: 86.51%/75.27% | Time: fit=016s, train=003s, test=001s, total=020s
Epoch 132: Train%/Test% | Accuracy: 84.24%/73.58% | Precision: 84.48%/74.12% | Recall: 85.37%/75.89% | F1: 84.17%/73.24% | Time: fit=016s, train=003s, test=001s, total=021s
Epoch 133: Train%/Test% | Accuracy: 86.97%/77.83% | Precision: 86.89%/76.90% | Recall: 87.87%/78.71% | F1: 86.87%/77.13% | Time: fit=016s, train=003s, test=001s, total=020s
Epoch 134: Train%/Test% | Accuracy: 86.97%/77.83% | Precision: 86.83%/76.90% | Recall: 87.80%/78.71% | F1: 86.86%/77.13% | Time: fit=016s, train=003s, test=001s, total=020s
Epoch 135: Train%/Test% | Accuracy: 86.37%/76.42% | Precision: 86.39%/75.75% | Recall: 87.36%/77.59% | F1: 86.29%/75.79% | Time: fit=016s, train=003s, test=001s, total=020s
Epoch 136: Train%/Test% | Accuracy: 86.49%/76.42% | Precision: 86.49%/75.75% | Recall: 87.47%/77.59% | F1: 86.40%/75.79% | Time: fit=016s, train=003s, test=001s, total=020s
Epoch 137: Train%/Test% | Accuracy: 86.49%/77.36% | Precision: 86.53%/76.90% | Recall: 87.50%/78.87% | F1: 86.41%/76.83% | Time: fit=016s, train=003s, test=001s, total=020s
Epoch 138: Train%/Test% | Accuracy: 86.49%/78.30% | Precision: 86.53%/77.46% | Recall: 87.50%/79.35% | F1: 86.41%/77.66% | Time: fit=016s, train=003s, test=001s, total=020s
Epoch 139: Train%/Test% | Accuracy: 86.61%/76.89% | Precision: 86.63%/76.32% | Recall: 87.61%/78.23% | F1: 86.53%/76.31% | Time: fit=016s, train=003s, test=001s, total=020s
Epoch 140: Train%/Test% | Accuracy: 86.61%/77.36% | Precision: 86.67%/76.90% | Recall: 87.65%/78.87% | F1: 86.53%/76.83% | Time: fit=016s, train=003s, test=001s, total=020s
Epoch 141: Train%/Test% | Accuracy: 86.02%/76.42% | Precision: 85.95%/75.75% | Recall: 86.90%/77.59% | F1: 85.92%/75.79% | Time: fit=016s, train=003s, test=001s, total=020s
Epoch 142: Train%/Test% | Accuracy: 87.09%/78.30% | Precision: 86.87%/77.30% | Recall: 87.82%/79.09% | F1: 86.97%/77.58% | Time: fit=016s, train=003s, test=001s, total=020s
Epoch 143: Train%/Test% | Accuracy: 87.09%/78.30% | Precision: 86.87%/77.15% | Recall: 87.82%/78.82% | F1: 86.97%/77.50% | Time: fit=016s, train=003s, test=001s, total=020s
Epoch 144: Train%/Test% | Accuracy: 87.32%/77.36% | Precision: 87.23%/76.51% | Recall: 88.22%/78.34% | F1: 87.23%/76.69% | Time: fit=016s, train=003s, test=001s, total=020s
Epoch 145: Train%/Test% | Accuracy: 88.03%/79.25% | Precision: 87.85%/78.11% | Recall: 88.83%/79.83% | F1: 87.93%/78.48% | Time: fit=017s, train=003s, test=001s, total=021s
Epoch 146: Train%/Test% | Accuracy: 86.14%/76.89% | Precision: 86.28%/76.13% | Recall: 87.24%/77.97% | F1: 86.06%/76.24% | Time: fit=017s, train=003s, test=001s, total=021s
Epoch 147: Train%/Test% | Accuracy: 86.02%/75.00% | Precision: 86.18%/74.05% | Recall: 87.14%/75.67% | F1: 85.95%/74.21% | Time: fit=017s, train=003s, test=001s, total=021s
Epoch 148: Train%/Test% | Accuracy: 87.44%/77.83% | Precision: 87.30%/76.39% | Recall: 88.28%/77.64% | F1: 87.34%/76.78% | Time: fit=017s, train=003s, test=001s, total=021s
Epoch 149: Train%/Test% | Accuracy: 88.39%/79.72% | Precision: 88.14%/78.33% | Recall: 89.10%/79.67% | F1: 88.27%/78.76% | Time: fit=016s, train=003s, test=001s, total=020s
Epoch 150: Train%/Test% | Accuracy: 88.27%/79.72% | Precision: 88.01%/78.33% | Recall: 88.96%/79.67% | F1: 88.15%/78.76% | Time: fit=017s, train=004s, test=001s, total=021s
