[*] Load dataset...
[*] Fix malformed data...
[*] Split...
[*] Encoding...
[*] -> text...
[*] -> domain...
pipeline.py:185: SettingWithCopyWarning: 
A value is trying to be set on a copy of a slice from a DataFrame.
Try using .loc[row_indexer,col_indexer] = value instead

See the caveats in the documentation: https://pandas.pydata.org/pandas-docs/stable/user_guide/indexing.html#returning-a-view-versus-a-copy
  train_df['domain'] = train_df['url'].apply(extract_domain)
pipeline.py:186: SettingWithCopyWarning: 
A value is trying to be set on a copy of a slice from a DataFrame.
Try using .loc[row_indexer,col_indexer] = value instead

See the caveats in the documentation: https://pandas.pydata.org/pandas-docs/stable/user_guide/indexing.html#returning-a-view-versus-a-copy
  test_df['domain'] = test_df['url'].apply(extract_domain)
[*] Encoding complete!
==============================
Using GPU for training
Dataset: FakeNewsNet-politifact
TMU params: num-clauses=5000, T=150, s=5.0
Epochs: 150
Feature(s): text, domain
max-vocab=15000, max-domain=500, max-tweet=500
====================
Train size: 844
Train classes: 2
Test size: 212
Test classes: 2
Total features: 3252
==============================
[*] Training for 150 epochs...
Epoch   1: Train%/Test% | Accuracy: 59.24%/53.77% | Precision: 71.59%/69.59% | Recall: 64.39%/62.90% | F1: 57.25%/52.24% | Time: fit=018s, train=004s, test=001s, total=022s
Epoch   2: Train%/Test% | Accuracy: 70.14%/64.62% | Precision: 73.76%/69.71% | Recall: 72.80%/69.60% | F1: 70.07%/64.62% | Time: fit=019s, train=004s, test=001s, total=023s
Epoch   3: Train%/Test% | Accuracy: 70.02%/63.21% | Precision: 74.68%/69.44% | Recall: 73.05%/68.75% | F1: 69.88%/63.18% | Time: fit=019s, train=004s, test=001s, total=023s
Epoch   4: Train%/Test% | Accuracy: 78.91%/69.81% | Precision: 78.70%/68.73% | Recall: 79.45%/69.96% | F1: 78.72%/68.81% | Time: fit=018s, train=004s, test=001s, total=023s
Epoch   5: Train%/Test% | Accuracy: 75.36%/66.98% | Precision: 76.55%/68.39% | Recall: 76.93%/69.59% | F1: 75.34%/66.74% | Time: fit=018s, train=004s, test=001s, total=023s
Epoch   6: Train%/Test% | Accuracy: 75.36%/67.92% | Precision: 76.48%/68.73% | Recall: 76.89%/70.07% | F1: 75.34%/67.58% | Time: fit=018s, train=004s, test=001s, total=023s
Epoch   7: Train%/Test% | Accuracy: 75.47%/67.92% | Precision: 76.10%/67.92% | Recall: 76.68%/69.27% | F1: 75.42%/67.36% | Time: fit=018s, train=004s, test=001s, total=023s
Epoch   8: Train%/Test% | Accuracy: 59.24%/50.47% | Precision: 70.65%/62.87% | Recall: 64.23%/58.95% | F1: 57.43%/49.08% | Time: fit=018s, train=004s, test=001s, total=023s
Epoch   9: Train%/Test% | Accuracy: 60.66%/49.06% | Precision: 71.00%/59.61% | Recall: 65.38%/57.02% | F1: 59.23%/47.87% | Time: fit=018s, train=004s, test=001s, total=023s
Epoch  10: Train%/Test% | Accuracy: 62.56%/50.00% | Precision: 70.95%/59.09% | Recall: 66.78%/57.23% | F1: 61.65%/49.24% | Time: fit=018s, train=004s, test=001s, total=023s
Epoch  11: Train%/Test% | Accuracy: 65.40%/53.77% | Precision: 72.12%/61.18% | Recall: 69.11%/59.95% | F1: 64.91%/53.51% | Time: fit=018s, train=004s, test=001s, total=023s
Epoch  12: Train%/Test% | Accuracy: 66.23%/53.30% | Precision: 72.18%/60.87% | Recall: 69.70%/59.58% | F1: 65.87%/53.00% | Time: fit=018s, train=004s, test=001s, total=023s
Epoch  13: Train%/Test% | Accuracy: 64.45%/52.36% | Precision: 71.27%/60.22% | Recall: 68.21%/58.83% | F1: 63.91%/51.97% | Time: fit=018s, train=004s, test=001s, total=023s
Epoch  14: Train%/Test% | Accuracy: 65.05%/52.83% | Precision: 70.94%/60.55% | Recall: 68.53%/59.20% | F1: 64.65%/52.49% | Time: fit=018s, train=004s, test=001s, total=023s
Epoch  15: Train%/Test% | Accuracy: 65.17%/53.30% | Precision: 71.15%/60.37% | Recall: 68.67%/59.31% | F1: 64.77%/53.07% | Time: fit=018s, train=004s, test=001s, total=023s
Epoch  16: Train%/Test% | Accuracy: 64.81%/54.25% | Precision: 71.20%/61.49% | Recall: 68.44%/60.32% | F1: 64.34%/54.02% | Time: fit=018s, train=004s, test=001s, total=022s
Epoch  17: Train%/Test% | Accuracy: 67.06%/53.77% | Precision: 72.05%/60.21% | Recall: 70.22%/59.41% | F1: 66.83%/53.62% | Time: fit=018s, train=004s, test=001s, total=022s
Epoch  18: Train%/Test% | Accuracy: 66.71%/54.25% | Precision: 71.84%/60.08% | Recall: 69.92%/59.52% | F1: 66.46%/54.16% | Time: fit=018s, train=004s, test=001s, total=022s
Epoch  19: Train%/Test% | Accuracy: 66.47%/53.77% | Precision: 72.19%/59.76% | Recall: 69.87%/59.15% | F1: 66.14%/53.67% | Time: fit=018s, train=004s, test=001s, total=022s
Epoch  20: Train%/Test% | Accuracy: 67.42%/54.25% | Precision: 72.27%/60.08% | Recall: 70.53%/59.52% | F1: 67.21%/54.16% | Time: fit=018s, train=004s, test=001s, total=022s
Epoch  21: Train%/Test% | Accuracy: 77.96%/69.81% | Precision: 77.76%/68.55% | Recall: 78.47%/69.69% | F1: 77.76%/68.70% | Time: fit=018s, train=004s, test=001s, total=022s
Epoch  22: Train%/Test% | Accuracy: 77.25%/67.92% | Precision: 77.18%/66.64% | Recall: 77.90%/67.66% | F1: 77.08%/66.74% | Time: fit=018s, train=004s, test=001s, total=022s
Epoch  23: Train%/Test% | Accuracy: 77.96%/67.92% | Precision: 77.89%/66.83% | Recall: 78.63%/67.93% | F1: 77.80%/66.86% | Time: fit=018s, train=004s, test=001s, total=022s
Epoch  24: Train%/Test% | Accuracy: 78.44%/71.23% | Precision: 78.26%/69.91% | Recall: 79.00%/71.08% | F1: 78.25%/70.11% | Time: fit=018s, train=004s, test=001s, total=022s
Epoch  25: Train%/Test% | Accuracy: 78.20%/67.92% | Precision: 78.09%/66.83% | Recall: 78.83%/67.93% | F1: 78.03%/66.86% | Time: fit=018s, train=004s, test=001s, total=022s
Epoch  26: Train%/Test% | Accuracy: 78.44%/68.87% | Precision: 78.20%/67.78% | Recall: 78.92%/68.94% | F1: 78.23%/67.83% | Time: fit=017s, train=004s, test=001s, total=022s
Epoch  27: Train%/Test% | Accuracy: 78.32%/68.87% | Precision: 78.16%/67.78% | Recall: 78.90%/68.94% | F1: 78.14%/67.83% | Time: fit=018s, train=004s, test=001s, total=022s
Epoch  28: Train%/Test% | Accuracy: 78.55%/69.34% | Precision: 78.57%/68.16% | Recall: 79.34%/69.32% | F1: 78.42%/68.27% | Time: fit=018s, train=004s, test=001s, total=022s
Epoch  29: Train%/Test% | Accuracy: 79.62%/68.87% | Precision: 79.66%/68.40% | Recall: 80.45%/69.75% | F1: 79.50%/68.14% | Time: fit=017s, train=004s, test=001s, total=022s
Epoch  30: Train%/Test% | Accuracy: 79.38%/69.81% | Precision: 79.42%/69.57% | Recall: 80.21%/71.03% | F1: 79.26%/69.19% | Time: fit=017s, train=004s, test=001s, total=022s
Epoch  31: Train%/Test% | Accuracy: 79.15%/68.40% | Precision: 79.19%/68.27% | Recall: 79.96%/69.64% | F1: 79.02%/67.79% | Time: fit=018s, train=004s, test=001s, total=022s
Epoch  32: Train%/Test% | Accuracy: 78.67%/67.45% | Precision: 78.75%/67.09% | Recall: 79.52%/68.36% | F1: 78.55%/66.74% | Time: fit=018s, train=004s, test=001s, total=022s
Epoch  33: Train%/Test% | Accuracy: 78.91%/68.40% | Precision: 79.07%/68.27% | Recall: 79.84%/69.64% | F1: 78.80%/67.79% | Time: fit=018s, train=004s, test=001s, total=022s
Epoch  34: Train%/Test% | Accuracy: 79.38%/69.81% | Precision: 79.46%/69.57% | Recall: 80.25%/71.03% | F1: 79.26%/69.19% | Time: fit=018s, train=004s, test=001s, total=022s
Epoch  35: Train%/Test% | Accuracy: 79.62%/71.23% | Precision: 79.70%/70.87% | Recall: 80.49%/72.42% | F1: 79.50%/70.60% | Time: fit=017s, train=004s, test=001s, total=022s
Epoch  36: Train%/Test% | Accuracy: 80.33%/69.34% | Precision: 80.29%/69.47% | Recall: 81.10%/70.92% | F1: 80.20%/68.83% | Time: fit=017s, train=004s, test=001s, total=022s
Epoch  37: Train%/Test% | Accuracy: 80.09%/69.34% | Precision: 80.09%/68.98% | Recall: 80.90%/70.39% | F1: 79.96%/68.67% | Time: fit=018s, train=004s, test=001s, total=022s
Epoch  38: Train%/Test% | Accuracy: 79.27%/70.75% | Precision: 79.45%/70.07% | Recall: 80.22%/71.51% | F1: 79.16%/69.98% | Time: fit=018s, train=004s, test=001s, total=022s
Epoch  39: Train%/Test% | Accuracy: 79.03%/69.81% | Precision: 79.13%/69.34% | Recall: 79.90%/70.76% | F1: 78.91%/69.11% | Time: fit=017s, train=004s, test=001s, total=022s
Epoch  40: Train%/Test% | Accuracy: 79.27%/70.28% | Precision: 79.32%/69.93% | Recall: 80.10%/71.40% | F1: 79.14%/69.63% | Time: fit=018s, train=004s, test=001s, total=022s
Epoch  41: Train%/Test% | Accuracy: 79.62%/70.75% | Precision: 79.55%/70.07% | Recall: 80.33%/71.51% | F1: 79.47%/69.98% | Time: fit=018s, train=004s, test=001s, total=022s
Epoch  42: Train%/Test% | Accuracy: 79.74%/70.28% | Precision: 79.68%/69.50% | Recall: 80.47%/70.87% | F1: 79.59%/69.45% | Time: fit=018s, train=004s, test=001s, total=022s
Epoch  43: Train%/Test% | Accuracy: 79.15%/69.34% | Precision: 79.11%/68.76% | Recall: 79.88%/70.12% | F1: 79.00%/68.58% | Time: fit=018s, train=004s, test=001s, total=022s
Epoch  44: Train%/Test% | Accuracy: 79.50%/72.64% | Precision: 79.34%/71.77% | Recall: 80.11%/73.27% | F1: 79.33%/71.83% | Time: fit=018s, train=004s, test=001s, total=022s
Epoch  45: Train%/Test% | Accuracy: 79.27%/71.23% | Precision: 79.14%/70.25% | Recall: 79.91%/71.61% | F1: 79.10%/70.32% | Time: fit=017s, train=004s, test=001s, total=022s
Epoch  46: Train%/Test% | Accuracy: 80.45%/69.81% | Precision: 80.36%/68.55% | Recall: 81.16%/69.69% | F1: 80.30%/68.70% | Time: fit=017s, train=004s, test=001s, total=022s
Epoch  47: Train%/Test% | Accuracy: 81.04%/70.75% | Precision: 81.01%/69.68% | Recall: 81.83%/70.97% | F1: 80.91%/69.78% | Time: fit=017s, train=004s, test=001s, total=022s
Epoch  48: Train%/Test% | Accuracy: 81.52%/70.75% | Precision: 81.31%/69.68% | Recall: 82.12%/70.97% | F1: 81.35%/69.78% | Time: fit=017s, train=004s, test=001s, total=022s
Epoch  49: Train%/Test% | Accuracy: 81.04%/71.23% | Precision: 80.93%/70.07% | Recall: 81.75%/71.35% | F1: 80.90%/70.22% | Time: fit=018s, train=004s, test=001s, total=022s
Epoch  50: Train%/Test% | Accuracy: 81.52%/70.28% | Precision: 81.34%/69.12% | Recall: 82.16%/70.33% | F1: 81.36%/69.24% | Time: fit=017s, train=004s, test=001s, total=022s
Epoch  51: Train%/Test% | Accuracy: 81.40%/69.81% | Precision: 81.10%/68.55% | Recall: 81.86%/69.69% | F1: 81.20%/68.70% | Time: fit=017s, train=004s, test=001s, total=022s
Epoch  52: Train%/Test% | Accuracy: 81.28%/70.75% | Precision: 80.99%/69.51% | Recall: 81.76%/70.70% | F1: 81.08%/69.68% | Time: fit=017s, train=004s, test=001s, total=022s
Epoch  53: Train%/Test% | Accuracy: 81.28%/71.23% | Precision: 80.99%/70.07% | Recall: 81.76%/71.35% | F1: 81.08%/70.22% | Time: fit=017s, train=004s, test=001s, total=022s
Epoch  54: Train%/Test% | Accuracy: 81.40%/70.28% | Precision: 81.15%/69.12% | Recall: 81.94%/70.33% | F1: 81.22%/69.24% | Time: fit=018s, train=004s, test=001s, total=022s
Epoch  55: Train%/Test% | Accuracy: 82.11%/71.23% | Precision: 81.81%/70.25% | Recall: 82.59%/71.61% | F1: 81.92%/70.32% | Time: fit=017s, train=004s, test=001s, total=022s
Epoch  56: Train%/Test% | Accuracy: 82.58%/71.70% | Precision: 82.20%/70.31% | Recall: 82.92%/71.45% | F1: 82.36%/70.54% | Time: fit=017s, train=004s, test=001s, total=022s
Epoch  57: Train%/Test% | Accuracy: 82.23%/70.28% | Precision: 81.83%/68.79% | Recall: 82.54%/69.80% | F1: 81.99%/69.01% | Time: fit=017s, train=004s, test=001s, total=022s
Epoch  58: Train%/Test% | Accuracy: 81.52%/70.28% | Precision: 81.12%/68.95% | Recall: 81.81%/70.06% | F1: 81.27%/69.13% | Time: fit=017s, train=004s, test=001s, total=022s
Epoch  59: Train%/Test% | Accuracy: 81.52%/70.75% | Precision: 81.18%/69.68% | Recall: 81.93%/70.97% | F1: 81.30%/69.78% | Time: fit=018s, train=004s, test=001s, total=022s
Epoch  60: Train%/Test% | Accuracy: 81.64%/71.70% | Precision: 81.31%/70.31% | Recall: 82.07%/71.45% | F1: 81.43%/70.54% | Time: fit=017s, train=004s, test=001s, total=022s
Epoch  61: Train%/Test% | Accuracy: 80.92%/71.23% | Precision: 80.65%/69.91% | Recall: 81.42%/71.08% | F1: 80.73%/70.11% | Time: fit=017s, train=003s, test=001s, total=022s
Epoch  62: Train%/Test% | Accuracy: 78.79%/71.70% | Precision: 78.29%/69.58% | Recall: 77.97%/69.58% | F1: 78.11%/69.58% | Time: fit=017s, train=003s, test=001s, total=022s
Epoch  63: Train%/Test% | Accuracy: 78.91%/68.40% | Precision: 79.03%/68.27% | Recall: 79.80%/69.64% | F1: 78.80%/67.79% | Time: fit=017s, train=004s, test=001s, total=022s
Epoch  64: Train%/Test% | Accuracy: 79.03%/69.34% | Precision: 79.26%/69.22% | Recall: 80.02%/70.66% | F1: 78.93%/68.75% | Time: fit=017s, train=004s, test=001s, total=022s
Epoch  65: Train%/Test% | Accuracy: 73.70%/63.21% | Precision: 75.66%/66.28% | Recall: 75.66%/66.88% | F1: 73.70%/63.16% | Time: fit=017s, train=004s, test=001s, total=022s
Epoch  66: Train%/Test% | Accuracy: 73.93%/63.68% | Precision: 75.83%/66.21% | Recall: 75.87%/66.98% | F1: 73.93%/63.58% | Time: fit=017s, train=004s, test=001s, total=022s
Epoch  67: Train%/Test% | Accuracy: 73.82%/62.26% | Precision: 75.67%/65.30% | Recall: 75.72%/65.86% | F1: 73.81%/62.21% | Time: fit=017s, train=004s, test=001s, total=022s
Epoch  68: Train%/Test% | Accuracy: 74.29%/62.74% | Precision: 76.15%/65.98% | Recall: 76.21%/66.50% | F1: 74.29%/62.70% | Time: fit=017s, train=004s, test=001s, total=022s
Epoch  69: Train%/Test% | Accuracy: 74.64%/62.74% | Precision: 76.40%/65.98% | Recall: 76.52%/66.50% | F1: 74.64%/62.70% | Time: fit=017s, train=004s, test=001s, total=022s
Epoch  70: Train%/Test% | Accuracy: 74.88%/63.68% | Precision: 76.56%/66.21% | Recall: 76.72%/66.98% | F1: 74.88%/63.58% | Time: fit=017s, train=004s, test=001s, total=022s
Epoch  71: Train%/Test% | Accuracy: 74.64%/64.62% | Precision: 76.32%/66.83% | Recall: 76.48%/67.73% | F1: 74.64%/64.49% | Time: fit=017s, train=004s, test=001s, total=022s
Epoch  72: Train%/Test% | Accuracy: 74.76%/64.62% | Precision: 76.72%/66.83% | Recall: 76.74%/67.73% | F1: 74.76%/64.49% | Time: fit=017s, train=004s, test=001s, total=022s
Epoch  73: Train%/Test% | Accuracy: 75.00%/64.62% | Precision: 76.65%/67.55% | Recall: 76.82%/68.26% | F1: 75.00%/64.56% | Time: fit=017s, train=004s, test=001s, total=022s
Epoch  74: Train%/Test% | Accuracy: 75.36%/64.62% | Precision: 76.97%/67.18% | Recall: 77.17%/68.00% | F1: 75.35%/64.53% | Time: fit=017s, train=004s, test=001s, total=022s
Epoch  75: Train%/Test% | Accuracy: 75.24%/63.68% | Precision: 76.67%/66.21% | Recall: 76.95%/66.98% | F1: 75.23%/63.58% | Time: fit=017s, train=004s, test=001s, total=022s
Epoch  76: Train%/Test% | Accuracy: 75.24%/64.62% | Precision: 76.74%/67.18% | Recall: 76.99%/68.00% | F1: 75.23%/64.53% | Time: fit=017s, train=003s, test=001s, total=022s
Epoch  77: Train%/Test% | Accuracy: 81.16%/69.81% | Precision: 81.04%/68.92% | Recall: 81.85%/70.23% | F1: 81.01%/68.91% | Time: fit=017s, train=004s, test=001s, total=022s
Epoch  78: Train%/Test% | Accuracy: 80.45%/71.23% | Precision: 80.43%/70.65% | Recall: 81.24%/72.15% | F1: 80.32%/70.51% | Time: fit=017s, train=004s, test=001s, total=022s
Epoch  79: Train%/Test% | Accuracy: 81.40%/72.17% | Precision: 81.34%/71.39% | Recall: 82.18%/72.90% | F1: 81.27%/71.39% | Time: fit=017s, train=004s, test=001s, total=022s
Epoch  80: Train%/Test% | Accuracy: 80.69%/71.70% | Precision: 80.63%/71.02% | Recall: 81.45%/72.52% | F1: 80.55%/70.95% | Time: fit=017s, train=004s, test=001s, total=022s
Epoch  81: Train%/Test% | Accuracy: 81.04%/70.75% | Precision: 80.93%/70.07% | Recall: 81.75%/71.51% | F1: 80.90%/69.98% | Time: fit=017s, train=003s, test=001s, total=022s
Epoch  82: Train%/Test% | Accuracy: 81.16%/71.70% | Precision: 81.14%/71.02% | Recall: 81.97%/72.52% | F1: 81.03%/70.95% | Time: fit=017s, train=004s, test=001s, total=022s
Epoch  83: Train%/Test% | Accuracy: 80.57%/71.70% | Precision: 80.46%/71.02% | Recall: 81.27%/72.52% | F1: 80.42%/70.95% | Time: fit=017s, train=004s, test=001s, total=022s
Epoch  84: Train%/Test% | Accuracy: 80.57%/72.64% | Precision: 80.43%/71.77% | Recall: 81.23%/73.27% | F1: 80.41%/71.83% | Time: fit=017s, train=004s, test=001s, total=022s
Epoch  85: Train%/Test% | Accuracy: 81.04%/72.17% | Precision: 80.87%/71.39% | Recall: 81.67%/72.90% | F1: 80.88%/71.39% | Time: fit=017s, train=004s, test=001s, total=022s
Epoch  86: Train%/Test% | Accuracy: 65.28%/56.13% | Precision: 72.80%/64.32% | Recall: 69.20%/62.62% | F1: 64.67%/55.85% | Time: fit=017s, train=004s, test=001s, total=022s
Epoch  87: Train%/Test% | Accuracy: 80.92%/72.17% | Precision: 80.74%/71.59% | Recall: 81.53%/73.16% | F1: 80.76%/71.48% | Time: fit=017s, train=004s, test=001s, total=022s
Epoch  88: Train%/Test% | Accuracy: 81.87%/72.17% | Precision: 81.57%/71.39% | Recall: 82.35%/72.90% | F1: 81.68%/71.39% | Time: fit=017s, train=003s, test=001s, total=021s
Epoch  89: Train%/Test% | Accuracy: 82.11%/72.17% | Precision: 81.76%/71.39% | Recall: 82.51%/72.90% | F1: 81.90%/71.39% | Time: fit=017s, train=003s, test=001s, total=021s
Epoch  90: Train%/Test% | Accuracy: 82.35%/72.64% | Precision: 81.98%/71.59% | Recall: 82.72%/73.00% | F1: 82.13%/71.73% | Time: fit=017s, train=004s, test=001s, total=022s
Epoch  91: Train%/Test% | Accuracy: 75.24%/65.09% | Precision: 76.46%/67.14% | Recall: 76.83%/68.10% | F1: 75.22%/64.94% | Time: fit=017s, train=004s, test=001s, total=022s
Epoch  92: Train%/Test% | Accuracy: 82.35%/74.53% | Precision: 81.91%/73.06% | Recall: 82.56%/74.23% | F1: 82.09%/73.38% | Time: fit=017s, train=004s, test=001s, total=022s
Epoch  93: Train%/Test% | Accuracy: 82.11%/72.64% | Precision: 81.71%/71.59% | Recall: 82.40%/73.00% | F1: 81.87%/71.73% | Time: fit=017s, train=004s, test=001s, total=022s
Epoch  94: Train%/Test% | Accuracy: 81.99%/74.06% | Precision: 81.58%/72.52% | Recall: 82.26%/73.58% | F1: 81.74%/72.83% | Time: fit=017s, train=004s, test=001s, total=022s
Epoch  95: Train%/Test% | Accuracy: 81.87%/72.64% | Precision: 81.51%/71.42% | Recall: 82.23%/72.73% | F1: 81.65%/71.63% | Time: fit=017s, train=004s, test=001s, total=022s
Epoch  96: Train%/Test% | Accuracy: 82.11%/72.17% | Precision: 81.76%/71.03% | Recall: 82.51%/72.36% | F1: 81.90%/71.19% | Time: fit=017s, train=004s, test=001s, total=022s
Epoch  97: Train%/Test% | Accuracy: 82.11%/71.23% | Precision: 81.84%/70.25% | Recall: 82.63%/71.61% | F1: 81.93%/70.32% | Time: fit=017s, train=004s, test=001s, total=022s
Epoch  98: Train%/Test% | Accuracy: 81.40%/70.75% | Precision: 81.21%/69.87% | Recall: 82.02%/71.24% | F1: 81.23%/69.89% | Time: fit=017s, train=004s, test=001s, total=022s
Epoch  99: Train%/Test% | Accuracy: 81.87%/71.70% | Precision: 81.65%/71.02% | Recall: 82.47%/72.52% | F1: 81.70%/70.95% | Time: fit=017s, train=004s, test=001s, total=022s
Epoch 100: Train%/Test% | Accuracy: 81.64%/72.64% | Precision: 81.42%/71.77% | Recall: 82.22%/73.27% | F1: 81.46%/71.83% | Time: fit=017s, train=004s, test=001s, total=022s
Epoch 101: Train%/Test% | Accuracy: 81.99%/71.23% | Precision: 81.73%/70.44% | Recall: 82.53%/71.88% | F1: 81.81%/70.42% | Time: fit=017s, train=003s, test=001s, total=022s
Epoch 102: Train%/Test% | Accuracy: 81.64%/70.75% | Precision: 81.34%/69.87% | Recall: 82.11%/71.24% | F1: 81.44%/69.89% | Time: fit=017s, train=003s, test=001s, total=022s
Epoch 103: Train%/Test% | Accuracy: 81.28%/70.28% | Precision: 80.92%/69.30% | Recall: 81.64%/70.60% | F1: 81.05%/69.35% | Time: fit=017s, train=004s, test=001s, total=022s
Epoch 104: Train%/Test% | Accuracy: 81.87%/72.64% | Precision: 81.55%/71.59% | Recall: 82.31%/73.00% | F1: 81.67%/71.73% | Time: fit=017s, train=003s, test=001s, total=022s
Epoch 105: Train%/Test% | Accuracy: 81.75%/71.23% | Precision: 81.49%/70.25% | Recall: 82.29%/71.61% | F1: 81.57%/70.32% | Time: fit=017s, train=004s, test=001s, total=022s
Epoch 106: Train%/Test% | Accuracy: 77.96%/70.28% | Precision: 77.53%/67.96% | Recall: 76.86%/67.65% | F1: 77.12%/67.79% | Time: fit=017s, train=004s, test=001s, total=022s
Epoch 107: Train%/Test% | Accuracy: 82.46%/71.23% | Precision: 82.23%/70.44% | Recall: 83.06%/71.88% | F1: 82.30%/70.42% | Time: fit=017s, train=004s, test=001s, total=022s
Epoch 108: Train%/Test% | Accuracy: 82.35%/71.70% | Precision: 82.10%/71.02% | Recall: 82.91%/72.52% | F1: 82.17%/70.95% | Time: fit=017s, train=004s, test=001s, total=022s
Epoch 109: Train%/Test% | Accuracy: 82.58%/72.17% | Precision: 82.34%/71.39% | Recall: 83.16%/72.90% | F1: 82.41%/71.39% | Time: fit=017s, train=004s, test=001s, total=022s
Epoch 110: Train%/Test% | Accuracy: 82.46%/72.64% | Precision: 82.23%/71.77% | Recall: 83.06%/73.27% | F1: 82.30%/71.83% | Time: fit=017s, train=003s, test=001s, total=021s
Epoch 111: Train%/Test% | Accuracy: 78.91%/72.64% | Precision: 78.43%/70.71% | Recall: 78.03%/71.13% | F1: 78.20%/70.89% | Time: fit=017s, train=004s, test=001s, total=022s
Epoch 112: Train%/Test% | Accuracy: 78.79%/72.17% | Precision: 78.27%/70.18% | Recall: 78.01%/70.48% | F1: 78.13%/70.31% | Time: fit=017s, train=004s, test=001s, total=022s
Epoch 113: Train%/Test% | Accuracy: 79.15%/72.17% | Precision: 78.65%/70.11% | Recall: 78.36%/70.22% | F1: 78.49%/70.16% | Time: fit=017s, train=003s, test=001s, total=022s
Epoch 114: Train%/Test% | Accuracy: 78.44%/71.23% | Precision: 77.89%/69.18% | Recall: 77.70%/69.47% | F1: 77.79%/69.31% | Time: fit=017s, train=003s, test=001s, total=022s
Epoch 115: Train%/Test% | Accuracy: 78.20%/72.17% | Precision: 77.64%/70.18% | Recall: 77.50%/70.48% | F1: 77.56%/70.31% | Time: fit=017s, train=003s, test=001s, total=022s
Epoch 116: Train%/Test% | Accuracy: 78.20%/72.17% | Precision: 77.64%/70.18% | Recall: 77.46%/70.48% | F1: 77.55%/70.31% | Time: fit=017s, train=003s, test=001s, total=022s
Epoch 117: Train%/Test% | Accuracy: 78.32%/71.23% | Precision: 77.75%/69.27% | Recall: 77.64%/69.74% | F1: 77.70%/69.46% | Time: fit=017s, train=004s, test=001s, total=022s
Epoch 118: Train%/Test% | Accuracy: 79.50%/73.58% | Precision: 79.04%/71.65% | Recall: 78.66%/71.87% | F1: 78.82%/71.75% | Time: fit=017s, train=003s, test=001s, total=022s
Epoch 119: Train%/Test% | Accuracy: 78.32%/72.17% | Precision: 77.77%/70.26% | Recall: 77.56%/70.75% | F1: 77.66%/70.46% | Time: fit=017s, train=003s, test=001s, total=022s
Epoch 120: Train%/Test% | Accuracy: 78.67%/72.64% | Precision: 78.15%/70.71% | Recall: 77.91%/71.13% | F1: 78.02%/70.89% | Time: fit=017s, train=003s, test=001s, total=022s
Epoch 121: Train%/Test% | Accuracy: 78.44%/72.17% | Precision: 77.89%/70.26% | Recall: 77.70%/70.75% | F1: 77.79%/70.46% | Time: fit=017s, train=004s, test=001s, total=022s
Epoch 122: Train%/Test% | Accuracy: 78.55%/71.70% | Precision: 78.01%/69.72% | Recall: 77.85%/70.11% | F1: 77.92%/69.89% | Time: fit=017s, train=004s, test=001s, total=022s
Epoch 123: Train%/Test% | Accuracy: 78.32%/71.70% | Precision: 77.75%/69.81% | Recall: 77.64%/70.38% | F1: 77.70%/70.03% | Time: fit=017s, train=003s, test=001s, total=021s
Epoch 124: Train%/Test% | Accuracy: 78.32%/72.17% | Precision: 77.76%/70.26% | Recall: 77.60%/70.75% | F1: 77.68%/70.46% | Time: fit=017s, train=003s, test=001s, total=022s
Epoch 125: Train%/Test% | Accuracy: 81.52%/72.17% | Precision: 81.26%/71.20% | Recall: 82.04%/72.63% | F1: 81.33%/71.30% | Time: fit=017s, train=003s, test=001s, total=022s
Epoch 126: Train%/Test% | Accuracy: 81.64%/73.11% | Precision: 81.39%/72.15% | Recall: 82.18%/73.64% | F1: 81.46%/72.27% | Time: fit=017s, train=004s, test=001s, total=022s
Epoch 127: Train%/Test% | Accuracy: 81.99%/73.58% | Precision: 81.70%/72.54% | Recall: 82.49%/74.01% | F1: 81.80%/72.71% | Time: fit=018s, train=004s, test=001s, total=022s
Epoch 128: Train%/Test% | Accuracy: 82.58%/73.58% | Precision: 82.24%/72.54% | Recall: 83.00%/74.01% | F1: 82.38%/72.71% | Time: fit=017s, train=004s, test=001s, total=022s
Epoch 129: Train%/Test% | Accuracy: 81.99%/73.58% | Precision: 81.73%/72.54% | Recall: 82.53%/74.01% | F1: 81.81%/72.71% | Time: fit=017s, train=003s, test=001s, total=022s
Epoch 130: Train%/Test% | Accuracy: 81.99%/72.64% | Precision: 81.68%/71.77% | Recall: 82.45%/73.27% | F1: 81.79%/71.83% | Time: fit=017s, train=004s, test=001s, total=022s
Epoch 131: Train%/Test% | Accuracy: 81.75%/73.11% | Precision: 81.44%/71.98% | Recall: 82.21%/73.37% | F1: 81.55%/72.17% | Time: fit=017s, train=004s, test=001s, total=022s
Epoch 132: Train%/Test% | Accuracy: 81.64%/74.06% | Precision: 81.36%/72.93% | Recall: 82.15%/74.39% | F1: 81.45%/73.15% | Time: fit=017s, train=004s, test=001s, total=022s
Epoch 133: Train%/Test% | Accuracy: 81.75%/74.53% | Precision: 81.52%/73.49% | Recall: 82.33%/75.03% | F1: 81.58%/73.68% | Time: fit=017s, train=004s, test=001s, total=022s
Epoch 134: Train%/Test% | Accuracy: 82.35%/74.53% | Precision: 82.05%/73.67% | Recall: 82.84%/75.30% | F1: 82.16%/73.77% | Time: fit=017s, train=004s, test=001s, total=022s
Epoch 135: Train%/Test% | Accuracy: 82.11%/73.11% | Precision: 81.76%/72.15% | Recall: 82.51%/73.64% | F1: 81.90%/72.27% | Time: fit=017s, train=004s, test=001s, total=022s
Epoch 136: Train%/Test% | Accuracy: 81.99%/72.64% | Precision: 81.73%/71.77% | Recall: 82.53%/73.27% | F1: 81.81%/71.83% | Time: fit=017s, train=004s, test=001s, total=022s
Epoch 137: Train%/Test% | Accuracy: 71.45%/61.79% | Precision: 74.90%/65.79% | Recall: 74.04%/66.03% | F1: 71.40%/61.78% | Time: fit=017s, train=003s, test=001s, total=022s
Epoch 138: Train%/Test% | Accuracy: 71.33%/62.26% | Precision: 74.62%/66.08% | Recall: 73.86%/66.40% | F1: 71.29%/62.25% | Time: fit=017s, train=004s, test=001s, total=022s
Epoch 139: Train%/Test% | Accuracy: 82.46%/73.11% | Precision: 82.18%/72.15% | Recall: 82.98%/73.64% | F1: 82.28%/72.27% | Time: fit=017s, train=003s, test=001s, total=022s
Epoch 140: Train%/Test% | Accuracy: 82.23%/73.58% | Precision: 81.89%/72.54% | Recall: 82.66%/74.01% | F1: 82.02%/72.71% | Time: fit=017s, train=003s, test=001s, total=022s
Epoch 141: Train%/Test% | Accuracy: 82.23%/73.11% | Precision: 81.87%/72.34% | Recall: 82.62%/73.91% | F1: 82.01%/72.36% | Time: fit=017s, train=003s, test=001s, total=022s
Epoch 142: Train%/Test% | Accuracy: 81.99%/72.17% | Precision: 81.68%/71.20% | Recall: 82.45%/72.63% | F1: 81.79%/71.30% | Time: fit=017s, train=004s, test=001s, total=022s
Epoch 143: Train%/Test% | Accuracy: 82.70%/72.17% | Precision: 82.35%/71.20% | Recall: 83.10%/72.63% | F1: 82.49%/71.30% | Time: fit=017s, train=004s, test=001s, total=022s
Epoch 144: Train%/Test% | Accuracy: 83.06%/72.64% | Precision: 82.69%/71.59% | Recall: 83.45%/73.00% | F1: 82.85%/71.73% | Time: fit=017s, train=004s, test=001s, total=022s
Epoch 145: Train%/Test% | Accuracy: 82.70%/72.17% | Precision: 82.29%/71.20% | Recall: 82.99%/72.63% | F1: 82.47%/71.30% | Time: fit=017s, train=004s, test=001s, total=022s
Epoch 146: Train%/Test% | Accuracy: 82.46%/72.64% | Precision: 82.11%/71.59% | Recall: 82.86%/73.00% | F1: 82.25%/71.73% | Time: fit=017s, train=004s, test=001s, total=022s
Epoch 147: Train%/Test% | Accuracy: 77.49%/70.28% | Precision: 76.91%/68.28% | Recall: 76.73%/68.72% | F1: 76.81%/68.46% | Time: fit=017s, train=004s, test=001s, total=022s
Epoch 148: Train%/Test% | Accuracy: 77.13%/70.28% | Precision: 76.55%/68.39% | Recall: 76.35%/68.99% | F1: 76.44%/68.61% | Time: fit=017s, train=004s, test=001s, total=022s
Epoch 149: Train%/Test% | Accuracy: 77.49%/68.87% | Precision: 76.92%/66.74% | Recall: 76.69%/67.07% | F1: 76.79%/66.88% | Time: fit=017s, train=004s, test=001s, total=022s
Epoch 150: Train%/Test% | Accuracy: 77.73%/69.34% | Precision: 77.17%/67.18% | Recall: 76.90%/67.44% | F1: 77.02%/67.30% | Time: fit=017s, train=003s, test=001s, total=021s
