[*] Load dataset...
[*] Fix malformed data...
[*] Split...
[*] Encoding...
[*] -> text...
[*] Encoding complete!
==============================
Using GPU for training
Dataset: FakeNewsNet-politifact
TMU params: num-clauses=5000, T=100, s=10.0
Epochs: 100
Feature(s): text
max-vocab=3000, max-domain=500, max-tweet=500
====================
Train size: 844
Train classes: 2
Test size: 212
Test classes: 2
Total features: 2934
==============================
[*] Training for 100 epochs...
Epoch   1: Train%/Test% | Accuracy: 55.69%/48.58% | Precision: 66.32%/58.60% | Recall: 60.78%/56.38% | F1: 53.48%/47.46% | Time: fit=003s, train=000s, test=000s, total=003s
Epoch   2: Train%/Test% | Accuracy: 75.47%/72.17% | Precision: 75.02%/70.31% | Recall: 74.09%/67.54% | F1: 74.40%/68.19% | Time: fit=001s, train=000s, test=000s, total=002s
Epoch   3: Train%/Test% | Accuracy: 74.76%/72.17% | Precision: 75.45%/71.47% | Recall: 72.23%/65.93% | F1: 72.72%/66.53% | Time: fit=001s, train=000s, test=000s, total=002s
Epoch   4: Train%/Test% | Accuracy: 77.37%/71.23% | Precision: 77.04%/69.13% | Recall: 76.04%/66.52% | F1: 76.38%/67.11% | Time: fit=001s, train=000s, test=000s, total=002s
Epoch   5: Train%/Test% | Accuracy: 78.79%/73.11% | Precision: 79.44%/72.25% | Recall: 76.76%/67.48% | F1: 77.38%/68.25% | Time: fit=001s, train=000s, test=000s, total=002s
Epoch   6: Train%/Test% | Accuracy: 77.61%/73.11% | Precision: 77.01%/71.12% | Recall: 76.99%/71.23% | F1: 77.00%/71.17% | Time: fit=001s, train=000s, test=000s, total=001s
Epoch   7: Train%/Test% | Accuracy: 76.42%/70.28% | Precision: 75.99%/68.64% | Recall: 76.56%/69.53% | F1: 76.11%/68.88% | Time: fit=001s, train=000s, test=000s, total=001s
Epoch   8: Train%/Test% | Accuracy: 76.78%/69.34% | Precision: 76.57%/68.55% | Recall: 77.26%/69.85% | F1: 76.57%/68.48% | Time: fit=001s, train=000s, test=000s, total=001s
Epoch   9: Train%/Test% | Accuracy: 77.25%/71.70% | Precision: 76.96%/70.03% | Recall: 77.62%/70.91% | F1: 77.01%/70.30% | Time: fit=001s, train=000s, test=000s, total=001s
Epoch  10: Train%/Test% | Accuracy: 76.30%/72.64% | Precision: 76.47%/71.42% | Recall: 77.16%/72.73% | F1: 76.18%/71.63% | Time: fit=001s, train=000s, test=000s, total=001s
Epoch  11: Train%/Test% | Accuracy: 78.20%/72.64% | Precision: 77.83%/71.00% | Recall: 78.48%/71.93% | F1: 77.94%/71.29% | Time: fit=001s, train=000s, test=000s, total=001s
Epoch  12: Train%/Test% | Accuracy: 77.84%/72.64% | Precision: 77.90%/71.42% | Recall: 78.64%/72.73% | F1: 77.71%/71.63% | Time: fit=001s, train=000s, test=000s, total=001s
Epoch  13: Train%/Test% | Accuracy: 78.08%/70.28% | Precision: 78.36%/69.50% | Recall: 79.08%/70.87% | F1: 77.99%/69.45% | Time: fit=001s, train=000s, test=000s, total=001s
Epoch  14: Train%/Test% | Accuracy: 78.67%/69.34% | Precision: 79.02%/68.76% | Recall: 79.75%/70.12% | F1: 78.59%/68.58% | Time: fit=001s, train=000s, test=000s, total=001s
Epoch  15: Train%/Test% | Accuracy: 77.49%/69.34% | Precision: 78.32%/69.22% | Recall: 78.89%/70.66% | F1: 77.45%/68.75% | Time: fit=001s, train=000s, test=000s, total=002s
Epoch  16: Train%/Test% | Accuracy: 76.90%/66.98% | Precision: 77.94%/68.08% | Recall: 78.42%/69.33% | F1: 76.87%/66.68% | Time: fit=001s, train=000s, test=000s, total=001s
Epoch  17: Train%/Test% | Accuracy: 76.42%/66.51% | Precision: 77.46%/66.64% | Recall: 77.93%/67.88% | F1: 76.40%/65.96% | Time: fit=001s, train=000s, test=000s, total=001s
Epoch  18: Train%/Test% | Accuracy: 76.66%/66.04% | Precision: 77.52%/66.04% | Recall: 78.06%/67.24% | F1: 76.62%/65.43% | Time: fit=001s, train=000s, test=000s, total=001s
Epoch  19: Train%/Test% | Accuracy: 77.49%/66.04% | Precision: 78.20%/65.79% | Recall: 78.81%/66.97% | F1: 77.44%/65.34% | Time: fit=001s, train=000s, test=000s, total=001s
Epoch  20: Train%/Test% | Accuracy: 76.18%/66.98% | Precision: 77.29%/67.24% | Recall: 77.73%/68.52% | F1: 76.16%/66.48% | Time: fit=001s, train=000s, test=000s, total=001s
Epoch  21: Train%/Test% | Accuracy: 68.48%/52.36% | Precision: 74.16%/59.72% | Recall: 71.84%/58.56% | F1: 68.21%/52.05% | Time: fit=001s, train=000s, test=000s, total=001s
Epoch  22: Train%/Test% | Accuracy: 68.13%/52.36% | Precision: 73.69%/59.72% | Recall: 71.45%/58.56% | F1: 67.86%/52.05% | Time: fit=001s, train=000s, test=000s, total=001s
Epoch  23: Train%/Test% | Accuracy: 68.25%/55.19% | Precision: 73.63%/61.16% | Recall: 71.52%/60.53% | F1: 68.00%/55.11% | Time: fit=001s, train=000s, test=000s, total=001s
Epoch  24: Train%/Test% | Accuracy: 70.02%/58.49% | Precision: 74.33%/62.88% | Recall: 72.93%/62.88% | F1: 69.91%/58.49% | Time: fit=001s, train=000s, test=000s, total=001s
Epoch  25: Train%/Test% | Accuracy: 69.31%/56.13% | Precision: 74.14%/61.78% | Recall: 72.40%/61.28% | F1: 69.14%/56.08% | Time: fit=001s, train=000s, test=000s, total=001s
Epoch  26: Train%/Test% | Accuracy: 72.27%/56.60% | Precision: 76.04%/60.47% | Recall: 74.99%/60.58% | F1: 72.21%/56.60% | Time: fit=001s, train=000s, test=000s, total=001s
Epoch  27: Train%/Test% | Accuracy: 77.84%/70.28% | Precision: 78.42%/69.70% | Recall: 79.08%/71.13% | F1: 77.79%/69.55% | Time: fit=001s, train=000s, test=000s, total=001s
Epoch  28: Train%/Test% | Accuracy: 78.32%/69.81% | Precision: 78.79%/69.34% | Recall: 79.48%/70.76% | F1: 78.25%/69.11% | Time: fit=001s, train=000s, test=000s, total=001s
Epoch  29: Train%/Test% | Accuracy: 78.20%/69.34% | Precision: 78.70%/68.55% | Recall: 79.38%/69.85% | F1: 78.13%/68.48% | Time: fit=001s, train=000s, test=000s, total=001s
Epoch  30: Train%/Test% | Accuracy: 79.50%/70.28% | Precision: 79.83%/69.70% | Recall: 80.58%/71.13% | F1: 79.42%/69.55% | Time: fit=001s, train=000s, test=000s, total=001s
Epoch  31: Train%/Test% | Accuracy: 79.38%/71.70% | Precision: 79.64%/70.47% | Recall: 80.40%/71.72% | F1: 79.29%/70.65% | Time: fit=001s, train=000s, test=000s, total=001s
Epoch  32: Train%/Test% | Accuracy: 77.73%/70.75% | Precision: 78.27%/70.07% | Recall: 78.93%/71.51% | F1: 77.66%/69.98% | Time: fit=001s, train=000s, test=000s, total=001s
Epoch  33: Train%/Test% | Accuracy: 77.73%/69.81% | Precision: 78.33%/70.07% | Recall: 78.97%/71.57% | F1: 77.67%/69.35% | Time: fit=001s, train=000s, test=000s, total=001s
Epoch  34: Train%/Test% | Accuracy: 79.38%/70.75% | Precision: 79.68%/70.07% | Recall: 80.44%/71.51% | F1: 79.30%/69.98% | Time: fit=001s, train=000s, test=000s, total=001s
Epoch  35: Train%/Test% | Accuracy: 80.69%/70.28% | Precision: 80.67%/69.50% | Recall: 81.49%/70.87% | F1: 80.56%/69.45% | Time: fit=001s, train=000s, test=000s, total=001s
Epoch  36: Train%/Test% | Accuracy: 81.04%/70.75% | Precision: 81.12%/70.07% | Recall: 81.95%/71.51% | F1: 80.93%/69.98% | Time: fit=001s, train=000s, test=000s, total=001s
Epoch  37: Train%/Test% | Accuracy: 81.16%/72.17% | Precision: 81.14%/71.39% | Recall: 81.97%/72.90% | F1: 81.03%/71.39% | Time: fit=001s, train=000s, test=000s, total=001s
Epoch  38: Train%/Test% | Accuracy: 80.92%/71.23% | Precision: 80.94%/70.44% | Recall: 81.77%/71.88% | F1: 80.80%/70.42% | Time: fit=001s, train=000s, test=000s, total=001s
Epoch  39: Train%/Test% | Accuracy: 80.33%/72.64% | Precision: 80.45%/71.77% | Recall: 81.26%/73.27% | F1: 80.23%/71.83% | Time: fit=001s, train=000s, test=000s, total=001s
Epoch  40: Train%/Test% | Accuracy: 80.45%/73.58% | Precision: 80.64%/72.91% | Recall: 81.44%/74.55% | F1: 80.35%/72.89% | Time: fit=001s, train=000s, test=000s, total=001s
Epoch  41: Train%/Test% | Accuracy: 80.69%/75.00% | Precision: 80.67%/73.89% | Recall: 81.49%/75.40% | F1: 80.56%/74.12% | Time: fit=001s, train=000s, test=000s, total=001s
Epoch  42: Train%/Test% | Accuracy: 79.98%/72.64% | Precision: 80.30%/72.17% | Recall: 81.07%/73.80% | F1: 79.90%/72.00% | Time: fit=001s, train=000s, test=000s, total=001s
Epoch  43: Train%/Test% | Accuracy: 80.21%/74.06% | Precision: 80.74%/73.93% | Recall: 81.47%/75.73% | F1: 80.16%/73.56% | Time: fit=001s, train=000s, test=000s, total=001s
Epoch  44: Train%/Test% | Accuracy: 79.38%/74.06% | Precision: 79.83%/73.70% | Recall: 80.56%/75.46% | F1: 79.32%/73.49% | Time: fit=001s, train=000s, test=000s, total=001s
Epoch  45: Train%/Test% | Accuracy: 80.57%/72.17% | Precision: 80.92%/71.81% | Recall: 81.70%/73.43% | F1: 80.49%/71.56% | Time: fit=001s, train=000s, test=000s, total=001s
Epoch  46: Train%/Test% | Accuracy: 81.64%/75.00% | Precision: 81.82%/74.23% | Recall: 82.65%/75.94% | F1: 81.54%/74.30% | Time: fit=001s, train=000s, test=000s, total=001s
Epoch  47: Train%/Test% | Accuracy: 81.52%/75.00% | Precision: 81.73%/74.05% | Recall: 82.55%/75.67% | F1: 81.43%/74.21% | Time: fit=001s, train=000s, test=000s, total=001s
Epoch  48: Train%/Test% | Accuracy: 80.33%/71.70% | Precision: 80.73%/71.46% | Recall: 81.49%/73.06% | F1: 80.26%/71.12% | Time: fit=001s, train=000s, test=000s, total=001s
Epoch  49: Train%/Test% | Accuracy: 80.57%/70.28% | Precision: 81.18%/70.41% | Recall: 81.89%/71.94% | F1: 80.52%/69.79% | Time: fit=001s, train=000s, test=000s, total=001s
Epoch  50: Train%/Test% | Accuracy: 80.92%/69.81% | Precision: 81.63%/70.07% | Recall: 82.32%/71.57% | F1: 80.88%/69.35% | Time: fit=001s, train=000s, test=000s, total=001s
Epoch  51: Train%/Test% | Accuracy: 79.98%/69.34% | Precision: 81.05%/70.01% | Recall: 81.58%/71.46% | F1: 79.96%/68.97% | Time: fit=001s, train=000s, test=000s, total=001s
Epoch  52: Train%/Test% | Accuracy: 78.91%/68.40% | Precision: 80.44%/69.66% | Recall: 80.74%/70.98% | F1: 78.90%/68.14% | Time: fit=001s, train=000s, test=000s, total=001s
Epoch  53: Train%/Test% | Accuracy: 79.27%/68.87% | Precision: 80.61%/70.29% | Recall: 81.01%/71.62% | F1: 79.25%/68.64% | Time: fit=001s, train=000s, test=000s, total=001s
Epoch  54: Train%/Test% | Accuracy: 80.09%/70.75% | Precision: 80.94%/71.28% | Recall: 81.56%/72.85% | F1: 80.06%/70.38% | Time: fit=001s, train=000s, test=000s, total=001s
Epoch  55: Train%/Test% | Accuracy: 79.98%/71.70% | Precision: 80.73%/71.96% | Recall: 81.38%/73.59% | F1: 79.94%/71.27% | Time: fit=001s, train=000s, test=000s, total=001s
Epoch  56: Train%/Test% | Accuracy: 79.50%/74.06% | Precision: 80.44%/73.93% | Recall: 81.01%/75.73% | F1: 79.47%/73.56% | Time: fit=001s, train=000s, test=000s, total=001s
Epoch  57: Train%/Test% | Accuracy: 79.15%/71.23% | Precision: 80.12%/71.62% | Recall: 80.67%/73.22% | F1: 79.12%/70.82% | Time: fit=001s, train=000s, test=000s, total=001s
Epoch  58: Train%/Test% | Accuracy: 78.67%/70.75% | Precision: 79.84%/71.28% | Recall: 80.30%/72.85% | F1: 78.66%/70.38% | Time: fit=001s, train=000s, test=000s, total=001s
Epoch  59: Train%/Test% | Accuracy: 78.79%/69.34% | Precision: 79.99%/70.30% | Recall: 80.44%/71.73% | F1: 78.78%/69.04% | Time: fit=001s, train=000s, test=000s, total=001s
Epoch  60: Train%/Test% | Accuracy: 78.55%/69.81% | Precision: 79.62%/70.93% | Recall: 80.12%/72.37% | F1: 78.53%/69.54% | Time: fit=001s, train=000s, test=000s, total=001s
Epoch  61: Train%/Test% | Accuracy: 79.27%/69.34% | Precision: 79.90%/69.73% | Recall: 80.57%/71.19% | F1: 79.22%/68.91% | Time: fit=001s, train=000s, test=000s, total=001s
Epoch  62: Train%/Test% | Accuracy: 81.16%/72.64% | Precision: 81.30%/71.59% | Recall: 82.13%/73.00% | F1: 81.06%/71.73% | Time: fit=001s, train=000s, test=000s, total=001s
Epoch  63: Train%/Test% | Accuracy: 79.86%/70.28% | Precision: 80.26%/70.16% | Recall: 81.01%/71.67% | F1: 79.79%/69.72% | Time: fit=001s, train=000s, test=000s, total=001s
Epoch  64: Train%/Test% | Accuracy: 80.92%/72.64% | Precision: 81.16%/72.17% | Recall: 81.96%/73.80% | F1: 80.84%/72.00% | Time: fit=001s, train=000s, test=000s, total=001s
Epoch  65: Train%/Test% | Accuracy: 79.38%/71.70% | Precision: 80.17%/71.96% | Recall: 80.79%/73.59% | F1: 79.35%/71.27% | Time: fit=001s, train=000s, test=000s, total=001s
Epoch  66: Train%/Test% | Accuracy: 78.08%/68.40% | Precision: 79.34%/69.06% | Recall: 79.75%/70.45% | F1: 78.07%/68.02% | Time: fit=001s, train=000s, test=000s, total=001s
Epoch  67: Train%/Test% | Accuracy: 80.33%/71.23% | Precision: 80.89%/71.10% | Recall: 81.61%/72.68% | F1: 80.28%/70.68% | Time: fit=001s, train=000s, test=000s, total=001s
Epoch  68: Train%/Test% | Accuracy: 80.09%/72.17% | Precision: 80.76%/72.30% | Recall: 81.45%/73.97% | F1: 80.05%/71.71% | Time: fit=001s, train=000s, test=000s, total=001s
Epoch  69: Train%/Test% | Accuracy: 79.50%/69.81% | Precision: 80.38%/70.62% | Recall: 80.97%/72.10% | F1: 79.47%/69.48% | Time: fit=001s, train=000s, test=000s, total=001s
Epoch  70: Train%/Test% | Accuracy: 80.69%/73.58% | Precision: 81.27%/73.34% | Recall: 82.00%/75.09% | F1: 80.64%/73.05% | Time: fit=001s, train=000s, test=000s, total=001s
Epoch  71: Train%/Test% | Accuracy: 79.38%/70.75% | Precision: 80.11%/71.57% | Recall: 80.76%/73.12% | F1: 79.34%/70.44% | Time: fit=001s, train=000s, test=000s, total=001s
Epoch  72: Train%/Test% | Accuracy: 79.27%/69.34% | Precision: 80.20%/70.61% | Recall: 80.77%/72.00% | F1: 79.24%/69.09% | Time: fit=001s, train=000s, test=000s, total=001s
Epoch  73: Train%/Test% | Accuracy: 79.50%/70.28% | Precision: 80.26%/70.95% | Recall: 80.90%/72.47% | F1: 79.46%/69.93% | Time: fit=001s, train=000s, test=000s, total=001s
Epoch  74: Train%/Test% | Accuracy: 79.74%/70.75% | Precision: 80.56%/71.28% | Recall: 81.18%/72.85% | F1: 79.70%/70.38% | Time: fit=001s, train=000s, test=000s, total=001s
Epoch  75: Train%/Test% | Accuracy: 80.33%/72.17% | Precision: 81.06%/72.56% | Recall: 81.73%/74.23% | F1: 80.29%/71.78% | Time: fit=001s, train=000s, test=000s, total=001s
Epoch  76: Train%/Test% | Accuracy: 80.45%/71.23% | Precision: 80.93%/71.62% | Recall: 81.67%/73.22% | F1: 80.39%/70.82% | Time: fit=001s, train=000s, test=000s, total=001s
Epoch  77: Train%/Test% | Accuracy: 80.09%/72.17% | Precision: 80.76%/72.05% | Recall: 81.45%/73.70% | F1: 80.05%/71.64% | Time: fit=001s, train=000s, test=000s, total=001s
Epoch  78: Train%/Test% | Accuracy: 80.09%/72.64% | Precision: 80.82%/72.40% | Recall: 81.49%/74.07% | F1: 80.05%/72.08% | Time: fit=001s, train=000s, test=000s, total=001s
Epoch  79: Train%/Test% | Accuracy: 80.33%/71.70% | Precision: 81.06%/71.46% | Recall: 81.73%/73.06% | F1: 80.29%/71.12% | Time: fit=001s, train=000s, test=000s, total=001s
Epoch  80: Train%/Test% | Accuracy: 79.86%/72.17% | Precision: 80.77%/72.84% | Recall: 81.36%/74.50% | F1: 79.83%/71.84% | Time: fit=001s, train=000s, test=000s, total=001s
Epoch  81: Train%/Test% | Accuracy: 81.40%/71.70% | Precision: 82.04%/72.52% | Recall: 82.76%/74.13% | F1: 81.35%/71.39% | Time: fit=001s, train=000s, test=000s, total=001s
Epoch  82: Train%/Test% | Accuracy: 81.04%/71.70% | Precision: 81.84%/72.52% | Recall: 82.50%/74.13% | F1: 81.01%/71.39% | Time: fit=001s, train=000s, test=000s, total=002s
Epoch  83: Train%/Test% | Accuracy: 80.21%/72.64% | Precision: 81.29%/73.17% | Recall: 81.82%/74.88% | F1: 80.19%/72.29% | Time: fit=001s, train=000s, test=000s, total=001s
Epoch  84: Train%/Test% | Accuracy: 80.69%/72.64% | Precision: 81.57%/73.17% | Recall: 82.19%/74.88% | F1: 80.66%/72.29% | Time: fit=001s, train=000s, test=000s, total=001s
Epoch  85: Train%/Test% | Accuracy: 81.40%/74.53% | Precision: 81.93%/74.29% | Recall: 82.69%/76.10% | F1: 81.35%/74.01% | Time: fit=001s, train=000s, test=000s, total=001s
Epoch  86: Train%/Test% | Accuracy: 81.28%/73.11% | Precision: 82.01%/73.51% | Recall: 82.70%/75.25% | F1: 81.24%/72.73% | Time: fit=001s, train=000s, test=000s, total=001s
Epoch  87: Train%/Test% | Accuracy: 79.62%/72.64% | Precision: 80.53%/72.90% | Recall: 81.12%/74.61% | F1: 79.59%/72.22% | Time: fit=001s, train=000s, test=000s, total=001s
Epoch  88: Train%/Test% | Accuracy: 80.69%/70.75% | Precision: 81.51%/71.01% | Recall: 82.15%/72.58% | F1: 80.65%/70.31% | Time: fit=001s, train=000s, test=000s, total=001s
Epoch  89: Train%/Test% | Accuracy: 80.45%/70.28% | Precision: 81.40%/70.41% | Recall: 81.99%/71.94% | F1: 80.42%/69.79% | Time: fit=001s, train=000s, test=000s, total=001s
Epoch  90: Train%/Test% | Accuracy: 80.45%/72.64% | Precision: 81.21%/72.64% | Recall: 81.87%/74.34% | F1: 80.41%/72.16% | Time: fit=001s, train=000s, test=000s, total=001s
Epoch  91: Train%/Test% | Accuracy: 80.21%/72.17% | Precision: 81.03%/72.05% | Recall: 81.67%/73.70% | F1: 80.18%/71.64% | Time: fit=001s, train=000s, test=000s, total=001s
Epoch  92: Train%/Test% | Accuracy: 80.45%/71.70% | Precision: 81.09%/71.70% | Recall: 81.79%/73.33% | F1: 80.40%/71.20% | Time: fit=001s, train=000s, test=000s, total=001s
Epoch  93: Train%/Test% | Accuracy: 82.11%/71.23% | Precision: 82.34%/71.10% | Recall: 83.18%/72.68% | F1: 82.03%/70.68% | Time: fit=001s, train=000s, test=000s, total=001s
Epoch  94: Train%/Test% | Accuracy: 82.70%/73.58% | Precision: 82.82%/73.12% | Recall: 83.69%/74.82% | F1: 82.61%/72.97% | Time: fit=001s, train=000s, test=000s, total=001s
Epoch  95: Train%/Test% | Accuracy: 81.52%/71.23% | Precision: 81.92%/71.90% | Recall: 82.71%/73.49% | F1: 81.45%/70.88% | Time: fit=001s, train=000s, test=000s, total=001s
Epoch  96: Train%/Test% | Accuracy: 83.18%/75.00% | Precision: 83.03%/73.89% | Recall: 83.90%/75.40% | F1: 83.04%/74.12% | Time: fit=001s, train=000s, test=000s, total=001s
Epoch  97: Train%/Test% | Accuracy: 81.04%/72.64% | Precision: 81.55%/72.64% | Recall: 82.30%/74.34% | F1: 80.99%/72.16% | Time: fit=001s, train=000s, test=000s, total=001s
Epoch  98: Train%/Test% | Accuracy: 81.99%/74.53% | Precision: 82.29%/73.86% | Recall: 83.12%/75.56% | F1: 81.92%/73.86% | Time: fit=001s, train=000s, test=000s, total=001s
Epoch  99: Train%/Test% | Accuracy: 81.40%/73.58% | Precision: 81.88%/73.58% | Recall: 82.65%/75.35% | F1: 81.34%/73.12% | Time: fit=001s, train=000s, test=000s, total=001s
Epoch 100: Train%/Test% | Accuracy: 71.21%/59.43% | Precision: 75.28%/64.77% | Recall: 74.03%/64.43% | F1: 71.12%/59.42% | Time: fit=001s, train=000s, test=000s, total=001s
