[nltk_data] Downloading package wordnet to /home/bjorvl16/nltk_data...
[nltk_data]   Package wordnet is already up-to-date!
[nltk_data] Downloading package stopwords to
[nltk_data]     /home/bjorvl16/nltk_data...
[nltk_data]   Package stopwords is already up-to-date!
[*] Load dataset...
[*] Fix malformed data...
[*] Split...
[*] Encoding...
[*] Encoding feature: text... 464
[*] Encoding feature: domain... 34
==============================
Using GPU for training
Dataset: FakeNewsNet-politifact
TMU params: num-clauses=5000, T=50, s=15.0
Epochs: 150
Feature(s): text, domain
max-vocab=15000, max-domain=500, max-tweet=500
====================
Train size: 844
Train classes: 2
Test size: 212
Test classes: 2
Total features: 498
==============================
[*] Training for 150 epochs...
Epoch   1: Train%/Test% | Accuracy: 74.29%/72.17% | Precision: 79.22%/72.14% | Recall: 70.21%/65.39% | F1: 70.31%/65.88% | Time: fit=003s, train=000s, test=000s, total=003s
Epoch   2: Train%/Test% | Accuracy: 76.54%/75.47% | Precision: 80.37%/76.98% | Recall: 73.01%/69.08% | F1: 73.54%/70.08% | Time: fit=001s, train=000s, test=000s, total=002s
Epoch   3: Train%/Test% | Accuracy: 79.86%/79.25% | Precision: 81.87%/79.60% | Recall: 77.28%/74.74% | F1: 78.09%/76.00% | Time: fit=002s, train=000s, test=000s, total=003s
Epoch   4: Train%/Test% | Accuracy: 83.41%/81.60% | Precision: 83.05%/80.17% | Recall: 82.77%/81.16% | F1: 82.90%/80.57% | Time: fit=002s, train=000s, test=000s, total=003s
Epoch   5: Train%/Test% | Accuracy: 83.89%/82.08% | Precision: 83.67%/80.66% | Recall: 83.06%/81.27% | F1: 83.32%/80.93% | Time: fit=002s, train=000s, test=000s, total=003s
Epoch   6: Train%/Test% | Accuracy: 84.12%/82.08% | Precision: 83.71%/80.68% | Recall: 83.66%/81.80% | F1: 83.69%/81.11% | Time: fit=002s, train=000s, test=000s, total=003s
Epoch   7: Train%/Test% | Accuracy: 83.89%/80.66% | Precision: 83.92%/79.19% | Recall: 82.79%/79.34% | F1: 83.20%/79.26% | Time: fit=002s, train=000s, test=000s, total=003s
Epoch   8: Train%/Test% | Accuracy: 85.19%/83.49% | Precision: 84.74%/82.47% | Recall: 85.36%/84.53% | F1: 84.95%/82.91% | Time: fit=002s, train=000s, test=000s, total=003s
Epoch   9: Train%/Test% | Accuracy: 82.11%/79.72% | Precision: 82.34%/78.97% | Recall: 83.18%/81.01% | F1: 82.03%/79.15% | Time: fit=002s, train=000s, test=000s, total=003s
Epoch  10: Train%/Test% | Accuracy: 84.24%/80.66% | Precision: 83.92%/79.92% | Recall: 84.74%/82.02% | F1: 84.06%/80.12% | Time: fit=002s, train=000s, test=000s, total=003s
Epoch  11: Train%/Test% | Accuracy: 82.82%/79.72% | Precision: 83.41%/80.11% | Recall: 84.18%/82.35% | F1: 82.78%/79.43% | Time: fit=002s, train=000s, test=000s, total=003s
Epoch  12: Train%/Test% | Accuracy: 83.77%/80.19% | Precision: 83.83%/79.73% | Recall: 84.73%/81.92% | F1: 83.67%/79.73% | Time: fit=002s, train=000s, test=000s, total=003s
Epoch  13: Train%/Test% | Accuracy: 82.94%/78.77% | Precision: 83.68%/78.65% | Recall: 84.40%/80.80% | F1: 82.90%/78.37% | Time: fit=002s, train=000s, test=000s, total=003s
Epoch  14: Train%/Test% | Accuracy: 81.64%/76.89% | Precision: 82.87%/78.57% | Recall: 83.36%/80.38% | F1: 81.62%/76.74% | Time: fit=002s, train=000s, test=000s, total=003s
Epoch  15: Train%/Test% | Accuracy: 81.99%/76.89% | Precision: 83.12%/78.57% | Recall: 83.67%/80.38% | F1: 81.97%/76.74% | Time: fit=002s, train=000s, test=000s, total=003s
Epoch  16: Train%/Test% | Accuracy: 83.41%/78.30% | Precision: 84.04%/78.56% | Recall: 84.81%/80.69% | F1: 83.37%/77.97% | Time: fit=002s, train=000s, test=000s, total=003s
Epoch  17: Train%/Test% | Accuracy: 82.82%/79.25% | Precision: 83.66%/79.79% | Recall: 84.34%/81.97% | F1: 82.79%/78.98% | Time: fit=002s, train=000s, test=000s, total=003s
Epoch  18: Train%/Test% | Accuracy: 84.95%/80.66% | Precision: 85.67%/81.06% | Recall: 86.45%/83.36% | F1: 84.92%/80.39% | Time: fit=002s, train=000s, test=000s, total=003s
Epoch  19: Train%/Test% | Accuracy: 84.83%/81.13% | Precision: 85.09%/80.89% | Recall: 86.00%/83.20% | F1: 84.77%/80.75% | Time: fit=002s, train=000s, test=000s, total=003s
Epoch  20: Train%/Test% | Accuracy: 85.19%/80.19% | Precision: 85.62%/80.19% | Recall: 86.50%/82.45% | F1: 85.14%/79.84% | Time: fit=002s, train=000s, test=000s, total=003s
Epoch  21: Train%/Test% | Accuracy: 84.83%/80.19% | Precision: 85.19%/80.45% | Recall: 86.08%/82.72% | F1: 84.78%/79.89% | Time: fit=002s, train=000s, test=000s, total=003s
Epoch  22: Train%/Test% | Accuracy: 81.28%/78.77% | Precision: 82.93%/79.78% | Recall: 83.21%/81.87% | F1: 81.28%/78.56% | Time: fit=002s, train=000s, test=000s, total=003s
Epoch  23: Train%/Test% | Accuracy: 82.46%/77.83% | Precision: 83.67%/78.83% | Recall: 84.19%/80.86% | F1: 82.45%/77.61% | Time: fit=002s, train=000s, test=000s, total=003s
Epoch  24: Train%/Test% | Accuracy: 83.29%/78.30% | Precision: 84.20%/79.14% | Recall: 84.87%/81.23% | F1: 83.27%/78.07% | Time: fit=002s, train=000s, test=000s, total=003s
Epoch  25: Train%/Test% | Accuracy: 86.14%/81.13% | Precision: 86.42%/81.13% | Recall: 87.36%/83.47% | F1: 86.08%/80.80% | Time: fit=002s, train=000s, test=000s, total=003s
Epoch  26: Train%/Test% | Accuracy: 83.65%/77.83% | Precision: 84.80%/79.52% | Recall: 85.37%/81.39% | F1: 83.63%/77.69% | Time: fit=002s, train=000s, test=000s, total=003s
Epoch  27: Train%/Test% | Accuracy: 84.36%/80.19% | Precision: 85.44%/81.36% | Recall: 86.06%/83.52% | F1: 84.34%/80.01% | Time: fit=002s, train=000s, test=000s, total=003s
Epoch  28: Train%/Test% | Accuracy: 85.90%/81.13% | Precision: 86.57%/81.39% | Recall: 87.39%/83.74% | F1: 85.87%/80.84% | Time: fit=002s, train=000s, test=000s, total=003s
Epoch  29: Train%/Test% | Accuracy: 84.83%/80.19% | Precision: 85.78%/81.04% | Recall: 86.47%/83.26% | F1: 84.81%/79.97% | Time: fit=002s, train=000s, test=000s, total=003s
Epoch  30: Train%/Test% | Accuracy: 85.55%/82.55% | Precision: 85.80%/82.20% | Recall: 86.73%/84.59% | F1: 85.48%/82.17% | Time: fit=002s, train=000s, test=000s, total=003s
Epoch  31: Train%/Test% | Accuracy: 84.95%/81.13% | Precision: 85.55%/81.68% | Recall: 86.37%/84.00% | F1: 84.91%/80.89% | Time: fit=002s, train=000s, test=000s, total=003s
Epoch  32: Train%/Test% | Accuracy: 83.65%/79.25% | Precision: 84.94%/80.42% | Recall: 85.45%/82.51% | F1: 83.64%/79.06% | Time: fit=002s, train=000s, test=000s, total=003s
Epoch  33: Train%/Test% | Accuracy: 84.72%/79.25% | Precision: 85.77%/80.42% | Recall: 86.41%/82.51% | F1: 84.70%/79.06% | Time: fit=002s, train=000s, test=000s, total=003s
Epoch  34: Train%/Test% | Accuracy: 81.64%/76.89% | Precision: 83.67%/79.34% | Recall: 83.75%/80.91% | F1: 81.63%/76.80% | Time: fit=002s, train=000s, test=000s, total=003s
Epoch  35: Train%/Test% | Accuracy: 82.11%/76.42% | Precision: 83.90%/78.66% | Recall: 84.12%/80.27% | F1: 82.11%/76.31% | Time: fit=002s, train=000s, test=000s, total=003s
Epoch  36: Train%/Test% | Accuracy: 83.29%/75.94% | Precision: 84.55%/78.38% | Recall: 85.06%/79.90% | F1: 83.28%/75.85% | Time: fit=002s, train=000s, test=000s, total=003s
Epoch  37: Train%/Test% | Accuracy: 83.77%/77.36% | Precision: 84.95%/78.86% | Recall: 85.51%/80.75% | F1: 83.75%/77.19% | Time: fit=002s, train=000s, test=000s, total=003s
Epoch  38: Train%/Test% | Accuracy: 84.95%/82.08% | Precision: 85.33%/81.84% | Recall: 86.22%/84.21% | F1: 84.90%/81.71% | Time: fit=002s, train=000s, test=000s, total=003s
Epoch  39: Train%/Test% | Accuracy: 84.83%/78.77% | Precision: 85.65%/79.46% | Recall: 86.39%/81.60% | F1: 84.81%/78.52% | Time: fit=002s, train=000s, test=000s, total=003s
Epoch  40: Train%/Test% | Accuracy: 82.94%/76.42% | Precision: 84.38%/79.07% | Recall: 84.80%/80.54% | F1: 82.93%/76.34% | Time: fit=002s, train=000s, test=000s, total=003s
Epoch  41: Train%/Test% | Accuracy: 81.40%/76.42% | Precision: 83.34%/78.66% | Recall: 83.47%/80.27% | F1: 81.40%/76.31% | Time: fit=002s, train=000s, test=000s, total=003s
Epoch  42: Train%/Test% | Accuracy: 79.86%/75.00% | Precision: 82.17%/78.28% | Recall: 82.07%/79.42% | F1: 79.86%/74.95% | Time: fit=002s, train=000s, test=000s, total=003s
Epoch  43: Train%/Test% | Accuracy: 81.28%/76.42% | Precision: 83.45%/79.07% | Recall: 83.45%/80.54% | F1: 81.28%/76.34% | Time: fit=002s, train=000s, test=000s, total=003s
Epoch  44: Train%/Test% | Accuracy: 81.75%/75.94% | Precision: 83.41%/78.38% | Recall: 83.70%/79.90% | F1: 81.75%/75.85% | Time: fit=002s, train=000s, test=000s, total=003s
Epoch  45: Train%/Test% | Accuracy: 81.99%/75.94% | Precision: 84.08%/78.80% | Recall: 84.14%/80.17% | F1: 81.99%/75.88% | Time: fit=002s, train=000s, test=000s, total=003s
Epoch  46: Train%/Test% | Accuracy: 82.94%/76.42% | Precision: 84.79%/79.51% | Recall: 84.99%/80.81% | F1: 82.94%/76.36% | Time: fit=002s, train=000s, test=000s, total=003s
Epoch  47: Train%/Test% | Accuracy: 83.77%/76.89% | Precision: 85.10%/78.94% | Recall: 85.59%/80.64% | F1: 83.76%/76.77% | Time: fit=002s, train=000s, test=000s, total=003s
Epoch  48: Train%/Test% | Accuracy: 84.24%/77.36% | Precision: 85.50%/78.86% | Recall: 86.04%/80.75% | F1: 84.23%/77.19% | Time: fit=002s, train=000s, test=000s, total=003s
Epoch  49: Train%/Test% | Accuracy: 85.55%/80.19% | Precision: 86.06%/80.73% | Recall: 86.92%/82.99% | F1: 85.50%/79.93% | Time: fit=002s, train=000s, test=000s, total=003s
Epoch  50: Train%/Test% | Accuracy: 83.06%/78.77% | Precision: 84.16%/79.78% | Recall: 84.74%/81.87% | F1: 83.04%/78.56% | Time: fit=002s, train=000s, test=000s, total=003s
Epoch  51: Train%/Test% | Accuracy: 87.44%/84.91% | Precision: 87.37%/83.96% | Recall: 88.36%/86.18% | F1: 87.35%/84.40% | Time: fit=002s, train=000s, test=000s, total=003s
Epoch  52: Train%/Test% | Accuracy: 83.18%/77.36% | Precision: 84.54%/79.23% | Recall: 85.00%/81.02% | F1: 83.17%/77.23% | Time: fit=002s, train=000s, test=000s, total=003s
Epoch  53: Train%/Test% | Accuracy: 83.77%/76.42% | Precision: 84.81%/78.27% | Recall: 85.43%/80.00% | F1: 83.75%/76.28% | Time: fit=002s, train=000s, test=000s, total=003s
Epoch  54: Train%/Test% | Accuracy: 83.41%/76.42% | Precision: 84.70%/78.66% | Recall: 85.20%/80.27% | F1: 83.40%/76.31% | Time: fit=002s, train=000s, test=000s, total=003s
Epoch  55: Train%/Test% | Accuracy: 86.61%/79.25% | Precision: 87.16%/80.09% | Recall: 88.04%/82.24% | F1: 86.57%/79.02% | Time: fit=002s, train=000s, test=000s, total=003s
Epoch  56: Train%/Test% | Accuracy: 86.02%/78.77% | Precision: 86.65%/79.17% | Recall: 87.49%/81.33% | F1: 85.98%/78.47% | Time: fit=002s, train=000s, test=000s, total=003s
Epoch  57: Train%/Test% | Accuracy: 86.97%/79.72% | Precision: 87.49%/80.11% | Recall: 88.38%/82.35% | F1: 86.93%/79.43% | Time: fit=002s, train=000s, test=000s, total=003s
Epoch  58: Train%/Test% | Accuracy: 87.91%/79.72% | Precision: 88.22%/80.11% | Recall: 89.20%/82.35% | F1: 87.87%/79.43% | Time: fit=002s, train=000s, test=000s, total=003s
Epoch  59: Train%/Test% | Accuracy: 87.80%/82.08% | Precision: 87.99%/81.84% | Recall: 88.98%/84.21% | F1: 87.74%/81.71% | Time: fit=002s, train=000s, test=000s, total=003s
Epoch  60: Train%/Test% | Accuracy: 84.83%/76.42% | Precision: 86.14%/79.51% | Recall: 86.66%/80.81% | F1: 84.82%/76.36% | Time: fit=002s, train=000s, test=000s, total=003s
Epoch  61: Train%/Test% | Accuracy: 83.89%/76.89% | Precision: 85.42%/79.77% | Recall: 85.81%/81.18% | F1: 83.88%/76.82% | Time: fit=002s, train=000s, test=000s, total=003s
Epoch  62: Train%/Test% | Accuracy: 84.00%/76.89% | Precision: 85.66%/79.34% | Recall: 85.99%/80.91% | F1: 84.00%/76.80% | Time: fit=002s, train=000s, test=000s, total=003s
Epoch  63: Train%/Test% | Accuracy: 82.94%/76.89% | Precision: 84.70%/79.34% | Recall: 84.95%/80.91% | F1: 82.94%/76.80% | Time: fit=002s, train=000s, test=000s, total=003s
Epoch  64: Train%/Test% | Accuracy: 83.89%/78.30% | Precision: 85.26%/80.18% | Recall: 85.73%/82.03% | F1: 83.88%/78.18% | Time: fit=002s, train=000s, test=000s, total=003s
Epoch  65: Train%/Test% | Accuracy: 86.37%/79.25% | Precision: 86.76%/79.79% | Recall: 87.68%/81.97% | F1: 86.32%/78.98% | Time: fit=002s, train=000s, test=000s, total=003s
Epoch  66: Train%/Test% | Accuracy: 86.61%/80.19% | Precision: 87.00%/80.73% | Recall: 87.92%/82.99% | F1: 86.56%/79.93% | Time: fit=002s, train=000s, test=000s, total=003s
Epoch  67: Train%/Test% | Accuracy: 88.27%/82.55% | Precision: 88.29%/82.20% | Recall: 89.31%/84.59% | F1: 88.20%/82.17% | Time: fit=002s, train=000s, test=000s, total=003s
Epoch  68: Train%/Test% | Accuracy: 88.86%/83.02% | Precision: 88.94%/82.78% | Recall: 89.98%/85.23% | F1: 88.80%/82.67% | Time: fit=002s, train=000s, test=000s, total=003s
Epoch  69: Train%/Test% | Accuracy: 86.49%/80.66% | Precision: 87.01%/81.06% | Recall: 87.90%/83.36% | F1: 86.45%/80.39% | Time: fit=002s, train=000s, test=000s, total=003s
Epoch  70: Train%/Test% | Accuracy: 85.90%/80.66% | Precision: 86.69%/81.35% | Recall: 87.47%/83.63% | F1: 85.87%/80.43% | Time: fit=002s, train=000s, test=000s, total=003s
Epoch  71: Train%/Test% | Accuracy: 86.37%/80.19% | Precision: 86.98%/81.04% | Recall: 87.83%/83.26% | F1: 86.34%/79.97% | Time: fit=002s, train=000s, test=000s, total=003s
Epoch  72: Train%/Test% | Accuracy: 86.61%/81.60% | Precision: 87.10%/82.00% | Recall: 88.00%/84.38% | F1: 86.57%/81.34% | Time: fit=002s, train=000s, test=000s, total=003s
Epoch  73: Train%/Test% | Accuracy: 84.72%/80.19% | Precision: 85.91%/81.36% | Recall: 86.48%/83.52% | F1: 84.70%/80.01% | Time: fit=002s, train=000s, test=000s, total=003s
Epoch  74: Train%/Test% | Accuracy: 83.29%/77.36% | Precision: 85.02%/79.62% | Recall: 85.30%/81.29% | F1: 83.29%/77.26% | Time: fit=002s, train=000s, test=000s, total=003s
Epoch  75: Train%/Test% | Accuracy: 84.95%/79.25% | Precision: 86.08%/80.42% | Recall: 86.69%/82.51% | F1: 84.94%/79.06% | Time: fit=002s, train=000s, test=000s, total=003s
Epoch  76: Train%/Test% | Accuracy: 84.72%/80.19% | Precision: 85.98%/81.04% | Recall: 86.52%/83.26% | F1: 84.70%/79.97% | Time: fit=002s, train=000s, test=000s, total=003s
Epoch  77: Train%/Test% | Accuracy: 84.36%/79.25% | Precision: 85.37%/80.09% | Recall: 86.02%/82.24% | F1: 84.34%/79.02% | Time: fit=002s, train=000s, test=000s, total=003s
Epoch  78: Train%/Test% | Accuracy: 84.95%/78.77% | Precision: 85.67%/79.46% | Recall: 86.45%/81.60% | F1: 84.92%/78.52% | Time: fit=002s, train=000s, test=000s, total=003s
Epoch  79: Train%/Test% | Accuracy: 84.12%/76.42% | Precision: 85.42%/79.07% | Recall: 85.93%/80.54% | F1: 84.11%/76.34% | Time: fit=002s, train=000s, test=000s, total=003s
Epoch  80: Train%/Test% | Accuracy: 83.06%/73.58% | Precision: 84.95%/77.04% | Recall: 85.13%/78.03% | F1: 83.06%/73.55% | Time: fit=002s, train=000s, test=000s, total=003s
Epoch  81: Train%/Test% | Accuracy: 84.95%/78.30% | Precision: 86.08%/79.81% | Recall: 86.69%/81.76% | F1: 84.94%/78.14% | Time: fit=002s, train=000s, test=000s, total=003s
Epoch  82: Train%/Test% | Accuracy: 84.60%/75.94% | Precision: 85.61%/77.61% | Recall: 86.26%/79.36% | F1: 84.58%/75.79% | Time: fit=002s, train=000s, test=000s, total=003s
Epoch  83: Train%/Test% | Accuracy: 82.35%/75.47% | Precision: 84.31%/79.00% | Recall: 84.44%/80.06% | F1: 82.35%/75.44% | Time: fit=002s, train=000s, test=000s, total=003s
Epoch  84: Train%/Test% | Accuracy: 82.23%/75.94% | Precision: 83.81%/78.80% | Recall: 84.15%/80.17% | F1: 82.22%/75.88% | Time: fit=002s, train=000s, test=000s, total=003s
Epoch  85: Train%/Test% | Accuracy: 83.06%/75.94% | Precision: 84.61%/78.80% | Recall: 84.98%/80.17% | F1: 83.05%/75.88% | Time: fit=002s, train=000s, test=000s, total=003s
Epoch  86: Train%/Test% | Accuracy: 82.58%/75.94% | Precision: 84.21%/79.25% | Recall: 84.53%/80.43% | F1: 82.58%/75.90% | Time: fit=002s, train=000s, test=000s, total=003s
Epoch  87: Train%/Test% | Accuracy: 82.11%/75.47% | Precision: 84.07%/79.00% | Recall: 84.20%/80.06% | F1: 82.11%/75.44% | Time: fit=002s, train=000s, test=000s, total=003s
Epoch  88: Train%/Test% | Accuracy: 84.00%/74.53% | Precision: 85.50%/78.02% | Recall: 85.91%/79.05% | F1: 84.00%/74.49% | Time: fit=002s, train=000s, test=000s, total=003s
Epoch  89: Train%/Test% | Accuracy: 84.12%/74.53% | Precision: 85.58%/78.02% | Recall: 86.01%/79.05% | F1: 84.12%/74.49% | Time: fit=002s, train=000s, test=000s, total=003s
Epoch  90: Train%/Test% | Accuracy: 84.60%/76.42% | Precision: 85.54%/78.27% | Recall: 86.23%/80.00% | F1: 84.57%/76.28% | Time: fit=002s, train=000s, test=000s, total=003s
Epoch  91: Train%/Test% | Accuracy: 83.53%/78.77% | Precision: 84.64%/80.47% | Recall: 85.23%/82.41% | F1: 83.51%/78.64% | Time: fit=002s, train=000s, test=000s, total=003s
Epoch  92: Train%/Test% | Accuracy: 86.49%/78.30% | Precision: 86.70%/79.14% | Recall: 87.66%/81.23% | F1: 86.43%/78.07% | Time: fit=002s, train=000s, test=000s, total=003s
Epoch  93: Train%/Test% | Accuracy: 86.02%/79.72% | Precision: 86.60%/80.41% | Recall: 87.45%/82.62% | F1: 85.98%/79.48% | Time: fit=002s, train=000s, test=000s, total=003s
Epoch  94: Train%/Test% | Accuracy: 87.68%/84.91% | Precision: 87.76%/84.67% | Recall: 88.76%/87.26% | F1: 87.61%/84.60% | Time: fit=002s, train=000s, test=000s, total=003s
Epoch  95: Train%/Test% | Accuracy: 86.02%/79.25% | Precision: 86.72%/80.77% | Recall: 87.53%/82.78% | F1: 85.99%/79.09% | Time: fit=002s, train=000s, test=000s, total=003s
Epoch  96: Train%/Test% | Accuracy: 86.02%/80.19% | Precision: 86.38%/80.73% | Recall: 87.29%/82.99% | F1: 85.97%/79.93% | Time: fit=002s, train=000s, test=000s, total=003s
Epoch  97: Train%/Test% | Accuracy: 86.73%/81.60% | Precision: 86.94%/82.00% | Recall: 87.90%/84.38% | F1: 86.67%/81.34% | Time: fit=002s, train=000s, test=000s, total=003s
Epoch  98: Train%/Test% | Accuracy: 86.14%/80.66% | Precision: 86.87%/81.67% | Recall: 87.67%/83.90% | F1: 86.11%/80.47% | Time: fit=002s, train=000s, test=000s, total=003s
Epoch  99: Train%/Test% | Accuracy: 86.61%/81.60% | Precision: 87.00%/82.30% | Recall: 87.92%/84.64% | F1: 86.56%/81.38% | Time: fit=002s, train=000s, test=000s, total=003s
Epoch 100: Train%/Test% | Accuracy: 86.97%/82.55% | Precision: 87.28%/82.67% | Recall: 88.23%/85.12% | F1: 86.91%/82.26% | Time: fit=002s, train=000s, test=000s, total=003s
Epoch 101: Train%/Test% | Accuracy: 83.41%/76.42% | Precision: 85.10%/79.07% | Recall: 85.40%/80.54% | F1: 83.41%/76.34% | Time: fit=002s, train=000s, test=000s, total=003s
Epoch 102: Train%/Test% | Accuracy: 82.23%/77.36% | Precision: 83.73%/79.62% | Recall: 84.11%/81.29% | F1: 82.22%/77.26% | Time: fit=002s, train=000s, test=000s, total=003s
Epoch 103: Train%/Test% | Accuracy: 83.29%/78.77% | Precision: 84.55%/80.47% | Recall: 85.06%/82.41% | F1: 83.28%/78.64% | Time: fit=002s, train=000s, test=000s, total=003s
Epoch 104: Train%/Test% | Accuracy: 83.65%/77.36% | Precision: 85.10%/80.04% | Recall: 85.53%/81.55% | F1: 83.64%/77.29% | Time: fit=002s, train=000s, test=000s, total=003s
Epoch 105: Train%/Test% | Accuracy: 83.53%/75.47% | Precision: 84.79%/78.11% | Recall: 85.31%/79.53% | F1: 83.52%/75.39% | Time: fit=002s, train=000s, test=000s, total=003s
Epoch 106: Train%/Test% | Accuracy: 83.53%/76.42% | Precision: 84.94%/79.07% | Recall: 85.39%/80.54% | F1: 83.52%/76.34% | Time: fit=002s, train=000s, test=000s, total=003s
Epoch 107: Train%/Test% | Accuracy: 85.66%/79.25% | Precision: 86.45%/80.42% | Recall: 87.22%/82.51% | F1: 85.64%/79.06% | Time: fit=002s, train=000s, test=000s, total=003s
Epoch 108: Train%/Test% | Accuracy: 85.31%/77.36% | Precision: 86.19%/79.62% | Recall: 86.92%/81.29% | F1: 85.28%/77.26% | Time: fit=002s, train=000s, test=000s, total=003s
Epoch 109: Train%/Test% | Accuracy: 85.55%/77.36% | Precision: 86.37%/79.62% | Recall: 87.12%/81.29% | F1: 85.52%/77.26% | Time: fit=002s, train=000s, test=000s, total=003s
Epoch 110: Train%/Test% | Accuracy: 83.18%/75.00% | Precision: 84.86%/78.74% | Recall: 85.16%/79.69% | F1: 83.17%/74.97% | Time: fit=002s, train=000s, test=000s, total=003s
Epoch 111: Train%/Test% | Accuracy: 82.82%/74.53% | Precision: 84.80%/78.50% | Recall: 84.93%/79.31% | F1: 82.82%/74.51% | Time: fit=002s, train=000s, test=000s, total=003s
Epoch 112: Train%/Test% | Accuracy: 82.82%/73.58% | Precision: 84.80%/78.01% | Recall: 84.93%/78.57% | F1: 82.82%/73.58% | Time: fit=002s, train=000s, test=000s, total=003s
Epoch 113: Train%/Test% | Accuracy: 84.12%/76.42% | Precision: 85.35%/79.07% | Recall: 85.90%/80.54% | F1: 84.11%/76.34% | Time: fit=002s, train=000s, test=000s, total=003s
Epoch 114: Train%/Test% | Accuracy: 85.07%/79.72% | Precision: 85.89%/81.06% | Recall: 86.63%/83.15% | F1: 85.04%/79.55% | Time: fit=002s, train=000s, test=000s, total=003s
Epoch 115: Train%/Test% | Accuracy: 86.02%/80.66% | Precision: 86.48%/81.67% | Recall: 87.37%/83.90% | F1: 85.97%/80.47% | Time: fit=002s, train=000s, test=000s, total=003s
Epoch 116: Train%/Test% | Accuracy: 87.56%/80.66% | Precision: 87.84%/81.67% | Recall: 88.82%/83.90% | F1: 87.51%/80.47% | Time: fit=002s, train=000s, test=000s, total=003s
Epoch 117: Train%/Test% | Accuracy: 87.56%/80.19% | Precision: 87.89%/81.04% | Recall: 88.85%/83.26% | F1: 87.51%/79.97% | Time: fit=002s, train=000s, test=000s, total=003s
Epoch 118: Train%/Test% | Accuracy: 86.73%/80.19% | Precision: 87.25%/81.36% | Recall: 88.14%/83.52% | F1: 86.69%/80.01% | Time: fit=002s, train=000s, test=000s, total=003s
Epoch 119: Train%/Test% | Accuracy: 86.49%/78.77% | Precision: 87.07%/80.47% | Recall: 87.94%/82.41% | F1: 86.46%/78.64% | Time: fit=002s, train=000s, test=000s, total=003s
Epoch 120: Train%/Test% | Accuracy: 87.91%/82.55% | Precision: 88.13%/82.67% | Recall: 89.12%/85.12% | F1: 87.86%/82.26% | Time: fit=002s, train=000s, test=000s, total=003s
Epoch 121: Train%/Test% | Accuracy: 86.97%/78.77% | Precision: 87.33%/79.78% | Recall: 88.27%/81.87% | F1: 86.92%/78.56% | Time: fit=002s, train=000s, test=000s, total=003s
Epoch 122: Train%/Test% | Accuracy: 86.37%/79.72% | Precision: 86.87%/80.41% | Recall: 87.76%/82.62% | F1: 86.33%/79.48% | Time: fit=002s, train=000s, test=000s, total=003s
Epoch 123: Train%/Test% | Accuracy: 87.91%/81.60% | Precision: 88.17%/81.73% | Recall: 89.16%/84.11% | F1: 87.86%/81.30% | Time: fit=002s, train=000s, test=000s, total=003s
Epoch 124: Train%/Test% | Accuracy: 86.37%/79.25% | Precision: 86.87%/80.09% | Recall: 87.76%/82.24% | F1: 86.33%/79.02% | Time: fit=002s, train=000s, test=000s, total=003s
Epoch 125: Train%/Test% | Accuracy: 87.20%/79.72% | Precision: 87.56%/80.41% | Recall: 88.51%/82.62% | F1: 87.16%/79.48% | Time: fit=002s, train=000s, test=000s, total=003s
Epoch 126: Train%/Test% | Accuracy: 87.20%/79.72% | Precision: 87.56%/80.41% | Recall: 88.51%/82.62% | F1: 87.16%/79.48% | Time: fit=002s, train=000s, test=000s, total=003s
Epoch 127: Train%/Test% | Accuracy: 86.14%/77.83% | Precision: 86.93%/79.52% | Recall: 87.71%/81.39% | F1: 86.11%/77.69% | Time: fit=002s, train=000s, test=000s, total=003s
Epoch 128: Train%/Test% | Accuracy: 85.07%/76.89% | Precision: 86.23%/79.34% | Recall: 86.83%/80.91% | F1: 85.06%/76.80% | Time: fit=002s, train=000s, test=000s, total=003s
Epoch 129: Train%/Test% | Accuracy: 85.78%/77.83% | Precision: 86.67%/79.90% | Recall: 87.40%/81.66% | F1: 85.76%/77.72% | Time: fit=002s, train=000s, test=000s, total=003s
Epoch 130: Train%/Test% | Accuracy: 86.26%/80.19% | Precision: 86.89%/81.04% | Recall: 87.73%/83.26% | F1: 86.22%/79.97% | Time: fit=002s, train=000s, test=000s, total=003s
Epoch 131: Train%/Test% | Accuracy: 86.02%/79.72% | Precision: 86.91%/81.06% | Recall: 87.65%/83.15% | F1: 86.00%/79.55% | Time: fit=002s, train=000s, test=000s, total=003s
Epoch 132: Train%/Test% | Accuracy: 85.55%/78.77% | Precision: 86.57%/80.86% | Recall: 87.24%/82.67% | F1: 85.53%/78.67% | Time: fit=002s, train=000s, test=000s, total=003s
Epoch 133: Train%/Test% | Accuracy: 84.72%/79.25% | Precision: 85.77%/81.14% | Recall: 86.41%/83.05% | F1: 84.70%/79.13% | Time: fit=002s, train=000s, test=000s, total=003s
Epoch 134: Train%/Test% | Accuracy: 85.31%/78.77% | Precision: 86.00%/80.86% | Recall: 86.80%/82.67% | F1: 85.27%/78.67% | Time: fit=002s, train=000s, test=000s, total=003s
Epoch 135: Train%/Test% | Accuracy: 84.72%/79.72% | Precision: 85.84%/81.43% | Recall: 86.44%/83.42% | F1: 84.70%/79.59% | Time: fit=002s, train=000s, test=000s, total=003s
Epoch 136: Train%/Test% | Accuracy: 82.82%/75.94% | Precision: 84.71%/79.25% | Recall: 84.89%/80.43% | F1: 82.82%/75.90% | Time: fit=002s, train=000s, test=000s, total=003s
Epoch 137: Train%/Test% | Accuracy: 83.41%/77.36% | Precision: 85.02%/80.04% | Recall: 85.36%/81.55% | F1: 83.41%/77.29% | Time: fit=002s, train=000s, test=000s, total=003s
Epoch 138: Train%/Test% | Accuracy: 84.36%/77.36% | Precision: 85.66%/79.62% | Recall: 86.18%/81.29% | F1: 84.35%/77.26% | Time: fit=002s, train=000s, test=000s, total=003s
Epoch 139: Train%/Test% | Accuracy: 83.53%/75.94% | Precision: 85.26%/78.80% | Recall: 85.54%/80.17% | F1: 83.53%/75.88% | Time: fit=002s, train=000s, test=000s, total=003s
Epoch 140: Train%/Test% | Accuracy: 84.24%/75.94% | Precision: 85.90%/78.80% | Recall: 86.23%/80.17% | F1: 84.24%/75.88% | Time: fit=002s, train=000s, test=000s, total=003s
Epoch 141: Train%/Test% | Accuracy: 84.95%/77.83% | Precision: 86.38%/79.90% | Recall: 86.84%/81.66% | F1: 84.94%/77.72% | Time: fit=002s, train=000s, test=000s, total=003s
Epoch 142: Train%/Test% | Accuracy: 84.60%/77.83% | Precision: 85.98%/79.90% | Recall: 86.46%/81.66% | F1: 84.59%/77.72% | Time: fit=002s, train=000s, test=000s, total=003s
Epoch 143: Train%/Test% | Accuracy: 85.19%/77.83% | Precision: 86.39%/79.90% | Recall: 86.97%/81.66% | F1: 85.18%/77.72% | Time: fit=002s, train=000s, test=000s, total=003s
Epoch 144: Train%/Test% | Accuracy: 86.61%/80.19% | Precision: 87.41%/81.36% | Recall: 88.19%/83.52% | F1: 86.59%/80.01% | Time: fit=002s, train=000s, test=000s, total=003s
Epoch 145: Train%/Test% | Accuracy: 86.02%/79.72% | Precision: 86.98%/81.06% | Recall: 87.68%/83.15% | F1: 86.00%/79.55% | Time: fit=002s, train=000s, test=000s, total=003s
Epoch 146: Train%/Test% | Accuracy: 83.77%/77.83% | Precision: 85.42%/79.90% | Recall: 85.75%/81.66% | F1: 83.76%/77.72% | Time: fit=002s, train=000s, test=000s, total=003s
Epoch 147: Train%/Test% | Accuracy: 82.82%/74.06% | Precision: 84.62%/78.25% | Recall: 84.85%/78.94% | F1: 82.82%/74.04% | Time: fit=002s, train=000s, test=000s, total=003s
Epoch 148: Train%/Test% | Accuracy: 83.77%/76.89% | Precision: 85.50%/79.34% | Recall: 85.79%/80.91% | F1: 83.77%/76.80% | Time: fit=002s, train=000s, test=000s, total=003s
Epoch 149: Train%/Test% | Accuracy: 85.07%/78.77% | Precision: 86.38%/80.47% | Recall: 86.91%/82.41% | F1: 85.06%/78.64% | Time: fit=002s, train=000s, test=000s, total=003s
Epoch 150: Train%/Test% | Accuracy: 84.95%/76.89% | Precision: 86.30%/79.34% | Recall: 86.81%/80.91% | F1: 84.94%/76.80% | Time: fit=002s, train=000s, test=000s, total=003s
