[*] Load dataset...
[*] Fix malformed data...
[*] Split...
[*] Encoding...
[*] -> domain...
pipeline.py:185: SettingWithCopyWarning: 
A value is trying to be set on a copy of a slice from a DataFrame.
Try using .loc[row_indexer,col_indexer] = value instead

See the caveats in the documentation: https://pandas.pydata.org/pandas-docs/stable/user_guide/indexing.html#returning-a-view-versus-a-copy
  train_df['domain'] = train_df['url'].apply(extract_domain)
pipeline.py:186: SettingWithCopyWarning: 
A value is trying to be set on a copy of a slice from a DataFrame.
Try using .loc[row_indexer,col_indexer] = value instead

See the caveats in the documentation: https://pandas.pydata.org/pandas-docs/stable/user_guide/indexing.html#returning-a-view-versus-a-copy
  test_df['domain'] = test_df['url'].apply(extract_domain)
[*] Encoding complete!
==============================
Using GPU for training
Dataset: FakeNewsNet-gossipcop
TMU params: num-clauses=5000, T=50, s=5.0
Epochs: 150
Feature(s): domain
max-vocab=10000, max-domain=500, max-tweet=500
====================
Train size: 17712
Train classes: 2
Test size: 4428
Test classes: 2
Total features: 500
==============================
[*] Training for 150 epochs...
Epoch   1: Train%/Test% | Accuracy: 63.97%/63.14% | Precision: 61.72%/61.56% | Recall: 65.92%/65.74% | F1: 60.28%/59.75% | Time: fit=183s, train=033s, test=008s, total=224s
Epoch   2: Train%/Test% | Accuracy: 62.83%/61.81% | Precision: 61.55%/61.42% | Recall: 65.78%/65.60% | F1: 59.55%/58.89% | Time: fit=162s, train=033s, test=008s, total=203s
Epoch   3: Train%/Test% | Accuracy: 65.63%/64.43% | Precision: 62.83%/62.52% | Recall: 67.34%/67.01% | F1: 61.80%/60.98% | Time: fit=163s, train=033s, test=008s, total=203s
Epoch   4: Train%/Test% | Accuracy: 67.91%/66.44% | Precision: 63.64%/62.98% | Recall: 68.06%/67.37% | F1: 63.41%/62.31% | Time: fit=162s, train=032s, test=008s, total=203s
Epoch   5: Train%/Test% | Accuracy: 66.37%/64.48% | Precision: 63.07%/61.98% | Recall: 67.57%/66.20% | F1: 62.32%/60.71% | Time: fit=162s, train=032s, test=008s, total=202s
Epoch   6: Train%/Test% | Accuracy: 67.69%/66.10% | Precision: 63.52%/62.60% | Recall: 67.93%/66.86% | F1: 63.24%/61.91% | Time: fit=162s, train=032s, test=008s, total=202s
Epoch   7: Train%/Test% | Accuracy: 68.95%/67.37% | Precision: 64.16%/63.23% | Recall: 68.56%/67.53% | F1: 64.22%/62.91% | Time: fit=162s, train=032s, test=008s, total=202s
Epoch   8: Train%/Test% | Accuracy: 70.20%/68.68% | Precision: 64.92%/64.12% | Recall: 69.30%/68.56% | F1: 65.25%/64.09% | Time: fit=162s, train=032s, test=008s, total=202s
Epoch   9: Train%/Test% | Accuracy: 68.54%/67.05% | Precision: 64.02%/63.21% | Recall: 68.47%/67.58% | F1: 63.94%/62.75% | Time: fit=162s, train=032s, test=008s, total=202s
Epoch  10: Train%/Test% | Accuracy: 70.74%/69.22% | Precision: 65.01%/64.01% | Recall: 69.17%/68.15% | F1: 65.50%/64.22% | Time: fit=162s, train=032s, test=008s, total=202s
Epoch  11: Train%/Test% | Accuracy: 70.70%/68.88% | Precision: 64.94%/63.80% | Recall: 69.07%/67.92% | F1: 65.44%/63.93% | Time: fit=162s, train=032s, test=008s, total=202s
Epoch  12: Train%/Test% | Accuracy: 70.51%/68.83% | Precision: 64.93%/64.01% | Recall: 69.16%/68.31% | F1: 65.37%/64.07% | Time: fit=162s, train=032s, test=008s, total=202s
Epoch  13: Train%/Test% | Accuracy: 70.42%/68.38% | Precision: 65.00%/63.69% | Recall: 69.33%/67.95% | F1: 65.39%/63.66% | Time: fit=162s, train=032s, test=008s, total=202s
Epoch  14: Train%/Test% | Accuracy: 71.32%/69.65% | Precision: 65.34%/64.24% | Recall: 69.42%/68.33% | F1: 65.95%/64.54% | Time: fit=162s, train=032s, test=008s, total=202s
Epoch  15: Train%/Test% | Accuracy: 71.05%/69.87% | Precision: 65.40%/64.84% | Recall: 69.70%/69.28% | F1: 65.92%/65.08% | Time: fit=162s, train=032s, test=008s, total=202s
Epoch  16: Train%/Test% | Accuracy: 71.66%/69.49% | Precision: 65.39%/63.69% | Recall: 69.28%/67.46% | F1: 66.08%/64.06% | Time: fit=162s, train=032s, test=008s, total=202s
Epoch  17: Train%/Test% | Accuracy: 70.56%/68.54% | Precision: 65.20%/63.98% | Recall: 69.62%/68.37% | F1: 65.60%/63.93% | Time: fit=162s, train=032s, test=008s, total=202s
Epoch  18: Train%/Test% | Accuracy: 70.13%/68.36% | Precision: 64.91%/63.74% | Recall: 69.33%/68.03% | F1: 65.22%/63.68% | Time: fit=162s, train=032s, test=008s, total=202s
Epoch  19: Train%/Test% | Accuracy: 72.41%/70.10% | Precision: 66.09%/64.20% | Recall: 70.07%/68.02% | F1: 66.87%/64.65% | Time: fit=162s, train=032s, test=008s, total=202s
Epoch  20: Train%/Test% | Accuracy: 70.82%/68.59% | Precision: 65.40%/63.86% | Recall: 69.84%/68.14% | F1: 65.84%/63.86% | Time: fit=162s, train=032s, test=008s, total=202s
Epoch  21: Train%/Test% | Accuracy: 72.05%/70.10% | Precision: 66.05%/64.70% | Recall: 70.27%/68.92% | F1: 66.75%/65.06% | Time: fit=162s, train=032s, test=008s, total=202s
Epoch  22: Train%/Test% | Accuracy: 72.00%/70.84% | Precision: 65.91%/65.20% | Recall: 70.04%/69.41% | F1: 66.62%/65.70% | Time: fit=162s, train=032s, test=008s, total=202s
Epoch  23: Train%/Test% | Accuracy: 72.34%/70.42% | Precision: 66.20%/64.80% | Recall: 70.35%/68.93% | F1: 66.95%/65.24% | Time: fit=162s, train=032s, test=008s, total=202s
Epoch  24: Train%/Test% | Accuracy: 72.48%/70.51% | Precision: 66.27%/64.78% | Recall: 70.38%/68.83% | F1: 67.04%/65.25% | Time: fit=162s, train=032s, test=008s, total=202s
Epoch  25: Train%/Test% | Accuracy: 71.98%/69.90% | Precision: 66.04%/64.66% | Recall: 70.29%/68.94% | F1: 66.72%/64.95% | Time: fit=162s, train=032s, test=008s, total=202s
Epoch  26: Train%/Test% | Accuracy: 73.31%/71.39% | Precision: 66.81%/65.44% | Recall: 70.76%/69.51% | F1: 67.70%/66.05% | Time: fit=162s, train=032s, test=008s, total=202s
Epoch  27: Train%/Test% | Accuracy: 72.66%/70.89% | Precision: 66.51%/65.25% | Recall: 70.70%/69.47% | F1: 67.30%/65.75% | Time: fit=162s, train=032s, test=008s, total=202s
Epoch  28: Train%/Test% | Accuracy: 73.04%/71.61% | Precision: 66.76%/65.78% | Recall: 70.88%/70.01% | F1: 67.60%/66.41% | Time: fit=162s, train=032s, test=008s, total=202s
Epoch  29: Train%/Test% | Accuracy: 72.62%/70.69% | Precision: 66.50%/65.04% | Recall: 70.71%/69.21% | F1: 67.28%/65.52% | Time: fit=162s, train=032s, test=008s, total=202s
Epoch  30: Train%/Test% | Accuracy: 72.66%/71.05% | Precision: 66.54%/65.37% | Recall: 70.75%/69.61% | F1: 67.32%/65.90% | Time: fit=162s, train=032s, test=008s, total=202s
Epoch  31: Train%/Test% | Accuracy: 72.93%/71.48% | Precision: 66.61%/65.62% | Recall: 70.68%/69.79% | F1: 67.44%/66.23% | Time: fit=162s, train=032s, test=008s, total=202s
Epoch  32: Train%/Test% | Accuracy: 71.91%/70.64% | Precision: 66.21%/65.33% | Recall: 70.67%/69.75% | F1: 66.84%/65.73% | Time: fit=162s, train=032s, test=008s, total=202s
Epoch  33: Train%/Test% | Accuracy: 72.24%/70.96% | Precision: 66.32%/65.43% | Recall: 70.65%/69.77% | F1: 67.03%/65.92% | Time: fit=162s, train=032s, test=008s, total=202s
Epoch  34: Train%/Test% | Accuracy: 71.53%/69.87% | Precision: 65.91%/65.06% | Recall: 70.35%/69.66% | F1: 66.48%/65.24% | Time: fit=162s, train=032s, test=008s, total=202s
Epoch  35: Train%/Test% | Accuracy: 71.69%/70.05% | Precision: 66.13%/65.20% | Recall: 70.65%/69.82% | F1: 66.71%/65.41% | Time: fit=162s, train=032s, test=008s, total=202s
Epoch  36: Train%/Test% | Accuracy: 73.70%/72.06% | Precision: 66.99%/65.86% | Recall: 70.75%/69.83% | F1: 67.92%/66.59% | Time: fit=162s, train=032s, test=008s, total=202s
Epoch  37: Train%/Test% | Accuracy: 71.58%/69.44% | Precision: 66.04%/64.81% | Recall: 70.55%/69.41% | F1: 66.60%/64.89% | Time: fit=162s, train=032s, test=008s, total=202s
Epoch  38: Train%/Test% | Accuracy: 70.95%/69.17% | Precision: 65.78%/64.83% | Recall: 70.45%/69.55% | F1: 66.18%/64.79% | Time: fit=162s, train=032s, test=008s, total=202s
Epoch  39: Train%/Test% | Accuracy: 71.39%/70.12% | Precision: 65.89%/65.13% | Recall: 70.41%/69.67% | F1: 66.42%/65.39% | Time: fit=162s, train=032s, test=008s, total=202s
Epoch  40: Train%/Test% | Accuracy: 71.06%/69.85% | Precision: 65.89%/65.16% | Recall: 70.59%/69.84% | F1: 66.31%/65.30% | Time: fit=162s, train=032s, test=008s, total=202s
Epoch  41: Train%/Test% | Accuracy: 72.08%/70.39% | Precision: 66.37%/65.32% | Recall: 70.86%/69.88% | F1: 67.03%/65.64% | Time: fit=162s, train=032s, test=008s, total=202s
Epoch  42: Train%/Test% | Accuracy: 72.56%/70.91% | Precision: 66.41%/65.40% | Recall: 70.58%/69.74% | F1: 67.18%/65.88% | Time: fit=162s, train=032s, test=008s, total=202s
Epoch  43: Train%/Test% | Accuracy: 73.79%/71.82% | Precision: 67.06%/65.66% | Recall: 70.80%/69.63% | F1: 68.00%/66.35% | Time: fit=162s, train=032s, test=008s, total=202s
Epoch  44: Train%/Test% | Accuracy: 73.42%/71.03% | Precision: 66.96%/65.15% | Recall: 70.96%/69.21% | F1: 67.86%/65.71% | Time: fit=162s, train=032s, test=008s, total=202s
Epoch  45: Train%/Test% | Accuracy: 73.19%/71.34% | Precision: 66.74%/65.41% | Recall: 70.71%/69.48% | F1: 67.61%/66.02% | Time: fit=162s, train=032s, test=008s, total=201s
Epoch  46: Train%/Test% | Accuracy: 71.95%/69.94% | Precision: 66.04%/64.68% | Recall: 70.31%/68.97% | F1: 66.71%/64.99% | Time: fit=162s, train=032s, test=008s, total=202s
Epoch  47: Train%/Test% | Accuracy: 70.82%/69.65% | Precision: 65.54%/64.84% | Recall: 70.08%/69.39% | F1: 65.95%/65.00% | Time: fit=162s, train=032s, test=008s, total=202s
Epoch  48: Train%/Test% | Accuracy: 71.80%/70.42% | Precision: 65.92%/64.86% | Recall: 70.19%/69.03% | F1: 66.57%/65.29% | Time: fit=162s, train=032s, test=008s, total=202s
Epoch  49: Train%/Test% | Accuracy: 71.92%/70.33% | Precision: 66.01%/64.79% | Recall: 70.28%/68.97% | F1: 66.68%/65.21% | Time: fit=162s, train=032s, test=008s, total=202s
Epoch  50: Train%/Test% | Accuracy: 71.79%/70.17% | Precision: 65.87%/64.76% | Recall: 70.11%/68.99% | F1: 66.52%/65.13% | Time: fit=162s, train=032s, test=008s, total=202s
Epoch  51: Train%/Test% | Accuracy: 73.31%/71.45% | Precision: 66.79%/65.25% | Recall: 70.72%/69.11% | F1: 67.68%/65.91% | Time: fit=162s, train=032s, test=008s, total=202s
Epoch  52: Train%/Test% | Accuracy: 73.18%/71.12% | Precision: 66.83%/65.16% | Recall: 70.91%/69.17% | F1: 67.70%/65.75% | Time: fit=162s, train=032s, test=008s, total=202s
Epoch  53: Train%/Test% | Accuracy: 73.40%/71.50% | Precision: 66.93%/65.43% | Recall: 70.92%/69.42% | F1: 67.83%/66.08% | Time: fit=162s, train=032s, test=008s, total=202s
Epoch  54: Train%/Test% | Accuracy: 73.34%/71.45% | Precision: 67.03%/65.67% | Recall: 71.17%/69.91% | F1: 67.91%/66.27% | Time: fit=162s, train=032s, test=008s, total=202s
Epoch  55: Train%/Test% | Accuracy: 73.17%/70.84% | Precision: 66.84%/65.11% | Recall: 70.94%/69.25% | F1: 67.70%/65.63% | Time: fit=162s, train=032s, test=008s, total=202s
Epoch  56: Train%/Test% | Accuracy: 74.27%/72.24% | Precision: 67.46%/65.91% | Recall: 71.15%/69.79% | F1: 68.45%/66.67% | Time: fit=162s, train=032s, test=008s, total=202s
Epoch  57: Train%/Test% | Accuracy: 73.56%/71.66% | Precision: 67.06%/65.61% | Recall: 71.02%/69.66% | F1: 67.97%/66.28% | Time: fit=162s, train=032s, test=008s, total=201s
Epoch  58: Train%/Test% | Accuracy: 73.89%/71.88% | Precision: 67.21%/65.69% | Recall: 71.01%/69.64% | F1: 68.16%/66.40% | Time: fit=162s, train=032s, test=008s, total=201s
Epoch  59: Train%/Test% | Accuracy: 74.20%/72.49% | Precision: 67.41%/66.16% | Recall: 71.11%/70.08% | F1: 68.39%/66.95% | Time: fit=162s, train=032s, test=008s, total=202s
Epoch  60: Train%/Test% | Accuracy: 73.09%/71.48% | Precision: 66.75%/65.76% | Recall: 70.82%/70.05% | F1: 67.60%/66.35% | Time: fit=162s, train=032s, test=008s, total=202s
Epoch  61: Train%/Test% | Accuracy: 70.88%/69.38% | Precision: 65.98%/64.94% | Recall: 70.84%/69.66% | F1: 66.30%/64.95% | Time: fit=162s, train=032s, test=008s, total=202s
Epoch  62: Train%/Test% | Accuracy: 71.50%/69.72% | Precision: 66.02%/64.78% | Recall: 70.57%/69.24% | F1: 66.56%/64.98% | Time: fit=162s, train=032s, test=008s, total=202s
Epoch  63: Train%/Test% | Accuracy: 72.27%/70.26% | Precision: 66.47%/65.09% | Recall: 70.93%/69.53% | F1: 67.17%/65.41% | Time: fit=162s, train=032s, test=008s, total=202s
Epoch  64: Train%/Test% | Accuracy: 71.22%/69.51% | Precision: 66.15%/65.11% | Recall: 70.96%/69.91% | F1: 66.56%/65.13% | Time: fit=162s, train=032s, test=008s, total=202s
Epoch  65: Train%/Test% | Accuracy: 70.46%/68.27% | Precision: 65.75%/64.34% | Recall: 70.65%/69.06% | F1: 65.97%/64.05% | Time: fit=162s, train=032s, test=008s, total=202s
Epoch  66: Train%/Test% | Accuracy: 70.64%/68.52% | Precision: 65.71%/64.32% | Recall: 70.49%/68.93% | F1: 66.01%/64.15% | Time: fit=162s, train=032s, test=008s, total=202s
Epoch  67: Train%/Test% | Accuracy: 70.32%/68.56% | Precision: 65.57%/64.50% | Recall: 70.39%/69.22% | F1: 65.78%/64.29% | Time: fit=162s, train=032s, test=008s, total=202s
Epoch  68: Train%/Test% | Accuracy: 69.98%/68.61% | Precision: 65.34%/64.49% | Recall: 70.14%/69.18% | F1: 65.47%/64.30% | Time: fit=162s, train=032s, test=008s, total=202s
Epoch  69: Train%/Test% | Accuracy: 70.40%/68.95% | Precision: 65.63%/64.67% | Recall: 70.46%/69.37% | F1: 65.86%/64.58% | Time: fit=162s, train=032s, test=008s, total=202s
Epoch  70: Train%/Test% | Accuracy: 70.98%/69.31% | Precision: 65.74%/64.74% | Recall: 70.36%/69.36% | F1: 66.16%/64.79% | Time: fit=162s, train=032s, test=008s, total=202s
Epoch  71: Train%/Test% | Accuracy: 71.52%/69.33% | Precision: 66.11%/64.66% | Recall: 70.74%/69.21% | F1: 66.64%/64.74% | Time: fit=162s, train=032s, test=008s, total=202s
Epoch  72: Train%/Test% | Accuracy: 71.05%/68.90% | Precision: 65.90%/64.40% | Recall: 70.62%/68.93% | F1: 66.31%/64.37% | Time: fit=162s, train=032s, test=008s, total=202s
Epoch  73: Train%/Test% | Accuracy: 71.95%/69.63% | Precision: 66.29%/64.68% | Recall: 70.79%/69.12% | F1: 66.92%/64.87% | Time: fit=162s, train=032s, test=008s, total=202s
Epoch  74: Train%/Test% | Accuracy: 70.78%/68.56% | Precision: 65.61%/64.21% | Recall: 70.24%/68.74% | F1: 65.99%/64.10% | Time: fit=162s, train=032s, test=008s, total=201s
Epoch  75: Train%/Test% | Accuracy: 71.30%/69.08% | Precision: 65.84%/64.24% | Recall: 70.36%/68.60% | F1: 66.35%/64.34% | Time: fit=162s, train=032s, test=008s, total=201s
Epoch  76: Train%/Test% | Accuracy: 72.20%/69.83% | Precision: 66.23%/64.50% | Recall: 70.51%/68.71% | F1: 66.94%/64.81% | Time: fit=162s, train=032s, test=008s, total=202s
Epoch  77: Train%/Test% | Accuracy: 70.48%/68.72% | Precision: 65.32%/64.21% | Recall: 69.87%/68.68% | F1: 65.66%/64.17% | Time: fit=162s, train=032s, test=008s, total=202s
Epoch  78: Train%/Test% | Accuracy: 70.68%/68.79% | Precision: 65.60%/64.35% | Recall: 70.27%/68.89% | F1: 65.94%/64.29% | Time: fit=162s, train=032s, test=008s, total=202s
Epoch  79: Train%/Test% | Accuracy: 70.26%/68.22% | Precision: 65.36%/63.98% | Recall: 70.05%/68.48% | F1: 65.60%/63.79% | Time: fit=162s, train=032s, test=008s, total=202s
Epoch  80: Train%/Test% | Accuracy: 70.67%/68.13% | Precision: 65.67%/63.79% | Recall: 70.39%/68.20% | F1: 65.99%/63.63% | Time: fit=162s, train=032s, test=008s, total=202s
Epoch  81: Train%/Test% | Accuracy: 69.36%/67.32% | Precision: 65.06%/63.79% | Recall: 69.92%/68.43% | F1: 65.02%/63.24% | Time: fit=162s, train=032s, test=008s, total=202s
Epoch  82: Train%/Test% | Accuracy: 70.60%/68.43% | Precision: 65.59%/64.16% | Recall: 70.29%/68.71% | F1: 65.90%/64.01% | Time: fit=162s, train=032s, test=008s, total=202s
Epoch  83: Train%/Test% | Accuracy: 70.72%/68.68% | Precision: 65.60%/64.12% | Recall: 70.26%/68.56% | F1: 65.96%/64.09% | Time: fit=162s, train=032s, test=008s, total=202s
Epoch  84: Train%/Test% | Accuracy: 69.48%/67.50% | Precision: 65.11%/63.81% | Recall: 69.96%/68.42% | F1: 65.10%/63.35% | Time: fit=162s, train=032s, test=008s, total=202s
Epoch  85: Train%/Test% | Accuracy: 69.43%/67.25% | Precision: 65.06%/63.63% | Recall: 69.89%/68.19% | F1: 65.05%/63.11% | Time: fit=162s, train=032s, test=008s, total=202s
Epoch  86: Train%/Test% | Accuracy: 70.08%/68.02% | Precision: 65.39%/63.92% | Recall: 70.19%/68.44% | F1: 65.55%/63.66% | Time: fit=162s, train=032s, test=008s, total=202s
Epoch  87: Train%/Test% | Accuracy: 69.95%/68.27% | Precision: 65.10%/64.03% | Recall: 69.74%/68.54% | F1: 65.30%/63.85% | Time: fit=162s, train=032s, test=008s, total=202s
Epoch  88: Train%/Test% | Accuracy: 70.27%/68.25% | Precision: 65.33%/63.94% | Recall: 69.99%/68.40% | F1: 65.59%/63.77% | Time: fit=162s, train=032s, test=008s, total=201s
Epoch  89: Train%/Test% | Accuracy: 70.14%/68.20% | Precision: 65.38%/64.14% | Recall: 70.15%/68.76% | F1: 65.57%/63.89% | Time: fit=162s, train=032s, test=008s, total=202s
Epoch  90: Train%/Test% | Accuracy: 69.79%/67.80% | Precision: 65.32%/64.08% | Recall: 70.19%/68.78% | F1: 65.38%/63.66% | Time: fit=162s, train=032s, test=008s, total=201s
Epoch  91: Train%/Test% | Accuracy: 70.10%/67.71% | Precision: 65.43%/64.03% | Recall: 70.25%/68.72% | F1: 65.59%/63.58% | Time: fit=162s, train=032s, test=008s, total=202s
Epoch  92: Train%/Test% | Accuracy: 70.35%/67.93% | Precision: 65.41%/63.88% | Recall: 70.09%/68.42% | F1: 65.67%/63.60% | Time: fit=162s, train=032s, test=008s, total=202s
Epoch  93: Train%/Test% | Accuracy: 70.70%/68.70% | Precision: 65.52%/64.37% | Recall: 70.11%/68.95% | F1: 65.89%/64.26% | Time: fit=162s, train=032s, test=008s, total=202s
Epoch  94: Train%/Test% | Accuracy: 71.69%/69.22% | Precision: 66.04%/64.33% | Recall: 70.49%/68.69% | F1: 66.63%/64.46% | Time: fit=162s, train=032s, test=008s, total=201s
Epoch  95: Train%/Test% | Accuracy: 71.93%/69.40% | Precision: 66.21%/64.41% | Recall: 70.66%/68.74% | F1: 66.85%/64.58% | Time: fit=162s, train=032s, test=008s, total=201s
Epoch  96: Train%/Test% | Accuracy: 71.98%/69.69% | Precision: 66.26%/64.60% | Recall: 70.71%/68.94% | F1: 66.90%/64.83% | Time: fit=162s, train=032s, test=008s, total=202s
Epoch  97: Train%/Test% | Accuracy: 70.68%/68.09% | Precision: 65.73%/63.96% | Recall: 70.50%/68.49% | F1: 66.04%/63.72% | Time: fit=162s, train=032s, test=008s, total=202s
Epoch  98: Train%/Test% | Accuracy: 70.57%/68.56% | Precision: 65.76%/64.38% | Recall: 70.61%/69.03% | F1: 66.02%/64.21% | Time: fit=162s, train=032s, test=008s, total=202s
Epoch  99: Train%/Test% | Accuracy: 72.23%/69.58% | Precision: 66.43%/64.32% | Recall: 70.87%/68.51% | F1: 67.12%/64.58% | Time: fit=162s, train=032s, test=008s, total=201s
Epoch 100: Train%/Test% | Accuracy: 71.75%/69.56% | Precision: 66.19%/64.43% | Recall: 70.73%/68.72% | F1: 66.77%/64.66% | Time: fit=162s, train=032s, test=008s, total=201s
Epoch 101: Train%/Test% | Accuracy: 71.78%/69.67% | Precision: 65.94%/64.25% | Recall: 70.25%/68.35% | F1: 66.58%/64.56% | Time: fit=162s, train=032s, test=008s, total=202s
Epoch 102: Train%/Test% | Accuracy: 72.10%/69.99% | Precision: 66.14%/64.44% | Recall: 70.40%/68.52% | F1: 66.84%/64.82% | Time: fit=162s, train=032s, test=008s, total=201s
Epoch 103: Train%/Test% | Accuracy: 72.24%/70.12% | Precision: 66.25%/64.71% | Recall: 70.52%/68.93% | F1: 66.97%/65.08% | Time: fit=162s, train=032s, test=008s, total=202s
Epoch 104: Train%/Test% | Accuracy: 71.91%/70.03% | Precision: 66.09%/64.62% | Recall: 70.45%/68.81% | F1: 66.74%/64.97% | Time: fit=162s, train=032s, test=008s, total=202s
Epoch 105: Train%/Test% | Accuracy: 72.04%/69.96% | Precision: 66.16%/64.52% | Recall: 70.49%/68.67% | F1: 66.84%/64.87% | Time: fit=162s, train=032s, test=008s, total=202s
Epoch 106: Train%/Test% | Accuracy: 70.74%/69.02% | Precision: 65.74%/64.54% | Recall: 70.49%/69.13% | F1: 66.07%/64.52% | Time: fit=162s, train=032s, test=008s, total=201s
Epoch 107: Train%/Test% | Accuracy: 70.39%/68.50% | Precision: 65.56%/64.30% | Recall: 70.33%/68.92% | F1: 65.80%/64.13% | Time: fit=162s, train=032s, test=008s, total=202s
Epoch 108: Train%/Test% | Accuracy: 70.94%/69.35% | Precision: 65.43%/64.29% | Recall: 69.82%/68.55% | F1: 65.91%/64.48% | Time: fit=162s, train=032s, test=008s, total=201s
Epoch 109: Train%/Test% | Accuracy: 70.83%/69.38% | Precision: 65.56%/64.56% | Recall: 70.13%/69.02% | F1: 65.97%/64.68% | Time: fit=162s, train=032s, test=008s, total=202s
Epoch 110: Train%/Test% | Accuracy: 69.90%/68.56% | Precision: 65.37%/64.54% | Recall: 70.22%/69.28% | F1: 65.46%/64.31% | Time: fit=162s, train=032s, test=008s, total=201s
Epoch 111: Train%/Test% | Accuracy: 71.42%/69.99% | Precision: 65.94%/65.13% | Recall: 70.47%/69.74% | F1: 66.47%/65.34% | Time: fit=162s, train=032s, test=008s, total=201s
Epoch 112: Train%/Test% | Accuracy: 72.59%/71.16% | Precision: 66.35%/65.59% | Recall: 70.44%/69.94% | F1: 67.14%/66.11% | Time: fit=162s, train=032s, test=008s, total=201s
Epoch 113: Train%/Test% | Accuracy: 71.95%/70.35% | Precision: 66.15%/65.33% | Recall: 70.54%/69.91% | F1: 66.81%/65.63% | Time: fit=162s, train=032s, test=008s, total=202s
Epoch 114: Train%/Test% | Accuracy: 71.56%/70.26% | Precision: 66.00%/65.31% | Recall: 70.51%/69.92% | F1: 66.56%/65.58% | Time: fit=162s, train=032s, test=008s, total=202s
Epoch 115: Train%/Test% | Accuracy: 71.49%/70.33% | Precision: 66.04%/65.39% | Recall: 70.61%/70.03% | F1: 66.57%/65.66% | Time: fit=162s, train=032s, test=008s, total=201s
Epoch 116: Train%/Test% | Accuracy: 71.31%/70.44% | Precision: 65.89%/65.54% | Recall: 70.46%/70.23% | F1: 66.40%/65.81% | Time: fit=162s, train=032s, test=008s, total=201s
Epoch 117: Train%/Test% | Accuracy: 70.35%/69.26% | Precision: 65.66%/65.23% | Recall: 70.54%/70.19% | F1: 65.86%/65.09% | Time: fit=162s, train=032s, test=008s, total=202s
Epoch 118: Train%/Test% | Accuracy: 70.43%/69.65% | Precision: 65.60%/65.39% | Recall: 70.39%/70.31% | F1: 65.84%/65.37% | Time: fit=162s, train=032s, test=008s, total=202s
Epoch 119: Train%/Test% | Accuracy: 70.25%/69.38% | Precision: 65.33%/65.03% | Recall: 70.00%/69.82% | F1: 65.58%/65.01% | Time: fit=162s, train=032s, test=008s, total=201s
Epoch 120: Train%/Test% | Accuracy: 72.23%/70.78% | Precision: 66.20%/65.29% | Recall: 70.42%/69.62% | F1: 66.92%/65.75% | Time: fit=162s, train=032s, test=008s, total=201s
Epoch 121: Train%/Test% | Accuracy: 72.07%/70.37% | Precision: 65.99%/64.68% | Recall: 70.13%/68.74% | F1: 66.70%/65.13% | Time: fit=162s, train=032s, test=008s, total=202s
Epoch 122: Train%/Test% | Accuracy: 71.21%/69.76% | Precision: 65.65%/64.82% | Recall: 70.06%/69.30% | F1: 66.17%/65.03% | Time: fit=162s, train=032s, test=008s, total=202s
Epoch 123: Train%/Test% | Accuracy: 72.99%/71.61% | Precision: 66.64%/65.77% | Recall: 70.70%/69.98% | F1: 67.49%/66.39% | Time: fit=162s, train=032s, test=008s, total=201s
Epoch 124: Train%/Test% | Accuracy: 73.00%/71.45% | Precision: 66.71%/65.74% | Recall: 70.83%/70.03% | F1: 67.55%/66.33% | Time: fit=162s, train=032s, test=008s, total=202s
Epoch 125: Train%/Test% | Accuracy: 73.39%/71.34% | Precision: 66.86%/65.41% | Recall: 70.77%/69.48% | F1: 67.75%/66.02% | Time: fit=162s, train=032s, test=008s, total=202s
Epoch 126: Train%/Test% | Accuracy: 71.84%/70.10% | Precision: 66.10%/65.01% | Recall: 70.51%/69.46% | F1: 66.73%/65.29% | Time: fit=162s, train=032s, test=008s, total=201s
Epoch 127: Train%/Test% | Accuracy: 71.18%/68.93% | Precision: 65.79%/64.32% | Recall: 70.34%/68.78% | F1: 66.27%/64.33% | Time: fit=162s, train=032s, test=008s, total=202s
Epoch 128: Train%/Test% | Accuracy: 71.12%/68.61% | Precision: 65.77%/64.00% | Recall: 70.33%/68.38% | F1: 66.23%/63.98% | Time: fit=162s, train=032s, test=008s, total=202s
Epoch 129: Train%/Test% | Accuracy: 71.69%/69.99% | Precision: 65.93%/64.73% | Recall: 70.29%/69.03% | F1: 66.55%/65.04% | Time: fit=162s, train=032s, test=008s, total=201s
Epoch 130: Train%/Test% | Accuracy: 72.10%/70.62% | Precision: 66.25%/65.19% | Recall: 70.62%/69.52% | F1: 66.93%/65.62% | Time: fit=162s, train=032s, test=008s, total=201s
Epoch 131: Train%/Test% | Accuracy: 70.83%/69.40% | Precision: 65.64%/64.72% | Recall: 70.27%/69.29% | F1: 66.03%/64.81% | Time: fit=162s, train=032s, test=008s, total=202s
Epoch 132: Train%/Test% | Accuracy: 70.53%/69.08% | Precision: 65.50%/64.57% | Recall: 70.16%/69.14% | F1: 65.81%/64.57% | Time: fit=162s, train=032s, test=008s, total=202s
Epoch 133: Train%/Test% | Accuracy: 72.10%/70.69% | Precision: 66.25%/65.30% | Recall: 70.61%/69.69% | F1: 66.93%/65.73% | Time: fit=162s, train=032s, test=008s, total=202s
Epoch 134: Train%/Test% | Accuracy: 72.77%/70.89% | Precision: 66.52%/65.16% | Recall: 70.62%/69.31% | F1: 67.33%/65.68% | Time: fit=162s, train=032s, test=008s, total=201s
Epoch 135: Train%/Test% | Accuracy: 72.88%/70.75% | Precision: 66.70%/65.02% | Recall: 70.90%/69.12% | F1: 67.51%/65.52% | Time: fit=162s, train=032s, test=008s, total=201s
Epoch 136: Train%/Test% | Accuracy: 72.17%/70.39% | Precision: 66.23%/64.82% | Recall: 70.52%/68.98% | F1: 66.93%/65.25% | Time: fit=162s, train=032s, test=008s, total=202s
Epoch 137: Train%/Test% | Accuracy: 72.21%/70.26% | Precision: 66.30%/64.82% | Recall: 70.64%/69.05% | F1: 67.01%/65.21% | Time: fit=162s, train=032s, test=008s, total=201s
Epoch 138: Train%/Test% | Accuracy: 71.53%/69.78% | Precision: 65.99%/64.80% | Recall: 70.50%/69.25% | F1: 66.55%/65.02% | Time: fit=162s, train=032s, test=008s, total=202s
Epoch 139: Train%/Test% | Accuracy: 71.52%/69.40% | Precision: 66.03%/64.58% | Recall: 70.58%/69.03% | F1: 66.58%/64.70% | Time: fit=162s, train=032s, test=008s, total=202s
Epoch 140: Train%/Test% | Accuracy: 72.85%/71.03% | Precision: 66.63%/65.18% | Recall: 70.78%/69.27% | F1: 67.44%/65.74% | Time: fit=162s, train=032s, test=008s, total=202s
Epoch 141: Train%/Test% | Accuracy: 72.70%/70.69% | Precision: 66.63%/65.22% | Recall: 70.92%/69.53% | F1: 67.42%/65.66% | Time: fit=162s, train=032s, test=008s, total=201s
Epoch 142: Train%/Test% | Accuracy: 71.26%/69.58% | Precision: 65.88%/64.56% | Recall: 70.45%/68.93% | F1: 66.37%/64.76% | Time: fit=162s, train=032s, test=008s, total=201s
Epoch 143: Train%/Test% | Accuracy: 72.50%/71.09% | Precision: 66.35%/65.32% | Recall: 70.52%/69.48% | F1: 67.12%/65.87% | Time: fit=162s, train=032s, test=008s, total=201s
Epoch 144: Train%/Test% | Accuracy: 72.75%/70.87% | Precision: 66.49%/65.08% | Recall: 70.59%/69.17% | F1: 67.30%/65.60% | Time: fit=162s, train=032s, test=008s, total=201s
Epoch 145: Train%/Test% | Accuracy: 72.80%/71.14% | Precision: 66.64%/65.44% | Recall: 70.85%/69.67% | F1: 67.45%/65.98% | Time: fit=162s, train=032s, test=008s, total=202s
Epoch 146: Train%/Test% | Accuracy: 73.79%/71.75% | Precision: 67.22%/65.49% | Recall: 71.14%/69.36% | F1: 68.16%/66.19% | Time: fit=162s, train=032s, test=008s, total=201s
Epoch 147: Train%/Test% | Accuracy: 73.22%/71.14% | Precision: 66.85%/65.13% | Recall: 70.91%/69.09% | F1: 67.72%/65.72% | Time: fit=162s, train=032s, test=008s, total=202s
Epoch 148: Train%/Test% | Accuracy: 72.74%/70.35% | Precision: 66.70%/64.70% | Recall: 71.01%/68.79% | F1: 67.48%/65.14% | Time: fit=162s, train=032s, test=008s, total=202s
Epoch 149: Train%/Test% | Accuracy: 72.69%/70.84% | Precision: 66.51%/65.08% | Recall: 70.69%/69.18% | F1: 67.31%/65.60% | Time: fit=162s, train=032s, test=008s, total=201s
Epoch 150: Train%/Test% | Accuracy: 71.92%/70.17% | Precision: 66.21%/64.89% | Recall: 70.65%/69.22% | F1: 66.84%/65.23% | Time: fit=162s, train=032s, test=006s, total=199s
