[nltk_data] Downloading package wordnet to /home/bjorvl16/nltk_data...
[nltk_data]   Package wordnet is already up-to-date!
[nltk_data] Downloading package stopwords to
[nltk_data]     /home/bjorvl16/nltk_data...
[nltk_data]   Package stopwords is already up-to-date!
[*] Load dataset...
[*] Fix malformed data...
[*] Split...
[*] Encoding...
[*] Encoding feature: text... 464
==============================
Using GPU for training
Dataset: FakeNewsNet-politifact
TMU params: num-clauses=5000, T=50, s=10.0
Epochs: 150
Feature(s): text
max-vocab=15000, max-domain=500, max-tweet=500
====================
Train size: 844
Train classes: 2
Test size: 212
Test classes: 2
Total features: 464
==============================
[*] Training for 150 epochs...
*** compiler output in /tmp/tmp_3esk0hn
*** compiler output in /tmp/tmppt0w3ss3
*** compiler output in /tmp/tmptgn5jauj
Epoch   1: Train%/Test% | Accuracy: 71.80%/67.45% | Precision: 73.15%/67.58% | Recall: 73.40%/68.90% | F1: 71.79%/66.92% | Time: fit=008s, train=000s, test=000s, total=009s
Epoch   2: Train%/Test% | Accuracy: 75.47%/73.58% | Precision: 74.94%/71.56% | Recall: 75.39%/71.07% | F1: 75.07%/71.28% | Time: fit=002s, train=000s, test=000s, total=003s
Epoch   3: Train%/Test% | Accuracy: 79.74%/73.58% | Precision: 79.23%/71.87% | Recall: 79.73%/72.68% | F1: 79.40%/72.16% | Time: fit=002s, train=000s, test=000s, total=003s
Epoch   4: Train%/Test% | Accuracy: 78.91%/73.58% | Precision: 78.36%/71.78% | Recall: 78.74%/72.41% | F1: 78.50%/72.03% | Time: fit=002s, train=000s, test=000s, total=003s
Epoch   5: Train%/Test% | Accuracy: 66.94%/60.85% | Precision: 75.53%/70.79% | Recall: 71.06%/67.96% | F1: 66.27%/60.53% | Time: fit=002s, train=000s, test=000s, total=003s
Epoch   6: Train%/Test% | Accuracy: 75.83%/72.17% | Precision: 78.11%/74.53% | Recall: 77.97%/75.84% | F1: 75.83%/72.06% | Time: fit=002s, train=000s, test=000s, total=003s
Epoch   7: Train%/Test% | Accuracy: 77.84%/72.17% | Precision: 79.10%/73.14% | Recall: 79.51%/74.77% | F1: 77.83%/71.89% | Time: fit=002s, train=000s, test=000s, total=003s
Epoch   8: Train%/Test% | Accuracy: 78.20%/71.23% | Precision: 79.29%/72.20% | Recall: 79.77%/73.76% | F1: 78.18%/70.94% | Time: fit=002s, train=000s, test=000s, total=003s
Epoch   9: Train%/Test% | Accuracy: 61.26%/57.55% | Precision: 74.03%/70.15% | Recall: 66.36%/65.61% | F1: 59.47%/56.79% | Time: fit=002s, train=000s, test=000s, total=003s
Epoch  10: Train%/Test% | Accuracy: 62.44%/58.49% | Precision: 74.78%/70.55% | Recall: 67.42%/66.36% | F1: 60.87%/57.86% | Time: fit=002s, train=000s, test=000s, total=003s
Epoch  11: Train%/Test% | Accuracy: 64.69%/59.43% | Precision: 75.50%/70.96% | Recall: 69.32%/67.11% | F1: 63.57%/58.91% | Time: fit=002s, train=000s, test=000s, total=003s
Epoch  12: Train%/Test% | Accuracy: 65.05%/61.79% | Precision: 75.43%/71.97% | Recall: 69.58%/68.97% | F1: 64.01%/61.48% | Time: fit=002s, train=000s, test=000s, total=003s
Epoch  13: Train%/Test% | Accuracy: 64.69%/61.32% | Precision: 75.50%/71.76% | Recall: 69.32%/68.60% | F1: 63.57%/60.97% | Time: fit=002s, train=000s, test=000s, total=003s
Epoch  14: Train%/Test% | Accuracy: 80.81%/73.58% | Precision: 81.37%/74.41% | Recall: 82.10%/76.16% | F1: 80.75%/73.30% | Time: fit=002s, train=000s, test=000s, total=003s
Epoch  15: Train%/Test% | Accuracy: 79.62%/71.70% | Precision: 80.73%/72.82% | Recall: 81.23%/74.40% | F1: 79.60%/71.44% | Time: fit=002s, train=000s, test=000s, total=003s
Epoch  16: Train%/Test% | Accuracy: 80.69%/70.75% | Precision: 81.27%/71.57% | Recall: 82.00%/73.12% | F1: 80.64%/70.44% | Time: fit=002s, train=000s, test=000s, total=003s
Epoch  17: Train%/Test% | Accuracy: 81.52%/71.70% | Precision: 82.02%/72.23% | Recall: 82.79%/73.86% | F1: 81.46%/71.33% | Time: fit=002s, train=000s, test=000s, total=003s
Epoch  18: Train%/Test% | Accuracy: 81.40%/73.11% | Precision: 81.68%/73.24% | Recall: 82.49%/74.98% | F1: 81.32%/72.67% | Time: fit=002s, train=000s, test=000s, total=003s
Epoch  19: Train%/Test% | Accuracy: 81.40%/75.00% | Precision: 81.58%/74.65% | Recall: 82.41%/76.47% | F1: 81.31%/74.45% | Time: fit=002s, train=000s, test=000s, total=003s
Epoch  20: Train%/Test% | Accuracy: 80.21%/75.00% | Precision: 80.86%/74.88% | Recall: 81.55%/76.74% | F1: 80.17%/74.52% | Time: fit=002s, train=000s, test=000s, total=003s
Epoch  21: Train%/Test% | Accuracy: 81.64%/74.06% | Precision: 81.96%/74.45% | Recall: 82.77%/76.26% | F1: 81.56%/73.69% | Time: fit=002s, train=000s, test=000s, total=003s
Epoch  22: Train%/Test% | Accuracy: 83.06%/75.00% | Precision: 83.20%/74.65% | Recall: 84.08%/76.47% | F1: 82.97%/74.45% | Time: fit=002s, train=000s, test=000s, total=003s
Epoch  23: Train%/Test% | Accuracy: 82.58%/76.42% | Precision: 82.77%/75.56% | Recall: 83.63%/77.32% | F1: 82.50%/75.71% | Time: fit=002s, train=000s, test=000s, total=003s
Epoch  24: Train%/Test% | Accuracy: 81.99%/75.47% | Precision: 82.25%/75.01% | Recall: 83.08%/76.85% | F1: 81.91%/74.90% | Time: fit=002s, train=000s, test=000s, total=003s
Epoch  25: Train%/Test% | Accuracy: 81.87%/74.53% | Precision: 82.15%/74.29% | Recall: 82.98%/76.10% | F1: 81.79%/74.01% | Time: fit=002s, train=000s, test=000s, total=003s
Epoch  26: Train%/Test% | Accuracy: 81.04%/71.23% | Precision: 81.60%/71.35% | Recall: 82.34%/72.95% | F1: 80.99%/70.75% | Time: fit=002s, train=000s, test=000s, total=003s
Epoch  27: Train%/Test% | Accuracy: 81.16%/71.23% | Precision: 81.49%/71.10% | Recall: 82.29%/72.68% | F1: 81.09%/70.68% | Time: fit=002s, train=000s, test=000s, total=003s
Epoch  28: Train%/Test% | Accuracy: 81.40%/73.58% | Precision: 81.88%/73.58% | Recall: 82.65%/75.35% | F1: 81.34%/73.12% | Time: fit=002s, train=000s, test=000s, total=003s
Epoch  29: Train%/Test% | Accuracy: 81.75%/73.58% | Precision: 82.32%/73.58% | Recall: 83.07%/75.35% | F1: 81.70%/73.12% | Time: fit=002s, train=000s, test=000s, total=003s
Epoch  30: Train%/Test% | Accuracy: 82.70%/75.47% | Precision: 83.01%/75.01% | Recall: 83.85%/76.85% | F1: 82.63%/74.90% | Time: fit=002s, train=000s, test=000s, total=003s
Epoch  31: Train%/Test% | Accuracy: 83.41%/75.94% | Precision: 83.62%/75.59% | Recall: 84.50%/77.49% | F1: 83.33%/75.42% | Time: fit=002s, train=000s, test=000s, total=003s
Epoch  32: Train%/Test% | Accuracy: 83.29%/75.47% | Precision: 83.57%/75.01% | Recall: 84.44%/76.85% | F1: 83.22%/74.90% | Time: fit=002s, train=000s, test=000s, total=003s
Epoch  33: Train%/Test% | Accuracy: 82.58%/73.58% | Precision: 82.86%/73.12% | Recall: 83.71%/74.82% | F1: 82.51%/72.97% | Time: fit=002s, train=000s, test=000s, total=003s
Epoch  34: Train%/Test% | Accuracy: 82.23%/74.06% | Precision: 82.58%/73.70% | Recall: 83.40%/75.46% | F1: 82.16%/73.49% | Time: fit=002s, train=000s, test=000s, total=003s
Epoch  35: Train%/Test% | Accuracy: 81.87%/71.70% | Precision: 82.35%/71.46% | Recall: 83.13%/73.06% | F1: 81.82%/71.12% | Time: fit=002s, train=000s, test=000s, total=003s
Epoch  36: Train%/Test% | Accuracy: 82.35%/73.11% | Precision: 82.78%/72.99% | Recall: 83.58%/74.71% | F1: 82.29%/72.60% | Time: fit=002s, train=000s, test=000s, total=003s
Epoch  37: Train%/Test% | Accuracy: 82.82%/75.47% | Precision: 83.01%/75.01% | Recall: 83.87%/76.85% | F1: 82.74%/74.90% | Time: fit=002s, train=000s, test=000s, total=003s
Epoch  38: Train%/Test% | Accuracy: 81.87%/74.53% | Precision: 82.25%/74.53% | Recall: 83.05%/76.37% | F1: 81.81%/74.08% | Time: fit=002s, train=000s, test=000s, total=003s
Epoch  39: Train%/Test% | Accuracy: 82.35%/77.36% | Precision: 82.58%/76.90% | Recall: 83.42%/78.87% | F1: 82.27%/76.83% | Time: fit=002s, train=000s, test=000s, total=003s
Epoch  40: Train%/Test% | Accuracy: 81.87%/74.53% | Precision: 82.20%/74.53% | Recall: 83.02%/76.37% | F1: 81.80%/74.08% | Time: fit=002s, train=000s, test=000s, total=003s
Epoch  41: Train%/Test% | Accuracy: 83.18%/77.36% | Precision: 83.25%/77.12% | Recall: 84.14%/79.14% | F1: 83.08%/76.90% | Time: fit=002s, train=000s, test=000s, total=003s
Epoch  42: Train%/Test% | Accuracy: 83.29%/77.36% | Precision: 83.31%/77.12% | Recall: 84.20%/79.14% | F1: 83.19%/76.90% | Time: fit=002s, train=000s, test=000s, total=003s
Epoch  43: Train%/Test% | Accuracy: 83.41%/77.36% | Precision: 83.45%/77.12% | Recall: 84.34%/79.14% | F1: 83.31%/76.90% | Time: fit=002s, train=000s, test=000s, total=003s
Epoch  44: Train%/Test% | Accuracy: 82.11%/75.00% | Precision: 82.39%/75.13% | Recall: 83.22%/77.01% | F1: 82.03%/74.59% | Time: fit=002s, train=000s, test=000s, total=003s
Epoch  45: Train%/Test% | Accuracy: 82.70%/74.53% | Precision: 82.87%/74.53% | Recall: 83.73%/76.37% | F1: 82.61%/74.08% | Time: fit=002s, train=000s, test=000s, total=003s
Epoch  46: Train%/Test% | Accuracy: 82.82%/75.00% | Precision: 82.96%/75.39% | Recall: 83.83%/77.28% | F1: 82.73%/74.65% | Time: fit=002s, train=000s, test=000s, total=003s
Epoch  47: Train%/Test% | Accuracy: 83.41%/76.42% | Precision: 83.37%/75.75% | Recall: 84.26%/77.59% | F1: 83.30%/75.79% | Time: fit=002s, train=000s, test=000s, total=003s
Epoch  48: Train%/Test% | Accuracy: 81.99%/73.58% | Precision: 82.11%/73.12% | Recall: 82.96%/74.82% | F1: 81.89%/72.97% | Time: fit=002s, train=000s, test=000s, total=003s
Epoch  49: Train%/Test% | Accuracy: 83.18%/76.42% | Precision: 83.03%/75.56% | Recall: 83.90%/77.32% | F1: 83.04%/75.71% | Time: fit=002s, train=000s, test=000s, total=003s
Epoch  50: Train%/Test% | Accuracy: 82.82%/75.47% | Precision: 82.80%/75.23% | Recall: 83.68%/77.11% | F1: 82.70%/74.97% | Time: fit=002s, train=000s, test=000s, total=003s
Epoch  51: Train%/Test% | Accuracy: 83.06%/77.36% | Precision: 83.08%/77.12% | Recall: 83.96%/79.14% | F1: 82.95%/76.90% | Time: fit=002s, train=000s, test=000s, total=003s
Epoch  52: Train%/Test% | Accuracy: 81.75%/74.53% | Precision: 82.11%/75.06% | Recall: 82.91%/76.90% | F1: 81.68%/74.20% | Time: fit=002s, train=000s, test=000s, total=003s
Epoch  53: Train%/Test% | Accuracy: 83.18%/76.89% | Precision: 83.34%/76.53% | Recall: 84.22%/78.50% | F1: 83.09%/76.38% | Time: fit=002s, train=000s, test=000s, total=003s
Epoch  54: Train%/Test% | Accuracy: 82.70%/75.94% | Precision: 82.91%/76.07% | Recall: 83.77%/78.02% | F1: 82.62%/75.55% | Time: fit=002s, train=000s, test=000s, total=003s
Epoch  55: Train%/Test% | Accuracy: 83.18%/75.94% | Precision: 83.25%/75.59% | Recall: 84.14%/77.49% | F1: 83.08%/75.42% | Time: fit=002s, train=000s, test=000s, total=003s
Epoch  56: Train%/Test% | Accuracy: 83.53%/75.00% | Precision: 83.63%/74.65% | Recall: 84.52%/76.47% | F1: 83.44%/74.45% | Time: fit=002s, train=000s, test=000s, total=003s
Epoch  57: Train%/Test% | Accuracy: 83.06%/76.89% | Precision: 83.20%/76.53% | Recall: 84.08%/78.50% | F1: 82.97%/76.38% | Time: fit=002s, train=000s, test=000s, total=003s
Epoch  58: Train%/Test% | Accuracy: 82.82%/76.42% | Precision: 83.05%/75.95% | Recall: 83.91%/77.86% | F1: 82.74%/75.87% | Time: fit=002s, train=000s, test=000s, total=003s
Epoch  59: Train%/Test% | Accuracy: 82.82%/76.42% | Precision: 83.01%/75.95% | Recall: 83.87%/77.86% | F1: 82.74%/75.87% | Time: fit=002s, train=000s, test=000s, total=003s
Epoch  60: Train%/Test% | Accuracy: 82.46%/78.30% | Precision: 82.59%/77.84% | Recall: 83.45%/79.89% | F1: 82.37%/77.80% | Time: fit=002s, train=000s, test=000s, total=003s
Epoch  61: Train%/Test% | Accuracy: 82.70%/75.94% | Precision: 82.91%/75.59% | Recall: 83.77%/77.49% | F1: 82.62%/75.42% | Time: fit=002s, train=000s, test=000s, total=003s
Epoch  62: Train%/Test% | Accuracy: 82.58%/77.36% | Precision: 82.82%/76.90% | Recall: 83.67%/78.87% | F1: 82.50%/76.83% | Time: fit=002s, train=000s, test=000s, total=003s
Epoch  63: Train%/Test% | Accuracy: 82.94%/75.47% | Precision: 83.06%/75.23% | Recall: 83.93%/77.11% | F1: 82.85%/74.97% | Time: fit=002s, train=000s, test=000s, total=003s
Epoch  64: Train%/Test% | Accuracy: 83.06%/75.47% | Precision: 83.12%/75.01% | Recall: 84.00%/76.85% | F1: 82.96%/74.90% | Time: fit=002s, train=000s, test=000s, total=003s
Epoch  65: Train%/Test% | Accuracy: 83.06%/75.47% | Precision: 83.20%/75.01% | Recall: 84.08%/76.85% | F1: 82.97%/74.90% | Time: fit=002s, train=000s, test=000s, total=003s
Epoch  66: Train%/Test% | Accuracy: 83.41%/76.42% | Precision: 83.49%/75.95% | Recall: 84.38%/77.86% | F1: 83.32%/75.87% | Time: fit=002s, train=000s, test=000s, total=003s
Epoch  67: Train%/Test% | Accuracy: 82.94%/76.42% | Precision: 83.02%/75.95% | Recall: 83.89%/77.86% | F1: 82.84%/75.87% | Time: fit=002s, train=000s, test=000s, total=003s
Epoch  68: Train%/Test% | Accuracy: 82.70%/76.42% | Precision: 82.87%/75.95% | Recall: 83.73%/77.86% | F1: 82.61%/75.87% | Time: fit=002s, train=000s, test=000s, total=003s
Epoch  69: Train%/Test% | Accuracy: 82.58%/75.00% | Precision: 82.91%/75.13% | Recall: 83.75%/77.01% | F1: 82.51%/74.59% | Time: fit=002s, train=000s, test=000s, total=003s
Epoch  70: Train%/Test% | Accuracy: 83.06%/75.94% | Precision: 83.39%/75.59% | Recall: 84.23%/77.49% | F1: 82.99%/75.42% | Time: fit=002s, train=000s, test=000s, total=003s
Epoch  71: Train%/Test% | Accuracy: 82.58%/74.53% | Precision: 82.96%/74.53% | Recall: 83.78%/76.37% | F1: 82.52%/74.08% | Time: fit=002s, train=000s, test=000s, total=003s
Epoch  72: Train%/Test% | Accuracy: 83.29%/74.53% | Precision: 83.48%/74.79% | Recall: 84.36%/76.64% | F1: 83.21%/74.14% | Time: fit=002s, train=000s, test=000s, total=003s
Epoch  73: Train%/Test% | Accuracy: 83.06%/74.06% | Precision: 83.29%/74.45% | Recall: 84.15%/76.26% | F1: 82.98%/73.69% | Time: fit=002s, train=000s, test=000s, total=003s
Epoch  74: Train%/Test% | Accuracy: 83.18%/74.53% | Precision: 83.34%/74.79% | Recall: 84.22%/76.64% | F1: 83.09%/74.14% | Time: fit=002s, train=000s, test=000s, total=003s
Epoch  75: Train%/Test% | Accuracy: 82.94%/74.53% | Precision: 83.19%/74.79% | Recall: 84.05%/76.64% | F1: 82.86%/74.14% | Time: fit=002s, train=000s, test=000s, total=003s
Epoch  76: Train%/Test% | Accuracy: 83.77%/73.58% | Precision: 84.00%/73.84% | Recall: 84.88%/75.62% | F1: 83.69%/73.18% | Time: fit=002s, train=000s, test=000s, total=003s
Epoch  77: Train%/Test% | Accuracy: 83.06%/74.53% | Precision: 83.44%/75.06% | Recall: 84.27%/76.90% | F1: 82.99%/74.20% | Time: fit=002s, train=000s, test=000s, total=003s
Epoch  78: Train%/Test% | Accuracy: 83.29%/73.58% | Precision: 83.67%/73.84% | Recall: 84.51%/75.62% | F1: 83.23%/73.18% | Time: fit=002s, train=000s, test=000s, total=003s
Epoch  79: Train%/Test% | Accuracy: 82.23%/73.58% | Precision: 82.91%/73.84% | Recall: 83.64%/75.62% | F1: 82.19%/73.18% | Time: fit=002s, train=000s, test=000s, total=003s
Epoch  80: Train%/Test% | Accuracy: 82.82%/75.00% | Precision: 83.41%/74.88% | Recall: 84.18%/76.74% | F1: 82.78%/74.52% | Time: fit=002s, train=000s, test=000s, total=003s
Epoch  81: Train%/Test% | Accuracy: 83.29%/76.89% | Precision: 83.72%/77.28% | Recall: 84.55%/79.31% | F1: 83.24%/76.56% | Time: fit=002s, train=000s, test=000s, total=003s
Epoch  82: Train%/Test% | Accuracy: 82.82%/75.00% | Precision: 83.10%/75.13% | Recall: 83.95%/77.01% | F1: 82.75%/74.59% | Time: fit=002s, train=000s, test=000s, total=003s
Epoch  83: Train%/Test% | Accuracy: 83.06%/75.94% | Precision: 83.29%/75.82% | Recall: 84.15%/77.76% | F1: 82.98%/75.48% | Time: fit=002s, train=000s, test=000s, total=003s
Epoch  84: Train%/Test% | Accuracy: 82.82%/75.00% | Precision: 83.15%/74.65% | Recall: 83.99%/76.47% | F1: 82.75%/74.45% | Time: fit=002s, train=000s, test=000s, total=003s
Epoch  85: Train%/Test% | Accuracy: 82.94%/76.89% | Precision: 83.24%/76.76% | Recall: 84.09%/78.77% | F1: 82.87%/76.45% | Time: fit=002s, train=000s, test=000s, total=003s
Epoch  86: Train%/Test% | Accuracy: 83.06%/76.42% | Precision: 83.39%/76.42% | Recall: 84.23%/78.40% | F1: 82.99%/76.00% | Time: fit=002s, train=000s, test=000s, total=003s
Epoch  87: Train%/Test% | Accuracy: 82.82%/75.00% | Precision: 83.15%/74.88% | Recall: 83.99%/76.74% | F1: 82.75%/74.52% | Time: fit=002s, train=000s, test=000s, total=003s
Epoch  88: Train%/Test% | Accuracy: 83.29%/75.47% | Precision: 83.57%/75.01% | Recall: 84.44%/76.85% | F1: 83.22%/74.90% | Time: fit=002s, train=000s, test=000s, total=003s
Epoch  89: Train%/Test% | Accuracy: 83.65%/75.47% | Precision: 83.86%/75.01% | Recall: 84.74%/76.85% | F1: 83.57%/74.90% | Time: fit=002s, train=000s, test=000s, total=003s
Epoch  90: Train%/Test% | Accuracy: 83.29%/75.94% | Precision: 83.44%/76.07% | Recall: 84.32%/78.02% | F1: 83.21%/75.55% | Time: fit=002s, train=000s, test=000s, total=003s
Epoch  91: Train%/Test% | Accuracy: 83.06%/75.47% | Precision: 83.29%/75.47% | Recall: 84.15%/77.38% | F1: 82.98%/75.04% | Time: fit=002s, train=000s, test=000s, total=003s
Epoch  92: Train%/Test% | Accuracy: 83.89%/75.94% | Precision: 83.97%/75.82% | Recall: 84.87%/77.76% | F1: 83.79%/75.48% | Time: fit=002s, train=000s, test=000s, total=003s
Epoch  93: Train%/Test% | Accuracy: 83.53%/77.36% | Precision: 83.59%/77.12% | Recall: 84.48%/79.14% | F1: 83.43%/76.90% | Time: fit=002s, train=000s, test=000s, total=003s
Epoch  94: Train%/Test% | Accuracy: 82.23%/75.94% | Precision: 82.68%/76.34% | Recall: 83.48%/78.29% | F1: 82.17%/75.60% | Time: fit=002s, train=000s, test=000s, total=003s
Epoch  95: Train%/Test% | Accuracy: 84.12%/77.83% | Precision: 84.20%/77.71% | Recall: 85.11%/79.78% | F1: 84.03%/77.41% | Time: fit=002s, train=000s, test=000s, total=003s
Epoch  96: Train%/Test% | Accuracy: 83.53%/75.47% | Precision: 83.81%/75.73% | Recall: 84.68%/77.65% | F1: 83.46%/75.10% | Time: fit=002s, train=000s, test=000s, total=003s
Epoch  97: Train%/Test% | Accuracy: 84.36%/77.83% | Precision: 84.44%/77.71% | Recall: 85.35%/79.78% | F1: 84.27%/77.41% | Time: fit=002s, train=000s, test=000s, total=003s
Epoch  98: Train%/Test% | Accuracy: 84.72%/76.89% | Precision: 84.73%/76.76% | Recall: 85.66%/78.77% | F1: 84.62%/76.45% | Time: fit=002s, train=000s, test=000s, total=003s
Epoch  99: Train%/Test% | Accuracy: 84.48%/77.36% | Precision: 84.50%/77.12% | Recall: 85.42%/79.14% | F1: 84.38%/76.90% | Time: fit=002s, train=000s, test=000s, total=003s
Epoch 100: Train%/Test% | Accuracy: 84.12%/76.89% | Precision: 84.24%/76.76% | Recall: 85.15%/78.77% | F1: 84.04%/76.45% | Time: fit=002s, train=000s, test=000s, total=003s
Epoch 101: Train%/Test% | Accuracy: 84.83%/76.89% | Precision: 84.87%/76.76% | Recall: 85.80%/78.77% | F1: 84.74%/76.45% | Time: fit=002s, train=000s, test=000s, total=003s
Epoch 102: Train%/Test% | Accuracy: 84.12%/76.89% | Precision: 84.38%/76.76% | Recall: 85.27%/78.77% | F1: 84.05%/76.45% | Time: fit=002s, train=000s, test=000s, total=003s
Epoch 103: Train%/Test% | Accuracy: 83.65%/78.30% | Precision: 83.65%/78.06% | Recall: 84.55%/80.16% | F1: 83.54%/77.86% | Time: fit=002s, train=000s, test=000s, total=003s
Epoch 104: Train%/Test% | Accuracy: 83.77%/78.30% | Precision: 83.79%/77.84% | Recall: 84.69%/79.89% | F1: 83.66%/77.80% | Time: fit=002s, train=000s, test=000s, total=003s
Epoch 105: Train%/Test% | Accuracy: 83.77%/78.30% | Precision: 83.83%/78.06% | Recall: 84.73%/80.16% | F1: 83.67%/77.86% | Time: fit=002s, train=000s, test=000s, total=003s
Epoch 106: Train%/Test% | Accuracy: 84.00%/77.83% | Precision: 84.24%/77.48% | Recall: 85.13%/79.52% | F1: 83.93%/77.35% | Time: fit=002s, train=000s, test=000s, total=003s
Epoch 107: Train%/Test% | Accuracy: 84.24%/77.36% | Precision: 84.38%/77.12% | Recall: 85.29%/79.14% | F1: 84.16%/76.90% | Time: fit=002s, train=000s, test=000s, total=003s
Epoch 108: Train%/Test% | Accuracy: 83.89%/78.77% | Precision: 84.05%/78.21% | Recall: 84.95%/80.26% | F1: 83.80%/78.25% | Time: fit=002s, train=000s, test=000s, total=003s
Epoch 109: Train%/Test% | Accuracy: 83.89%/78.30% | Precision: 84.19%/77.84% | Recall: 85.06%/79.89% | F1: 83.82%/77.80% | Time: fit=002s, train=000s, test=000s, total=003s
Epoch 110: Train%/Test% | Accuracy: 84.00%/78.30% | Precision: 84.24%/77.84% | Recall: 85.13%/79.89% | F1: 83.93%/77.80% | Time: fit=002s, train=000s, test=000s, total=003s
Epoch 111: Train%/Test% | Accuracy: 84.00%/78.30% | Precision: 84.24%/78.06% | Recall: 85.13%/80.16% | F1: 83.93%/77.86% | Time: fit=002s, train=000s, test=000s, total=003s
Epoch 112: Train%/Test% | Accuracy: 83.65%/77.36% | Precision: 83.91%/77.36% | Recall: 84.78%/79.41% | F1: 83.58%/76.96% | Time: fit=002s, train=000s, test=000s, total=003s
Epoch 113: Train%/Test% | Accuracy: 83.65%/77.83% | Precision: 83.91%/77.71% | Recall: 84.78%/79.78% | F1: 83.58%/77.41% | Time: fit=002s, train=000s, test=000s, total=003s
Epoch 114: Train%/Test% | Accuracy: 83.65%/75.94% | Precision: 83.86%/76.34% | Recall: 84.74%/78.29% | F1: 83.57%/75.60% | Time: fit=002s, train=000s, test=000s, total=003s
Epoch 115: Train%/Test% | Accuracy: 83.77%/76.89% | Precision: 84.10%/76.76% | Recall: 84.96%/78.77% | F1: 83.70%/76.45% | Time: fit=002s, train=000s, test=000s, total=003s
Epoch 116: Train%/Test% | Accuracy: 84.00%/76.89% | Precision: 84.29%/76.76% | Recall: 85.17%/78.77% | F1: 83.94%/76.45% | Time: fit=002s, train=000s, test=000s, total=003s
Epoch 117: Train%/Test% | Accuracy: 83.89%/75.94% | Precision: 84.19%/75.82% | Recall: 85.06%/77.76% | F1: 83.82%/75.48% | Time: fit=002s, train=000s, test=000s, total=003s
Epoch 118: Train%/Test% | Accuracy: 84.24%/76.89% | Precision: 84.43%/76.76% | Recall: 85.33%/78.77% | F1: 84.16%/76.45% | Time: fit=002s, train=000s, test=000s, total=003s
Epoch 119: Train%/Test% | Accuracy: 83.41%/76.42% | Precision: 83.53%/76.42% | Recall: 84.42%/78.40% | F1: 83.32%/76.00% | Time: fit=002s, train=000s, test=000s, total=003s
Epoch 120: Train%/Test% | Accuracy: 83.77%/75.94% | Precision: 83.96%/75.82% | Recall: 84.84%/77.76% | F1: 83.69%/75.48% | Time: fit=002s, train=000s, test=000s, total=003s
Epoch 121: Train%/Test% | Accuracy: 83.77%/76.89% | Precision: 83.91%/76.76% | Recall: 84.81%/78.77% | F1: 83.68%/76.45% | Time: fit=002s, train=000s, test=000s, total=003s
Epoch 122: Train%/Test% | Accuracy: 84.36%/75.94% | Precision: 84.36%/75.82% | Recall: 85.28%/77.76% | F1: 84.26%/75.48% | Time: fit=002s, train=000s, test=000s, total=003s
Epoch 123: Train%/Test% | Accuracy: 84.36%/76.42% | Precision: 84.44%/76.42% | Recall: 85.35%/78.40% | F1: 84.27%/76.00% | Time: fit=002s, train=000s, test=000s, total=003s
Epoch 124: Train%/Test% | Accuracy: 82.70%/74.53% | Precision: 82.96%/75.06% | Recall: 83.81%/76.90% | F1: 82.62%/74.20% | Time: fit=002s, train=000s, test=000s, total=003s
Epoch 125: Train%/Test% | Accuracy: 84.12%/75.47% | Precision: 84.24%/75.47% | Recall: 85.15%/77.38% | F1: 84.04%/75.04% | Time: fit=002s, train=000s, test=000s, total=003s
Epoch 126: Train%/Test% | Accuracy: 83.89%/75.47% | Precision: 84.01%/75.73% | Recall: 84.91%/77.65% | F1: 83.80%/75.10% | Time: fit=002s, train=000s, test=000s, total=003s
Epoch 127: Train%/Test% | Accuracy: 83.89%/74.53% | Precision: 84.10%/75.06% | Recall: 84.99%/76.90% | F1: 83.81%/74.20% | Time: fit=002s, train=000s, test=000s, total=003s
Epoch 128: Train%/Test% | Accuracy: 83.65%/74.53% | Precision: 84.16%/74.79% | Recall: 84.98%/76.64% | F1: 83.60%/74.14% | Time: fit=002s, train=000s, test=000s, total=003s
Epoch 129: Train%/Test% | Accuracy: 84.12%/73.58% | Precision: 84.53%/73.84% | Recall: 85.39%/75.62% | F1: 84.07%/73.18% | Time: fit=002s, train=000s, test=000s, total=003s
Epoch 130: Train%/Test% | Accuracy: 83.77%/73.58% | Precision: 84.05%/73.84% | Recall: 84.92%/75.62% | F1: 83.70%/73.18% | Time: fit=002s, train=000s, test=000s, total=003s
Epoch 131: Train%/Test% | Accuracy: 84.12%/74.06% | Precision: 84.33%/73.93% | Recall: 85.23%/75.73% | F1: 84.05%/73.56% | Time: fit=002s, train=000s, test=000s, total=003s
Epoch 132: Train%/Test% | Accuracy: 83.53%/74.53% | Precision: 83.76%/74.53% | Recall: 84.64%/76.37% | F1: 83.46%/74.08% | Time: fit=002s, train=000s, test=000s, total=003s
Epoch 133: Train%/Test% | Accuracy: 82.94%/73.11% | Precision: 83.34%/73.24% | Recall: 84.17%/74.98% | F1: 82.88%/72.67% | Time: fit=002s, train=000s, test=000s, total=003s
Epoch 134: Train%/Test% | Accuracy: 83.65%/74.53% | Precision: 83.91%/74.79% | Recall: 84.78%/76.64% | F1: 83.58%/74.14% | Time: fit=002s, train=000s, test=000s, total=003s
Epoch 135: Train%/Test% | Accuracy: 83.29%/74.53% | Precision: 83.53%/74.53% | Recall: 84.40%/76.37% | F1: 83.22%/74.08% | Time: fit=002s, train=000s, test=000s, total=003s
Epoch 136: Train%/Test% | Accuracy: 83.77%/74.53% | Precision: 84.20%/74.79% | Recall: 85.04%/76.64% | F1: 83.71%/74.14% | Time: fit=002s, train=000s, test=000s, total=003s
Epoch 137: Train%/Test% | Accuracy: 84.24%/75.00% | Precision: 84.43%/74.88% | Recall: 85.33%/76.74% | F1: 84.16%/74.52% | Time: fit=002s, train=000s, test=000s, total=003s
Epoch 138: Train%/Test% | Accuracy: 84.48%/74.53% | Precision: 84.54%/74.29% | Recall: 85.46%/76.10% | F1: 84.39%/74.01% | Time: fit=002s, train=000s, test=000s, total=003s
Epoch 139: Train%/Test% | Accuracy: 83.89%/74.53% | Precision: 84.01%/74.79% | Recall: 84.91%/76.64% | F1: 83.80%/74.14% | Time: fit=002s, train=000s, test=000s, total=003s
Epoch 140: Train%/Test% | Accuracy: 84.24%/75.47% | Precision: 84.48%/75.01% | Recall: 85.37%/76.85% | F1: 84.17%/74.90% | Time: fit=002s, train=000s, test=000s, total=003s
Epoch 141: Train%/Test% | Accuracy: 83.89%/75.94% | Precision: 84.05%/76.07% | Recall: 84.95%/78.02% | F1: 83.80%/75.55% | Time: fit=002s, train=000s, test=000s, total=003s
Epoch 142: Train%/Test% | Accuracy: 84.72%/75.00% | Precision: 84.95%/75.39% | Recall: 85.86%/77.28% | F1: 84.65%/74.65% | Time: fit=002s, train=000s, test=000s, total=003s
Epoch 143: Train%/Test% | Accuracy: 84.12%/74.06% | Precision: 84.38%/74.18% | Recall: 85.27%/76.00% | F1: 84.05%/73.63% | Time: fit=002s, train=000s, test=000s, total=003s
Epoch 144: Train%/Test% | Accuracy: 84.36%/75.00% | Precision: 84.53%/75.13% | Recall: 85.43%/77.01% | F1: 84.28%/74.59% | Time: fit=002s, train=000s, test=000s, total=003s
Epoch 145: Train%/Test% | Accuracy: 84.36%/75.00% | Precision: 84.53%/74.88% | Recall: 85.43%/76.74% | F1: 84.28%/74.52% | Time: fit=002s, train=000s, test=000s, total=003s
Epoch 146: Train%/Test% | Accuracy: 84.24%/75.00% | Precision: 84.52%/74.65% | Recall: 85.41%/76.47% | F1: 84.17%/74.45% | Time: fit=002s, train=000s, test=000s, total=003s
Epoch 147: Train%/Test% | Accuracy: 84.72%/75.94% | Precision: 84.86%/75.59% | Recall: 85.78%/77.49% | F1: 84.64%/75.42% | Time: fit=002s, train=000s, test=000s, total=003s
Epoch 148: Train%/Test% | Accuracy: 84.83%/76.42% | Precision: 84.96%/76.18% | Recall: 85.88%/78.13% | F1: 84.75%/75.93% | Time: fit=002s, train=000s, test=000s, total=003s
Epoch 149: Train%/Test% | Accuracy: 84.72%/75.94% | Precision: 84.82%/75.59% | Recall: 85.74%/77.49% | F1: 84.63%/75.42% | Time: fit=002s, train=000s, test=000s, total=003s
Epoch 150: Train%/Test% | Accuracy: 84.00%/75.47% | Precision: 84.06%/75.23% | Recall: 84.97%/77.11% | F1: 83.91%/74.97% | Time: fit=002s, train=000s, test=000s, total=003s
