[*] Load dataset...
[*] Fix malformed data...
[*] Split...
[*] Encoding...
[*] -> text...
[*] -> domain...
pipeline.py:185: SettingWithCopyWarning: 
A value is trying to be set on a copy of a slice from a DataFrame.
Try using .loc[row_indexer,col_indexer] = value instead

See the caveats in the documentation: https://pandas.pydata.org/pandas-docs/stable/user_guide/indexing.html#returning-a-view-versus-a-copy
  train_df['domain'] = train_df['url'].apply(extract_domain)
pipeline.py:186: SettingWithCopyWarning: 
A value is trying to be set on a copy of a slice from a DataFrame.
Try using .loc[row_indexer,col_indexer] = value instead

See the caveats in the documentation: https://pandas.pydata.org/pandas-docs/stable/user_guide/indexing.html#returning-a-view-versus-a-copy
  test_df['domain'] = test_df['url'].apply(extract_domain)
[*] Encoding complete!
==============================
Using GPU for training
Dataset: FakeNewsNet-politifact
TMU params: num-clauses=5000, T=50, s=15.0
Epochs: 150
Feature(s): text, domain
max-vocab=15000, max-domain=500, max-tweet=500
====================
Train size: 844
Train classes: 2
Test size: 212
Test classes: 2
Total features: 3252
==============================
[*] Training for 150 epochs...
Epoch   1: Train%/Test% | Accuracy: 48.82%/38.68% | Precision: 63.90%/50.58% | Recall: 55.33%/50.15% | F1: 43.17%/32.53% | Time: fit=014s, train=003s, test=001s, total=018s
Epoch   2: Train%/Test% | Accuracy: 69.08%/55.66% | Precision: 71.33%/59.84% | Recall: 71.13%/59.84% | F1: 69.07%/55.66% | Time: fit=017s, train=003s, test=001s, total=021s
Epoch   3: Train%/Test% | Accuracy: 65.76%/59.43% | Precision: 70.77%/64.77% | Recall: 68.94%/64.43% | F1: 65.50%/59.42% | Time: fit=017s, train=003s, test=001s, total=021s
Epoch   4: Train%/Test% | Accuracy: 78.79%/71.23% | Precision: 78.59%/68.95% | Recall: 77.46%/67.33% | F1: 77.84%/67.82% | Time: fit=017s, train=003s, test=001s, total=021s
Epoch   5: Train%/Test% | Accuracy: 78.08%/70.75% | Precision: 80.73%/70.11% | Recall: 75.09%/63.74% | F1: 75.80%/63.97% | Time: fit=017s, train=003s, test=001s, total=021s
Epoch   6: Train%/Test% | Accuracy: 75.71%/70.28% | Precision: 79.77%/71.28% | Recall: 72.03%/62.03% | F1: 72.43%/61.56% | Time: fit=017s, train=003s, test=001s, total=021s
Epoch   7: Train%/Test% | Accuracy: 77.84%/74.53% | Precision: 80.67%/76.63% | Recall: 74.76%/67.53% | F1: 75.46%/68.30% | Time: fit=017s, train=003s, test=001s, total=021s
Epoch   8: Train%/Test% | Accuracy: 81.87%/78.77% | Precision: 84.01%/81.04% | Recall: 79.45%/73.03% | F1: 80.35%/74.47% | Time: fit=017s, train=003s, test=001s, total=021s
Epoch   9: Train%/Test% | Accuracy: 83.29%/79.72% | Precision: 82.80%/78.21% | Recall: 83.22%/79.13% | F1: 82.97%/78.57% | Time: fit=016s, train=003s, test=001s, total=021s
Epoch  10: Train%/Test% | Accuracy: 84.12%/78.30% | Precision: 83.71%/76.70% | Recall: 83.66%/76.41% | F1: 83.69%/76.55% | Time: fit=017s, train=003s, test=001s, total=021s
Epoch  11: Train%/Test% | Accuracy: 81.40%/71.70% | Precision: 82.42%/73.49% | Recall: 83.00%/74.93% | F1: 81.38%/71.54% | Time: fit=016s, train=003s, test=001s, total=020s
Epoch  12: Train%/Test% | Accuracy: 82.70%/77.36% | Precision: 83.32%/77.36% | Recall: 84.08%/79.41% | F1: 82.66%/76.96% | Time: fit=016s, train=003s, test=001s, total=020s
Epoch  13: Train%/Test% | Accuracy: 82.82%/75.47% | Precision: 83.99%/76.96% | Recall: 84.54%/78.72% | F1: 82.80%/75.29% | Time: fit=016s, train=003s, test=001s, total=020s
Epoch  14: Train%/Test% | Accuracy: 85.90%/77.83% | Precision: 86.04%/78.52% | Recall: 86.99%/80.59% | F1: 85.83%/77.57% | Time: fit=016s, train=003s, test=001s, total=021s
Epoch  15: Train%/Test% | Accuracy: 86.37%/81.13% | Precision: 86.36%/80.48% | Recall: 87.32%/82.66% | F1: 86.28%/80.63% | Time: fit=016s, train=003s, test=001s, total=020s
Epoch  16: Train%/Test% | Accuracy: 84.60%/77.36% | Precision: 84.95%/77.36% | Recall: 85.83%/79.41% | F1: 84.54%/76.96% | Time: fit=016s, train=003s, test=001s, total=021s
Epoch  17: Train%/Test% | Accuracy: 85.43%/78.30% | Precision: 85.11%/76.92% | Recall: 85.96%/78.28% | F1: 85.26%/77.33% | Time: fit=016s, train=003s, test=001s, total=020s
Epoch  18: Train%/Test% | Accuracy: 85.66%/79.72% | Precision: 85.33%/78.18% | Recall: 86.16%/78.87% | F1: 85.49%/78.47% | Time: fit=016s, train=003s, test=001s, total=020s
Epoch  19: Train%/Test% | Accuracy: 85.19%/75.94% | Precision: 84.90%/74.28% | Recall: 85.76%/75.08% | F1: 85.03%/74.59% | Time: fit=016s, train=003s, test=001s, total=020s
Epoch  20: Train%/Test% | Accuracy: 87.09%/81.13% | Precision: 86.72%/79.68% | Recall: 87.54%/79.98% | F1: 86.92%/79.82% | Time: fit=016s, train=003s, test=001s, total=020s
Epoch  21: Train%/Test% | Accuracy: 84.72%/76.89% | Precision: 85.15%/76.76% | Recall: 86.01%/78.77% | F1: 84.66%/76.45% | Time: fit=016s, train=003s, test=001s, total=020s
Epoch  22: Train%/Test% | Accuracy: 84.83%/76.42% | Precision: 85.19%/75.56% | Recall: 86.08%/77.32% | F1: 84.78%/75.71% | Time: fit=016s, train=003s, test=001s, total=020s
Epoch  23: Train%/Test% | Accuracy: 86.85%/76.89% | Precision: 86.69%/75.65% | Recall: 87.65%/77.16% | F1: 86.74%/75.99% | Time: fit=016s, train=003s, test=001s, total=020s
Epoch  24: Train%/Test% | Accuracy: 86.26%/75.94% | Precision: 86.47%/75.18% | Recall: 87.42%/76.95% | F1: 86.19%/75.27% | Time: fit=016s, train=003s, test=001s, total=020s
Epoch  25: Train%/Test% | Accuracy: 86.37%/78.77% | Precision: 86.71%/78.42% | Recall: 87.64%/80.53% | F1: 86.32%/78.31% | Time: fit=016s, train=003s, test=001s, total=020s
Epoch  26: Train%/Test% | Accuracy: 85.66%/78.77% | Precision: 85.81%/78.02% | Recall: 86.75%/79.99% | F1: 85.59%/78.18% | Time: fit=016s, train=003s, test=001s, total=020s
Epoch  27: Train%/Test% | Accuracy: 86.85%/80.66% | Precision: 86.61%/79.75% | Recall: 87.54%/81.75% | F1: 86.72%/80.05% | Time: fit=016s, train=003s, test=001s, total=020s
Epoch  28: Train%/Test% | Accuracy: 85.55%/76.42% | Precision: 85.62%/76.67% | Recall: 86.57%/78.66% | F1: 85.46%/76.05% | Time: fit=016s, train=003s, test=001s, total=020s
Epoch  29: Train%/Test% | Accuracy: 83.65%/73.11% | Precision: 84.46%/74.75% | Recall: 85.17%/76.32% | F1: 83.62%/72.94% | Time: fit=016s, train=003s, test=001s, total=020s
Epoch  30: Train%/Test% | Accuracy: 85.55%/76.89% | Precision: 85.85%/76.76% | Recall: 86.77%/78.77% | F1: 85.49%/76.45% | Time: fit=016s, train=003s, test=001s, total=020s
Epoch  31: Train%/Test% | Accuracy: 86.73%/83.96% | Precision: 86.29%/82.65% | Recall: 86.89%/83.30% | F1: 86.50%/82.94% | Time: fit=016s, train=003s, test=001s, total=020s
Epoch  32: Train%/Test% | Accuracy: 88.03%/84.91% | Precision: 87.64%/83.69% | Recall: 87.89%/84.04% | F1: 87.76%/83.86% | Time: fit=016s, train=003s, test=001s, total=020s
Epoch  33: Train%/Test% | Accuracy: 85.43%/75.47% | Precision: 85.71%/76.62% | Recall: 86.63%/78.45% | F1: 85.36%/75.25% | Time: fit=016s, train=003s, test=001s, total=020s
Epoch  34: Train%/Test% | Accuracy: 86.02%/76.42% | Precision: 86.06%/76.95% | Recall: 87.02%/78.93% | F1: 85.93%/76.11% | Time: fit=016s, train=003s, test=001s, total=020s
Epoch  35: Train%/Test% | Accuracy: 85.90%/75.47% | Precision: 85.92%/75.73% | Recall: 86.88%/77.65% | F1: 85.81%/75.10% | Time: fit=016s, train=003s, test=001s, total=020s
Epoch  36: Train%/Test% | Accuracy: 87.91%/76.89% | Precision: 87.88%/77.01% | Recall: 88.89%/79.04% | F1: 87.83%/76.51% | Time: fit=016s, train=003s, test=001s, total=020s
Epoch  37: Train%/Test% | Accuracy: 85.90%/77.36% | Precision: 86.18%/78.20% | Recall: 87.11%/80.21% | F1: 85.84%/77.11% | Time: fit=016s, train=003s, test=001s, total=020s
Epoch  38: Train%/Test% | Accuracy: 86.85%/76.89% | Precision: 87.08%/77.28% | Recall: 88.05%/79.31% | F1: 86.79%/76.56% | Time: fit=016s, train=003s, test=001s, total=020s
Epoch  39: Train%/Test% | Accuracy: 86.37%/75.94% | Precision: 86.71%/76.34% | Recall: 87.64%/78.29% | F1: 86.32%/75.60% | Time: fit=016s, train=003s, test=001s, total=020s
Epoch  40: Train%/Test% | Accuracy: 86.26%/78.30% | Precision: 86.29%/77.84% | Recall: 87.26%/79.89% | F1: 86.17%/77.80% | Time: fit=016s, train=003s, test=001s, total=020s
Epoch  41: Train%/Test% | Accuracy: 86.49%/76.42% | Precision: 86.66%/76.42% | Recall: 87.62%/78.40% | F1: 86.42%/76.00% | Time: fit=016s, train=003s, test=001s, total=020s
Epoch  42: Train%/Test% | Accuracy: 86.14%/77.36% | Precision: 86.47%/77.36% | Recall: 87.39%/79.41% | F1: 86.08%/76.96% | Time: fit=016s, train=003s, test=001s, total=020s
Epoch  43: Train%/Test% | Accuracy: 86.85%/78.77% | Precision: 86.87%/78.21% | Recall: 87.85%/80.26% | F1: 86.76%/78.25% | Time: fit=016s, train=003s, test=001s, total=020s
Epoch  44: Train%/Test% | Accuracy: 86.85%/75.94% | Precision: 86.79%/75.59% | Recall: 87.77%/77.49% | F1: 86.75%/75.42% | Time: fit=016s, train=003s, test=001s, total=020s
Epoch  45: Train%/Test% | Accuracy: 87.56%/78.30% | Precision: 87.35%/77.15% | Recall: 88.31%/78.82% | F1: 87.44%/77.50% | Time: fit=016s, train=003s, test=001s, total=020s
Epoch  46: Train%/Test% | Accuracy: 87.68%/76.42% | Precision: 87.40%/75.40% | Recall: 88.33%/77.06% | F1: 87.55%/75.63% | Time: fit=016s, train=003s, test=001s, total=020s
Epoch  47: Train%/Test% | Accuracy: 87.09%/76.89% | Precision: 86.90%/76.53% | Recall: 87.86%/78.50% | F1: 86.97%/76.38% | Time: fit=016s, train=003s, test=001s, total=020s
Epoch  48: Train%/Test% | Accuracy: 76.54%/64.62% | Precision: 80.61%/70.75% | Recall: 79.36%/70.14% | F1: 76.49%/64.60% | Time: fit=016s, train=003s, test=001s, total=020s
Epoch  49: Train%/Test% | Accuracy: 78.08%/66.51% | Precision: 81.38%/71.75% | Recall: 80.65%/71.63% | F1: 78.06%/66.51% | Time: fit=016s, train=003s, test=001s, total=020s
Epoch  50: Train%/Test% | Accuracy: 75.95%/66.51% | Precision: 80.66%/73.42% | Recall: 78.97%/72.44% | F1: 75.86%/66.47% | Time: fit=016s, train=003s, test=001s, total=020s
Epoch  51: Train%/Test% | Accuracy: 87.91%/76.89% | Precision: 87.72%/75.79% | Recall: 88.69%/77.43% | F1: 87.81%/76.08% | Time: fit=016s, train=003s, test=001s, total=020s
Epoch  52: Train%/Test% | Accuracy: 86.97%/74.06% | Precision: 86.93%/73.93% | Recall: 87.91%/75.73% | F1: 86.88%/73.56% | Time: fit=016s, train=003s, test=001s, total=020s
Epoch  53: Train%/Test% | Accuracy: 86.37%/74.06% | Precision: 86.32%/73.93% | Recall: 87.29%/75.73% | F1: 86.28%/73.56% | Time: fit=016s, train=003s, test=001s, total=020s
Epoch  54: Train%/Test% | Accuracy: 87.56%/76.89% | Precision: 87.50%/76.32% | Recall: 88.50%/78.23% | F1: 87.47%/76.31% | Time: fit=016s, train=003s, test=001s, total=020s
Epoch  55: Train%/Test% | Accuracy: 89.10%/82.08% | Precision: 88.69%/80.72% | Recall: 89.44%/82.07% | F1: 88.93%/81.19% | Time: fit=016s, train=003s, test=001s, total=020s
Epoch  56: Train%/Test% | Accuracy: 87.44%/80.66% | Precision: 87.14%/79.61% | Recall: 88.05%/81.49% | F1: 87.30%/79.98% | Time: fit=016s, train=003s, test=001s, total=020s
Epoch  57: Train%/Test% | Accuracy: 88.74%/82.08% | Precision: 88.36%/80.87% | Recall: 89.17%/82.61% | F1: 88.59%/81.34% | Time: fit=016s, train=003s, test=001s, total=020s
Epoch  58: Train%/Test% | Accuracy: 87.32%/79.25% | Precision: 87.03%/78.11% | Recall: 87.94%/79.83% | F1: 87.19%/78.48% | Time: fit=016s, train=003s, test=001s, total=020s
Epoch  59: Train%/Test% | Accuracy: 87.56%/78.30% | Precision: 87.50%/77.64% | Recall: 88.50%/79.62% | F1: 87.47%/77.73% | Time: fit=016s, train=003s, test=001s, total=020s
Epoch  60: Train%/Test% | Accuracy: 87.91%/78.30% | Precision: 87.91%/78.06% | Recall: 88.93%/80.16% | F1: 87.84%/77.86% | Time: fit=016s, train=003s, test=001s, total=020s
Epoch  61: Train%/Test% | Accuracy: 87.68%/79.72% | Precision: 87.64%/79.37% | Recall: 88.64%/81.54% | F1: 87.59%/79.27% | Time: fit=016s, train=003s, test=001s, total=020s
Epoch  62: Train%/Test% | Accuracy: 88.39%/79.72% | Precision: 88.19%/79.37% | Recall: 89.18%/81.54% | F1: 88.28%/79.27% | Time: fit=016s, train=003s, test=001s, total=020s
Epoch  63: Train%/Test% | Accuracy: 88.39%/80.66% | Precision: 88.28%/80.31% | Recall: 89.29%/82.56% | F1: 88.30%/80.24% | Time: fit=016s, train=003s, test=001s, total=020s
Epoch  64: Train%/Test% | Accuracy: 89.10%/79.72% | Precision: 88.96%/79.37% | Recall: 89.99%/81.54% | F1: 89.01%/79.27% | Time: fit=016s, train=003s, test=001s, total=020s
Epoch  65: Train%/Test% | Accuracy: 88.63%/80.19% | Precision: 88.40%/79.54% | Recall: 89.38%/81.65% | F1: 88.52%/79.67% | Time: fit=016s, train=003s, test=001s, total=020s
Epoch  66: Train%/Test% | Accuracy: 87.44%/76.89% | Precision: 87.30%/76.13% | Recall: 88.28%/77.97% | F1: 87.34%/76.24% | Time: fit=016s, train=003s, test=001s, total=020s
Epoch  67: Train%/Test% | Accuracy: 88.98%/77.36% | Precision: 88.60%/76.20% | Recall: 89.41%/77.80% | F1: 88.83%/76.52% | Time: fit=016s, train=003s, test=001s, total=020s
Epoch  68: Train%/Test% | Accuracy: 87.68%/75.00% | Precision: 87.51%/74.23% | Recall: 88.49%/75.94% | F1: 87.57%/74.30% | Time: fit=016s, train=003s, test=001s, total=020s
Epoch  69: Train%/Test% | Accuracy: 87.32%/75.94% | Precision: 87.14%/75.00% | Recall: 88.10%/76.68% | F1: 87.21%/75.19% | Time: fit=016s, train=003s, test=001s, total=020s
Epoch  70: Train%/Test% | Accuracy: 89.45%/76.89% | Precision: 89.10%/75.65% | Recall: 89.98%/77.16% | F1: 89.32%/75.99% | Time: fit=016s, train=003s, test=001s, total=020s
Epoch  71: Train%/Test% | Accuracy: 88.86%/75.47% | Precision: 88.57%/74.44% | Recall: 89.51%/76.04% | F1: 88.74%/74.66% | Time: fit=016s, train=003s, test=001s, total=020s
Epoch  72: Train%/Test% | Accuracy: 88.27%/75.94% | Precision: 88.01%/75.00% | Recall: 88.96%/76.68% | F1: 88.15%/75.19% | Time: fit=016s, train=003s, test=001s, total=020s
Epoch  73: Train%/Test% | Accuracy: 88.86%/75.94% | Precision: 88.53%/75.00% | Recall: 89.43%/76.68% | F1: 88.73%/75.19% | Time: fit=016s, train=003s, test=001s, total=020s
Epoch  74: Train%/Test% | Accuracy: 87.20%/75.94% | Precision: 87.33%/75.82% | Recall: 88.31%/77.76% | F1: 87.13%/75.48% | Time: fit=016s, train=003s, test=001s, total=020s
Epoch  75: Train%/Test% | Accuracy: 88.74%/76.89% | Precision: 88.62%/76.13% | Recall: 89.64%/77.97% | F1: 88.65%/76.24% | Time: fit=016s, train=003s, test=001s, total=020s
Epoch  76: Train%/Test% | Accuracy: 88.63%/76.89% | Precision: 88.40%/76.13% | Recall: 89.38%/77.97% | F1: 88.52%/76.24% | Time: fit=016s, train=003s, test=001s, total=020s
Epoch  77: Train%/Test% | Accuracy: 88.86%/76.89% | Precision: 88.72%/76.13% | Recall: 89.74%/77.97% | F1: 88.77%/76.24% | Time: fit=016s, train=003s, test=001s, total=020s
Epoch  78: Train%/Test% | Accuracy: 88.63%/78.77% | Precision: 88.46%/77.70% | Recall: 89.46%/79.46% | F1: 88.53%/78.03% | Time: fit=016s, train=003s, test=001s, total=020s
Epoch  79: Train%/Test% | Accuracy: 88.27%/78.30% | Precision: 88.15%/77.30% | Recall: 89.15%/79.09% | F1: 88.18%/77.58% | Time: fit=016s, train=003s, test=001s, total=020s
Epoch  80: Train%/Test% | Accuracy: 87.80%/77.36% | Precision: 87.67%/76.51% | Recall: 88.67%/78.34% | F1: 87.70%/76.69% | Time: fit=016s, train=003s, test=001s, total=020s
Epoch  81: Train%/Test% | Accuracy: 88.39%/77.83% | Precision: 88.19%/77.08% | Recall: 89.18%/78.98% | F1: 88.28%/77.21% | Time: fit=016s, train=003s, test=001s, total=020s
Epoch  82: Train%/Test% | Accuracy: 88.39%/78.77% | Precision: 88.22%/77.85% | Recall: 89.22%/79.73% | F1: 88.29%/78.11% | Time: fit=016s, train=003s, test=001s, total=020s
Epoch  83: Train%/Test% | Accuracy: 88.51%/79.72% | Precision: 88.42%/78.65% | Recall: 89.44%/80.47% | F1: 88.42%/79.01% | Time: fit=016s, train=003s, test=001s, total=020s
Epoch  84: Train%/Test% | Accuracy: 88.63%/81.60% | Precision: 88.38%/80.34% | Recall: 89.34%/81.97% | F1: 88.51%/80.81% | Time: fit=016s, train=003s, test=001s, total=020s
Epoch  85: Train%/Test% | Accuracy: 89.22%/83.49% | Precision: 88.89%/82.16% | Recall: 89.81%/83.46% | F1: 89.09%/82.64% | Time: fit=016s, train=003s, test=001s, total=020s
Epoch  86: Train%/Test% | Accuracy: 89.69%/83.49% | Precision: 89.37%/82.27% | Recall: 90.30%/83.99% | F1: 89.57%/82.78% | Time: fit=016s, train=003s, test=001s, total=020s
Epoch  87: Train%/Test% | Accuracy: 88.15%/82.55% | Precision: 87.88%/81.23% | Recall: 88.82%/82.71% | F1: 88.03%/81.72% | Time: fit=016s, train=003s, test=001s, total=020s
Epoch  88: Train%/Test% | Accuracy: 87.91%/81.13% | Precision: 87.69%/79.91% | Recall: 88.65%/81.59% | F1: 87.80%/80.36% | Time: fit=016s, train=003s, test=001s, total=020s
Epoch  89: Train%/Test% | Accuracy: 88.03%/78.30% | Precision: 87.98%/77.84% | Recall: 88.99%/79.89% | F1: 87.95%/77.80% | Time: fit=016s, train=003s, test=001s, total=020s
Epoch  90: Train%/Test% | Accuracy: 87.91%/78.77% | Precision: 87.99%/78.02% | Recall: 89.00%/79.99% | F1: 87.84%/78.18% | Time: fit=016s, train=003s, test=001s, total=020s
Epoch  91: Train%/Test% | Accuracy: 88.39%/78.77% | Precision: 88.39%/78.21% | Recall: 89.41%/80.26% | F1: 88.31%/78.25% | Time: fit=016s, train=003s, test=001s, total=020s
Epoch  92: Train%/Test% | Accuracy: 88.74%/82.08% | Precision: 88.62%/80.98% | Recall: 89.64%/82.87% | F1: 88.65%/81.41% | Time: fit=016s, train=003s, test=001s, total=020s
Epoch  93: Train%/Test% | Accuracy: 89.10%/83.02% | Precision: 88.90%/81.83% | Recall: 89.91%/83.62% | F1: 89.00%/82.33% | Time: fit=016s, train=003s, test=001s, total=020s
Epoch  94: Train%/Test% | Accuracy: 88.74%/81.13% | Precision: 88.59%/80.15% | Recall: 89.60%/82.13% | F1: 88.65%/80.51% | Time: fit=016s, train=003s, test=001s, total=020s
Epoch  95: Train%/Test% | Accuracy: 89.34%/81.13% | Precision: 89.00%/79.82% | Recall: 89.91%/81.32% | F1: 89.21%/80.28% | Time: fit=016s, train=003s, test=001s, total=020s
Epoch  96: Train%/Test% | Accuracy: 90.28%/83.02% | Precision: 89.96%/81.75% | Recall: 90.89%/83.35% | F1: 90.17%/82.25% | Time: fit=016s, train=003s, test=001s, total=020s
Epoch  97: Train%/Test% | Accuracy: 90.17%/82.55% | Precision: 89.86%/81.31% | Recall: 90.82%/82.98% | F1: 90.06%/81.80% | Time: fit=016s, train=003s, test=001s, total=020s
Epoch  98: Train%/Test% | Accuracy: 90.17%/82.55% | Precision: 89.88%/81.31% | Recall: 90.86%/82.98% | F1: 90.06%/81.80% | Time: fit=016s, train=003s, test=001s, total=020s
Epoch  99: Train%/Test% | Accuracy: 89.34%/82.08% | Precision: 89.09%/80.87% | Recall: 90.07%/82.61% | F1: 89.23%/81.34% | Time: fit=016s, train=003s, test=001s, total=020s
Epoch 100: Train%/Test% | Accuracy: 89.93%/82.08% | Precision: 89.65%/80.87% | Recall: 90.62%/82.61% | F1: 89.82%/81.34% | Time: fit=016s, train=003s, test=001s, total=020s
Epoch 101: Train%/Test% | Accuracy: 89.10%/81.60% | Precision: 88.75%/80.26% | Recall: 89.63%/81.70% | F1: 88.96%/80.74% | Time: fit=016s, train=003s, test=001s, total=020s
Epoch 102: Train%/Test% | Accuracy: 88.51%/81.13% | Precision: 88.27%/79.82% | Recall: 89.24%/81.32% | F1: 88.39%/80.28% | Time: fit=016s, train=003s, test=001s, total=020s
Epoch 103: Train%/Test% | Accuracy: 89.45%/82.55% | Precision: 89.04%/81.17% | Recall: 89.66%/81.64% | F1: 89.27%/81.38% | Time: fit=016s, train=003s, test=001s, total=020s
Epoch 104: Train%/Test% | Accuracy: 90.52%/81.13% | Precision: 90.13%/79.75% | Recall: 90.90%/81.06% | F1: 90.38%/80.20% | Time: fit=016s, train=003s, test=001s, total=020s
Epoch 105: Train%/Test% | Accuracy: 90.64%/82.08% | Precision: 90.24%/80.72% | Recall: 91.00%/82.07% | F1: 90.49%/81.19% | Time: fit=016s, train=003s, test=001s, total=020s
Epoch 106: Train%/Test% | Accuracy: 89.93%/82.08% | Precision: 89.53%/80.68% | Recall: 90.31%/81.80% | F1: 89.78%/81.11% | Time: fit=016s, train=003s, test=001s, total=020s
Epoch 107: Train%/Test% | Accuracy: 89.93%/82.08% | Precision: 89.56%/80.68% | Recall: 90.42%/81.80% | F1: 89.79%/81.11% | Time: fit=016s, train=003s, test=001s, total=020s
Epoch 108: Train%/Test% | Accuracy: 90.05%/82.08% | Precision: 89.72%/80.72% | Recall: 90.64%/82.07% | F1: 89.93%/81.19% | Time: fit=016s, train=003s, test=001s, total=020s
Epoch 109: Train%/Test% | Accuracy: 88.86%/78.30% | Precision: 88.69%/77.46% | Recall: 89.70%/79.35% | F1: 88.77%/77.66% | Time: fit=016s, train=003s, test=001s, total=020s
Epoch 110: Train%/Test% | Accuracy: 89.10%/78.30% | Precision: 88.88%/77.30% | Recall: 89.87%/79.09% | F1: 89.00%/77.58% | Time: fit=016s, train=003s, test=001s, total=020s
Epoch 111: Train%/Test% | Accuracy: 88.74%/80.19% | Precision: 88.53%/79.07% | Recall: 89.52%/80.85% | F1: 88.64%/79.46% | Time: fit=016s, train=003s, test=001s, total=020s
Epoch 112: Train%/Test% | Accuracy: 88.98%/79.25% | Precision: 88.89%/78.41% | Recall: 89.92%/80.37% | F1: 88.90%/78.63% | Time: fit=016s, train=003s, test=001s, total=020s
Epoch 113: Train%/Test% | Accuracy: 89.34%/79.72% | Precision: 89.04%/78.53% | Recall: 89.99%/80.20% | F1: 89.22%/78.93% | Time: fit=016s, train=003s, test=001s, total=020s
Epoch 114: Train%/Test% | Accuracy: 87.80%/77.83% | Precision: 87.78%/77.08% | Recall: 88.78%/78.98% | F1: 87.71%/77.21% | Time: fit=016s, train=003s, test=001s, total=020s
Epoch 115: Train%/Test% | Accuracy: 88.03%/77.36% | Precision: 88.01%/76.90% | Recall: 89.03%/78.87% | F1: 87.95%/76.83% | Time: fit=016s, train=003s, test=001s, total=020s
Epoch 116: Train%/Test% | Accuracy: 79.74%/68.40% | Precision: 82.69%/72.31% | Recall: 82.20%/72.86% | F1: 79.73%/68.38% | Time: fit=016s, train=003s, test=001s, total=020s
Epoch 117: Train%/Test% | Accuracy: 88.74%/80.19% | Precision: 88.62%/79.36% | Recall: 89.64%/81.38% | F1: 88.65%/79.60% | Time: fit=016s, train=003s, test=001s, total=020s
Epoch 118: Train%/Test% | Accuracy: 88.03%/78.30% | Precision: 88.09%/77.84% | Recall: 89.11%/79.89% | F1: 87.96%/77.80% | Time: fit=016s, train=003s, test=001s, total=020s
Epoch 119: Train%/Test% | Accuracy: 88.15%/78.30% | Precision: 88.11%/77.64% | Recall: 89.13%/79.62% | F1: 88.07%/77.73% | Time: fit=016s, train=003s, test=001s, total=020s
Epoch 120: Train%/Test% | Accuracy: 88.15%/78.30% | Precision: 88.08%/77.64% | Recall: 89.09%/79.62% | F1: 88.06%/77.73% | Time: fit=016s, train=003s, test=001s, total=020s
Epoch 121: Train%/Test% | Accuracy: 87.80%/79.72% | Precision: 87.78%/78.97% | Recall: 88.78%/81.01% | F1: 87.71%/79.15% | Time: fit=016s, train=003s, test=001s, total=020s
Epoch 122: Train%/Test% | Accuracy: 87.80%/79.25% | Precision: 87.90%/78.79% | Recall: 88.90%/80.90% | F1: 87.73%/78.76% | Time: fit=016s, train=003s, test=001s, total=020s
Epoch 123: Train%/Test% | Accuracy: 89.10%/78.77% | Precision: 88.90%/78.21% | Recall: 89.91%/80.26% | F1: 89.00%/78.25% | Time: fit=016s, train=003s, test=001s, total=020s
Epoch 124: Train%/Test% | Accuracy: 87.80%/78.77% | Precision: 87.71%/78.21% | Recall: 88.71%/80.26% | F1: 87.70%/78.25% | Time: fit=016s, train=003s, test=001s, total=020s
Epoch 125: Train%/Test% | Accuracy: 88.27%/75.94% | Precision: 88.15%/75.82% | Recall: 89.15%/77.76% | F1: 88.18%/75.48% | Time: fit=016s, train=003s, test=001s, total=020s
Epoch 126: Train%/Test% | Accuracy: 88.98%/77.36% | Precision: 88.74%/76.70% | Recall: 89.73%/78.61% | F1: 88.87%/76.76% | Time: fit=016s, train=003s, test=001s, total=020s
Epoch 127: Train%/Test% | Accuracy: 89.93%/78.77% | Precision: 89.56%/77.57% | Recall: 90.42%/79.19% | F1: 89.79%/77.95% | Time: fit=016s, train=003s, test=001s, total=021s
Epoch 128: Train%/Test% | Accuracy: 89.81%/79.25% | Precision: 89.46%/77.99% | Recall: 90.36%/79.56% | F1: 89.68%/78.40% | Time: fit=016s, train=003s, test=001s, total=020s
Epoch 129: Train%/Test% | Accuracy: 89.69%/76.89% | Precision: 89.41%/76.32% | Recall: 90.38%/78.23% | F1: 89.58%/76.31% | Time: fit=016s, train=003s, test=001s, total=020s
Epoch 130: Train%/Test% | Accuracy: 90.05%/75.94% | Precision: 89.78%/75.38% | Recall: 90.76%/77.22% | F1: 89.94%/75.35% | Time: fit=016s, train=003s, test=001s, total=020s
Epoch 131: Train%/Test% | Accuracy: 89.34%/78.30% | Precision: 89.14%/77.64% | Recall: 90.15%/79.62% | F1: 89.24%/77.73% | Time: fit=016s, train=003s, test=001s, total=020s
Epoch 132: Train%/Test% | Accuracy: 88.27%/77.36% | Precision: 88.12%/76.70% | Recall: 89.11%/78.61% | F1: 88.17%/76.76% | Time: fit=016s, train=003s, test=001s, total=020s
Epoch 133: Train%/Test% | Accuracy: 88.39%/78.30% | Precision: 88.11%/77.46% | Recall: 89.06%/79.35% | F1: 88.27%/77.66% | Time: fit=016s, train=003s, test=001s, total=020s
Epoch 134: Train%/Test% | Accuracy: 89.22%/78.77% | Precision: 88.89%/77.70% | Recall: 89.81%/79.46% | F1: 89.09%/78.03% | Time: fit=016s, train=003s, test=001s, total=020s
Epoch 135: Train%/Test% | Accuracy: 89.22%/80.19% | Precision: 88.93%/79.07% | Recall: 89.89%/80.85% | F1: 89.10%/79.46% | Time: fit=016s, train=003s, test=001s, total=020s
Epoch 136: Train%/Test% | Accuracy: 89.93%/80.19% | Precision: 89.61%/79.07% | Recall: 90.54%/80.85% | F1: 89.81%/79.46% | Time: fit=016s, train=003s, test=001s, total=020s
Epoch 137: Train%/Test% | Accuracy: 89.81%/82.55% | Precision: 89.48%/81.23% | Recall: 90.40%/82.71% | F1: 89.69%/81.72% | Time: fit=016s, train=003s, test=001s, total=020s
Epoch 138: Train%/Test% | Accuracy: 89.93%/80.19% | Precision: 89.59%/79.07% | Recall: 90.50%/80.85% | F1: 89.81%/79.46% | Time: fit=016s, train=003s, test=001s, total=020s
Epoch 139: Train%/Test% | Accuracy: 90.05%/80.19% | Precision: 89.72%/79.20% | Recall: 90.64%/81.11% | F1: 89.93%/79.53% | Time: fit=016s, train=003s, test=001s, total=020s
Epoch 140: Train%/Test% | Accuracy: 90.88%/79.25% | Precision: 90.62%/78.59% | Recall: 91.63%/80.64% | F1: 90.78%/78.70% | Time: fit=016s, train=003s, test=001s, total=020s
Epoch 141: Train%/Test% | Accuracy: 90.05%/79.25% | Precision: 89.88%/78.79% | Recall: 90.92%/80.90% | F1: 89.96%/78.76% | Time: fit=016s, train=003s, test=001s, total=020s
Epoch 142: Train%/Test% | Accuracy: 89.81%/77.36% | Precision: 89.70%/77.36% | Recall: 90.75%/79.41% | F1: 89.73%/76.96% | Time: fit=016s, train=003s, test=001s, total=020s
Epoch 143: Train%/Test% | Accuracy: 89.22%/81.13% | Precision: 89.01%/80.15% | Recall: 90.01%/82.13% | F1: 89.12%/80.51% | Time: fit=016s, train=003s, test=001s, total=020s
Epoch 144: Train%/Test% | Accuracy: 90.40%/79.72% | Precision: 90.03%/78.33% | Recall: 90.87%/79.67% | F1: 90.27%/78.76% | Time: fit=016s, train=003s, test=001s, total=020s
Epoch 145: Train%/Test% | Accuracy: 90.52%/78.77% | Precision: 90.12%/77.23% | Recall: 90.74%/78.12% | F1: 90.35%/77.58% | Time: fit=016s, train=003s, test=001s, total=020s
Epoch 146: Train%/Test% | Accuracy: 89.81%/79.25% | Precision: 89.43%/77.89% | Recall: 90.24%/79.30% | F1: 89.67%/78.31% | Time: fit=017s, train=003s, test=001s, total=021s
Epoch 147: Train%/Test% | Accuracy: 90.40%/77.36% | Precision: 90.14%/76.90% | Recall: 91.15%/78.87% | F1: 90.30%/76.83% | Time: fit=017s, train=003s, test=001s, total=021s
Epoch 148: Train%/Test% | Accuracy: 89.57%/75.00% | Precision: 89.40%/75.13% | Recall: 90.43%/77.01% | F1: 89.48%/74.59% | Time: fit=017s, train=003s, test=001s, total=021s
Epoch 149: Train%/Test% | Accuracy: 89.34%/74.53% | Precision: 89.11%/73.86% | Recall: 90.11%/75.56% | F1: 89.23%/73.86% | Time: fit=017s, train=003s, test=001s, total=021s
Epoch 150: Train%/Test% | Accuracy: 90.52%/76.89% | Precision: 90.16%/75.65% | Recall: 91.05%/77.16% | F1: 90.40%/75.99% | Time: fit=016s, train=003s, test=001s, total=020s
