[nltk_data] Downloading package wordnet to /home/bjorvl16/nltk_data...
[nltk_data]   Package wordnet is already up-to-date!
[nltk_data] Downloading package stopwords to
[nltk_data]     /home/bjorvl16/nltk_data...
[nltk_data]   Package stopwords is already up-to-date!
[*] Load dataset...
[*] Fix malformed data...
[*] Split...
[*] Encoding...
[*] Encoding feature: text... 464
==============================
Using GPU for training
Dataset: FakeNewsNet-politifact
TMU params: num-clauses=5000, T=250, s=5.0
Epochs: 150
Feature(s): text
max-vocab=15000, max-domain=500, max-tweet=500
====================
Train size: 844
Train classes: 2
Test size: 212
Test classes: 2
Total features: 464
==============================
[*] Training for 150 epochs...
Epoch   1: Train%/Test% | Accuracy: 72.04%/72.17% | Precision: 72.61%/70.96% | Recall: 69.18%/66.47% | F1: 69.49%/67.13% | Time: fit=004s, train=000s, test=000s, total=005s
Epoch   2: Train%/Test% | Accuracy: 76.18%/74.06% | Precision: 75.71%/72.28% | Recall: 74.94%/70.37% | F1: 75.21%/70.98% | Time: fit=002s, train=000s, test=000s, total=003s
Epoch   3: Train%/Test% | Accuracy: 72.16%/67.45% | Precision: 76.53%/66.64% | Recall: 67.91%/58.45% | F1: 67.65%/56.87% | Time: fit=002s, train=000s, test=000s, total=003s
Epoch   4: Train%/Test% | Accuracy: 74.53%/70.28% | Precision: 78.41%/70.74% | Recall: 70.73%/62.29% | F1: 70.98%/62.00% | Time: fit=002s, train=000s, test=000s, total=003s
Epoch   5: Train%/Test% | Accuracy: 76.18%/71.23% | Precision: 79.54%/71.45% | Recall: 72.75%/63.84% | F1: 73.26%/64.00% | Time: fit=002s, train=000s, test=000s, total=003s
Epoch   6: Train%/Test% | Accuracy: 80.09%/72.17% | Precision: 80.88%/70.58% | Recall: 78.11%/67.00% | F1: 78.78%/67.68% | Time: fit=002s, train=000s, test=000s, total=003s
Epoch   7: Train%/Test% | Accuracy: 80.92%/73.11% | Precision: 81.13%/71.35% | Recall: 79.42%/68.82% | F1: 79.94%/69.50% | Time: fit=002s, train=000s, test=000s, total=003s
Epoch   8: Train%/Test% | Accuracy: 81.28%/72.64% | Precision: 81.31%/70.73% | Recall: 79.96%/68.45% | F1: 80.41%/69.07% | Time: fit=002s, train=000s, test=000s, total=003s
Epoch   9: Train%/Test% | Accuracy: 81.52%/73.58% | Precision: 81.40%/71.63% | Recall: 80.36%/70.26% | F1: 80.73%/70.75% | Time: fit=002s, train=000s, test=000s, total=003s
Epoch  10: Train%/Test% | Accuracy: 82.11%/75.00% | Precision: 82.01%/73.22% | Recall: 80.99%/71.92% | F1: 81.36%/72.41% | Time: fit=002s, train=000s, test=000s, total=003s
Epoch  11: Train%/Test% | Accuracy: 74.53%/70.75% | Precision: 76.98%/72.90% | Recall: 76.73%/74.19% | F1: 74.52%/70.63% | Time: fit=002s, train=000s, test=000s, total=003s
Epoch  12: Train%/Test% | Accuracy: 75.47%/72.17% | Precision: 78.05%/74.15% | Recall: 77.74%/75.57% | F1: 75.47%/72.03% | Time: fit=002s, train=000s, test=000s, total=003s
Epoch  13: Train%/Test% | Accuracy: 77.49%/72.17% | Precision: 79.55%/73.80% | Recall: 79.55%/75.31% | F1: 77.49%/71.99% | Time: fit=002s, train=000s, test=000s, total=003s
Epoch  14: Train%/Test% | Accuracy: 76.90%/71.70% | Precision: 79.25%/73.86% | Recall: 79.08%/75.20% | F1: 76.89%/71.57% | Time: fit=002s, train=000s, test=000s, total=003s
Epoch  15: Train%/Test% | Accuracy: 72.51%/67.45% | Precision: 78.02%/71.78% | Recall: 75.78%/72.11% | F1: 72.33%/67.45% | Time: fit=002s, train=000s, test=000s, total=003s
Epoch  16: Train%/Test% | Accuracy: 77.25%/71.70% | Precision: 79.76%/73.49% | Recall: 79.51%/74.93% | F1: 77.25%/71.54% | Time: fit=002s, train=000s, test=000s, total=003s
Epoch  17: Train%/Test% | Accuracy: 80.81%/73.11% | Precision: 81.48%/72.99% | Recall: 82.18%/74.71% | F1: 80.76%/72.60% | Time: fit=002s, train=000s, test=000s, total=003s
Epoch  18: Train%/Test% | Accuracy: 71.56%/65.57% | Precision: 77.52%/70.73% | Recall: 74.96%/70.62% | F1: 71.33%/65.57% | Time: fit=002s, train=000s, test=000s, total=003s
Epoch  19: Train%/Test% | Accuracy: 79.74%/74.06% | Precision: 80.50%/73.70% | Recall: 81.14%/75.46% | F1: 79.70%/73.49% | Time: fit=002s, train=000s, test=000s, total=003s
Epoch  20: Train%/Test% | Accuracy: 79.62%/73.58% | Precision: 80.41%/73.84% | Recall: 81.04%/75.62% | F1: 79.58%/73.18% | Time: fit=002s, train=000s, test=000s, total=003s
Epoch  21: Train%/Test% | Accuracy: 80.21%/72.17% | Precision: 81.16%/73.14% | Recall: 81.74%/74.77% | F1: 80.19%/71.89% | Time: fit=002s, train=000s, test=000s, total=003s
Epoch  22: Train%/Test% | Accuracy: 79.62%/71.70% | Precision: 80.59%/73.15% | Recall: 81.16%/74.67% | F1: 79.60%/71.49% | Time: fit=002s, train=000s, test=000s, total=003s
Epoch  23: Train%/Test% | Accuracy: 79.98%/72.17% | Precision: 80.92%/72.56% | Recall: 81.50%/74.23% | F1: 79.95%/71.78% | Time: fit=002s, train=000s, test=000s, total=003s
Epoch  24: Train%/Test% | Accuracy: 81.52%/71.70% | Precision: 82.44%/72.82% | Recall: 83.06%/74.40% | F1: 81.49%/71.44% | Time: fit=002s, train=000s, test=000s, total=003s
Epoch  25: Train%/Test% | Accuracy: 81.64%/72.64% | Precision: 82.53%/73.17% | Recall: 83.16%/74.88% | F1: 81.61%/72.29% | Time: fit=002s, train=000s, test=000s, total=003s
Epoch  26: Train%/Test% | Accuracy: 81.40%/73.58% | Precision: 82.42%/74.72% | Recall: 83.00%/76.43% | F1: 81.38%/73.35% | Time: fit=002s, train=000s, test=000s, total=003s
Epoch  27: Train%/Test% | Accuracy: 81.64%/74.06% | Precision: 82.34%/74.18% | Recall: 83.05%/76.00% | F1: 81.60%/73.63% | Time: fit=002s, train=000s, test=000s, total=003s
Epoch  28: Train%/Test% | Accuracy: 80.69%/72.64% | Precision: 81.70%/73.46% | Recall: 82.27%/75.14% | F1: 80.66%/72.34% | Time: fit=002s, train=000s, test=000s, total=003s
Epoch  29: Train%/Test% | Accuracy: 81.52%/71.23% | Precision: 82.51%/72.20% | Recall: 83.10%/73.76% | F1: 81.49%/70.94% | Time: fit=002s, train=000s, test=000s, total=003s
Epoch  30: Train%/Test% | Accuracy: 81.99%/72.64% | Precision: 82.73%/73.46% | Recall: 83.43%/75.14% | F1: 81.95%/72.34% | Time: fit=002s, train=000s, test=000s, total=003s
Epoch  31: Train%/Test% | Accuracy: 80.92%/74.06% | Precision: 82.01%/74.45% | Recall: 82.55%/76.26% | F1: 80.90%/73.69% | Time: fit=002s, train=000s, test=000s, total=003s
Epoch  32: Train%/Test% | Accuracy: 81.04%/73.11% | Precision: 81.66%/73.24% | Recall: 82.38%/74.98% | F1: 81.00%/72.67% | Time: fit=002s, train=000s, test=000s, total=003s
Epoch  33: Train%/Test% | Accuracy: 81.16%/72.17% | Precision: 81.99%/72.84% | Recall: 82.64%/74.50% | F1: 81.13%/71.84% | Time: fit=002s, train=000s, test=000s, total=003s
Epoch  34: Train%/Test% | Accuracy: 81.87%/71.70% | Precision: 82.30%/72.23% | Recall: 83.09%/73.86% | F1: 81.81%/71.33% | Time: fit=002s, train=000s, test=000s, total=003s
Epoch  35: Train%/Test% | Accuracy: 80.92%/71.70% | Precision: 81.40%/71.70% | Recall: 82.16%/73.33% | F1: 80.86%/71.20% | Time: fit=002s, train=000s, test=000s, total=003s
Epoch  36: Train%/Test% | Accuracy: 81.64%/70.28% | Precision: 82.17%/70.41% | Recall: 82.93%/71.94% | F1: 81.58%/69.79% | Time: fit=002s, train=000s, test=000s, total=003s
Epoch  37: Train%/Test% | Accuracy: 81.99%/70.28% | Precision: 82.45%/70.67% | Recall: 83.24%/72.21% | F1: 81.93%/69.86% | Time: fit=002s, train=000s, test=000s, total=003s
Epoch  38: Train%/Test% | Accuracy: 81.87%/70.75% | Precision: 82.46%/71.01% | Recall: 83.21%/72.58% | F1: 81.82%/70.31% | Time: fit=002s, train=000s, test=000s, total=003s
Epoch  39: Train%/Test% | Accuracy: 81.28%/71.23% | Precision: 82.27%/71.62% | Recall: 82.86%/73.22% | F1: 81.26%/70.82% | Time: fit=002s, train=000s, test=000s, total=003s
Epoch  40: Train%/Test% | Accuracy: 80.69%/71.23% | Precision: 81.17%/71.35% | Recall: 81.92%/72.95% | F1: 80.63%/70.75% | Time: fit=002s, train=000s, test=000s, total=003s
Epoch  41: Train%/Test% | Accuracy: 81.75%/71.70% | Precision: 82.06%/71.70% | Recall: 82.87%/73.33% | F1: 81.68%/71.20% | Time: fit=002s, train=000s, test=000s, total=003s
Epoch  42: Train%/Test% | Accuracy: 81.75%/71.70% | Precision: 82.01%/71.96% | Recall: 82.84%/73.59% | F1: 81.67%/71.27% | Time: fit=002s, train=000s, test=000s, total=003s
Epoch  43: Train%/Test% | Accuracy: 81.99%/72.64% | Precision: 82.11%/72.64% | Recall: 82.96%/74.34% | F1: 81.89%/72.16% | Time: fit=002s, train=000s, test=000s, total=003s
Epoch  44: Train%/Test% | Accuracy: 81.75%/72.64% | Precision: 81.83%/72.64% | Recall: 82.68%/74.34% | F1: 81.65%/72.16% | Time: fit=002s, train=000s, test=000s, total=003s
Epoch  45: Train%/Test% | Accuracy: 82.11%/73.11% | Precision: 82.21%/72.99% | Recall: 83.06%/74.71% | F1: 82.01%/72.60% | Time: fit=002s, train=000s, test=000s, total=003s
Epoch  46: Train%/Test% | Accuracy: 81.28%/72.64% | Precision: 81.58%/72.90% | Recall: 82.39%/74.61% | F1: 81.20%/72.22% | Time: fit=002s, train=000s, test=000s, total=003s
Epoch  47: Train%/Test% | Accuracy: 81.40%/72.17% | Precision: 81.68%/72.84% | Recall: 82.49%/74.50% | F1: 81.32%/71.84% | Time: fit=002s, train=000s, test=000s, total=003s
Epoch  48: Train%/Test% | Accuracy: 81.99%/73.11% | Precision: 82.25%/73.51% | Recall: 83.08%/75.25% | F1: 81.91%/72.73% | Time: fit=002s, train=000s, test=000s, total=003s
Epoch  49: Train%/Test% | Accuracy: 82.23%/74.53% | Precision: 82.35%/74.79% | Recall: 83.20%/76.64% | F1: 82.13%/74.14% | Time: fit=002s, train=000s, test=000s, total=003s
Epoch  50: Train%/Test% | Accuracy: 81.40%/75.00% | Precision: 81.68%/75.39% | Recall: 82.49%/77.28% | F1: 81.32%/74.65% | Time: fit=002s, train=000s, test=000s, total=003s
Epoch  51: Train%/Test% | Accuracy: 80.92%/74.06% | Precision: 81.40%/75.04% | Recall: 82.16%/76.80% | F1: 80.86%/73.80% | Time: fit=002s, train=000s, test=000s, total=003s
Epoch  52: Train%/Test% | Accuracy: 81.04%/74.06% | Precision: 81.44%/74.73% | Recall: 82.22%/76.53% | F1: 80.98%/73.75% | Time: fit=002s, train=000s, test=000s, total=003s
Epoch  53: Train%/Test% | Accuracy: 82.11%/74.53% | Precision: 82.44%/75.06% | Recall: 83.26%/76.90% | F1: 82.04%/74.20% | Time: fit=002s, train=000s, test=000s, total=003s
Epoch  54: Train%/Test% | Accuracy: 81.99%/72.17% | Precision: 82.29%/73.14% | Recall: 83.12%/74.77% | F1: 81.92%/71.89% | Time: fit=002s, train=000s, test=000s, total=003s
Epoch  55: Train%/Test% | Accuracy: 82.35%/73.11% | Precision: 82.72%/73.79% | Recall: 83.54%/75.52% | F1: 82.28%/72.79% | Time: fit=002s, train=000s, test=000s, total=003s
Epoch  56: Train%/Test% | Accuracy: 81.99%/74.06% | Precision: 82.50%/75.04% | Recall: 83.27%/76.80% | F1: 81.94%/73.80% | Time: fit=002s, train=000s, test=000s, total=003s
Epoch  57: Train%/Test% | Accuracy: 81.04%/74.53% | Precision: 81.84%/75.36% | Recall: 82.50%/77.17% | F1: 81.01%/74.25% | Time: fit=002s, train=000s, test=000s, total=003s
Epoch  58: Train%/Test% | Accuracy: 81.40%/73.58% | Precision: 82.04%/74.41% | Recall: 82.76%/76.16% | F1: 81.35%/73.30% | Time: fit=002s, train=000s, test=000s, total=003s
Epoch  59: Train%/Test% | Accuracy: 81.28%/73.11% | Precision: 82.01%/73.79% | Recall: 82.70%/75.52% | F1: 81.24%/72.79% | Time: fit=002s, train=000s, test=000s, total=003s
Epoch  60: Train%/Test% | Accuracy: 81.52%/74.53% | Precision: 82.08%/75.06% | Recall: 82.83%/76.90% | F1: 81.47%/74.20% | Time: fit=002s, train=000s, test=000s, total=003s
Epoch  61: Train%/Test% | Accuracy: 82.11%/72.17% | Precision: 82.88%/73.46% | Recall: 83.57%/75.04% | F1: 82.07%/71.94% | Time: fit=002s, train=000s, test=000s, total=003s
Epoch  62: Train%/Test% | Accuracy: 81.40%/73.58% | Precision: 81.88%/73.84% | Recall: 82.65%/75.62% | F1: 81.34%/73.18% | Time: fit=002s, train=000s, test=000s, total=003s
Epoch  63: Train%/Test% | Accuracy: 81.64%/73.58% | Precision: 82.28%/73.84% | Recall: 83.01%/75.62% | F1: 81.59%/73.18% | Time: fit=002s, train=000s, test=000s, total=003s
Epoch  64: Train%/Test% | Accuracy: 81.40%/73.58% | Precision: 81.83%/74.12% | Recall: 82.61%/75.89% | F1: 81.34%/73.24% | Time: fit=002s, train=000s, test=000s, total=003s
Epoch  65: Train%/Test% | Accuracy: 81.75%/73.58% | Precision: 82.21%/74.12% | Recall: 82.99%/75.89% | F1: 81.69%/73.24% | Time: fit=002s, train=000s, test=000s, total=003s
Epoch  66: Train%/Test% | Accuracy: 81.40%/73.58% | Precision: 81.72%/73.84% | Recall: 82.53%/75.62% | F1: 81.32%/73.18% | Time: fit=002s, train=000s, test=000s, total=003s
Epoch  67: Train%/Test% | Accuracy: 81.64%/74.53% | Precision: 82.12%/75.06% | Recall: 82.89%/76.90% | F1: 81.58%/74.20% | Time: fit=002s, train=000s, test=000s, total=003s
Epoch  68: Train%/Test% | Accuracy: 81.52%/73.11% | Precision: 82.02%/74.09% | Recall: 82.79%/75.78% | F1: 81.46%/72.85% | Time: fit=002s, train=000s, test=000s, total=003s
Epoch  69: Train%/Test% | Accuracy: 81.64%/73.11% | Precision: 82.34%/73.51% | Recall: 83.05%/75.25% | F1: 81.60%/72.73% | Time: fit=002s, train=000s, test=000s, total=003s
Epoch  70: Train%/Test% | Accuracy: 81.52%/72.17% | Precision: 82.13%/72.84% | Recall: 82.87%/74.50% | F1: 81.47%/71.84% | Time: fit=002s, train=000s, test=000s, total=003s
Epoch  71: Train%/Test% | Accuracy: 81.64%/72.64% | Precision: 82.17%/73.17% | Recall: 82.93%/74.88% | F1: 81.58%/72.29% | Time: fit=002s, train=000s, test=000s, total=003s
Epoch  72: Train%/Test% | Accuracy: 81.75%/72.64% | Precision: 82.74%/73.46% | Recall: 83.34%/75.14% | F1: 81.73%/72.34% | Time: fit=002s, train=000s, test=000s, total=003s
Epoch  73: Train%/Test% | Accuracy: 81.52%/72.64% | Precision: 82.44%/73.46% | Recall: 83.06%/75.14% | F1: 81.49%/72.34% | Time: fit=002s, train=000s, test=000s, total=003s
Epoch  74: Train%/Test% | Accuracy: 81.52%/75.00% | Precision: 82.13%/75.68% | Recall: 82.87%/77.54% | F1: 81.47%/74.70% | Time: fit=002s, train=000s, test=000s, total=003s
Epoch  75: Train%/Test% | Accuracy: 81.40%/74.06% | Precision: 81.99%/75.04% | Recall: 82.73%/76.80% | F1: 81.35%/73.80% | Time: fit=002s, train=000s, test=000s, total=003s
Epoch  76: Train%/Test% | Accuracy: 81.52%/74.06% | Precision: 82.25%/75.36% | Recall: 82.94%/77.07% | F1: 81.48%/73.85% | Time: fit=002s, train=000s, test=000s, total=003s
Epoch  77: Train%/Test% | Accuracy: 81.16%/75.00% | Precision: 82.05%/75.99% | Recall: 82.68%/77.81% | F1: 81.13%/74.75% | Time: fit=002s, train=000s, test=000s, total=003s
Epoch  78: Train%/Test% | Accuracy: 81.64%/75.00% | Precision: 82.40%/75.99% | Recall: 83.09%/77.81% | F1: 81.60%/74.75% | Time: fit=002s, train=000s, test=000s, total=003s
Epoch  79: Train%/Test% | Accuracy: 80.09%/74.06% | Precision: 81.01%/75.04% | Recall: 81.60%/76.80% | F1: 80.07%/73.80% | Time: fit=002s, train=000s, test=000s, total=003s
Epoch  80: Train%/Test% | Accuracy: 80.45%/74.06% | Precision: 81.40%/75.36% | Recall: 81.99%/77.07% | F1: 80.42%/73.85% | Time: fit=002s, train=000s, test=000s, total=003s
Epoch  81: Train%/Test% | Accuracy: 79.86%/75.00% | Precision: 81.04%/76.31% | Recall: 81.52%/78.08% | F1: 79.84%/74.80% | Time: fit=002s, train=000s, test=000s, total=003s
Epoch  82: Train%/Test% | Accuracy: 81.16%/74.53% | Precision: 81.81%/76.01% | Recall: 82.52%/77.71% | F1: 81.12%/74.34% | Time: fit=002s, train=000s, test=000s, total=003s
Epoch  83: Train%/Test% | Accuracy: 81.28%/73.11% | Precision: 82.08%/74.41% | Recall: 82.74%/76.05% | F1: 81.25%/72.90% | Time: fit=002s, train=000s, test=000s, total=003s
Epoch  84: Train%/Test% | Accuracy: 81.16%/72.17% | Precision: 82.18%/73.80% | Recall: 82.76%/75.31% | F1: 81.14%/71.99% | Time: fit=002s, train=000s, test=000s, total=003s
Epoch  85: Train%/Test% | Accuracy: 81.16%/73.11% | Precision: 82.05%/74.41% | Recall: 82.68%/76.05% | F1: 81.13%/72.90% | Time: fit=002s, train=000s, test=000s, total=003s
Epoch  86: Train%/Test% | Accuracy: 80.33%/72.64% | Precision: 81.45%/74.45% | Recall: 81.96%/75.95% | F1: 80.31%/72.48% | Time: fit=002s, train=000s, test=000s, total=003s
Epoch  87: Train%/Test% | Accuracy: 81.52%/73.11% | Precision: 82.25%/74.75% | Recall: 82.94%/76.32% | F1: 81.48%/72.94% | Time: fit=002s, train=000s, test=000s, total=003s
Epoch  88: Train%/Test% | Accuracy: 83.06%/76.42% | Precision: 83.44%/76.67% | Recall: 84.27%/78.66% | F1: 82.99%/76.05% | Time: fit=002s, train=000s, test=000s, total=003s
Epoch  89: Train%/Test% | Accuracy: 81.04%/74.06% | Precision: 81.90%/75.04% | Recall: 82.54%/76.80% | F1: 81.01%/73.80% | Time: fit=002s, train=000s, test=000s, total=003s
Epoch  90: Train%/Test% | Accuracy: 81.87%/73.11% | Precision: 82.58%/74.41% | Recall: 83.29%/76.05% | F1: 81.83%/72.90% | Time: fit=002s, train=000s, test=000s, total=003s
Epoch  91: Train%/Test% | Accuracy: 81.87%/72.64% | Precision: 82.58%/73.77% | Recall: 83.29%/75.41% | F1: 81.83%/72.40% | Time: fit=002s, train=000s, test=000s, total=003s
Epoch  92: Train%/Test% | Accuracy: 81.75%/74.06% | Precision: 82.21%/74.45% | Recall: 82.99%/76.26% | F1: 81.69%/73.69% | Time: fit=002s, train=000s, test=000s, total=003s
Epoch  93: Train%/Test% | Accuracy: 82.11%/73.11% | Precision: 82.59%/73.79% | Recall: 83.38%/75.52% | F1: 82.05%/72.79% | Time: fit=002s, train=000s, test=000s, total=003s
Epoch  94: Train%/Test% | Accuracy: 81.75%/71.70% | Precision: 82.32%/72.82% | Recall: 83.07%/74.40% | F1: 81.70%/71.44% | Time: fit=002s, train=000s, test=000s, total=003s
Epoch  95: Train%/Test% | Accuracy: 81.99%/72.64% | Precision: 82.50%/73.46% | Recall: 83.27%/75.14% | F1: 81.94%/72.34% | Time: fit=002s, train=000s, test=000s, total=003s
Epoch  96: Train%/Test% | Accuracy: 81.75%/72.17% | Precision: 82.43%/73.14% | Recall: 83.15%/74.77% | F1: 81.71%/71.89% | Time: fit=002s, train=000s, test=000s, total=003s
Epoch  97: Train%/Test% | Accuracy: 81.99%/72.17% | Precision: 82.67%/73.80% | Recall: 83.39%/75.31% | F1: 81.95%/71.99% | Time: fit=002s, train=000s, test=000s, total=003s
Epoch  98: Train%/Test% | Accuracy: 83.06%/75.00% | Precision: 83.34%/75.68% | Recall: 84.19%/77.54% | F1: 82.98%/74.70% | Time: fit=002s, train=000s, test=000s, total=003s
Epoch  99: Train%/Test% | Accuracy: 82.94%/75.94% | Precision: 83.15%/75.82% | Recall: 84.01%/77.76% | F1: 82.86%/75.48% | Time: fit=002s, train=000s, test=000s, total=003s
Epoch 100: Train%/Test% | Accuracy: 82.58%/75.00% | Precision: 83.01%/75.13% | Recall: 83.82%/77.01% | F1: 82.52%/74.59% | Time: fit=002s, train=000s, test=000s, total=003s
Epoch 101: Train%/Test% | Accuracy: 82.94%/75.94% | Precision: 83.40%/76.34% | Recall: 84.21%/78.29% | F1: 82.88%/75.60% | Time: fit=002s, train=000s, test=000s, total=003s
Epoch 102: Train%/Test% | Accuracy: 81.64%/73.58% | Precision: 82.34%/74.41% | Recall: 83.05%/76.16% | F1: 81.60%/73.30% | Time: fit=002s, train=000s, test=000s, total=003s
Epoch 103: Train%/Test% | Accuracy: 82.35%/75.00% | Precision: 82.78%/75.39% | Recall: 83.58%/77.28% | F1: 82.29%/74.65% | Time: fit=002s, train=000s, test=000s, total=003s
Epoch 104: Train%/Test% | Accuracy: 81.64%/74.06% | Precision: 82.28%/74.73% | Recall: 83.01%/76.53% | F1: 81.59%/73.75% | Time: fit=002s, train=000s, test=000s, total=003s
Epoch 105: Train%/Test% | Accuracy: 81.28%/75.00% | Precision: 81.73%/75.68% | Recall: 82.51%/77.54% | F1: 81.22%/74.70% | Time: fit=002s, train=000s, test=000s, total=003s
Epoch 106: Train%/Test% | Accuracy: 81.28%/74.53% | Precision: 81.95%/75.67% | Recall: 82.66%/77.44% | F1: 81.24%/74.30% | Time: fit=002s, train=000s, test=000s, total=003s
Epoch 107: Train%/Test% | Accuracy: 81.99%/74.53% | Precision: 82.67%/75.06% | Recall: 83.39%/76.90% | F1: 81.95%/74.20% | Time: fit=002s, train=000s, test=000s, total=003s
Epoch 108: Train%/Test% | Accuracy: 81.75%/74.06% | Precision: 82.32%/74.73% | Recall: 83.07%/76.53% | F1: 81.70%/73.75% | Time: fit=002s, train=000s, test=000s, total=003s
Epoch 109: Train%/Test% | Accuracy: 81.28%/74.53% | Precision: 82.20%/75.67% | Recall: 82.82%/77.44% | F1: 81.25%/74.30% | Time: fit=002s, train=000s, test=000s, total=003s
Epoch 110: Train%/Test% | Accuracy: 81.40%/75.47% | Precision: 82.23%/76.30% | Recall: 82.88%/78.19% | F1: 81.37%/75.20% | Time: fit=002s, train=000s, test=000s, total=003s
Epoch 111: Train%/Test% | Accuracy: 82.11%/74.06% | Precision: 82.76%/75.04% | Recall: 83.49%/76.80% | F1: 82.07%/73.80% | Time: fit=002s, train=000s, test=000s, total=003s
Epoch 112: Train%/Test% | Accuracy: 81.99%/74.06% | Precision: 82.50%/75.04% | Recall: 83.27%/76.80% | F1: 81.94%/73.80% | Time: fit=002s, train=000s, test=000s, total=003s
Epoch 113: Train%/Test% | Accuracy: 81.64%/74.53% | Precision: 82.40%/75.67% | Recall: 83.09%/77.44% | F1: 81.60%/74.30% | Time: fit=002s, train=000s, test=000s, total=003s
Epoch 114: Train%/Test% | Accuracy: 81.87%/75.94% | Precision: 82.52%/76.63% | Recall: 83.25%/78.56% | F1: 81.83%/75.66% | Time: fit=002s, train=000s, test=000s, total=003s
Epoch 115: Train%/Test% | Accuracy: 83.77%/76.89% | Precision: 84.05%/77.01% | Recall: 84.92%/79.04% | F1: 83.70%/76.51% | Time: fit=002s, train=000s, test=000s, total=003s
Epoch 116: Train%/Test% | Accuracy: 83.06%/77.83% | Precision: 83.34%/77.96% | Recall: 84.19%/80.05% | F1: 82.98%/77.46% | Time: fit=002s, train=000s, test=000s, total=003s
Epoch 117: Train%/Test% | Accuracy: 83.41%/77.36% | Precision: 83.58%/77.62% | Recall: 84.46%/79.68% | F1: 83.33%/77.01% | Time: fit=002s, train=000s, test=000s, total=003s
Epoch 118: Train%/Test% | Accuracy: 83.53%/76.42% | Precision: 83.72%/76.67% | Recall: 84.60%/78.66% | F1: 83.45%/76.05% | Time: fit=002s, train=000s, test=000s, total=003s
Epoch 119: Train%/Test% | Accuracy: 83.53%/75.47% | Precision: 83.72%/75.73% | Recall: 84.60%/77.65% | F1: 83.45%/75.10% | Time: fit=002s, train=000s, test=000s, total=003s
Epoch 120: Train%/Test% | Accuracy: 83.29%/75.47% | Precision: 83.57%/75.73% | Recall: 84.44%/77.65% | F1: 83.22%/75.10% | Time: fit=002s, train=000s, test=000s, total=003s
Epoch 121: Train%/Test% | Accuracy: 82.11%/73.58% | Precision: 82.65%/74.41% | Recall: 83.42%/76.16% | F1: 82.06%/73.30% | Time: fit=002s, train=000s, test=000s, total=003s
Epoch 122: Train%/Test% | Accuracy: 81.99%/75.00% | Precision: 82.45%/75.68% | Recall: 83.24%/77.54% | F1: 81.93%/74.70% | Time: fit=002s, train=000s, test=000s, total=003s
Epoch 123: Train%/Test% | Accuracy: 82.46%/75.00% | Precision: 82.97%/75.68% | Recall: 83.76%/77.54% | F1: 82.41%/74.70% | Time: fit=002s, train=000s, test=000s, total=003s
Epoch 124: Train%/Test% | Accuracy: 81.99%/74.53% | Precision: 82.55%/75.67% | Recall: 83.31%/77.44% | F1: 81.94%/74.30% | Time: fit=002s, train=000s, test=000s, total=003s
Epoch 125: Train%/Test% | Accuracy: 82.11%/75.47% | Precision: 82.70%/76.30% | Recall: 83.45%/78.19% | F1: 82.06%/75.20% | Time: fit=002s, train=000s, test=000s, total=003s
Epoch 126: Train%/Test% | Accuracy: 81.52%/75.00% | Precision: 82.38%/75.99% | Recall: 83.02%/77.81% | F1: 81.49%/74.75% | Time: fit=002s, train=000s, test=000s, total=003s
Epoch 127: Train%/Test% | Accuracy: 81.40%/74.53% | Precision: 82.35%/75.67% | Recall: 82.96%/77.44% | F1: 81.37%/74.30% | Time: fit=002s, train=000s, test=000s, total=003s
Epoch 128: Train%/Test% | Accuracy: 81.64%/74.53% | Precision: 82.40%/75.67% | Recall: 83.09%/77.44% | F1: 81.60%/74.30% | Time: fit=002s, train=000s, test=000s, total=003s
Epoch 129: Train%/Test% | Accuracy: 81.64%/73.11% | Precision: 82.46%/74.75% | Recall: 83.13%/76.32% | F1: 81.60%/72.94% | Time: fit=002s, train=000s, test=000s, total=003s
Epoch 130: Train%/Test% | Accuracy: 81.64%/73.58% | Precision: 82.46%/75.05% | Recall: 83.13%/76.69% | F1: 81.60%/73.39% | Time: fit=002s, train=000s, test=000s, total=003s
Epoch 131: Train%/Test% | Accuracy: 81.75%/74.53% | Precision: 82.49%/75.67% | Recall: 83.19%/77.44% | F1: 81.72%/74.30% | Time: fit=002s, train=000s, test=000s, total=003s
Epoch 132: Train%/Test% | Accuracy: 82.35%/74.53% | Precision: 82.88%/75.67% | Recall: 83.66%/77.44% | F1: 82.30%/74.30% | Time: fit=002s, train=000s, test=000s, total=003s
Epoch 133: Train%/Test% | Accuracy: 83.41%/76.42% | Precision: 83.72%/76.95% | Recall: 84.58%/78.93% | F1: 83.34%/76.11% | Time: fit=002s, train=000s, test=000s, total=003s
Epoch 134: Train%/Test% | Accuracy: 82.58%/74.53% | Precision: 83.18%/75.67% | Recall: 83.94%/77.44% | F1: 82.54%/74.30% | Time: fit=002s, train=000s, test=000s, total=003s
Epoch 135: Train%/Test% | Accuracy: 82.46%/73.58% | Precision: 83.21%/75.05% | Recall: 83.92%/76.69% | F1: 82.43%/73.39% | Time: fit=002s, train=000s, test=000s, total=003s
Epoch 136: Train%/Test% | Accuracy: 83.18%/75.94% | Precision: 83.48%/76.63% | Recall: 84.33%/78.56% | F1: 83.11%/75.66% | Time: fit=002s, train=000s, test=000s, total=003s
Epoch 137: Train%/Test% | Accuracy: 83.41%/75.94% | Precision: 83.67%/76.63% | Recall: 84.54%/78.56% | F1: 83.34%/75.66% | Time: fit=002s, train=000s, test=000s, total=003s
Epoch 138: Train%/Test% | Accuracy: 83.53%/75.94% | Precision: 83.86%/76.63% | Recall: 84.72%/78.56% | F1: 83.47%/75.66% | Time: fit=002s, train=000s, test=000s, total=003s
Epoch 139: Train%/Test% | Accuracy: 83.06%/75.47% | Precision: 83.49%/76.30% | Recall: 84.31%/78.19% | F1: 83.00%/75.20% | Time: fit=002s, train=000s, test=000s, total=003s
Epoch 140: Train%/Test% | Accuracy: 81.52%/75.00% | Precision: 82.38%/75.99% | Recall: 83.02%/77.81% | F1: 81.49%/74.75% | Time: fit=002s, train=000s, test=000s, total=003s
Epoch 141: Train%/Test% | Accuracy: 83.06%/76.89% | Precision: 83.54%/77.28% | Recall: 84.35%/79.31% | F1: 83.00%/76.56% | Time: fit=002s, train=000s, test=000s, total=003s
Epoch 142: Train%/Test% | Accuracy: 83.18%/75.94% | Precision: 83.69%/76.63% | Recall: 84.49%/78.56% | F1: 83.13%/75.66% | Time: fit=002s, train=000s, test=000s, total=003s
Epoch 143: Train%/Test% | Accuracy: 82.70%/75.47% | Precision: 83.27%/76.30% | Recall: 84.04%/78.19% | F1: 82.65%/75.20% | Time: fit=002s, train=000s, test=000s, total=003s
Epoch 144: Train%/Test% | Accuracy: 80.92%/73.58% | Precision: 81.81%/75.05% | Recall: 82.43%/76.69% | F1: 80.89%/73.39% | Time: fit=002s, train=000s, test=000s, total=003s
Epoch 145: Train%/Test% | Accuracy: 82.82%/75.47% | Precision: 83.10%/76.30% | Recall: 83.95%/78.19% | F1: 82.75%/75.20% | Time: fit=002s, train=000s, test=000s, total=003s
Epoch 146: Train%/Test% | Accuracy: 81.99%/75.00% | Precision: 82.45%/75.68% | Recall: 83.24%/77.54% | F1: 81.93%/74.70% | Time: fit=002s, train=000s, test=000s, total=003s
Epoch 147: Train%/Test% | Accuracy: 81.64%/73.58% | Precision: 82.12%/74.72% | Recall: 82.89%/76.43% | F1: 81.58%/73.35% | Time: fit=002s, train=000s, test=000s, total=003s
Epoch 148: Train%/Test% | Accuracy: 82.11%/75.00% | Precision: 82.65%/75.68% | Recall: 83.42%/77.54% | F1: 82.06%/74.70% | Time: fit=002s, train=000s, test=000s, total=003s
Epoch 149: Train%/Test% | Accuracy: 81.52%/74.53% | Precision: 82.08%/75.36% | Recall: 82.83%/77.17% | F1: 81.47%/74.25% | Time: fit=002s, train=000s, test=000s, total=003s
Epoch 150: Train%/Test% | Accuracy: 81.87%/74.06% | Precision: 82.35%/74.73% | Recall: 83.13%/76.53% | F1: 81.82%/73.75% | Time: fit=001s, train=000s, test=000s, total=002s
