[nltk_data] Downloading package wordnet to /home/bjorvl16/nltk_data...
[nltk_data]   Package wordnet is already up-to-date!
[nltk_data] Downloading package stopwords to
[nltk_data]     /home/bjorvl16/nltk_data...
[nltk_data]   Package stopwords is already up-to-date!
[*] Load dataset...
[*] Fix malformed data...
[*] Split...
[*] Encoding...
[*] Encoding feature: domain... 38
==============================
Using GPU for training
Dataset: FakeNewsNet-gossipcop
TMU params: num-clauses=5000, T=250, s=10.0
Epochs: 150
Feature(s): domain
max-vocab=15000, max-domain=500, max-tweet=500
====================
Train size: 17712
Train classes: 2
Test size: 4428
Test classes: 2
Total features: 38
==============================
[*] Training for 150 epochs...
Epoch   1: Train%/Test% | Accuracy: 82.53%/82.66% | Precision: 83.39%/83.63% | Recall: 65.76%/66.09% | F1: 68.72%/69.11% | Time: fit=034s, train=009s, test=002s, total=046s
Epoch   2: Train%/Test% | Accuracy: 82.45%/82.57% | Precision: 80.95%/81.00% | Recall: 66.82%/67.25% | F1: 69.75%/70.21% | Time: fit=047s, train=009s, test=002s, total=059s
Epoch   3: Train%/Test% | Accuracy: 82.64%/82.59% | Precision: 81.58%/81.54% | Recall: 66.99%/66.97% | F1: 70.00%/69.96% | Time: fit=048s, train=009s, test=002s, total=059s
Epoch   4: Train%/Test% | Accuracy: 82.23%/82.57% | Precision: 80.35%/81.36% | Recall: 66.54%/67.02% | F1: 69.38%/70.00% | Time: fit=047s, train=009s, test=002s, total=059s
Epoch   5: Train%/Test% | Accuracy: 81.93%/81.75% | Precision: 78.14%/77.74% | Recall: 67.38%/67.29% | F1: 70.03%/69.88% | Time: fit=047s, train=009s, test=002s, total=059s
Epoch   6: Train%/Test% | Accuracy: 82.55%/82.50% | Precision: 80.71%/80.63% | Recall: 67.29%/67.30% | F1: 70.23%/70.22% | Time: fit=047s, train=009s, test=002s, total=059s
Epoch   7: Train%/Test% | Accuracy: 82.85%/82.93% | Precision: 83.02%/83.03% | Recall: 66.78%/67.10% | F1: 69.87%/70.23% | Time: fit=047s, train=009s, test=002s, total=059s
Epoch   8: Train%/Test% | Accuracy: 82.98%/82.95% | Precision: 82.92%/83.12% | Recall: 67.18%/67.12% | F1: 70.32%/70.25% | Time: fit=048s, train=009s, test=002s, total=059s
Epoch   9: Train%/Test% | Accuracy: 83.20%/83.27% | Precision: 83.98%/84.09% | Recall: 67.25%/67.48% | F1: 70.48%/70.74% | Time: fit=048s, train=009s, test=002s, total=059s
Epoch  10: Train%/Test% | Accuracy: 83.31%/83.24% | Precision: 82.96%/82.67% | Recall: 68.06%/68.17% | F1: 71.29%/71.36% | Time: fit=048s, train=009s, test=002s, total=059s
Epoch  11: Train%/Test% | Accuracy: 83.32%/83.24% | Precision: 82.85%/82.56% | Recall: 68.16%/68.24% | F1: 71.38%/71.42% | Time: fit=047s, train=009s, test=002s, total=059s
Epoch  12: Train%/Test% | Accuracy: 83.07%/82.84% | Precision: 82.77%/81.98% | Recall: 67.51%/67.42% | F1: 70.67%/70.49% | Time: fit=047s, train=009s, test=002s, total=059s
Epoch  13: Train%/Test% | Accuracy: 82.84%/83.13% | Precision: 80.53%/81.35% | Recall: 68.31%/68.71% | F1: 71.28%/71.77% | Time: fit=047s, train=009s, test=002s, total=059s
Epoch  14: Train%/Test% | Accuracy: 83.17%/83.13% | Precision: 82.39%/82.37% | Recall: 68.02%/68.03% | F1: 71.18%/71.18% | Time: fit=047s, train=009s, test=002s, total=059s
Epoch  15: Train%/Test% | Accuracy: 83.08%/82.95% | Precision: 81.11%/80.77% | Recall: 68.61%/68.59% | F1: 71.65%/71.58% | Time: fit=047s, train=009s, test=002s, total=059s
Epoch  16: Train%/Test% | Accuracy: 83.29%/83.02% | Precision: 81.94%/81.29% | Recall: 68.67%/68.41% | F1: 71.81%/71.46% | Time: fit=047s, train=009s, test=002s, total=059s
Epoch  17: Train%/Test% | Accuracy: 83.07%/83.13% | Precision: 81.43%/81.62% | Recall: 68.34%/68.51% | F1: 71.41%/71.61% | Time: fit=047s, train=009s, test=002s, total=059s
Epoch  18: Train%/Test% | Accuracy: 83.10%/82.72% | Precision: 81.25%/80.22% | Recall: 68.57%/68.31% | F1: 71.63%/71.23% | Time: fit=047s, train=009s, test=002s, total=059s
Epoch  19: Train%/Test% | Accuracy: 83.15%/82.90% | Precision: 81.97%/81.19% | Recall: 68.22%/68.14% | F1: 71.34%/71.17% | Time: fit=047s, train=009s, test=002s, total=059s
Epoch  20: Train%/Test% | Accuracy: 83.38%/83.42% | Precision: 83.58%/83.70% | Recall: 67.95%/68.10% | F1: 71.22%/71.39% | Time: fit=048s, train=009s, test=002s, total=059s
Epoch  21: Train%/Test% | Accuracy: 83.29%/83.36% | Precision: 83.22%/83.74% | Recall: 67.88%/67.89% | F1: 71.11%/71.17% | Time: fit=048s, train=009s, test=002s, total=060s
Epoch  22: Train%/Test% | Accuracy: 83.47%/83.60% | Precision: 82.93%/83.39% | Recall: 68.56%/68.76% | F1: 71.81%/72.06% | Time: fit=047s, train=009s, test=002s, total=059s
Epoch  23: Train%/Test% | Accuracy: 83.34%/83.15% | Precision: 82.52%/82.04% | Recall: 68.42%/68.30% | F1: 71.62%/71.44% | Time: fit=048s, train=009s, test=002s, total=059s
Epoch  24: Train%/Test% | Accuracy: 83.31%/83.22% | Precision: 82.38%/82.12% | Recall: 68.43%/68.45% | F1: 71.61%/71.59% | Time: fit=047s, train=009s, test=002s, total=059s
Epoch  25: Train%/Test% | Accuracy: 83.34%/83.04% | Precision: 81.31%/80.65% | Recall: 69.28%/68.97% | F1: 72.35%/71.94% | Time: fit=048s, train=009s, test=002s, total=059s
Epoch  26: Train%/Test% | Accuracy: 83.10%/82.61% | Precision: 80.97%/79.76% | Recall: 68.79%/68.33% | F1: 71.81%/71.19% | Time: fit=047s, train=009s, test=002s, total=059s
Epoch  27: Train%/Test% | Accuracy: 83.13%/82.70% | Precision: 80.97%/79.74% | Recall: 68.87%/68.65% | F1: 71.90%/71.50% | Time: fit=048s, train=009s, test=002s, total=059s
Epoch  28: Train%/Test% | Accuracy: 83.25%/82.72% | Precision: 80.72%/79.44% | Recall: 69.48%/69.01% | F1: 72.46%/71.81% | Time: fit=048s, train=009s, test=002s, total=059s
Epoch  29: Train%/Test% | Accuracy: 83.06%/82.63% | Precision: 80.51%/79.44% | Recall: 69.02%/68.70% | F1: 71.98%/71.51% | Time: fit=048s, train=009s, test=002s, total=059s
Epoch  30: Train%/Test% | Accuracy: 83.47%/82.97% | Precision: 81.56%/80.34% | Recall: 69.48%/69.02% | F1: 72.58%/71.95% | Time: fit=047s, train=009s, test=002s, total=059s
Epoch  31: Train%/Test% | Accuracy: 83.33%/82.95% | Precision: 81.82%/80.73% | Recall: 68.85%/68.62% | F1: 71.98%/71.60% | Time: fit=047s, train=009s, test=002s, total=059s
Epoch  32: Train%/Test% | Accuracy: 83.47%/83.20% | Precision: 82.53%/81.71% | Recall: 68.79%/68.65% | F1: 72.01%/71.76% | Time: fit=047s, train=009s, test=002s, total=059s
Epoch  33: Train%/Test% | Accuracy: 83.27%/82.84% | Precision: 80.91%/79.90% | Recall: 69.37%/68.96% | F1: 72.38%/71.83% | Time: fit=048s, train=009s, test=002s, total=060s
Epoch  34: Train%/Test% | Accuracy: 83.03%/82.32% | Precision: 79.57%/77.91% | Recall: 69.82%/69.26% | F1: 72.60%/71.79% | Time: fit=048s, train=009s, test=002s, total=059s
Epoch  35: Train%/Test% | Accuracy: 82.84%/82.32% | Precision: 79.23%/78.01% | Recall: 69.50%/69.13% | F1: 72.24%/71.69% | Time: fit=048s, train=009s, test=002s, total=059s
Epoch  36: Train%/Test% | Accuracy: 83.08%/82.75% | Precision: 80.76%/79.74% | Recall: 68.90%/68.80% | F1: 71.90%/71.65% | Time: fit=047s, train=009s, test=002s, total=059s
Epoch  37: Train%/Test% | Accuracy: 83.24%/82.95% | Precision: 82.38%/81.57% | Recall: 68.23%/68.01% | F1: 71.41%/71.08% | Time: fit=048s, train=009s, test=002s, total=059s
Epoch  38: Train%/Test% | Accuracy: 83.11%/82.59% | Precision: 80.55%/79.28% | Recall: 69.15%/68.70% | F1: 72.11%/71.49% | Time: fit=048s, train=009s, test=002s, total=059s
Epoch  39: Train%/Test% | Accuracy: 83.51%/83.02% | Precision: 82.16%/80.95% | Recall: 69.15%/68.66% | F1: 72.33%/71.68% | Time: fit=048s, train=009s, test=002s, total=060s
Epoch  40: Train%/Test% | Accuracy: 83.09%/82.54% | Precision: 80.29%/79.03% | Recall: 69.32%/68.80% | F1: 72.24%/71.54% | Time: fit=048s, train=009s, test=002s, total=059s
Epoch  41: Train%/Test% | Accuracy: 83.33%/83.18% | Precision: 81.87%/81.50% | Recall: 68.82%/68.74% | F1: 71.96%/71.82% | Time: fit=048s, train=009s, test=002s, total=060s
Epoch  42: Train%/Test% | Accuracy: 83.16%/82.88% | Precision: 80.48%/79.96% | Recall: 69.39%/69.05% | F1: 72.34%/71.93% | Time: fit=048s, train=009s, test=002s, total=059s
Epoch  43: Train%/Test% | Accuracy: 83.49%/83.27% | Precision: 83.47%/82.70% | Recall: 68.28%/68.22% | F1: 71.57%/71.42% | Time: fit=048s, train=009s, test=002s, total=060s
Epoch  44: Train%/Test% | Accuracy: 83.24%/83.13% | Precision: 81.84%/81.67% | Recall: 68.57%/68.48% | F1: 71.69%/71.58% | Time: fit=048s, train=009s, test=002s, total=059s
Epoch  45: Train%/Test% | Accuracy: 82.95%/82.75% | Precision: 80.03%/79.70% | Recall: 69.09%/68.84% | F1: 71.98%/71.68% | Time: fit=048s, train=009s, test=002s, total=059s
Epoch  46: Train%/Test% | Accuracy: 83.49%/83.31% | Precision: 82.95%/82.49% | Recall: 68.60%/68.47% | F1: 71.85%/71.66% | Time: fit=048s, train=009s, test=002s, total=059s
Epoch  47: Train%/Test% | Accuracy: 83.34%/83.24% | Precision: 82.45%/82.30% | Recall: 68.46%/68.40% | F1: 71.66%/71.56% | Time: fit=048s, train=009s, test=002s, total=059s
Epoch  48: Train%/Test% | Accuracy: 83.47%/83.49% | Precision: 82.53%/82.47% | Recall: 68.79%/69.01% | F1: 72.01%/72.21% | Time: fit=048s, train=009s, test=002s, total=059s
Epoch  49: Train%/Test% | Accuracy: 83.45%/83.54% | Precision: 82.92%/83.14% | Recall: 68.49%/68.72% | F1: 71.73%/71.99% | Time: fit=048s, train=009s, test=002s, total=060s
Epoch  50: Train%/Test% | Accuracy: 81.48%/81.01% | Precision: 75.83%/74.93% | Recall: 68.64%/68.27% | F1: 70.86%/70.35% | Time: fit=047s, train=009s, test=002s, total=059s
Epoch  51: Train%/Test% | Accuracy: 83.32%/83.08% | Precision: 81.98%/81.21% | Recall: 68.71%/68.68% | F1: 71.85%/71.72% | Time: fit=047s, train=009s, test=002s, total=059s
Epoch  52: Train%/Test% | Accuracy: 82.96%/82.07% | Precision: 79.42%/77.32% | Recall: 69.71%/69.06% | F1: 72.48%/71.51% | Time: fit=047s, train=009s, test=002s, total=059s
Epoch  53: Train%/Test% | Accuracy: 78.07%/77.76% | Precision: 69.69%/69.34% | Recall: 68.48%/68.33% | F1: 69.02%/68.79% | Time: fit=048s, train=009s, test=002s, total=060s
Epoch  54: Train%/Test% | Accuracy: 83.32%/83.06% | Precision: 81.53%/80.84% | Recall: 69.04%/68.88% | F1: 72.14%/71.88% | Time: fit=047s, train=009s, test=002s, total=059s
Epoch  55: Train%/Test% | Accuracy: 83.44%/83.13% | Precision: 82.26%/81.62% | Recall: 68.88%/68.51% | F1: 72.07%/71.61% | Time: fit=047s, train=009s, test=002s, total=059s
Epoch  56: Train%/Test% | Accuracy: 83.32%/83.11% | Precision: 82.33%/81.88% | Recall: 68.49%/68.27% | F1: 71.67%/71.39% | Time: fit=047s, train=009s, test=002s, total=059s
Epoch  57: Train%/Test% | Accuracy: 83.56%/83.51% | Precision: 83.79%/83.62% | Recall: 68.32%/68.38% | F1: 71.65%/71.69% | Time: fit=048s, train=009s, test=002s, total=060s
Epoch  58: Train%/Test% | Accuracy: 83.38%/82.88% | Precision: 81.27%/80.07% | Recall: 69.43%/68.96% | F1: 72.49%/71.85% | Time: fit=048s, train=009s, test=002s, total=059s
Epoch  59: Train%/Test% | Accuracy: 81.14%/80.33% | Precision: 74.89%/73.41% | Recall: 68.91%/68.24% | F1: 70.89%/69.99% | Time: fit=047s, train=009s, test=002s, total=059s
Epoch  60: Train%/Test% | Accuracy: 83.21%/82.66% | Precision: 80.50%/79.16% | Recall: 69.54%/69.06% | F1: 72.48%/71.82% | Time: fit=047s, train=009s, test=002s, total=059s
Epoch  61: Train%/Test% | Accuracy: 81.37%/80.71% | Precision: 75.44%/74.25% | Recall: 68.93%/68.23% | F1: 71.03%/70.18% | Time: fit=047s, train=009s, test=002s, total=059s
Epoch  62: Train%/Test% | Accuracy: 83.29%/83.20% | Precision: 81.28%/81.10% | Recall: 69.13%/69.10% | F1: 72.19%/72.14% | Time: fit=047s, train=009s, test=002s, total=059s
Epoch  63: Train%/Test% | Accuracy: 81.40%/80.87% | Precision: 75.32%/74.40% | Recall: 69.37%/68.85% | F1: 71.37%/70.72% | Time: fit=048s, train=009s, test=002s, total=060s
Epoch  64: Train%/Test% | Accuracy: 83.30%/83.11% | Precision: 81.24%/80.86% | Recall: 69.19%/69.01% | F1: 72.25%/72.01% | Time: fit=048s, train=009s, test=002s, total=059s
Epoch  65: Train%/Test% | Accuracy: 83.08%/82.99% | Precision: 80.52%/80.44% | Recall: 69.10%/69.00% | F1: 72.06%/71.94% | Time: fit=048s, train=009s, test=002s, total=060s
Epoch  66: Train%/Test% | Accuracy: 83.21%/83.29% | Precision: 81.54%/81.92% | Recall: 68.69%/68.78% | F1: 71.79%/71.91% | Time: fit=048s, train=009s, test=002s, total=059s
Epoch  67: Train%/Test% | Accuracy: 83.23%/83.20% | Precision: 81.24%/81.44% | Recall: 68.97%/68.85% | F1: 72.03%/71.92% | Time: fit=048s, train=009s, test=002s, total=060s
Epoch  68: Train%/Test% | Accuracy: 82.87%/82.77% | Precision: 79.74%/79.63% | Recall: 69.10%/68.98% | F1: 71.94%/71.81% | Time: fit=047s, train=009s, test=002s, total=059s
Epoch  69: Train%/Test% | Accuracy: 83.11%/82.90% | Precision: 81.03%/80.43% | Recall: 68.77%/68.72% | F1: 71.81%/71.66% | Time: fit=047s, train=009s, test=002s, total=059s
Epoch  70: Train%/Test% | Accuracy: 83.36%/83.20% | Precision: 81.41%/81.19% | Recall: 69.25%/69.04% | F1: 72.33%/72.08% | Time: fit=047s, train=009s, test=002s, total=059s
Epoch  71: Train%/Test% | Accuracy: 83.32%/83.02% | Precision: 81.32%/80.55% | Recall: 69.20%/68.98% | F1: 72.27%/71.94% | Time: fit=048s, train=009s, test=002s, total=059s
Epoch  72: Train%/Test% | Accuracy: 83.50%/83.29% | Precision: 82.20%/81.47% | Recall: 69.09%/69.10% | F1: 72.27%/72.18% | Time: fit=047s, train=009s, test=002s, total=059s
Epoch  73: Train%/Test% | Accuracy: 83.43%/83.06% | Precision: 81.79%/80.72% | Recall: 69.17%/68.98% | F1: 72.31%/71.96% | Time: fit=047s, train=009s, test=002s, total=059s
Epoch  74: Train%/Test% | Accuracy: 83.23%/82.93% | Precision: 81.20%/80.31% | Recall: 69.01%/68.89% | F1: 72.07%/71.82% | Time: fit=048s, train=009s, test=002s, total=059s
Epoch  75: Train%/Test% | Accuracy: 83.38%/83.13% | Precision: 82.72%/82.06% | Recall: 68.43%/68.23% | F1: 71.65%/71.35% | Time: fit=047s, train=009s, test=002s, total=059s
Epoch  76: Train%/Test% | Accuracy: 83.56%/83.22% | Precision: 82.05%/81.13% | Recall: 69.38%/69.15% | F1: 72.55%/72.19% | Time: fit=047s, train=009s, test=002s, total=059s
Epoch  77: Train%/Test% | Accuracy: 83.55%/83.22% | Precision: 82.60%/81.70% | Recall: 68.97%/68.73% | F1: 72.20%/71.84% | Time: fit=047s, train=009s, test=002s, total=059s
Epoch  78: Train%/Test% | Accuracy: 83.50%/83.22% | Precision: 82.16%/81.47% | Recall: 69.13%/68.89% | F1: 72.31%/71.97% | Time: fit=047s, train=009s, test=002s, total=059s
Epoch  79: Train%/Test% | Accuracy: 83.46%/83.18% | Precision: 81.76%/81.16% | Recall: 69.28%/68.99% | F1: 72.41%/72.03% | Time: fit=048s, train=009s, test=002s, total=060s
Epoch  80: Train%/Test% | Accuracy: 83.38%/82.84% | Precision: 81.10%/79.76% | Recall: 69.57%/69.09% | F1: 72.60%/71.93% | Time: fit=048s, train=009s, test=002s, total=059s
Epoch  81: Train%/Test% | Accuracy: 83.57%/83.15% | Precision: 81.84%/80.88% | Recall: 69.56%/69.14% | F1: 72.70%/72.14% | Time: fit=048s, train=009s, test=002s, total=060s
Epoch  82: Train%/Test% | Accuracy: 83.55%/83.04% | Precision: 81.61%/80.46% | Recall: 69.67%/69.13% | F1: 72.77%/72.07% | Time: fit=048s, train=009s, test=002s, total=059s
Epoch  83: Train%/Test% | Accuracy: 83.47%/83.36% | Precision: 82.18%/82.10% | Recall: 69.04%/68.85% | F1: 72.22%/72.01% | Time: fit=048s, train=009s, test=002s, total=060s
Epoch  84: Train%/Test% | Accuracy: 83.59%/83.40% | Precision: 83.54%/83.03% | Recall: 68.52%/68.40% | F1: 71.84%/71.65% | Time: fit=048s, train=009s, test=002s, total=059s
Epoch  85: Train%/Test% | Accuracy: 83.59%/83.27% | Precision: 83.08%/82.28% | Recall: 68.80%/68.47% | F1: 72.08%/71.64% | Time: fit=048s, train=009s, test=002s, total=060s
Epoch  86: Train%/Test% | Accuracy: 83.60%/83.22% | Precision: 83.41%/82.38% | Recall: 68.63%/68.29% | F1: 71.93%/71.45% | Time: fit=047s, train=009s, test=002s, total=059s
Epoch  87: Train%/Test% | Accuracy: 83.30%/83.15% | Precision: 83.49%/82.95% | Recall: 67.76%/67.76% | F1: 71.01%/70.95% | Time: fit=047s, train=009s, test=002s, total=059s
Epoch  88: Train%/Test% | Accuracy: 83.42%/83.24% | Precision: 83.20%/82.40% | Recall: 68.26%/68.33% | F1: 71.52%/71.50% | Time: fit=047s, train=009s, test=002s, total=059s
Epoch  89: Train%/Test% | Accuracy: 83.42%/82.93% | Precision: 82.51%/81.08% | Recall: 68.67%/68.28% | F1: 71.88%/71.31% | Time: fit=047s, train=009s, test=002s, total=059s
Epoch  90: Train%/Test% | Accuracy: 83.60%/83.02% | Precision: 82.32%/80.78% | Recall: 69.32%/68.79% | F1: 72.52%/71.78% | Time: fit=047s, train=009s, test=002s, total=059s
Epoch  91: Train%/Test% | Accuracy: 83.58%/83.33% | Precision: 83.32%/82.47% | Recall: 68.63%/68.55% | F1: 71.93%/71.74% | Time: fit=048s, train=009s, test=002s, total=059s
Epoch  92: Train%/Test% | Accuracy: 83.59%/82.99% | Precision: 81.75%/80.37% | Recall: 69.71%/69.06% | F1: 72.83%/72.00% | Time: fit=048s, train=009s, test=002s, total=059s
Epoch  93: Train%/Test% | Accuracy: 81.57%/80.74% | Precision: 75.80%/74.29% | Recall: 69.20%/68.25% | F1: 71.34%/70.20% | Time: fit=047s, train=009s, test=002s, total=059s
Epoch  94: Train%/Test% | Accuracy: 81.19%/80.42% | Precision: 74.92%/73.65% | Recall: 69.17%/68.04% | F1: 71.11%/69.88% | Time: fit=047s, train=009s, test=002s, total=059s
Epoch  95: Train%/Test% | Accuracy: 83.05%/82.32% | Precision: 80.04%/78.52% | Recall: 69.40%/68.52% | F1: 72.28%/71.20% | Time: fit=047s, train=009s, test=002s, total=059s
Epoch  96: Train%/Test% | Accuracy: 83.45%/82.79% | Precision: 81.89%/80.56% | Recall: 69.17%/68.26% | F1: 72.32%/71.22% | Time: fit=047s, train=009s, test=002s, total=059s
Epoch  97: Train%/Test% | Accuracy: 83.62%/83.22% | Precision: 83.20%/82.17% | Recall: 68.81%/68.41% | F1: 72.10%/71.56% | Time: fit=048s, train=009s, test=002s, total=059s
Epoch  98: Train%/Test% | Accuracy: 83.59%/83.47% | Precision: 83.68%/83.22% | Recall: 68.46%/68.48% | F1: 71.79%/71.75% | Time: fit=048s, train=009s, test=002s, total=059s
Epoch  99: Train%/Test% | Accuracy: 83.54%/83.40% | Precision: 83.33%/82.87% | Recall: 68.50%/68.50% | F1: 71.79%/71.73% | Time: fit=048s, train=009s, test=002s, total=060s
Epoch 100: Train%/Test% | Accuracy: 83.56%/83.13% | Precision: 82.55%/81.62% | Recall: 69.03%/68.51% | F1: 72.26%/71.61% | Time: fit=047s, train=009s, test=002s, total=059s
Epoch 101: Train%/Test% | Accuracy: 83.75%/83.45% | Precision: 83.15%/82.46% | Recall: 69.21%/68.88% | F1: 72.51%/72.08% | Time: fit=047s, train=009s, test=002s, total=059s
Epoch 102: Train%/Test% | Accuracy: 83.58%/83.11% | Precision: 82.48%/81.28% | Recall: 69.13%/68.69% | F1: 72.35%/71.74% | Time: fit=047s, train=009s, test=002s, total=059s
Epoch 103: Train%/Test% | Accuracy: 82.99%/82.16% | Precision: 78.91%/77.11% | Recall: 70.46%/69.79% | F1: 73.06%/72.11% | Time: fit=047s, train=009s, test=002s, total=059s
Epoch 104: Train%/Test% | Accuracy: 82.78%/81.73% | Precision: 78.11%/76.07% | Recall: 70.72%/69.67% | F1: 73.12%/71.78% | Time: fit=047s, train=009s, test=002s, total=059s
Epoch 105: Train%/Test% | Accuracy: 83.11%/82.27% | Precision: 79.52%/77.73% | Recall: 70.17%/69.32% | F1: 72.91%/71.82% | Time: fit=048s, train=009s, test=002s, total=060s
Epoch 106: Train%/Test% | Accuracy: 83.52%/83.13% | Precision: 81.87%/80.97% | Recall: 69.39%/68.99% | F1: 72.54%/72.01% | Time: fit=048s, train=009s, test=002s, total=059s
Epoch 107: Train%/Test% | Accuracy: 83.66%/83.24% | Precision: 82.38%/81.50% | Recall: 69.44%/68.94% | F1: 72.64%/72.03% | Time: fit=048s, train=009s, test=002s, total=060s
Epoch 108: Train%/Test% | Accuracy: 83.43%/82.95% | Precision: 82.34%/81.29% | Recall: 68.82%/68.20% | F1: 72.01%/71.25% | Time: fit=047s, train=009s, test=002s, total=059s
Epoch 109: Train%/Test% | Accuracy: 83.70%/83.15% | Precision: 82.31%/81.04% | Recall: 69.62%/69.01% | F1: 72.82%/72.03% | Time: fit=047s, train=009s, test=002s, total=059s
Epoch 110: Train%/Test% | Accuracy: 83.66%/83.22% | Precision: 81.75%/80.86% | Recall: 69.89%/69.37% | F1: 73.01%/72.37% | Time: fit=048s, train=009s, test=002s, total=059s
Epoch 111: Train%/Test% | Accuracy: 83.65%/83.11% | Precision: 82.16%/81.03% | Recall: 69.57%/68.88% | F1: 72.75%/71.91% | Time: fit=048s, train=009s, test=002s, total=059s
Epoch 112: Train%/Test% | Accuracy: 83.61%/83.22% | Precision: 82.31%/81.39% | Recall: 69.35%/68.96% | F1: 72.55%/72.03% | Time: fit=048s, train=009s, test=002s, total=059s
Epoch 113: Train%/Test% | Accuracy: 83.41%/83.02% | Precision: 82.13%/81.16% | Recall: 68.87%/68.50% | F1: 72.04%/71.54% | Time: fit=048s, train=009s, test=002s, total=060s
Epoch 114: Train%/Test% | Accuracy: 83.16%/83.02% | Precision: 80.95%/80.82% | Recall: 68.98%/68.76% | F1: 72.00%/71.76% | Time: fit=047s, train=009s, test=002s, total=059s
Epoch 115: Train%/Test% | Accuracy: 83.51%/83.45% | Precision: 83.11%/82.87% | Recall: 68.56%/68.63% | F1: 71.83%/71.86% | Time: fit=047s, train=009s, test=002s, total=059s
Epoch 116: Train%/Test% | Accuracy: 83.45%/83.31% | Precision: 83.62%/83.20% | Recall: 68.09%/68.06% | F1: 71.38%/71.29% | Time: fit=047s, train=009s, test=002s, total=059s
Epoch 117: Train%/Test% | Accuracy: 83.38%/83.20% | Precision: 82.54%/81.90% | Recall: 68.54%/68.53% | F1: 71.75%/71.65% | Time: fit=047s, train=009s, test=002s, total=059s
Epoch 118: Train%/Test% | Accuracy: 83.41%/83.08% | Precision: 82.53%/81.47% | Recall: 68.61%/68.48% | F1: 71.82%/71.56% | Time: fit=047s, train=009s, test=002s, total=059s
Epoch 119: Train%/Test% | Accuracy: 83.54%/83.29% | Precision: 83.21%/82.46% | Recall: 68.57%/68.43% | F1: 71.85%/71.61% | Time: fit=047s, train=009s, test=002s, total=059s
Epoch 120: Train%/Test% | Accuracy: 83.62%/83.40% | Precision: 83.48%/82.87% | Recall: 68.65%/68.50% | F1: 71.96%/71.73% | Time: fit=047s, train=009s, test=002s, total=059s
Epoch 121: Train%/Test% | Accuracy: 83.50%/83.29% | Precision: 83.22%/82.62% | Recall: 68.47%/68.33% | F1: 71.74%/71.53% | Time: fit=047s, train=009s, test=002s, total=059s
Epoch 122: Train%/Test% | Accuracy: 83.58%/83.38% | Precision: 82.83%/82.28% | Recall: 68.92%/68.81% | F1: 72.18%/71.98% | Time: fit=047s, train=009s, test=002s, total=059s
Epoch 123: Train%/Test% | Accuracy: 83.66%/83.42% | Precision: 83.03%/82.33% | Recall: 69.01%/68.90% | F1: 72.29%/72.09% | Time: fit=048s, train=009s, test=002s, total=059s
Epoch 124: Train%/Test% | Accuracy: 83.75%/83.42% | Precision: 83.29%/82.38% | Recall: 69.12%/68.87% | F1: 72.44%/72.06% | Time: fit=047s, train=009s, test=002s, total=059s
Epoch 125: Train%/Test% | Accuracy: 83.66%/83.27% | Precision: 83.58%/82.54% | Recall: 68.70%/68.31% | F1: 72.03%/71.50% | Time: fit=048s, train=009s, test=002s, total=059s
Epoch 126: Train%/Test% | Accuracy: 83.31%/82.75% | Precision: 81.72%/80.25% | Recall: 68.87%/68.36% | F1: 71.99%/71.28% | Time: fit=048s, train=009s, test=002s, total=059s
Epoch 127: Train%/Test% | Accuracy: 83.71%/83.42% | Precision: 82.90%/82.19% | Recall: 69.24%/68.99% | F1: 72.51%/72.17% | Time: fit=048s, train=009s, test=002s, total=059s
Epoch 128: Train%/Test% | Accuracy: 83.68%/83.33% | Precision: 82.56%/81.89% | Recall: 69.38%/68.94% | F1: 72.61%/72.07% | Time: fit=047s, train=009s, test=002s, total=059s
Epoch 129: Train%/Test% | Accuracy: 83.45%/83.02% | Precision: 81.73%/80.55% | Recall: 69.27%/68.98% | F1: 72.40%/71.94% | Time: fit=047s, train=009s, test=002s, total=059s
Epoch 130: Train%/Test% | Accuracy: 83.58%/83.31% | Precision: 83.14%/82.39% | Recall: 68.74%/68.54% | F1: 72.02%/71.72% | Time: fit=047s, train=009s, test=002s, total=059s
Epoch 131: Train%/Test% | Accuracy: 83.43%/83.20% | Precision: 83.49%/82.78% | Recall: 68.13%/67.98% | F1: 71.41%/71.17% | Time: fit=048s, train=009s, test=002s, total=059s
Epoch 132: Train%/Test% | Accuracy: 83.85%/83.31% | Precision: 82.86%/81.42% | Recall: 69.67%/69.21% | F1: 72.94%/72.28% | Time: fit=048s, train=009s, test=002s, total=059s
Epoch 133: Train%/Test% | Accuracy: 83.70%/83.06% | Precision: 82.25%/80.68% | Recall: 69.66%/69.01% | F1: 72.85%/71.99% | Time: fit=048s, train=009s, test=002s, total=060s
Epoch 134: Train%/Test% | Accuracy: 83.79%/83.31% | Precision: 82.91%/81.68% | Recall: 69.47%/69.02% | F1: 72.75%/72.12% | Time: fit=047s, train=009s, test=002s, total=059s
Epoch 135: Train%/Test% | Accuracy: 83.50%/82.86% | Precision: 81.84%/80.04% | Recall: 69.36%/68.91% | F1: 72.50%/71.80% | Time: fit=047s, train=009s, test=002s, total=059s
Epoch 136: Train%/Test% | Accuracy: 83.27%/82.52% | Precision: 81.03%/79.09% | Recall: 69.27%/68.66% | F1: 72.30%/71.41% | Time: fit=047s, train=009s, test=002s, total=059s
Epoch 137: Train%/Test% | Accuracy: 83.18%/82.50% | Precision: 81.18%/79.46% | Recall: 68.85%/68.22% | F1: 71.91%/71.04% | Time: fit=048s, train=009s, test=002s, total=059s
Epoch 138: Train%/Test% | Accuracy: 83.38%/82.81% | Precision: 81.92%/80.67% | Recall: 68.93%/68.24% | F1: 72.08%/71.21% | Time: fit=048s, train=009s, test=002s, total=059s
Epoch 139: Train%/Test% | Accuracy: 83.37%/82.88% | Precision: 82.03%/80.68% | Recall: 68.84%/68.45% | F1: 72.00%/71.42% | Time: fit=048s, train=009s, test=002s, total=060s
Epoch 140: Train%/Test% | Accuracy: 83.38%/82.63% | Precision: 81.07%/79.41% | Recall: 69.57%/68.73% | F1: 72.60%/71.53% | Time: fit=047s, train=009s, test=002s, total=059s
Epoch 141: Train%/Test% | Accuracy: 83.79%/83.49% | Precision: 82.35%/81.57% | Recall: 69.85%/69.65% | F1: 73.06%/72.74% | Time: fit=047s, train=009s, test=002s, total=059s
Epoch 142: Train%/Test% | Accuracy: 83.62%/83.40% | Precision: 82.03%/81.29% | Recall: 69.58%/69.59% | F1: 72.74%/72.64% | Time: fit=047s, train=009s, test=002s, total=059s
Epoch 143: Train%/Test% | Accuracy: 83.34%/82.66% | Precision: 80.85%/79.09% | Recall: 69.64%/69.13% | F1: 72.63%/71.87% | Time: fit=047s, train=009s, test=002s, total=059s
Epoch 144: Train%/Test% | Accuracy: 83.55%/82.97% | Precision: 81.53%/79.98% | Recall: 69.75%/69.34% | F1: 72.84%/72.20% | Time: fit=047s, train=009s, test=002s, total=059s
Epoch 145: Train%/Test% | Accuracy: 83.57%/83.22% | Precision: 81.55%/80.71% | Recall: 69.79%/69.50% | F1: 72.88%/72.47% | Time: fit=048s, train=009s, test=002s, total=059s
Epoch 146: Train%/Test% | Accuracy: 83.62%/83.40% | Precision: 82.00%/81.62% | Recall: 69.59%/69.33% | F1: 72.74%/72.43% | Time: fit=048s, train=009s, test=002s, total=059s
Epoch 147: Train%/Test% | Accuracy: 83.47%/82.97% | Precision: 80.77%/79.78% | Recall: 70.13%/69.53% | F1: 73.09%/72.36% | Time: fit=047s, train=009s, test=002s, total=059s
Epoch 148: Train%/Test% | Accuracy: 83.12%/82.52% | Precision: 80.48%/79.06% | Recall: 69.26%/68.69% | F1: 72.21%/71.44% | Time: fit=048s, train=009s, test=002s, total=059s
Epoch 149: Train%/Test% | Accuracy: 83.47%/83.29% | Precision: 83.22%/82.67% | Recall: 68.39%/68.30% | F1: 71.66%/71.50% | Time: fit=048s, train=009s, test=002s, total=060s
Epoch 150: Train%/Test% | Accuracy: 83.58%/83.33% | Precision: 82.91%/82.22% | Recall: 68.86%/68.71% | F1: 72.12%/71.88% | Time: fit=048s, train=009s, test=002s, total=059s
