[nltk_data] Downloading package wordnet to /home/bjorvl16/nltk_data...
[nltk_data]   Package wordnet is already up-to-date!
[nltk_data] Downloading package stopwords to
[nltk_data]     /home/bjorvl16/nltk_data...
[nltk_data]   Package stopwords is already up-to-date!
[*] Load dataset...
[*] Fix malformed data...
[*] Split...
[*] Encoding...
[*] Encoding feature: text... 2441
==============================
Using CPU for training
Dataset: fake-news-datasets-deception-FakeNewsAMT
TMU params: num-clauses=5000, T=200, s=15.0
Epochs: 150
Feature(s): text
max-vocab=15000, max-domain=500, max-tweet=500
====================
Train size: 384
Train classes: 2
Test size: 96
Test classes: 2
Total features: 2441
==============================
[*] Training for 150 epochs...
Epoch   1: Train%/Test% | Accuracy: 50.52%/48.96% | Precision: 75.20%/24.48% | Recall: 50.26%/50.00% | F1: 34.03%/32.87% | Time: fit=003s, train=000s, test=000s, total=003s
Epoch   2: Train%/Test% | Accuracy: 55.73%/48.96% | Precision: 69.72%/49.47% | Recall: 55.51%/49.96% | F1: 45.85%/34.58% | Time: fit=003s, train=000s, test=000s, total=003s
Epoch   3: Train%/Test% | Accuracy: 54.17%/47.92% | Precision: 68.04%/24.73% | Recall: 54.39%/46.94% | F1: 43.63%/32.39% | Time: fit=002s, train=000s, test=000s, total=002s
Epoch   4: Train%/Test% | Accuracy: 49.74%/51.04% | Precision: 24.87%/25.52% | Recall: 50.00%/50.00% | F1: 33.22%/33.79% | Time: fit=002s, train=000s, test=000s, total=002s
Epoch   5: Train%/Test% | Accuracy: 49.74%/51.04% | Precision: 24.87%/25.52% | Recall: 50.00%/50.00% | F1: 33.22%/33.79% | Time: fit=002s, train=000s, test=000s, total=002s
Epoch   6: Train%/Test% | Accuracy: 49.74%/51.04% | Precision: 24.87%/25.52% | Recall: 50.00%/50.00% | F1: 33.22%/33.79% | Time: fit=002s, train=000s, test=000s, total=002s
Epoch   7: Train%/Test% | Accuracy: 57.29%/50.00% | Precision: 76.90%/25.26% | Recall: 57.51%/48.98% | F1: 48.04%/33.33% | Time: fit=002s, train=000s, test=000s, total=002s
Epoch   8: Train%/Test% | Accuracy: 61.20%/42.71% | Precision: 75.15%/22.78% | Recall: 61.00%/43.62% | F1: 54.75%/29.93% | Time: fit=002s, train=000s, test=000s, total=002s
Epoch   9: Train%/Test% | Accuracy: 66.93%/51.04% | Precision: 74.98%/50.58% | Recall: 67.07%/50.22% | F1: 64.14%/41.36% | Time: fit=002s, train=000s, test=000s, total=002s
Epoch  10: Train%/Test% | Accuracy: 74.48%/48.96% | Precision: 79.05%/49.32% | Recall: 74.38%/49.52% | F1: 73.38%/45.25% | Time: fit=002s, train=000s, test=000s, total=002s
Epoch  11: Train%/Test% | Accuracy: 84.38%/50.00% | Precision: 85.22%/49.98% | Recall: 84.42%/49.98% | F1: 84.29%/49.98% | Time: fit=002s, train=000s, test=000s, total=002s
Epoch  12: Train%/Test% | Accuracy: 80.99%/39.58% | Precision: 82.49%/38.14% | Recall: 80.93%/39.99% | F1: 80.75%/37.38% | Time: fit=002s, train=000s, test=000s, total=002s
Epoch  13: Train%/Test% | Accuracy: 81.25%/52.08% | Precision: 84.12%/52.06% | Recall: 81.33%/51.58% | F1: 80.87%/48.89% | Time: fit=002s, train=000s, test=000s, total=002s
Epoch  14: Train%/Test% | Accuracy: 87.24%/44.79% | Precision: 87.24%/44.79% | Recall: 87.24%/44.79% | F1: 87.24%/44.79% | Time: fit=002s, train=000s, test=000s, total=002s
Epoch  15: Train%/Test% | Accuracy: 81.77%/44.79% | Precision: 83.73%/44.22% | Recall: 81.71%/45.22% | F1: 81.48%/42.54% | Time: fit=002s, train=000s, test=000s, total=002s
Epoch  16: Train%/Test% | Accuracy: 79.43%/37.50% | Precision: 82.08%/35.10% | Recall: 79.35%/37.95% | F1: 78.96%/34.66% | Time: fit=002s, train=000s, test=000s, total=002s
Epoch  17: Train%/Test% | Accuracy: 85.68%/39.58% | Precision: 86.53%/38.51% | Recall: 85.64%/39.95% | F1: 85.58%/37.86% | Time: fit=002s, train=000s, test=000s, total=002s
Epoch  18: Train%/Test% | Accuracy: 89.58%/44.79% | Precision: 89.60%/44.84% | Recall: 89.59%/44.88% | F1: 89.58%/44.74% | Time: fit=002s, train=000s, test=000s, total=002s
Epoch  19: Train%/Test% | Accuracy: 91.67%/41.67% | Precision: 91.67%/41.64% | Recall: 91.66%/41.82% | F1: 91.67%/41.44% | Time: fit=002s, train=000s, test=000s, total=002s
Epoch  20: Train%/Test% | Accuracy: 79.43%/40.62% | Precision: 84.44%/36.71% | Recall: 79.33%/41.23% | F1: 78.61%/35.52% | Time: fit=002s, train=000s, test=000s, total=002s
Epoch  21: Train%/Test% | Accuracy: 80.73%/41.67% | Precision: 83.85%/39.83% | Recall: 80.65%/42.16% | F1: 80.25%/38.43% | Time: fit=002s, train=000s, test=000s, total=002s
Epoch  22: Train%/Test% | Accuracy: 88.80%/51.04% | Precision: 90.27%/50.74% | Recall: 88.85%/50.61% | F1: 88.71%/48.58% | Time: fit=002s, train=000s, test=000s, total=002s
Epoch  23: Train%/Test% | Accuracy: 89.32%/45.83% | Precision: 90.49%/45.35% | Recall: 89.37%/45.59% | F1: 89.25%/44.97% | Time: fit=002s, train=000s, test=000s, total=002s
Epoch  24: Train%/Test% | Accuracy: 88.54%/46.88% | Precision: 90.26%/45.14% | Recall: 88.60%/46.35% | F1: 88.43%/43.01% | Time: fit=002s, train=000s, test=000s, total=002s
Epoch  25: Train%/Test% | Accuracy: 84.90%/52.08% | Precision: 88.10%/52.29% | Recall: 84.97%/51.45% | F1: 84.59%/46.90% | Time: fit=002s, train=000s, test=000s, total=002s
Epoch  26: Train%/Test% | Accuracy: 90.10%/44.79% | Precision: 91.53%/43.17% | Recall: 90.15%/44.36% | F1: 90.03%/42.02% | Time: fit=002s, train=000s, test=000s, total=002s
Epoch  27: Train%/Test% | Accuracy: 90.89%/48.96% | Precision: 91.95%/48.21% | Recall: 90.93%/48.52% | F1: 90.83%/46.39% | Time: fit=002s, train=000s, test=000s, total=002s
Epoch  28: Train%/Test% | Accuracy: 90.62%/47.92% | Precision: 91.76%/47.20% | Recall: 90.67%/47.55% | F1: 90.57%/46.02% | Time: fit=002s, train=000s, test=000s, total=002s
Epoch  29: Train%/Test% | Accuracy: 92.45%/42.71% | Precision: 92.94%/41.94% | Recall: 92.48%/42.44% | F1: 92.43%/41.64% | Time: fit=002s, train=000s, test=000s, total=002s
Epoch  30: Train%/Test% | Accuracy: 92.19%/41.67% | Precision: 92.19%/41.64% | Recall: 92.18%/41.82% | F1: 92.19%/41.44% | Time: fit=002s, train=000s, test=000s, total=002s
Epoch  31: Train%/Test% | Accuracy: 92.19%/39.58% | Precision: 92.19%/39.56% | Recall: 92.19%/39.56% | F1: 92.19%/39.56% | Time: fit=002s, train=000s, test=000s, total=002s
Epoch  32: Train%/Test% | Accuracy: 91.15%/41.67% | Precision: 91.25%/41.57% | Recall: 91.16%/41.60% | F1: 91.14%/41.57% | Time: fit=002s, train=000s, test=000s, total=002s
Epoch  33: Train%/Test% | Accuracy: 91.67%/34.38% | Precision: 91.67%/34.11% | Recall: 91.66%/34.54% | F1: 91.67%/34.02% | Time: fit=002s, train=000s, test=000s, total=002s
Epoch  34: Train%/Test% | Accuracy: 89.06%/46.88% | Precision: 90.15%/45.91% | Recall: 89.11%/46.48% | F1: 89.00%/44.71% | Time: fit=002s, train=000s, test=000s, total=002s
Epoch  35: Train%/Test% | Accuracy: 89.84%/50.00% | Precision: 91.35%/49.44% | Recall: 89.89%/49.54% | F1: 89.76%/47.23% | Time: fit=002s, train=000s, test=000s, total=002s
Epoch  36: Train%/Test% | Accuracy: 92.45%/40.62% | Precision: 92.63%/40.34% | Recall: 92.47%/40.49% | F1: 92.44%/40.31% | Time: fit=002s, train=000s, test=000s, total=002s
Epoch  37: Train%/Test% | Accuracy: 92.45%/40.62% | Precision: 92.69%/40.34% | Recall: 92.47%/40.49% | F1: 92.44%/40.31% | Time: fit=002s, train=000s, test=000s, total=002s
Epoch  38: Train%/Test% | Accuracy: 89.58%/37.50% | Precision: 90.13%/36.81% | Recall: 89.55%/37.78% | F1: 89.54%/36.51% | Time: fit=002s, train=000s, test=000s, total=002s
Epoch  39: Train%/Test% | Accuracy: 91.41%/43.75% | Precision: 92.10%/43.32% | Recall: 91.44%/43.55% | F1: 91.38%/43.13% | Time: fit=002s, train=000s, test=000s, total=002s
Epoch  40: Train%/Test% | Accuracy: 91.93%/43.75% | Precision: 92.32%/43.32% | Recall: 91.95%/43.55% | F1: 91.91%/43.13% | Time: fit=002s, train=000s, test=000s, total=002s
Epoch  41: Train%/Test% | Accuracy: 91.41%/37.50% | Precision: 91.53%/37.39% | Recall: 91.42%/37.43% | F1: 91.40%/37.39% | Time: fit=002s, train=000s, test=000s, total=002s
Epoch  42: Train%/Test% | Accuracy: 92.19%/37.50% | Precision: 92.25%/37.47% | Recall: 92.20%/37.47% | F1: 92.19%/37.47% | Time: fit=002s, train=000s, test=000s, total=002s
Epoch  43: Train%/Test% | Accuracy: 91.93%/38.54% | Precision: 91.96%/38.55% | Recall: 91.92%/38.62% | F1: 91.92%/38.48% | Time: fit=002s, train=000s, test=000s, total=002s
Epoch  44: Train%/Test% | Accuracy: 91.67%/40.62% | Precision: 92.20%/40.34% | Recall: 91.70%/40.49% | F1: 91.64%/40.31% | Time: fit=002s, train=000s, test=000s, total=002s
Epoch  45: Train%/Test% | Accuracy: 92.45%/43.75% | Precision: 92.94%/43.32% | Recall: 92.48%/43.55% | F1: 92.43%/43.13% | Time: fit=002s, train=000s, test=000s, total=002s
Epoch  46: Train%/Test% | Accuracy: 91.41%/45.83% | Precision: 92.10%/45.20% | Recall: 91.44%/45.55% | F1: 91.38%/44.66% | Time: fit=002s, train=000s, test=000s, total=002s
Epoch  47: Train%/Test% | Accuracy: 91.41%/44.79% | Precision: 92.48%/43.98% | Recall: 91.45%/44.49% | F1: 91.36%/43.41% | Time: fit=002s, train=000s, test=000s, total=002s
Epoch  48: Train%/Test% | Accuracy: 92.19%/43.75% | Precision: 92.83%/43.15% | Recall: 92.22%/43.51% | F1: 92.16%/42.86% | Time: fit=002s, train=000s, test=000s, total=002s
Epoch  49: Train%/Test% | Accuracy: 92.97%/40.62% | Precision: 93.22%/40.34% | Recall: 92.99%/40.49% | F1: 92.96%/40.31% | Time: fit=002s, train=000s, test=000s, total=002s
Epoch  50: Train%/Test% | Accuracy: 93.23%/36.46% | Precision: 93.39%/36.39% | Recall: 93.25%/36.41% | F1: 93.22%/36.40% | Time: fit=002s, train=000s, test=000s, total=002s
Epoch  51: Train%/Test% | Accuracy: 92.71%/45.83% | Precision: 93.07%/45.20% | Recall: 92.73%/45.55% | F1: 92.70%/44.66% | Time: fit=002s, train=000s, test=000s, total=002s
Epoch  52: Train%/Test% | Accuracy: 92.45%/43.75% | Precision: 92.94%/43.32% | Recall: 92.48%/43.55% | F1: 92.43%/43.13% | Time: fit=002s, train=000s, test=000s, total=002s
Epoch  53: Train%/Test% | Accuracy: 93.23%/40.62% | Precision: 93.45%/40.47% | Recall: 93.25%/40.53% | F1: 93.22%/40.46% | Time: fit=002s, train=000s, test=000s, total=002s
Epoch  54: Train%/Test% | Accuracy: 92.97%/46.88% | Precision: 93.37%/46.39% | Recall: 92.99%/46.61% | F1: 92.95%/45.88% | Time: fit=002s, train=000s, test=000s, total=002s
Epoch  55: Train%/Test% | Accuracy: 93.49%/40.62% | Precision: 93.54%/40.62% | Recall: 93.50%/40.62% | F1: 93.49%/40.62% | Time: fit=002s, train=000s, test=000s, total=002s
Epoch  56: Train%/Test% | Accuracy: 92.71%/39.58% | Precision: 92.99%/39.36% | Recall: 92.73%/39.47% | F1: 92.70%/39.35% | Time: fit=002s, train=000s, test=000s, total=002s
Epoch  57: Train%/Test% | Accuracy: 93.49%/40.62% | Precision: 93.62%/40.57% | Recall: 93.50%/40.58% | F1: 93.49%/40.57% | Time: fit=002s, train=000s, test=000s, total=002s
Epoch  58: Train%/Test% | Accuracy: 93.75%/41.67% | Precision: 93.97%/41.57% | Recall: 93.77%/41.60% | F1: 93.74%/41.57% | Time: fit=002s, train=000s, test=000s, total=002s
Epoch  59: Train%/Test% | Accuracy: 93.49%/40.62% | Precision: 93.74%/40.57% | Recall: 93.51%/40.58% | F1: 93.48%/40.57% | Time: fit=002s, train=000s, test=000s, total=002s
Epoch  60: Train%/Test% | Accuracy: 94.01%/42.71% | Precision: 94.02%/42.72% | Recall: 94.01%/42.84% | F1: 94.01%/42.55% | Time: fit=002s, train=000s, test=000s, total=002s
Epoch  61: Train%/Test% | Accuracy: 93.23%/39.58% | Precision: 93.23%/39.58% | Recall: 93.23%/39.69% | F1: 93.23%/39.48% | Time: fit=002s, train=000s, test=000s, total=002s
Epoch  62: Train%/Test% | Accuracy: 93.75%/39.58% | Precision: 93.76%/39.56% | Recall: 93.76%/39.56% | F1: 93.75%/39.56% | Time: fit=002s, train=000s, test=000s, total=002s
Epoch  63: Train%/Test% | Accuracy: 94.01%/38.54% | Precision: 94.02%/38.54% | Recall: 94.01%/38.54% | F1: 94.01%/38.53% | Time: fit=002s, train=000s, test=000s, total=002s
Epoch  64: Train%/Test% | Accuracy: 95.31%/39.58% | Precision: 95.33%/39.60% | Recall: 95.32%/39.60% | F1: 95.31%/39.58% | Time: fit=002s, train=000s, test=000s, total=002s
Epoch  65: Train%/Test% | Accuracy: 94.79%/40.62% | Precision: 94.95%/40.47% | Recall: 94.81%/40.53% | F1: 94.79%/40.46% | Time: fit=002s, train=000s, test=000s, total=002s
Epoch  66: Train%/Test% | Accuracy: 94.53%/42.71% | Precision: 94.79%/42.32% | Recall: 94.55%/42.53% | F1: 94.52%/42.20% | Time: fit=002s, train=000s, test=000s, total=002s
Epoch  67: Train%/Test% | Accuracy: 96.35%/38.54% | Precision: 96.39%/38.48% | Recall: 96.36%/38.49% | F1: 96.35%/38.48% | Time: fit=001s, train=000s, test=000s, total=002s
Epoch  68: Train%/Test% | Accuracy: 93.75%/42.71% | Precision: 94.12%/42.46% | Recall: 93.77%/42.57% | F1: 93.74%/42.40% | Time: fit=002s, train=000s, test=000s, total=002s
Epoch  69: Train%/Test% | Accuracy: 93.75%/41.67% | Precision: 94.21%/41.16% | Recall: 93.78%/41.47% | F1: 93.74%/41.03% | Time: fit=002s, train=000s, test=000s, total=002s
Epoch  70: Train%/Test% | Accuracy: 95.05%/40.62% | Precision: 95.14%/40.62% | Recall: 95.06%/40.62% | F1: 95.05%/40.62% | Time: fit=002s, train=000s, test=000s, total=002s
Epoch  71: Train%/Test% | Accuracy: 94.79%/41.67% | Precision: 94.95%/41.33% | Recall: 94.81%/41.51% | F1: 94.79%/41.26% | Time: fit=002s, train=000s, test=000s, total=002s
Epoch  72: Train%/Test% | Accuracy: 94.01%/42.71% | Precision: 94.26%/42.15% | Recall: 94.03%/42.49% | F1: 94.00%/41.95% | Time: fit=002s, train=000s, test=000s, total=002s
Epoch  73: Train%/Test% | Accuracy: 94.27%/41.67% | Precision: 94.49%/41.16% | Recall: 94.29%/41.47% | F1: 94.27%/41.03% | Time: fit=002s, train=000s, test=000s, total=002s
Epoch  74: Train%/Test% | Accuracy: 95.57%/40.62% | Precision: 95.63%/40.47% | Recall: 95.58%/40.53% | F1: 95.57%/40.46% | Time: fit=002s, train=000s, test=000s, total=002s
Epoch  75: Train%/Test% | Accuracy: 94.53%/39.58% | Precision: 94.72%/39.00% | Recall: 94.55%/39.38% | F1: 94.53%/38.92% | Time: fit=001s, train=000s, test=000s, total=002s
Epoch  76: Train%/Test% | Accuracy: 94.79%/42.71% | Precision: 95.09%/42.15% | Recall: 94.81%/42.49% | F1: 94.78%/41.95% | Time: fit=001s, train=000s, test=000s, total=002s
Epoch  77: Train%/Test% | Accuracy: 94.53%/41.67% | Precision: 94.79%/41.33% | Recall: 94.55%/41.51% | F1: 94.52%/41.26% | Time: fit=001s, train=000s, test=000s, total=002s
Epoch  78: Train%/Test% | Accuracy: 95.31%/38.54% | Precision: 95.54%/38.48% | Recall: 95.33%/38.49% | F1: 95.31%/38.48% | Time: fit=001s, train=000s, test=000s, total=001s
Epoch  79: Train%/Test% | Accuracy: 96.35%/40.62% | Precision: 96.37%/40.62% | Recall: 96.36%/40.62% | F1: 96.35%/40.62% | Time: fit=001s, train=000s, test=000s, total=002s
Epoch  80: Train%/Test% | Accuracy: 93.23%/46.88% | Precision: 93.89%/46.25% | Recall: 93.26%/46.57% | F1: 93.21%/45.55% | Time: fit=001s, train=000s, test=000s, total=001s
Epoch  81: Train%/Test% | Accuracy: 93.49%/43.75% | Precision: 94.10%/43.32% | Recall: 93.52%/43.55% | F1: 93.47%/43.13% | Time: fit=001s, train=000s, test=000s, total=002s
Epoch  82: Train%/Test% | Accuracy: 94.27%/42.71% | Precision: 94.73%/42.32% | Recall: 94.30%/42.53% | F1: 94.26%/42.20% | Time: fit=002s, train=000s, test=000s, total=002s
Epoch  83: Train%/Test% | Accuracy: 93.75%/45.83% | Precision: 94.42%/45.59% | Recall: 93.78%/45.68% | F1: 93.73%/45.45% | Time: fit=001s, train=000s, test=000s, total=002s
Epoch  84: Train%/Test% | Accuracy: 96.35%/40.62% | Precision: 96.47%/40.57% | Recall: 96.37%/40.58% | F1: 96.35%/40.57% | Time: fit=001s, train=000s, test=000s, total=001s
Epoch  85: Train%/Test% | Accuracy: 94.27%/45.83% | Precision: 94.73%/45.35% | Recall: 94.30%/45.59% | F1: 94.26%/44.97% | Time: fit=001s, train=000s, test=000s, total=001s
Epoch  86: Train%/Test% | Accuracy: 96.35%/40.62% | Precision: 96.52%/40.57% | Recall: 96.37%/40.58% | F1: 96.35%/40.57% | Time: fit=001s, train=000s, test=000s, total=001s
Epoch  87: Train%/Test% | Accuracy: 94.27%/40.62% | Precision: 94.73%/40.18% | Recall: 94.30%/40.45% | F1: 94.26%/40.10% | Time: fit=001s, train=000s, test=000s, total=001s
Epoch  88: Train%/Test% | Accuracy: 95.83%/38.54% | Precision: 96.06%/38.48% | Recall: 95.85%/38.49% | F1: 95.83%/38.48% | Time: fit=001s, train=000s, test=000s, total=002s
Epoch  89: Train%/Test% | Accuracy: 95.05%/39.58% | Precision: 95.39%/39.48% | Recall: 95.08%/39.51% | F1: 95.04%/39.48% | Time: fit=001s, train=000s, test=000s, total=002s
Epoch  90: Train%/Test% | Accuracy: 94.53%/41.67% | Precision: 94.95%/41.33% | Recall: 94.56%/41.51% | F1: 94.52%/41.26% | Time: fit=001s, train=000s, test=000s, total=002s
Epoch  91: Train%/Test% | Accuracy: 93.75%/41.67% | Precision: 94.42%/40.70% | Recall: 93.78%/41.38% | F1: 93.73%/40.40% | Time: fit=001s, train=000s, test=000s, total=002s
Epoch  92: Train%/Test% | Accuracy: 94.53%/41.67% | Precision: 95.05%/40.95% | Recall: 94.56%/41.42% | F1: 94.52%/40.74% | Time: fit=001s, train=000s, test=000s, total=001s
Epoch  93: Train%/Test% | Accuracy: 94.79%/43.75% | Precision: 95.26%/43.15% | Recall: 94.82%/43.51% | F1: 94.78%/42.86% | Time: fit=001s, train=000s, test=000s, total=002s
Epoch  94: Train%/Test% | Accuracy: 95.31%/43.75% | Precision: 95.61%/43.32% | Recall: 95.33%/43.55% | F1: 95.31%/43.13% | Time: fit=001s, train=000s, test=000s, total=002s
Epoch  95: Train%/Test% | Accuracy: 95.31%/42.71% | Precision: 95.61%/42.32% | Recall: 95.33%/42.53% | F1: 95.31%/42.20% | Time: fit=001s, train=000s, test=000s, total=002s
Epoch  96: Train%/Test% | Accuracy: 95.57%/43.75% | Precision: 95.71%/43.57% | Recall: 95.59%/43.64% | F1: 95.57%/43.53% | Time: fit=001s, train=000s, test=000s, total=001s
Epoch  97: Train%/Test% | Accuracy: 96.09%/40.62% | Precision: 96.18%/40.47% | Recall: 96.11%/40.53% | F1: 96.09%/40.46% | Time: fit=001s, train=000s, test=000s, total=002s
Epoch  98: Train%/Test% | Accuracy: 96.09%/43.75% | Precision: 96.18%/43.79% | Recall: 96.11%/43.81% | F1: 96.09%/43.73% | Time: fit=001s, train=000s, test=000s, total=001s
Epoch  99: Train%/Test% | Accuracy: 96.35%/42.71% | Precision: 96.52%/42.71% | Recall: 96.37%/42.71% | F1: 96.35%/42.70% | Time: fit=001s, train=000s, test=000s, total=001s
Epoch 100: Train%/Test% | Accuracy: 96.88%/43.75% | Precision: 96.95%/43.79% | Recall: 96.89%/43.81% | F1: 96.87%/43.73% | Time: fit=001s, train=000s, test=000s, total=001s
Epoch 101: Train%/Test% | Accuracy: 96.61%/40.62% | Precision: 96.64%/40.54% | Recall: 96.62%/40.79% | F1: 96.61%/40.31% | Time: fit=001s, train=000s, test=000s, total=001s
Epoch 102: Train%/Test% | Accuracy: 95.83%/41.67% | Precision: 95.95%/41.64% | Recall: 95.85%/41.64% | F1: 95.83%/41.64% | Time: fit=001s, train=000s, test=000s, total=001s
Epoch 103: Train%/Test% | Accuracy: 96.35%/41.67% | Precision: 96.47%/41.57% | Recall: 96.37%/41.60% | F1: 96.35%/41.57% | Time: fit=001s, train=000s, test=000s, total=001s
Epoch 104: Train%/Test% | Accuracy: 96.61%/45.83% | Precision: 96.64%/45.85% | Recall: 96.62%/45.85% | F1: 96.61%/45.83% | Time: fit=001s, train=000s, test=000s, total=002s
Epoch 105: Train%/Test% | Accuracy: 96.35%/41.67% | Precision: 96.52%/41.33% | Recall: 96.37%/41.51% | F1: 96.35%/41.26% | Time: fit=002s, train=000s, test=000s, total=002s
Epoch 106: Train%/Test% | Accuracy: 96.09%/39.58% | Precision: 96.23%/39.36% | Recall: 96.11%/39.47% | F1: 96.09%/39.35% | Time: fit=001s, train=000s, test=000s, total=002s
Epoch 107: Train%/Test% | Accuracy: 96.09%/42.71% | Precision: 96.29%/42.32% | Recall: 96.11%/42.53% | F1: 96.09%/42.20% | Time: fit=001s, train=000s, test=000s, total=002s
Epoch 108: Train%/Test% | Accuracy: 96.35%/42.71% | Precision: 96.52%/41.94% | Recall: 96.37%/42.44% | F1: 96.35%/41.64% | Time: fit=001s, train=000s, test=000s, total=002s
Epoch 109: Train%/Test% | Accuracy: 95.57%/41.67% | Precision: 95.77%/41.33% | Recall: 95.59%/41.51% | F1: 95.57%/41.26% | Time: fit=001s, train=000s, test=000s, total=001s
Epoch 110: Train%/Test% | Accuracy: 96.35%/41.67% | Precision: 96.47%/41.16% | Recall: 96.37%/41.47% | F1: 96.35%/41.03% | Time: fit=001s, train=000s, test=000s, total=001s
Epoch 111: Train%/Test% | Accuracy: 96.88%/40.62% | Precision: 96.91%/40.47% | Recall: 96.88%/40.53% | F1: 96.87%/40.46% | Time: fit=001s, train=000s, test=000s, total=001s
Epoch 112: Train%/Test% | Accuracy: 96.35%/39.58% | Precision: 96.52%/39.36% | Recall: 96.37%/39.47% | F1: 96.35%/39.35% | Time: fit=001s, train=000s, test=000s, total=001s
Epoch 113: Train%/Test% | Accuracy: 95.83%/43.75% | Precision: 96.06%/43.32% | Recall: 95.85%/43.55% | F1: 95.83%/43.13% | Time: fit=001s, train=000s, test=000s, total=001s
Epoch 114: Train%/Test% | Accuracy: 94.79%/45.83% | Precision: 95.17%/45.48% | Recall: 94.82%/45.64% | F1: 94.78%/45.24% | Time: fit=001s, train=000s, test=000s, total=001s
Epoch 115: Train%/Test% | Accuracy: 96.35%/41.67% | Precision: 96.47%/41.57% | Recall: 96.37%/41.60% | F1: 96.35%/41.57% | Time: fit=001s, train=000s, test=000s, total=001s
Epoch 116: Train%/Test% | Accuracy: 94.79%/45.83% | Precision: 95.26%/45.35% | Recall: 94.82%/45.59% | F1: 94.78%/44.97% | Time: fit=001s, train=000s, test=000s, total=002s
Epoch 117: Train%/Test% | Accuracy: 95.05%/45.83% | Precision: 95.39%/45.35% | Recall: 95.08%/45.59% | F1: 95.04%/44.97% | Time: fit=001s, train=000s, test=000s, total=001s
Epoch 118: Train%/Test% | Accuracy: 95.31%/44.79% | Precision: 95.69%/44.17% | Recall: 95.34%/44.53% | F1: 95.30%/43.76% | Time: fit=001s, train=000s, test=000s, total=001s
Epoch 119: Train%/Test% | Accuracy: 95.31%/44.79% | Precision: 95.61%/44.17% | Recall: 95.33%/44.53% | F1: 95.31%/43.76% | Time: fit=001s, train=000s, test=000s, total=001s
Epoch 120: Train%/Test% | Accuracy: 94.79%/44.79% | Precision: 95.17%/44.17% | Recall: 94.82%/44.53% | F1: 94.78%/43.76% | Time: fit=001s, train=000s, test=000s, total=002s
Epoch 121: Train%/Test% | Accuracy: 95.31%/42.71% | Precision: 95.61%/42.15% | Recall: 95.33%/42.49% | F1: 95.31%/41.95% | Time: fit=001s, train=000s, test=000s, total=002s
Epoch 122: Train%/Test% | Accuracy: 94.53%/44.79% | Precision: 95.05%/44.17% | Recall: 94.56%/44.53% | F1: 94.52%/43.76% | Time: fit=001s, train=000s, test=000s, total=001s
Epoch 123: Train%/Test% | Accuracy: 95.57%/41.67% | Precision: 95.84%/41.47% | Recall: 95.59%/41.55% | F1: 95.57%/41.44% | Time: fit=001s, train=000s, test=000s, total=001s
Epoch 124: Train%/Test% | Accuracy: 95.83%/43.75% | Precision: 96.06%/43.57% | Recall: 95.85%/43.64% | F1: 95.83%/43.53% | Time: fit=001s, train=000s, test=000s, total=001s
Epoch 125: Train%/Test% | Accuracy: 96.88%/41.67% | Precision: 96.99%/41.57% | Recall: 96.89%/41.60% | F1: 96.87%/41.57% | Time: fit=001s, train=000s, test=000s, total=001s
Epoch 126: Train%/Test% | Accuracy: 97.92%/40.62% | Precision: 97.93%/40.65% | Recall: 97.92%/40.66% | F1: 97.92%/40.62% | Time: fit=001s, train=000s, test=000s, total=002s
Epoch 127: Train%/Test% | Accuracy: 97.92%/38.54% | Precision: 97.92%/38.57% | Recall: 97.92%/38.58% | F1: 97.92%/38.53% | Time: fit=001s, train=000s, test=000s, total=002s
Epoch 128: Train%/Test% | Accuracy: 97.14%/38.54% | Precision: 97.23%/38.54% | Recall: 97.15%/38.54% | F1: 97.13%/38.53% | Time: fit=001s, train=000s, test=000s, total=001s
Epoch 129: Train%/Test% | Accuracy: 96.61%/39.58% | Precision: 96.75%/39.20% | Recall: 96.63%/39.43% | F1: 96.61%/39.16% | Time: fit=001s, train=000s, test=000s, total=001s
Epoch 130: Train%/Test% | Accuracy: 96.35%/42.71% | Precision: 96.52%/42.15% | Recall: 96.37%/42.49% | F1: 96.35%/41.95% | Time: fit=001s, train=000s, test=000s, total=001s
Epoch 131: Train%/Test% | Accuracy: 96.35%/38.54% | Precision: 96.52%/38.37% | Recall: 96.37%/38.45% | F1: 96.35%/38.37% | Time: fit=001s, train=000s, test=000s, total=001s
Epoch 132: Train%/Test% | Accuracy: 97.14%/39.58% | Precision: 97.23%/39.48% | Recall: 97.15%/39.51% | F1: 97.13%/39.48% | Time: fit=001s, train=000s, test=000s, total=001s
Epoch 133: Train%/Test% | Accuracy: 96.88%/39.58% | Precision: 96.99%/39.48% | Recall: 96.89%/39.51% | F1: 96.87%/39.48% | Time: fit=001s, train=000s, test=000s, total=001s
Epoch 134: Train%/Test% | Accuracy: 96.61%/40.62% | Precision: 96.75%/40.34% | Recall: 96.63%/40.49% | F1: 96.61%/40.31% | Time: fit=001s, train=000s, test=000s, total=001s
Epoch 135: Train%/Test% | Accuracy: 97.66%/39.58% | Precision: 97.71%/39.48% | Recall: 97.67%/39.51% | F1: 97.66%/39.48% | Time: fit=001s, train=000s, test=000s, total=001s
Epoch 136: Train%/Test% | Accuracy: 97.40%/40.62% | Precision: 97.47%/40.47% | Recall: 97.41%/40.53% | F1: 97.40%/40.46% | Time: fit=001s, train=000s, test=000s, total=001s
Epoch 137: Train%/Test% | Accuracy: 97.92%/40.62% | Precision: 97.96%/40.47% | Recall: 97.92%/40.53% | F1: 97.92%/40.46% | Time: fit=001s, train=000s, test=000s, total=001s
Epoch 138: Train%/Test% | Accuracy: 98.18%/41.67% | Precision: 98.20%/41.57% | Recall: 98.18%/41.60% | F1: 98.18%/41.57% | Time: fit=001s, train=000s, test=000s, total=001s
Epoch 139: Train%/Test% | Accuracy: 96.35%/42.71% | Precision: 96.52%/42.32% | Recall: 96.37%/42.53% | F1: 96.35%/42.20% | Time: fit=001s, train=000s, test=000s, total=001s
Epoch 140: Train%/Test% | Accuracy: 97.92%/41.67% | Precision: 97.96%/41.47% | Recall: 97.92%/41.55% | F1: 97.92%/41.44% | Time: fit=001s, train=000s, test=000s, total=001s
Epoch 141: Train%/Test% | Accuracy: 97.66%/41.67% | Precision: 97.71%/41.47% | Recall: 97.67%/41.55% | F1: 97.66%/41.44% | Time: fit=001s, train=000s, test=000s, total=002s
Epoch 142: Train%/Test% | Accuracy: 97.92%/40.62% | Precision: 97.96%/40.47% | Recall: 97.92%/40.53% | F1: 97.92%/40.46% | Time: fit=001s, train=000s, test=000s, total=001s
Epoch 143: Train%/Test% | Accuracy: 97.14%/41.67% | Precision: 97.23%/41.33% | Recall: 97.15%/41.51% | F1: 97.13%/41.26% | Time: fit=001s, train=000s, test=000s, total=001s
Epoch 144: Train%/Test% | Accuracy: 97.66%/41.67% | Precision: 97.71%/41.47% | Recall: 97.67%/41.55% | F1: 97.66%/41.44% | Time: fit=001s, train=000s, test=000s, total=001s
Epoch 145: Train%/Test% | Accuracy: 97.40%/40.62% | Precision: 97.47%/40.34% | Recall: 97.41%/40.49% | F1: 97.40%/40.31% | Time: fit=001s, train=000s, test=000s, total=001s
Epoch 146: Train%/Test% | Accuracy: 98.44%/40.62% | Precision: 98.45%/40.57% | Recall: 98.44%/40.58% | F1: 98.44%/40.57% | Time: fit=001s, train=000s, test=000s, total=001s
Epoch 147: Train%/Test% | Accuracy: 98.18%/39.58% | Precision: 98.20%/39.36% | Recall: 98.18%/39.47% | F1: 98.18%/39.35% | Time: fit=001s, train=000s, test=000s, total=001s
Epoch 148: Train%/Test% | Accuracy: 98.18%/40.62% | Precision: 98.20%/40.34% | Recall: 98.18%/40.49% | F1: 98.18%/40.31% | Time: fit=001s, train=000s, test=000s, total=001s
Epoch 149: Train%/Test% | Accuracy: 98.18%/39.58% | Precision: 98.20%/39.48% | Recall: 98.18%/39.51% | F1: 98.18%/39.48% | Time: fit=001s, train=000s, test=000s, total=001s
Epoch 150: Train%/Test% | Accuracy: 97.66%/40.62% | Precision: 97.71%/40.34% | Recall: 97.67%/40.49% | F1: 97.66%/40.31% | Time: fit=001s, train=000s, test=000s, total=001s
