[nltk_data] Downloading package wordnet to /home/bjorvl16/nltk_data...
[nltk_data]   Package wordnet is already up-to-date!
[nltk_data] Downloading package stopwords to
[nltk_data]     /home/bjorvl16/nltk_data...
[nltk_data]   Package stopwords is already up-to-date!
[*] Load dataset...
[*] Fix malformed data...
[*] Split...
[*] Encoding...
[*] Encoding feature: text... 464
==============================
Using GPU for training
Dataset: FakeNewsNet-politifact
TMU params: num-clauses=5000, T=150, s=15.0
Epochs: 150
Feature(s): text
max-vocab=15000, max-domain=500, max-tweet=500
====================
Train size: 844
Train classes: 2
Test size: 212
Test classes: 2
Total features: 464
==============================
[*] Training for 150 epochs...
Epoch   1: Train%/Test% | Accuracy: 58.06%/63.21% | Precision: 29.03%/31.60% | Recall: 50.00%/50.00% | F1: 36.73%/38.73% | Time: fit=004s, train=000s, test=000s, total=005s
Epoch   2: Train%/Test% | Accuracy: 59.83%/63.68% | Precision: 79.55%/81.75% | Recall: 52.12%/50.64% | F1: 41.21%/40.11% | Time: fit=002s, train=000s, test=000s, total=003s
Epoch   3: Train%/Test% | Accuracy: 63.03%/64.15% | Precision: 78.40%/81.90% | Recall: 56.01%/51.28% | F1: 48.89%/41.45% | Time: fit=002s, train=000s, test=000s, total=003s
Epoch   4: Train%/Test% | Accuracy: 69.43%/67.45% | Precision: 78.01%/69.22% | Recall: 64.03%/57.38% | F1: 62.16%/54.54% | Time: fit=002s, train=000s, test=000s, total=003s
Epoch   5: Train%/Test% | Accuracy: 70.02%/67.92% | Precision: 78.44%/70.05% | Recall: 64.74%/58.02% | F1: 63.13%/55.51% | Time: fit=002s, train=000s, test=000s, total=003s
Epoch   6: Train%/Test% | Accuracy: 70.62%/67.92% | Precision: 78.86%/70.05% | Recall: 65.44%/58.02% | F1: 64.08%/55.51% | Time: fit=002s, train=000s, test=000s, total=003s
Epoch   7: Train%/Test% | Accuracy: 72.99%/69.34% | Precision: 80.19%/71.36% | Recall: 68.31%/60.21% | F1: 67.83%/58.86% | Time: fit=002s, train=000s, test=000s, total=003s
Epoch   8: Train%/Test% | Accuracy: 74.05%/71.23% | Precision: 80.65%/73.79% | Recall: 69.62%/62.77% | F1: 69.47%/62.34% | Time: fit=002s, train=000s, test=000s, total=003s
Epoch   9: Train%/Test% | Accuracy: 79.62%/74.06% | Precision: 84.21%/76.16% | Recall: 76.26%/66.89% | F1: 77.10%/67.54% | Time: fit=002s, train=000s, test=000s, total=003s
Epoch  10: Train%/Test% | Accuracy: 74.41%/69.81% | Precision: 80.89%/71.28% | Recall: 70.04%/61.12% | F1: 69.98%/60.24% | Time: fit=002s, train=000s, test=000s, total=003s
Epoch  11: Train%/Test% | Accuracy: 75.00%/70.28% | Precision: 81.06%/71.90% | Recall: 70.79%/61.76% | F1: 70.89%/61.10% | Time: fit=002s, train=000s, test=000s, total=003s
Epoch  12: Train%/Test% | Accuracy: 75.83%/70.28% | Precision: 81.60%/71.90% | Recall: 71.77%/61.76% | F1: 72.06%/61.10% | Time: fit=002s, train=000s, test=000s, total=003s
Epoch  13: Train%/Test% | Accuracy: 73.46%/69.34% | Precision: 80.50%/72.22% | Recall: 68.87%/59.94% | F1: 68.53%/58.32% | Time: fit=002s, train=000s, test=000s, total=003s
Epoch  14: Train%/Test% | Accuracy: 73.93%/68.40% | Precision: 80.81%/69.24% | Recall: 69.44%/59.19% | F1: 69.23%/57.59% | Time: fit=002s, train=000s, test=000s, total=003s
Epoch  15: Train%/Test% | Accuracy: 74.41%/69.81% | Precision: 80.89%/71.28% | Recall: 70.04%/61.12% | F1: 69.98%/60.24% | Time: fit=002s, train=000s, test=000s, total=003s
Epoch  16: Train%/Test% | Accuracy: 77.25%/71.70% | Precision: 82.52%/73.63% | Recall: 73.47%/63.68% | F1: 74.01%/63.60% | Time: fit=002s, train=000s, test=000s, total=003s
Epoch  17: Train%/Test% | Accuracy: 82.70%/75.47% | Precision: 84.73%/75.65% | Recall: 80.40%/69.88% | F1: 81.31%/70.90% | Time: fit=002s, train=000s, test=000s, total=003s
Epoch  18: Train%/Test% | Accuracy: 84.12%/75.47% | Precision: 84.96%/74.75% | Recall: 82.48%/70.69% | F1: 83.20%/71.63% | Time: fit=002s, train=000s, test=000s, total=003s
Epoch  19: Train%/Test% | Accuracy: 81.75%/75.00% | Precision: 84.37%/75.57% | Recall: 79.15%/68.97% | F1: 80.09%/69.94% | Time: fit=002s, train=000s, test=000s, total=003s
Epoch  20: Train%/Test% | Accuracy: 85.31%/80.19% | Precision: 85.39%/79.85% | Recall: 84.29%/76.56% | F1: 84.70%/77.61% | Time: fit=002s, train=000s, test=000s, total=003s
Epoch  21: Train%/Test% | Accuracy: 82.58%/75.00% | Precision: 84.54%/75.18% | Recall: 80.30%/69.24% | F1: 81.20%/70.21% | Time: fit=002s, train=000s, test=000s, total=003s
Epoch  22: Train%/Test% | Accuracy: 82.58%/75.00% | Precision: 84.74%/75.57% | Recall: 80.22%/68.97% | F1: 81.15%/69.94% | Time: fit=002s, train=000s, test=000s, total=003s
Epoch  23: Train%/Test% | Accuracy: 85.55%/78.77% | Precision: 85.59%/77.83% | Recall: 84.57%/75.44% | F1: 84.96%/76.26% | Time: fit=002s, train=000s, test=000s, total=003s
Epoch  24: Train%/Test% | Accuracy: 81.52%/74.53% | Precision: 84.45%/75.09% | Recall: 78.79%/68.33% | F1: 79.74%/69.23% | Time: fit=002s, train=000s, test=000s, total=003s
Epoch  25: Train%/Test% | Accuracy: 84.83%/76.89% | Precision: 85.29%/76.18% | Recall: 83.49%/72.61% | F1: 84.08%/73.58% | Time: fit=002s, train=000s, test=000s, total=003s
Epoch  26: Train%/Test% | Accuracy: 85.43%/77.36% | Precision: 85.33%/76.09% | Recall: 84.59%/74.05% | F1: 84.89%/74.76% | Time: fit=002s, train=000s, test=000s, total=003s
Epoch  27: Train%/Test% | Accuracy: 85.66%/77.36% | Precision: 85.62%/76.09% | Recall: 84.79%/74.05% | F1: 85.12%/74.76% | Time: fit=002s, train=000s, test=000s, total=003s
Epoch  28: Train%/Test% | Accuracy: 85.66%/77.36% | Precision: 85.79%/76.25% | Recall: 84.63%/73.78% | F1: 85.06%/74.59% | Time: fit=002s, train=000s, test=000s, total=003s
Epoch  29: Train%/Test% | Accuracy: 85.31%/76.89% | Precision: 85.48%/75.77% | Recall: 84.21%/73.14% | F1: 84.67%/73.97% | Time: fit=002s, train=000s, test=000s, total=003s
Epoch  30: Train%/Test% | Accuracy: 83.77%/75.47% | Precision: 83.68%/74.62% | Recall: 84.57%/76.31% | F1: 83.65%/74.74% | Time: fit=002s, train=000s, test=000s, total=003s
Epoch  31: Train%/Test% | Accuracy: 85.90%/77.36% | Precision: 85.79%/76.09% | Recall: 85.11%/74.05% | F1: 85.40%/74.76% | Time: fit=002s, train=000s, test=000s, total=003s
Epoch  32: Train%/Test% | Accuracy: 85.55%/77.83% | Precision: 86.05%/76.90% | Recall: 84.22%/74.16% | F1: 84.82%/75.03% | Time: fit=002s, train=000s, test=000s, total=003s
Epoch  33: Train%/Test% | Accuracy: 85.90%/76.42% | Precision: 86.60%/75.48% | Recall: 84.49%/72.23% | F1: 85.16%/73.14% | Time: fit=002s, train=000s, test=000s, total=003s
Epoch  34: Train%/Test% | Accuracy: 85.66%/76.89% | Precision: 86.04%/75.96% | Recall: 84.44%/72.88% | F1: 84.99%/73.78% | Time: fit=002s, train=000s, test=000s, total=003s
Epoch  35: Train%/Test% | Accuracy: 86.02%/78.77% | Precision: 85.81%/77.40% | Recall: 85.37%/76.24% | F1: 85.56%/76.72% | Time: fit=002s, train=000s, test=000s, total=003s
Epoch  36: Train%/Test% | Accuracy: 86.97%/77.83% | Precision: 86.93%/76.44% | Recall: 86.19%/74.96% | F1: 86.49%/75.53% | Time: fit=002s, train=000s, test=000s, total=003s
Epoch  37: Train%/Test% | Accuracy: 86.73%/77.36% | Precision: 86.58%/75.77% | Recall: 86.06%/74.86% | F1: 86.29%/75.24% | Time: fit=002s, train=000s, test=000s, total=003s
Epoch  38: Train%/Test% | Accuracy: 86.37%/78.30% | Precision: 86.04%/76.70% | Recall: 85.95%/76.41% | F1: 85.99%/76.55% | Time: fit=002s, train=000s, test=000s, total=003s
Epoch  39: Train%/Test% | Accuracy: 86.97%/77.36% | Precision: 86.86%/75.86% | Recall: 86.27%/74.59% | F1: 86.52%/75.09% | Time: fit=002s, train=000s, test=000s, total=003s
Epoch  40: Train%/Test% | Accuracy: 86.97%/77.36% | Precision: 86.64%/75.71% | Recall: 86.58%/75.12% | F1: 86.61%/75.39% | Time: fit=002s, train=000s, test=000s, total=003s
Epoch  41: Train%/Test% | Accuracy: 86.85%/77.36% | Precision: 86.46%/75.68% | Recall: 86.60%/75.39% | F1: 86.52%/75.53% | Time: fit=002s, train=000s, test=000s, total=003s
Epoch  42: Train%/Test% | Accuracy: 84.12%/76.89% | Precision: 84.02%/76.53% | Recall: 84.92%/78.50% | F1: 84.00%/76.38% | Time: fit=002s, train=000s, test=000s, total=003s
Epoch  43: Train%/Test% | Accuracy: 84.24%/75.47% | Precision: 84.09%/74.80% | Recall: 84.98%/76.58% | F1: 84.11%/74.82% | Time: fit=002s, train=000s, test=000s, total=003s
Epoch  44: Train%/Test% | Accuracy: 86.61%/77.83% | Precision: 86.26%/76.18% | Recall: 86.23%/76.03% | F1: 86.25%/76.10% | Time: fit=002s, train=000s, test=000s, total=003s
Epoch  45: Train%/Test% | Accuracy: 86.73%/76.89% | Precision: 86.36%/75.16% | Recall: 86.42%/75.02% | F1: 86.39%/75.09% | Time: fit=002s, train=000s, test=000s, total=003s
Epoch  46: Train%/Test% | Accuracy: 86.97%/77.36% | Precision: 86.66%/75.77% | Recall: 86.54%/74.86% | F1: 86.60%/75.24% | Time: fit=002s, train=000s, test=000s, total=003s
Epoch  47: Train%/Test% | Accuracy: 86.73%/77.36% | Precision: 86.39%/75.77% | Recall: 86.34%/74.86% | F1: 86.37%/75.24% | Time: fit=002s, train=000s, test=000s, total=003s
Epoch  48: Train%/Test% | Accuracy: 87.09%/76.89% | Precision: 86.87%/75.28% | Recall: 86.53%/74.22% | F1: 86.68%/74.65% | Time: fit=002s, train=000s, test=000s, total=003s
Epoch  49: Train%/Test% | Accuracy: 87.56%/78.30% | Precision: 87.57%/76.92% | Recall: 86.78%/75.60% | F1: 87.10%/76.13% | Time: fit=002s, train=000s, test=000s, total=003s
Epoch  50: Train%/Test% | Accuracy: 88.27%/78.77% | Precision: 88.31%/77.66% | Recall: 87.51%/75.71% | F1: 87.84%/76.42% | Time: fit=002s, train=000s, test=000s, total=003s
Epoch  51: Train%/Test% | Accuracy: 87.20%/77.83% | Precision: 88.13%/77.11% | Recall: 85.77%/73.89% | F1: 86.51%/74.85% | Time: fit=002s, train=000s, test=000s, total=003s
Epoch  52: Train%/Test% | Accuracy: 87.44%/77.83% | Precision: 88.46%/77.11% | Recall: 85.97%/73.89% | F1: 86.74%/74.85% | Time: fit=002s, train=000s, test=000s, total=003s
Epoch  53: Train%/Test% | Accuracy: 87.56%/79.25% | Precision: 87.53%/77.99% | Recall: 86.82%/76.62% | F1: 87.11%/77.16% | Time: fit=002s, train=000s, test=000s, total=003s
Epoch  54: Train%/Test% | Accuracy: 86.37%/75.94% | Precision: 86.19%/75.38% | Recall: 87.13%/77.22% | F1: 86.25%/75.35% | Time: fit=002s, train=000s, test=000s, total=003s
Epoch  55: Train%/Test% | Accuracy: 84.83%/77.36% | Precision: 84.69%/76.70% | Recall: 85.61%/78.61% | F1: 84.71%/76.76% | Time: fit=002s, train=000s, test=000s, total=003s
Epoch  56: Train%/Test% | Accuracy: 85.43%/77.36% | Precision: 85.30%/76.70% | Recall: 86.23%/78.61% | F1: 85.31%/76.76% | Time: fit=002s, train=000s, test=000s, total=003s
Epoch  57: Train%/Test% | Accuracy: 75.71%/67.45% | Precision: 79.78%/72.26% | Recall: 78.53%/72.38% | F1: 75.65%/67.45% | Time: fit=002s, train=000s, test=000s, total=003s
Epoch  58: Train%/Test% | Accuracy: 75.36%/67.45% | Precision: 79.82%/72.77% | Recall: 78.31%/72.65% | F1: 75.28%/67.45% | Time: fit=002s, train=000s, test=000s, total=003s
Epoch  59: Train%/Test% | Accuracy: 75.71%/67.45% | Precision: 79.90%/72.77% | Recall: 78.57%/72.65% | F1: 75.65%/67.45% | Time: fit=002s, train=000s, test=000s, total=003s
Epoch  60: Train%/Test% | Accuracy: 75.59%/67.45% | Precision: 79.71%/72.77% | Recall: 78.43%/72.65% | F1: 75.53%/67.45% | Time: fit=002s, train=000s, test=000s, total=003s
Epoch  61: Train%/Test% | Accuracy: 75.95%/68.87% | Precision: 80.28%/74.57% | Recall: 78.85%/74.30% | F1: 75.88%/68.87% | Time: fit=002s, train=000s, test=000s, total=003s
Epoch  62: Train%/Test% | Accuracy: 76.66%/68.87% | Precision: 80.67%/73.52% | Recall: 79.47%/73.77% | F1: 76.61%/68.87% | Time: fit=002s, train=000s, test=000s, total=003s
Epoch  63: Train%/Test% | Accuracy: 84.72%/75.47% | Precision: 84.56%/75.01% | Recall: 85.46%/76.85% | F1: 84.59%/74.90% | Time: fit=002s, train=000s, test=000s, total=003s
Epoch  64: Train%/Test% | Accuracy: 85.19%/75.47% | Precision: 85.03%/74.80% | Recall: 85.95%/76.58% | F1: 85.07%/74.82% | Time: fit=002s, train=000s, test=000s, total=003s
Epoch  65: Train%/Test% | Accuracy: 87.32%/77.36% | Precision: 87.11%/75.71% | Recall: 86.77%/75.12% | F1: 86.93%/75.39% | Time: fit=002s, train=000s, test=000s, total=003s
Epoch  66: Train%/Test% | Accuracy: 87.68%/78.30% | Precision: 87.56%/76.83% | Recall: 87.04%/75.87% | F1: 87.26%/76.27% | Time: fit=002s, train=000s, test=000s, total=003s
Epoch  67: Train%/Test% | Accuracy: 87.20%/76.89% | Precision: 86.95%/75.22% | Recall: 86.71%/74.48% | F1: 86.82%/74.80% | Time: fit=002s, train=000s, test=000s, total=003s
Epoch  68: Train%/Test% | Accuracy: 87.44%/76.42% | Precision: 87.25%/74.72% | Recall: 86.87%/73.84% | F1: 87.04%/74.21% | Time: fit=002s, train=000s, test=000s, total=003s
Epoch  69: Train%/Test% | Accuracy: 86.73%/76.42% | Precision: 86.42%/74.65% | Recall: 86.30%/74.38% | F1: 86.35%/74.51% | Time: fit=002s, train=000s, test=000s, total=003s
Epoch  70: Train%/Test% | Accuracy: 86.85%/77.36% | Precision: 86.49%/75.66% | Recall: 86.52%/75.66% | F1: 86.50%/75.66% | Time: fit=002s, train=000s, test=000s, total=003s
Epoch  71: Train%/Test% | Accuracy: 88.03%/77.36% | Precision: 87.75%/75.66% | Recall: 87.66%/75.66% | F1: 87.70%/75.66% | Time: fit=002s, train=000s, test=000s, total=003s
Epoch  72: Train%/Test% | Accuracy: 87.68%/79.25% | Precision: 87.44%/77.73% | Recall: 87.19%/77.42% | F1: 87.31%/77.57% | Time: fit=002s, train=000s, test=000s, total=003s
Epoch  73: Train%/Test% | Accuracy: 87.56%/79.72% | Precision: 87.28%/78.22% | Recall: 87.13%/78.06% | F1: 87.20%/78.14% | Time: fit=002s, train=000s, test=000s, total=003s
Epoch  74: Train%/Test% | Accuracy: 87.44%/78.77% | Precision: 87.15%/77.24% | Recall: 87.03%/76.78% | F1: 87.09%/76.99% | Time: fit=002s, train=000s, test=000s, total=003s
Epoch  75: Train%/Test% | Accuracy: 87.91%/79.25% | Precision: 87.71%/77.73% | Recall: 87.40%/77.42% | F1: 87.54%/77.57% | Time: fit=002s, train=000s, test=000s, total=003s
Epoch  76: Train%/Test% | Accuracy: 88.03%/79.72% | Precision: 87.82%/78.27% | Recall: 87.54%/77.79% | F1: 87.67%/78.01% | Time: fit=002s, train=000s, test=000s, total=003s
Epoch  77: Train%/Test% | Accuracy: 87.91%/78.30% | Precision: 87.69%/76.68% | Recall: 87.44%/77.21% | F1: 87.55%/76.91% | Time: fit=002s, train=000s, test=000s, total=003s
Epoch  78: Train%/Test% | Accuracy: 86.02%/76.42% | Precision: 85.76%/76.18% | Recall: 86.67%/78.13% | F1: 85.88%/75.93% | Time: fit=002s, train=000s, test=000s, total=003s
Epoch  79: Train%/Test% | Accuracy: 85.66%/75.47% | Precision: 85.51%/75.23% | Recall: 86.44%/77.11% | F1: 85.54%/74.97% | Time: fit=002s, train=000s, test=000s, total=003s
Epoch  80: Train%/Test% | Accuracy: 85.55%/76.89% | Precision: 85.41%/76.53% | Recall: 86.34%/78.50% | F1: 85.43%/76.38% | Time: fit=002s, train=000s, test=000s, total=003s
Epoch  81: Train%/Test% | Accuracy: 85.31%/77.83% | Precision: 85.17%/77.48% | Recall: 86.09%/79.52% | F1: 85.19%/77.35% | Time: fit=002s, train=000s, test=000s, total=003s
Epoch  82: Train%/Test% | Accuracy: 85.55%/76.89% | Precision: 85.41%/76.32% | Recall: 86.34%/78.23% | F1: 85.43%/76.31% | Time: fit=002s, train=000s, test=000s, total=003s
Epoch  83: Train%/Test% | Accuracy: 85.66%/76.42% | Precision: 85.45%/76.18% | Recall: 86.36%/78.13% | F1: 85.53%/75.93% | Time: fit=002s, train=000s, test=000s, total=003s
Epoch  84: Train%/Test% | Accuracy: 84.83%/75.94% | Precision: 84.76%/75.59% | Recall: 85.68%/77.49% | F1: 84.72%/75.42% | Time: fit=002s, train=000s, test=000s, total=003s
Epoch  85: Train%/Test% | Accuracy: 84.83%/75.47% | Precision: 84.80%/75.23% | Recall: 85.72%/77.11% | F1: 84.73%/74.97% | Time: fit=002s, train=000s, test=000s, total=003s
Epoch  86: Train%/Test% | Accuracy: 84.24%/75.47% | Precision: 84.22%/75.47% | Recall: 85.13%/77.38% | F1: 84.14%/75.04% | Time: fit=002s, train=000s, test=000s, total=003s
Epoch  87: Train%/Test% | Accuracy: 84.83%/75.94% | Precision: 84.80%/75.59% | Recall: 85.72%/77.49% | F1: 84.73%/75.42% | Time: fit=002s, train=000s, test=000s, total=003s
Epoch  88: Train%/Test% | Accuracy: 84.48%/76.89% | Precision: 84.42%/76.76% | Recall: 85.34%/78.77% | F1: 84.37%/76.45% | Time: fit=002s, train=000s, test=000s, total=003s
Epoch  89: Train%/Test% | Accuracy: 85.19%/76.42% | Precision: 85.10%/76.42% | Recall: 86.03%/78.40% | F1: 85.08%/76.00% | Time: fit=002s, train=000s, test=000s, total=003s
Epoch  90: Train%/Test% | Accuracy: 84.72%/76.89% | Precision: 84.66%/77.28% | Recall: 85.58%/79.31% | F1: 84.61%/76.56% | Time: fit=002s, train=000s, test=000s, total=003s
Epoch  91: Train%/Test% | Accuracy: 85.19%/76.89% | Precision: 85.10%/77.01% | Recall: 86.03%/79.04% | F1: 85.08%/76.51% | Time: fit=002s, train=000s, test=000s, total=003s
Epoch  92: Train%/Test% | Accuracy: 85.07%/76.42% | Precision: 84.96%/76.42% | Recall: 85.89%/78.40% | F1: 84.96%/76.00% | Time: fit=002s, train=000s, test=000s, total=003s
Epoch  93: Train%/Test% | Accuracy: 85.31%/77.36% | Precision: 85.14%/77.36% | Recall: 86.05%/79.41% | F1: 85.18%/76.96% | Time: fit=002s, train=000s, test=000s, total=003s
Epoch  94: Train%/Test% | Accuracy: 85.90%/75.94% | Precision: 85.69%/75.82% | Recall: 86.60%/77.76% | F1: 85.77%/75.48% | Time: fit=002s, train=000s, test=000s, total=003s
Epoch  95: Train%/Test% | Accuracy: 85.78%/76.89% | Precision: 85.61%/76.76% | Recall: 86.54%/78.77% | F1: 85.66%/76.45% | Time: fit=002s, train=000s, test=000s, total=003s
Epoch  96: Train%/Test% | Accuracy: 85.78%/77.83% | Precision: 85.55%/77.71% | Recall: 86.46%/79.78% | F1: 85.65%/77.41% | Time: fit=002s, train=000s, test=000s, total=003s
Epoch  97: Train%/Test% | Accuracy: 85.78%/76.42% | Precision: 85.58%/76.42% | Recall: 86.50%/78.40% | F1: 85.65%/76.00% | Time: fit=002s, train=000s, test=000s, total=003s
Epoch  98: Train%/Test% | Accuracy: 85.90%/77.83% | Precision: 85.74%/77.71% | Recall: 86.68%/79.78% | F1: 85.78%/77.41% | Time: fit=002s, train=000s, test=000s, total=003s
Epoch  99: Train%/Test% | Accuracy: 86.14%/79.25% | Precision: 85.92%/78.79% | Recall: 86.85%/80.90% | F1: 86.01%/78.76% | Time: fit=002s, train=000s, test=000s, total=003s
Epoch 100: Train%/Test% | Accuracy: 85.90%/78.77% | Precision: 85.71%/78.21% | Recall: 86.64%/80.26% | F1: 85.78%/78.25% | Time: fit=002s, train=000s, test=000s, total=003s
Epoch 101: Train%/Test% | Accuracy: 85.66%/77.83% | Precision: 85.51%/77.71% | Recall: 86.44%/79.78% | F1: 85.54%/77.41% | Time: fit=002s, train=000s, test=000s, total=003s
Epoch 102: Train%/Test% | Accuracy: 85.66%/78.30% | Precision: 85.54%/77.84% | Recall: 86.48%/79.89% | F1: 85.55%/77.80% | Time: fit=002s, train=000s, test=000s, total=003s
Epoch 103: Train%/Test% | Accuracy: 83.41%/75.94% | Precision: 84.04%/76.93% | Recall: 84.81%/78.83% | F1: 83.37%/75.71% | Time: fit=002s, train=000s, test=000s, total=003s
Epoch 104: Train%/Test% | Accuracy: 85.31%/76.89% | Precision: 85.20%/76.76% | Recall: 86.13%/78.77% | F1: 85.19%/76.45% | Time: fit=002s, train=000s, test=000s, total=003s
Epoch 105: Train%/Test% | Accuracy: 80.33%/73.11% | Precision: 82.13%/75.90% | Recall: 82.32%/77.12% | F1: 80.33%/73.04% | Time: fit=002s, train=000s, test=000s, total=003s
Epoch 106: Train%/Test% | Accuracy: 85.07%/77.83% | Precision: 84.90%/77.48% | Recall: 85.81%/79.52% | F1: 84.94%/77.35% | Time: fit=002s, train=000s, test=000s, total=003s
Epoch 107: Train%/Test% | Accuracy: 84.83%/78.30% | Precision: 84.73%/77.84% | Recall: 85.65%/79.89% | F1: 84.72%/77.80% | Time: fit=002s, train=000s, test=000s, total=003s
Epoch 108: Train%/Test% | Accuracy: 85.19%/79.25% | Precision: 85.10%/79.01% | Recall: 86.03%/81.17% | F1: 85.08%/78.82% | Time: fit=002s, train=000s, test=000s, total=003s
Epoch 109: Train%/Test% | Accuracy: 85.43%/78.77% | Precision: 85.30%/78.65% | Recall: 86.23%/80.80% | F1: 85.31%/78.37% | Time: fit=002s, train=000s, test=000s, total=003s
Epoch 110: Train%/Test% | Accuracy: 85.07%/77.36% | Precision: 85.00%/77.36% | Recall: 85.93%/79.41% | F1: 84.96%/76.96% | Time: fit=002s, train=000s, test=000s, total=003s
Epoch 111: Train%/Test% | Accuracy: 84.72%/76.89% | Precision: 84.66%/76.76% | Recall: 85.58%/78.77% | F1: 84.61%/76.45% | Time: fit=002s, train=000s, test=000s, total=003s
Epoch 112: Train%/Test% | Accuracy: 84.83%/77.36% | Precision: 84.80%/77.12% | Recall: 85.72%/79.14% | F1: 84.73%/76.90% | Time: fit=002s, train=000s, test=000s, total=003s
Epoch 113: Train%/Test% | Accuracy: 84.72%/77.83% | Precision: 84.73%/77.71% | Recall: 85.66%/79.78% | F1: 84.62%/77.41% | Time: fit=002s, train=000s, test=000s, total=003s
Epoch 114: Train%/Test% | Accuracy: 84.83%/77.36% | Precision: 84.83%/77.12% | Recall: 85.76%/79.14% | F1: 84.74%/76.90% | Time: fit=002s, train=000s, test=000s, total=003s
Epoch 115: Train%/Test% | Accuracy: 85.07%/77.36% | Precision: 85.03%/77.12% | Recall: 85.97%/79.14% | F1: 84.97%/76.90% | Time: fit=002s, train=000s, test=000s, total=003s
Epoch 116: Train%/Test% | Accuracy: 85.19%/76.89% | Precision: 85.10%/76.76% | Recall: 86.03%/78.77% | F1: 85.08%/76.45% | Time: fit=002s, train=000s, test=000s, total=003s
Epoch 117: Train%/Test% | Accuracy: 84.95%/76.89% | Precision: 84.90%/76.76% | Recall: 85.83%/78.77% | F1: 84.85%/76.45% | Time: fit=002s, train=000s, test=000s, total=003s
Epoch 118: Train%/Test% | Accuracy: 85.31%/77.36% | Precision: 85.17%/76.90% | Recall: 86.09%/78.87% | F1: 85.19%/76.83% | Time: fit=002s, train=000s, test=000s, total=003s
Epoch 119: Train%/Test% | Accuracy: 85.19%/76.89% | Precision: 85.00%/76.32% | Recall: 85.91%/78.23% | F1: 85.06%/76.31% | Time: fit=002s, train=000s, test=000s, total=003s
Epoch 120: Train%/Test% | Accuracy: 85.66%/75.94% | Precision: 85.51%/75.59% | Recall: 86.44%/77.49% | F1: 85.54%/75.42% | Time: fit=002s, train=000s, test=000s, total=003s
Epoch 121: Train%/Test% | Accuracy: 85.31%/75.94% | Precision: 85.14%/75.82% | Recall: 86.05%/77.76% | F1: 85.18%/75.48% | Time: fit=002s, train=000s, test=000s, total=003s
Epoch 122: Train%/Test% | Accuracy: 85.66%/75.94% | Precision: 85.48%/75.82% | Recall: 86.40%/77.76% | F1: 85.54%/75.48% | Time: fit=002s, train=000s, test=000s, total=003s
Epoch 123: Train%/Test% | Accuracy: 81.04%/71.70% | Precision: 82.77%/73.49% | Recall: 83.01%/74.93% | F1: 81.04%/71.54% | Time: fit=002s, train=000s, test=000s, total=003s
Epoch 124: Train%/Test% | Accuracy: 80.92%/70.75% | Precision: 82.53%/72.54% | Recall: 82.83%/73.92% | F1: 80.92%/70.59% | Time: fit=002s, train=000s, test=000s, total=003s
Epoch 125: Train%/Test% | Accuracy: 85.90%/75.94% | Precision: 85.74%/75.59% | Recall: 86.68%/77.49% | F1: 85.78%/75.42% | Time: fit=002s, train=000s, test=000s, total=003s
Epoch 126: Train%/Test% | Accuracy: 85.78%/76.42% | Precision: 85.61%/75.95% | Recall: 86.54%/77.86% | F1: 85.66%/75.87% | Time: fit=002s, train=000s, test=000s, total=003s
Epoch 127: Train%/Test% | Accuracy: 85.90%/76.42% | Precision: 85.78%/75.95% | Recall: 86.72%/77.86% | F1: 85.79%/75.87% | Time: fit=002s, train=000s, test=000s, total=003s
Epoch 128: Train%/Test% | Accuracy: 85.78%/75.94% | Precision: 85.67%/75.59% | Recall: 86.62%/77.49% | F1: 85.67%/75.42% | Time: fit=002s, train=000s, test=000s, total=003s
Epoch 129: Train%/Test% | Accuracy: 85.78%/75.00% | Precision: 85.71%/74.65% | Recall: 86.66%/76.47% | F1: 85.68%/74.45% | Time: fit=002s, train=000s, test=000s, total=003s
Epoch 130: Train%/Test% | Accuracy: 86.14%/75.94% | Precision: 86.01%/75.38% | Recall: 86.96%/77.22% | F1: 86.03%/75.35% | Time: fit=002s, train=000s, test=000s, total=003s
Epoch 131: Train%/Test% | Accuracy: 86.02%/75.47% | Precision: 85.82%/74.80% | Recall: 86.74%/76.58% | F1: 85.89%/74.82% | Time: fit=002s, train=000s, test=000s, total=003s
Epoch 132: Train%/Test% | Accuracy: 85.66%/76.89% | Precision: 85.48%/76.13% | Recall: 86.40%/77.97% | F1: 85.54%/76.24% | Time: fit=002s, train=000s, test=000s, total=003s
Epoch 133: Train%/Test% | Accuracy: 85.43%/75.47% | Precision: 85.18%/74.80% | Recall: 86.08%/76.58% | F1: 85.28%/74.82% | Time: fit=002s, train=000s, test=000s, total=003s
Epoch 134: Train%/Test% | Accuracy: 85.43%/76.42% | Precision: 85.18%/75.75% | Recall: 86.08%/77.59% | F1: 85.28%/75.79% | Time: fit=002s, train=000s, test=000s, total=003s
Epoch 135: Train%/Test% | Accuracy: 85.55%/76.42% | Precision: 85.27%/75.56% | Recall: 86.14%/77.32% | F1: 85.39%/75.71% | Time: fit=002s, train=000s, test=000s, total=003s
Epoch 136: Train%/Test% | Accuracy: 85.07%/76.89% | Precision: 84.79%/76.13% | Recall: 85.65%/77.97% | F1: 84.91%/76.24% | Time: fit=002s, train=000s, test=000s, total=003s
Epoch 137: Train%/Test% | Accuracy: 85.66%/75.94% | Precision: 85.40%/75.59% | Recall: 86.28%/77.49% | F1: 85.52%/75.42% | Time: fit=002s, train=000s, test=000s, total=003s
Epoch 138: Train%/Test% | Accuracy: 86.02%/75.00% | Precision: 85.82%/74.43% | Recall: 86.74%/76.21% | F1: 85.89%/74.38% | Time: fit=002s, train=000s, test=000s, total=003s
Epoch 139: Train%/Test% | Accuracy: 86.02%/75.94% | Precision: 85.82%/75.38% | Recall: 86.74%/77.22% | F1: 85.89%/75.35% | Time: fit=002s, train=000s, test=000s, total=003s
Epoch 140: Train%/Test% | Accuracy: 85.78%/76.42% | Precision: 85.55%/75.75% | Recall: 86.46%/77.59% | F1: 85.65%/75.79% | Time: fit=002s, train=000s, test=000s, total=003s
Epoch 141: Train%/Test% | Accuracy: 85.90%/76.42% | Precision: 85.69%/75.95% | Recall: 86.60%/77.86% | F1: 85.77%/75.87% | Time: fit=002s, train=000s, test=000s, total=003s
Epoch 142: Train%/Test% | Accuracy: 85.90%/77.36% | Precision: 85.71%/76.90% | Recall: 86.64%/78.87% | F1: 85.78%/76.83% | Time: fit=002s, train=000s, test=000s, total=003s
Epoch 143: Train%/Test% | Accuracy: 85.90%/76.89% | Precision: 85.69%/76.32% | Recall: 86.60%/78.23% | F1: 85.77%/76.31% | Time: fit=002s, train=000s, test=000s, total=003s
Epoch 144: Train%/Test% | Accuracy: 85.66%/77.83% | Precision: 85.45%/77.27% | Recall: 86.36%/79.25% | F1: 85.53%/77.28% | Time: fit=002s, train=000s, test=000s, total=003s
Epoch 145: Train%/Test% | Accuracy: 85.31%/76.89% | Precision: 85.11%/76.32% | Recall: 86.01%/78.23% | F1: 85.17%/76.31% | Time: fit=002s, train=000s, test=000s, total=003s
Epoch 146: Train%/Test% | Accuracy: 85.55%/78.30% | Precision: 85.34%/77.84% | Recall: 86.26%/79.89% | F1: 85.41%/77.80% | Time: fit=002s, train=000s, test=000s, total=003s
Epoch 147: Train%/Test% | Accuracy: 85.19%/78.30% | Precision: 84.97%/77.84% | Recall: 85.87%/79.89% | F1: 85.05%/77.80% | Time: fit=002s, train=000s, test=000s, total=003s
Epoch 148: Train%/Test% | Accuracy: 85.31%/77.83% | Precision: 85.17%/77.27% | Recall: 86.09%/79.25% | F1: 85.19%/77.28% | Time: fit=002s, train=000s, test=000s, total=003s
Epoch 149: Train%/Test% | Accuracy: 85.43%/77.83% | Precision: 85.34%/77.48% | Recall: 86.27%/79.52% | F1: 85.32%/77.35% | Time: fit=002s, train=000s, test=000s, total=003s
Epoch 150: Train%/Test% | Accuracy: 85.31%/77.36% | Precision: 85.17%/76.90% | Recall: 86.09%/78.87% | F1: 85.19%/76.83% | Time: fit=002s, train=000s, test=000s, total=002s
