[*] Load dataset...
[*] Fix malformed data...
[*] Split...
[*] Encoding...
[*] -> domain...
pipeline.py:185: SettingWithCopyWarning: 
A value is trying to be set on a copy of a slice from a DataFrame.
Try using .loc[row_indexer,col_indexer] = value instead

See the caveats in the documentation: https://pandas.pydata.org/pandas-docs/stable/user_guide/indexing.html#returning-a-view-versus-a-copy
  train_df['domain'] = train_df['url'].apply(extract_domain)
pipeline.py:186: SettingWithCopyWarning: 
A value is trying to be set on a copy of a slice from a DataFrame.
Try using .loc[row_indexer,col_indexer] = value instead

See the caveats in the documentation: https://pandas.pydata.org/pandas-docs/stable/user_guide/indexing.html#returning-a-view-versus-a-copy
  test_df['domain'] = test_df['url'].apply(extract_domain)
[*] Encoding complete!
==============================
Using GPU for training
Dataset: FakeNewsNet-politifact
TMU params: num-clauses=5000, T=250, s=5.0
Epochs: 150
Feature(s): domain
max-vocab=15000, max-domain=500, max-tweet=500
====================
Train size: 844
Train classes: 2
Test size: 212
Test classes: 2
Total features: 318
==============================
[*] Training for 150 epochs...
Epoch   1: Train%/Test% | Accuracy: 59.72%/65.09% | Precision: 79.52%/82.21% | Recall: 51.98%/52.56% | F1: 40.93%/44.06% | Time: fit=013s, train=002s, test=001s, total=015s
Epoch   2: Train%/Test% | Accuracy: 59.72%/65.09% | Precision: 79.52%/82.21% | Recall: 51.98%/52.56% | F1: 40.93%/44.06% | Time: fit=010s, train=002s, test=001s, total=013s
Epoch   3: Train%/Test% | Accuracy: 59.60%/65.09% | Precision: 79.48%/82.21% | Recall: 51.84%/52.56% | F1: 40.64%/44.06% | Time: fit=010s, train=002s, test=001s, total=013s
Epoch   4: Train%/Test% | Accuracy: 60.43%/65.09% | Precision: 75.59%/82.21% | Recall: 52.90%/52.56% | F1: 43.07%/44.06% | Time: fit=010s, train=002s, test=001s, total=013s
Epoch   5: Train%/Test% | Accuracy: 67.30%/68.87% | Precision: 78.31%/80.01% | Recall: 61.29%/57.96% | F1: 57.95%/54.19% | Time: fit=010s, train=002s, test=001s, total=013s
Epoch   6: Train%/Test% | Accuracy: 75.36%/70.28% | Precision: 79.50%/75.70% | Recall: 71.60%/60.69% | F1: 71.95%/59.06% | Time: fit=010s, train=002s, test=001s, total=013s
Epoch   7: Train%/Test% | Accuracy: 72.99%/73.11% | Precision: 72.49%/72.15% | Recall: 71.29%/73.64% | F1: 71.61%/72.27% | Time: fit=010s, train=002s, test=001s, total=013s
Epoch   8: Train%/Test% | Accuracy: 72.63%/74.06% | Precision: 72.52%/72.93% | Recall: 70.39%/74.39% | F1: 70.77%/73.15% | Time: fit=010s, train=002s, test=001s, total=013s
Epoch   9: Train%/Test% | Accuracy: 71.68%/73.58% | Precision: 71.15%/72.91% | Recall: 69.81%/74.55% | F1: 70.12%/72.89% | Time: fit=010s, train=002s, test=001s, total=013s
Epoch  10: Train%/Test% | Accuracy: 72.39%/75.00% | Precision: 72.72%/74.05% | Recall: 69.76%/75.67% | F1: 70.12%/74.21% | Time: fit=010s, train=002s, test=000s, total=013s
Epoch  11: Train%/Test% | Accuracy: 73.82%/74.53% | Precision: 73.74%/73.67% | Recall: 71.73%/75.30% | F1: 72.14%/73.77% | Time: fit=010s, train=002s, test=001s, total=013s
Epoch  12: Train%/Test% | Accuracy: 74.76%/74.53% | Precision: 74.41%/73.86% | Recall: 73.13%/75.56% | F1: 73.49%/73.86% | Time: fit=010s, train=002s, test=001s, total=013s
Epoch  13: Train%/Test% | Accuracy: 74.17%/74.06% | Precision: 73.96%/73.49% | Recall: 72.27%/75.19% | F1: 72.67%/73.41% | Time: fit=010s, train=002s, test=001s, total=013s
Epoch  14: Train%/Test% | Accuracy: 76.18%/73.58% | Precision: 75.69%/73.12% | Recall: 74.98%/74.82% | F1: 75.24%/72.97% | Time: fit=010s, train=002s, test=001s, total=013s
Epoch  15: Train%/Test% | Accuracy: 77.25%/73.11% | Precision: 76.77%/72.54% | Recall: 76.17%/74.18% | F1: 76.40%/72.45% | Time: fit=010s, train=002s, test=001s, total=013s
Epoch  16: Train%/Test% | Accuracy: 77.37%/73.58% | Precision: 76.82%/73.12% | Recall: 76.47%/74.82% | F1: 76.62%/72.97% | Time: fit=010s, train=002s, test=001s, total=013s
Epoch  17: Train%/Test% | Accuracy: 77.49%/74.53% | Precision: 77.00%/74.06% | Recall: 76.46%/75.83% | F1: 76.67%/73.93% | Time: fit=010s, train=002s, test=001s, total=013s
Epoch  18: Train%/Test% | Accuracy: 76.54%/73.58% | Precision: 76.19%/72.91% | Recall: 75.13%/74.55% | F1: 75.47%/72.89% | Time: fit=010s, train=002s, test=001s, total=013s
Epoch  19: Train%/Test% | Accuracy: 76.66%/74.53% | Precision: 76.31%/73.67% | Recall: 75.27%/75.30% | F1: 75.61%/73.77% | Time: fit=010s, train=002s, test=001s, total=013s
Epoch  20: Train%/Test% | Accuracy: 77.01%/74.53% | Precision: 76.86%/73.49% | Recall: 75.42%/75.03% | F1: 75.84%/73.68% | Time: fit=010s, train=002s, test=000s, total=013s
Epoch  21: Train%/Test% | Accuracy: 78.20%/75.94% | Precision: 77.94%/75.38% | Recall: 76.87%/77.22% | F1: 77.23%/75.35% | Time: fit=010s, train=002s, test=001s, total=013s
Epoch  22: Train%/Test% | Accuracy: 79.03%/75.47% | Precision: 78.81%/74.80% | Recall: 77.74%/76.58% | F1: 78.11%/74.82% | Time: fit=010s, train=002s, test=001s, total=013s
Epoch  23: Train%/Test% | Accuracy: 78.55%/75.94% | Precision: 78.30%/75.38% | Recall: 77.26%/77.22% | F1: 77.61%/75.35% | Time: fit=010s, train=002s, test=001s, total=013s
Epoch  24: Train%/Test% | Accuracy: 78.44%/75.94% | Precision: 78.36%/75.38% | Recall: 76.92%/77.22% | F1: 77.36%/75.35% | Time: fit=010s, train=002s, test=001s, total=013s
Epoch  25: Train%/Test% | Accuracy: 79.03%/75.94% | Precision: 78.87%/75.18% | Recall: 77.67%/76.95% | F1: 78.06%/75.27% | Time: fit=010s, train=002s, test=001s, total=013s
Epoch  26: Train%/Test% | Accuracy: 79.03%/75.47% | Precision: 78.69%/74.80% | Recall: 77.90%/76.58% | F1: 78.20%/74.82% | Time: fit=010s, train=002s, test=000s, total=013s
Epoch  27: Train%/Test% | Accuracy: 79.62%/75.94% | Precision: 79.23%/75.18% | Recall: 78.65%/76.95% | F1: 78.88%/75.27% | Time: fit=010s, train=002s, test=001s, total=013s
Epoch  28: Train%/Test% | Accuracy: 79.74%/75.94% | Precision: 79.37%/75.00% | Recall: 78.75%/76.68% | F1: 78.99%/75.19% | Time: fit=010s, train=002s, test=001s, total=013s
Epoch  29: Train%/Test% | Accuracy: 79.15%/76.42% | Precision: 78.74%/75.75% | Recall: 78.16%/77.59% | F1: 78.39%/75.79% | Time: fit=010s, train=002s, test=001s, total=013s
Epoch  30: Train%/Test% | Accuracy: 79.50%/75.47% | Precision: 79.04%/75.01% | Recall: 78.66%/76.85% | F1: 78.82%/74.90% | Time: fit=010s, train=002s, test=001s, total=013s
Epoch  31: Train%/Test% | Accuracy: 79.74%/74.53% | Precision: 79.32%/74.29% | Recall: 78.83%/76.10% | F1: 79.03%/74.01% | Time: fit=010s, train=002s, test=001s, total=013s
Epoch  32: Train%/Test% | Accuracy: 79.62%/74.53% | Precision: 79.25%/73.86% | Recall: 78.61%/75.56% | F1: 78.86%/73.86% | Time: fit=010s, train=002s, test=001s, total=013s
Epoch  33: Train%/Test% | Accuracy: 79.27%/75.47% | Precision: 79.09%/74.44% | Recall: 77.95%/76.04% | F1: 78.33%/74.66% | Time: fit=010s, train=002s, test=001s, total=013s
Epoch  34: Train%/Test% | Accuracy: 79.62%/75.94% | Precision: 79.57%/74.84% | Recall: 78.22%/76.42% | F1: 78.65%/75.10% | Time: fit=010s, train=002s, test=001s, total=013s
Epoch  35: Train%/Test% | Accuracy: 80.57%/75.47% | Precision: 80.28%/74.62% | Recall: 79.54%/76.31% | F1: 79.83%/74.74% | Time: fit=010s, train=002s, test=001s, total=013s
Epoch  36: Train%/Test% | Accuracy: 80.92%/75.94% | Precision: 80.54%/75.38% | Recall: 80.08%/77.22% | F1: 80.28%/75.35% | Time: fit=010s, train=002s, test=001s, total=013s
Epoch  37: Train%/Test% | Accuracy: 80.33%/75.94% | Precision: 79.93%/75.38% | Recall: 79.45%/77.22% | F1: 79.65%/75.35% | Time: fit=010s, train=002s, test=001s, total=013s
Epoch  38: Train%/Test% | Accuracy: 80.92%/76.42% | Precision: 80.50%/75.75% | Recall: 80.16%/77.59% | F1: 80.31%/75.79% | Time: fit=010s, train=002s, test=001s, total=013s
Epoch  39: Train%/Test% | Accuracy: 80.45%/75.94% | Precision: 80.11%/75.38% | Recall: 79.48%/77.22% | F1: 79.73%/75.35% | Time: fit=010s, train=002s, test=001s, total=013s
Epoch  40: Train%/Test% | Accuracy: 80.57%/75.47% | Precision: 80.30%/74.80% | Recall: 79.50%/76.58% | F1: 79.81%/74.82% | Time: fit=010s, train=002s, test=001s, total=013s
Epoch  41: Train%/Test% | Accuracy: 81.52%/75.00% | Precision: 81.27%/74.43% | Recall: 80.51%/76.21% | F1: 80.81%/74.38% | Time: fit=010s, train=002s, test=001s, total=013s
Epoch  42: Train%/Test% | Accuracy: 81.16%/75.00% | Precision: 80.89%/74.65% | Recall: 80.17%/76.47% | F1: 80.45%/74.45% | Time: fit=010s, train=002s, test=001s, total=013s
Epoch  43: Train%/Test% | Accuracy: 81.28%/75.47% | Precision: 80.92%/75.01% | Recall: 80.43%/76.85% | F1: 80.63%/74.90% | Time: fit=010s, train=002s, test=001s, total=013s
Epoch  44: Train%/Test% | Accuracy: 81.75%/75.94% | Precision: 81.44%/75.38% | Recall: 80.88%/77.22% | F1: 81.11%/75.35% | Time: fit=010s, train=002s, test=001s, total=013s
Epoch  45: Train%/Test% | Accuracy: 81.16%/75.94% | Precision: 80.83%/75.38% | Recall: 80.25%/77.22% | F1: 80.49%/75.35% | Time: fit=010s, train=002s, test=001s, total=013s
Epoch  46: Train%/Test% | Accuracy: 80.69%/75.47% | Precision: 80.22%/75.01% | Recall: 80.00%/76.85% | F1: 80.10%/74.90% | Time: fit=010s, train=002s, test=001s, total=013s
Epoch  47: Train%/Test% | Accuracy: 71.09%/70.75% | Precision: 81.41%/84.18% | Recall: 65.73%/60.26% | F1: 64.21%/57.63% | Time: fit=010s, train=002s, test=001s, total=013s
Epoch  48: Train%/Test% | Accuracy: 71.09%/70.75% | Precision: 81.41%/84.18% | Recall: 65.73%/60.26% | F1: 64.21%/57.63% | Time: fit=010s, train=002s, test=001s, total=013s
Epoch  49: Train%/Test% | Accuracy: 81.04%/75.47% | Precision: 80.60%/75.01% | Recall: 80.34%/76.85% | F1: 80.46%/74.90% | Time: fit=010s, train=002s, test=001s, total=013s
Epoch  50: Train%/Test% | Accuracy: 81.75%/75.94% | Precision: 81.33%/75.38% | Recall: 81.07%/77.22% | F1: 81.19%/75.35% | Time: fit=010s, train=002s, test=001s, total=013s
Epoch  51: Train%/Test% | Accuracy: 81.99%/76.89% | Precision: 81.64%/76.13% | Recall: 81.20%/77.97% | F1: 81.39%/76.24% | Time: fit=010s, train=002s, test=001s, total=013s
Epoch  52: Train%/Test% | Accuracy: 81.99%/76.89% | Precision: 81.62%/76.13% | Recall: 81.24%/77.97% | F1: 81.40%/76.24% | Time: fit=010s, train=002s, test=001s, total=013s
Epoch  53: Train%/Test% | Accuracy: 81.64%/76.89% | Precision: 81.33%/76.13% | Recall: 80.73%/77.97% | F1: 80.98%/76.24% | Time: fit=010s, train=002s, test=001s, total=013s
Epoch  54: Train%/Test% | Accuracy: 81.75%/76.89% | Precision: 81.62%/75.95% | Recall: 80.64%/77.70% | F1: 81.00%/76.16% | Time: fit=010s, train=002s, test=001s, total=013s
Epoch  55: Train%/Test% | Accuracy: 81.04%/76.89% | Precision: 80.87%/75.95% | Recall: 79.91%/77.70% | F1: 80.26%/76.16% | Time: fit=010s, train=002s, test=001s, total=013s
Epoch  56: Train%/Test% | Accuracy: 81.40%/76.89% | Precision: 81.03%/76.13% | Recall: 80.57%/77.97% | F1: 80.77%/76.24% | Time: fit=010s, train=002s, test=001s, total=013s
Epoch  57: Train%/Test% | Accuracy: 81.75%/75.94% | Precision: 81.37%/75.38% | Recall: 80.99%/77.22% | F1: 81.16%/75.35% | Time: fit=010s, train=002s, test=001s, total=013s
Epoch  58: Train%/Test% | Accuracy: 80.92%/73.58% | Precision: 80.52%/73.34% | Recall: 80.12%/75.09% | F1: 80.29%/73.05% | Time: fit=010s, train=002s, test=001s, total=013s
Epoch  59: Train%/Test% | Accuracy: 80.92%/75.47% | Precision: 80.50%/75.01% | Recall: 80.16%/76.85% | F1: 80.31%/74.90% | Time: fit=010s, train=002s, test=001s, total=013s
Epoch  60: Train%/Test% | Accuracy: 81.40%/75.47% | Precision: 81.01%/75.01% | Recall: 80.61%/76.85% | F1: 80.78%/74.90% | Time: fit=010s, train=002s, test=001s, total=013s
Epoch  61: Train%/Test% | Accuracy: 81.64%/74.53% | Precision: 81.26%/74.29% | Recall: 80.85%/76.10% | F1: 81.03%/74.01% | Time: fit=010s, train=002s, test=001s, total=013s
Epoch  62: Train%/Test% | Accuracy: 81.52%/75.00% | Precision: 81.15%/74.43% | Recall: 80.71%/76.21% | F1: 80.90%/74.38% | Time: fit=010s, train=002s, test=001s, total=013s
Epoch  63: Train%/Test% | Accuracy: 81.87%/74.53% | Precision: 81.43%/74.29% | Recall: 81.25%/76.10% | F1: 81.34%/74.01% | Time: fit=010s, train=002s, test=001s, total=013s
Epoch  64: Train%/Test% | Accuracy: 81.40%/76.42% | Precision: 81.08%/75.56% | Recall: 80.49%/77.32% | F1: 80.73%/75.71% | Time: fit=010s, train=002s, test=001s, total=013s
Epoch  65: Train%/Test% | Accuracy: 81.04%/76.42% | Precision: 80.75%/75.56% | Recall: 80.07%/77.32% | F1: 80.34%/75.71% | Time: fit=010s, train=002s, test=001s, total=013s
Epoch  66: Train%/Test% | Accuracy: 81.16%/75.94% | Precision: 80.75%/75.18% | Recall: 80.40%/76.95% | F1: 80.56%/75.27% | Time: fit=010s, train=002s, test=001s, total=013s
Epoch  67: Train%/Test% | Accuracy: 81.99%/76.89% | Precision: 81.74%/76.13% | Recall: 81.04%/77.97% | F1: 81.32%/76.24% | Time: fit=010s, train=002s, test=001s, total=013s
Epoch  68: Train%/Test% | Accuracy: 82.11%/76.89% | Precision: 81.73%/76.13% | Recall: 81.38%/77.97% | F1: 81.53%/76.24% | Time: fit=010s, train=002s, test=001s, total=013s
Epoch  69: Train%/Test% | Accuracy: 82.58%/76.89% | Precision: 82.32%/75.95% | Recall: 81.71%/77.70% | F1: 81.96%/76.16% | Time: fit=010s, train=002s, test=001s, total=013s
Epoch  70: Train%/Test% | Accuracy: 81.99%/76.42% | Precision: 81.60%/75.56% | Recall: 81.28%/77.32% | F1: 81.42%/75.71% | Time: fit=010s, train=002s, test=001s, total=013s
Epoch  71: Train%/Test% | Accuracy: 82.23%/76.89% | Precision: 81.94%/75.95% | Recall: 81.36%/77.70% | F1: 81.60%/76.16% | Time: fit=010s, train=002s, test=001s, total=013s
Epoch  72: Train%/Test% | Accuracy: 81.52%/77.36% | Precision: 81.11%/76.51% | Recall: 80.79%/78.34% | F1: 80.93%/76.69% | Time: fit=010s, train=002s, test=001s, total=013s
Epoch  73: Train%/Test% | Accuracy: 82.35%/77.36% | Precision: 81.96%/76.51% | Recall: 81.66%/78.34% | F1: 81.79%/76.69% | Time: fit=010s, train=002s, test=001s, total=013s
Epoch  74: Train%/Test% | Accuracy: 81.75%/77.36% | Precision: 81.37%/76.51% | Recall: 80.99%/78.34% | F1: 81.16%/76.69% | Time: fit=010s, train=002s, test=001s, total=013s
Epoch  75: Train%/Test% | Accuracy: 82.11%/75.94% | Precision: 81.71%/75.38% | Recall: 81.42%/77.22% | F1: 81.55%/75.35% | Time: fit=010s, train=002s, test=001s, total=013s
Epoch  76: Train%/Test% | Accuracy: 82.35%/75.94% | Precision: 81.98%/75.38% | Recall: 81.62%/77.22% | F1: 81.78%/75.35% | Time: fit=010s, train=002s, test=001s, total=013s
Epoch  77: Train%/Test% | Accuracy: 82.11%/75.94% | Precision: 81.80%/75.38% | Recall: 81.26%/77.22% | F1: 81.48%/75.35% | Time: fit=010s, train=002s, test=001s, total=013s
Epoch  78: Train%/Test% | Accuracy: 82.23%/77.36% | Precision: 81.91%/76.51% | Recall: 81.40%/78.34% | F1: 81.62%/76.69% | Time: fit=010s, train=002s, test=001s, total=013s
Epoch  79: Train%/Test% | Accuracy: 82.23%/75.94% | Precision: 81.87%/75.38% | Recall: 81.48%/77.22% | F1: 81.65%/75.35% | Time: fit=010s, train=002s, test=001s, total=013s
Epoch  80: Train%/Test% | Accuracy: 82.46%/77.36% | Precision: 82.16%/76.51% | Recall: 81.64%/78.34% | F1: 81.86%/76.69% | Time: fit=010s, train=002s, test=001s, total=013s
Epoch  81: Train%/Test% | Accuracy: 82.23%/76.89% | Precision: 81.91%/76.13% | Recall: 81.40%/77.97% | F1: 81.62%/76.24% | Time: fit=010s, train=002s, test=001s, total=013s
Epoch  82: Train%/Test% | Accuracy: 82.82%/76.89% | Precision: 82.47%/76.13% | Recall: 82.11%/77.97% | F1: 82.27%/76.24% | Time: fit=010s, train=002s, test=001s, total=013s
Epoch  83: Train%/Test% | Accuracy: 82.46%/76.89% | Precision: 82.07%/76.13% | Recall: 81.80%/77.97% | F1: 81.92%/76.24% | Time: fit=010s, train=002s, test=001s, total=013s
Epoch  84: Train%/Test% | Accuracy: 82.82%/76.89% | Precision: 82.52%/76.13% | Recall: 82.03%/77.97% | F1: 82.24%/76.24% | Time: fit=010s, train=002s, test=001s, total=013s
Epoch  85: Train%/Test% | Accuracy: 82.82%/76.89% | Precision: 82.54%/76.13% | Recall: 81.99%/77.97% | F1: 82.22%/76.24% | Time: fit=010s, train=002s, test=001s, total=013s
Epoch  86: Train%/Test% | Accuracy: 82.94%/76.42% | Precision: 82.60%/75.75% | Recall: 82.21%/77.59% | F1: 82.38%/75.79% | Time: fit=010s, train=002s, test=001s, total=013s
Epoch  87: Train%/Test% | Accuracy: 83.18%/76.89% | Precision: 82.93%/76.13% | Recall: 82.33%/77.97% | F1: 82.58%/76.24% | Time: fit=010s, train=002s, test=001s, total=013s
Epoch  88: Train%/Test% | Accuracy: 83.06%/75.94% | Precision: 82.79%/75.18% | Recall: 82.23%/76.95% | F1: 82.47%/75.27% | Time: fit=010s, train=002s, test=001s, total=013s
Epoch  89: Train%/Test% | Accuracy: 82.94%/75.94% | Precision: 82.65%/75.18% | Recall: 82.13%/76.95% | F1: 82.35%/75.27% | Time: fit=010s, train=002s, test=001s, total=013s
Epoch  90: Train%/Test% | Accuracy: 83.29%/75.94% | Precision: 83.10%/75.00% | Recall: 82.40%/76.68% | F1: 82.68%/75.19% | Time: fit=010s, train=002s, test=001s, total=013s
Epoch  91: Train%/Test% | Accuracy: 83.65%/76.42% | Precision: 83.39%/75.75% | Recall: 82.86%/77.59% | F1: 83.09%/75.79% | Time: fit=010s, train=002s, test=001s, total=013s
Epoch  92: Train%/Test% | Accuracy: 83.06%/76.42% | Precision: 82.85%/75.75% | Recall: 82.15%/77.59% | F1: 82.43%/75.79% | Time: fit=010s, train=002s, test=001s, total=013s
Epoch  93: Train%/Test% | Accuracy: 83.65%/76.42% | Precision: 83.52%/75.75% | Recall: 82.70%/77.59% | F1: 83.02%/75.79% | Time: fit=010s, train=002s, test=001s, total=013s
Epoch  94: Train%/Test% | Accuracy: 83.53%/75.94% | Precision: 83.26%/75.38% | Recall: 82.76%/77.22% | F1: 82.97%/75.35% | Time: fit=010s, train=002s, test=001s, total=013s
Epoch  95: Train%/Test% | Accuracy: 83.18%/75.94% | Precision: 82.90%/75.38% | Recall: 82.37%/77.22% | F1: 82.60%/75.35% | Time: fit=010s, train=002s, test=001s, total=013s
Epoch  96: Train%/Test% | Accuracy: 83.41%/76.89% | Precision: 83.24%/76.13% | Recall: 82.50%/77.97% | F1: 82.79%/76.24% | Time: fit=010s, train=002s, test=001s, total=013s
Epoch  97: Train%/Test% | Accuracy: 83.29%/75.94% | Precision: 83.04%/75.38% | Recall: 82.48%/77.22% | F1: 82.71%/75.35% | Time: fit=010s, train=002s, test=001s, total=013s
Epoch  98: Train%/Test% | Accuracy: 83.53%/75.94% | Precision: 83.28%/75.38% | Recall: 82.72%/77.22% | F1: 82.96%/75.35% | Time: fit=010s, train=002s, test=001s, total=013s
Epoch  99: Train%/Test% | Accuracy: 83.18%/75.94% | Precision: 82.90%/75.38% | Recall: 82.37%/77.22% | F1: 82.60%/75.35% | Time: fit=010s, train=002s, test=001s, total=013s
Epoch 100: Train%/Test% | Accuracy: 83.29%/76.89% | Precision: 83.10%/76.13% | Recall: 82.40%/77.97% | F1: 82.68%/76.24% | Time: fit=010s, train=002s, test=001s, total=013s
Epoch 101: Train%/Test% | Accuracy: 83.65%/76.42% | Precision: 83.42%/75.75% | Recall: 82.82%/77.59% | F1: 83.07%/75.79% | Time: fit=010s, train=002s, test=001s, total=013s
Epoch 102: Train%/Test% | Accuracy: 82.94%/76.89% | Precision: 82.63%/76.13% | Recall: 82.17%/77.97% | F1: 82.37%/76.24% | Time: fit=010s, train=002s, test=001s, total=013s
Epoch 103: Train%/Test% | Accuracy: 82.46%/76.89% | Precision: 82.13%/76.13% | Recall: 81.68%/77.97% | F1: 81.88%/76.24% | Time: fit=010s, train=002s, test=001s, total=013s
Epoch 104: Train%/Test% | Accuracy: 82.94%/76.89% | Precision: 82.60%/76.13% | Recall: 82.21%/77.97% | F1: 82.38%/76.24% | Time: fit=010s, train=002s, test=001s, total=013s
Epoch 105: Train%/Test% | Accuracy: 83.41%/76.89% | Precision: 83.15%/76.13% | Recall: 82.62%/77.97% | F1: 82.84%/76.24% | Time: fit=010s, train=002s, test=001s, total=013s
Epoch 106: Train%/Test% | Accuracy: 82.94%/76.89% | Precision: 82.60%/76.13% | Recall: 82.21%/77.97% | F1: 82.38%/76.24% | Time: fit=010s, train=002s, test=001s, total=013s
Epoch 107: Train%/Test% | Accuracy: 83.29%/76.89% | Precision: 82.99%/76.13% | Recall: 82.55%/77.97% | F1: 82.74%/76.24% | Time: fit=010s, train=002s, test=001s, total=013s
Epoch 108: Train%/Test% | Accuracy: 82.58%/75.94% | Precision: 82.20%/75.38% | Recall: 81.90%/77.22% | F1: 82.04%/75.35% | Time: fit=010s, train=002s, test=001s, total=013s
Epoch 109: Train%/Test% | Accuracy: 82.58%/75.47% | Precision: 82.20%/75.01% | Recall: 81.90%/76.85% | F1: 82.04%/74.90% | Time: fit=010s, train=002s, test=001s, total=013s
Epoch 110: Train%/Test% | Accuracy: 82.94%/77.36% | Precision: 82.65%/76.51% | Recall: 82.13%/78.34% | F1: 82.35%/76.69% | Time: fit=010s, train=002s, test=001s, total=013s
Epoch 111: Train%/Test% | Accuracy: 83.41%/77.36% | Precision: 83.17%/76.51% | Recall: 82.58%/78.34% | F1: 82.83%/76.69% | Time: fit=010s, train=002s, test=001s, total=013s
Epoch 112: Train%/Test% | Accuracy: 83.29%/76.42% | Precision: 83.04%/75.75% | Recall: 82.48%/77.59% | F1: 82.71%/75.79% | Time: fit=010s, train=002s, test=001s, total=013s
Epoch 113: Train%/Test% | Accuracy: 83.89%/76.89% | Precision: 83.67%/76.13% | Recall: 83.06%/77.97% | F1: 83.32%/76.24% | Time: fit=010s, train=002s, test=001s, total=013s
Epoch 114: Train%/Test% | Accuracy: 84.00%/76.89% | Precision: 83.78%/76.13% | Recall: 83.21%/77.97% | F1: 83.45%/76.24% | Time: fit=010s, train=002s, test=001s, total=013s
Epoch 115: Train%/Test% | Accuracy: 83.53%/75.47% | Precision: 83.19%/75.01% | Recall: 82.88%/76.85% | F1: 83.02%/74.90% | Time: fit=010s, train=002s, test=001s, total=013s
Epoch 116: Train%/Test% | Accuracy: 83.29%/75.47% | Precision: 82.94%/75.01% | Recall: 82.63%/76.85% | F1: 82.77%/74.90% | Time: fit=010s, train=002s, test=001s, total=013s
Epoch 117: Train%/Test% | Accuracy: 83.06%/75.00% | Precision: 82.66%/74.65% | Recall: 82.47%/76.47% | F1: 82.56%/74.45% | Time: fit=010s, train=002s, test=001s, total=013s
Epoch 118: Train%/Test% | Accuracy: 83.53%/75.47% | Precision: 83.21%/75.01% | Recall: 82.84%/76.85% | F1: 83.00%/74.90% | Time: fit=010s, train=002s, test=001s, total=013s
Epoch 119: Train%/Test% | Accuracy: 83.65%/76.89% | Precision: 83.42%/76.13% | Recall: 82.82%/77.97% | F1: 83.07%/76.24% | Time: fit=010s, train=002s, test=001s, total=013s
Epoch 120: Train%/Test% | Accuracy: 83.65%/76.89% | Precision: 83.42%/76.13% | Recall: 82.82%/77.97% | F1: 83.07%/76.24% | Time: fit=010s, train=002s, test=000s, total=013s
Epoch 121: Train%/Test% | Accuracy: 82.94%/76.89% | Precision: 82.68%/76.13% | Recall: 82.09%/77.97% | F1: 82.33%/76.24% | Time: fit=010s, train=002s, test=001s, total=013s
Epoch 122: Train%/Test% | Accuracy: 83.53%/76.89% | Precision: 83.26%/76.13% | Recall: 82.76%/77.97% | F1: 82.97%/76.24% | Time: fit=010s, train=002s, test=001s, total=013s
Epoch 123: Train%/Test% | Accuracy: 83.29%/75.94% | Precision: 83.01%/75.38% | Recall: 82.52%/77.22% | F1: 82.73%/75.35% | Time: fit=010s, train=002s, test=001s, total=013s
Epoch 124: Train%/Test% | Accuracy: 83.65%/75.94% | Precision: 83.37%/75.38% | Recall: 82.90%/77.22% | F1: 83.10%/75.35% | Time: fit=010s, train=002s, test=001s, total=013s
Epoch 125: Train%/Test% | Accuracy: 83.41%/75.94% | Precision: 83.12%/75.38% | Recall: 82.66%/77.22% | F1: 82.86%/75.35% | Time: fit=010s, train=002s, test=001s, total=013s
Epoch 126: Train%/Test% | Accuracy: 83.06%/75.94% | Precision: 82.72%/75.38% | Recall: 82.35%/77.22% | F1: 82.51%/75.35% | Time: fit=010s, train=002s, test=001s, total=013s
Epoch 127: Train%/Test% | Accuracy: 83.29%/75.94% | Precision: 82.99%/75.38% | Recall: 82.55%/77.22% | F1: 82.74%/75.35% | Time: fit=010s, train=002s, test=001s, total=013s
Epoch 128: Train%/Test% | Accuracy: 82.46%/75.94% | Precision: 82.02%/75.38% | Recall: 81.92%/77.22% | F1: 81.97%/75.35% | Time: fit=010s, train=002s, test=001s, total=013s
Epoch 129: Train%/Test% | Accuracy: 83.06%/75.47% | Precision: 82.66%/75.01% | Recall: 82.47%/76.85% | F1: 82.56%/74.90% | Time: fit=010s, train=002s, test=001s, total=013s
Epoch 130: Train%/Test% | Accuracy: 83.06%/75.47% | Precision: 82.67%/75.01% | Recall: 82.43%/76.85% | F1: 82.54%/74.90% | Time: fit=010s, train=002s, test=001s, total=013s
Epoch 131: Train%/Test% | Accuracy: 82.82%/75.94% | Precision: 82.45%/75.38% | Recall: 82.15%/77.22% | F1: 82.28%/75.35% | Time: fit=010s, train=002s, test=001s, total=013s
Epoch 132: Train%/Test% | Accuracy: 83.18%/76.42% | Precision: 82.81%/75.75% | Recall: 82.53%/77.59% | F1: 82.66%/75.79% | Time: fit=010s, train=002s, test=001s, total=013s
Epoch 133: Train%/Test% | Accuracy: 82.94%/75.47% | Precision: 82.56%/75.01% | Recall: 82.29%/76.85% | F1: 82.41%/74.90% | Time: fit=010s, train=002s, test=001s, total=013s
Epoch 134: Train%/Test% | Accuracy: 83.41%/75.94% | Precision: 83.10%/75.38% | Recall: 82.70%/77.22% | F1: 82.87%/75.35% | Time: fit=010s, train=002s, test=000s, total=013s
Epoch 135: Train%/Test% | Accuracy: 82.94%/74.53% | Precision: 82.56%/74.29% | Recall: 82.29%/76.10% | F1: 82.41%/74.01% | Time: fit=010s, train=002s, test=001s, total=013s
Epoch 136: Train%/Test% | Accuracy: 83.06%/75.00% | Precision: 82.66%/74.65% | Recall: 82.47%/76.47% | F1: 82.56%/74.45% | Time: fit=010s, train=002s, test=001s, total=013s
Epoch 137: Train%/Test% | Accuracy: 83.06%/75.47% | Precision: 82.67%/75.01% | Recall: 82.43%/76.85% | F1: 82.54%/74.90% | Time: fit=010s, train=002s, test=001s, total=013s
Epoch 138: Train%/Test% | Accuracy: 83.06%/75.94% | Precision: 82.66%/75.38% | Recall: 82.47%/77.22% | F1: 82.56%/75.35% | Time: fit=010s, train=002s, test=001s, total=013s
Epoch 139: Train%/Test% | Accuracy: 83.18%/76.42% | Precision: 82.81%/75.75% | Recall: 82.53%/77.59% | F1: 82.66%/75.79% | Time: fit=010s, train=002s, test=001s, total=013s
Epoch 140: Train%/Test% | Accuracy: 83.53%/76.42% | Precision: 83.21%/75.75% | Recall: 82.84%/77.59% | F1: 83.00%/75.79% | Time: fit=010s, train=002s, test=001s, total=013s
Epoch 141: Train%/Test% | Accuracy: 83.06%/76.42% | Precision: 82.69%/75.75% | Recall: 82.39%/77.59% | F1: 82.53%/75.79% | Time: fit=010s, train=002s, test=001s, total=013s
Epoch 142: Train%/Test% | Accuracy: 83.18%/75.47% | Precision: 82.83%/75.01% | Recall: 82.49%/76.85% | F1: 82.64%/74.90% | Time: fit=010s, train=002s, test=001s, total=013s
Epoch 143: Train%/Test% | Accuracy: 82.70%/76.42% | Precision: 82.30%/75.75% | Recall: 82.08%/77.59% | F1: 82.18%/75.79% | Time: fit=010s, train=002s, test=001s, total=013s
Epoch 144: Train%/Test% | Accuracy: 83.06%/75.47% | Precision: 82.72%/75.01% | Recall: 82.35%/76.85% | F1: 82.51%/74.90% | Time: fit=010s, train=002s, test=001s, total=012s
Epoch 145: Train%/Test% | Accuracy: 83.29%/75.47% | Precision: 82.94%/75.01% | Recall: 82.63%/76.85% | F1: 82.77%/74.90% | Time: fit=011s, train=002s, test=001s, total=014s
Epoch 146: Train%/Test% | Accuracy: 82.82%/75.00% | Precision: 82.40%/74.65% | Recall: 82.26%/76.47% | F1: 82.33%/74.45% | Time: fit=011s, train=002s, test=001s, total=014s
Epoch 147: Train%/Test% | Accuracy: 82.70%/75.00% | Precision: 82.32%/74.65% | Recall: 82.04%/76.47% | F1: 82.17%/74.45% | Time: fit=011s, train=002s, test=001s, total=014s
Epoch 148: Train%/Test% | Accuracy: 83.06%/75.47% | Precision: 82.76%/75.01% | Recall: 82.27%/76.85% | F1: 82.48%/74.90% | Time: fit=011s, train=002s, test=001s, total=014s
Epoch 149: Train%/Test% | Accuracy: 83.53%/75.94% | Precision: 83.26%/75.38% | Recall: 82.76%/77.22% | F1: 82.97%/75.35% | Time: fit=011s, train=002s, test=001s, total=013s
Epoch 150: Train%/Test% | Accuracy: 84.12%/75.94% | Precision: 83.95%/75.38% | Recall: 83.27%/77.22% | F1: 83.55%/75.35% | Time: fit=012s, train=003s, test=001s, total=015s
