[nltk_data] Downloading package wordnet to /home/bjorvl16/nltk_data...
[nltk_data]   Package wordnet is already up-to-date!
[nltk_data] Downloading package stopwords to
[nltk_data]     /home/bjorvl16/nltk_data...
[nltk_data]   Package stopwords is already up-to-date!
[*] Load dataset...
[*] Fix malformed data...
[*] Split...
[*] Encoding...
[*] Encoding feature: text... 464
[*] Encoding feature: domain... 34
==============================
Using GPU for training
Dataset: FakeNewsNet-politifact
TMU params: num-clauses=5000, T=200, s=10.0
Epochs: 150
Feature(s): text, domain
max-vocab=15000, max-domain=500, max-tweet=500
====================
Train size: 844
Train classes: 2
Test size: 212
Test classes: 2
Total features: 498
==============================
[*] Training for 150 epochs...
Epoch   1: Train%/Test% | Accuracy: 75.00%/75.94% | Precision: 80.09%/76.94% | Recall: 70.98%/69.99% | F1: 71.19%/71.07% | Time: fit=004s, train=000s, test=000s, total=005s
Epoch   2: Train%/Test% | Accuracy: 77.96%/78.77% | Precision: 81.41%/78.83% | Recall: 74.71%/74.37% | F1: 75.41%/75.55% | Time: fit=002s, train=000s, test=000s, total=003s
Epoch   3: Train%/Test% | Accuracy: 78.32%/78.77% | Precision: 81.53%/79.17% | Recall: 75.17%/74.10% | F1: 75.91%/75.35% | Time: fit=002s, train=000s, test=000s, total=003s
Epoch   4: Train%/Test% | Accuracy: 79.50%/81.60% | Precision: 80.31%/80.44% | Recall: 77.45%/79.55% | F1: 78.11%/79.94% | Time: fit=002s, train=000s, test=000s, total=003s
Epoch   5: Train%/Test% | Accuracy: 81.75%/82.55% | Precision: 81.59%/81.27% | Recall: 80.68%/81.10% | F1: 81.02%/81.19% | Time: fit=002s, train=000s, test=000s, total=003s
Epoch   6: Train%/Test% | Accuracy: 81.28%/81.13% | Precision: 81.19%/79.78% | Recall: 80.07%/79.45% | F1: 80.47%/79.61% | Time: fit=002s, train=000s, test=000s, total=003s
Epoch   7: Train%/Test% | Accuracy: 80.09%/81.60% | Precision: 81.09%/80.58% | Recall: 78.00%/79.29% | F1: 78.70%/79.82% | Time: fit=002s, train=000s, test=000s, total=003s
Epoch   8: Train%/Test% | Accuracy: 82.82%/83.02% | Precision: 82.54%/81.69% | Recall: 81.99%/82.01% | F1: 82.22%/81.84% | Time: fit=002s, train=000s, test=000s, total=003s
Epoch   9: Train%/Test% | Accuracy: 81.87%/82.55% | Precision: 81.66%/81.37% | Recall: 80.86%/80.84% | F1: 81.17%/81.08% | Time: fit=002s, train=000s, test=000s, total=003s
Epoch  10: Train%/Test% | Accuracy: 80.92%/82.08% | Precision: 81.03%/81.19% | Recall: 79.49%/79.66% | F1: 79.98%/80.28% | Time: fit=002s, train=000s, test=000s, total=003s
Epoch  11: Train%/Test% | Accuracy: 81.40%/82.08% | Precision: 81.37%/81.03% | Recall: 80.14%/79.93% | F1: 80.56%/80.40% | Time: fit=002s, train=000s, test=000s, total=003s
Epoch  12: Train%/Test% | Accuracy: 81.52%/83.02% | Precision: 81.34%/81.94% | Recall: 80.44%/81.21% | F1: 80.77%/81.54% | Time: fit=002s, train=000s, test=000s, total=003s
Epoch  13: Train%/Test% | Accuracy: 81.28%/82.08% | Precision: 81.64%/81.19% | Recall: 79.68%/79.66% | F1: 80.26%/80.28% | Time: fit=002s, train=000s, test=000s, total=003s
Epoch  14: Train%/Test% | Accuracy: 80.81%/82.08% | Precision: 81.29%/81.03% | Recall: 79.08%/79.93% | F1: 79.69%/80.40% | Time: fit=002s, train=000s, test=000s, total=003s
Epoch  15: Train%/Test% | Accuracy: 82.70%/83.49% | Precision: 82.79%/82.29% | Recall: 81.46%/82.12% | F1: 81.91%/82.20% | Time: fit=002s, train=000s, test=000s, total=003s
Epoch  16: Train%/Test% | Accuracy: 82.58%/83.02% | Precision: 82.22%/81.65% | Recall: 81.86%/82.28% | F1: 82.02%/81.93% | Time: fit=002s, train=000s, test=000s, total=003s
Epoch  17: Train%/Test% | Accuracy: 84.00%/83.02% | Precision: 83.52%/81.69% | Recall: 83.83%/83.08% | F1: 83.66%/82.18% | Time: fit=002s, train=000s, test=000s, total=003s
Epoch  18: Train%/Test% | Accuracy: 80.45%/77.83% | Precision: 80.82%/77.96% | Recall: 81.60%/80.05% | F1: 80.38%/77.46% | Time: fit=002s, train=000s, test=000s, total=003s
Epoch  19: Train%/Test% | Accuracy: 85.07%/82.55% | Precision: 84.65%/81.52% | Recall: 85.34%/83.52% | F1: 84.85%/81.94% | Time: fit=002s, train=000s, test=000s, total=003s
Epoch  20: Train%/Test% | Accuracy: 84.12%/83.49% | Precision: 83.72%/82.27% | Recall: 84.44%/83.99% | F1: 83.91%/82.78% | Time: fit=002s, train=000s, test=000s, total=003s
Epoch  21: Train%/Test% | Accuracy: 83.65%/82.55% | Precision: 83.19%/81.31% | Recall: 83.80%/82.98% | F1: 83.39%/81.80% | Time: fit=002s, train=000s, test=000s, total=003s
Epoch  22: Train%/Test% | Accuracy: 83.53%/82.55% | Precision: 83.13%/81.40% | Recall: 83.86%/83.25% | F1: 83.31%/81.87% | Time: fit=002s, train=000s, test=000s, total=003s
Epoch  23: Train%/Test% | Accuracy: 85.55%/83.49% | Precision: 85.10%/82.20% | Recall: 85.75%/83.73% | F1: 85.31%/82.71% | Time: fit=002s, train=000s, test=000s, total=003s
Epoch  24: Train%/Test% | Accuracy: 85.78%/83.49% | Precision: 85.37%/82.36% | Recall: 86.11%/84.26% | F1: 85.58%/82.85% | Time: fit=002s, train=000s, test=000s, total=003s
Epoch  25: Train%/Test% | Accuracy: 84.48%/84.43% | Precision: 84.01%/83.13% | Recall: 84.28%/83.94% | F1: 84.13%/83.48% | Time: fit=002s, train=000s, test=000s, total=003s
Epoch  26: Train%/Test% | Accuracy: 85.78%/81.60% | Precision: 85.64%/80.70% | Recall: 86.58%/82.77% | F1: 85.67%/81.03% | Time: fit=002s, train=000s, test=000s, total=003s
Epoch  27: Train%/Test% | Accuracy: 81.75%/76.89% | Precision: 82.37%/77.88% | Recall: 83.11%/79.84% | F1: 81.71%/76.66% | Time: fit=002s, train=000s, test=000s, total=003s
Epoch  28: Train%/Test% | Accuracy: 86.14%/83.49% | Precision: 85.77%/82.20% | Recall: 86.57%/83.73% | F1: 85.96%/82.71% | Time: fit=002s, train=000s, test=000s, total=003s
Epoch  29: Train%/Test% | Accuracy: 86.73%/83.02% | Precision: 86.39%/81.93% | Recall: 87.24%/83.89% | F1: 86.57%/82.39% | Time: fit=002s, train=000s, test=000s, total=003s
Epoch  30: Train%/Test% | Accuracy: 82.46%/75.94% | Precision: 82.59%/76.63% | Recall: 83.45%/78.56% | F1: 82.37%/75.66% | Time: fit=002s, train=000s, test=000s, total=003s
Epoch  31: Train%/Test% | Accuracy: 86.73%/82.08% | Precision: 86.37%/81.11% | Recall: 87.20%/83.14% | F1: 86.56%/81.48% | Time: fit=002s, train=000s, test=000s, total=003s
Epoch  32: Train%/Test% | Accuracy: 82.46%/76.42% | Precision: 82.92%/77.25% | Recall: 83.72%/79.20% | F1: 82.41%/76.16% | Time: fit=002s, train=000s, test=000s, total=003s
Epoch  33: Train%/Test% | Accuracy: 81.64%/75.47% | Precision: 82.17%/76.30% | Recall: 82.93%/78.19% | F1: 81.58%/75.20% | Time: fit=002s, train=000s, test=000s, total=003s
Epoch  34: Train%/Test% | Accuracy: 81.64%/75.94% | Precision: 82.28%/76.63% | Recall: 83.01%/78.56% | F1: 81.59%/75.66% | Time: fit=002s, train=000s, test=000s, total=003s
Epoch  35: Train%/Test% | Accuracy: 81.99%/77.36% | Precision: 82.55%/77.90% | Recall: 83.31%/79.95% | F1: 81.94%/77.06% | Time: fit=002s, train=000s, test=000s, total=003s
Epoch  36: Train%/Test% | Accuracy: 82.58%/78.30% | Precision: 83.35%/79.14% | Recall: 84.06%/81.23% | F1: 82.55%/78.07% | Time: fit=002s, train=000s, test=000s, total=003s
Epoch  37: Train%/Test% | Accuracy: 86.37%/83.96% | Precision: 86.19%/82.71% | Recall: 87.13%/84.37% | F1: 86.25%/83.24% | Time: fit=002s, train=000s, test=000s, total=003s
Epoch  38: Train%/Test% | Accuracy: 85.19%/83.49% | Precision: 84.83%/82.47% | Recall: 85.64%/84.53% | F1: 85.01%/82.91% | Time: fit=002s, train=000s, test=000s, total=003s
Epoch  39: Train%/Test% | Accuracy: 85.31%/83.96% | Precision: 84.98%/82.89% | Recall: 85.82%/84.90% | F1: 85.14%/83.37% | Time: fit=002s, train=000s, test=000s, total=003s
Epoch  40: Train%/Test% | Accuracy: 85.19%/80.66% | Precision: 84.90%/79.75% | Recall: 85.76%/81.75% | F1: 85.03%/80.05% | Time: fit=002s, train=000s, test=000s, total=003s
Epoch  41: Train%/Test% | Accuracy: 81.40%/75.00% | Precision: 82.70%/77.42% | Recall: 83.16%/78.88% | F1: 81.39%/74.91% | Time: fit=002s, train=000s, test=000s, total=003s
Epoch  42: Train%/Test% | Accuracy: 80.45%/73.11% | Precision: 82.12%/76.78% | Recall: 82.38%/77.66% | F1: 80.45%/73.08% | Time: fit=002s, train=000s, test=000s, total=003s
Epoch  43: Train%/Test% | Accuracy: 81.16%/74.06% | Precision: 82.77%/76.46% | Recall: 83.07%/77.87% | F1: 81.16%/73.96% | Time: fit=002s, train=000s, test=000s, total=003s
Epoch  44: Train%/Test% | Accuracy: 83.77%/77.83% | Precision: 84.37%/78.83% | Recall: 85.16%/80.86% | F1: 83.73%/77.61% | Time: fit=002s, train=000s, test=000s, total=003s
Epoch  45: Train%/Test% | Accuracy: 85.66%/82.08% | Precision: 85.68%/81.43% | Recall: 86.63%/83.68% | F1: 85.57%/81.60% | Time: fit=002s, train=000s, test=000s, total=003s
Epoch  46: Train%/Test% | Accuracy: 82.11%/75.47% | Precision: 82.94%/76.96% | Recall: 83.61%/78.72% | F1: 82.08%/75.29% | Time: fit=002s, train=000s, test=000s, total=003s
Epoch  47: Train%/Test% | Accuracy: 81.99%/75.47% | Precision: 82.85%/76.96% | Recall: 83.51%/78.72% | F1: 81.96%/75.29% | Time: fit=002s, train=000s, test=000s, total=003s
Epoch  48: Train%/Test% | Accuracy: 82.70%/79.72% | Precision: 83.16%/80.11% | Recall: 83.97%/82.35% | F1: 82.65%/79.43% | Time: fit=002s, train=000s, test=000s, total=003s
Epoch  49: Train%/Test% | Accuracy: 83.77%/77.83% | Precision: 83.83%/77.96% | Recall: 84.73%/80.05% | F1: 83.67%/77.46% | Time: fit=002s, train=000s, test=000s, total=003s
Epoch  50: Train%/Test% | Accuracy: 86.14%/81.60% | Precision: 85.95%/80.87% | Recall: 86.89%/83.04% | F1: 86.01%/81.09% | Time: fit=002s, train=000s, test=000s, total=003s
Epoch  51: Train%/Test% | Accuracy: 85.19%/80.66% | Precision: 85.21%/80.31% | Recall: 86.15%/82.56% | F1: 85.10%/80.24% | Time: fit=002s, train=000s, test=000s, total=003s
Epoch  52: Train%/Test% | Accuracy: 83.65%/77.36% | Precision: 84.22%/78.20% | Recall: 85.02%/80.21% | F1: 83.60%/77.11% | Time: fit=002s, train=000s, test=000s, total=003s
Epoch  53: Train%/Test% | Accuracy: 84.95%/80.66% | Precision: 84.97%/80.54% | Recall: 85.90%/82.83% | F1: 84.86%/80.29% | Time: fit=002s, train=000s, test=000s, total=003s
Epoch  54: Train%/Test% | Accuracy: 82.58%/76.89% | Precision: 83.23%/77.88% | Recall: 83.98%/79.84% | F1: 82.54%/76.66% | Time: fit=002s, train=000s, test=000s, total=003s
Epoch  55: Train%/Test% | Accuracy: 82.82%/75.94% | Precision: 83.25%/77.26% | Recall: 84.07%/79.09% | F1: 82.76%/75.75% | Time: fit=002s, train=000s, test=000s, total=003s
Epoch  56: Train%/Test% | Accuracy: 82.23%/74.06% | Precision: 82.85%/76.46% | Recall: 83.60%/77.87% | F1: 82.18%/73.96% | Time: fit=002s, train=000s, test=000s, total=003s
Epoch  57: Train%/Test% | Accuracy: 84.48%/79.72% | Precision: 84.62%/79.60% | Recall: 85.53%/81.81% | F1: 84.40%/79.33% | Time: fit=002s, train=000s, test=000s, total=003s
Epoch  58: Train%/Test% | Accuracy: 86.61%/82.08% | Precision: 86.40%/81.43% | Recall: 87.33%/83.68% | F1: 86.49%/81.60% | Time: fit=002s, train=000s, test=000s, total=003s
Epoch  59: Train%/Test% | Accuracy: 86.37%/84.43% | Precision: 86.02%/83.23% | Recall: 86.85%/85.01% | F1: 86.21%/83.77% | Time: fit=002s, train=000s, test=000s, total=003s
Epoch  60: Train%/Test% | Accuracy: 83.77%/78.30% | Precision: 84.25%/79.14% | Recall: 85.08%/81.23% | F1: 83.72%/78.07% | Time: fit=002s, train=000s, test=000s, total=003s
Epoch  61: Train%/Test% | Accuracy: 84.83%/80.19% | Precision: 84.91%/80.45% | Recall: 85.84%/82.72% | F1: 84.75%/79.89% | Time: fit=002s, train=000s, test=000s, total=003s
Epoch  62: Train%/Test% | Accuracy: 83.18%/76.42% | Precision: 83.92%/78.27% | Recall: 84.65%/80.00% | F1: 83.14%/76.28% | Time: fit=002s, train=000s, test=000s, total=003s
Epoch  63: Train%/Test% | Accuracy: 82.94%/75.47% | Precision: 84.01%/77.70% | Recall: 84.60%/79.26% | F1: 82.92%/75.36% | Time: fit=002s, train=000s, test=000s, total=003s
Epoch  64: Train%/Test% | Accuracy: 80.21%/73.58% | Precision: 81.88%/76.59% | Recall: 82.14%/77.77% | F1: 80.21%/73.53% | Time: fit=002s, train=000s, test=000s, total=003s
Epoch  65: Train%/Test% | Accuracy: 80.57%/75.47% | Precision: 81.97%/77.70% | Recall: 82.36%/79.26% | F1: 80.56%/75.36% | Time: fit=002s, train=000s, test=000s, total=003s
Epoch  66: Train%/Test% | Accuracy: 81.28%/76.42% | Precision: 82.69%/78.27% | Recall: 83.09%/80.00% | F1: 81.27%/76.28% | Time: fit=002s, train=000s, test=000s, total=003s
Epoch  67: Train%/Test% | Accuracy: 84.48%/81.13% | Precision: 84.67%/80.89% | Recall: 85.57%/83.20% | F1: 84.40%/80.75% | Time: fit=002s, train=000s, test=000s, total=003s
Epoch  68: Train%/Test% | Accuracy: 86.02%/82.55% | Precision: 85.76%/81.65% | Recall: 86.67%/83.78% | F1: 85.88%/82.00% | Time: fit=002s, train=000s, test=000s, total=003s
Epoch  69: Train%/Test% | Accuracy: 86.85%/82.08% | Precision: 86.48%/80.87% | Recall: 87.30%/82.61% | F1: 86.68%/81.34% | Time: fit=002s, train=000s, test=000s, total=003s
Epoch  70: Train%/Test% | Accuracy: 86.73%/83.49% | Precision: 86.43%/82.27% | Recall: 87.32%/83.99% | F1: 86.58%/82.78% | Time: fit=002s, train=000s, test=000s, total=003s
Epoch  71: Train%/Test% | Accuracy: 86.02%/82.55% | Precision: 85.88%/81.81% | Recall: 86.82%/84.05% | F1: 85.90%/82.06% | Time: fit=002s, train=000s, test=000s, total=003s
Epoch  72: Train%/Test% | Accuracy: 86.02%/83.02% | Precision: 85.82%/82.21% | Recall: 86.74%/84.42% | F1: 85.89%/82.51% | Time: fit=002s, train=000s, test=000s, total=003s
Epoch  73: Train%/Test% | Accuracy: 85.55%/80.19% | Precision: 85.41%/79.54% | Recall: 86.34%/81.65% | F1: 85.43%/79.67% | Time: fit=002s, train=000s, test=000s, total=003s
Epoch  74: Train%/Test% | Accuracy: 83.89%/79.25% | Precision: 84.29%/79.79% | Recall: 85.14%/81.97% | F1: 83.83%/78.98% | Time: fit=002s, train=000s, test=000s, total=003s
Epoch  75: Train%/Test% | Accuracy: 81.75%/74.06% | Precision: 82.88%/76.46% | Recall: 83.42%/77.87% | F1: 81.74%/73.96% | Time: fit=002s, train=000s, test=000s, total=003s
Epoch  76: Train%/Test% | Accuracy: 81.87%/74.53% | Precision: 83.26%/77.14% | Recall: 83.68%/78.51% | F1: 81.86%/74.45% | Time: fit=002s, train=000s, test=000s, total=003s
Epoch  77: Train%/Test% | Accuracy: 82.82%/74.53% | Precision: 83.99%/77.14% | Recall: 84.54%/78.51% | F1: 82.80%/74.45% | Time: fit=002s, train=000s, test=000s, total=003s
Epoch  78: Train%/Test% | Accuracy: 80.92%/74.06% | Precision: 82.53%/77.30% | Recall: 82.83%/78.41% | F1: 80.92%/74.01% | Time: fit=002s, train=000s, test=000s, total=003s
Epoch  79: Train%/Test% | Accuracy: 80.81%/74.06% | Precision: 82.37%/77.30% | Recall: 82.69%/78.41% | F1: 80.80%/74.01% | Time: fit=002s, train=000s, test=000s, total=003s
Epoch  80: Train%/Test% | Accuracy: 82.11%/74.53% | Precision: 83.28%/77.57% | Recall: 83.81%/78.78% | F1: 82.09%/74.47% | Time: fit=002s, train=000s, test=000s, total=003s
Epoch  81: Train%/Test% | Accuracy: 83.41%/77.83% | Precision: 83.92%/79.16% | Recall: 84.73%/81.12% | F1: 83.36%/77.65% | Time: fit=002s, train=000s, test=000s, total=003s
Epoch  82: Train%/Test% | Accuracy: 85.90%/81.13% | Precision: 85.88%/80.89% | Recall: 86.84%/83.20% | F1: 85.81%/80.75% | Time: fit=002s, train=000s, test=000s, total=003s
Epoch  83: Train%/Test% | Accuracy: 83.06%/77.36% | Precision: 83.65%/78.86% | Recall: 84.43%/80.75% | F1: 83.01%/77.19% | Time: fit=002s, train=000s, test=000s, total=003s
Epoch  84: Train%/Test% | Accuracy: 85.43%/82.08% | Precision: 85.41%/81.43% | Recall: 86.35%/83.68% | F1: 85.33%/81.60% | Time: fit=002s, train=000s, test=000s, total=003s
Epoch  85: Train%/Test% | Accuracy: 86.61%/81.13% | Precision: 86.46%/80.48% | Recall: 87.41%/82.66% | F1: 86.50%/80.63% | Time: fit=002s, train=000s, test=000s, total=003s
Epoch  86: Train%/Test% | Accuracy: 83.65%/78.30% | Precision: 84.22%/79.14% | Recall: 85.02%/81.23% | F1: 83.60%/78.07% | Time: fit=002s, train=000s, test=000s, total=003s
Epoch  87: Train%/Test% | Accuracy: 84.95%/79.72% | Precision: 85.33%/80.41% | Recall: 86.22%/82.62% | F1: 84.90%/79.48% | Time: fit=002s, train=000s, test=000s, total=003s
Epoch  88: Train%/Test% | Accuracy: 86.37%/80.19% | Precision: 86.47%/80.19% | Recall: 87.44%/82.45% | F1: 86.30%/79.84% | Time: fit=002s, train=000s, test=000s, total=003s
Epoch  89: Train%/Test% | Accuracy: 86.02%/81.60% | Precision: 86.02%/80.87% | Recall: 86.98%/83.04% | F1: 85.93%/81.09% | Time: fit=002s, train=000s, test=000s, total=003s
Epoch  90: Train%/Test% | Accuracy: 86.14%/83.49% | Precision: 85.77%/82.20% | Recall: 86.57%/83.73% | F1: 85.96%/82.71% | Time: fit=002s, train=000s, test=000s, total=003s
Epoch  91: Train%/Test% | Accuracy: 82.82%/75.94% | Precision: 83.72%/77.61% | Recall: 84.38%/79.36% | F1: 82.79%/75.79% | Time: fit=002s, train=000s, test=000s, total=003s
Epoch  92: Train%/Test% | Accuracy: 87.20%/82.08% | Precision: 87.03%/81.11% | Recall: 88.00%/83.14% | F1: 87.09%/81.48% | Time: fit=002s, train=000s, test=000s, total=003s
Epoch  93: Train%/Test% | Accuracy: 86.26%/82.55% | Precision: 86.18%/82.00% | Recall: 87.14%/84.32% | F1: 86.16%/82.11% | Time: fit=002s, train=000s, test=000s, total=003s
Epoch  94: Train%/Test% | Accuracy: 88.51%/83.96% | Precision: 88.13%/82.66% | Recall: 88.97%/84.10% | F1: 88.35%/83.17% | Time: fit=002s, train=000s, test=000s, total=003s
Epoch  95: Train%/Test% | Accuracy: 88.15%/85.38% | Precision: 87.80%/84.14% | Recall: 88.66%/85.75% | F1: 88.00%/84.69% | Time: fit=002s, train=000s, test=000s, total=003s
Epoch  96: Train%/Test% | Accuracy: 86.61%/82.55% | Precision: 86.63%/81.81% | Recall: 87.61%/84.05% | F1: 86.53%/82.06% | Time: fit=002s, train=000s, test=000s, total=003s
Epoch  97: Train%/Test% | Accuracy: 83.29%/78.77% | Precision: 83.89%/79.17% | Recall: 84.67%/81.33% | F1: 83.25%/78.47% | Time: fit=002s, train=000s, test=000s, total=003s
Epoch  98: Train%/Test% | Accuracy: 82.70%/77.36% | Precision: 83.57%/78.52% | Recall: 84.24%/80.48% | F1: 82.67%/77.16% | Time: fit=002s, train=000s, test=000s, total=003s
Epoch  99: Train%/Test% | Accuracy: 81.75%/75.47% | Precision: 82.81%/77.32% | Recall: 83.38%/78.99% | F1: 81.73%/75.33% | Time: fit=002s, train=000s, test=000s, total=003s
Epoch 100: Train%/Test% | Accuracy: 82.35%/76.42% | Precision: 83.51%/77.91% | Recall: 84.05%/79.74% | F1: 82.33%/76.24% | Time: fit=002s, train=000s, test=000s, total=003s
Epoch 101: Train%/Test% | Accuracy: 81.64%/75.47% | Precision: 83.09%/77.32% | Recall: 83.48%/78.99% | F1: 81.63%/75.33% | Time: fit=002s, train=000s, test=000s, total=003s
Epoch 102: Train%/Test% | Accuracy: 82.94%/77.36% | Precision: 83.87%/78.52% | Recall: 84.52%/80.48% | F1: 82.91%/77.16% | Time: fit=002s, train=000s, test=000s, total=003s
Epoch 103: Train%/Test% | Accuracy: 83.53%/78.30% | Precision: 84.02%/78.56% | Recall: 84.84%/80.69% | F1: 83.48%/77.97% | Time: fit=002s, train=000s, test=000s, total=003s
Epoch 104: Train%/Test% | Accuracy: 81.87%/75.47% | Precision: 82.83%/76.96% | Recall: 83.45%/78.72% | F1: 81.85%/75.29% | Time: fit=002s, train=000s, test=000s, total=003s
Epoch 105: Train%/Test% | Accuracy: 83.06%/77.36% | Precision: 83.60%/77.62% | Recall: 84.39%/79.68% | F1: 83.01%/77.01% | Time: fit=002s, train=000s, test=000s, total=003s
Epoch 106: Train%/Test% | Accuracy: 81.87%/75.00% | Precision: 82.97%/77.03% | Recall: 83.53%/78.62% | F1: 81.85%/74.87% | Time: fit=002s, train=000s, test=000s, total=003s
Epoch 107: Train%/Test% | Accuracy: 82.11%/76.89% | Precision: 83.28%/78.57% | Recall: 83.81%/80.38% | F1: 82.09%/76.74% | Time: fit=002s, train=000s, test=000s, total=003s
Epoch 108: Train%/Test% | Accuracy: 79.74%/75.94% | Precision: 81.56%/77.98% | Recall: 81.73%/79.63% | F1: 79.74%/75.82% | Time: fit=002s, train=000s, test=000s, total=003s
Epoch 109: Train%/Test% | Accuracy: 79.50%/74.53% | Precision: 81.49%/77.57% | Recall: 81.56%/78.78% | F1: 79.50%/74.47% | Time: fit=002s, train=000s, test=000s, total=003s
Epoch 110: Train%/Test% | Accuracy: 79.27%/74.53% | Precision: 81.51%/78.02% | Recall: 81.44%/79.05% | F1: 79.27%/74.49% | Time: fit=002s, train=000s, test=000s, total=003s
Epoch 111: Train%/Test% | Accuracy: 79.15%/74.06% | Precision: 81.35%/77.76% | Recall: 81.30%/78.67% | F1: 79.15%/74.03% | Time: fit=002s, train=000s, test=000s, total=003s
Epoch 112: Train%/Test% | Accuracy: 79.50%/74.06% | Precision: 81.58%/77.30% | Recall: 81.60%/78.41% | F1: 79.50%/74.01% | Time: fit=002s, train=000s, test=000s, total=003s
Epoch 113: Train%/Test% | Accuracy: 79.62%/75.94% | Precision: 81.74%/78.38% | Recall: 81.74%/79.90% | F1: 79.62%/75.85% | Time: fit=002s, train=000s, test=000s, total=003s
Epoch 114: Train%/Test% | Accuracy: 80.45%/74.53% | Precision: 82.55%/77.57% | Recall: 82.58%/78.78% | F1: 80.45%/74.47% | Time: fit=002s, train=000s, test=000s, total=003s
Epoch 115: Train%/Test% | Accuracy: 79.86%/73.58% | Precision: 81.99%/77.04% | Recall: 81.99%/78.03% | F1: 79.86%/73.55% | Time: fit=002s, train=000s, test=000s, total=003s
Epoch 116: Train%/Test% | Accuracy: 82.82%/78.77% | Precision: 83.85%/79.46% | Recall: 84.46%/81.60% | F1: 82.80%/78.52% | Time: fit=002s, train=000s, test=000s, total=003s
Epoch 117: Train%/Test% | Accuracy: 83.53%/79.72% | Precision: 84.50%/80.41% | Recall: 85.15%/82.62% | F1: 83.51%/79.48% | Time: fit=002s, train=000s, test=000s, total=003s
Epoch 118: Train%/Test% | Accuracy: 83.18%/80.19% | Precision: 84.11%/81.04% | Recall: 84.77%/83.26% | F1: 83.15%/79.97% | Time: fit=002s, train=000s, test=000s, total=003s
Epoch 119: Train%/Test% | Accuracy: 80.21%/74.53% | Precision: 82.13%/77.57% | Recall: 82.25%/78.78% | F1: 80.21%/74.47% | Time: fit=002s, train=000s, test=000s, total=003s
Epoch 120: Train%/Test% | Accuracy: 81.40%/75.00% | Precision: 82.85%/77.83% | Recall: 83.23%/79.15% | F1: 81.39%/74.93% | Time: fit=002s, train=000s, test=000s, total=003s
Epoch 121: Train%/Test% | Accuracy: 81.64%/75.00% | Precision: 82.87%/77.42% | Recall: 83.36%/78.88% | F1: 81.62%/74.91% | Time: fit=002s, train=000s, test=000s, total=003s
Epoch 122: Train%/Test% | Accuracy: 84.24%/79.25% | Precision: 85.02%/80.42% | Recall: 85.76%/82.51% | F1: 84.21%/79.06% | Time: fit=002s, train=000s, test=000s, total=003s
Epoch 123: Train%/Test% | Accuracy: 82.58%/75.47% | Precision: 83.83%/76.96% | Recall: 84.33%/78.72% | F1: 82.57%/75.29% | Time: fit=002s, train=000s, test=000s, total=003s
Epoch 124: Train%/Test% | Accuracy: 84.12%/79.25% | Precision: 84.81%/79.50% | Recall: 85.58%/81.71% | F1: 84.09%/78.93% | Time: fit=002s, train=000s, test=000s, total=003s
Epoch 125: Train%/Test% | Accuracy: 84.00%/79.25% | Precision: 84.72%/79.50% | Recall: 85.48%/81.71% | F1: 83.97%/78.93% | Time: fit=002s, train=000s, test=000s, total=003s
Epoch 126: Train%/Test% | Accuracy: 86.49%/81.60% | Precision: 86.49%/80.87% | Recall: 87.47%/83.04% | F1: 86.40%/81.09% | Time: fit=002s, train=000s, test=000s, total=003s
Epoch 127: Train%/Test% | Accuracy: 86.73%/82.08% | Precision: 86.66%/80.87% | Recall: 87.63%/82.61% | F1: 86.63%/81.34% | Time: fit=002s, train=000s, test=000s, total=003s
Epoch 128: Train%/Test% | Accuracy: 87.09%/83.49% | Precision: 86.78%/82.20% | Recall: 87.66%/83.73% | F1: 86.94%/82.71% | Time: fit=002s, train=000s, test=000s, total=003s
Epoch 129: Train%/Test% | Accuracy: 84.12%/79.72% | Precision: 84.58%/80.11% | Recall: 85.42%/82.35% | F1: 84.07%/79.43% | Time: fit=002s, train=000s, test=000s, total=003s
Epoch 130: Train%/Test% | Accuracy: 84.24%/80.19% | Precision: 84.84%/80.45% | Recall: 85.64%/82.72% | F1: 84.20%/79.89% | Time: fit=002s, train=000s, test=000s, total=003s
Epoch 131: Train%/Test% | Accuracy: 84.48%/80.19% | Precision: 85.02%/80.73% | Recall: 85.85%/82.99% | F1: 84.43%/79.93% | Time: fit=002s, train=000s, test=000s, total=003s
Epoch 132: Train%/Test% | Accuracy: 83.18%/77.36% | Precision: 84.11%/78.52% | Recall: 84.77%/80.48% | F1: 83.15%/77.16% | Time: fit=002s, train=000s, test=000s, total=003s
Epoch 133: Train%/Test% | Accuracy: 80.81%/75.47% | Precision: 82.61%/78.11% | Recall: 82.80%/79.53% | F1: 80.80%/75.39% | Time: fit=002s, train=000s, test=000s, total=003s
Epoch 134: Train%/Test% | Accuracy: 81.75%/75.00% | Precision: 83.33%/77.83% | Recall: 83.66%/79.15% | F1: 81.75%/74.93% | Time: fit=002s, train=000s, test=000s, total=003s
Epoch 135: Train%/Test% | Accuracy: 81.75%/75.47% | Precision: 83.49%/77.70% | Recall: 83.74%/79.26% | F1: 81.75%/75.36% | Time: fit=002s, train=000s, test=000s, total=003s
Epoch 136: Train%/Test% | Accuracy: 80.69%/74.53% | Precision: 82.62%/77.57% | Recall: 82.74%/78.78% | F1: 80.69%/74.47% | Time: fit=002s, train=000s, test=000s, total=003s
Epoch 137: Train%/Test% | Accuracy: 79.74%/74.06% | Precision: 81.73%/77.30% | Recall: 81.81%/78.41% | F1: 79.74%/74.01% | Time: fit=002s, train=000s, test=000s, total=003s
Epoch 138: Train%/Test% | Accuracy: 80.69%/74.53% | Precision: 82.45%/77.57% | Recall: 82.66%/78.78% | F1: 80.69%/74.47% | Time: fit=002s, train=000s, test=000s, total=003s
Epoch 139: Train%/Test% | Accuracy: 78.67%/72.64% | Precision: 81.13%/76.06% | Recall: 80.93%/77.02% | F1: 78.67%/72.60% | Time: fit=002s, train=000s, test=000s, total=003s
Epoch 140: Train%/Test% | Accuracy: 79.86%/73.58% | Precision: 81.73%/76.59% | Recall: 81.87%/77.77% | F1: 79.86%/73.53% | Time: fit=002s, train=000s, test=000s, total=003s
Epoch 141: Train%/Test% | Accuracy: 81.52%/75.00% | Precision: 82.93%/77.42% | Recall: 83.34%/78.88% | F1: 81.51%/74.91% | Time: fit=002s, train=000s, test=000s, total=003s
Epoch 142: Train%/Test% | Accuracy: 80.81%/75.94% | Precision: 82.61%/78.38% | Recall: 82.80%/79.90% | F1: 80.80%/75.85% | Time: fit=002s, train=000s, test=000s, total=003s
Epoch 143: Train%/Test% | Accuracy: 81.99%/75.94% | Precision: 83.49%/77.98% | Recall: 83.86%/79.63% | F1: 81.98%/75.82% | Time: fit=002s, train=000s, test=000s, total=003s
Epoch 144: Train%/Test% | Accuracy: 81.52%/76.89% | Precision: 83.01%/78.57% | Recall: 83.38%/80.38% | F1: 81.51%/76.74% | Time: fit=002s, train=000s, test=000s, total=003s
Epoch 145: Train%/Test% | Accuracy: 81.99%/77.36% | Precision: 83.34%/78.86% | Recall: 83.78%/80.75% | F1: 81.98%/77.19% | Time: fit=002s, train=000s, test=000s, total=003s
Epoch 146: Train%/Test% | Accuracy: 81.52%/75.47% | Precision: 82.93%/77.70% | Recall: 83.34%/79.26% | F1: 81.51%/75.36% | Time: fit=002s, train=000s, test=000s, total=003s
Epoch 147: Train%/Test% | Accuracy: 84.00%/79.25% | Precision: 84.66%/80.09% | Recall: 85.44%/82.24% | F1: 83.97%/79.02% | Time: fit=002s, train=000s, test=000s, total=003s
Epoch 148: Train%/Test% | Accuracy: 84.95%/81.13% | Precision: 85.39%/81.39% | Recall: 86.26%/83.74% | F1: 84.90%/80.84% | Time: fit=002s, train=000s, test=000s, total=003s
Epoch 149: Train%/Test% | Accuracy: 81.04%/77.36% | Precision: 82.61%/79.23% | Recall: 82.93%/81.02% | F1: 81.04%/77.23% | Time: fit=002s, train=000s, test=000s, total=003s
Epoch 150: Train%/Test% | Accuracy: 80.81%/76.42% | Precision: 82.29%/78.66% | Recall: 82.65%/80.27% | F1: 80.80%/76.31% | Time: fit=001s, train=000s, test=000s, total=001s
