[*] Load dataset...
[*] Fix malformed data...
[*] Split...
[*] Encoding...
[*] -> text...
[*] -> domain...
pipeline.py:185: SettingWithCopyWarning: 
A value is trying to be set on a copy of a slice from a DataFrame.
Try using .loc[row_indexer,col_indexer] = value instead

See the caveats in the documentation: https://pandas.pydata.org/pandas-docs/stable/user_guide/indexing.html#returning-a-view-versus-a-copy
  train_df['domain'] = train_df['url'].apply(extract_domain)
pipeline.py:186: SettingWithCopyWarning: 
A value is trying to be set on a copy of a slice from a DataFrame.
Try using .loc[row_indexer,col_indexer] = value instead

See the caveats in the documentation: https://pandas.pydata.org/pandas-docs/stable/user_guide/indexing.html#returning-a-view-versus-a-copy
  test_df['domain'] = test_df['url'].apply(extract_domain)
[*] Encoding complete!
==============================
Using GPU for training
Dataset: FakeNewsNet-politifact
TMU params: num-clauses=5000, T=50, s=5.0
Epochs: 150
Feature(s): text, domain
max-vocab=15000, max-domain=500, max-tweet=500
====================
Train size: 844
Train classes: 2
Test size: 212
Test classes: 2
Total features: 3252
==============================
[*] Training for 150 epochs...
Epoch   1: Train%/Test% | Accuracy: 65.64%/62.74% | Precision: 68.11%/66.37% | Recall: 67.78%/66.77% | F1: 65.62%/62.72% | Time: fit=020s, train=003s, test=001s, total=024s
Epoch   2: Train%/Test% | Accuracy: 67.30%/60.85% | Precision: 70.44%/64.39% | Recall: 69.76%/64.74% | F1: 67.25%/60.83% | Time: fit=017s, train=003s, test=001s, total=021s
Epoch   3: Train%/Test% | Accuracy: 70.26%/63.68% | Precision: 72.81%/66.21% | Recall: 72.47%/66.98% | F1: 70.25%/63.58% | Time: fit=017s, train=003s, test=001s, total=021s
Epoch   4: Train%/Test% | Accuracy: 79.03%/66.98% | Precision: 78.47%/64.88% | Recall: 78.80%/65.31% | F1: 78.60%/65.04% | Time: fit=017s, train=003s, test=001s, total=021s
Epoch   5: Train%/Test% | Accuracy: 76.18%/66.98% | Precision: 76.41%/66.74% | Recall: 77.10%/67.99% | F1: 76.08%/66.31% | Time: fit=017s, train=003s, test=001s, total=021s
Epoch   6: Train%/Test% | Accuracy: 75.71%/66.98% | Precision: 76.88%/68.08% | Recall: 77.28%/69.33% | F1: 75.69%/66.68% | Time: fit=017s, train=003s, test=001s, total=021s
Epoch   7: Train%/Test% | Accuracy: 74.29%/65.57% | Precision: 75.44%/67.45% | Recall: 75.82%/68.47% | F1: 74.27%/65.39% | Time: fit=016s, train=003s, test=001s, total=021s
Epoch   8: Train%/Test% | Accuracy: 75.36%/66.98% | Precision: 76.29%/68.72% | Recall: 76.78%/69.86% | F1: 75.32%/66.79% | Time: fit=016s, train=003s, test=001s, total=020s
Epoch   9: Train%/Test% | Accuracy: 75.12%/68.40% | Precision: 76.24%/70.68% | Recall: 76.65%/71.79% | F1: 75.10%/68.28% | Time: fit=017s, train=003s, test=001s, total=021s
Epoch  10: Train%/Test% | Accuracy: 76.18%/68.40% | Precision: 77.10%/69.66% | Recall: 77.61%/70.98% | F1: 76.15%/68.14% | Time: fit=016s, train=003s, test=001s, total=020s
Epoch  11: Train%/Test% | Accuracy: 77.01%/68.40% | Precision: 77.62%/69.06% | Recall: 78.24%/70.45% | F1: 76.96%/68.02% | Time: fit=016s, train=003s, test=001s, total=020s
Epoch  12: Train%/Test% | Accuracy: 75.83%/66.98% | Precision: 77.03%/68.72% | Recall: 77.42%/69.86% | F1: 75.81%/66.79% | Time: fit=016s, train=003s, test=001s, total=021s
Epoch  13: Train%/Test% | Accuracy: 75.83%/66.98% | Precision: 76.83%/68.39% | Recall: 77.30%/69.59% | F1: 75.80%/66.74% | Time: fit=016s, train=003s, test=001s, total=021s
Epoch  14: Train%/Test% | Accuracy: 76.30%/70.75% | Precision: 77.31%/71.28% | Recall: 77.79%/72.85% | F1: 76.28%/70.38% | Time: fit=016s, train=003s, test=001s, total=020s
Epoch  15: Train%/Test% | Accuracy: 63.63%/57.08% | Precision: 72.23%/64.88% | Recall: 67.85%/63.37% | F1: 62.76%/56.86% | Time: fit=016s, train=003s, test=001s, total=020s
Epoch  16: Train%/Test% | Accuracy: 64.22%/56.60% | Precision: 74.43%/68.00% | Recall: 68.75%/64.33% | F1: 63.15%/55.94% | Time: fit=016s, train=003s, test=001s, total=020s
Epoch  17: Train%/Test% | Accuracy: 64.10%/56.13% | Precision: 74.17%/66.98% | Recall: 68.61%/63.69% | F1: 63.04%/55.51% | Time: fit=016s, train=003s, test=001s, total=020s
Epoch  18: Train%/Test% | Accuracy: 64.69%/54.72% | Precision: 73.33%/62.87% | Recall: 68.89%/61.23% | F1: 63.89%/54.39% | Time: fit=016s, train=003s, test=001s, total=020s
Epoch  19: Train%/Test% | Accuracy: 64.57%/55.19% | Precision: 72.91%/63.17% | Recall: 68.71%/61.61% | F1: 63.80%/54.90% | Time: fit=016s, train=003s, test=001s, total=020s
Epoch  20: Train%/Test% | Accuracy: 64.81%/54.72% | Precision: 73.21%/62.87% | Recall: 68.95%/61.23% | F1: 64.05%/54.39% | Time: fit=016s, train=003s, test=001s, total=020s
Epoch  21: Train%/Test% | Accuracy: 79.15%/71.23% | Precision: 80.18%/71.62% | Recall: 80.71%/73.22% | F1: 79.12%/70.82% | Time: fit=016s, train=003s, test=001s, total=020s
Epoch  22: Train%/Test% | Accuracy: 79.50%/70.75% | Precision: 80.57%/71.28% | Recall: 81.09%/72.85% | F1: 79.48%/70.38% | Time: fit=016s, train=003s, test=001s, total=020s
Epoch  23: Train%/Test% | Accuracy: 80.09%/73.58% | Precision: 81.01%/73.58% | Recall: 81.60%/75.35% | F1: 80.07%/73.12% | Time: fit=016s, train=003s, test=001s, total=020s
Epoch  24: Train%/Test% | Accuracy: 77.96%/71.23% | Precision: 79.12%/71.90% | Recall: 79.57%/73.49% | F1: 77.94%/70.88% | Time: fit=016s, train=003s, test=001s, total=020s
Epoch  25: Train%/Test% | Accuracy: 78.32%/69.81% | Precision: 79.44%/70.34% | Recall: 79.92%/71.83% | F1: 78.30%/69.42% | Time: fit=016s, train=003s, test=001s, total=020s
Epoch  26: Train%/Test% | Accuracy: 78.91%/70.28% | Precision: 79.88%/70.67% | Recall: 80.43%/72.21% | F1: 78.88%/69.86% | Time: fit=016s, train=003s, test=001s, total=020s
Epoch  27: Train%/Test% | Accuracy: 78.55%/71.70% | Precision: 79.43%/71.46% | Recall: 80.00%/73.06% | F1: 78.52%/71.12% | Time: fit=016s, train=003s, test=001s, total=020s
Epoch  28: Train%/Test% | Accuracy: 78.32%/68.87% | Precision: 79.58%/69.39% | Recall: 79.99%/70.82% | F1: 78.30%/68.46% | Time: fit=016s, train=003s, test=001s, total=020s
Epoch  29: Train%/Test% | Accuracy: 79.74%/74.06% | Precision: 80.56%/73.29% | Recall: 81.18%/74.92% | F1: 79.70%/73.33% | Time: fit=016s, train=003s, test=001s, total=020s
Epoch  30: Train%/Test% | Accuracy: 79.15%/73.58% | Precision: 79.99%/72.91% | Recall: 80.59%/74.55% | F1: 79.11%/72.89% | Time: fit=016s, train=003s, test=001s, total=020s
Epoch  31: Train%/Test% | Accuracy: 79.03%/73.11% | Precision: 80.16%/72.99% | Recall: 80.65%/74.71% | F1: 79.01%/72.60% | Time: fit=016s, train=003s, test=001s, total=020s
Epoch  32: Train%/Test% | Accuracy: 78.79%/71.23% | Precision: 80.13%/71.90% | Recall: 80.52%/73.49% | F1: 78.78%/70.88% | Time: fit=016s, train=003s, test=001s, total=020s
Epoch  33: Train%/Test% | Accuracy: 77.61%/72.64% | Precision: 79.15%/73.17% | Recall: 79.42%/74.88% | F1: 77.60%/72.29% | Time: fit=016s, train=003s, test=001s, total=020s
Epoch  34: Train%/Test% | Accuracy: 77.61%/69.81% | Precision: 79.31%/71.25% | Recall: 79.50%/72.64% | F1: 77.60%/69.59% | Time: fit=016s, train=003s, test=001s, total=020s
Epoch  35: Train%/Test% | Accuracy: 77.01%/69.34% | Precision: 78.74%/70.30% | Recall: 78.91%/71.73% | F1: 77.01%/69.04% | Time: fit=016s, train=003s, test=001s, total=020s
Epoch  36: Train%/Test% | Accuracy: 79.50%/69.81% | Precision: 80.64%/71.25% | Recall: 81.13%/72.64% | F1: 79.48%/69.59% | Time: fit=016s, train=003s, test=001s, total=020s
Epoch  37: Train%/Test% | Accuracy: 79.50%/71.23% | Precision: 80.71%/72.20% | Recall: 81.17%/73.76% | F1: 79.49%/70.94% | Time: fit=016s, train=003s, test=001s, total=021s
Epoch  38: Train%/Test% | Accuracy: 79.50%/70.75% | Precision: 80.64%/71.57% | Recall: 81.13%/73.12% | F1: 79.48%/70.44% | Time: fit=016s, train=003s, test=001s, total=020s
Epoch  39: Train%/Test% | Accuracy: 79.03%/68.87% | Precision: 80.37%/70.98% | Recall: 80.76%/72.16% | F1: 79.02%/68.73% | Time: fit=016s, train=003s, test=001s, total=020s
Epoch  40: Train%/Test% | Accuracy: 79.15%/68.40% | Precision: 80.46%/70.32% | Recall: 80.86%/71.52% | F1: 79.14%/68.24% | Time: fit=016s, train=003s, test=001s, total=020s
Epoch  41: Train%/Test% | Accuracy: 79.50%/69.34% | Precision: 80.57%/70.94% | Recall: 81.09%/72.26% | F1: 79.48%/69.14% | Time: fit=016s, train=003s, test=001s, total=020s
Epoch  42: Train%/Test% | Accuracy: 80.33%/69.81% | Precision: 81.25%/70.34% | Recall: 81.85%/71.83% | F1: 80.30%/69.42% | Time: fit=016s, train=003s, test=001s, total=020s
Epoch  43: Train%/Test% | Accuracy: 80.92%/68.40% | Precision: 81.63%/69.35% | Recall: 82.32%/70.71% | F1: 80.88%/68.08% | Time: fit=016s, train=003s, test=001s, total=020s
Epoch  44: Train%/Test% | Accuracy: 80.81%/69.81% | Precision: 81.54%/70.62% | Recall: 82.21%/72.10% | F1: 80.77%/69.48% | Time: fit=016s, train=003s, test=001s, total=020s
Epoch  45: Train%/Test% | Accuracy: 81.28%/69.81% | Precision: 81.84%/70.62% | Recall: 82.58%/72.10% | F1: 81.23%/69.48% | Time: fit=016s, train=003s, test=001s, total=020s
Epoch  46: Train%/Test% | Accuracy: 81.28%/70.75% | Precision: 81.84%/71.28% | Recall: 82.58%/72.85% | F1: 81.23%/70.38% | Time: fit=016s, train=003s, test=001s, total=020s
Epoch  47: Train%/Test% | Accuracy: 81.52%/71.70% | Precision: 81.97%/71.70% | Recall: 82.75%/73.33% | F1: 81.46%/71.20% | Time: fit=016s, train=003s, test=001s, total=020s
Epoch  48: Train%/Test% | Accuracy: 82.23%/74.06% | Precision: 82.44%/73.49% | Recall: 83.28%/75.19% | F1: 82.14%/73.41% | Time: fit=016s, train=003s, test=001s, total=020s
Epoch  49: Train%/Test% | Accuracy: 82.11%/74.06% | Precision: 82.39%/73.70% | Recall: 83.22%/75.46% | F1: 82.03%/73.49% | Time: fit=016s, train=003s, test=001s, total=020s
Epoch  50: Train%/Test% | Accuracy: 81.52%/74.53% | Precision: 82.08%/74.53% | Recall: 82.83%/76.37% | F1: 81.47%/74.08% | Time: fit=016s, train=003s, test=001s, total=020s
Epoch  51: Train%/Test% | Accuracy: 81.75%/73.58% | Precision: 82.16%/73.58% | Recall: 82.95%/75.35% | F1: 81.69%/73.12% | Time: fit=016s, train=003s, test=001s, total=020s
Epoch  52: Train%/Test% | Accuracy: 81.64%/73.58% | Precision: 82.01%/73.84% | Recall: 82.81%/75.62% | F1: 81.57%/73.18% | Time: fit=016s, train=003s, test=001s, total=020s
Epoch  53: Train%/Test% | Accuracy: 81.04%/71.23% | Precision: 81.60%/71.62% | Recall: 82.34%/73.22% | F1: 80.99%/70.82% | Time: fit=016s, train=003s, test=001s, total=020s
Epoch  54: Train%/Test% | Accuracy: 80.92%/73.11% | Precision: 81.35%/73.51% | Recall: 82.12%/75.25% | F1: 80.86%/72.73% | Time: fit=016s, train=003s, test=001s, total=020s
Epoch  55: Train%/Test% | Accuracy: 80.81%/70.28% | Precision: 81.48%/70.95% | Recall: 82.18%/72.47% | F1: 80.76%/69.93% | Time: fit=016s, train=003s, test=001s, total=020s
Epoch  56: Train%/Test% | Accuracy: 81.28%/71.70% | Precision: 81.84%/71.96% | Recall: 82.58%/73.59% | F1: 81.23%/71.27% | Time: fit=016s, train=003s, test=001s, total=020s
Epoch  57: Train%/Test% | Accuracy: 80.57%/69.81% | Precision: 81.42%/70.93% | Recall: 82.05%/72.37% | F1: 80.54%/69.54% | Time: fit=016s, train=003s, test=001s, total=020s
Epoch  58: Train%/Test% | Accuracy: 79.98%/68.87% | Precision: 80.99%/70.63% | Recall: 81.54%/71.89% | F1: 79.95%/68.69% | Time: fit=016s, train=003s, test=001s, total=020s
Epoch  59: Train%/Test% | Accuracy: 79.74%/69.34% | Precision: 80.68%/70.94% | Recall: 81.26%/72.26% | F1: 79.71%/69.14% | Time: fit=016s, train=003s, test=001s, total=020s
Epoch  60: Train%/Test% | Accuracy: 80.69%/69.81% | Precision: 81.51%/70.93% | Recall: 82.15%/72.37% | F1: 80.65%/69.54% | Time: fit=016s, train=003s, test=001s, total=020s
Epoch  61: Train%/Test% | Accuracy: 80.21%/72.17% | Precision: 80.97%/72.56% | Recall: 81.63%/74.23% | F1: 80.18%/71.78% | Time: fit=016s, train=003s, test=001s, total=020s
Epoch  62: Train%/Test% | Accuracy: 81.52%/74.53% | Precision: 82.02%/74.53% | Recall: 82.79%/76.37% | F1: 81.46%/74.08% | Time: fit=016s, train=003s, test=001s, total=020s
Epoch  63: Train%/Test% | Accuracy: 81.87%/74.53% | Precision: 82.30%/74.79% | Recall: 83.09%/76.64% | F1: 81.81%/74.14% | Time: fit=016s, train=003s, test=001s, total=020s
Epoch  64: Train%/Test% | Accuracy: 82.23%/74.53% | Precision: 82.74%/74.79% | Recall: 83.52%/76.64% | F1: 82.17%/74.14% | Time: fit=016s, train=003s, test=001s, total=020s
Epoch  65: Train%/Test% | Accuracy: 82.23%/74.53% | Precision: 82.74%/74.79% | Recall: 83.52%/76.64% | F1: 82.17%/74.14% | Time: fit=016s, train=003s, test=001s, total=020s
Epoch  66: Train%/Test% | Accuracy: 81.64%/75.00% | Precision: 82.12%/75.13% | Recall: 82.89%/77.01% | F1: 81.58%/74.59% | Time: fit=016s, train=003s, test=001s, total=020s
Epoch  67: Train%/Test% | Accuracy: 80.92%/71.23% | Precision: 81.75%/72.51% | Recall: 82.40%/74.02% | F1: 80.89%/70.99% | Time: fit=016s, train=003s, test=001s, total=020s
Epoch  68: Train%/Test% | Accuracy: 81.16%/71.70% | Precision: 81.87%/72.82% | Recall: 82.56%/74.40% | F1: 81.12%/71.44% | Time: fit=016s, train=003s, test=001s, total=020s
Epoch  69: Train%/Test% | Accuracy: 82.35%/72.17% | Precision: 82.88%/73.14% | Recall: 83.66%/74.77% | F1: 82.30%/71.89% | Time: fit=016s, train=003s, test=001s, total=020s
Epoch  70: Train%/Test% | Accuracy: 80.33%/70.28% | Precision: 81.25%/71.56% | Recall: 81.85%/73.01% | F1: 80.30%/70.04% | Time: fit=016s, train=003s, test=001s, total=020s
Epoch  71: Train%/Test% | Accuracy: 81.28%/74.06% | Precision: 81.90%/74.18% | Recall: 82.62%/76.00% | F1: 81.23%/73.63% | Time: fit=016s, train=003s, test=001s, total=020s
Epoch  72: Train%/Test% | Accuracy: 79.03%/69.34% | Precision: 80.37%/71.28% | Recall: 80.76%/72.53% | F1: 79.02%/69.19% | Time: fit=017s, train=003s, test=001s, total=021s
Epoch  73: Train%/Test% | Accuracy: 79.38%/70.75% | Precision: 80.49%/72.20% | Recall: 80.99%/73.65% | F1: 79.36%/70.54% | Time: fit=016s, train=003s, test=001s, total=020s
Epoch  74: Train%/Test% | Accuracy: 79.38%/69.34% | Precision: 80.70%/71.28% | Recall: 81.11%/72.53% | F1: 79.37%/69.19% | Time: fit=016s, train=003s, test=001s, total=020s
Epoch  75: Train%/Test% | Accuracy: 79.50%/70.28% | Precision: 80.71%/71.89% | Recall: 81.17%/73.28% | F1: 79.49%/70.09% | Time: fit=016s, train=003s, test=001s, total=020s
Epoch  76: Train%/Test% | Accuracy: 79.27%/68.87% | Precision: 80.61%/70.98% | Recall: 81.01%/72.16% | F1: 79.25%/68.73% | Time: fit=016s, train=003s, test=001s, total=020s
Epoch  77: Train%/Test% | Accuracy: 79.27%/69.81% | Precision: 80.69%/71.58% | Recall: 81.05%/72.90% | F1: 79.26%/69.64% | Time: fit=016s, train=003s, test=001s, total=020s
Epoch  78: Train%/Test% | Accuracy: 80.57%/70.28% | Precision: 81.55%/71.89% | Recall: 82.13%/73.28% | F1: 80.54%/70.09% | Time: fit=016s, train=003s, test=001s, total=020s
Epoch  79: Train%/Test% | Accuracy: 81.16%/71.23% | Precision: 81.99%/72.51% | Recall: 82.64%/74.02% | F1: 81.13%/70.99% | Time: fit=016s, train=003s, test=001s, total=020s
Epoch  80: Train%/Test% | Accuracy: 80.21%/72.64% | Precision: 81.29%/73.77% | Recall: 81.82%/75.41% | F1: 80.19%/72.40% | Time: fit=016s, train=003s, test=001s, total=020s
Epoch  81: Train%/Test% | Accuracy: 78.79%/70.75% | Precision: 80.28%/72.20% | Recall: 80.60%/73.65% | F1: 78.78%/70.54% | Time: fit=016s, train=003s, test=001s, total=020s
Epoch  82: Train%/Test% | Accuracy: 78.08%/69.81% | Precision: 80.12%/72.31% | Recall: 80.14%/73.44% | F1: 78.08%/69.71% | Time: fit=016s, train=003s, test=001s, total=020s
Epoch  83: Train%/Test% | Accuracy: 78.08%/68.87% | Precision: 80.03%/71.35% | Recall: 80.10%/72.43% | F1: 78.08%/68.77% | Time: fit=016s, train=003s, test=001s, total=020s
Epoch  84: Train%/Test% | Accuracy: 79.62%/71.23% | Precision: 81.24%/72.51% | Recall: 81.51%/74.02% | F1: 79.62%/70.99% | Time: fit=016s, train=003s, test=001s, total=020s
Epoch  85: Train%/Test% | Accuracy: 79.98%/73.11% | Precision: 81.19%/74.41% | Recall: 81.66%/76.05% | F1: 79.96%/72.90% | Time: fit=016s, train=003s, test=001s, total=020s
Epoch  86: Train%/Test% | Accuracy: 80.57%/72.17% | Precision: 81.68%/73.46% | Recall: 82.21%/75.04% | F1: 80.55%/71.94% | Time: fit=016s, train=003s, test=001s, total=020s
Epoch  87: Train%/Test% | Accuracy: 79.86%/71.23% | Precision: 81.11%/72.20% | Recall: 81.56%/73.76% | F1: 79.84%/70.94% | Time: fit=016s, train=003s, test=001s, total=020s
Epoch  88: Train%/Test% | Accuracy: 81.04%/72.17% | Precision: 81.90%/72.84% | Recall: 82.54%/74.50% | F1: 81.01%/71.84% | Time: fit=016s, train=003s, test=001s, total=020s
Epoch  89: Train%/Test% | Accuracy: 81.04%/72.17% | Precision: 81.96%/72.30% | Recall: 82.58%/73.97% | F1: 81.02%/71.71% | Time: fit=016s, train=003s, test=001s, total=020s
Epoch  90: Train%/Test% | Accuracy: 81.75%/72.17% | Precision: 82.43%/72.30% | Recall: 83.15%/73.97% | F1: 81.71%/71.71% | Time: fit=016s, train=003s, test=001s, total=020s
Epoch  91: Train%/Test% | Accuracy: 81.52%/73.11% | Precision: 82.08%/72.99% | Recall: 82.83%/74.71% | F1: 81.47%/72.60% | Time: fit=016s, train=003s, test=001s, total=020s
Epoch  92: Train%/Test% | Accuracy: 80.92%/70.75% | Precision: 81.75%/71.57% | Recall: 82.40%/73.12% | F1: 80.89%/70.44% | Time: fit=016s, train=003s, test=001s, total=020s
Epoch  93: Train%/Test% | Accuracy: 80.69%/69.81% | Precision: 81.64%/70.62% | Recall: 82.23%/72.10% | F1: 80.66%/69.48% | Time: fit=016s, train=003s, test=001s, total=020s
Epoch  94: Train%/Test% | Accuracy: 81.52%/72.17% | Precision: 81.92%/72.56% | Recall: 82.71%/74.23% | F1: 81.45%/71.78% | Time: fit=016s, train=003s, test=001s, total=020s
Epoch  95: Train%/Test% | Accuracy: 81.87%/72.17% | Precision: 82.20%/72.30% | Recall: 83.02%/73.97% | F1: 81.80%/71.71% | Time: fit=016s, train=003s, test=001s, total=020s
Epoch  96: Train%/Test% | Accuracy: 81.87%/72.64% | Precision: 82.15%/72.90% | Recall: 82.98%/74.61% | F1: 81.79%/72.22% | Time: fit=016s, train=003s, test=001s, total=020s
Epoch  97: Train%/Test% | Accuracy: 82.23%/72.64% | Precision: 82.53%/72.90% | Recall: 83.36%/74.61% | F1: 82.15%/72.22% | Time: fit=016s, train=003s, test=001s, total=020s
Epoch  98: Train%/Test% | Accuracy: 82.46%/73.58% | Precision: 82.92%/73.84% | Recall: 83.72%/75.62% | F1: 82.41%/73.18% | Time: fit=016s, train=003s, test=001s, total=020s
Epoch  99: Train%/Test% | Accuracy: 83.53%/74.53% | Precision: 83.86%/74.53% | Recall: 84.72%/76.37% | F1: 83.47%/74.08% | Time: fit=016s, train=003s, test=001s, total=020s
Epoch 100: Train%/Test% | Accuracy: 82.94%/72.17% | Precision: 83.29%/72.56% | Recall: 84.13%/74.23% | F1: 82.87%/71.78% | Time: fit=016s, train=003s, test=001s, total=020s
Epoch 101: Train%/Test% | Accuracy: 82.35%/72.17% | Precision: 82.58%/72.56% | Recall: 83.42%/74.23% | F1: 82.27%/71.78% | Time: fit=016s, train=003s, test=001s, total=020s
Epoch 102: Train%/Test% | Accuracy: 82.35%/74.06% | Precision: 82.63%/74.18% | Recall: 83.46%/76.00% | F1: 82.27%/73.63% | Time: fit=016s, train=003s, test=001s, total=020s
Epoch 103: Train%/Test% | Accuracy: 83.18%/74.53% | Precision: 83.34%/74.29% | Recall: 84.22%/76.10% | F1: 83.09%/74.01% | Time: fit=016s, train=003s, test=001s, total=020s
Epoch 104: Train%/Test% | Accuracy: 83.53%/73.58% | Precision: 83.67%/73.34% | Recall: 84.56%/75.09% | F1: 83.44%/73.05% | Time: fit=016s, train=003s, test=001s, total=020s
Epoch 105: Train%/Test% | Accuracy: 81.99%/72.17% | Precision: 82.50%/72.30% | Recall: 83.27%/73.97% | F1: 81.94%/71.71% | Time: fit=016s, train=003s, test=001s, total=020s
Epoch 106: Train%/Test% | Accuracy: 81.64%/72.17% | Precision: 82.28%/72.56% | Recall: 83.01%/74.23% | F1: 81.59%/71.78% | Time: fit=016s, train=003s, test=001s, total=020s
Epoch 107: Train%/Test% | Accuracy: 81.87%/73.58% | Precision: 82.46%/73.58% | Recall: 83.21%/75.35% | F1: 81.82%/73.12% | Time: fit=016s, train=003s, test=001s, total=020s
Epoch 108: Train%/Test% | Accuracy: 81.16%/75.00% | Precision: 81.87%/74.88% | Recall: 82.56%/76.74% | F1: 81.12%/74.52% | Time: fit=016s, train=003s, test=001s, total=020s
Epoch 109: Train%/Test% | Accuracy: 80.45%/74.06% | Precision: 81.15%/73.93% | Recall: 81.83%/75.73% | F1: 80.41%/73.56% | Time: fit=016s, train=003s, test=001s, total=020s
Epoch 110: Train%/Test% | Accuracy: 82.11%/75.47% | Precision: 82.59%/75.01% | Recall: 83.38%/76.85% | F1: 82.05%/74.90% | Time: fit=016s, train=003s, test=001s, total=020s
Epoch 111: Train%/Test% | Accuracy: 78.91%/73.58% | Precision: 78.92%/71.87% | Recall: 77.37%/69.46% | F1: 77.83%/70.14% | Time: fit=016s, train=003s, test=001s, total=020s
Epoch 112: Train%/Test% | Accuracy: 79.03%/73.58% | Precision: 78.99%/71.77% | Recall: 77.55%/69.73% | F1: 77.99%/70.35% | Time: fit=016s, train=003s, test=001s, total=020s
Epoch 113: Train%/Test% | Accuracy: 78.91%/73.58% | Precision: 78.96%/71.87% | Recall: 77.33%/69.46% | F1: 77.81%/70.14% | Time: fit=016s, train=003s, test=001s, total=020s
Epoch 114: Train%/Test% | Accuracy: 79.86%/74.53% | Precision: 80.19%/73.33% | Recall: 78.14%/69.94% | F1: 78.71%/70.77% | Time: fit=016s, train=003s, test=001s, total=020s
Epoch 115: Train%/Test% | Accuracy: 79.74%/74.53% | Precision: 80.09%/73.33% | Recall: 78.00%/69.94% | F1: 78.57%/70.77% | Time: fit=016s, train=003s, test=001s, total=020s
Epoch 116: Train%/Test% | Accuracy: 79.74%/74.53% | Precision: 80.14%/73.33% | Recall: 77.96%/69.94% | F1: 78.55%/70.77% | Time: fit=016s, train=003s, test=001s, total=020s
Epoch 117: Train%/Test% | Accuracy: 82.94%/74.06% | Precision: 83.06%/73.93% | Recall: 83.93%/75.73% | F1: 82.85%/73.56% | Time: fit=016s, train=003s, test=001s, total=020s
Epoch 118: Train%/Test% | Accuracy: 82.94%/73.58% | Precision: 83.15%/73.58% | Recall: 84.01%/75.35% | F1: 82.86%/73.12% | Time: fit=016s, train=003s, test=001s, total=020s
Epoch 119: Train%/Test% | Accuracy: 82.46%/74.53% | Precision: 82.87%/74.29% | Recall: 83.68%/76.10% | F1: 82.40%/74.01% | Time: fit=016s, train=003s, test=001s, total=020s
Epoch 120: Train%/Test% | Accuracy: 81.75%/73.58% | Precision: 82.37%/73.84% | Recall: 83.11%/75.62% | F1: 81.71%/73.18% | Time: fit=016s, train=003s, test=001s, total=020s
Epoch 121: Train%/Test% | Accuracy: 81.75%/73.58% | Precision: 82.37%/73.84% | Recall: 83.11%/75.62% | F1: 81.71%/73.18% | Time: fit=016s, train=003s, test=001s, total=020s
Epoch 122: Train%/Test% | Accuracy: 81.52%/73.58% | Precision: 82.13%/73.84% | Recall: 82.87%/75.62% | F1: 81.47%/73.18% | Time: fit=016s, train=003s, test=001s, total=020s
Epoch 123: Train%/Test% | Accuracy: 80.57%/73.58% | Precision: 81.36%/73.84% | Recall: 82.01%/75.62% | F1: 80.53%/73.18% | Time: fit=016s, train=003s, test=001s, total=020s
Epoch 124: Train%/Test% | Accuracy: 80.57%/73.11% | Precision: 81.18%/73.51% | Recall: 81.89%/75.25% | F1: 80.52%/72.73% | Time: fit=016s, train=003s, test=001s, total=020s
Epoch 125: Train%/Test% | Accuracy: 80.81%/74.53% | Precision: 81.42%/74.79% | Recall: 82.14%/76.64% | F1: 80.76%/74.14% | Time: fit=016s, train=003s, test=001s, total=020s
Epoch 126: Train%/Test% | Accuracy: 81.16%/75.00% | Precision: 81.87%/75.13% | Recall: 82.56%/77.01% | F1: 81.12%/74.59% | Time: fit=016s, train=003s, test=001s, total=020s
Epoch 127: Train%/Test% | Accuracy: 81.40%/75.47% | Precision: 82.10%/75.47% | Recall: 82.80%/77.38% | F1: 81.36%/75.04% | Time: fit=016s, train=003s, test=001s, total=020s
Epoch 128: Train%/Test% | Accuracy: 81.40%/73.58% | Precision: 82.10%/74.12% | Recall: 82.80%/75.89% | F1: 81.36%/73.24% | Time: fit=016s, train=003s, test=001s, total=020s
Epoch 129: Train%/Test% | Accuracy: 81.40%/74.53% | Precision: 82.10%/74.53% | Recall: 82.80%/76.37% | F1: 81.36%/74.08% | Time: fit=016s, train=003s, test=001s, total=020s
Epoch 130: Train%/Test% | Accuracy: 81.28%/72.64% | Precision: 82.20%/73.46% | Recall: 82.82%/75.14% | F1: 81.25%/72.34% | Time: fit=016s, train=003s, test=001s, total=020s
Epoch 131: Train%/Test% | Accuracy: 82.82%/74.53% | Precision: 83.15%/74.53% | Recall: 83.99%/76.37% | F1: 82.75%/74.08% | Time: fit=016s, train=003s, test=001s, total=020s
Epoch 132: Train%/Test% | Accuracy: 83.41%/75.00% | Precision: 83.72%/74.88% | Recall: 84.58%/76.74% | F1: 83.34%/74.52% | Time: fit=016s, train=003s, test=001s, total=021s
Epoch 133: Train%/Test% | Accuracy: 83.06%/75.00% | Precision: 83.60%/74.88% | Recall: 84.39%/76.74% | F1: 83.01%/74.52% | Time: fit=016s, train=003s, test=001s, total=020s
Epoch 134: Train%/Test% | Accuracy: 82.23%/74.06% | Precision: 82.74%/73.93% | Recall: 83.52%/75.73% | F1: 82.17%/73.56% | Time: fit=016s, train=003s, test=001s, total=020s
Epoch 135: Train%/Test% | Accuracy: 81.64%/72.64% | Precision: 82.40%/72.90% | Recall: 83.09%/74.61% | F1: 81.60%/72.22% | Time: fit=016s, train=003s, test=001s, total=020s
Epoch 136: Train%/Test% | Accuracy: 81.99%/72.64% | Precision: 82.73%/72.90% | Recall: 83.43%/74.61% | F1: 81.95%/72.22% | Time: fit=016s, train=003s, test=001s, total=020s
Epoch 137: Train%/Test% | Accuracy: 81.75%/73.11% | Precision: 82.43%/73.51% | Recall: 83.15%/75.25% | F1: 81.71%/72.73% | Time: fit=016s, train=003s, test=001s, total=020s
Epoch 138: Train%/Test% | Accuracy: 83.18%/73.58% | Precision: 83.58%/73.84% | Recall: 84.41%/75.62% | F1: 83.12%/73.18% | Time: fit=016s, train=003s, test=001s, total=020s
Epoch 139: Train%/Test% | Accuracy: 83.06%/73.11% | Precision: 83.39%/73.24% | Recall: 84.23%/74.98% | F1: 82.99%/72.67% | Time: fit=016s, train=003s, test=001s, total=020s
Epoch 140: Train%/Test% | Accuracy: 83.53%/72.64% | Precision: 83.91%/72.64% | Recall: 84.76%/74.34% | F1: 83.47%/72.16% | Time: fit=016s, train=003s, test=001s, total=020s
Epoch 141: Train%/Test% | Accuracy: 83.41%/72.64% | Precision: 83.77%/72.40% | Recall: 84.62%/74.07% | F1: 83.35%/72.08% | Time: fit=016s, train=003s, test=001s, total=020s
Epoch 142: Train%/Test% | Accuracy: 82.82%/72.64% | Precision: 83.15%/72.64% | Recall: 83.99%/74.34% | F1: 82.75%/72.16% | Time: fit=016s, train=003s, test=001s, total=020s
Epoch 143: Train%/Test% | Accuracy: 83.53%/74.06% | Precision: 83.86%/73.70% | Recall: 84.72%/75.46% | F1: 83.47%/73.49% | Time: fit=016s, train=003s, test=001s, total=020s
Epoch 144: Train%/Test% | Accuracy: 82.58%/73.11% | Precision: 83.18%/72.76% | Recall: 83.94%/74.45% | F1: 82.54%/72.53% | Time: fit=016s, train=003s, test=001s, total=020s
Epoch 145: Train%/Test% | Accuracy: 82.35%/71.70% | Precision: 83.06%/71.96% | Recall: 83.78%/73.59% | F1: 82.31%/71.27% | Time: fit=017s, train=003s, test=001s, total=021s
Epoch 146: Train%/Test% | Accuracy: 82.11%/72.17% | Precision: 82.76%/72.30% | Recall: 83.49%/73.97% | F1: 82.07%/71.71% | Time: fit=017s, train=003s, test=001s, total=021s
Epoch 147: Train%/Test% | Accuracy: 81.40%/69.81% | Precision: 82.42%/70.34% | Recall: 83.00%/71.83% | F1: 81.38%/69.42% | Time: fit=017s, train=003s, test=001s, total=021s
Epoch 148: Train%/Test% | Accuracy: 80.69%/69.81% | Precision: 81.64%/70.34% | Recall: 82.23%/71.83% | F1: 80.66%/69.42% | Time: fit=017s, train=003s, test=001s, total=021s
Epoch 149: Train%/Test% | Accuracy: 81.16%/70.28% | Precision: 82.05%/70.67% | Recall: 82.68%/72.21% | F1: 81.13%/69.86% | Time: fit=016s, train=003s, test=001s, total=020s
Epoch 150: Train%/Test% | Accuracy: 81.52%/71.70% | Precision: 82.31%/71.70% | Recall: 82.98%/73.33% | F1: 81.48%/71.20% | Time: fit=017s, train=004s, test=001s, total=021s
