[*] Load dataset...
[*] Fix malformed data...
[*] Split...
[*] Encoding...
[*] -> domain...
pipeline.py:185: SettingWithCopyWarning: 
A value is trying to be set on a copy of a slice from a DataFrame.
Try using .loc[row_indexer,col_indexer] = value instead

See the caveats in the documentation: https://pandas.pydata.org/pandas-docs/stable/user_guide/indexing.html#returning-a-view-versus-a-copy
  train_df['domain'] = train_df['url'].apply(extract_domain)
pipeline.py:186: SettingWithCopyWarning: 
A value is trying to be set on a copy of a slice from a DataFrame.
Try using .loc[row_indexer,col_indexer] = value instead

See the caveats in the documentation: https://pandas.pydata.org/pandas-docs/stable/user_guide/indexing.html#returning-a-view-versus-a-copy
  test_df['domain'] = test_df['url'].apply(extract_domain)
[*] Encoding complete!
==============================
Using GPU for training
Dataset: FakeNewsNet-politifact
TMU params: num-clauses=5000, T=250, s=10.0
Epochs: 150
Feature(s): domain
max-vocab=15000, max-domain=500, max-tweet=500
====================
Train size: 844
Train classes: 2
Test size: 212
Test classes: 2
Total features: 318
==============================
[*] Training for 150 epochs...
Epoch   1: Train%/Test% | Accuracy: 58.06%/63.21%/usr/local/lib/python3.8/dist-packages/sklearn/metrics/_classification.py:1245: UndefinedMetricWarning: Precision is ill-defined and being set to 0.0 in labels with no predicted samples. Use `zero_division` parameter to control this behavior.
  _warn_prf(average, modifier, msg_start, len(result))
/usr/local/lib/python3.8/dist-packages/sklearn/metrics/_classification.py:1245: UndefinedMetricWarning: Precision is ill-defined and being set to 0.0 in labels with no predicted samples. Use `zero_division` parameter to control this behavior.
  _warn_prf(average, modifier, msg_start, len(result))
 | Precision: 29.03%/31.60% | Recall: 50.00%/50.00% | F1: 36.73%/38.73% | Time: fit=013s, train=002s, test=001s, total=015s
Epoch   2: Train%/Test% | Accuracy: 58.06%/63.21%/usr/local/lib/python3.8/dist-packages/sklearn/metrics/_classification.py:1245: UndefinedMetricWarning: Precision is ill-defined and being set to 0.0 in labels with no predicted samples. Use `zero_division` parameter to control this behavior.
  _warn_prf(average, modifier, msg_start, len(result))
/usr/local/lib/python3.8/dist-packages/sklearn/metrics/_classification.py:1245: UndefinedMetricWarning: Precision is ill-defined and being set to 0.0 in labels with no predicted samples. Use `zero_division` parameter to control this behavior.
  _warn_prf(average, modifier, msg_start, len(result))
 | Precision: 29.03%/31.60% | Recall: 50.00%/50.00% | F1: 36.73%/38.73% | Time: fit=010s, train=002s, test=001s, total=013s
Epoch   3: Train%/Test% | Accuracy: 58.06%/63.21%/usr/local/lib/python3.8/dist-packages/sklearn/metrics/_classification.py:1245: UndefinedMetricWarning: Precision is ill-defined and being set to 0.0 in labels with no predicted samples. Use `zero_division` parameter to control this behavior.
  _warn_prf(average, modifier, msg_start, len(result))
/usr/local/lib/python3.8/dist-packages/sklearn/metrics/_classification.py:1245: UndefinedMetricWarning: Precision is ill-defined and being set to 0.0 in labels with no predicted samples. Use `zero_division` parameter to control this behavior.
  _warn_prf(average, modifier, msg_start, len(result))
 | Precision: 29.03%/31.60% | Recall: 50.00%/50.00% | F1: 36.73%/38.73% | Time: fit=010s, train=002s, test=001s, total=013s
Epoch   4: Train%/Test% | Accuracy: 58.06%/63.21%/usr/local/lib/python3.8/dist-packages/sklearn/metrics/_classification.py:1245: UndefinedMetricWarning: Precision is ill-defined and being set to 0.0 in labels with no predicted samples. Use `zero_division` parameter to control this behavior.
  _warn_prf(average, modifier, msg_start, len(result))
/usr/local/lib/python3.8/dist-packages/sklearn/metrics/_classification.py:1245: UndefinedMetricWarning: Precision is ill-defined and being set to 0.0 in labels with no predicted samples. Use `zero_division` parameter to control this behavior.
  _warn_prf(average, modifier, msg_start, len(result))
 | Precision: 29.03%/31.60% | Recall: 50.00%/50.00% | F1: 36.73%/38.73% | Time: fit=010s, train=002s, test=001s, total=013s
Epoch   5: Train%/Test% | Accuracy: 58.06%/63.21%/usr/local/lib/python3.8/dist-packages/sklearn/metrics/_classification.py:1245: UndefinedMetricWarning: Precision is ill-defined and being set to 0.0 in labels with no predicted samples. Use `zero_division` parameter to control this behavior.
  _warn_prf(average, modifier, msg_start, len(result))
/usr/local/lib/python3.8/dist-packages/sklearn/metrics/_classification.py:1245: UndefinedMetricWarning: Precision is ill-defined and being set to 0.0 in labels with no predicted samples. Use `zero_division` parameter to control this behavior.
  _warn_prf(average, modifier, msg_start, len(result))
 | Precision: 29.03%/31.60% | Recall: 50.00%/50.00% | F1: 36.73%/38.73% | Time: fit=010s, train=002s, test=001s, total=013s
Epoch   6: Train%/Test% | Accuracy: 60.55%/66.04% | Precision: 75.79%/82.52% | Recall: 53.04%/53.85% | F1: 43.35%/46.55% | Time: fit=010s, train=002s, test=001s, total=013s
Epoch   7: Train%/Test% | Accuracy: 67.30%/69.81% | Precision: 80.25%/83.84% | Recall: 61.13%/58.97% | F1: 57.45%/55.58% | Time: fit=010s, train=002s, test=001s, total=013s
Epoch   8: Train%/Test% | Accuracy: 75.71%/71.70% | Precision: 80.41%/80.19% | Recall: 71.87%/62.07% | F1: 72.23%/60.74% | Time: fit=010s, train=002s, test=001s, total=013s
Epoch   9: Train%/Test% | Accuracy: 64.22%/68.40% | Precision: 79.18%/83.33% | Recall: 57.42%/57.05% | F1: 51.36%/52.36% | Time: fit=010s, train=002s, test=001s, total=013s
Epoch  10: Train%/Test% | Accuracy: 64.81%/69.81% | Precision: 78.80%/83.84% | Recall: 58.17%/58.97% | F1: 52.70%/55.58% | Time: fit=010s, train=002s, test=001s, total=013s
Epoch  11: Train%/Test% | Accuracy: 62.32%/68.87% | Precision: 80.32%/83.50% | Recall: 55.08%/57.69% | F1: 46.98%/53.45% | Time: fit=010s, train=002s, test=001s, total=013s
Epoch  12: Train%/Test% | Accuracy: 61.26%/67.45% | Precision: 76.79%/83.00% | Recall: 53.89%/55.77% | F1: 44.98%/50.11% | Time: fit=010s, train=002s, test=001s, total=013s
Epoch  13: Train%/Test% | Accuracy: 60.90%/67.45% | Precision: 76.33%/83.00% | Recall: 53.47%/55.77% | F1: 44.17%/50.11% | Time: fit=010s, train=002s, test=001s, total=013s
Epoch  14: Train%/Test% | Accuracy: 60.31%/67.45% | Precision: 79.70%/83.00% | Recall: 52.68%/55.77% | F1: 42.36%/50.11% | Time: fit=010s, train=002s, test=001s, total=013s
Epoch  15: Train%/Test% | Accuracy: 60.31%/67.45% | Precision: 79.70%/83.00% | Recall: 52.68%/55.77% | F1: 42.36%/50.11% | Time: fit=010s, train=002s, test=001s, total=013s
Epoch  16: Train%/Test% | Accuracy: 61.97%/68.87% | Precision: 76.40%/83.50% | Recall: 54.78%/57.69% | F1: 46.77%/53.45% | Time: fit=010s, train=002s, test=001s, total=013s
Epoch  17: Train%/Test% | Accuracy: 61.85%/68.40% | Precision: 76.26%/83.33% | Recall: 54.64%/57.05% | F1: 46.51%/52.36% | Time: fit=010s, train=002s, test=001s, total=013s
Epoch  18: Train%/Test% | Accuracy: 61.49%/68.40% | Precision: 75.81%/83.33% | Recall: 54.21%/57.05% | F1: 45.72%/52.36% | Time: fit=010s, train=002s, test=001s, total=013s
Epoch  19: Train%/Test% | Accuracy: 61.61%/68.40% | Precision: 77.18%/83.33% | Recall: 54.32%/57.05% | F1: 45.79%/52.36% | Time: fit=010s, train=002s, test=001s, total=013s
Epoch  20: Train%/Test% | Accuracy: 61.14%/67.92% | Precision: 75.30%/83.17% | Recall: 53.79%/56.41% | F1: 44.92%/51.24% | Time: fit=010s, train=002s, test=001s, total=013s
Epoch  21: Train%/Test% | Accuracy: 62.56%/68.87% | Precision: 77.03%/83.50% | Recall: 55.48%/57.69% | F1: 48.05%/53.45% | Time: fit=010s, train=002s, test=001s, total=013s
Epoch  22: Train%/Test% | Accuracy: 84.36%/74.53% | Precision: 86.78%/82.30% | Recall: 82.06%/65.92% | F1: 83.08%/66.04% | Time: fit=010s, train=002s, test=001s, total=013s
Epoch  23: Train%/Test% | Accuracy: 81.40%/73.58% | Precision: 86.32%/83.29% | Recall: 78.14%/64.37% | F1: 79.15%/63.85% | Time: fit=010s, train=002s, test=001s, total=013s
Epoch  24: Train%/Test% | Accuracy: 83.18%/73.58% | Precision: 86.63%/81.64% | Recall: 80.45%/64.64% | F1: 81.53%/64.33% | Time: fit=010s, train=002s, test=001s, total=013s
Epoch  25: Train%/Test% | Accuracy: 82.58%/74.53% | Precision: 86.85%/83.83% | Recall: 79.59%/65.65% | F1: 80.68%/65.60% | Time: fit=010s, train=002s, test=001s, total=013s
Epoch  26: Train%/Test% | Accuracy: 79.62%/75.47% | Precision: 79.09%/74.80% | Recall: 79.00%/76.58% | F1: 79.04%/74.82% | Time: fit=010s, train=002s, test=001s, total=013s
Epoch  27: Train%/Test% | Accuracy: 79.27%/75.47% | Precision: 78.71%/75.01% | Recall: 78.77%/76.85% | F1: 78.74%/74.90% | Time: fit=010s, train=002s, test=001s, total=013s
Epoch  28: Train%/Test% | Accuracy: 80.33%/75.94% | Precision: 79.82%/75.38% | Recall: 79.77%/77.22% | F1: 79.79%/75.35% | Time: fit=010s, train=002s, test=001s, total=013s
Epoch  29: Train%/Test% | Accuracy: 80.21%/75.00% | Precision: 79.78%/74.23% | Recall: 79.39%/75.94% | F1: 79.56%/74.30% | Time: fit=010s, train=002s, test=001s, total=013s
Epoch  30: Train%/Test% | Accuracy: 84.72%/74.06% | Precision: 87.63%/81.97% | Recall: 82.29%/65.28% | F1: 83.38%/65.19% | Time: fit=010s, train=002s, test=001s, total=013s
Epoch  31: Train%/Test% | Accuracy: 84.60%/74.53% | Precision: 87.55%/83.83% | Recall: 82.15%/65.65% | F1: 83.24%/65.60% | Time: fit=010s, train=002s, test=001s, total=013s
Epoch  32: Train%/Test% | Accuracy: 85.07%/75.00% | Precision: 87.17%/82.62% | Recall: 82.95%/66.56% | F1: 83.94%/66.87% | Time: fit=010s, train=002s, test=001s, total=013s
Epoch  33: Train%/Test% | Accuracy: 85.07%/74.53% | Precision: 87.51%/80.99% | Recall: 82.83%/66.19% | F1: 83.87%/66.46% | Time: fit=010s, train=002s, test=001s, total=013s
Epoch  34: Train%/Test% | Accuracy: 82.35%/74.53% | Precision: 86.39%/83.83% | Recall: 79.39%/65.65% | F1: 80.45%/65.60% | Time: fit=010s, train=002s, test=001s, total=013s
Epoch  35: Train%/Test% | Accuracy: 83.06%/75.47% | Precision: 86.41%/86.02% | Recall: 80.35%/66.67% | F1: 81.41%/66.88% | Time: fit=010s, train=002s, test=001s, total=013s
Epoch  36: Train%/Test% | Accuracy: 84.83%/75.00% | Precision: 87.97%/85.83% | Recall: 82.35%/66.03% | F1: 83.48%/66.02% | Time: fit=010s, train=002s, test=001s, total=013s
Epoch  37: Train%/Test% | Accuracy: 85.19%/74.06% | Precision: 87.47%/81.97% | Recall: 83.01%/65.28% | F1: 84.03%/65.19% | Time: fit=010s, train=002s, test=001s, total=013s
Epoch  38: Train%/Test% | Accuracy: 80.81%/76.42% | Precision: 80.43%/75.75% | Recall: 79.94%/77.59% | F1: 80.14%/75.79% | Time: fit=010s, train=002s, test=001s, total=013s
Epoch  39: Train%/Test% | Accuracy: 81.28%/75.47% | Precision: 81.00%/74.62% | Recall: 80.31%/76.31% | F1: 80.58%/74.74% | Time: fit=010s, train=002s, test=001s, total=013s
Epoch  40: Train%/Test% | Accuracy: 80.57%/75.47% | Precision: 80.33%/74.80% | Recall: 79.46%/76.58% | F1: 79.79%/74.82% | Time: fit=010s, train=002s, test=001s, total=013s
Epoch  41: Train%/Test% | Accuracy: 80.81%/75.94% | Precision: 80.53%/75.38% | Recall: 79.78%/77.22% | F1: 80.07%/75.35% | Time: fit=010s, train=002s, test=001s, total=013s
Epoch  42: Train%/Test% | Accuracy: 81.28%/74.53% | Precision: 80.90%/74.06% | Recall: 80.47%/75.83% | F1: 80.65%/73.93% | Time: fit=010s, train=002s, test=001s, total=013s
Epoch  43: Train%/Test% | Accuracy: 82.11%/75.94% | Precision: 81.80%/75.38% | Recall: 81.26%/77.22% | F1: 81.48%/75.35% | Time: fit=010s, train=002s, test=001s, total=013s
Epoch  44: Train%/Test% | Accuracy: 81.28%/76.42% | Precision: 81.00%/75.75% | Recall: 80.31%/77.59% | F1: 80.58%/75.79% | Time: fit=010s, train=002s, test=001s, total=013s
Epoch  45: Train%/Test% | Accuracy: 81.64%/75.00% | Precision: 81.30%/74.23% | Recall: 80.77%/75.94% | F1: 80.99%/74.30% | Time: fit=010s, train=002s, test=001s, total=013s
Epoch  46: Train%/Test% | Accuracy: 81.28%/75.00% | Precision: 81.00%/74.23% | Recall: 80.31%/75.94% | F1: 80.58%/74.30% | Time: fit=010s, train=002s, test=001s, total=013s
Epoch  47: Train%/Test% | Accuracy: 81.75%/75.94% | Precision: 81.52%/75.18% | Recall: 80.76%/76.95% | F1: 81.06%/75.27% | Time: fit=010s, train=002s, test=001s, total=013s
Epoch  48: Train%/Test% | Accuracy: 81.28%/75.47% | Precision: 81.08%/74.62% | Recall: 80.19%/76.31% | F1: 80.53%/74.74% | Time: fit=010s, train=002s, test=001s, total=013s
Epoch  49: Train%/Test% | Accuracy: 82.46%/75.47% | Precision: 82.13%/74.80% | Recall: 81.68%/76.58% | F1: 81.88%/74.82% | Time: fit=010s, train=002s, test=001s, total=013s
Epoch  50: Train%/Test% | Accuracy: 81.04%/75.00% | Precision: 80.58%/74.43% | Recall: 80.38%/76.21% | F1: 80.47%/74.38% | Time: fit=010s, train=002s, test=001s, total=013s
Epoch  51: Train%/Test% | Accuracy: 81.64%/75.94% | Precision: 81.30%/75.18% | Recall: 80.77%/76.95% | F1: 80.99%/75.27% | Time: fit=010s, train=002s, test=001s, total=013s
Epoch  52: Train%/Test% | Accuracy: 82.23%/76.42% | Precision: 81.89%/75.75% | Recall: 81.44%/77.59% | F1: 81.63%/75.79% | Time: fit=010s, train=002s, test=001s, total=013s
Epoch  53: Train%/Test% | Accuracy: 82.46%/75.94% | Precision: 82.18%/75.38% | Recall: 81.60%/77.22% | F1: 81.84%/75.35% | Time: fit=010s, train=002s, test=001s, total=013s
Epoch  54: Train%/Test% | Accuracy: 81.87%/75.47% | Precision: 81.73%/74.62% | Recall: 80.78%/76.31% | F1: 81.13%/74.74% | Time: fit=010s, train=002s, test=001s, total=013s
Epoch  55: Train%/Test% | Accuracy: 82.46%/76.42% | Precision: 82.30%/75.56% | Recall: 81.45%/77.32% | F1: 81.78%/75.71% | Time: fit=010s, train=002s, test=001s, total=013s
Epoch  56: Train%/Test% | Accuracy: 82.46%/75.94% | Precision: 82.18%/75.38% | Recall: 81.60%/77.22% | F1: 81.84%/75.35% | Time: fit=010s, train=002s, test=001s, total=013s
Epoch  57: Train%/Test% | Accuracy: 82.70%/75.47% | Precision: 82.49%/74.80% | Recall: 81.77%/76.58% | F1: 82.06%/74.82% | Time: fit=010s, train=002s, test=001s, total=013s
Epoch  58: Train%/Test% | Accuracy: 81.40%/75.47% | Precision: 81.13%/74.80% | Recall: 80.41%/76.58% | F1: 80.70%/74.82% | Time: fit=010s, train=002s, test=001s, total=013s
Epoch  59: Train%/Test% | Accuracy: 81.87%/75.94% | Precision: 81.66%/75.18% | Recall: 80.86%/76.95% | F1: 81.17%/75.27% | Time: fit=010s, train=002s, test=001s, total=013s
Epoch  60: Train%/Test% | Accuracy: 75.95%/73.58% | Precision: 84.49%/83.29% | Recall: 71.45%/64.37% | F1: 71.51%/63.85% | Time: fit=010s, train=002s, test=001s, total=013s
Epoch  61: Train%/Test% | Accuracy: 75.12%/73.58% | Precision: 83.25%/85.26% | Recall: 70.57%/64.10% | F1: 70.50%/63.36% | Time: fit=010s, train=002s, test=001s, total=013s
Epoch  62: Train%/Test% | Accuracy: 76.07%/74.06% | Precision: 84.01%/85.45% | Recall: 71.66%/64.74% | F1: 71.81%/64.26% | Time: fit=010s, train=002s, test=001s, total=013s
Epoch  63: Train%/Test% | Accuracy: 75.95%/73.58% | Precision: 83.95%/83.29% | Recall: 71.52%/64.37% | F1: 71.64%/63.85% | Time: fit=010s, train=002s, test=001s, total=013s
Epoch  64: Train%/Test% | Accuracy: 76.90%/75.00% | Precision: 84.70%/85.83% | Recall: 72.61%/66.03% | F1: 72.93%/66.02% | Time: fit=010s, train=002s, test=001s, total=013s
Epoch  65: Train%/Test% | Accuracy: 82.82%/75.94% | Precision: 82.66%/75.18% | Recall: 81.83%/76.95% | F1: 82.15%/75.27% | Time: fit=010s, train=002s, test=001s, total=013s
Epoch  66: Train%/Test% | Accuracy: 82.70%/76.42% | Precision: 82.46%/75.75% | Recall: 81.81%/77.59% | F1: 82.07%/75.79% | Time: fit=010s, train=002s, test=001s, total=013s
Epoch  67: Train%/Test% | Accuracy: 82.46%/75.94% | Precision: 82.24%/75.18% | Recall: 81.53%/76.95% | F1: 81.81%/75.27% | Time: fit=010s, train=002s, test=001s, total=013s
Epoch  68: Train%/Test% | Accuracy: 82.82%/76.89% | Precision: 82.57%/76.13% | Recall: 81.95%/77.97% | F1: 82.20%/76.24% | Time: fit=010s, train=002s, test=001s, total=013s
Epoch  69: Train%/Test% | Accuracy: 82.94%/76.89% | Precision: 82.77%/76.13% | Recall: 81.97%/77.97% | F1: 82.29%/76.24% | Time: fit=010s, train=002s, test=001s, total=013s
Epoch  70: Train%/Test% | Accuracy: 82.94%/76.89% | Precision: 82.71%/76.13% | Recall: 82.05%/77.97% | F1: 82.32%/76.24% | Time: fit=010s, train=002s, test=001s, total=013s
Epoch  71: Train%/Test% | Accuracy: 82.70%/76.89% | Precision: 82.59%/76.13% | Recall: 81.65%/77.97% | F1: 82.01%/76.24% | Time: fit=010s, train=002s, test=001s, total=013s
Epoch  72: Train%/Test% | Accuracy: 81.99%/75.94% | Precision: 81.77%/75.18% | Recall: 81.00%/76.95% | F1: 81.30%/75.27% | Time: fit=010s, train=002s, test=001s, total=013s
Epoch  73: Train%/Test% | Accuracy: 83.18%/76.42% | Precision: 82.96%/75.75% | Recall: 82.30%/77.59% | F1: 82.56%/75.79% | Time: fit=010s, train=002s, test=001s, total=013s
Epoch  74: Train%/Test% | Accuracy: 83.41%/76.42% | Precision: 83.15%/75.75% | Recall: 82.62%/77.59% | F1: 82.84%/75.79% | Time: fit=010s, train=002s, test=001s, total=013s
Epoch  75: Train%/Test% | Accuracy: 83.77%/76.42% | Precision: 83.50%/75.75% | Recall: 83.00%/77.59% | F1: 83.22%/75.79% | Time: fit=010s, train=002s, test=001s, total=013s
Epoch  76: Train%/Test% | Accuracy: 83.06%/75.94% | Precision: 82.76%/75.38% | Recall: 82.27%/77.22% | F1: 82.48%/75.35% | Time: fit=010s, train=002s, test=001s, total=013s
Epoch  77: Train%/Test% | Accuracy: 83.18%/75.94% | Precision: 82.90%/75.38% | Recall: 82.37%/77.22% | F1: 82.60%/75.35% | Time: fit=010s, train=002s, test=001s, total=013s
Epoch  78: Train%/Test% | Accuracy: 83.06%/75.94% | Precision: 82.67%/75.38% | Recall: 82.43%/77.22% | F1: 82.54%/75.35% | Time: fit=010s, train=002s, test=001s, total=013s
Epoch  79: Train%/Test% | Accuracy: 82.94%/76.42% | Precision: 82.58%/75.75% | Recall: 82.25%/77.59% | F1: 82.40%/75.79% | Time: fit=010s, train=002s, test=001s, total=013s
Epoch  80: Train%/Test% | Accuracy: 83.06%/76.42% | Precision: 82.76%/75.75% | Recall: 82.27%/77.59% | F1: 82.48%/75.79% | Time: fit=010s, train=002s, test=001s, total=013s
Epoch  81: Train%/Test% | Accuracy: 82.82%/76.42% | Precision: 82.49%/75.75% | Recall: 82.07%/77.59% | F1: 82.25%/75.79% | Time: fit=010s, train=002s, test=001s, total=013s
Epoch  82: Train%/Test% | Accuracy: 83.29%/76.89% | Precision: 83.10%/76.13% | Recall: 82.40%/77.97% | F1: 82.68%/76.24% | Time: fit=010s, train=002s, test=001s, total=013s
Epoch  83: Train%/Test% | Accuracy: 83.53%/76.42% | Precision: 83.26%/75.75% | Recall: 82.76%/77.59% | F1: 82.97%/75.79% | Time: fit=010s, train=002s, test=001s, total=013s
Epoch  84: Train%/Test% | Accuracy: 83.18%/76.42% | Precision: 82.93%/75.75% | Recall: 82.33%/77.59% | F1: 82.58%/75.79% | Time: fit=010s, train=002s, test=001s, total=013s
Epoch  85: Train%/Test% | Accuracy: 83.29%/76.42% | Precision: 83.01%/75.75% | Recall: 82.52%/77.59% | F1: 82.73%/75.79% | Time: fit=010s, train=002s, test=001s, total=013s
Epoch  86: Train%/Test% | Accuracy: 82.94%/75.94% | Precision: 82.60%/75.38% | Recall: 82.21%/77.22% | F1: 82.38%/75.35% | Time: fit=010s, train=002s, test=001s, total=013s
Epoch  87: Train%/Test% | Accuracy: 83.18%/76.42% | Precision: 82.93%/75.75% | Recall: 82.33%/77.59% | F1: 82.58%/75.79% | Time: fit=010s, train=002s, test=001s, total=013s
Epoch  88: Train%/Test% | Accuracy: 83.29%/76.42% | Precision: 83.10%/75.75% | Recall: 82.40%/77.59% | F1: 82.68%/75.79% | Time: fit=010s, train=002s, test=001s, total=013s
Epoch  89: Train%/Test% | Accuracy: 83.29%/76.89% | Precision: 83.07%/76.13% | Recall: 82.44%/77.97% | F1: 82.70%/76.24% | Time: fit=010s, train=002s, test=001s, total=013s
Epoch  90: Train%/Test% | Accuracy: 82.82%/76.89% | Precision: 82.54%/76.13% | Recall: 81.99%/77.97% | F1: 82.22%/76.24% | Time: fit=010s, train=002s, test=001s, total=013s
Epoch  91: Train%/Test% | Accuracy: 83.06%/76.89% | Precision: 82.72%/76.13% | Recall: 82.35%/77.97% | F1: 82.51%/76.24% | Time: fit=010s, train=002s, test=001s, total=013s
Epoch  92: Train%/Test% | Accuracy: 82.82%/76.89% | Precision: 82.54%/76.13% | Recall: 81.99%/77.97% | F1: 82.22%/76.24% | Time: fit=010s, train=002s, test=001s, total=013s
Epoch  93: Train%/Test% | Accuracy: 82.94%/76.42% | Precision: 82.68%/75.56% | Recall: 82.09%/77.32% | F1: 82.33%/75.71% | Time: fit=010s, train=002s, test=001s, total=013s
Epoch  94: Train%/Test% | Accuracy: 83.06%/75.94% | Precision: 82.76%/75.38% | Recall: 82.27%/77.22% | F1: 82.48%/75.35% | Time: fit=010s, train=002s, test=001s, total=013s
Epoch  95: Train%/Test% | Accuracy: 82.70%/75.47% | Precision: 82.38%/74.80% | Recall: 81.93%/76.58% | F1: 82.12%/74.82% | Time: fit=010s, train=002s, test=001s, total=013s
Epoch  96: Train%/Test% | Accuracy: 83.06%/75.94% | Precision: 82.82%/75.38% | Recall: 82.19%/77.22% | F1: 82.45%/75.35% | Time: fit=010s, train=002s, test=001s, total=013s
Epoch  97: Train%/Test% | Accuracy: 83.06%/75.94% | Precision: 82.88%/75.38% | Recall: 82.12%/77.22% | F1: 82.42%/75.35% | Time: fit=010s, train=002s, test=001s, total=013s
Epoch  98: Train%/Test% | Accuracy: 83.18%/76.89% | Precision: 82.93%/76.13% | Recall: 82.33%/77.97% | F1: 82.58%/76.24% | Time: fit=010s, train=002s, test=001s, total=013s
Epoch  99: Train%/Test% | Accuracy: 82.82%/76.89% | Precision: 82.57%/76.13% | Recall: 81.95%/77.97% | F1: 82.20%/76.24% | Time: fit=010s, train=002s, test=001s, total=013s
Epoch 100: Train%/Test% | Accuracy: 82.94%/76.42% | Precision: 82.68%/75.75% | Recall: 82.09%/77.59% | F1: 82.33%/75.79% | Time: fit=010s, train=002s, test=001s, total=013s
Epoch 101: Train%/Test% | Accuracy: 83.18%/76.42% | Precision: 82.90%/75.75% | Recall: 82.37%/77.59% | F1: 82.60%/75.79% | Time: fit=010s, train=002s, test=001s, total=013s
Epoch 102: Train%/Test% | Accuracy: 83.89%/76.89% | Precision: 83.73%/76.13% | Recall: 82.99%/77.97% | F1: 83.29%/76.24% | Time: fit=010s, train=002s, test=001s, total=013s
Epoch 103: Train%/Test% | Accuracy: 83.53%/76.89% | Precision: 83.28%/76.13% | Recall: 82.72%/77.97% | F1: 82.96%/76.24% | Time: fit=010s, train=002s, test=001s, total=013s
Epoch 104: Train%/Test% | Accuracy: 83.65%/76.42% | Precision: 83.37%/75.75% | Recall: 82.90%/77.59% | F1: 83.10%/75.79% | Time: fit=010s, train=002s, test=001s, total=013s
Epoch 105: Train%/Test% | Accuracy: 83.77%/76.42% | Precision: 83.50%/75.75% | Recall: 83.00%/77.59% | F1: 83.22%/75.79% | Time: fit=010s, train=002s, test=001s, total=013s
Epoch 106: Train%/Test% | Accuracy: 83.65%/76.89% | Precision: 83.52%/76.13% | Recall: 82.70%/77.97% | F1: 83.02%/76.24% | Time: fit=010s, train=002s, test=001s, total=013s
Epoch 107: Train%/Test% | Accuracy: 84.00%/76.89% | Precision: 83.91%/76.13% | Recall: 83.05%/77.97% | F1: 83.39%/76.24% | Time: fit=010s, train=002s, test=001s, total=013s
Epoch 108: Train%/Test% | Accuracy: 84.12%/76.89% | Precision: 84.02%/76.13% | Recall: 83.19%/77.97% | F1: 83.52%/76.24% | Time: fit=010s, train=002s, test=001s, total=013s
Epoch 109: Train%/Test% | Accuracy: 84.00%/76.42% | Precision: 83.78%/75.75% | Recall: 83.21%/77.59% | F1: 83.45%/75.79% | Time: fit=010s, train=002s, test=001s, total=013s
Epoch 110: Train%/Test% | Accuracy: 84.24%/76.89% | Precision: 84.06%/76.13% | Recall: 83.41%/77.97% | F1: 83.68%/76.24% | Time: fit=010s, train=002s, test=001s, total=013s
Epoch 111: Train%/Test% | Accuracy: 84.12%/76.42% | Precision: 83.89%/75.75% | Recall: 83.35%/77.59% | F1: 83.58%/75.79% | Time: fit=010s, train=002s, test=001s, total=013s
Epoch 112: Train%/Test% | Accuracy: 83.65%/76.42% | Precision: 83.42%/75.75% | Recall: 82.82%/77.59% | F1: 83.07%/75.79% | Time: fit=010s, train=002s, test=001s, total=013s
Epoch 113: Train%/Test% | Accuracy: 84.00%/76.89% | Precision: 83.78%/76.13% | Recall: 83.21%/77.97% | F1: 83.45%/76.24% | Time: fit=010s, train=002s, test=001s, total=013s
Epoch 114: Train%/Test% | Accuracy: 84.12%/76.42% | Precision: 83.95%/75.75% | Recall: 83.27%/77.59% | F1: 83.55%/75.79% | Time: fit=010s, train=002s, test=001s, total=013s
Epoch 115: Train%/Test% | Accuracy: 83.53%/76.42% | Precision: 83.21%/75.75% | Recall: 82.84%/77.59% | F1: 83.00%/75.79% | Time: fit=010s, train=002s, test=001s, total=013s
Epoch 116: Train%/Test% | Accuracy: 83.29%/75.94% | Precision: 82.96%/75.38% | Recall: 82.59%/77.22% | F1: 82.76%/75.35% | Time: fit=010s, train=002s, test=001s, total=013s
Epoch 117: Train%/Test% | Accuracy: 83.65%/75.94% | Precision: 83.37%/75.38% | Recall: 82.90%/77.22% | F1: 83.10%/75.35% | Time: fit=010s, train=002s, test=001s, total=013s
Epoch 118: Train%/Test% | Accuracy: 84.12%/76.42% | Precision: 83.89%/75.75% | Recall: 83.35%/77.59% | F1: 83.58%/75.79% | Time: fit=010s, train=002s, test=001s, total=013s
Epoch 119: Train%/Test% | Accuracy: 84.00%/76.89% | Precision: 83.87%/76.13% | Recall: 83.09%/77.97% | F1: 83.40%/76.24% | Time: fit=010s, train=002s, test=001s, total=013s
Epoch 120: Train%/Test% | Accuracy: 83.89%/76.42% | Precision: 83.67%/75.75% | Recall: 83.06%/77.59% | F1: 83.32%/75.79% | Time: fit=010s, train=002s, test=001s, total=013s
Epoch 121: Train%/Test% | Accuracy: 83.29%/76.42% | Precision: 82.99%/75.75% | Recall: 82.55%/77.59% | F1: 82.74%/75.79% | Time: fit=010s, train=002s, test=001s, total=013s
Epoch 122: Train%/Test% | Accuracy: 83.18%/75.94% | Precision: 82.85%/75.38% | Recall: 82.45%/77.22% | F1: 82.63%/75.35% | Time: fit=010s, train=002s, test=001s, total=013s
Epoch 123: Train%/Test% | Accuracy: 83.65%/76.42% | Precision: 83.34%/75.75% | Recall: 82.94%/77.59% | F1: 83.12%/75.79% | Time: fit=010s, train=002s, test=001s, total=013s
Epoch 124: Train%/Test% | Accuracy: 83.65%/75.94% | Precision: 83.34%/75.38% | Recall: 82.94%/77.22% | F1: 83.12%/75.35% | Time: fit=010s, train=002s, test=001s, total=013s
Epoch 125: Train%/Test% | Accuracy: 83.65%/75.94% | Precision: 83.55%/75.18% | Recall: 82.66%/76.95% | F1: 83.01%/75.27% | Time: fit=010s, train=002s, test=001s, total=013s
Epoch 126: Train%/Test% | Accuracy: 83.77%/75.94% | Precision: 83.59%/75.18% | Recall: 82.88%/76.95% | F1: 83.17%/75.27% | Time: fit=010s, train=002s, test=001s, total=013s
Epoch 127: Train%/Test% | Accuracy: 83.89%/76.42% | Precision: 83.73%/75.75% | Recall: 82.99%/77.59% | F1: 83.29%/75.79% | Time: fit=010s, train=002s, test=001s, total=013s
Epoch 128: Train%/Test% | Accuracy: 83.65%/75.47% | Precision: 83.37%/75.01% | Recall: 82.90%/76.85% | F1: 83.10%/74.90% | Time: fit=010s, train=002s, test=001s, total=013s
Epoch 129: Train%/Test% | Accuracy: 83.65%/75.47% | Precision: 83.37%/75.01% | Recall: 82.90%/76.85% | F1: 83.10%/74.90% | Time: fit=010s, train=002s, test=001s, total=013s
Epoch 130: Train%/Test% | Accuracy: 84.12%/75.94% | Precision: 83.92%/75.38% | Recall: 83.31%/77.22% | F1: 83.56%/75.35% | Time: fit=010s, train=002s, test=001s, total=013s
Epoch 131: Train%/Test% | Accuracy: 83.89%/76.42% | Precision: 83.64%/75.75% | Recall: 83.10%/77.59% | F1: 83.33%/75.79% | Time: fit=010s, train=002s, test=001s, total=013s
Epoch 132: Train%/Test% | Accuracy: 84.12%/75.94% | Precision: 83.92%/75.38% | Recall: 83.31%/77.22% | F1: 83.56%/75.35% | Time: fit=010s, train=002s, test=001s, total=013s
Epoch 133: Train%/Test% | Accuracy: 83.53%/75.47% | Precision: 83.21%/75.01% | Recall: 82.84%/76.85% | F1: 83.00%/74.90% | Time: fit=010s, train=002s, test=001s, total=013s
Epoch 134: Train%/Test% | Accuracy: 84.00%/76.42% | Precision: 83.78%/75.75% | Recall: 83.21%/77.59% | F1: 83.45%/75.79% | Time: fit=010s, train=002s, test=001s, total=013s
Epoch 135: Train%/Test% | Accuracy: 83.89%/75.47% | Precision: 83.61%/75.01% | Recall: 83.14%/76.85% | F1: 83.35%/74.90% | Time: fit=010s, train=002s, test=001s, total=013s
Epoch 136: Train%/Test% | Accuracy: 84.12%/76.42% | Precision: 83.89%/75.75% | Recall: 83.35%/77.59% | F1: 83.58%/75.79% | Time: fit=010s, train=002s, test=001s, total=013s
Epoch 137: Train%/Test% | Accuracy: 84.00%/76.42% | Precision: 83.75%/75.75% | Recall: 83.25%/77.59% | F1: 83.46%/75.79% | Time: fit=010s, train=002s, test=001s, total=013s
Epoch 138: Train%/Test% | Accuracy: 83.89%/76.42% | Precision: 83.64%/75.75% | Recall: 83.10%/77.59% | F1: 83.33%/75.79% | Time: fit=010s, train=002s, test=001s, total=013s
Epoch 139: Train%/Test% | Accuracy: 83.53%/75.47% | Precision: 83.26%/75.01% | Recall: 82.76%/76.85% | F1: 82.97%/74.90% | Time: fit=010s, train=002s, test=001s, total=013s
Epoch 140: Train%/Test% | Accuracy: 83.89%/76.42% | Precision: 83.67%/75.75% | Recall: 83.06%/77.59% | F1: 83.32%/75.79% | Time: fit=010s, train=002s, test=001s, total=013s
Epoch 141: Train%/Test% | Accuracy: 84.24%/76.42% | Precision: 84.06%/75.75% | Recall: 83.41%/77.59% | F1: 83.68%/75.79% | Time: fit=010s, train=002s, test=001s, total=013s
Epoch 142: Train%/Test% | Accuracy: 84.24%/76.42% | Precision: 84.06%/75.75% | Recall: 83.41%/77.59% | F1: 83.68%/75.79% | Time: fit=010s, train=002s, test=001s, total=013s
Epoch 143: Train%/Test% | Accuracy: 74.88%/73.58% | Precision: 83.97%/85.26% | Recall: 70.17%/64.10% | F1: 69.95%/63.36% | Time: fit=010s, train=002s, test=001s, total=013s
Epoch 144: Train%/Test% | Accuracy: 74.17%/71.70% | Precision: 83.63%/84.54% | Recall: 69.33%/61.54% | F1: 68.88%/59.60% | Time: fit=010s, train=002s, test=001s, total=012s
Epoch 145: Train%/Test% | Accuracy: 73.58%/72.17% | Precision: 83.35%/84.72% | Recall: 68.62%/62.18% | F1: 67.98%/60.57% | Time: fit=011s, train=002s, test=001s, total=014s
Epoch 146: Train%/Test% | Accuracy: 72.75%/70.75% | Precision: 82.95%/84.18% | Recall: 67.63%/60.26% | F1: 66.69%/57.63% | Time: fit=011s, train=002s, test=001s, total=014s
Epoch 147: Train%/Test% | Accuracy: 72.51%/72.64% | Precision: 82.84%/84.90% | Recall: 67.35%/62.82% | F1: 66.32%/61.51% | Time: fit=011s, train=002s, test=001s, total=014s
Epoch 148: Train%/Test% | Accuracy: 72.51%/72.17% | Precision: 82.84%/84.72% | Recall: 67.35%/62.18% | F1: 66.32%/60.57% | Time: fit=011s, train=002s, test=001s, total=014s
Epoch 149: Train%/Test% | Accuracy: 72.27%/71.70% | Precision: 83.08%/84.54% | Recall: 67.03%/61.54% | F1: 65.85%/59.60% | Time: fit=011s, train=002s, test=001s, total=013s
Epoch 150: Train%/Test% | Accuracy: 72.27%/72.64% | Precision: 83.08%/84.90% | Recall: 67.03%/62.82% | F1: 65.85%/61.51% | Time: fit=012s, train=003s, test=001s, total=015s
