[nltk_data] Downloading package wordnet to /home/bjorvl16/nltk_data...
[nltk_data]   Package wordnet is already up-to-date!
[nltk_data] Downloading package stopwords to
[nltk_data]     /home/bjorvl16/nltk_data...
[nltk_data]   Package stopwords is already up-to-date!
[*] Load dataset...
[*] Fix malformed data...
[*] Split...
[*] Encoding...
[*] Encoding feature: text... 464
[*] Encoding feature: domain... 34
==============================
Using GPU for training
Dataset: FakeNewsNet-politifact
TMU params: num-clauses=5000, T=150, s=5.0
Epochs: 150
Feature(s): text, domain
max-vocab=15000, max-domain=500, max-tweet=500
====================
Train size: 844
Train classes: 2
Test size: 212
Test classes: 2
Total features: 498
==============================
[*] Training for 150 epochs...
Epoch   1: Train%/Test% | Accuracy: 75.47%/75.94% | Precision: 75.19%/75.00% | Recall: 75.82%/76.68% | F1: 75.22%/75.19% | Time: fit=004s, train=000s, test=000s, total=005s
Epoch   2: Train%/Test% | Accuracy: 79.38%/81.60% | Precision: 78.91%/80.17% | Recall: 78.56%/80.63% | F1: 78.71%/80.38% | Time: fit=002s, train=000s, test=000s, total=003s
Epoch   3: Train%/Test% | Accuracy: 80.21%/80.19% | Precision: 79.72%/78.67% | Recall: 79.55%/79.24% | F1: 79.63%/78.92% | Time: fit=002s, train=000s, test=000s, total=003s
Epoch   4: Train%/Test% | Accuracy: 78.91%/81.13% | Precision: 78.34%/79.67% | Recall: 78.62%/80.52% | F1: 78.46%/80.02% | Time: fit=002s, train=000s, test=000s, total=003s
Epoch   5: Train%/Test% | Accuracy: 79.86%/79.72% | Precision: 79.65%/78.53% | Recall: 80.42%/80.20% | F1: 79.68%/78.93% | Time: fit=002s, train=000s, test=000s, total=003s
Epoch   6: Train%/Test% | Accuracy: 80.69%/81.60% | Precision: 80.16%/80.20% | Recall: 80.23%/80.36% | F1: 80.20%/80.28% | Time: fit=002s, train=000s, test=000s, total=003s
Epoch   7: Train%/Test% | Accuracy: 80.33%/82.55% | Precision: 79.88%/81.17% | Recall: 79.57%/81.64% | F1: 79.71%/81.38% | Time: fit=002s, train=000s, test=000s, total=003s
Epoch   8: Train%/Test% | Accuracy: 81.04%/81.60% | Precision: 80.62%/80.34% | Recall: 81.28%/81.97% | F1: 80.78%/80.81% | Time: fit=002s, train=000s, test=000s, total=003s
Epoch   9: Train%/Test% | Accuracy: 81.40%/83.49% | Precision: 80.91%/82.16% | Recall: 81.43%/83.46% | F1: 81.08%/82.64% | Time: fit=002s, train=000s, test=000s, total=003s
Epoch  10: Train%/Test% | Accuracy: 80.33%/81.60% | Precision: 79.80%/80.17% | Recall: 79.85%/80.63% | F1: 79.82%/80.38% | Time: fit=002s, train=000s, test=000s, total=003s
Epoch  11: Train%/Test% | Accuracy: 80.81%/83.49% | Precision: 80.30%/82.16% | Recall: 80.25%/82.65% | F1: 80.28%/82.39% | Time: fit=002s, train=000s, test=000s, total=003s
Epoch  12: Train%/Test% | Accuracy: 80.69%/83.02% | Precision: 80.15%/81.64% | Recall: 80.43%/82.55% | F1: 80.27%/82.02% | Time: fit=002s, train=000s, test=000s, total=003s
Epoch  13: Train%/Test% | Accuracy: 81.64%/81.60% | Precision: 81.13%/80.16% | Recall: 81.60%/80.89% | F1: 81.30%/80.47% | Time: fit=002s, train=000s, test=000s, total=003s
Epoch  14: Train%/Test% | Accuracy: 75.36%/75.94% | Precision: 76.12%/76.63% | Recall: 76.66%/78.56% | F1: 75.31%/75.66% | Time: fit=002s, train=000s, test=000s, total=003s
Epoch  15: Train%/Test% | Accuracy: 75.71%/76.89% | Precision: 76.33%/77.57% | Recall: 76.93%/79.57% | F1: 75.65%/76.61% | Time: fit=002s, train=000s, test=000s, total=003s
Epoch  16: Train%/Test% | Accuracy: 74.05%/74.53% | Precision: 75.40%/76.01% | Recall: 75.69%/77.71% | F1: 74.04%/74.34% | Time: fit=002s, train=000s, test=000s, total=003s
Epoch  17: Train%/Test% | Accuracy: 72.99%/73.58% | Precision: 74.49%/75.41% | Recall: 74.70%/76.96% | F1: 72.98%/73.43% | Time: fit=002s, train=000s, test=000s, total=003s
Epoch  18: Train%/Test% | Accuracy: 73.70%/73.58% | Precision: 75.21%/75.41% | Recall: 75.43%/76.96% | F1: 73.69%/73.43% | Time: fit=002s, train=000s, test=000s, total=003s
Epoch  19: Train%/Test% | Accuracy: 76.54%/76.42% | Precision: 77.31%/77.25% | Recall: 77.88%/79.20% | F1: 76.50%/76.16% | Time: fit=002s, train=000s, test=000s, total=003s
Epoch  20: Train%/Test% | Accuracy: 78.32%/78.30% | Precision: 78.79%/78.56% | Recall: 79.48%/80.69% | F1: 78.25%/77.97% | Time: fit=002s, train=000s, test=000s, total=003s
Epoch  21: Train%/Test% | Accuracy: 80.92%/82.08% | Precision: 80.39%/80.68% | Recall: 80.55%/81.80% | F1: 80.47%/81.11% | Time: fit=002s, train=000s, test=000s, total=003s
Epoch  22: Train%/Test% | Accuracy: 81.75%/81.13% | Precision: 81.24%/79.70% | Recall: 81.42%/80.79% | F1: 81.32%/80.11% | Time: fit=002s, train=000s, test=000s, total=003s
Epoch  23: Train%/Test% | Accuracy: 80.92%/81.13% | Precision: 80.40%/79.66% | Recall: 80.51%/80.25% | F1: 80.45%/79.92% | Time: fit=002s, train=000s, test=000s, total=003s
Epoch  24: Train%/Test% | Accuracy: 80.92%/81.13% | Precision: 80.47%/79.66% | Recall: 80.24%/80.25% | F1: 80.34%/79.92% | Time: fit=002s, train=000s, test=000s, total=003s
Epoch  25: Train%/Test% | Accuracy: 80.92%/81.60% | Precision: 80.48%/80.16% | Recall: 80.20%/80.89% | F1: 80.33%/80.47% | Time: fit=002s, train=000s, test=000s, total=003s
Epoch  26: Train%/Test% | Accuracy: 81.52%/81.60% | Precision: 81.09%/80.17% | Recall: 80.83%/80.63% | F1: 80.95%/80.38% | Time: fit=002s, train=000s, test=000s, total=003s
Epoch  27: Train%/Test% | Accuracy: 81.16%/81.13% | Precision: 80.66%/79.66% | Recall: 80.64%/80.25% | F1: 80.65%/79.92% | Time: fit=002s, train=000s, test=000s, total=003s
Epoch  28: Train%/Test% | Accuracy: 81.99%/81.60% | Precision: 81.60%/80.16% | Recall: 81.28%/80.89% | F1: 81.42%/80.47% | Time: fit=002s, train=000s, test=000s, total=003s
Epoch  29: Train%/Test% | Accuracy: 82.58%/80.66% | Precision: 82.10%/79.23% | Recall: 82.65%/80.42% | F1: 82.29%/79.66% | Time: fit=002s, train=000s, test=000s, total=003s
Epoch  30: Train%/Test% | Accuracy: 82.23%/82.55% | Precision: 81.74%/81.21% | Recall: 81.79%/81.37% | F1: 81.77%/81.29% | Time: fit=002s, train=000s, test=000s, total=003s
Epoch  31: Train%/Test% | Accuracy: 83.53%/83.02% | Precision: 83.06%/81.69% | Recall: 83.19%/82.01% | F1: 83.12%/81.84% | Time: fit=002s, train=000s, test=000s, total=003s
Epoch  32: Train%/Test% | Accuracy: 83.53%/82.08% | Precision: 83.13%/80.68% | Recall: 82.99%/81.00% | F1: 83.06%/80.83% | Time: fit=002s, train=000s, test=000s, total=003s
Epoch  33: Train%/Test% | Accuracy: 83.18%/81.60% | Precision: 82.68%/80.21% | Recall: 82.96%/81.43% | F1: 82.80%/80.65% | Time: fit=002s, train=000s, test=000s, total=003s
Epoch  34: Train%/Test% | Accuracy: 81.99%/82.08% | Precision: 81.48%/80.68% | Recall: 81.67%/81.80% | F1: 81.57%/81.11% | Time: fit=002s, train=000s, test=000s, total=003s
Epoch  35: Train%/Test% | Accuracy: 82.23%/83.02% | Precision: 81.72%/81.65% | Recall: 82.15%/82.82% | F1: 81.89%/82.10% | Time: fit=002s, train=000s, test=000s, total=003s
Epoch  36: Train%/Test% | Accuracy: 82.23%/83.02% | Precision: 81.72%/81.69% | Recall: 81.99%/83.08% | F1: 81.84%/82.18% | Time: fit=002s, train=000s, test=000s, total=003s
Epoch  37: Train%/Test% | Accuracy: 81.87%/81.60% | Precision: 81.36%/80.17% | Recall: 81.60%/81.16% | F1: 81.47%/80.57% | Time: fit=002s, train=000s, test=000s, total=003s
Epoch  38: Train%/Test% | Accuracy: 83.18%/83.49% | Precision: 82.69%/82.20% | Recall: 83.20%/83.73% | F1: 82.87%/82.71% | Time: fit=002s, train=000s, test=000s, total=003s
Epoch  39: Train%/Test% | Accuracy: 84.00%/83.96% | Precision: 83.52%/82.66% | Recall: 83.83%/84.10% | F1: 83.66%/83.17% | Time: fit=002s, train=000s, test=000s, total=003s
Epoch  40: Train%/Test% | Accuracy: 84.36%/83.02% | Precision: 83.94%/81.75% | Recall: 84.65%/83.35% | F1: 84.14%/82.25% | Time: fit=002s, train=000s, test=000s, total=003s
Epoch  41: Train%/Test% | Accuracy: 81.99%/82.08% | Precision: 81.48%/80.65% | Recall: 81.67%/81.53% | F1: 81.57%/81.02% | Time: fit=002s, train=000s, test=000s, total=003s
Epoch  42: Train%/Test% | Accuracy: 82.58%/83.96% | Precision: 82.08%/82.63% | Recall: 82.53%/83.83% | F1: 82.25%/83.10% | Time: fit=002s, train=000s, test=000s, total=003s
Epoch  43: Train%/Test% | Accuracy: 82.11%/82.08% | Precision: 81.60%/80.68% | Recall: 81.85%/81.80% | F1: 81.71%/81.11% | Time: fit=002s, train=000s, test=000s, total=003s
Epoch  44: Train%/Test% | Accuracy: 83.29%/84.91% | Precision: 82.81%/83.69% | Recall: 83.02%/84.04% | F1: 82.91%/83.86% | Time: fit=002s, train=000s, test=000s, total=003s
Epoch  45: Train%/Test% | Accuracy: 83.06%/82.55% | Precision: 82.59%/81.17% | Recall: 82.66%/81.64% | F1: 82.63%/81.38% | Time: fit=002s, train=000s, test=000s, total=003s
Epoch  46: Train%/Test% | Accuracy: 83.06%/81.13% | Precision: 82.57%/79.66% | Recall: 82.78%/80.25% | F1: 82.66%/79.92% | Time: fit=002s, train=000s, test=000s, total=003s
Epoch  47: Train%/Test% | Accuracy: 83.41%/81.60% | Precision: 83.06%/80.70% | Recall: 83.83%/82.77% | F1: 83.21%/81.03% | Time: fit=002s, train=000s, test=000s, total=003s
Epoch  48: Train%/Test% | Accuracy: 80.45%/77.36% | Precision: 80.59%/77.36% | Recall: 81.40%/79.41% | F1: 80.35%/76.96% | Time: fit=002s, train=000s, test=000s, total=003s
Epoch  49: Train%/Test% | Accuracy: 81.64%/75.94% | Precision: 81.82%/76.34% | Recall: 82.65%/78.29% | F1: 81.54%/75.60% | Time: fit=002s, train=000s, test=000s, total=003s
Epoch  50: Train%/Test% | Accuracy: 83.53%/82.08% | Precision: 83.06%/80.68% | Recall: 83.19%/81.00% | F1: 83.12%/80.83% | Time: fit=002s, train=000s, test=000s, total=003s
Epoch  51: Train%/Test% | Accuracy: 84.36%/82.55% | Precision: 83.88%/81.15% | Recall: 84.37%/82.18% | F1: 84.07%/81.56% | Time: fit=002s, train=000s, test=000s, total=003s
Epoch  52: Train%/Test% | Accuracy: 82.70%/80.19% | Precision: 82.53%/79.54% | Recall: 83.38%/81.65% | F1: 82.55%/79.67% | Time: fit=002s, train=000s, test=000s, total=003s
Epoch  53: Train%/Test% | Accuracy: 81.16%/75.94% | Precision: 81.11%/76.63% | Recall: 81.93%/78.56% | F1: 81.03%/75.66% | Time: fit=002s, train=000s, test=000s, total=003s
Epoch  54: Train%/Test% | Accuracy: 78.67%/74.06% | Precision: 79.34%/76.07% | Recall: 79.99%/77.60% | F1: 78.62%/73.93% | Time: fit=002s, train=000s, test=000s, total=003s
Epoch  55: Train%/Test% | Accuracy: 78.91%/74.06% | Precision: 79.81%/75.70% | Recall: 80.39%/77.33% | F1: 78.88%/73.89% | Time: fit=002s, train=000s, test=000s, total=003s
Epoch  56: Train%/Test% | Accuracy: 79.38%/74.06% | Precision: 80.23%/76.07% | Recall: 80.83%/77.60% | F1: 79.35%/73.93% | Time: fit=002s, train=000s, test=000s, total=003s
Epoch  57: Train%/Test% | Accuracy: 84.72%/80.66% | Precision: 84.32%/79.75% | Recall: 85.07%/81.75% | F1: 84.51%/80.05% | Time: fit=002s, train=000s, test=000s, total=003s
Epoch  58: Train%/Test% | Accuracy: 83.18%/78.77% | Precision: 83.39%/78.90% | Recall: 84.26%/81.07% | F1: 83.10%/78.42% | Time: fit=002s, train=000s, test=000s, total=003s
Epoch  59: Train%/Test% | Accuracy: 79.03%/72.17% | Precision: 80.23%/74.93% | Recall: 80.68%/76.11% | F1: 79.01%/72.09% | Time: fit=002s, train=000s, test=000s, total=003s
Epoch  60: Train%/Test% | Accuracy: 79.98%/73.11% | Precision: 80.99%/75.49% | Recall: 81.54%/76.86% | F1: 79.95%/73.01% | Time: fit=002s, train=000s, test=000s, total=003s
Epoch  61: Train%/Test% | Accuracy: 84.36%/79.25% | Precision: 84.25%/78.41% | Recall: 85.16%/80.37% | F1: 84.24%/78.63% | Time: fit=002s, train=000s, test=000s, total=003s
Epoch  62: Train%/Test% | Accuracy: 83.77%/80.66% | Precision: 83.47%/79.61% | Recall: 84.30%/81.49% | F1: 83.59%/79.98% | Time: fit=002s, train=000s, test=000s, total=003s
Epoch  63: Train%/Test% | Accuracy: 84.48%/80.19% | Precision: 84.50%/79.36% | Recall: 85.42%/81.38% | F1: 84.38%/79.60% | Time: fit=002s, train=000s, test=000s, total=003s
Epoch  64: Train%/Test% | Accuracy: 83.65%/79.72% | Precision: 83.69%/78.80% | Recall: 84.59%/80.74% | F1: 83.55%/79.08% | Time: fit=002s, train=000s, test=000s, total=003s
Epoch  65: Train%/Test% | Accuracy: 84.12%/80.19% | Precision: 84.02%/79.07% | Recall: 84.92%/80.85% | F1: 84.00%/79.46% | Time: fit=002s, train=000s, test=000s, total=003s
Epoch  66: Train%/Test% | Accuracy: 84.48%/81.13% | Precision: 84.07%/79.82% | Recall: 84.79%/81.32% | F1: 84.26%/80.28% | Time: fit=002s, train=000s, test=000s, total=003s
Epoch  67: Train%/Test% | Accuracy: 84.95%/83.02% | Precision: 84.52%/81.69% | Recall: 85.20%/83.08% | F1: 84.73%/82.18% | Time: fit=002s, train=000s, test=000s, total=003s
Epoch  68: Train%/Test% | Accuracy: 84.95%/82.08% | Precision: 84.51%/80.78% | Recall: 85.16%/82.34% | F1: 84.72%/81.27% | Time: fit=002s, train=000s, test=000s, total=003s
Epoch  69: Train%/Test% | Accuracy: 83.89%/82.08% | Precision: 83.46%/80.66% | Recall: 83.46%/81.27% | F1: 83.46%/80.93% | Time: fit=002s, train=000s, test=000s, total=003s
Epoch  70: Train%/Test% | Accuracy: 85.43%/82.08% | Precision: 85.06%/80.68% | Recall: 84.98%/81.00% | F1: 85.02%/80.83% | Time: fit=002s, train=000s, test=000s, total=003s
Epoch  71: Train%/Test% | Accuracy: 84.60%/81.60% | Precision: 84.14%/80.17% | Recall: 84.34%/81.16% | F1: 84.23%/80.57% | Time: fit=002s, train=000s, test=000s, total=003s
Epoch  72: Train%/Test% | Accuracy: 83.77%/80.66% | Precision: 83.29%/79.17% | Recall: 83.55%/79.88% | F1: 83.40%/79.47% | Time: fit=002s, train=000s, test=000s, total=003s
Epoch  73: Train%/Test% | Accuracy: 84.48%/81.60% | Precision: 84.02%/80.21% | Recall: 84.59%/81.43% | F1: 84.22%/80.65% | Time: fit=002s, train=000s, test=000s, total=003s
Epoch  74: Train%/Test% | Accuracy: 84.12%/81.60% | Precision: 83.64%/80.21% | Recall: 84.13%/81.43% | F1: 83.83%/80.65% | Time: fit=002s, train=000s, test=000s, total=003s
Epoch  75: Train%/Test% | Accuracy: 84.24%/80.66% | Precision: 83.79%/79.30% | Recall: 84.39%/80.68% | F1: 83.98%/79.75% | Time: fit=002s, train=000s, test=000s, total=003s
Epoch  76: Train%/Test% | Accuracy: 84.24%/81.13% | Precision: 83.81%/79.67% | Recall: 83.84%/80.52% | F1: 83.83%/80.02% | Time: fit=002s, train=000s, test=000s, total=003s
Epoch  77: Train%/Test% | Accuracy: 83.29%/80.66% | Precision: 82.81%/79.17% | Recall: 83.02%/79.88% | F1: 82.91%/79.47% | Time: fit=002s, train=000s, test=000s, total=003s
Epoch  78: Train%/Test% | Accuracy: 83.53%/80.66% | Precision: 83.07%/79.19% | Recall: 83.15%/80.15% | F1: 83.11%/79.57% | Time: fit=002s, train=000s, test=000s, total=003s
Epoch  79: Train%/Test% | Accuracy: 84.48%/82.55% | Precision: 84.01%/81.18% | Recall: 84.32%/82.44% | F1: 84.14%/81.65% | Time: fit=002s, train=000s, test=000s, total=003s
Epoch  80: Train%/Test% | Accuracy: 83.53%/82.08% | Precision: 83.04%/80.72% | Recall: 83.46%/82.07% | F1: 83.21%/81.19% | Time: fit=002s, train=000s, test=000s, total=003s
Epoch  81: Train%/Test% | Accuracy: 84.83%/82.55% | Precision: 84.37%/81.15% | Recall: 84.67%/81.91% | F1: 84.50%/81.48% | Time: fit=002s, train=000s, test=000s, total=003s
Epoch  82: Train%/Test% | Accuracy: 86.26%/83.02% | Precision: 85.85%/81.65% | Recall: 86.01%/82.28% | F1: 85.92%/81.93% | Time: fit=002s, train=000s, test=000s, total=003s
Epoch  83: Train%/Test% | Accuracy: 87.32%/81.60% | Precision: 86.93%/80.56% | Recall: 87.71%/82.50% | F1: 87.15%/80.96% | Time: fit=002s, train=000s, test=000s, total=003s
Epoch  84: Train%/Test% | Accuracy: 84.12%/77.83% | Precision: 84.29%/77.96% | Recall: 85.19%/80.05% | F1: 84.04%/77.46% | Time: fit=002s, train=000s, test=000s, total=003s
Epoch  85: Train%/Test% | Accuracy: 87.56%/81.13% | Precision: 87.15%/79.82% | Recall: 87.87%/81.32% | F1: 87.37%/80.28% | Time: fit=002s, train=000s, test=000s, total=003s
Epoch  86: Train%/Test% | Accuracy: 86.26%/83.02% | Precision: 85.83%/81.64% | Recall: 86.09%/82.55% | F1: 85.94%/82.02% | Time: fit=002s, train=000s, test=000s, total=003s
Epoch  87: Train%/Test% | Accuracy: 86.85%/82.08% | Precision: 86.41%/80.72% | Recall: 86.83%/82.07% | F1: 86.58%/81.19% | Time: fit=002s, train=000s, test=000s, total=003s
Epoch  88: Train%/Test% | Accuracy: 85.19%/82.55% | Precision: 84.90%/81.17% | Recall: 84.58%/81.64% | F1: 84.73%/81.38% | Time: fit=002s, train=000s, test=000s, total=003s
Epoch  89: Train%/Test% | Accuracy: 84.83%/82.55% | Precision: 84.48%/81.27% | Recall: 84.31%/81.10% | F1: 84.39%/81.19% | Time: fit=002s, train=000s, test=000s, total=003s
Epoch  90: Train%/Test% | Accuracy: 84.24%/81.60% | Precision: 83.81%/80.25% | Recall: 83.84%/80.09% | F1: 83.83%/80.17% | Time: fit=002s, train=000s, test=000s, total=003s
Epoch  91: Train%/Test% | Accuracy: 84.60%/83.96% | Precision: 84.16%/82.76% | Recall: 84.26%/82.76% | F1: 84.21%/82.76% | Time: fit=002s, train=000s, test=000s, total=003s
Epoch  92: Train%/Test% | Accuracy: 84.36%/83.02% | Precision: 84.11%/81.83% | Recall: 83.63%/81.48% | F1: 83.84%/81.65% | Time: fit=002s, train=000s, test=000s, total=003s
Epoch  93: Train%/Test% | Accuracy: 83.89%/82.55% | Precision: 83.70%/81.21% | Recall: 83.03%/81.37% | F1: 83.30%/81.29% | Time: fit=002s, train=000s, test=000s, total=003s
Epoch  94: Train%/Test% | Accuracy: 83.41%/83.02% | Precision: 83.07%/81.69% | Recall: 82.73%/82.01% | F1: 82.89%/81.84% | Time: fit=002s, train=000s, test=000s, total=003s
Epoch  95: Train%/Test% | Accuracy: 84.72%/83.02% | Precision: 84.30%/81.65% | Recall: 84.33%/82.82% | F1: 84.31%/82.10% | Time: fit=002s, train=000s, test=000s, total=003s
Epoch  96: Train%/Test% | Accuracy: 85.90%/82.08% | Precision: 85.46%/80.78% | Recall: 85.74%/82.34% | F1: 85.58%/81.27% | Time: fit=002s, train=000s, test=000s, total=003s
Epoch  97: Train%/Test% | Accuracy: 86.26%/80.19% | Precision: 85.80%/78.95% | Recall: 86.28%/80.58% | F1: 85.99%/79.38% | Time: fit=002s, train=000s, test=000s, total=003s
Epoch  98: Train%/Test% | Accuracy: 86.26%/81.13% | Precision: 85.86%/79.70% | Recall: 85.97%/80.79% | F1: 85.91%/80.11% | Time: fit=002s, train=000s, test=000s, total=003s
Epoch  99: Train%/Test% | Accuracy: 86.02%/79.25% | Precision: 85.56%/77.89% | Recall: 86.00%/79.30% | F1: 85.74%/78.31% | Time: fit=002s, train=000s, test=000s, total=003s
Epoch 100: Train%/Test% | Accuracy: 85.78%/79.72% | Precision: 85.33%/78.42% | Recall: 85.72%/79.94% | F1: 85.49%/78.85% | Time: fit=002s, train=000s, test=000s, total=003s
Epoch 101: Train%/Test% | Accuracy: 85.43%/81.13% | Precision: 85.10%/79.67% | Recall: 84.90%/80.52% | F1: 85.00%/80.02% | Time: fit=002s, train=000s, test=000s, total=003s
Epoch 102: Train%/Test% | Accuracy: 83.65%/82.55% | Precision: 83.59%/81.37% | Recall: 82.63%/80.84% | F1: 82.99%/81.08% | Time: fit=002s, train=000s, test=000s, total=003s
Epoch 103: Train%/Test% | Accuracy: 84.95%/81.13% | Precision: 84.64%/79.70% | Recall: 84.38%/80.79% | F1: 84.49%/80.11% | Time: fit=002s, train=000s, test=000s, total=003s
Epoch 104: Train%/Test% | Accuracy: 85.43%/81.13% | Precision: 85.13%/79.67% | Recall: 84.86%/80.52% | F1: 84.98%/80.02% | Time: fit=002s, train=000s, test=000s, total=003s
Epoch 105: Train%/Test% | Accuracy: 84.48%/75.47% | Precision: 84.19%/75.47% | Recall: 85.03%/77.38% | F1: 84.31%/75.04% | Time: fit=002s, train=000s, test=000s, total=003s
Epoch 106: Train%/Test% | Accuracy: 86.14%/81.13% | Precision: 85.70%/79.91% | Recall: 86.34%/81.59% | F1: 85.91%/80.36% | Time: fit=002s, train=000s, test=000s, total=003s
Epoch 107: Train%/Test% | Accuracy: 86.61%/81.60% | Precision: 86.16%/80.21% | Recall: 86.63%/81.43% | F1: 86.35%/80.65% | Time: fit=002s, train=000s, test=000s, total=003s
Epoch 108: Train%/Test% | Accuracy: 84.95%/83.02% | Precision: 84.49%/81.65% | Recall: 84.77%/82.82% | F1: 84.62%/82.10% | Time: fit=002s, train=000s, test=000s, total=003s
Epoch 109: Train%/Test% | Accuracy: 84.36%/75.94% | Precision: 84.29%/76.63% | Recall: 85.20%/78.56% | F1: 84.25%/75.66% | Time: fit=002s, train=000s, test=000s, total=003s
Epoch 110: Train%/Test% | Accuracy: 86.85%/82.55% | Precision: 86.41%/81.31% | Recall: 87.03%/82.98% | F1: 86.63%/81.80% | Time: fit=002s, train=000s, test=000s, total=003s
Epoch 111: Train%/Test% | Accuracy: 86.97%/83.96% | Precision: 86.55%/82.66% | Recall: 87.29%/84.10% | F1: 86.77%/83.17% | Time: fit=002s, train=000s, test=000s, total=003s
Epoch 112: Train%/Test% | Accuracy: 86.14%/83.49% | Precision: 85.68%/82.20% | Recall: 86.22%/83.73% | F1: 85.88%/82.71% | Time: fit=002s, train=000s, test=000s, total=003s
Epoch 113: Train%/Test% | Accuracy: 86.85%/83.02% | Precision: 86.48%/81.93% | Recall: 87.30%/83.89% | F1: 86.68%/82.39% | Time: fit=002s, train=000s, test=000s, total=003s
Epoch 114: Train%/Test% | Accuracy: 80.09%/75.00% | Precision: 81.57%/77.03% | Recall: 81.92%/78.62% | F1: 80.09%/74.87% | Time: fit=002s, train=000s, test=000s, total=003s
Epoch 115: Train%/Test% | Accuracy: 80.09%/75.00% | Precision: 81.80%/77.03% | Recall: 82.03%/78.62% | F1: 80.09%/74.87% | Time: fit=002s, train=000s, test=000s, total=003s
Epoch 116: Train%/Test% | Accuracy: 80.92%/75.94% | Precision: 82.30%/77.98% | Recall: 82.71%/79.63% | F1: 80.91%/75.82% | Time: fit=002s, train=000s, test=000s, total=003s
Epoch 117: Train%/Test% | Accuracy: 84.00%/79.25% | Precision: 84.39%/79.50% | Recall: 85.24%/81.71% | F1: 83.95%/78.93% | Time: fit=002s, train=000s, test=000s, total=003s
Epoch 118: Train%/Test% | Accuracy: 80.69%/76.42% | Precision: 81.51%/77.57% | Recall: 82.15%/79.47% | F1: 80.65%/76.20% | Time: fit=002s, train=000s, test=000s, total=003s
Epoch 119: Train%/Test% | Accuracy: 79.86%/73.11% | Precision: 81.33%/74.75% | Recall: 81.67%/76.32% | F1: 79.85%/72.94% | Time: fit=002s, train=000s, test=000s, total=003s
Epoch 120: Train%/Test% | Accuracy: 79.98%/74.53% | Precision: 81.33%/75.67% | Recall: 81.74%/77.44% | F1: 79.97%/74.30% | Time: fit=002s, train=000s, test=000s, total=003s
Epoch 121: Train%/Test% | Accuracy: 80.69%/75.94% | Precision: 81.45%/76.07% | Recall: 82.11%/78.02% | F1: 80.65%/75.55% | Time: fit=002s, train=000s, test=000s, total=003s
Epoch 122: Train%/Test% | Accuracy: 80.33%/77.36% | Precision: 81.31%/77.62% | Recall: 81.89%/79.68% | F1: 80.31%/77.01% | Time: fit=002s, train=000s, test=000s, total=003s
Epoch 123: Train%/Test% | Accuracy: 79.50%/75.00% | Precision: 81.08%/76.66% | Recall: 81.37%/78.35% | F1: 79.50%/74.84% | Time: fit=002s, train=000s, test=000s, total=003s
Epoch 124: Train%/Test% | Accuracy: 77.61%/73.58% | Precision: 79.63%/75.78% | Recall: 79.66%/77.23% | F1: 77.61%/73.47% | Time: fit=002s, train=000s, test=000s, total=003s
Epoch 125: Train%/Test% | Accuracy: 78.32%/74.06% | Precision: 79.95%/76.07% | Recall: 80.19%/77.60% | F1: 78.31%/73.93% | Time: fit=002s, train=000s, test=000s, total=003s
Epoch 126: Train%/Test% | Accuracy: 79.50%/74.53% | Precision: 80.85%/76.01% | Recall: 81.25%/77.71% | F1: 79.49%/74.34% | Time: fit=002s, train=000s, test=000s, total=003s
Epoch 127: Train%/Test% | Accuracy: 77.73%/73.58% | Precision: 79.31%/75.05% | Recall: 79.56%/76.69% | F1: 77.72%/73.39% | Time: fit=002s, train=000s, test=000s, total=003s
Epoch 128: Train%/Test% | Accuracy: 79.03%/75.47% | Precision: 80.16%/76.62% | Recall: 80.65%/78.45% | F1: 79.01%/75.25% | Time: fit=002s, train=000s, test=000s, total=003s
Epoch 129: Train%/Test% | Accuracy: 79.27%/73.58% | Precision: 80.33%/74.72% | Recall: 80.85%/76.43% | F1: 79.24%/73.35% | Time: fit=002s, train=000s, test=000s, total=003s
Epoch 130: Train%/Test% | Accuracy: 84.24%/76.89% | Precision: 84.00%/76.32% | Recall: 84.86%/78.23% | F1: 84.09%/76.31% | Time: fit=002s, train=000s, test=000s, total=003s
Epoch 131: Train%/Test% | Accuracy: 86.49%/83.96% | Precision: 86.12%/82.76% | Recall: 86.17%/82.76% | F1: 86.14%/82.76% | Time: fit=002s, train=000s, test=000s, total=003s
Epoch 132: Train%/Test% | Accuracy: 86.37%/83.02% | Precision: 86.02%/81.69% | Recall: 85.99%/82.01% | F1: 86.01%/81.84% | Time: fit=002s, train=000s, test=000s, total=003s
Epoch 133: Train%/Test% | Accuracy: 85.55%/83.49% | Precision: 85.11%/82.16% | Recall: 85.32%/82.65% | F1: 85.20%/82.39% | Time: fit=002s, train=000s, test=000s, total=003s
Epoch 134: Train%/Test% | Accuracy: 85.55%/83.02% | Precision: 85.09%/81.65% | Recall: 85.43%/82.28% | F1: 85.24%/81.93% | Time: fit=002s, train=000s, test=000s, total=003s
Epoch 135: Train%/Test% | Accuracy: 84.36%/82.55% | Precision: 83.88%/81.15% | Recall: 84.30%/81.91% | F1: 84.05%/81.48% | Time: fit=002s, train=000s, test=000s, total=003s
Epoch 136: Train%/Test% | Accuracy: 84.36%/83.02% | Precision: 83.88%/81.69% | Recall: 84.26%/82.01% | F1: 84.04%/81.84% | Time: fit=002s, train=000s, test=000s, total=003s
Epoch 137: Train%/Test% | Accuracy: 83.89%/83.02% | Precision: 83.40%/81.65% | Recall: 83.77%/82.28% | F1: 83.55%/81.93% | Time: fit=002s, train=000s, test=000s, total=003s
Epoch 138: Train%/Test% | Accuracy: 83.29%/82.55% | Precision: 82.83%/81.17% | Recall: 82.91%/81.64% | F1: 82.87%/81.38% | Time: fit=002s, train=000s, test=000s, total=003s
Epoch 139: Train%/Test% | Accuracy: 83.53%/82.55% | Precision: 83.04%/81.17% | Recall: 83.35%/81.64% | F1: 83.17%/81.38% | Time: fit=002s, train=000s, test=000s, total=003s
Epoch 140: Train%/Test% | Accuracy: 84.12%/80.66% | Precision: 83.67%/79.30% | Recall: 84.29%/80.68% | F1: 83.87%/79.75% | Time: fit=002s, train=000s, test=000s, total=003s
Epoch 141: Train%/Test% | Accuracy: 84.83%/82.55% | Precision: 84.36%/81.15% | Recall: 84.86%/82.18% | F1: 84.55%/81.56% | Time: fit=002s, train=000s, test=000s, total=003s
Epoch 142: Train%/Test% | Accuracy: 84.36%/82.55% | Precision: 83.88%/81.15% | Recall: 84.30%/82.18% | F1: 84.05%/81.56% | Time: fit=002s, train=000s, test=000s, total=003s
Epoch 143: Train%/Test% | Accuracy: 84.95%/83.02% | Precision: 84.51%/81.65% | Recall: 84.69%/82.82% | F1: 84.59%/82.10% | Time: fit=002s, train=000s, test=000s, total=003s
Epoch 144: Train%/Test% | Accuracy: 83.41%/82.55% | Precision: 82.93%/81.15% | Recall: 83.44%/82.18% | F1: 83.11%/81.56% | Time: fit=002s, train=000s, test=000s, total=003s
Epoch 145: Train%/Test% | Accuracy: 84.95%/81.60% | Precision: 84.50%/80.21% | Recall: 85.12%/81.43% | F1: 84.71%/80.65% | Time: fit=002s, train=000s, test=000s, total=003s
Epoch 146: Train%/Test% | Accuracy: 84.72%/81.13% | Precision: 84.34%/79.75% | Recall: 85.11%/81.06% | F1: 84.52%/80.20% | Time: fit=002s, train=000s, test=000s, total=003s
Epoch 147: Train%/Test% | Accuracy: 82.70%/82.08% | Precision: 82.20%/80.66% | Recall: 82.59%/81.27% | F1: 82.36%/80.93% | Time: fit=002s, train=000s, test=000s, total=003s
Epoch 148: Train%/Test% | Accuracy: 83.65%/82.08% | Precision: 83.16%/80.66% | Recall: 83.61%/81.27% | F1: 83.33%/80.93% | Time: fit=002s, train=000s, test=000s, total=003s
Epoch 149: Train%/Test% | Accuracy: 84.12%/82.08% | Precision: 83.64%/80.66% | Recall: 84.01%/81.27% | F1: 83.80%/80.93% | Time: fit=001s, train=000s, test=000s, total=002s
Epoch 150: Train%/Test% | Accuracy: 84.36%/83.02% | Precision: 83.88%/81.69% | Recall: 84.22%/82.01% | F1: 84.03%/81.84% | Time: fit=001s, train=000s, test=000s, total=001s
