[*] Load dataset...
[*] Fix malformed data...
[*] Split...
[*] Encoding...
[*] -> domain...
pipeline.py:185: SettingWithCopyWarning: 
A value is trying to be set on a copy of a slice from a DataFrame.
Try using .loc[row_indexer,col_indexer] = value instead

See the caveats in the documentation: https://pandas.pydata.org/pandas-docs/stable/user_guide/indexing.html#returning-a-view-versus-a-copy
  train_df['domain'] = train_df['url'].apply(extract_domain)
pipeline.py:186: SettingWithCopyWarning: 
A value is trying to be set on a copy of a slice from a DataFrame.
Try using .loc[row_indexer,col_indexer] = value instead

See the caveats in the documentation: https://pandas.pydata.org/pandas-docs/stable/user_guide/indexing.html#returning-a-view-versus-a-copy
  test_df['domain'] = test_df['url'].apply(extract_domain)
[*] Encoding complete!
==============================
Using GPU for training
Dataset: FakeNewsNet-politifact
TMU params: num-clauses=5000, T=50, s=10.0
Epochs: 150
Feature(s): domain
max-vocab=15000, max-domain=500, max-tweet=500
====================
Train size: 844
Train classes: 2
Test size: 212
Test classes: 2
Total features: 318
==============================
[*] Training for 150 epochs...
Epoch   1: Train%/Test% | Accuracy: 66.11%/67.45% | Precision: 65.04%/67.09% | Recall: 64.43%/68.36% | F1: 64.57%/66.74% | Time: fit=011s, train=002s, test=001s, total=013s
Epoch   2: Train%/Test% | Accuracy: 62.80%/64.62% | Precision: 74.79%/67.91% | Recall: 55.88%/52.46% | F1: 49.08%/44.82% | Time: fit=010s, train=002s, test=001s, total=013s
Epoch   3: Train%/Test% | Accuracy: 64.57%/68.40% | Precision: 79.39%/79.57% | Recall: 57.85%/57.32% | F1: 52.08%/53.13% | Time: fit=010s, train=002s, test=001s, total=013s
Epoch   4: Train%/Test% | Accuracy: 73.10%/71.23% | Precision: 72.63%/70.65% | Recall: 71.39%/72.15% | F1: 71.72%/70.51% | Time: fit=010s, train=002s, test=001s, total=013s
Epoch   5: Train%/Test% | Accuracy: 72.75%/71.70% | Precision: 72.42%/70.47% | Recall: 70.77%/71.72% | F1: 71.13%/70.65% | Time: fit=010s, train=002s, test=001s, total=013s
Epoch   6: Train%/Test% | Accuracy: 73.82%/72.64% | Precision: 73.66%/71.42% | Recall: 71.80%/72.73% | F1: 72.21%/71.63% | Time: fit=010s, train=002s, test=001s, total=013s
Epoch   7: Train%/Test% | Accuracy: 72.39%/73.11% | Precision: 72.11%/71.82% | Recall: 70.30%/73.11% | F1: 70.66%/72.07% | Time: fit=010s, train=002s, test=001s, total=013s
Epoch   8: Train%/Test% | Accuracy: 75.47%/74.06% | Precision: 75.51%/73.10% | Recall: 73.51%/74.66% | F1: 73.97%/73.24% | Time: fit=010s, train=002s, test=001s, total=013s
Epoch   9: Train%/Test% | Accuracy: 74.76%/74.06% | Precision: 74.64%/73.29% | Recall: 72.86%/74.92% | F1: 73.28%/73.33% | Time: fit=010s, train=002s, test=001s, total=012s
Epoch  10: Train%/Test% | Accuracy: 73.82%/72.17% | Precision: 73.52%/71.39% | Recall: 71.96%/72.90% | F1: 72.34%/71.39% | Time: fit=010s, train=002s, test=001s, total=013s
Epoch  11: Train%/Test% | Accuracy: 75.00%/72.17% | Precision: 74.90%/71.39% | Recall: 73.10%/72.90% | F1: 73.53%/71.39% | Time: fit=010s, train=002s, test=001s, total=012s
Epoch  12: Train%/Test% | Accuracy: 75.00%/73.58% | Precision: 74.58%/73.12% | Recall: 73.49%/74.82% | F1: 73.82%/72.97% | Time: fit=010s, train=002s, test=001s, total=012s
Epoch  13: Train%/Test% | Accuracy: 76.07%/74.06% | Precision: 75.77%/73.49% | Recall: 74.53%/75.19% | F1: 74.90%/73.41% | Time: fit=010s, train=002s, test=001s, total=013s
Epoch  14: Train%/Test% | Accuracy: 77.73%/74.53% | Precision: 77.38%/74.06% | Recall: 76.46%/75.83% | F1: 76.78%/73.93% | Time: fit=010s, train=002s, test=001s, total=012s
Epoch  15: Train%/Test% | Accuracy: 77.25%/72.64% | Precision: 77.05%/71.77% | Recall: 75.74%/73.27% | F1: 76.14%/71.83% | Time: fit=010s, train=002s, test=001s, total=012s
Epoch  16: Train%/Test% | Accuracy: 76.42%/74.53% | Precision: 76.17%/73.49% | Recall: 74.87%/75.03% | F1: 75.26%/73.68% | Time: fit=010s, train=002s, test=001s, total=012s
Epoch  17: Train%/Test% | Accuracy: 76.90%/74.53% | Precision: 76.75%/73.49% | Recall: 75.28%/75.03% | F1: 75.70%/73.68% | Time: fit=010s, train=002s, test=001s, total=012s
Epoch  18: Train%/Test% | Accuracy: 76.30%/74.06% | Precision: 76.09%/73.10% | Recall: 74.69%/74.66% | F1: 75.09%/73.24% | Time: fit=010s, train=002s, test=001s, total=012s
Epoch  19: Train%/Test% | Accuracy: 78.20%/75.47% | Precision: 78.04%/74.62% | Recall: 76.76%/76.31% | F1: 77.16%/74.74% | Time: fit=010s, train=002s, test=001s, total=012s
Epoch  20: Train%/Test% | Accuracy: 77.73%/74.53% | Precision: 77.60%/73.67% | Recall: 76.19%/75.30% | F1: 76.61%/73.77% | Time: fit=010s, train=002s, test=001s, total=012s
Epoch  21: Train%/Test% | Accuracy: 77.84%/74.53% | Precision: 77.49%/73.86% | Recall: 76.61%/75.56% | F1: 76.92%/73.86% | Time: fit=010s, train=002s, test=001s, total=012s
Epoch  22: Train%/Test% | Accuracy: 78.20%/75.47% | Precision: 77.85%/74.80% | Recall: 76.99%/76.58% | F1: 77.30%/74.82% | Time: fit=010s, train=002s, test=001s, total=012s
Epoch  23: Train%/Test% | Accuracy: 78.44%/75.47% | Precision: 78.26%/74.62% | Recall: 77.04%/76.31% | F1: 77.43%/74.74% | Time: fit=010s, train=002s, test=001s, total=012s
Epoch  24: Train%/Test% | Accuracy: 78.08%/75.47% | Precision: 78.00%/74.80% | Recall: 76.54%/76.58% | F1: 76.97%/74.82% | Time: fit=010s, train=002s, test=001s, total=012s
Epoch  25: Train%/Test% | Accuracy: 79.62%/75.00% | Precision: 79.57%/74.43% | Recall: 78.22%/76.21% | F1: 78.65%/74.38% | Time: fit=010s, train=002s, test=001s, total=012s
Epoch  26: Train%/Test% | Accuracy: 78.08%/75.00% | Precision: 77.72%/74.43% | Recall: 76.89%/76.21% | F1: 77.19%/74.38% | Time: fit=010s, train=002s, test=001s, total=012s
Epoch  27: Train%/Test% | Accuracy: 77.84%/74.06% | Precision: 77.36%/73.29% | Recall: 76.84%/74.92% | F1: 77.05%/73.33% | Time: fit=010s, train=002s, test=001s, total=012s
Epoch  28: Train%/Test% | Accuracy: 79.86%/75.00% | Precision: 79.61%/74.05% | Recall: 78.69%/75.67% | F1: 79.03%/74.21% | Time: fit=010s, train=002s, test=001s, total=012s
Epoch  29: Train%/Test% | Accuracy: 79.50%/74.06% | Precision: 79.08%/73.29% | Recall: 78.58%/74.92% | F1: 78.79%/73.33% | Time: fit=010s, train=002s, test=001s, total=012s
Epoch  30: Train%/Test% | Accuracy: 79.74%/75.47% | Precision: 79.39%/74.80% | Recall: 78.71%/76.58% | F1: 78.97%/74.82% | Time: fit=010s, train=002s, test=001s, total=012s
Epoch  31: Train%/Test% | Accuracy: 80.69%/74.53% | Precision: 80.34%/74.06% | Recall: 79.76%/75.83% | F1: 79.99%/73.93% | Time: fit=010s, train=002s, test=001s, total=012s
Epoch  32: Train%/Test% | Accuracy: 80.33%/75.94% | Precision: 80.03%/75.18% | Recall: 79.30%/76.95% | F1: 79.58%/75.27% | Time: fit=010s, train=002s, test=001s, total=012s
Epoch  33: Train%/Test% | Accuracy: 80.09%/75.94% | Precision: 79.80%/75.18% | Recall: 79.02%/76.95% | F1: 79.31%/75.27% | Time: fit=010s, train=002s, test=001s, total=012s
Epoch  34: Train%/Test% | Accuracy: 79.62%/75.94% | Precision: 79.36%/75.38% | Recall: 78.45%/77.22% | F1: 78.78%/75.35% | Time: fit=010s, train=002s, test=001s, total=012s
Epoch  35: Train%/Test% | Accuracy: 74.88%/66.04% | Precision: 76.49%/73.20% | Recall: 76.68%/72.06% | F1: 74.88%/65.99% | Time: fit=010s, train=002s, test=001s, total=012s
Epoch  36: Train%/Test% | Accuracy: 74.64%/66.51% | Precision: 76.17%/73.42% | Recall: 76.40%/72.44% | F1: 74.64%/66.47% | Time: fit=010s, train=002s, test=001s, total=012s
Epoch  37: Train%/Test% | Accuracy: 75.00%/65.09% | Precision: 76.72%/72.75% | Recall: 76.86%/71.32% | F1: 75.00%/65.02% | Time: fit=010s, train=002s, test=001s, total=012s
Epoch  38: Train%/Test% | Accuracy: 75.47%/66.04% | Precision: 77.13%/73.20% | Recall: 77.31%/72.06% | F1: 75.47%/65.99% | Time: fit=010s, train=002s, test=001s, total=012s
Epoch  39: Train%/Test% | Accuracy: 76.18%/66.04% | Precision: 77.78%/73.20% | Recall: 78.00%/72.06% | F1: 76.18%/65.99% | Time: fit=010s, train=002s, test=001s, total=012s
Epoch  40: Train%/Test% | Accuracy: 75.59%/66.04% | Precision: 76.66%/72.60% | Recall: 77.10%/71.79% | F1: 75.57%/66.01% | Time: fit=010s, train=002s, test=001s, total=012s
Epoch  41: Train%/Test% | Accuracy: 76.18%/65.57% | Precision: 78.01%/72.98% | Recall: 78.12%/71.69% | F1: 76.18%/65.50% | Time: fit=010s, train=002s, test=001s, total=012s
Epoch  42: Train%/Test% | Accuracy: 75.59%/66.04% | Precision: 77.53%/74.51% | Recall: 77.57%/72.60% | F1: 75.59%/65.93% | Time: fit=010s, train=002s, test=001s, total=012s
Epoch  43: Train%/Test% | Accuracy: 80.69%/75.94% | Precision: 80.41%/75.38% | Recall: 79.64%/77.22% | F1: 79.94%/75.35% | Time: fit=010s, train=002s, test=001s, total=012s
Epoch  44: Train%/Test% | Accuracy: 76.66%/66.04% | Precision: 78.11%/74.51% | Recall: 78.41%/72.60% | F1: 76.65%/65.93% | Time: fit=010s, train=002s, test=001s, total=012s
Epoch  45: Train%/Test% | Accuracy: 76.90%/66.98% | Precision: 78.21%/74.92% | Recall: 78.57%/73.34% | F1: 76.88%/66.91% | Time: fit=010s, train=002s, test=001s, total=012s
Epoch  46: Train%/Test% | Accuracy: 76.78%/66.51% | Precision: 77.99%/74.71% | Recall: 78.39%/72.97% | F1: 76.76%/66.42% | Time: fit=010s, train=002s, test=001s, total=012s
Epoch  47: Train%/Test% | Accuracy: 77.49%/66.51% | Precision: 78.78%/74.71% | Recall: 79.16%/72.97% | F1: 77.48%/66.42% | Time: fit=010s, train=002s, test=001s, total=012s
Epoch  48: Train%/Test% | Accuracy: 76.78%/66.04% | Precision: 78.66%/74.51% | Recall: 78.75%/72.60% | F1: 76.78%/65.93% | Time: fit=010s, train=002s, test=001s, total=012s
Epoch  49: Train%/Test% | Accuracy: 81.16%/75.47% | Precision: 80.89%/75.01% | Recall: 80.17%/76.85% | F1: 80.45%/74.90% | Time: fit=010s, train=002s, test=001s, total=012s
Epoch  50: Train%/Test% | Accuracy: 77.13%/66.04% | Precision: 79.15%/74.51% | Recall: 79.17%/72.60% | F1: 77.13%/65.93% | Time: fit=010s, train=002s, test=000s, total=012s
Epoch  51: Train%/Test% | Accuracy: 76.78%/66.51% | Precision: 78.35%/74.71% | Recall: 78.59%/72.97% | F1: 76.77%/66.42% | Time: fit=010s, train=002s, test=001s, total=012s
Epoch  52: Train%/Test% | Accuracy: 75.95%/65.09% | Precision: 77.69%/72.13% | Recall: 77.84%/71.05% | F1: 75.95%/65.04% | Time: fit=010s, train=002s, test=000s, total=012s
Epoch  53: Train%/Test% | Accuracy: 75.59%/65.57% | Precision: 76.72%/72.37% | Recall: 77.14%/71.42% | F1: 75.57%/65.53% | Time: fit=010s, train=002s, test=001s, total=012s
Epoch  54: Train%/Test% | Accuracy: 75.83%/65.09% | Precision: 77.10%/73.41% | Recall: 77.46%/71.58% | F1: 75.82%/64.98% | Time: fit=010s, train=002s, test=001s, total=012s
Epoch  55: Train%/Test% | Accuracy: 75.95%/66.04% | Precision: 77.12%/74.51% | Recall: 77.52%/72.60% | F1: 75.93%/65.93% | Time: fit=010s, train=002s, test=001s, total=012s
Epoch  56: Train%/Test% | Accuracy: 76.66%/66.04% | Precision: 78.04%/74.51% | Recall: 78.37%/72.60% | F1: 76.65%/65.93% | Time: fit=010s, train=002s, test=001s, total=012s
Epoch  57: Train%/Test% | Accuracy: 76.42%/65.57% | Precision: 78.10%/74.31% | Recall: 78.28%/72.23% | F1: 76.42%/65.44% | Time: fit=010s, train=002s, test=001s, total=012s
Epoch  58: Train%/Test% | Accuracy: 76.66%/66.04% | Precision: 77.97%/73.84% | Recall: 78.33%/72.33% | F1: 76.65%/65.96% | Time: fit=010s, train=002s, test=001s, total=012s
Epoch  59: Train%/Test% | Accuracy: 81.52%/75.94% | Precision: 81.30%/75.38% | Recall: 80.48%/77.22% | F1: 80.79%/75.35% | Time: fit=010s, train=002s, test=000s, total=012s
Epoch  60: Train%/Test% | Accuracy: 81.52%/76.42% | Precision: 81.48%/75.75% | Recall: 80.28%/77.59% | F1: 80.70%/75.79% | Time: fit=010s, train=002s, test=001s, total=012s
Epoch  61: Train%/Test% | Accuracy: 77.84%/67.45% | Precision: 79.24%/75.12% | Recall: 79.59%/73.72% | F1: 77.83%/67.39% | Time: fit=010s, train=002s, test=000s, total=012s
Epoch  62: Train%/Test% | Accuracy: 77.37%/66.98% | Precision: 78.84%/74.92% | Recall: 79.14%/73.34% | F1: 77.36%/66.91% | Time: fit=010s, train=002s, test=001s, total=012s
Epoch  63: Train%/Test% | Accuracy: 77.73%/66.98% | Precision: 79.23%/74.92% | Recall: 79.52%/73.34% | F1: 77.72%/66.91% | Time: fit=010s, train=002s, test=001s, total=012s
Epoch  64: Train%/Test% | Accuracy: 77.37%/66.98% | Precision: 78.99%/74.92% | Recall: 79.22%/73.34% | F1: 77.37%/66.91% | Time: fit=010s, train=002s, test=001s, total=012s
Epoch  65: Train%/Test% | Accuracy: 76.90%/65.57% | Precision: 78.28%/72.37% | Recall: 78.61%/71.42% | F1: 76.89%/65.53% | Time: fit=010s, train=002s, test=001s, total=012s
Epoch  66: Train%/Test% | Accuracy: 77.73%/66.51% | Precision: 79.39%/74.05% | Recall: 79.60%/72.70% | F1: 77.72%/66.45% | Time: fit=010s, train=002s, test=001s, total=012s
Epoch  67: Train%/Test% | Accuracy: 77.25%/66.51% | Precision: 78.75%/72.83% | Recall: 79.04%/72.17% | F1: 77.24%/66.49% | Time: fit=010s, train=002s, test=001s, total=012s
Epoch  68: Train%/Test% | Accuracy: 77.01%/66.51% | Precision: 78.82%/73.42% | Recall: 78.95%/72.44% | F1: 77.01%/66.47% | Time: fit=010s, train=002s, test=001s, total=012s
Epoch  69: Train%/Test% | Accuracy: 77.96%/67.92% | Precision: 79.48%/75.33% | Recall: 79.77%/74.09% | F1: 77.96%/67.88% | Time: fit=010s, train=002s, test=001s, total=012s
Epoch  70: Train%/Test% | Accuracy: 77.84%/66.98% | Precision: 79.55%/74.92% | Recall: 79.74%/73.34% | F1: 77.84%/66.91% | Time: fit=010s, train=002s, test=001s, total=012s
Epoch  71: Train%/Test% | Accuracy: 77.25%/66.51% | Precision: 79.14%/74.71% | Recall: 79.23%/72.97% | F1: 77.25%/66.42% | Time: fit=010s, train=002s, test=001s, total=012s
Epoch  72: Train%/Test% | Accuracy: 77.49%/66.98% | Precision: 79.22%/74.92% | Recall: 79.40%/73.34% | F1: 77.49%/66.91% | Time: fit=010s, train=002s, test=001s, total=012s
Epoch  73: Train%/Test% | Accuracy: 77.25%/66.98% | Precision: 79.40%/74.27% | Recall: 79.35%/73.08% | F1: 77.25%/66.93% | Time: fit=010s, train=002s, test=001s, total=012s
Epoch  74: Train%/Test% | Accuracy: 77.73%/67.92% | Precision: 79.55%/75.33% | Recall: 79.68%/74.09% | F1: 77.72%/67.88% | Time: fit=010s, train=002s, test=001s, total=012s
Epoch  75: Train%/Test% | Accuracy: 77.49%/67.92% | Precision: 79.73%/75.33% | Recall: 79.63%/74.09% | F1: 77.49%/67.88% | Time: fit=010s, train=002s, test=001s, total=012s
Epoch  76: Train%/Test% | Accuracy: 78.20%/67.92% | Precision: 79.87%/75.33% | Recall: 80.09%/74.09% | F1: 78.20%/67.88% | Time: fit=010s, train=002s, test=001s, total=012s
Epoch  77: Train%/Test% | Accuracy: 78.32%/67.92% | Precision: 79.88%/75.33% | Recall: 80.15%/74.09% | F1: 78.31%/67.88% | Time: fit=010s, train=002s, test=001s, total=013s
Epoch  78: Train%/Test% | Accuracy: 78.44%/67.92% | Precision: 80.11%/75.33% | Recall: 80.33%/74.09% | F1: 78.43%/67.88% | Time: fit=010s, train=002s, test=001s, total=012s
Epoch  79: Train%/Test% | Accuracy: 78.32%/67.45% | Precision: 80.28%/75.12% | Recall: 80.35%/73.72% | F1: 78.32%/67.39% | Time: fit=010s, train=002s, test=001s, total=013s
Epoch  80: Train%/Test% | Accuracy: 78.20%/67.92% | Precision: 80.20%/75.33% | Recall: 80.24%/74.09% | F1: 78.20%/67.88% | Time: fit=010s, train=002s, test=001s, total=012s
Epoch  81: Train%/Test% | Accuracy: 77.61%/67.92% | Precision: 79.39%/75.33% | Recall: 79.54%/74.09% | F1: 77.61%/67.88% | Time: fit=010s, train=002s, test=001s, total=012s
Epoch  82: Train%/Test% | Accuracy: 77.96%/67.45% | Precision: 79.95%/75.12% | Recall: 80.00%/73.72% | F1: 77.96%/67.39% | Time: fit=010s, train=002s, test=001s, total=012s
Epoch  83: Train%/Test% | Accuracy: 77.84%/67.45% | Precision: 79.96%/75.12% | Recall: 79.94%/73.72% | F1: 77.84%/67.39% | Time: fit=010s, train=002s, test=001s, total=012s
Epoch  84: Train%/Test% | Accuracy: 77.96%/66.98% | Precision: 79.79%/74.27% | Recall: 79.92%/73.08% | F1: 77.96%/66.93% | Time: fit=010s, train=002s, test=001s, total=012s
Epoch  85: Train%/Test% | Accuracy: 77.96%/67.45% | Precision: 79.48%/74.48% | Recall: 79.77%/73.45% | F1: 77.96%/67.42% | Time: fit=010s, train=002s, test=001s, total=012s
Epoch  86: Train%/Test% | Accuracy: 78.08%/67.45% | Precision: 79.56%/74.48% | Recall: 79.87%/73.45% | F1: 78.07%/67.42% | Time: fit=010s, train=002s, test=001s, total=012s
Epoch  87: Train%/Test% | Accuracy: 78.67%/67.45% | Precision: 80.12%/74.48% | Recall: 80.46%/73.45% | F1: 78.67%/67.42% | Time: fit=010s, train=002s, test=001s, total=012s
Epoch  88: Train%/Test% | Accuracy: 78.79%/67.45% | Precision: 80.36%/74.48% | Recall: 80.64%/73.45% | F1: 78.79%/67.42% | Time: fit=010s, train=002s, test=001s, total=012s
Epoch  89: Train%/Test% | Accuracy: 79.27%/67.45% | Precision: 80.84%/74.48% | Recall: 81.12%/73.45% | F1: 79.26%/67.42% | Time: fit=010s, train=002s, test=001s, total=012s
Epoch  90: Train%/Test% | Accuracy: 79.38%/67.45% | Precision: 81.00%/74.48% | Recall: 81.26%/73.45% | F1: 79.38%/67.42% | Time: fit=010s, train=002s, test=001s, total=012s
Epoch  91: Train%/Test% | Accuracy: 79.27%/67.45% | Precision: 80.92%/74.48% | Recall: 81.16%/73.45% | F1: 79.26%/67.42% | Time: fit=010s, train=002s, test=001s, total=012s
Epoch  92: Train%/Test% | Accuracy: 79.15%/67.45% | Precision: 80.84%/74.48% | Recall: 81.06%/73.45% | F1: 79.14%/67.42% | Time: fit=010s, train=002s, test=001s, total=012s
Epoch  93: Train%/Test% | Accuracy: 78.79%/67.45% | Precision: 80.60%/74.48% | Recall: 80.75%/73.45% | F1: 78.79%/67.42% | Time: fit=010s, train=002s, test=001s, total=012s
Epoch  94: Train%/Test% | Accuracy: 78.67%/67.92% | Precision: 80.60%/75.33% | Recall: 80.69%/74.09% | F1: 78.67%/67.88% | Time: fit=010s, train=002s, test=001s, total=012s
Epoch  95: Train%/Test% | Accuracy: 78.67%/66.98% | Precision: 80.77%/74.27% | Recall: 80.77%/73.08% | F1: 78.67%/66.93% | Time: fit=010s, train=002s, test=000s, total=012s
Epoch  96: Train%/Test% | Accuracy: 78.32%/67.92% | Precision: 80.19%/74.70% | Recall: 80.31%/73.82% | F1: 78.32%/67.90% | Time: fit=010s, train=002s, test=001s, total=012s
Epoch  97: Train%/Test% | Accuracy: 78.91%/67.45% | Precision: 80.93%/74.48% | Recall: 80.97%/73.45% | F1: 78.91%/67.42% | Time: fit=010s, train=002s, test=001s, total=012s
Epoch  98: Train%/Test% | Accuracy: 78.91%/68.40% | Precision: 80.93%/75.54% | Recall: 80.97%/74.46% | F1: 78.91%/68.36% | Time: fit=010s, train=002s, test=001s, total=012s
Epoch  99: Train%/Test% | Accuracy: 78.91%/68.40% | Precision: 80.76%/75.54% | Recall: 80.90%/74.46% | F1: 78.91%/68.36% | Time: fit=010s, train=002s, test=001s, total=012s
Epoch 100: Train%/Test% | Accuracy: 78.67%/68.40% | Precision: 80.43%/75.54% | Recall: 80.61%/74.46% | F1: 78.67%/68.36% | Time: fit=010s, train=002s, test=001s, total=012s
Epoch 101: Train%/Test% | Accuracy: 78.79%/67.92% | Precision: 80.68%/75.33% | Recall: 80.79%/74.09% | F1: 78.79%/67.88% | Time: fit=010s, train=002s, test=001s, total=012s
Epoch 102: Train%/Test% | Accuracy: 78.67%/66.98% | Precision: 80.60%/74.27% | Recall: 80.69%/73.08% | F1: 78.67%/66.93% | Time: fit=010s, train=002s, test=001s, total=012s
Epoch 103: Train%/Test% | Accuracy: 78.55%/66.98% | Precision: 80.52%/74.27% | Recall: 80.59%/73.08% | F1: 78.55%/66.93% | Time: fit=010s, train=002s, test=001s, total=012s
Epoch 104: Train%/Test% | Accuracy: 79.15%/67.92% | Precision: 80.92%/75.33% | Recall: 81.10%/74.09% | F1: 79.15%/67.88% | Time: fit=010s, train=002s, test=001s, total=012s
Epoch 105: Train%/Test% | Accuracy: 78.91%/66.98% | Precision: 81.01%/74.92% | Recall: 81.01%/73.34% | F1: 78.91%/66.91% | Time: fit=010s, train=002s, test=000s, total=012s
Epoch 106: Train%/Test% | Accuracy: 79.03%/66.51% | Precision: 81.18%/74.05% | Recall: 81.15%/72.70% | F1: 79.03%/66.45% | Time: fit=010s, train=002s, test=001s, total=012s
Epoch 107: Train%/Test% | Accuracy: 79.15%/66.51% | Precision: 81.35%/74.05% | Recall: 81.30%/72.70% | F1: 79.15%/66.45% | Time: fit=010s, train=002s, test=001s, total=012s
Epoch 108: Train%/Test% | Accuracy: 79.38%/67.45% | Precision: 81.59%/75.12% | Recall: 81.54%/73.72% | F1: 79.38%/67.39% | Time: fit=010s, train=002s, test=001s, total=012s
Epoch 109: Train%/Test% | Accuracy: 78.91%/67.45% | Precision: 80.93%/75.12% | Recall: 80.97%/73.72% | F1: 78.91%/67.39% | Time: fit=010s, train=002s, test=001s, total=012s
Epoch 110: Train%/Test% | Accuracy: 79.27%/67.92% | Precision: 81.08%/75.33% | Recall: 81.24%/74.09% | F1: 79.26%/67.88% | Time: fit=010s, train=002s, test=001s, total=012s
Epoch 111: Train%/Test% | Accuracy: 78.79%/67.92% | Precision: 80.43%/75.33% | Recall: 80.68%/74.09% | F1: 78.79%/67.88% | Time: fit=010s, train=002s, test=001s, total=012s
Epoch 112: Train%/Test% | Accuracy: 78.91%/67.92% | Precision: 80.68%/75.33% | Recall: 80.86%/74.09% | F1: 78.91%/67.88% | Time: fit=010s, train=002s, test=001s, total=012s
Epoch 113: Train%/Test% | Accuracy: 78.67%/67.92% | Precision: 80.28%/75.33% | Recall: 80.53%/74.09% | F1: 78.67%/67.88% | Time: fit=010s, train=002s, test=001s, total=012s
Epoch 114: Train%/Test% | Accuracy: 78.91%/67.92% | Precision: 80.60%/75.33% | Recall: 80.82%/74.09% | F1: 78.91%/67.88% | Time: fit=010s, train=002s, test=001s, total=012s
Epoch 115: Train%/Test% | Accuracy: 78.79%/67.45% | Precision: 80.76%/75.12% | Recall: 80.83%/73.72% | F1: 78.79%/67.39% | Time: fit=010s, train=002s, test=001s, total=012s
Epoch 116: Train%/Test% | Accuracy: 79.03%/67.92% | Precision: 80.68%/75.33% | Recall: 80.92%/74.09% | F1: 79.02%/67.88% | Time: fit=010s, train=002s, test=001s, total=012s
Epoch 117: Train%/Test% | Accuracy: 79.15%/67.45% | Precision: 81.08%/75.12% | Recall: 81.18%/73.72% | F1: 79.15%/67.39% | Time: fit=010s, train=002s, test=001s, total=012s
Epoch 118: Train%/Test% | Accuracy: 79.15%/67.92% | Precision: 80.84%/75.33% | Recall: 81.06%/74.09% | F1: 79.14%/67.88% | Time: fit=010s, train=002s, test=001s, total=012s
Epoch 119: Train%/Test% | Accuracy: 79.15%/67.92% | Precision: 80.76%/75.33% | Recall: 81.02%/74.09% | F1: 79.14%/67.88% | Time: fit=010s, train=002s, test=001s, total=012s
Epoch 120: Train%/Test% | Accuracy: 78.08%/66.98% | Precision: 79.79%/74.92% | Recall: 79.99%/73.34% | F1: 78.08%/66.91% | Time: fit=010s, train=002s, test=000s, total=012s
Epoch 121: Train%/Test% | Accuracy: 78.32%/66.98% | Precision: 80.19%/74.92% | Recall: 80.31%/73.34% | F1: 78.32%/66.91% | Time: fit=010s, train=002s, test=001s, total=013s
Epoch 122: Train%/Test% | Accuracy: 79.15%/67.92% | Precision: 80.84%/75.33% | Recall: 81.06%/74.09% | F1: 79.14%/67.88% | Time: fit=010s, train=002s, test=001s, total=012s
Epoch 123: Train%/Test% | Accuracy: 79.50%/67.92% | Precision: 81.16%/75.33% | Recall: 81.41%/74.09% | F1: 79.50%/67.88% | Time: fit=010s, train=002s, test=001s, total=013s
Epoch 124: Train%/Test% | Accuracy: 79.50%/67.92% | Precision: 81.32%/75.33% | Recall: 81.48%/74.09% | F1: 79.50%/67.88% | Time: fit=010s, train=002s, test=001s, total=012s
Epoch 125: Train%/Test% | Accuracy: 79.15%/67.92% | Precision: 80.92%/75.33% | Recall: 81.10%/74.09% | F1: 79.15%/67.88% | Time: fit=010s, train=002s, test=001s, total=012s
Epoch 126: Train%/Test% | Accuracy: 79.50%/67.92% | Precision: 81.24%/75.33% | Recall: 81.45%/74.09% | F1: 79.50%/67.88% | Time: fit=010s, train=002s, test=001s, total=012s
Epoch 127: Train%/Test% | Accuracy: 79.27%/67.92% | Precision: 81.00%/75.33% | Recall: 81.20%/74.09% | F1: 79.26%/67.88% | Time: fit=010s, train=002s, test=001s, total=012s
Epoch 128: Train%/Test% | Accuracy: 79.03%/67.92% | Precision: 80.92%/75.33% | Recall: 81.04%/74.09% | F1: 79.03%/67.88% | Time: fit=010s, train=002s, test=000s, total=012s
Epoch 129: Train%/Test% | Accuracy: 79.03%/67.92% | Precision: 80.84%/75.33% | Recall: 81.00%/74.09% | F1: 79.03%/67.88% | Time: fit=010s, train=002s, test=001s, total=012s
Epoch 130: Train%/Test% | Accuracy: 79.15%/67.92% | Precision: 80.92%/75.33% | Recall: 81.10%/74.09% | F1: 79.15%/67.88% | Time: fit=010s, train=002s, test=001s, total=012s
Epoch 131: Train%/Test% | Accuracy: 78.91%/67.92% | Precision: 80.60%/75.33% | Recall: 80.82%/74.09% | F1: 78.91%/67.88% | Time: fit=010s, train=002s, test=001s, total=013s
Epoch 132: Train%/Test% | Accuracy: 79.27%/67.92% | Precision: 81.00%/75.33% | Recall: 81.20%/74.09% | F1: 79.26%/67.88% | Time: fit=010s, train=002s, test=001s, total=013s
Epoch 133: Train%/Test% | Accuracy: 79.15%/67.92% | Precision: 80.84%/75.33% | Recall: 81.06%/74.09% | F1: 79.14%/67.88% | Time: fit=010s, train=002s, test=001s, total=012s
Epoch 134: Train%/Test% | Accuracy: 79.38%/67.92% | Precision: 81.08%/75.33% | Recall: 81.30%/74.09% | F1: 79.38%/67.88% | Time: fit=010s, train=002s, test=001s, total=012s
Epoch 135: Train%/Test% | Accuracy: 79.50%/67.92% | Precision: 81.24%/75.33% | Recall: 81.45%/74.09% | F1: 79.50%/67.88% | Time: fit=010s, train=002s, test=000s, total=012s
Epoch 136: Train%/Test% | Accuracy: 79.38%/67.92% | Precision: 81.08%/75.33% | Recall: 81.30%/74.09% | F1: 79.38%/67.88% | Time: fit=010s, train=002s, test=000s, total=012s
Epoch 137: Train%/Test% | Accuracy: 79.15%/66.98% | Precision: 80.76%/74.92% | Recall: 81.02%/73.34% | F1: 79.14%/66.91% | Time: fit=010s, train=002s, test=001s, total=012s
Epoch 138: Train%/Test% | Accuracy: 79.03%/66.51% | Precision: 80.68%/74.71% | Recall: 80.92%/72.97% | F1: 79.02%/66.42% | Time: fit=010s, train=002s, test=001s, total=012s
Epoch 139: Train%/Test% | Accuracy: 78.91%/66.51% | Precision: 80.84%/74.71% | Recall: 80.94%/72.97% | F1: 78.91%/66.42% | Time: fit=010s, train=002s, test=001s, total=012s
Epoch 140: Train%/Test% | Accuracy: 79.03%/66.98% | Precision: 80.68%/74.92% | Recall: 80.92%/73.34% | F1: 79.02%/66.91% | Time: fit=010s, train=002s, test=001s, total=012s
Epoch 141: Train%/Test% | Accuracy: 79.15%/66.98% | Precision: 80.76%/74.92% | Recall: 81.02%/73.34% | F1: 79.14%/66.91% | Time: fit=010s, train=002s, test=001s, total=012s
Epoch 142: Train%/Test% | Accuracy: 78.79%/66.51% | Precision: 80.68%/74.71% | Recall: 80.79%/72.97% | F1: 78.79%/66.42% | Time: fit=010s, train=002s, test=001s, total=012s
Epoch 143: Train%/Test% | Accuracy: 79.15%/66.51% | Precision: 81.08%/74.71% | Recall: 81.18%/72.97% | F1: 79.15%/66.42% | Time: fit=010s, train=002s, test=001s, total=012s
Epoch 144: Train%/Test% | Accuracy: 79.38%/66.98% | Precision: 81.08%/74.92% | Recall: 81.30%/73.34% | F1: 79.38%/66.91% | Time: fit=010s, train=002s, test=001s, total=012s
Epoch 145: Train%/Test% | Accuracy: 79.50%/67.92% | Precision: 81.16%/75.33% | Recall: 81.41%/74.09% | F1: 79.50%/67.88% | Time: fit=010s, train=002s, test=001s, total=012s
Epoch 146: Train%/Test% | Accuracy: 79.74%/67.92% | Precision: 81.40%/75.33% | Recall: 81.65%/74.09% | F1: 79.74%/67.88% | Time: fit=010s, train=002s, test=001s, total=012s
Epoch 147: Train%/Test% | Accuracy: 79.86%/66.98% | Precision: 81.56%/74.92% | Recall: 81.79%/73.34% | F1: 79.85%/66.91% | Time: fit=010s, train=002s, test=001s, total=013s
Epoch 148: Train%/Test% | Accuracy: 79.50%/66.98% | Precision: 81.08%/74.92% | Recall: 81.37%/73.34% | F1: 79.50%/66.91% | Time: fit=010s, train=002s, test=001s, total=013s
Epoch 149: Train%/Test% | Accuracy: 79.50%/66.98% | Precision: 81.08%/74.92% | Recall: 81.37%/73.34% | F1: 79.50%/66.91% | Time: fit=010s, train=002s, test=001s, total=013s
Epoch 150: Train%/Test% | Accuracy: 79.27%/66.51% | Precision: 81.08%/74.71% | Recall: 81.24%/72.97% | F1: 79.26%/66.42% | Time: fit=010s, train=002s, test=001s, total=013s
