[nltk_data] Downloading package wordnet to /home/bjorvl16/nltk_data...
[nltk_data]   Package wordnet is already up-to-date!
[nltk_data] Downloading package stopwords to
[nltk_data]     /home/bjorvl16/nltk_data...
[nltk_data]   Package stopwords is already up-to-date!
[*] Load dataset...
[*] Fix malformed data...
[*] Split...
[*] Encoding...
[*] Encoding feature: text... 464
[*] Encoding feature: domain... 34
==============================
Using GPU for training
Dataset: FakeNewsNet-politifact
TMU params: num-clauses=5000, T=250, s=15.0
Epochs: 150
Feature(s): text, domain
max-vocab=15000, max-domain=500, max-tweet=500
====================
Train size: 844
Train classes: 2
Test size: 212
Test classes: 2
Total features: 498
==============================
[*] Training for 150 epochs...
Epoch   1: Train%/Test% | Accuracy: 75.71%/82.08% | Precision: 77.96%/81.84% | Recall: 72.57%/78.86% | F1: 73.10%/79.88% | Time: fit=004s, train=001s, test=000s, total=005s
Epoch   2: Train%/Test% | Accuracy: 78.08%/76.42% | Precision: 81.36%/75.96% | Recall: 74.89%/71.70% | F1: 75.60%/72.72% | Time: fit=002s, train=000s, test=000s, total=003s
Epoch   3: Train%/Test% | Accuracy: 75.59%/75.47% | Precision: 82.30%/76.48% | Recall: 71.34%/69.35% | F1: 71.49%/70.37% | Time: fit=002s, train=000s, test=000s, total=003s
Epoch   4: Train%/Test% | Accuracy: 80.09%/81.60% | Precision: 81.02%/80.58% | Recall: 78.04%/79.29% | F1: 78.73%/79.82% | Time: fit=002s, train=000s, test=000s, total=003s
Epoch   5: Train%/Test% | Accuracy: 84.60%/83.02% | Precision: 84.20%/81.64% | Recall: 84.15%/82.55% | F1: 84.17%/82.02% | Time: fit=002s, train=000s, test=000s, total=003s
Epoch   6: Train%/Test% | Accuracy: 81.28%/82.55% | Precision: 82.01%/81.37% | Recall: 79.45%/80.84% | F1: 80.12%/81.08% | Time: fit=002s, train=000s, test=000s, total=003s
Epoch   7: Train%/Test% | Accuracy: 78.79%/80.19% | Precision: 81.05%/79.85% | Recall: 76.01%/76.56% | F1: 76.77%/77.61% | Time: fit=002s, train=000s, test=000s, total=003s
Epoch   8: Train%/Test% | Accuracy: 80.45%/80.66% | Precision: 81.62%/79.52% | Recall: 78.30%/78.27% | F1: 79.04%/78.79% | Time: fit=002s, train=000s, test=000s, total=003s
Epoch   9: Train%/Test% | Accuracy: 79.50%/81.13% | Precision: 80.85%/80.49% | Recall: 77.17%/78.11% | F1: 77.90%/78.97% | Time: fit=002s, train=000s, test=000s, total=003s
Epoch  10: Train%/Test% | Accuracy: 79.86%/82.55% | Precision: 80.82%/82.02% | Recall: 77.75%/79.76% | F1: 78.45%/80.61% | Time: fit=002s, train=000s, test=000s, total=003s
Epoch  11: Train%/Test% | Accuracy: 83.89%/82.08% | Precision: 83.80%/80.68% | Recall: 82.91%/81.00% | F1: 83.25%/80.83% | Time: fit=002s, train=000s, test=000s, total=003s
Epoch  12: Train%/Test% | Accuracy: 83.65%/82.55% | Precision: 83.59%/81.21% | Recall: 82.63%/81.37% | F1: 82.99%/81.29% | Time: fit=002s, train=000s, test=000s, total=003s
Epoch  13: Train%/Test% | Accuracy: 81.52%/82.08% | Precision: 83.06%/81.37% | Recall: 79.30%/79.39% | F1: 80.12%/80.15% | Time: fit=002s, train=000s, test=000s, total=003s
Epoch  14: Train%/Test% | Accuracy: 81.87%/82.08% | Precision: 83.25%/81.19% | Recall: 79.76%/79.66% | F1: 80.56%/80.28% | Time: fit=002s, train=000s, test=000s, total=003s
Epoch  15: Train%/Test% | Accuracy: 83.06%/82.55% | Precision: 83.34%/81.49% | Recall: 81.68%/80.57% | F1: 82.22%/80.97% | Time: fit=002s, train=000s, test=000s, total=003s
Epoch  16: Train%/Test% | Accuracy: 82.70%/81.60% | Precision: 83.20%/80.34% | Recall: 81.14%/79.82% | F1: 81.76%/80.06% | Time: fit=002s, train=000s, test=000s, total=003s
Epoch  17: Train%/Test% | Accuracy: 84.00%/80.66% | Precision: 84.11%/79.19% | Recall: 82.85%/79.34% | F1: 83.30%/79.26% | Time: fit=002s, train=000s, test=000s, total=003s
Epoch  18: Train%/Test% | Accuracy: 87.09%/81.60% | Precision: 86.64%/80.26% | Recall: 87.15%/81.70% | F1: 86.84%/80.74% | Time: fit=002s, train=000s, test=000s, total=003s
Epoch  19: Train%/Test% | Accuracy: 86.02%/82.08% | Precision: 85.84%/80.73% | Recall: 85.33%/80.73% | F1: 85.55%/80.73% | Time: fit=002s, train=000s, test=000s, total=003s
Epoch  20: Train%/Test% | Accuracy: 86.49%/81.60% | Precision: 86.27%/80.17% | Recall: 85.90%/80.63% | F1: 86.06%/80.38% | Time: fit=002s, train=000s, test=000s, total=003s
Epoch  21: Train%/Test% | Accuracy: 85.66%/82.08% | Precision: 85.62%/80.80% | Recall: 84.79%/80.46% | F1: 85.12%/80.63% | Time: fit=002s, train=000s, test=000s, total=003s
Epoch  22: Train%/Test% | Accuracy: 85.55%/81.60% | Precision: 85.31%/80.17% | Recall: 84.89%/80.63% | F1: 85.07%/80.38% | Time: fit=002s, train=000s, test=000s, total=003s
Epoch  23: Train%/Test% | Accuracy: 85.19%/82.08% | Precision: 84.90%/80.68% | Recall: 84.58%/81.80% | F1: 84.73%/81.11% | Time: fit=002s, train=000s, test=000s, total=003s
Epoch  24: Train%/Test% | Accuracy: 85.19%/83.49% | Precision: 85.02%/82.16% | Recall: 84.42%/82.65% | F1: 84.67%/82.39% | Time: fit=002s, train=000s, test=000s, total=003s
Epoch  25: Train%/Test% | Accuracy: 85.43%/83.96% | Precision: 85.20%/82.65% | Recall: 84.74%/83.30% | F1: 84.94%/82.94% | Time: fit=002s, train=000s, test=000s, total=003s
Epoch  26: Train%/Test% | Accuracy: 86.49%/82.08% | Precision: 86.05%/80.78% | Recall: 86.41%/82.34% | F1: 86.20%/81.27% | Time: fit=002s, train=000s, test=000s, total=003s
Epoch  27: Train%/Test% | Accuracy: 87.44%/80.66% | Precision: 87.06%/79.48% | Recall: 87.85%/81.22% | F1: 87.27%/79.91% | Time: fit=002s, train=000s, test=000s, total=003s
Epoch  28: Train%/Test% | Accuracy: 83.89%/77.83% | Precision: 84.24%/79.16% | Recall: 85.10%/81.12% | F1: 83.82%/77.65% | Time: fit=002s, train=000s, test=000s, total=003s
Epoch  29: Train%/Test% | Accuracy: 85.07%/81.13% | Precision: 85.00%/80.68% | Recall: 85.93%/82.93% | F1: 84.96%/80.69% | Time: fit=002s, train=000s, test=000s, total=003s
Epoch  30: Train%/Test% | Accuracy: 85.19%/84.43% | Precision: 84.80%/83.13% | Recall: 84.78%/84.47% | F1: 84.79%/83.63% | Time: fit=002s, train=000s, test=000s, total=003s
Epoch  31: Train%/Test% | Accuracy: 85.55%/84.91% | Precision: 85.11%/83.61% | Recall: 85.32%/84.85% | F1: 85.20%/84.09% | Time: fit=002s, train=000s, test=000s, total=003s
Epoch  32: Train%/Test% | Accuracy: 85.43%/84.43% | Precision: 85.02%/83.12% | Recall: 85.10%/84.20% | F1: 85.06%/83.56% | Time: fit=002s, train=000s, test=000s, total=003s
Epoch  33: Train%/Test% | Accuracy: 85.55%/84.91% | Precision: 85.19%/83.61% | Recall: 85.08%/84.58% | F1: 85.14%/84.02% | Time: fit=002s, train=000s, test=000s, total=003s
Epoch  34: Train%/Test% | Accuracy: 85.90%/83.96% | Precision: 85.55%/82.63% | Recall: 85.47%/83.56% | F1: 85.51%/83.02% | Time: fit=002s, train=000s, test=000s, total=003s
Epoch  35: Train%/Test% | Accuracy: 86.85%/83.96% | Precision: 86.42%/82.71% | Recall: 86.75%/84.37% | F1: 86.56%/83.24% | Time: fit=002s, train=000s, test=000s, total=003s
Epoch  36: Train%/Test% | Accuracy: 86.26%/84.43% | Precision: 85.97%/83.16% | Recall: 85.73%/83.67% | F1: 85.84%/83.40% | Time: fit=002s, train=000s, test=000s, total=003s
Epoch  37: Train%/Test% | Accuracy: 86.85%/83.02% | Precision: 86.99%/81.75% | Recall: 85.89%/81.75% | F1: 86.31%/81.75% | Time: fit=002s, train=000s, test=000s, total=003s
Epoch  38: Train%/Test% | Accuracy: 87.20%/83.49% | Precision: 87.39%/82.29% | Recall: 86.24%/82.12% | F1: 86.68%/82.20% | Time: fit=002s, train=000s, test=000s, total=003s
Epoch  39: Train%/Test% | Accuracy: 86.73%/83.96% | Precision: 86.85%/82.76% | Recall: 85.79%/82.76% | F1: 86.20%/82.76% | Time: fit=002s, train=000s, test=000s, total=003s
Epoch  40: Train%/Test% | Accuracy: 86.97%/84.43% | Precision: 86.82%/83.23% | Recall: 86.31%/83.40% | F1: 86.53%/83.31% | Time: fit=002s, train=000s, test=000s, total=003s
Epoch  41: Train%/Test% | Accuracy: 86.73%/83.49% | Precision: 86.38%/82.14% | Recall: 86.38%/82.92% | F1: 86.38%/82.48% | Time: fit=002s, train=000s, test=000s, total=003s
Epoch  42: Train%/Test% | Accuracy: 87.68%/83.96% | Precision: 87.33%/82.65% | Recall: 87.39%/83.30% | F1: 87.36%/82.94% | Time: fit=002s, train=000s, test=000s, total=003s
Epoch  43: Train%/Test% | Accuracy: 87.68%/83.96% | Precision: 87.24%/82.63% | Recall: 87.82%/83.83% | F1: 87.46%/83.10% | Time: fit=002s, train=000s, test=000s, total=003s
Epoch  44: Train%/Test% | Accuracy: 88.27%/83.49% | Precision: 87.84%/82.20% | Recall: 88.41%/83.73% | F1: 88.06%/82.71% | Time: fit=002s, train=000s, test=000s, total=003s
Epoch  45: Train%/Test% | Accuracy: 88.03%/83.49% | Precision: 87.62%/82.16% | Recall: 87.97%/83.46% | F1: 87.77%/82.64% | Time: fit=002s, train=000s, test=000s, total=003s
Epoch  46: Train%/Test% | Accuracy: 87.56%/83.49% | Precision: 87.13%/82.16% | Recall: 87.76%/83.46% | F1: 87.35%/82.64% | Time: fit=002s, train=000s, test=000s, total=003s
Epoch  47: Train%/Test% | Accuracy: 88.39%/83.49% | Precision: 88.06%/82.16% | Recall: 88.12%/83.46% | F1: 88.09%/82.64% | Time: fit=002s, train=000s, test=000s, total=003s
Epoch  48: Train%/Test% | Accuracy: 88.74%/82.55% | Precision: 88.35%/81.31% | Recall: 89.13%/82.98% | F1: 88.58%/81.80% | Time: fit=002s, train=000s, test=000s, total=003s
Epoch  49: Train%/Test% | Accuracy: 88.27%/83.02% | Precision: 87.86%/81.83% | Recall: 88.60%/83.62% | F1: 88.09%/82.33% | Time: fit=002s, train=000s, test=000s, total=003s
Epoch  50: Train%/Test% | Accuracy: 88.51%/83.49% | Precision: 88.10%/82.20% | Recall: 88.49%/83.73% | F1: 88.27%/82.71% | Time: fit=002s, train=000s, test=000s, total=003s
Epoch  51: Train%/Test% | Accuracy: 87.91%/83.49% | Precision: 87.54%/82.16% | Recall: 87.71%/83.46% | F1: 87.62%/82.64% | Time: fit=002s, train=000s, test=000s, total=003s
Epoch  52: Train%/Test% | Accuracy: 87.91%/82.08% | Precision: 87.53%/80.78% | Recall: 87.75%/82.34% | F1: 87.63%/81.27% | Time: fit=002s, train=000s, test=000s, total=003s
Epoch  53: Train%/Test% | Accuracy: 88.74%/83.02% | Precision: 88.56%/81.64% | Recall: 88.27%/82.55% | F1: 88.40%/82.02% | Time: fit=002s, train=000s, test=000s, total=003s
Epoch  54: Train%/Test% | Accuracy: 89.22%/83.96% | Precision: 88.97%/82.63% | Recall: 88.87%/83.83% | F1: 88.92%/83.10% | Time: fit=002s, train=000s, test=000s, total=003s
Epoch  55: Train%/Test% | Accuracy: 88.27%/83.49% | Precision: 88.04%/82.16% | Recall: 87.82%/82.65% | F1: 87.92%/82.39% | Time: fit=002s, train=000s, test=000s, total=003s
Epoch  56: Train%/Test% | Accuracy: 87.44%/83.02% | Precision: 87.01%/81.75% | Recall: 87.65%/83.35% | F1: 87.23%/82.25% | Time: fit=002s, train=000s, test=000s, total=003s
Epoch  57: Train%/Test% | Accuracy: 88.03%/83.96% | Precision: 87.62%/82.63% | Recall: 87.97%/83.83% | F1: 87.77%/83.10% | Time: fit=002s, train=000s, test=000s, total=003s
Epoch  58: Train%/Test% | Accuracy: 88.63%/84.43% | Precision: 88.22%/83.12% | Recall: 88.60%/84.20% | F1: 88.38%/83.56% | Time: fit=002s, train=000s, test=000s, total=003s
Epoch  59: Train%/Test% | Accuracy: 88.27%/83.96% | Precision: 87.90%/82.63% | Recall: 88.09%/83.56% | F1: 87.99%/83.02% | Time: fit=002s, train=000s, test=000s, total=003s
Epoch  60: Train%/Test% | Accuracy: 88.86%/83.02% | Precision: 88.44%/81.69% | Recall: 89.11%/83.08% | F1: 88.68%/82.18% | Time: fit=002s, train=000s, test=000s, total=003s
Epoch  61: Train%/Test% | Accuracy: 88.27%/82.08% | Precision: 87.98%/81.26% | Recall: 88.92%/83.41% | F1: 88.14%/81.54% | Time: fit=002s, train=000s, test=000s, total=003s
Epoch  62: Train%/Test% | Accuracy: 86.37%/77.83% | Precision: 86.61%/78.52% | Recall: 87.56%/80.59% | F1: 86.31%/77.57% | Time: fit=002s, train=000s, test=000s, total=003s
Epoch  63: Train%/Test% | Accuracy: 88.98%/81.60% | Precision: 88.70%/80.56% | Recall: 89.65%/82.50% | F1: 88.86%/80.96% | Time: fit=002s, train=000s, test=000s, total=003s
Epoch  64: Train%/Test% | Accuracy: 84.83%/75.47% | Precision: 85.47%/78.11% | Recall: 86.27%/79.53% | F1: 84.80%/75.39% | Time: fit=002s, train=000s, test=000s, total=003s
Epoch  65: Train%/Test% | Accuracy: 82.94%/75.00% | Precision: 84.30%/78.28% | Recall: 84.76%/79.42% | F1: 82.93%/74.95% | Time: fit=002s, train=000s, test=000s, total=003s
Epoch  66: Train%/Test% | Accuracy: 88.03%/82.08% | Precision: 87.88%/81.62% | Recall: 88.87%/83.95% | F1: 87.93%/81.66% | Time: fit=002s, train=000s, test=000s, total=003s
Epoch  67: Train%/Test% | Accuracy: 84.36%/78.30% | Precision: 85.24%/80.18% | Recall: 85.94%/82.03% | F1: 84.33%/78.18% | Time: fit=002s, train=000s, test=000s, total=003s
Epoch  68: Train%/Test% | Accuracy: 87.68%/81.13% | Precision: 87.64%/81.39% | Recall: 88.64%/83.74% | F1: 87.59%/80.84% | Time: fit=002s, train=000s, test=000s, total=003s
Epoch  69: Train%/Test% | Accuracy: 85.07%/77.83% | Precision: 85.70%/79.52% | Recall: 86.52%/81.39% | F1: 85.03%/77.69% | Time: fit=002s, train=000s, test=000s, total=003s
Epoch  70: Train%/Test% | Accuracy: 88.27%/83.49% | Precision: 87.94%/82.76% | Recall: 88.84%/85.07% | F1: 88.13%/83.03% | Time: fit=002s, train=000s, test=000s, total=003s
Epoch  71: Train%/Test% | Accuracy: 88.51%/83.49% | Precision: 88.08%/82.36% | Recall: 88.69%/84.26% | F1: 88.30%/82.85% | Time: fit=002s, train=000s, test=000s, total=003s
Epoch  72: Train%/Test% | Accuracy: 88.74%/83.49% | Precision: 88.32%/82.36% | Recall: 88.89%/84.26% | F1: 88.54%/82.85% | Time: fit=002s, train=000s, test=000s, total=003s
Epoch  73: Train%/Test% | Accuracy: 88.27%/82.55% | Precision: 87.84%/81.40% | Recall: 88.45%/83.25% | F1: 88.06%/81.87% | Time: fit=002s, train=000s, test=000s, total=003s
Epoch  74: Train%/Test% | Accuracy: 88.15%/82.08% | Precision: 87.90%/81.62% | Recall: 88.86%/83.95% | F1: 88.03%/81.66% | Time: fit=002s, train=000s, test=000s, total=003s
Epoch  75: Train%/Test% | Accuracy: 86.49%/80.66% | Precision: 86.42%/80.79% | Recall: 87.39%/83.09% | F1: 86.39%/80.34% | Time: fit=002s, train=000s, test=000s, total=003s
Epoch  76: Train%/Test% | Accuracy: 88.03%/82.55% | Precision: 87.71%/82.00% | Recall: 88.60%/84.32% | F1: 87.89%/82.11% | Time: fit=002s, train=000s, test=000s, total=003s
Epoch  77: Train%/Test% | Accuracy: 87.44%/82.55% | Precision: 87.30%/82.43% | Recall: 88.28%/84.85% | F1: 87.34%/82.21% | Time: fit=002s, train=000s, test=000s, total=003s
Epoch  78: Train%/Test% | Accuracy: 87.56%/83.96% | Precision: 87.47%/83.51% | Recall: 88.46%/85.97% | F1: 87.47%/83.59% | Time: fit=002s, train=000s, test=000s, total=003s
Epoch  79: Train%/Test% | Accuracy: 87.68%/85.85% | Precision: 87.27%/84.71% | Recall: 88.02%/86.66% | F1: 87.50%/85.27% | Time: fit=002s, train=000s, test=000s, total=003s
Epoch  80: Train%/Test% | Accuracy: 88.27%/85.85% | Precision: 87.85%/84.59% | Recall: 88.29%/85.86% | F1: 88.03%/85.08% | Time: fit=002s, train=000s, test=000s, total=003s
Epoch  81: Train%/Test% | Accuracy: 88.03%/84.91% | Precision: 87.64%/83.61% | Recall: 87.89%/84.58% | F1: 87.76%/84.02% | Time: fit=002s, train=000s, test=000s, total=003s
Epoch  82: Train%/Test% | Accuracy: 87.80%/83.96% | Precision: 87.45%/82.89% | Recall: 88.31%/84.90% | F1: 87.65%/83.37% | Time: fit=002s, train=000s, test=000s, total=003s
Epoch  83: Train%/Test% | Accuracy: 89.57%/83.02% | Precision: 89.21%/82.57% | Recall: 90.08%/84.96% | F1: 89.44%/82.62% | Time: fit=002s, train=000s, test=000s, total=003s
Epoch  84: Train%/Test% | Accuracy: 89.34%/82.55% | Precision: 89.00%/81.81% | Recall: 89.91%/84.05% | F1: 89.21%/82.06% | Time: fit=002s, train=000s, test=000s, total=003s
Epoch  85: Train%/Test% | Accuracy: 89.57%/85.38% | Precision: 89.30%/84.10% | Recall: 89.30%/85.22% | F1: 89.30%/84.55% | Time: fit=002s, train=000s, test=000s, total=003s
Epoch  86: Train%/Test% | Accuracy: 89.57%/85.38% | Precision: 89.16%/84.19% | Recall: 89.69%/86.02% | F1: 89.37%/84.75% | Time: fit=002s, train=000s, test=000s, total=003s
Epoch  87: Train%/Test% | Accuracy: 88.27%/84.91% | Precision: 87.85%/83.75% | Recall: 88.53%/85.65% | F1: 88.08%/84.29% | Time: fit=002s, train=000s, test=000s, total=003s
Epoch  88: Train%/Test% | Accuracy: 89.10%/85.38% | Precision: 88.68%/84.19% | Recall: 89.24%/86.02% | F1: 88.90%/84.75% | Time: fit=002s, train=000s, test=000s, total=003s
Epoch  89: Train%/Test% | Accuracy: 88.98%/83.96% | Precision: 88.58%/82.89% | Recall: 89.33%/84.90% | F1: 88.81%/83.37% | Time: fit=002s, train=000s, test=000s, total=003s
Epoch  90: Train%/Test% | Accuracy: 88.98%/83.02% | Precision: 88.72%/82.21% | Recall: 89.69%/84.42% | F1: 88.87%/82.51% | Time: fit=002s, train=000s, test=000s, total=003s
Epoch  91: Train%/Test% | Accuracy: 87.68%/81.60% | Precision: 87.64%/81.73% | Recall: 88.64%/84.11% | F1: 87.59%/81.30% | Time: fit=002s, train=000s, test=000s, total=003s
Epoch  92: Train%/Test% | Accuracy: 88.51%/81.13% | Precision: 88.35%/81.39% | Recall: 89.36%/83.74% | F1: 88.41%/80.84% | Time: fit=002s, train=000s, test=000s, total=003s
Epoch  93: Train%/Test% | Accuracy: 87.56%/81.13% | Precision: 87.25%/80.48% | Recall: 88.15%/82.66% | F1: 87.42%/80.63% | Time: fit=002s, train=000s, test=000s, total=003s
Epoch  94: Train%/Test% | Accuracy: 88.51%/84.43% | Precision: 88.09%/83.23% | Recall: 88.57%/85.01% | F1: 88.28%/83.77% | Time: fit=002s, train=000s, test=000s, total=003s
Epoch  95: Train%/Test% | Accuracy: 88.27%/83.02% | Precision: 88.12%/82.57% | Recall: 89.11%/84.96% | F1: 88.17%/82.62% | Time: fit=002s, train=000s, test=000s, total=003s
Epoch  96: Train%/Test% | Accuracy: 88.63%/80.19% | Precision: 88.49%/80.45% | Recall: 89.50%/82.72% | F1: 88.53%/79.89% | Time: fit=002s, train=000s, test=000s, total=003s
Epoch  97: Train%/Test% | Accuracy: 89.34%/80.66% | Precision: 88.92%/79.92% | Recall: 89.60%/82.02% | F1: 89.16%/80.12% | Time: fit=002s, train=000s, test=000s, total=003s
Epoch  98: Train%/Test% | Accuracy: 89.45%/81.13% | Precision: 89.15%/80.68% | Recall: 90.10%/82.93% | F1: 89.34%/80.69% | Time: fit=002s, train=000s, test=000s, total=003s
Epoch  99: Train%/Test% | Accuracy: 89.81%/80.19% | Precision: 89.40%/79.20% | Recall: 90.09%/81.11% | F1: 89.64%/79.53% | Time: fit=002s, train=000s, test=000s, total=003s
Epoch 100: Train%/Test% | Accuracy: 89.81%/82.08% | Precision: 89.40%/81.11% | Recall: 90.05%/83.14% | F1: 89.63%/81.48% | Time: fit=002s, train=000s, test=000s, total=003s
Epoch 101: Train%/Test% | Accuracy: 90.17%/83.02% | Precision: 89.76%/81.83% | Recall: 90.35%/83.62% | F1: 89.99%/82.33% | Time: fit=002s, train=000s, test=000s, total=003s
Epoch 102: Train%/Test% | Accuracy: 89.81%/82.55% | Precision: 89.40%/81.40% | Recall: 90.09%/83.25% | F1: 89.64%/81.87% | Time: fit=002s, train=000s, test=000s, total=003s
Epoch 103: Train%/Test% | Accuracy: 90.52%/83.96% | Precision: 90.15%/82.79% | Recall: 90.54%/84.63% | F1: 90.32%/83.31% | Time: fit=002s, train=000s, test=000s, total=003s
Epoch 104: Train%/Test% | Accuracy: 91.00%/84.43% | Precision: 90.66%/83.32% | Recall: 90.95%/85.28% | F1: 90.79%/83.83% | Time: fit=002s, train=000s, test=000s, total=003s
Epoch 105: Train%/Test% | Accuracy: 89.10%/83.02% | Precision: 88.80%/82.57% | Recall: 89.75%/84.96% | F1: 88.98%/82.62% | Time: fit=002s, train=000s, test=000s, total=003s
Epoch 106: Train%/Test% | Accuracy: 89.10%/83.02% | Precision: 88.78%/82.06% | Recall: 89.71%/84.16% | F1: 88.97%/82.46% | Time: fit=002s, train=000s, test=000s, total=003s
Epoch 107: Train%/Test% | Accuracy: 89.34%/83.02% | Precision: 88.93%/81.83% | Recall: 89.68%/83.62% | F1: 89.17%/82.33% | Time: fit=002s, train=000s, test=000s, total=003s
Epoch 108: Train%/Test% | Accuracy: 89.34%/82.55% | Precision: 88.96%/81.65% | Recall: 89.80%/83.78% | F1: 89.19%/82.00% | Time: fit=002s, train=000s, test=000s, total=003s
Epoch 109: Train%/Test% | Accuracy: 89.10%/83.02% | Precision: 88.75%/82.06% | Recall: 89.63%/84.16% | F1: 88.96%/82.46% | Time: fit=002s, train=000s, test=000s, total=003s
Epoch 110: Train%/Test% | Accuracy: 88.63%/83.49% | Precision: 88.38%/82.76% | Recall: 89.34%/85.07% | F1: 88.51%/83.03% | Time: fit=002s, train=000s, test=000s, total=003s
Epoch 111: Train%/Test% | Accuracy: 87.32%/81.60% | Precision: 87.30%/81.48% | Recall: 88.30%/83.84% | F1: 87.24%/81.25% | Time: fit=002s, train=000s, test=000s, total=003s
Epoch 112: Train%/Test% | Accuracy: 86.73%/77.83% | Precision: 86.85%/78.83% | Recall: 87.83%/80.86% | F1: 86.66%/77.61% | Time: fit=002s, train=000s, test=000s, total=003s
Epoch 113: Train%/Test% | Accuracy: 89.69%/83.02% | Precision: 89.39%/82.38% | Recall: 90.34%/84.69% | F1: 89.58%/82.57% | Time: fit=002s, train=000s, test=000s, total=003s
Epoch 114: Train%/Test% | Accuracy: 88.51%/83.49% | Precision: 88.35%/82.94% | Recall: 89.36%/85.33% | F1: 88.41%/83.08% | Time: fit=002s, train=000s, test=000s, total=003s
Epoch 115: Train%/Test% | Accuracy: 88.03%/81.13% | Precision: 87.91%/81.13% | Recall: 88.91%/83.47% | F1: 87.94%/80.80% | Time: fit=002s, train=000s, test=000s, total=003s
Epoch 116: Train%/Test% | Accuracy: 88.15%/81.60% | Precision: 88.04%/81.48% | Recall: 89.05%/83.84% | F1: 88.06%/81.25% | Time: fit=002s, train=000s, test=000s, total=003s
Epoch 117: Train%/Test% | Accuracy: 86.26%/80.19% | Precision: 86.51%/80.73% | Recall: 87.46%/82.99% | F1: 86.20%/79.93% | Time: fit=002s, train=000s, test=000s, total=003s
Epoch 118: Train%/Test% | Accuracy: 88.15%/83.02% | Precision: 87.98%/82.78% | Recall: 88.97%/85.23% | F1: 88.05%/82.67% | Time: fit=002s, train=000s, test=000s, total=003s
Epoch 119: Train%/Test% | Accuracy: 86.85%/76.89% | Precision: 87.08%/78.94% | Recall: 88.05%/80.64% | F1: 86.79%/76.77% | Time: fit=002s, train=000s, test=000s, total=003s
Epoch 120: Train%/Test% | Accuracy: 87.80%/82.08% | Precision: 87.82%/82.34% | Recall: 88.82%/84.75% | F1: 87.72%/81.80% | Time: fit=002s, train=000s, test=000s, total=003s
Epoch 121: Train%/Test% | Accuracy: 88.74%/82.08% | Precision: 88.59%/82.08% | Recall: 89.60%/84.48% | F1: 88.65%/81.76% | Time: fit=002s, train=000s, test=000s, total=003s
Epoch 122: Train%/Test% | Accuracy: 87.20%/81.13% | Precision: 87.20%/81.39% | Recall: 88.20%/83.74% | F1: 87.12%/80.84% | Time: fit=002s, train=000s, test=000s, total=003s
Epoch 123: Train%/Test% | Accuracy: 88.98%/83.02% | Precision: 88.77%/82.57% | Recall: 89.77%/84.96% | F1: 88.88%/82.62% | Time: fit=002s, train=000s, test=000s, total=003s
Epoch 124: Train%/Test% | Accuracy: 86.14%/77.83% | Precision: 86.52%/79.16% | Recall: 87.43%/81.12% | F1: 86.09%/77.65% | Time: fit=002s, train=000s, test=000s, total=003s
Epoch 125: Train%/Test% | Accuracy: 87.68%/79.72% | Precision: 87.76%/80.41% | Recall: 88.76%/82.62% | F1: 87.61%/79.48% | Time: fit=002s, train=000s, test=000s, total=003s
Epoch 126: Train%/Test% | Accuracy: 89.34%/81.60% | Precision: 89.11%/81.26% | Recall: 90.11%/83.57% | F1: 89.23%/81.20% | Time: fit=002s, train=000s, test=000s, total=003s
Epoch 127: Train%/Test% | Accuracy: 86.85%/78.30% | Precision: 87.18%/79.47% | Recall: 88.12%/81.50% | F1: 86.80%/78.11% | Time: fit=002s, train=000s, test=000s, total=003s
Epoch 128: Train%/Test% | Accuracy: 87.44%/77.36% | Precision: 87.61%/78.86% | Recall: 88.60%/80.75% | F1: 87.38%/77.19% | Time: fit=002s, train=000s, test=000s, total=003s
Epoch 129: Train%/Test% | Accuracy: 87.32%/77.36% | Precision: 87.51%/78.20% | Recall: 88.49%/80.21% | F1: 87.26%/77.11% | Time: fit=002s, train=000s, test=000s, total=003s
Epoch 130: Train%/Test% | Accuracy: 87.80%/77.36% | Precision: 87.94%/78.20% | Recall: 88.94%/80.21% | F1: 87.73%/77.11% | Time: fit=002s, train=000s, test=000s, total=003s
Epoch 131: Train%/Test% | Accuracy: 90.05%/82.08% | Precision: 89.70%/81.43% | Recall: 90.61%/83.68% | F1: 89.92%/81.60% | Time: fit=002s, train=000s, test=000s, total=003s
Epoch 132: Train%/Test% | Accuracy: 85.90%/76.89% | Precision: 86.34%/78.57% | Recall: 87.23%/80.38% | F1: 85.85%/76.74% | Time: fit=002s, train=000s, test=000s, total=003s
Epoch 133: Train%/Test% | Accuracy: 85.43%/76.42% | Precision: 86.15%/78.66% | Recall: 86.94%/80.27% | F1: 85.40%/76.31% | Time: fit=002s, train=000s, test=000s, total=003s
Epoch 134: Train%/Test% | Accuracy: 90.64%/83.96% | Precision: 90.36%/83.15% | Recall: 91.35%/85.44% | F1: 90.54%/83.49% | Time: fit=002s, train=000s, test=000s, total=003s
Epoch 135: Train%/Test% | Accuracy: 90.76%/84.91% | Precision: 90.43%/84.10% | Recall: 91.37%/86.45% | F1: 90.65%/84.46% | Time: fit=002s, train=000s, test=000s, total=003s
Epoch 136: Train%/Test% | Accuracy: 91.11%/82.08% | Precision: 90.74%/81.43% | Recall: 91.60%/83.68% | F1: 90.99%/81.60% | Time: fit=002s, train=000s, test=000s, total=003s
Epoch 137: Train%/Test% | Accuracy: 91.71%/82.55% | Precision: 91.31%/81.52% | Recall: 92.03%/83.52% | F1: 91.57%/81.94% | Time: fit=002s, train=000s, test=000s, total=003s
Epoch 138: Train%/Test% | Accuracy: 91.23%/83.02% | Precision: 90.86%/81.93% | Recall: 91.70%/83.89% | F1: 91.11%/82.39% | Time: fit=002s, train=000s, test=000s, total=003s
Epoch 139: Train%/Test% | Accuracy: 88.51%/80.19% | Precision: 88.53%/80.73% | Recall: 89.55%/82.99% | F1: 88.43%/79.93% | Time: fit=002s, train=000s, test=000s, total=003s
Epoch 140: Train%/Test% | Accuracy: 90.28%/81.60% | Precision: 89.99%/81.05% | Recall: 90.97%/83.30% | F1: 90.18%/81.15% | Time: fit=002s, train=000s, test=000s, total=003s
Epoch 141: Train%/Test% | Accuracy: 90.17%/82.55% | Precision: 89.91%/82.20% | Recall: 90.90%/84.59% | F1: 90.07%/82.17% | Time: fit=002s, train=000s, test=000s, total=003s
Epoch 142: Train%/Test% | Accuracy: 89.34%/79.72% | Precision: 89.26%/80.11% | Recall: 90.31%/82.35% | F1: 89.26%/79.43% | Time: fit=002s, train=000s, test=000s, total=003s
Epoch 143: Train%/Test% | Accuracy: 90.40%/80.66% | Precision: 90.17%/80.79% | Recall: 91.19%/83.09% | F1: 90.31%/80.34% | Time: fit=002s, train=000s, test=000s, total=003s
Epoch 144: Train%/Test% | Accuracy: 89.93%/80.19% | Precision: 89.69%/80.19% | Recall: 90.70%/82.45% | F1: 89.83%/79.84% | Time: fit=002s, train=000s, test=000s, total=003s
Epoch 145: Train%/Test% | Accuracy: 91.71%/80.66% | Precision: 91.32%/80.31% | Recall: 92.07%/82.56% | F1: 91.57%/80.24% | Time: fit=002s, train=000s, test=000s, total=003s
Epoch 146: Train%/Test% | Accuracy: 91.00%/83.49% | Precision: 90.60%/82.76% | Recall: 91.23%/85.07% | F1: 90.83%/83.03% | Time: fit=002s, train=000s, test=000s, total=003s
Epoch 147: Train%/Test% | Accuracy: 90.88%/85.38% | Precision: 90.51%/84.10% | Recall: 90.89%/85.22% | F1: 90.68%/84.55% | Time: fit=002s, train=000s, test=000s, total=003s
Epoch 148: Train%/Test% | Accuracy: 90.88%/82.55% | Precision: 90.48%/81.40% | Recall: 91.12%/83.25% | F1: 90.72%/81.87% | Time: fit=002s, train=000s, test=000s, total=003s
Epoch 149: Train%/Test% | Accuracy: 90.40%/83.49% | Precision: 90.01%/82.47% | Recall: 90.79%/84.53% | F1: 90.26%/82.91% | Time: fit=001s, train=000s, test=000s, total=002s
Epoch 150: Train%/Test% | Accuracy: 91.00%/82.55% | Precision: 90.60%/81.52% | Recall: 91.26%/83.52% | F1: 90.84%/81.94% | Time: fit=001s, train=000s, test=000s, total=001s
