[nltk_data] Downloading package wordnet to /home/bjorvl16/nltk_data...
[nltk_data]   Package wordnet is already up-to-date!
[nltk_data] Downloading package stopwords to
[nltk_data]     /home/bjorvl16/nltk_data...
[nltk_data]   Package stopwords is already up-to-date!
[*] Load dataset...
[*] Fix malformed data...
[*] Split...
[*] Encoding...
[*] Encoding feature: domain... 34
==============================
Using GPU for training
Dataset: FakeNewsNet-politifact
TMU params: num-clauses=5000, T=200, s=5.0
Epochs: 150
Feature(s): domain
max-vocab=15000, max-domain=500, max-tweet=500
====================
Train size: 844
Train classes: 2
Test size: 212
Test classes: 2
Total features: 34
==============================
[*] Training for 150 epochs...
Epoch   1: Train%/Test% | Accuracy: 71.21%/75.94% | Precision: 70.95%/74.70% | Recall: 71.48%/76.15% | F1: 70.93%/75.01% | Time: fit=003s, train=000s, test=000s, total=003s
Epoch   2: Train%/Test% | Accuracy: 74.05%/77.83% | Precision: 73.41%/76.24% | Recall: 72.87%/77.10% | F1: 73.07%/76.58% | Time: fit=001s, train=000s, test=000s, total=002s
Epoch   3: Train%/Test% | Accuracy: 75.83%/79.25% | Precision: 75.21%/77.74% | Recall: 74.95%/78.76% | F1: 75.06%/78.12% | Time: fit=002s, train=000s, test=000s, total=003s
Epoch   4: Train%/Test% | Accuracy: 78.32%/81.60% | Precision: 77.86%/80.17% | Recall: 77.33%/80.63% | F1: 77.54%/80.38% | Time: fit=002s, train=000s, test=000s, total=003s
Epoch   5: Train%/Test% | Accuracy: 78.67%/83.02% | Precision: 78.70%/81.75% | Recall: 77.09%/81.75% | F1: 77.56%/81.75% | Time: fit=002s, train=000s, test=000s, total=003s
Epoch   6: Train%/Test% | Accuracy: 79.38%/83.49% | Precision: 80.75%/82.89% | Recall: 77.03%/81.05% | F1: 77.76%/81.78% | Time: fit=002s, train=000s, test=000s, total=003s
Epoch   7: Train%/Test% | Accuracy: 79.62%/82.08% | Precision: 80.41%/80.90% | Recall: 77.59%/80.20% | F1: 78.25%/80.51% | Time: fit=002s, train=000s, test=000s, total=003s
Epoch   8: Train%/Test% | Accuracy: 79.38%/82.55% | Precision: 79.31%/81.17% | Recall: 77.97%/81.64% | F1: 78.40%/81.38% | Time: fit=002s, train=000s, test=000s, total=003s
Epoch   9: Train%/Test% | Accuracy: 79.50%/82.55% | Precision: 79.83%/81.27% | Recall: 77.76%/81.10% | F1: 78.32%/81.19% | Time: fit=002s, train=000s, test=000s, total=003s
Epoch  10: Train%/Test% | Accuracy: 79.98%/82.55% | Precision: 80.01%/81.21% | Recall: 78.52%/81.37% | F1: 78.99%/81.29% | Time: fit=002s, train=000s, test=000s, total=003s
Epoch  11: Train%/Test% | Accuracy: 79.03%/82.08% | Precision: 79.16%/80.68% | Recall: 77.39%/81.00% | F1: 77.90%/80.83% | Time: fit=002s, train=000s, test=000s, total=003s
Epoch  12: Train%/Test% | Accuracy: 79.27%/82.08% | Precision: 79.67%/80.73% | Recall: 77.44%/80.73% | F1: 78.02%/80.73% | Time: fit=002s, train=000s, test=000s, total=003s
Epoch  13: Train%/Test% | Accuracy: 79.50%/81.60% | Precision: 79.83%/80.25% | Recall: 77.76%/80.09% | F1: 78.32%/80.17% | Time: fit=002s, train=000s, test=000s, total=003s
Epoch  14: Train%/Test% | Accuracy: 79.74%/82.08% | Precision: 79.75%/80.73% | Recall: 78.28%/80.73% | F1: 78.74%/80.73% | Time: fit=002s, train=000s, test=000s, total=003s
Epoch  15: Train%/Test% | Accuracy: 79.38%/81.13% | Precision: 79.48%/79.68% | Recall: 77.82%/79.98% | F1: 78.31%/79.82% | Time: fit=002s, train=000s, test=000s, total=003s
Epoch  16: Train%/Test% | Accuracy: 80.21%/80.66% | Precision: 80.85%/79.24% | Recall: 78.33%/79.08% | F1: 78.97%/79.15% | Time: fit=002s, train=000s, test=000s, total=003s
Epoch  17: Train%/Test% | Accuracy: 80.81%/79.72% | Precision: 82.15%/78.59% | Recall: 78.61%/76.99% | F1: 79.38%/77.61% | Time: fit=002s, train=000s, test=000s, total=003s
Epoch  18: Train%/Test% | Accuracy: 81.40%/80.66% | Precision: 82.31%/79.52% | Recall: 79.47%/78.27% | F1: 80.18%/78.79% | Time: fit=002s, train=000s, test=000s, total=003s
Epoch  19: Train%/Test% | Accuracy: 81.87%/83.49% | Precision: 82.26%/82.22% | Recall: 80.31%/82.39% | F1: 80.89%/82.30% | Time: fit=002s, train=000s, test=000s, total=003s
Epoch  20: Train%/Test% | Accuracy: 82.11%/83.96% | Precision: 83.70%/83.79% | Recall: 79.93%/81.15% | F1: 80.77%/82.12% | Time: fit=002s, train=000s, test=000s, total=003s
Epoch  21: Train%/Test% | Accuracy: 81.16%/83.96% | Precision: 82.69%/83.54% | Recall: 78.91%/81.42% | F1: 79.72%/82.24% | Time: fit=002s, train=000s, test=000s, total=003s
Epoch  22: Train%/Test% | Accuracy: 81.64%/82.08% | Precision: 82.89%/81.59% | Recall: 79.56%/79.12% | F1: 80.34%/80.02% | Time: fit=002s, train=000s, test=000s, total=003s
Epoch  23: Train%/Test% | Accuracy: 81.75%/83.02% | Precision: 83.42%/82.69% | Recall: 79.50%/80.14% | F1: 80.34%/81.07% | Time: fit=002s, train=000s, test=000s, total=003s
Epoch  24: Train%/Test% | Accuracy: 82.70%/83.49% | Precision: 83.45%/82.29% | Recall: 80.99%/82.12% | F1: 81.67%/82.20% | Time: fit=002s, train=000s, test=000s, total=003s
Epoch  25: Train%/Test% | Accuracy: 81.64%/83.02% | Precision: 81.90%/81.69% | Recall: 80.15%/82.01% | F1: 80.69%/81.84% | Time: fit=002s, train=000s, test=000s, total=003s
Epoch  26: Train%/Test% | Accuracy: 82.46%/83.49% | Precision: 83.26%/82.29% | Recall: 80.70%/82.12% | F1: 81.40%/82.20% | Time: fit=002s, train=000s, test=000s, total=003s
Epoch  27: Train%/Test% | Accuracy: 80.92%/82.08% | Precision: 80.99%/80.65% | Recall: 79.53%/81.53% | F1: 80.00%/81.02% | Time: fit=002s, train=000s, test=000s, total=003s
Epoch  28: Train%/Test% | Accuracy: 81.28%/82.55% | Precision: 81.02%/81.15% | Recall: 80.27%/81.91% | F1: 80.56%/81.48% | Time: fit=002s, train=000s, test=000s, total=003s
Epoch  29: Train%/Test% | Accuracy: 81.40%/83.02% | Precision: 81.33%/81.64% | Recall: 80.18%/82.55% | F1: 80.58%/82.02% | Time: fit=002s, train=000s, test=000s, total=003s
Epoch  30: Train%/Test% | Accuracy: 81.87%/82.55% | Precision: 82.21%/81.15% | Recall: 80.35%/81.91% | F1: 80.91%/81.48% | Time: fit=002s, train=000s, test=000s, total=003s
Epoch  31: Train%/Test% | Accuracy: 82.35%/82.08% | Precision: 82.62%/80.66% | Recall: 80.91%/81.27% | F1: 81.45%/80.93% | Time: fit=002s, train=000s, test=000s, total=003s
Epoch  32: Train%/Test% | Accuracy: 82.70%/82.08% | Precision: 83.14%/80.68% | Recall: 81.18%/81.00% | F1: 81.78%/80.83% | Time: fit=002s, train=000s, test=000s, total=003s
Epoch  33: Train%/Test% | Accuracy: 82.94%/83.02% | Precision: 83.40%/81.75% | Recall: 81.43%/81.75% | F1: 82.03%/81.75% | Time: fit=002s, train=000s, test=000s, total=003s
Epoch  34: Train%/Test% | Accuracy: 82.94%/82.55% | Precision: 83.58%/81.21% | Recall: 81.31%/81.37% | F1: 81.97%/81.29% | Time: fit=002s, train=000s, test=000s, total=003s
Epoch  35: Train%/Test% | Accuracy: 82.58%/84.91% | Precision: 83.29%/83.88% | Recall: 80.88%/83.51% | F1: 81.56%/83.68% | Time: fit=002s, train=000s, test=000s, total=003s
Epoch  36: Train%/Test% | Accuracy: 83.18%/82.55% | Precision: 83.85%/81.37% | Recall: 81.55%/80.84% | F1: 82.22%/81.08% | Time: fit=002s, train=000s, test=000s, total=003s
Epoch  37: Train%/Test% | Accuracy: 82.23%/82.08% | Precision: 82.80%/80.80% | Recall: 80.58%/80.46% | F1: 81.21%/80.63% | Time: fit=002s, train=000s, test=000s, total=003s
Epoch  38: Train%/Test% | Accuracy: 82.58%/82.08% | Precision: 83.04%/80.73% | Recall: 81.04%/80.73% | F1: 81.64%/80.73% | Time: fit=002s, train=000s, test=000s, total=003s
Epoch  39: Train%/Test% | Accuracy: 82.23%/82.08% | Precision: 82.16%/80.65% | Recall: 81.09%/81.53% | F1: 81.48%/81.02% | Time: fit=002s, train=000s, test=000s, total=003s
Epoch  40: Train%/Test% | Accuracy: 82.82%/81.13% | Precision: 82.85%/79.66% | Recall: 81.64%/80.25% | F1: 82.07%/79.92% | Time: fit=002s, train=000s, test=000s, total=003s
Epoch  41: Train%/Test% | Accuracy: 82.94%/81.13% | Precision: 83.13%/79.66% | Recall: 81.62%/80.25% | F1: 82.13%/79.92% | Time: fit=002s, train=000s, test=000s, total=003s
Epoch  42: Train%/Test% | Accuracy: 82.11%/81.60% | Precision: 82.17%/80.17% | Recall: 80.83%/80.63% | F1: 81.29%/80.38% | Time: fit=002s, train=000s, test=000s, total=003s
Epoch  43: Train%/Test% | Accuracy: 83.29%/80.66% | Precision: 83.31%/79.23% | Recall: 82.16%/80.42% | F1: 82.58%/79.66% | Time: fit=002s, train=000s, test=000s, total=003s
Epoch  44: Train%/Test% | Accuracy: 83.41%/83.02% | Precision: 84.04%/81.83% | Recall: 81.83%/81.48% | F1: 82.49%/81.65% | Time: fit=002s, train=000s, test=000s, total=003s
Epoch  45: Train%/Test% | Accuracy: 83.18%/83.02% | Precision: 83.60%/81.69% | Recall: 81.71%/82.01% | F1: 82.30%/81.84% | Time: fit=002s, train=000s, test=000s, total=003s
Epoch  46: Train%/Test% | Accuracy: 83.29%/81.60% | Precision: 83.82%/80.25% | Recall: 81.77%/80.09% | F1: 82.39%/80.17% | Time: fit=002s, train=000s, test=000s, total=003s
Epoch  47: Train%/Test% | Accuracy: 82.94%/82.08% | Precision: 83.40%/80.73% | Recall: 81.43%/80.73% | F1: 82.03%/80.73% | Time: fit=002s, train=000s, test=000s, total=003s
Epoch  48: Train%/Test% | Accuracy: 81.64%/82.55% | Precision: 81.59%/81.15% | Recall: 80.42%/82.18% | F1: 80.83%/81.56% | Time: fit=002s, train=000s, test=000s, total=003s
Epoch  49: Train%/Test% | Accuracy: 82.82%/82.55% | Precision: 83.49%/81.27% | Recall: 81.17%/81.10% | F1: 81.83%/81.19% | Time: fit=002s, train=000s, test=000s, total=003s
Epoch  50: Train%/Test% | Accuracy: 83.18%/85.38% | Precision: 84.27%/84.62% | Recall: 81.32%/83.61% | F1: 82.09%/84.06% | Time: fit=002s, train=000s, test=000s, total=003s
Epoch  51: Train%/Test% | Accuracy: 83.06%/83.96% | Precision: 84.43%/83.32% | Recall: 81.06%/81.69% | F1: 81.88%/82.35% | Time: fit=002s, train=000s, test=000s, total=003s
Epoch  52: Train%/Test% | Accuracy: 83.06%/83.96% | Precision: 83.88%/82.98% | Recall: 81.33%/82.22% | F1: 82.04%/82.57% | Time: fit=002s, train=000s, test=000s, total=003s
Epoch  53: Train%/Test% | Accuracy: 83.89%/83.49% | Precision: 85.24%/82.69% | Recall: 81.97%/81.31% | F1: 82.80%/81.89% | Time: fit=002s, train=000s, test=000s, total=003s
Epoch  54: Train%/Test% | Accuracy: 83.18%/82.55% | Precision: 84.61%/81.49% | Recall: 81.16%/80.57% | F1: 82.00%/80.97% | Time: fit=002s, train=000s, test=000s, total=003s
Epoch  55: Train%/Test% | Accuracy: 82.82%/82.55% | Precision: 84.81%/82.02% | Recall: 80.54%/79.76% | F1: 81.45%/80.61% | Time: fit=002s, train=000s, test=000s, total=003s
Epoch  56: Train%/Test% | Accuracy: 82.58%/83.96% | Precision: 84.24%/83.13% | Recall: 80.41%/81.96% | F1: 81.28%/82.46% | Time: fit=002s, train=000s, test=000s, total=003s
Epoch  57: Train%/Test% | Accuracy: 82.58%/83.96% | Precision: 83.81%/82.98% | Recall: 80.61%/82.22% | F1: 81.40%/82.57% | Time: fit=002s, train=000s, test=000s, total=003s
Epoch  58: Train%/Test% | Accuracy: 83.41%/84.43% | Precision: 84.79%/83.58% | Recall: 81.44%/82.60% | F1: 82.27%/83.03% | Time: fit=002s, train=000s, test=000s, total=003s
Epoch  59: Train%/Test% | Accuracy: 83.53%/83.96% | Precision: 84.56%/82.76% | Recall: 81.74%/82.76% | F1: 82.50%/82.76% | Time: fit=002s, train=000s, test=000s, total=003s
Epoch  60: Train%/Test% | Accuracy: 84.36%/82.55% | Precision: 85.29%/81.37% | Recall: 82.69%/80.84% | F1: 83.43%/81.08% | Time: fit=002s, train=000s, test=000s, total=003s
Epoch  61: Train%/Test% | Accuracy: 84.12%/84.43% | Precision: 85.18%/83.58% | Recall: 82.37%/82.60% | F1: 83.14%/83.03% | Time: fit=002s, train=000s, test=000s, total=003s
Epoch  62: Train%/Test% | Accuracy: 83.77%/83.96% | Precision: 85.06%/83.32% | Recall: 81.86%/81.69% | F1: 82.69%/82.35% | Time: fit=002s, train=000s, test=000s, total=003s
Epoch  63: Train%/Test% | Accuracy: 84.24%/84.43% | Precision: 84.73%/83.31% | Recall: 82.82%/83.13% | F1: 83.43%/83.22% | Time: fit=002s, train=000s, test=000s, total=003s
Epoch  64: Train%/Test% | Accuracy: 83.65%/84.43% | Precision: 84.06%/83.31% | Recall: 82.23%/83.13% | F1: 82.81%/83.22% | Time: fit=002s, train=000s, test=000s, total=003s
Epoch  65: Train%/Test% | Accuracy: 84.36%/83.96% | Precision: 85.22%/82.86% | Recall: 82.73%/82.49% | F1: 83.45%/82.66% | Time: fit=002s, train=000s, test=000s, total=003s
Epoch  66: Train%/Test% | Accuracy: 84.24%/83.49% | Precision: 84.46%/82.29% | Recall: 83.02%/82.12% | F1: 83.52%/82.20% | Time: fit=002s, train=000s, test=000s, total=003s
Epoch  67: Train%/Test% | Accuracy: 83.65%/83.96% | Precision: 83.95%/82.86% | Recall: 82.31%/82.49% | F1: 82.85%/82.66% | Time: fit=002s, train=000s, test=000s, total=003s
Epoch  68: Train%/Test% | Accuracy: 82.58%/82.55% | Precision: 82.41%/81.15% | Recall: 81.59%/81.91% | F1: 81.91%/81.48% | Time: fit=002s, train=000s, test=000s, total=003s
Epoch  69: Train%/Test% | Accuracy: 81.75%/83.49% | Precision: 81.86%/82.22% | Recall: 80.40%/82.39% | F1: 80.88%/82.30% | Time: fit=002s, train=000s, test=000s, total=003s
Epoch  70: Train%/Test% | Accuracy: 82.58%/83.49% | Precision: 82.64%/82.22% | Recall: 81.35%/82.39% | F1: 81.80%/82.30% | Time: fit=002s, train=000s, test=000s, total=003s
Epoch  71: Train%/Test% | Accuracy: 83.06%/83.49% | Precision: 83.02%/82.16% | Recall: 81.96%/82.65% | F1: 82.35%/82.39% | Time: fit=002s, train=000s, test=000s, total=003s
Epoch  72: Train%/Test% | Accuracy: 82.94%/83.49% | Precision: 83.13%/82.29% | Recall: 81.62%/82.12% | F1: 82.13%/82.20% | Time: fit=002s, train=000s, test=000s, total=003s
Epoch  73: Train%/Test% | Accuracy: 82.82%/82.08% | Precision: 82.66%/80.65% | Recall: 81.83%/81.53% | F1: 82.15%/81.02% | Time: fit=002s, train=000s, test=000s, total=003s
Epoch  74: Train%/Test% | Accuracy: 83.89%/83.02% | Precision: 84.32%/81.75% | Recall: 82.48%/81.75% | F1: 83.06%/81.75% | Time: fit=002s, train=000s, test=000s, total=003s
Epoch  75: Train%/Test% | Accuracy: 82.46%/81.60% | Precision: 82.34%/80.17% | Recall: 81.41%/80.63% | F1: 81.76%/80.38% | Time: fit=002s, train=000s, test=000s, total=003s
Epoch  76: Train%/Test% | Accuracy: 84.00%/83.49% | Precision: 84.53%/82.40% | Recall: 82.54%/81.85% | F1: 83.16%/82.10% | Time: fit=002s, train=000s, test=000s, total=003s
Epoch  77: Train%/Test% | Accuracy: 84.60%/83.02% | Precision: 85.71%/81.94% | Recall: 82.85%/81.21% | F1: 83.64%/81.54% | Time: fit=002s, train=000s, test=000s, total=003s
Epoch  78: Train%/Test% | Accuracy: 84.36%/82.08% | Precision: 85.22%/80.80% | Recall: 82.73%/80.46% | F1: 83.45%/80.63% | Time: fit=002s, train=000s, test=000s, total=003s
Epoch  79: Train%/Test% | Accuracy: 84.83%/83.02% | Precision: 85.47%/81.94% | Recall: 83.37%/81.21% | F1: 84.02%/81.54% | Time: fit=002s, train=000s, test=000s, total=003s
Epoch  80: Train%/Test% | Accuracy: 85.43%/82.55% | Precision: 86.29%/81.37% | Recall: 83.88%/80.84% | F1: 84.60%/81.08% | Time: fit=002s, train=000s, test=000s, total=003s
Epoch  81: Train%/Test% | Accuracy: 85.55%/82.08% | Precision: 86.25%/80.80% | Recall: 84.10%/80.46% | F1: 84.77%/80.63% | Time: fit=002s, train=000s, test=000s, total=003s
Epoch  82: Train%/Test% | Accuracy: 84.48%/83.02% | Precision: 86.43%/82.08% | Recall: 82.36%/80.94% | F1: 83.31%/81.43% | Time: fit=002s, train=000s, test=000s, total=003s
Epoch  83: Train%/Test% | Accuracy: 85.07%/82.55% | Precision: 86.49%/81.64% | Recall: 83.22%/80.30% | F1: 84.09%/80.86% | Time: fit=002s, train=000s, test=000s, total=003s
Epoch  84: Train%/Test% | Accuracy: 85.55%/83.96% | Precision: 87.03%/83.32% | Recall: 83.71%/81.69% | F1: 84.59%/82.35% | Time: fit=002s, train=000s, test=000s, total=003s
Epoch  85: Train%/Test% | Accuracy: 85.78%/83.49% | Precision: 87.29%/82.69% | Recall: 83.95%/81.31% | F1: 84.84%/81.89% | Time: fit=002s, train=000s, test=000s, total=003s
Epoch  86: Train%/Test% | Accuracy: 85.31%/83.02% | Precision: 87.56%/82.25% | Recall: 83.15%/80.67% | F1: 84.17%/81.32% | Time: fit=002s, train=000s, test=000s, total=003s
Epoch  87: Train%/Test% | Accuracy: 85.07%/82.55% | Precision: 86.67%/81.37% | Recall: 83.14%/80.84% | F1: 84.05%/81.08% | Time: fit=002s, train=000s, test=000s, total=003s
Epoch  88: Train%/Test% | Accuracy: 84.95%/83.02% | Precision: 86.59%/81.94% | Recall: 83.00%/81.21% | F1: 83.91%/81.54% | Time: fit=002s, train=000s, test=000s, total=003s
Epoch  89: Train%/Test% | Accuracy: 84.72%/83.49% | Precision: 85.80%/82.53% | Recall: 82.99%/81.58% | F1: 83.78%/82.00% | Time: fit=002s, train=000s, test=000s, total=003s
Epoch  90: Train%/Test% | Accuracy: 84.00%/84.43% | Precision: 85.51%/83.75% | Recall: 82.03%/82.33% | F1: 82.89%/82.93% | Time: fit=002s, train=000s, test=000s, total=003s
Epoch  91: Train%/Test% | Accuracy: 84.24%/83.96% | Precision: 86.16%/83.32% | Recall: 82.12%/81.69% | F1: 83.06%/82.35% | Time: fit=002s, train=000s, test=000s, total=003s
Epoch  92: Train%/Test% | Accuracy: 84.72%/83.96% | Precision: 86.22%/83.13% | Recall: 82.80%/81.96% | F1: 83.68%/82.46% | Time: fit=002s, train=000s, test=000s, total=003s
Epoch  93: Train%/Test% | Accuracy: 85.07%/83.49% | Precision: 86.58%/82.40% | Recall: 83.18%/81.85% | F1: 84.07%/82.10% | Time: fit=002s, train=000s, test=000s, total=003s
Epoch  94: Train%/Test% | Accuracy: 85.07%/83.96% | Precision: 87.07%/82.98% | Recall: 82.99%/82.22% | F1: 83.96%/82.57% | Time: fit=002s, train=000s, test=000s, total=003s
Epoch  95: Train%/Test% | Accuracy: 85.43%/82.08% | Precision: 86.59%/80.73% | Recall: 83.72%/80.73% | F1: 84.53%/80.73% | Time: fit=002s, train=000s, test=000s, total=003s
Epoch  96: Train%/Test% | Accuracy: 85.55%/81.60% | Precision: 86.31%/80.20% | Recall: 84.06%/80.36% | F1: 84.76%/80.28% | Time: fit=002s, train=000s, test=000s, total=003s
Epoch  97: Train%/Test% | Accuracy: 85.66%/81.60% | Precision: 86.28%/80.17% | Recall: 84.28%/80.63% | F1: 84.92%/80.38% | Time: fit=002s, train=000s, test=000s, total=003s
Epoch  98: Train%/Test% | Accuracy: 85.43%/81.60% | Precision: 86.29%/80.25% | Recall: 83.88%/80.09% | F1: 84.60%/80.17% | Time: fit=002s, train=000s, test=000s, total=003s
Epoch  99: Train%/Test% | Accuracy: 85.90%/82.55% | Precision: 86.96%/81.49% | Recall: 84.29%/80.57% | F1: 85.07%/80.97% | Time: fit=002s, train=000s, test=000s, total=003s
Epoch 100: Train%/Test% | Accuracy: 86.14%/82.08% | Precision: 87.74%/81.03% | Recall: 84.30%/79.93% | F1: 85.21%/80.40% | Time: fit=002s, train=000s, test=000s, total=003s
Epoch 101: Train%/Test% | Accuracy: 85.43%/82.08% | Precision: 87.32%/81.19% | Recall: 83.41%/79.66% | F1: 84.37%/80.28% | Time: fit=002s, train=000s, test=000s, total=003s
Epoch 102: Train%/Test% | Accuracy: 86.02%/82.55% | Precision: 87.65%/81.49% | Recall: 84.16%/80.57% | F1: 85.08%/80.97% | Time: fit=002s, train=000s, test=000s, total=003s
Epoch 103: Train%/Test% | Accuracy: 85.55%/83.96% | Precision: 87.12%/83.32% | Recall: 83.67%/81.69% | F1: 84.57%/82.35% | Time: fit=002s, train=000s, test=000s, total=003s
Epoch 104: Train%/Test% | Accuracy: 85.43%/83.02% | Precision: 87.12%/82.46% | Recall: 83.49%/80.41% | F1: 84.42%/81.20% | Time: fit=002s, train=000s, test=000s, total=003s
Epoch 105: Train%/Test% | Accuracy: 84.83%/83.96% | Precision: 85.82%/82.98% | Recall: 83.18%/82.22% | F1: 83.93%/82.57% | Time: fit=002s, train=000s, test=000s, total=003s
Epoch 106: Train%/Test% | Accuracy: 85.43%/83.49% | Precision: 86.76%/82.89% | Recall: 83.65%/81.05% | F1: 84.49%/81.78% | Time: fit=002s, train=000s, test=000s, total=003s
Epoch 107: Train%/Test% | Accuracy: 85.55%/83.49% | Precision: 86.61%/82.53% | Recall: 83.91%/81.58% | F1: 84.69%/82.00% | Time: fit=002s, train=000s, test=000s, total=003s
Epoch 108: Train%/Test% | Accuracy: 85.19%/83.49% | Precision: 86.86%/83.11% | Recall: 83.25%/80.78% | F1: 84.16%/81.66% | Time: fit=002s, train=000s, test=000s, total=003s
Epoch 109: Train%/Test% | Accuracy: 84.95%/82.55% | Precision: 86.15%/81.81% | Recall: 83.20%/80.03% | F1: 84.01%/80.74% | Time: fit=002s, train=000s, test=000s, total=003s
Epoch 110: Train%/Test% | Accuracy: 84.83%/83.02% | Precision: 86.06%/82.25% | Recall: 83.06%/80.67% | F1: 83.87%/81.32% | Time: fit=002s, train=000s, test=000s, total=003s
Epoch 111: Train%/Test% | Accuracy: 85.66%/84.91% | Precision: 87.11%/84.19% | Recall: 83.85%/82.97% | F1: 84.73%/83.49% | Time: fit=002s, train=000s, test=000s, total=003s
Epoch 112: Train%/Test% | Accuracy: 85.66%/83.49% | Precision: 87.59%/82.69% | Recall: 83.65%/81.31% | F1: 84.63%/81.89% | Time: fit=002s, train=000s, test=000s, total=003s
Epoch 113: Train%/Test% | Accuracy: 85.31%/83.49% | Precision: 86.85%/82.40% | Recall: 83.43%/81.85% | F1: 84.32%/82.10% | Time: fit=002s, train=000s, test=000s, total=003s
Epoch 114: Train%/Test% | Accuracy: 85.66%/83.96% | Precision: 86.86%/82.98% | Recall: 83.97%/82.22% | F1: 84.78%/82.57% | Time: fit=002s, train=000s, test=000s, total=003s
Epoch 115: Train%/Test% | Accuracy: 84.83%/82.08% | Precision: 85.47%/80.80% | Recall: 83.37%/80.46% | F1: 84.02%/80.63% | Time: fit=002s, train=000s, test=000s, total=003s
Epoch 116: Train%/Test% | Accuracy: 84.83%/82.08% | Precision: 85.41%/80.73% | Recall: 83.41%/80.73% | F1: 84.04%/80.73% | Time: fit=002s, train=000s, test=000s, total=003s
Epoch 117: Train%/Test% | Accuracy: 85.31%/81.60% | Precision: 86.12%/80.34% | Recall: 83.78%/79.82% | F1: 84.49%/80.06% | Time: fit=002s, train=000s, test=000s, total=003s
Epoch 118: Train%/Test% | Accuracy: 85.66%/82.55% | Precision: 87.30%/81.64% | Recall: 83.77%/80.30% | F1: 84.69%/80.86% | Time: fit=002s, train=000s, test=000s, total=003s
Epoch 119: Train%/Test% | Accuracy: 85.78%/82.08% | Precision: 87.68%/81.37% | Recall: 83.80%/79.39% | F1: 84.77%/80.15% | Time: fit=002s, train=000s, test=000s, total=003s
Epoch 120: Train%/Test% | Accuracy: 85.78%/83.96% | Precision: 87.89%/83.79% | Recall: 83.72%/81.15% | F1: 84.73%/82.12% | Time: fit=002s, train=000s, test=000s, total=003s
Epoch 121: Train%/Test% | Accuracy: 85.43%/84.91% | Precision: 87.32%/85.20% | Recall: 83.41%/81.90% | F1: 84.37%/83.06% | Time: fit=002s, train=000s, test=000s, total=003s
Epoch 122: Train%/Test% | Accuracy: 85.78%/84.43% | Precision: 87.39%/84.20% | Recall: 83.91%/81.79% | F1: 84.82%/82.71% | Time: fit=002s, train=000s, test=000s, total=003s
Epoch 123: Train%/Test% | Accuracy: 85.55%/83.49% | Precision: 86.69%/82.69% | Recall: 83.87%/81.31% | F1: 84.67%/81.89% | Time: fit=002s, train=000s, test=000s, total=003s
Epoch 124: Train%/Test% | Accuracy: 85.55%/83.02% | Precision: 86.69%/82.25% | Recall: 83.87%/80.67% | F1: 84.67%/81.32% | Time: fit=002s, train=000s, test=000s, total=003s
Epoch 125: Train%/Test% | Accuracy: 86.26%/81.13% | Precision: 87.32%/79.87% | Recall: 84.67%/79.18% | F1: 85.46%/79.49% | Time: fit=002s, train=000s, test=000s, total=003s
Epoch 126: Train%/Test% | Accuracy: 85.43%/81.60% | Precision: 87.32%/80.74% | Recall: 83.41%/79.02% | F1: 84.37%/79.69% | Time: fit=002s, train=000s, test=000s, total=003s
Epoch 127: Train%/Test% | Accuracy: 86.02%/83.02% | Precision: 88.16%/82.69% | Recall: 83.96%/80.14% | F1: 84.98%/81.07% | Time: fit=002s, train=000s, test=000s, total=003s
Epoch 128: Train%/Test% | Accuracy: 85.31%/82.55% | Precision: 86.59%/81.81% | Recall: 83.54%/80.03% | F1: 84.38%/80.74% | Time: fit=002s, train=000s, test=000s, total=003s
Epoch 129: Train%/Test% | Accuracy: 85.66%/81.60% | Precision: 87.21%/80.74% | Recall: 83.81%/79.02% | F1: 84.71%/79.69% | Time: fit=002s, train=000s, test=000s, total=003s
Epoch 130: Train%/Test% | Accuracy: 85.31%/82.55% | Precision: 87.56%/82.02% | Recall: 83.15%/79.76% | F1: 84.17%/80.61% | Time: fit=002s, train=000s, test=000s, total=003s
Epoch 131: Train%/Test% | Accuracy: 85.43%/83.02% | Precision: 87.12%/82.46% | Recall: 83.49%/80.41% | F1: 84.42%/81.20% | Time: fit=002s, train=000s, test=000s, total=003s
Epoch 132: Train%/Test% | Accuracy: 85.90%/83.49% | Precision: 87.47%/82.53% | Recall: 84.05%/81.58% | F1: 84.96%/82.00% | Time: fit=002s, train=000s, test=000s, total=003s
Epoch 133: Train%/Test% | Accuracy: 85.78%/83.96% | Precision: 86.95%/83.13% | Recall: 84.11%/81.96% | F1: 84.92%/82.46% | Time: fit=002s, train=000s, test=000s, total=003s
Epoch 134: Train%/Test% | Accuracy: 85.55%/83.49% | Precision: 86.69%/82.53% | Recall: 83.87%/81.58% | F1: 84.67%/82.00% | Time: fit=002s, train=000s, test=000s, total=003s
Epoch 135: Train%/Test% | Accuracy: 85.66%/83.49% | Precision: 86.86%/82.69% | Recall: 83.97%/81.31% | F1: 84.78%/81.89% | Time: fit=002s, train=000s, test=000s, total=003s
Epoch 136: Train%/Test% | Accuracy: 85.55%/81.60% | Precision: 86.61%/80.44% | Recall: 83.91%/79.55% | F1: 84.69%/79.94% | Time: fit=002s, train=000s, test=000s, total=003s
Epoch 137: Train%/Test% | Accuracy: 85.55%/80.19% | Precision: 86.61%/78.75% | Recall: 83.91%/78.43% | F1: 84.69%/78.59% | Time: fit=002s, train=000s, test=000s, total=003s
Epoch 138: Train%/Test% | Accuracy: 84.95%/79.25% | Precision: 85.70%/77.67% | Recall: 83.43%/78.22% | F1: 84.12%/77.92% | Time: fit=002s, train=000s, test=000s, total=003s
Epoch 139: Train%/Test% | Accuracy: 85.43%/79.25% | Precision: 86.02%/77.67% | Recall: 84.04%/77.96% | F1: 84.67%/77.81% | Time: fit=002s, train=000s, test=000s, total=003s
Epoch 140: Train%/Test% | Accuracy: 84.60%/79.72% | Precision: 84.97%/78.18% | Recall: 83.28%/78.87% | F1: 83.85%/78.47% | Time: fit=002s, train=000s, test=000s, total=003s
Epoch 141: Train%/Test% | Accuracy: 85.19%/80.66% | Precision: 85.82%/79.19% | Recall: 83.76%/79.34% | F1: 84.41%/79.26% | Time: fit=002s, train=000s, test=000s, total=003s
Epoch 142: Train%/Test% | Accuracy: 85.66%/81.60% | Precision: 86.34%/80.25% | Recall: 84.24%/80.09% | F1: 84.91%/80.17% | Time: fit=002s, train=000s, test=000s, total=003s
Epoch 143: Train%/Test% | Accuracy: 85.55%/82.08% | Precision: 86.69%/81.19% | Recall: 83.87%/79.66% | F1: 84.67%/80.28% | Time: fit=002s, train=000s, test=000s, total=003s
Epoch 144: Train%/Test% | Accuracy: 85.19%/80.66% | Precision: 86.17%/79.52% | Recall: 83.56%/78.27% | F1: 84.32%/78.79% | Time: fit=002s, train=000s, test=000s, total=003s
Epoch 145: Train%/Test% | Accuracy: 85.90%/83.02% | Precision: 87.04%/82.25% | Recall: 84.25%/80.67% | F1: 85.05%/81.32% | Time: fit=002s, train=000s, test=000s, total=003s
Epoch 146: Train%/Test% | Accuracy: 85.66%/82.08% | Precision: 86.34%/81.03% | Recall: 84.24%/79.93% | F1: 84.91%/80.40% | Time: fit=002s, train=000s, test=000s, total=003s
Epoch 147: Train%/Test% | Accuracy: 84.36%/81.60% | Precision: 84.42%/80.16% | Recall: 83.28%/80.89% | F1: 83.70%/80.47% | Time: fit=002s, train=000s, test=000s, total=003s
Epoch 148: Train%/Test% | Accuracy: 85.66%/81.60% | Precision: 86.70%/80.58% | Recall: 84.05%/79.29% | F1: 84.82%/79.82% | Time: fit=002s, train=000s, test=000s, total=003s
Epoch 149: Train%/Test% | Accuracy: 86.61%/82.08% | Precision: 88.09%/81.19% | Recall: 84.86%/79.66% | F1: 85.75%/80.28% | Time: fit=002s, train=000s, test=000s, total=003s
Epoch 150: Train%/Test% | Accuracy: 86.26%/82.08% | Precision: 87.48%/81.03% | Recall: 84.60%/79.93% | F1: 85.42%/80.40% | Time: fit=002s, train=000s, test=000s, total=003s
