[nltk_data] Downloading package wordnet to /home/bjorvl16/nltk_data...
[nltk_data]   Package wordnet is already up-to-date!
[nltk_data] Downloading package stopwords to
[nltk_data]     /home/bjorvl16/nltk_data...
[nltk_data]   Package stopwords is already up-to-date!
[*] Load dataset...
[*] Fix malformed data...
[*] Split...
[*] Encoding...
[*] Encoding feature: text... 6597
[*] Encoding feature: domain... 38
==============================
Using GPU for training
Dataset: FakeNewsNet-gossipcop
TMU params: num-clauses=5000, T=50, s=5.0
Epochs: 150
Feature(s): text, domain
max-vocab=15000, max-domain=500, max-tweet=500
====================
Train size: 17712
Train classes: 2
Test size: 4428
Test classes: 2
Total features: 6635
==============================
[*] Training for 150 epochs...
Epoch   1: Train%/Test% | Accuracy: 49.13%/48.17% | Precision: 57.53%/56.79% | Recall: 59.40%/58.41% | F1: 48.50%/47.59% | Time: fit=095s, train=030s, test=005s, total=130s
Epoch   2: Train%/Test% | Accuracy: 49.09%/49.64% | Precision: 58.96%/58.75% | Recall: 60.85%/60.75% | F1: 48.67%/49.13% | Time: fit=105s, train=032s, test=005s, total=142s
Epoch   3: Train%/Test% | Accuracy: 52.66%/52.91% | Precision: 59.68%/59.61% | Recall: 62.44%/62.39% | F1: 51.77%/51.97% | Time: fit=105s, train=031s, test=005s, total=140s
Epoch   4: Train%/Test% | Accuracy: 52.11%/52.37% | Precision: 61.12%/61.21% | Recall: 63.80%/63.92% | F1: 51.56%/51.81% | Time: fit=108s, train=028s, test=005s, total=142s
Epoch   5: Train%/Test% | Accuracy: 54.26%/54.56% | Precision: 61.65%/61.40% | Recall: 64.91%/64.70% | F1: 53.45%/53.66% | Time: fit=106s, train=027s, test=008s, total=141s
Epoch   6: Train%/Test% | Accuracy: 47.58%/47.09% | Precision: 60.23%/59.56% | Recall: 61.56%/60.79% | F1: 47.45%/46.95% | Time: fit=107s, train=024s, test=006s, total=138s
Epoch   7: Train%/Test% | Accuracy: 56.74%/56.59% | Precision: 61.79%/61.61% | Recall: 65.62%/65.36% | F1: 55.45%/55.31% | Time: fit=103s, train=025s, test=006s, total=135s
Epoch   8: Train%/Test% | Accuracy: 60.50%/59.96% | Precision: 62.92%/62.22% | Recall: 67.55%/66.59% | F1: 58.59%/57.98% | Time: fit=105s, train=025s, test=006s, total=136s
Epoch   9: Train%/Test% | Accuracy: 60.80%/60.43% | Precision: 63.01%/62.43% | Recall: 67.69%/66.90% | F1: 58.83%/58.39% | Time: fit=102s, train=025s, test=006s, total=134s
Epoch  10: Train%/Test% | Accuracy: 59.09%/58.40% | Precision: 62.39%/61.88% | Recall: 66.72%/65.98% | F1: 57.39%/56.75% | Time: fit=103s, train=025s, test=006s, total=134s
Epoch  11: Train%/Test% | Accuracy: 58.66%/58.31% | Precision: 62.17%/61.92% | Recall: 66.40%/66.01% | F1: 57.01%/56.69% | Time: fit=103s, train=025s, test=006s, total=134s
Epoch  12: Train%/Test% | Accuracy: 58.75%/58.27% | Precision: 61.91%/61.69% | Recall: 66.09%/65.73% | F1: 56.99%/56.59% | Time: fit=104s, train=025s, test=006s, total=135s
Epoch  13: Train%/Test% | Accuracy: 58.56%/58.47% | Precision: 62.13%/62.20% | Recall: 66.34%/66.37% | F1: 56.93%/56.89% | Time: fit=104s, train=025s, test=006s, total=135s
Epoch  14: Train%/Test% | Accuracy: 58.73%/58.54% | Precision: 62.36%/62.29% | Recall: 66.64%/66.48% | F1: 57.12%/56.97% | Time: fit=103s, train=025s, test=006s, total=134s
Epoch  15: Train%/Test% | Accuracy: 56.95%/56.07% | Precision: 61.86%/61.31% | Recall: 65.75%/64.92% | F1: 55.64%/54.84% | Time: fit=103s, train=025s, test=006s, total=134s
Epoch  16: Train%/Test% | Accuracy: 56.88%/55.85% | Precision: 61.82%/61.28% | Recall: 65.69%/64.84% | F1: 55.57%/54.65% | Time: fit=090s, train=025s, test=006s, total=121s
Epoch  17: Train%/Test% | Accuracy: 63.08%/62.69% | Precision: 63.59%/63.51% | Recall: 68.60%/68.45% | F1: 60.62%/60.34% | Time: fit=092s, train=025s, test=006s, total=123s
Epoch  18: Train%/Test% | Accuracy: 63.70%/63.48% | Precision: 63.89%/63.84% | Recall: 69.02%/68.91% | F1: 61.15%/61.00% | Time: fit=091s, train=025s, test=006s, total=121s
Epoch  19: Train%/Test% | Accuracy: 64.05%/63.03% | Precision: 64.42%/63.50% | Recall: 69.74%/68.45% | F1: 61.60%/60.57% | Time: fit=096s, train=025s, test=004s, total=125s
Epoch  20: Train%/Test% | Accuracy: 63.76%/62.65% | Precision: 63.72%/62.78% | Recall: 68.79%/67.46% | F1: 61.12%/60.02% | Time: fit=105s, train=017s, test=007s, total=129s
Epoch  21: Train%/Test% | Accuracy: 66.83%/65.81% | Precision: 64.88%/64.00% | Recall: 70.26%/69.03% | F1: 63.58%/62.54% | Time: fit=103s, train=025s, test=003s, total=131s
Epoch  22: Train%/Test% | Accuracy: 67.41%/66.26% | Precision: 65.23%/64.30% | Recall: 70.69%/69.43% | F1: 64.09%/62.96% | Time: fit=093s, train=024s, test=006s, total=123s
Epoch  23: Train%/Test% | Accuracy: 66.24%/65.33% | Precision: 65.40%/64.62% | Recall: 71.07%/69.97% | F1: 63.45%/62.54% | Time: fit=090s, train=025s, test=006s, total=121s
Epoch  24: Train%/Test% | Accuracy: 64.80%/63.75% | Precision: 65.03%/64.15% | Recall: 70.59%/69.34% | F1: 62.35%/61.31% | Time: fit=089s, train=025s, test=006s, total=120s
Epoch  25: Train%/Test% | Accuracy: 64.50%/63.32% | Precision: 64.93%/64.07% | Recall: 70.44%/69.22% | F1: 62.10%/60.99% | Time: fit=091s, train=023s, test=006s, total=120s
Epoch  26: Train%/Test% | Accuracy: 64.54%/63.26% | Precision: 64.89%/63.87% | Recall: 70.38%/68.95% | F1: 62.12%/60.86% | Time: fit=096s, train=026s, test=006s, total=128s
Epoch  27: Train%/Test% | Accuracy: 66.07%/65.22% | Precision: 65.27%/64.91% | Recall: 70.88%/70.37% | F1: 63.29%/62.59% | Time: fit=105s, train=022s, test=007s, total=133s
Epoch  28: Train%/Test% | Accuracy: 65.30%/65.09% | Precision: 64.88%/64.91% | Recall: 70.37%/70.38% | F1: 62.62%/62.50% | Time: fit=101s, train=018s, test=006s, total=125s
Epoch  29: Train%/Test% | Accuracy: 67.50%/67.19% | Precision: 63.75%/63.81% | Recall: 68.36%/68.50% | F1: 63.30%/63.19% | Time: fit=103s, train=024s, test=005s, total=133s
Epoch  30: Train%/Test% | Accuracy: 67.15%/66.69% | Precision: 63.66%/63.65% | Recall: 68.31%/68.37% | F1: 63.06%/62.84% | Time: fit=103s, train=024s, test=006s, total=133s
Epoch  31: Train%/Test% | Accuracy: 59.85%/59.51% | Precision: 61.06%/60.63% | Recall: 65.12%/64.50% | F1: 57.46%/57.08% | Time: fit=103s, train=025s, test=006s, total=134s
Epoch  32: Train%/Test% | Accuracy: 59.86%/59.82% | Precision: 60.89%/60.75% | Recall: 64.89%/64.68% | F1: 57.41%/57.34% | Time: fit=102s, train=025s, test=006s, total=133s
Epoch  33: Train%/Test% | Accuracy: 51.51%/51.15% | Precision: 60.88%/60.84% | Recall: 63.39%/63.22% | F1: 51.01%/50.71% | Time: fit=103s, train=024s, test=006s, total=134s
Epoch  34: Train%/Test% | Accuracy: 59.10%/58.76% | Precision: 62.97%/62.54% | Recall: 67.42%/66.82% | F1: 57.56%/57.21% | Time: fit=103s, train=024s, test=006s, total=133s
Epoch  35: Train%/Test% | Accuracy: 58.77%/58.24% | Precision: 62.90%/62.49% | Recall: 67.27%/66.67% | F1: 57.30%/56.80% | Time: fit=101s, train=025s, test=006s, total=132s
Epoch  36: Train%/Test% | Accuracy: 64.91%/64.52% | Precision: 64.91%/64.64% | Recall: 70.42%/70.01% | F1: 62.37%/62.02% | Time: fit=103s, train=025s, test=006s, total=134s
Epoch  37: Train%/Test% | Accuracy: 64.20%/63.98% | Precision: 64.65%/64.33% | Recall: 70.06%/69.59% | F1: 61.79%/61.53% | Time: fit=101s, train=025s, test=006s, total=131s
Epoch  38: Train%/Test% | Accuracy: 63.47%/62.42% | Precision: 64.43%/63.63% | Recall: 69.73%/68.59% | F1: 61.21%/60.20% | Time: fit=102s, train=025s, test=006s, total=133s
Epoch  39: Train%/Test% | Accuracy: 57.79%/56.89% | Precision: 62.82%/62.27% | Recall: 67.00%/66.16% | F1: 56.52%/55.70% | Time: fit=102s, train=025s, test=006s, total=133s
Epoch  40: Train%/Test% | Accuracy: 57.09%/56.59% | Precision: 62.63%/62.44% | Recall: 66.64%/66.29% | F1: 55.93%/55.51% | Time: fit=102s, train=025s, test=006s, total=133s
Epoch  41: Train%/Test% | Accuracy: 64.97%/64.66% | Precision: 64.79%/64.73% | Recall: 70.25%/70.13% | F1: 62.36%/62.14% | Time: fit=104s, train=024s, test=006s, total=135s
Epoch  42: Train%/Test% | Accuracy: 62.77%/62.01% | Precision: 64.06%/63.50% | Recall: 69.20%/68.39% | F1: 60.58%/59.87% | Time: fit=102s, train=024s, test=006s, total=133s
Epoch  43: Train%/Test% | Accuracy: 62.50%/61.77% | Precision: 63.96%/63.21% | Recall: 69.06%/68.00% | F1: 60.36%/59.59% | Time: fit=102s, train=024s, test=006s, total=133s
Epoch  44: Train%/Test% | Accuracy: 67.56%/66.08% | Precision: 65.82%/64.80% | Recall: 71.56%/70.17% | F1: 64.48%/63.09% | Time: fit=101s, train=025s, test=006s, total=132s
Epoch  45: Train%/Test% | Accuracy: 67.27%/67.12% | Precision: 65.65%/65.42% | Recall: 71.35%/70.98% | F1: 64.21%/64.03% | Time: fit=101s, train=024s, test=006s, total=132s
Epoch  46: Train%/Test% | Accuracy: 68.17%/67.32% | Precision: 66.15%/65.32% | Recall: 71.97%/70.80% | F1: 65.01%/64.10% | Time: fit=103s, train=023s, test=006s, total=132s
Epoch  47: Train%/Test% | Accuracy: 66.65%/65.56% | Precision: 65.80%/64.98% | Recall: 71.62%/70.47% | F1: 63.89%/62.84% | Time: fit=094s, train=026s, test=005s, total=125s
Epoch  48: Train%/Test% | Accuracy: 65.57%/64.93% | Precision: 65.41%/64.86% | Recall: 71.10%/70.31% | F1: 63.01%/62.38% | Time: fit=104s, train=021s, test=007s, total=132s
Epoch  49: Train%/Test% | Accuracy: 62.23%/61.95% | Precision: 64.27%/63.84% | Recall: 69.43%/68.82% | F1: 60.27%/59.94% | Time: fit=101s, train=020s, test=006s, total=127s
Epoch  50: Train%/Test% | Accuracy: 62.00%/61.52% | Precision: 64.09%/63.57% | Recall: 69.18%/68.45% | F1: 60.05%/59.54% | Time: fit=105s, train=024s, test=004s, total=133s
Epoch  51: Train%/Test% | Accuracy: 66.25%/65.54% | Precision: 65.67%/65.09% | Recall: 71.45%/70.61% | F1: 63.57%/62.87% | Time: fit=107s, train=024s, test=005s, total=137s
Epoch  52: Train%/Test% | Accuracy: 65.76%/65.22% | Precision: 65.61%/65.00% | Recall: 71.38%/70.50% | F1: 63.23%/62.63% | Time: fit=104s, train=025s, test=006s, total=135s
Epoch  53: Train%/Test% | Accuracy: 59.50%/58.72% | Precision: 63.47%/62.77% | Recall: 68.08%/67.08% | F1: 58.01%/57.24% | Time: fit=103s, train=024s, test=006s, total=133s
Epoch  54: Train%/Test% | Accuracy: 59.56%/58.88% | Precision: 63.41%/62.59% | Recall: 68.02%/66.90% | F1: 58.04%/57.31% | Time: fit=102s, train=024s, test=006s, total=133s
Epoch  55: Train%/Test% | Accuracy: 60.43%/59.30% | Precision: 63.41%/62.43% | Recall: 68.15%/66.76% | F1: 58.69%/57.58% | Time: fit=102s, train=025s, test=006s, total=133s
Epoch  56: Train%/Test% | Accuracy: 59.82%/58.99% | Precision: 63.47%/62.50% | Recall: 68.12%/66.81% | F1: 58.25%/57.37% | Time: fit=102s, train=025s, test=006s, total=132s
Epoch  57: Train%/Test% | Accuracy: 59.71%/58.65% | Precision: 63.04%/62.28% | Recall: 67.60%/66.49% | F1: 58.04%/57.05% | Time: fit=102s, train=024s, test=006s, total=133s
Epoch  58: Train%/Test% | Accuracy: 59.23%/58.47% | Precision: 62.91%/62.39% | Recall: 67.37%/66.60% | F1: 57.65%/56.95% | Time: fit=102s, train=024s, test=006s, total=132s
Epoch  59: Train%/Test% | Accuracy: 61.35%/60.05% | Precision: 63.61%/62.62% | Recall: 68.51%/67.09% | F1: 59.42%/58.18% | Time: fit=101s, train=024s, test=006s, total=132s
Epoch  60: Train%/Test% | Accuracy: 61.14%/60.52% | Precision: 63.37%/62.80% | Recall: 68.18%/67.38% | F1: 59.19%/58.58% | Time: fit=101s, train=024s, test=006s, total=131s
Epoch  61: Train%/Test% | Accuracy: 62.04%/60.61% | Precision: 63.59%/62.36% | Recall: 68.55%/66.83% | F1: 59.90%/58.49% | Time: fit=101s, train=024s, test=006s, total=132s
Epoch  62: Train%/Test% | Accuracy: 61.55%/60.30% | Precision: 63.59%/62.52% | Recall: 68.50%/67.00% | F1: 59.55%/58.32% | Time: fit=101s, train=024s, test=006s, total=131s
Epoch  63: Train%/Test% | Accuracy: 62.43%/61.20% | Precision: 63.81%/62.83% | Recall: 68.86%/67.47% | F1: 60.26%/59.06% | Time: fit=101s, train=024s, test=006s, total=132s
Epoch  64: Train%/Test% | Accuracy: 61.33%/60.64% | Precision: 63.58%/62.93% | Recall: 68.47%/67.55% | F1: 59.40%/58.70% | Time: fit=103s, train=024s, test=006s, total=133s
Epoch  65: Train%/Test% | Accuracy: 69.11%/67.86% | Precision: 66.49%/65.36% | Recall: 72.32%/70.77% | F1: 65.73%/64.43% | Time: fit=103s, train=024s, test=006s, total=134s
Epoch  66: Train%/Test% | Accuracy: 69.06%/67.75% | Precision: 64.67%/63.86% | Recall: 69.37%/68.43% | F1: 64.62%/63.49% | Time: fit=104s, train=024s, test=006s, total=134s
Epoch  67: Train%/Test% | Accuracy: 69.92%/68.56% | Precision: 65.19%/64.21% | Recall: 69.90%/68.74% | F1: 65.34%/64.10% | Time: fit=102s, train=024s, test=006s, total=132s
Epoch  68: Train%/Test% | Accuracy: 62.39%/62.06% | Precision: 61.83%/61.61% | Recall: 66.19%/65.86% | F1: 59.42%/59.13% | Time: fit=103s, train=023s, test=006s, total=132s
Epoch  69: Train%/Test% | Accuracy: 60.61%/60.05% | Precision: 63.56%/63.22% | Recall: 68.36%/67.83% | F1: 58.87%/58.36% | Time: fit=094s, train=026s, test=006s, total=125s
Epoch  70: Train%/Test% | Accuracy: 67.80%/67.19% | Precision: 65.98%/65.72% | Recall: 71.76%/71.41% | F1: 64.70%/64.21% | Time: fit=106s, train=017s, test=006s, total=129s
Epoch  71: Train%/Test% | Accuracy: 66.51%/65.09% | Precision: 65.56%/64.89% | Recall: 71.28%/70.35% | F1: 63.70%/62.49% | Time: fit=102s, train=023s, test=003s, total=128s
Epoch  72: Train%/Test% | Accuracy: 65.57%/64.45% | Precision: 65.28%/64.72% | Recall: 70.92%/70.12% | F1: 62.96%/62.01% | Time: fit=097s, train=024s, test=006s, total=127s
Epoch  73: Train%/Test% | Accuracy: 65.33%/64.97% | Precision: 65.19%/65.11% | Recall: 70.80%/70.66% | F1: 62.76%/62.51% | Time: fit=085s, train=025s, test=006s, total=116s
Epoch  74: Train%/Test% | Accuracy: 65.54%/65.04% | Precision: 65.05%/64.77% | Recall: 70.61%/70.19% | F1: 62.85%/62.42% | Time: fit=090s, train=024s, test=006s, total=121s
Epoch  75: Train%/Test% | Accuracy: 65.48%/64.63% | Precision: 65.02%/64.76% | Recall: 70.56%/70.18% | F1: 62.79%/62.14% | Time: fit=089s, train=023s, test=006s, total=119s
Epoch  76: Train%/Test% | Accuracy: 65.54%/64.93% | Precision: 65.37%/64.97% | Recall: 71.05%/70.47% | F1: 62.98%/62.42% | Time: fit=098s, train=026s, test=006s, total=130s
Epoch  77: Train%/Test% | Accuracy: 65.70%/65.22% | Precision: 65.55%/65.33% | Recall: 71.29%/70.95% | F1: 63.16%/62.76% | Time: fit=106s, train=022s, test=007s, total=134s
Epoch  78: Train%/Test% | Accuracy: 66.53%/66.26% | Precision: 65.79%/65.58% | Recall: 71.61%/71.28% | F1: 63.81%/63.56% | Time: fit=103s, train=019s, test=005s, total=127s
Epoch  79: Train%/Test% | Accuracy: 66.44%/66.10% | Precision: 65.75%/65.57% | Recall: 71.56%/71.27% | F1: 63.73%/63.45% | Time: fit=103s, train=024s, test=006s, total=134s
Epoch  80: Train%/Test% | Accuracy: 66.40%/65.29% | Precision: 65.73%/64.99% | Recall: 71.53%/70.48% | F1: 63.70%/62.67% | Time: fit=090s, train=024s, test=006s, total=121s
Epoch  81: Train%/Test% | Accuracy: 66.61%/65.58% | Precision: 65.82%/65.11% | Recall: 71.64%/70.64% | F1: 63.87%/62.91% | Time: fit=088s, train=025s, test=006s, total=119s
Epoch  82: Train%/Test% | Accuracy: 66.98%/66.12% | Precision: 65.76%/65.47% | Recall: 71.54%/71.13% | F1: 64.09%/63.42% | Time: fit=091s, train=025s, test=006s, total=122s
Epoch  83: Train%/Test% | Accuracy: 65.74%/64.68% | Precision: 65.24%/64.78% | Recall: 70.86%/70.21% | F1: 63.06%/62.18% | Time: fit=091s, train=025s, test=006s, total=121s
Epoch  84: Train%/Test% | Accuracy: 66.78%/65.79% | Precision: 65.46%/65.25% | Recall: 71.11%/70.84% | F1: 63.82%/63.11% | Time: fit=103s, train=023s, test=007s, total=133s
Epoch  85: Train%/Test% | Accuracy: 67.84%/66.67% | Precision: 65.79%/65.23% | Recall: 71.47%/70.75% | F1: 64.63%/63.66% | Time: fit=102s, train=018s, test=006s, total=126s
Epoch  86: Train%/Test% | Accuracy: 68.02%/66.60% | Precision: 65.84%/65.04% | Recall: 71.52%/70.48% | F1: 64.76%/63.53% | Time: fit=102s, train=024s, test=006s, total=132s
Epoch  87: Train%/Test% | Accuracy: 67.66%/66.01% | Precision: 65.78%/64.83% | Recall: 71.49%/70.22% | F1: 64.52%/63.06% | Time: fit=088s, train=024s, test=006s, total=119s
Epoch  88: Train%/Test% | Accuracy: 70.08%/68.68% | Precision: 66.73%/65.57% | Recall: 72.45%/70.92% | F1: 66.41%/65.00% | Time: fit=090s, train=024s, test=006s, total=121s
Epoch  89: Train%/Test% | Accuracy: 62.59%/60.39% | Precision: 63.93%/62.69% | Recall: 69.03%/67.22% | F1: 60.41%/58.44% | Time: fit=089s, train=024s, test=006s, total=119s
Epoch  90: Train%/Test% | Accuracy: 61.55%/59.46% | Precision: 64.02%/63.13% | Recall: 69.04%/67.64% | F1: 59.70%/57.90% | Time: fit=093s, train=024s, test=005s, total=123s
Epoch  91: Train%/Test% | Accuracy: 61.37%/58.83% | Precision: 63.91%/62.82% | Recall: 68.88%/67.15% | F1: 59.53%/57.33% | Time: fit=104s, train=021s, test=007s, total=131s
Epoch  92: Train%/Test% | Accuracy: 61.82%/59.69% | Precision: 64.06%/63.20% | Recall: 69.12%/67.75% | F1: 59.91%/58.09% | Time: fit=101s, train=019s, test=004s, total=125s
Epoch  93: Train%/Test% | Accuracy: 53.97%/52.60% | Precision: 62.06%/61.78% | Recall: 65.26%/64.55% | F1: 53.28%/52.08% | Time: fit=103s, train=024s, test=006s, total=133s
Epoch  94: Train%/Test% | Accuracy: 56.37%/55.35% | Precision: 62.59%/62.29% | Recall: 66.44%/65.82% | F1: 55.35%/54.47% | Time: fit=089s, train=024s, test=006s, total=120s
Epoch  95: Train%/Test% | Accuracy: 57.02%/55.96% | Precision: 62.01%/61.58% | Recall: 65.93%/65.20% | F1: 55.73%/54.81% | Time: fit=090s, train=024s, test=006s, total=121s
Epoch  96: Train%/Test% | Accuracy: 56.97%/56.03% | Precision: 62.13%/61.72% | Recall: 66.05%/65.37% | F1: 55.72%/54.90% | Time: fit=089s, train=024s, test=006s, total=119s
Epoch  97: Train%/Test% | Accuracy: 56.82%/55.85% | Precision: 62.19%/61.74% | Recall: 66.09%/65.35% | F1: 55.61%/54.76% | Time: fit=091s, train=024s, test=005s, total=121s
Epoch  98: Train%/Test% | Accuracy: 62.92%/60.75% | Precision: 64.07%/62.95% | Recall: 69.23%/67.59% | F1: 60.69%/58.79% | Time: fit=104s, train=022s, test=007s, total=133s
Epoch  99: Train%/Test% | Accuracy: 67.88%/67.07% | Precision: 65.94%/65.38% | Recall: 71.70%/70.92% | F1: 64.73%/63.98% | Time: fit=102s, train=018s, test=005s, total=125s
Epoch 100: Train%/Test% | Accuracy: 67.65%/66.76% | Precision: 65.90%/65.28% | Recall: 71.67%/70.81% | F1: 64.57%/63.74% | Time: fit=102s, train=025s, test=006s, total=133s
Epoch 101: Train%/Test% | Accuracy: 60.67%/59.94% | Precision: 63.48%/63.25% | Recall: 68.26%/67.85% | F1: 58.88%/58.29% | Time: fit=091s, train=024s, test=006s, total=121s
Epoch 102: Train%/Test% | Accuracy: 60.51%/59.21% | Precision: 63.34%/62.76% | Recall: 68.07%/67.15% | F1: 58.73%/57.61% | Time: fit=089s, train=024s, test=006s, total=119s
Epoch 103: Train%/Test% | Accuracy: 60.80%/59.46% | Precision: 63.37%/62.49% | Recall: 68.15%/66.87% | F1: 58.95%/57.71% | Time: fit=091s, train=024s, test=006s, total=121s
Epoch 104: Train%/Test% | Accuracy: 59.28%/58.18% | Precision: 63.00%/62.52% | Recall: 67.49%/66.69% | F1: 57.71%/56.76% | Time: fit=091s, train=024s, test=005s, total=121s
Epoch 105: Train%/Test% | Accuracy: 60.33%/59.19% | Precision: 63.19%/62.38% | Recall: 67.86%/66.69% | F1: 58.55%/57.48% | Time: fit=103s, train=021s, test=006s, total=131s
Epoch 106: Train%/Test% | Accuracy: 61.27%/59.78% | Precision: 63.47%/62.55% | Recall: 68.32%/66.98% | F1: 59.32%/57.96% | Time: fit=099s, train=021s, test=004s, total=124s
Epoch 107: Train%/Test% | Accuracy: 59.92%/58.94% | Precision: 63.12%/62.56% | Recall: 67.73%/66.88% | F1: 58.22%/57.35% | Time: fit=103s, train=024s, test=006s, total=134s
Epoch 108: Train%/Test% | Accuracy: 59.30%/59.21% | Precision: 62.95%/63.14% | Recall: 67.43%/67.60% | F1: 57.71%/57.71% | Time: fit=088s, train=024s, test=006s, total=119s
Epoch 109: Train%/Test% | Accuracy: 59.32%/58.88% | Precision: 62.99%/62.83% | Recall: 67.48%/67.18% | F1: 57.74%/57.37% | Time: fit=088s, train=025s, test=006s, total=119s
Epoch 110: Train%/Test% | Accuracy: 59.17%/58.22% | Precision: 63.03%/62.76% | Recall: 67.50%/66.98% | F1: 57.64%/56.85% | Time: fit=090s, train=024s, test=006s, total=120s
Epoch 111: Train%/Test% | Accuracy: 65.40%/64.91% | Precision: 65.35%/65.18% | Recall: 71.02%/70.74% | F1: 62.87%/62.49% | Time: fit=093s, train=024s, test=006s, total=123s
Epoch 112: Train%/Test% | Accuracy: 65.63%/64.81% | Precision: 65.52%/65.11% | Recall: 71.25%/70.65% | F1: 63.10%/62.40% | Time: fit=104s, train=019s, test=006s, total=129s
Epoch 113: Train%/Test% | Accuracy: 65.06%/64.05% | Precision: 65.33%/64.89% | Recall: 70.99%/70.34% | F1: 62.64%/61.79% | Time: fit=102s, train=021s, test=003s, total=126s
Epoch 114: Train%/Test% | Accuracy: 69.33%/67.30% | Precision: 66.88%/65.45% | Recall: 72.88%/71.01% | F1: 66.06%/64.15% | Time: fit=100s, train=025s, test=006s, total=131s
Epoch 115: Train%/Test% | Accuracy: 63.12%/61.97% | Precision: 64.71%/63.83% | Recall: 70.07%/68.81% | F1: 61.05%/59.95% | Time: fit=092s, train=024s, test=006s, total=122s
Epoch 116: Train%/Test% | Accuracy: 67.85%/65.88% | Precision: 66.42%/65.07% | Recall: 72.42%/70.58% | F1: 64.94%/63.09% | Time: fit=102s, train=024s, test=006s, total=133s
Epoch 117: Train%/Test% | Accuracy: 67.77%/66.51% | Precision: 66.42%/65.71% | Recall: 72.43%/71.45% | F1: 64.89%/63.77% | Time: fit=103s, train=024s, test=006s, total=134s
Epoch 118: Train%/Test% | Accuracy: 69.17%/67.71% | Precision: 66.80%/65.76% | Recall: 72.78%/71.40% | F1: 65.93%/64.55% | Time: fit=104s, train=025s, test=006s, total=134s
Epoch 119: Train%/Test% | Accuracy: 69.40%/67.86% | Precision: 66.58%/65.53% | Recall: 72.39%/71.03% | F1: 65.95%/64.52% | Time: fit=102s, train=024s, test=006s, total=133s
Epoch 120: Train%/Test% | Accuracy: 68.98%/68.20% | Precision: 66.60%/66.09% | Recall: 72.51%/71.83% | F1: 65.71%/65.01% | Time: fit=102s, train=024s, test=006s, total=133s
Epoch 121: Train%/Test% | Accuracy: 68.53%/67.21% | Precision: 66.47%/65.67% | Recall: 72.40%/71.33% | F1: 65.38%/64.20% | Time: fit=103s, train=025s, test=006s, total=134s
Epoch 122: Train%/Test% | Accuracy: 63.31%/62.58% | Precision: 64.67%/64.10% | Recall: 70.04%/69.21% | F1: 61.18%/60.48% | Time: fit=103s, train=024s, test=006s, total=133s
Epoch 123: Train%/Test% | Accuracy: 63.20%/62.44% | Precision: 64.50%/63.84% | Recall: 69.81%/68.86% | F1: 61.04%/60.29% | Time: fit=101s, train=025s, test=006s, total=132s
Epoch 124: Train%/Test% | Accuracy: 64.22%/63.35% | Precision: 64.78%/63.92% | Recall: 70.23%/69.01% | F1: 61.85%/60.94% | Time: fit=103s, train=025s, test=006s, total=134s
Epoch 125: Train%/Test% | Accuracy: 63.99%/63.08% | Precision: 64.81%/64.05% | Recall: 70.26%/69.18% | F1: 61.71%/60.81% | Time: fit=102s, train=024s, test=006s, total=133s
Epoch 126: Train%/Test% | Accuracy: 64.32%/63.50% | Precision: 64.84%/64.09% | Recall: 70.32%/69.24% | F1: 61.94%/61.11% | Time: fit=103s, train=022s, test=006s, total=132s
Epoch 127: Train%/Test% | Accuracy: 58.68%/58.65% | Precision: 63.02%/62.66% | Recall: 67.40%/66.94% | F1: 57.26%/57.16% | Time: fit=095s, train=025s, test=004s, total=124s
Epoch 128: Train%/Test% | Accuracy: 63.84%/62.94% | Precision: 64.68%/63.77% | Recall: 70.09%/68.81% | F1: 61.55%/60.61% | Time: fit=106s, train=016s, test=007s, total=129s
Epoch 129: Train%/Test% | Accuracy: 65.75%/65.45% | Precision: 62.82%/62.25% | Recall: 67.30%/66.46% | F1: 61.85%/61.37% | Time: fit=103s, train=025s, test=003s, total=131s
Epoch 130: Train%/Test% | Accuracy: 69.53%/68.65% | Precision: 64.64%/63.90% | Recall: 69.13%/68.19% | F1: 64.80%/63.92% | Time: fit=094s, train=024s, test=006s, total=124s
Epoch 131: Train%/Test% | Accuracy: 67.45%/67.25% | Precision: 65.90%/65.65% | Recall: 71.69%/71.30% | F1: 64.44%/64.22% | Time: fit=089s, train=025s, test=006s, total=120s
Epoch 132: Train%/Test% | Accuracy: 67.01%/66.01% | Precision: 66.03%/65.28% | Recall: 71.92%/70.86% | F1: 64.22%/63.26% | Time: fit=091s, train=025s, test=006s, total=122s
Epoch 133: Train%/Test% | Accuracy: 62.38%/61.65% | Precision: 64.43%/63.76% | Recall: 69.65%/68.69% | F1: 60.43%/59.70% | Time: fit=093s, train=023s, test=006s, total=122s
Epoch 134: Train%/Test% | Accuracy: 63.43%/62.40% | Precision: 64.75%/63.87% | Recall: 70.15%/68.90% | F1: 61.29%/60.27% | Time: fit=098s, train=026s, test=006s, total=130s
Epoch 135: Train%/Test% | Accuracy: 63.20%/62.26% | Precision: 64.64%/63.88% | Recall: 69.99%/68.90% | F1: 61.09%/60.18% | Time: fit=105s, train=022s, test=007s, total=134s
Epoch 136: Train%/Test% | Accuracy: 63.04%/61.86% | Precision: 64.72%/63.75% | Recall: 70.09%/68.70% | F1: 61.01%/59.85% | Time: fit=100s, train=019s, test=004s, total=123s
Epoch 137: Train%/Test% | Accuracy: 63.52%/62.47% | Precision: 64.60%/63.82% | Recall: 69.96%/68.85% | F1: 61.30%/60.30% | Time: fit=103s, train=024s, test=006s, total=134s
Epoch 138: Train%/Test% | Accuracy: 63.80%/62.90% | Precision: 64.53%/63.95% | Recall: 69.88%/69.03% | F1: 61.47%/60.64% | Time: fit=088s, train=025s, test=006s, total=119s
Epoch 139: Train%/Test% | Accuracy: 63.45%/62.71% | Precision: 64.36%/64.04% | Recall: 69.64%/69.14% | F1: 61.16%/60.55% | Time: fit=089s, train=024s, test=006s, total=120s
Epoch 140: Train%/Test% | Accuracy: 64.17%/63.28% | Precision: 64.57%/63.96% | Recall: 69.95%/69.06% | F1: 61.74%/60.91% | Time: fit=091s, train=024s, test=006s, total=120s
Epoch 141: Train%/Test% | Accuracy: 64.27%/63.23% | Precision: 64.57%/63.79% | Recall: 69.94%/68.84% | F1: 61.80%/60.82% | Time: fit=092s, train=024s, test=005s, total=121s
Epoch 142: Train%/Test% | Accuracy: 63.69%/62.24% | Precision: 64.67%/63.67% | Recall: 70.06%/68.63% | F1: 61.45%/60.09% | Time: fit=106s, train=025s, test=006s, total=137s
Epoch 143: Train%/Test% | Accuracy: 63.58%/62.29% | Precision: 64.64%/63.77% | Recall: 70.01%/68.76% | F1: 61.36%/60.15% | Time: fit=105s, train=023s, test=006s, total=134s
Epoch 144: Train%/Test% | Accuracy: 59.00%/58.18% | Precision: 63.27%/62.54% | Recall: 67.75%/66.72% | F1: 57.57%/56.76% | Time: fit=106s, train=021s, test=007s, total=134s
Epoch 145: Train%/Test% | Accuracy: 60.44%/59.60% | Precision: 63.46%/63.30% | Recall: 68.21%/67.85% | F1: 58.71%/58.05% | Time: fit=106s, train=022s, test=007s, total=135s
Epoch 146: Train%/Test% | Accuracy: 60.54%/59.78% | Precision: 63.65%/63.37% | Recall: 68.46%/67.97% | F1: 58.84%/58.21% | Time: fit=105s, train=020s, test=007s, total=132s
Epoch 147: Train%/Test% | Accuracy: 63.09%/62.51% | Precision: 64.34%/63.94% | Recall: 69.59%/69.00% | F1: 60.91%/60.38% | Time: fit=102s, train=024s, test=005s, total=132s
Epoch 148: Train%/Test% | Accuracy: 62.60%/61.90% | Precision: 64.18%/63.90% | Recall: 69.35%/68.89% | F1: 60.51%/59.93% | Time: fit=090s, train=025s, test=006s, total=121s
Epoch 149: Train%/Test% | Accuracy: 62.57%/61.18% | Precision: 64.17%/63.48% | Recall: 69.34%/68.29% | F1: 60.48%/59.27% | Time: fit=087s, train=025s, test=006s, total=118s
Epoch 150: Train%/Test% | Accuracy: 64.50%/62.87% | Precision: 65.05%/63.81% | Recall: 70.60%/68.86% | F1: 62.15%/60.58% | Time: fit=097s, train=025s, test=006s, total=128s
