[nltk_data] Downloading package wordnet to /home/bjorvl16/nltk_data...
[nltk_data]   Package wordnet is already up-to-date!
[nltk_data] Downloading package stopwords to
[nltk_data]     /home/bjorvl16/nltk_data...
[nltk_data]   Package stopwords is already up-to-date!
[*] Load dataset...
[*] Fix malformed data...
[*] Split...
[*] Encoding...
[*] Encoding feature: text... 464
==============================
Using GPU for training
Dataset: FakeNewsNet-politifact
TMU params: num-clauses=5000, T=150, s=10.0
Epochs: 150
Feature(s): text
max-vocab=15000, max-domain=500, max-tweet=500
====================
Train size: 844
Train classes: 2
Test size: 212
Test classes: 2
Total features: 464
==============================
[*] Training for 150 epochs...
Epoch   1: Train%/Test% | Accuracy: 66.82%/66.98% | Precision: 76.68%/68.33% | Recall: 60.84%/56.74% | F1: 57.46%/53.55% | Time: fit=002s, train=000s, test=000s, total=003s
Epoch   2: Train%/Test% | Accuracy: 70.02%/67.92% | Precision: 78.44%/70.05% | Recall: 64.74%/58.02% | F1: 63.13%/55.51% | Time: fit=002s, train=000s, test=000s, total=003s
Epoch   3: Train%/Test% | Accuracy: 69.91%/67.92% | Precision: 78.36%/70.05% | Recall: 64.59%/58.02% | F1: 62.94%/55.51% | Time: fit=002s, train=000s, test=000s, total=003s
Epoch   4: Train%/Test% | Accuracy: 69.67%/67.92% | Precision: 77.31%/70.05% | Recall: 64.43%/58.02% | F1: 62.83%/55.51% | Time: fit=002s, train=000s, test=000s, total=003s
Epoch   5: Train%/Test% | Accuracy: 70.85%/68.87% | Precision: 77.70%/71.54% | Recall: 65.92%/59.30% | F1: 64.88%/57.40% | Time: fit=002s, train=000s, test=000s, total=003s
Epoch   6: Train%/Test% | Accuracy: 71.56%/68.40% | Precision: 78.47%/69.96% | Recall: 66.73%/58.93% | F1: 65.90%/57.04% | Time: fit=002s, train=000s, test=000s, total=003s
Epoch   7: Train%/Test% | Accuracy: 76.66%/73.11% | Precision: 81.08%/75.19% | Recall: 73.00%/65.60% | F1: 73.51%/65.99% | Time: fit=002s, train=000s, test=000s, total=003s
Epoch   8: Train%/Test% | Accuracy: 79.15%/75.00% | Precision: 82.01%/76.01% | Recall: 76.20%/68.70% | F1: 77.00%/69.65% | Time: fit=002s, train=000s, test=000s, total=003s
Epoch   9: Train%/Test% | Accuracy: 79.86%/75.94% | Precision: 82.30%/76.12% | Recall: 77.13%/70.52% | F1: 77.95%/71.59% | Time: fit=002s, train=000s, test=000s, total=003s
Epoch  10: Train%/Test% | Accuracy: 82.46%/76.89% | Precision: 83.55%/76.18% | Recall: 80.55%/72.61% | F1: 81.31%/73.58% | Time: fit=002s, train=000s, test=000s, total=003s
Epoch  11: Train%/Test% | Accuracy: 80.81%/74.53% | Precision: 81.90%/73.53% | Recall: 78.73%/69.67% | F1: 79.46%/70.54% | Time: fit=002s, train=000s, test=000s, total=003s
Epoch  12: Train%/Test% | Accuracy: 82.11%/74.06% | Precision: 82.90%/73.03% | Recall: 80.32%/69.03% | F1: 81.01%/69.87% | Time: fit=002s, train=000s, test=000s, total=003s
Epoch  13: Train%/Test% | Accuracy: 78.08%/74.06% | Precision: 80.97%/74.60% | Recall: 75.01%/67.69% | F1: 75.72%/68.51% | Time: fit=002s, train=000s, test=000s, total=003s
Epoch  14: Train%/Test% | Accuracy: 77.13%/72.17% | Precision: 79.65%/71.47% | Recall: 74.07%/65.93% | F1: 74.71%/66.53% | Time: fit=002s, train=000s, test=000s, total=003s
Epoch  15: Train%/Test% | Accuracy: 78.32%/73.58% | Precision: 80.26%/73.04% | Recall: 75.60%/67.85% | F1: 76.32%/68.67% | Time: fit=002s, train=000s, test=000s, total=003s
Epoch  16: Train%/Test% | Accuracy: 80.09%/74.06% | Precision: 81.49%/73.03% | Recall: 77.80%/69.03% | F1: 78.56%/69.87% | Time: fit=002s, train=000s, test=000s, total=003s
Epoch  17: Train%/Test% | Accuracy: 80.57%/73.58% | Precision: 81.79%/72.53% | Recall: 78.40%/68.39% | F1: 79.15%/69.20% | Time: fit=002s, train=000s, test=000s, total=003s
Epoch  18: Train%/Test% | Accuracy: 81.75%/73.58% | Precision: 82.40%/72.32% | Recall: 80.01%/68.66% | F1: 80.67%/69.45% | Time: fit=002s, train=000s, test=000s, total=003s
Epoch  19: Train%/Test% | Accuracy: 81.40%/74.06% | Precision: 81.80%/72.65% | Recall: 79.78%/69.57% | F1: 80.37%/70.35% | Time: fit=002s, train=000s, test=000s, total=003s
Epoch  20: Train%/Test% | Accuracy: 81.87%/74.53% | Precision: 82.06%/73.01% | Recall: 80.47%/70.47% | F1: 80.98%/71.21% | Time: fit=002s, train=000s, test=000s, total=003s
Epoch  21: Train%/Test% | Accuracy: 84.00%/75.94% | Precision: 83.52%/74.15% | Recall: 83.87%/74.27% | F1: 83.67%/74.21% | Time: fit=002s, train=000s, test=000s, total=003s
Epoch  22: Train%/Test% | Accuracy: 85.55%/78.77% | Precision: 85.09%/77.17% | Recall: 85.39%/77.32% | F1: 85.23%/77.24% | Time: fit=002s, train=000s, test=000s, total=003s
Epoch  23: Train%/Test% | Accuracy: 84.83%/78.30% | Precision: 84.36%/76.67% | Recall: 84.82%/76.67% | F1: 84.54%/76.67% | Time: fit=002s, train=000s, test=000s, total=003s
Epoch  24: Train%/Test% | Accuracy: 84.72%/76.89% | Precision: 84.24%/75.15% | Recall: 84.68%/75.29% | F1: 84.42%/75.22% | Time: fit=002s, train=000s, test=000s, total=003s
Epoch  25: Train%/Test% | Accuracy: 78.67%/73.11% | Precision: 80.77%/74.75% | Recall: 80.77%/76.32% | F1: 78.67%/72.94% | Time: fit=002s, train=000s, test=000s, total=003s
Epoch  26: Train%/Test% | Accuracy: 78.55%/71.70% | Precision: 80.69%/73.15% | Recall: 80.67%/74.67% | F1: 78.55%/71.49% | Time: fit=002s, train=000s, test=000s, total=003s
Epoch  27: Train%/Test% | Accuracy: 78.44%/70.75% | Precision: 80.36%/72.54% | Recall: 80.45%/73.92% | F1: 78.44%/70.59% | Time: fit=002s, train=000s, test=000s, total=003s
Epoch  28: Train%/Test% | Accuracy: 77.01%/68.40% | Precision: 79.42%/71.06% | Recall: 79.22%/72.05% | F1: 77.01%/68.31% | Time: fit=002s, train=000s, test=000s, total=003s
Epoch  29: Train%/Test% | Accuracy: 82.11%/73.11% | Precision: 82.13%/72.54% | Recall: 82.98%/74.18% | F1: 82.00%/72.45% | Time: fit=002s, train=000s, test=000s, total=003s
Epoch  30: Train%/Test% | Accuracy: 83.41%/75.94% | Precision: 83.30%/74.84% | Recall: 84.19%/76.42% | F1: 83.28%/75.10% | Time: fit=002s, train=000s, test=000s, total=003s
Epoch  31: Train%/Test% | Accuracy: 77.96%/69.81% | Precision: 79.79%/71.58% | Recall: 79.92%/72.90% | F1: 77.96%/69.64% | Time: fit=002s, train=000s, test=000s, total=003s
Epoch  32: Train%/Test% | Accuracy: 79.27%/71.23% | Precision: 80.76%/72.51% | Recall: 81.08%/74.02% | F1: 79.26%/70.99% | Time: fit=002s, train=000s, test=000s, total=003s
Epoch  33: Train%/Test% | Accuracy: 83.18%/75.47% | Precision: 83.30%/75.23% | Recall: 84.18%/77.11% | F1: 83.08%/74.97% | Time: fit=002s, train=000s, test=000s, total=003s
Epoch  34: Train%/Test% | Accuracy: 83.77%/75.00% | Precision: 83.83%/74.43% | Recall: 84.73%/76.21% | F1: 83.67%/74.38% | Time: fit=002s, train=000s, test=000s, total=003s
Epoch  35: Train%/Test% | Accuracy: 75.71%/70.28% | Precision: 79.78%/73.40% | Recall: 78.53%/74.35% | F1: 75.65%/70.23% | Time: fit=002s, train=000s, test=000s, total=003s
Epoch  36: Train%/Test% | Accuracy: 74.76%/69.34% | Precision: 78.88%/72.85% | Recall: 77.60%/73.60% | F1: 74.70%/69.31% | Time: fit=002s, train=000s, test=000s, total=003s
Epoch  37: Train%/Test% | Accuracy: 83.53%/74.53% | Precision: 83.48%/74.06% | Recall: 84.37%/75.83% | F1: 83.41%/73.93% | Time: fit=002s, train=000s, test=000s, total=003s
Epoch  38: Train%/Test% | Accuracy: 83.65%/75.00% | Precision: 83.54%/74.43% | Recall: 84.43%/76.21% | F1: 83.52%/74.38% | Time: fit=002s, train=000s, test=000s, total=003s
Epoch  39: Train%/Test% | Accuracy: 85.31%/77.83% | Precision: 85.16%/76.57% | Recall: 84.52%/74.69% | F1: 84.79%/75.37% | Time: fit=002s, train=000s, test=000s, total=003s
Epoch  40: Train%/Test% | Accuracy: 84.24%/75.00% | Precision: 83.95%/73.22% | Recall: 83.57%/71.92% | F1: 83.73%/72.41% | Time: fit=002s, train=000s, test=000s, total=003s
Epoch  41: Train%/Test% | Accuracy: 83.29%/77.36% | Precision: 83.08%/76.51% | Recall: 83.93%/78.34% | F1: 83.14%/76.69% | Time: fit=002s, train=000s, test=000s, total=003s
Epoch  42: Train%/Test% | Accuracy: 83.77%/78.77% | Precision: 83.58%/78.02% | Recall: 84.45%/79.99% | F1: 83.62%/78.18% | Time: fit=002s, train=000s, test=000s, total=003s
Epoch  43: Train%/Test% | Accuracy: 83.77%/77.36% | Precision: 83.64%/76.70% | Recall: 84.53%/78.61% | F1: 83.64%/76.76% | Time: fit=002s, train=000s, test=000s, total=003s
Epoch  44: Train%/Test% | Accuracy: 83.41%/76.42% | Precision: 83.30%/75.56% | Recall: 84.19%/77.32% | F1: 83.28%/75.71% | Time: fit=002s, train=000s, test=000s, total=003s
Epoch  45: Train%/Test% | Accuracy: 82.82%/74.53% | Precision: 82.84%/74.06% | Recall: 83.71%/75.83% | F1: 82.71%/73.93% | Time: fit=002s, train=000s, test=000s, total=003s
Epoch  46: Train%/Test% | Accuracy: 83.53%/75.47% | Precision: 83.44%/74.62% | Recall: 84.33%/76.31% | F1: 83.41%/74.74% | Time: fit=002s, train=000s, test=000s, total=003s
Epoch  47: Train%/Test% | Accuracy: 83.41%/75.94% | Precision: 83.24%/74.84% | Recall: 84.11%/76.42% | F1: 83.27%/75.10% | Time: fit=002s, train=000s, test=000s, total=003s
Epoch  48: Train%/Test% | Accuracy: 83.89%/75.47% | Precision: 83.75%/74.62% | Recall: 84.63%/76.31% | F1: 83.75%/74.74% | Time: fit=002s, train=000s, test=000s, total=003s
Epoch  49: Train%/Test% | Accuracy: 83.06%/75.94% | Precision: 82.97%/75.38% | Recall: 83.84%/77.22% | F1: 82.93%/75.35% | Time: fit=002s, train=000s, test=000s, total=003s
Epoch  50: Train%/Test% | Accuracy: 83.18%/75.94% | Precision: 83.10%/75.59% | Recall: 83.98%/77.49% | F1: 83.05%/75.42% | Time: fit=002s, train=000s, test=000s, total=003s
Epoch  51: Train%/Test% | Accuracy: 83.29%/75.47% | Precision: 83.24%/74.80% | Recall: 84.12%/76.58% | F1: 83.17%/74.82% | Time: fit=002s, train=000s, test=000s, total=003s
Epoch  52: Train%/Test% | Accuracy: 83.65%/75.00% | Precision: 83.54%/74.23% | Recall: 84.43%/75.94% | F1: 83.52%/74.30% | Time: fit=002s, train=000s, test=000s, total=003s
Epoch  53: Train%/Test% | Accuracy: 82.23%/74.06% | Precision: 82.31%/73.70% | Recall: 83.16%/75.46% | F1: 82.12%/73.49% | Time: fit=002s, train=000s, test=000s, total=003s
Epoch  54: Train%/Test% | Accuracy: 83.41%/75.94% | Precision: 83.34%/75.18% | Recall: 84.22%/76.95% | F1: 83.29%/75.27% | Time: fit=002s, train=000s, test=000s, total=003s
Epoch  55: Train%/Test% | Accuracy: 83.65%/76.89% | Precision: 83.54%/76.13% | Recall: 84.43%/77.97% | F1: 83.52%/76.24% | Time: fit=002s, train=000s, test=000s, total=003s
Epoch  56: Train%/Test% | Accuracy: 83.89%/75.47% | Precision: 83.85%/74.62% | Recall: 84.75%/76.31% | F1: 83.77%/74.74% | Time: fit=002s, train=000s, test=000s, total=003s
Epoch  57: Train%/Test% | Accuracy: 84.12%/75.47% | Precision: 84.09%/75.01% | Recall: 84.99%/76.85% | F1: 84.01%/74.90% | Time: fit=002s, train=000s, test=000s, total=003s
Epoch  58: Train%/Test% | Accuracy: 83.29%/76.89% | Precision: 83.35%/76.32% | Recall: 84.24%/78.23% | F1: 83.19%/76.31% | Time: fit=002s, train=000s, test=000s, total=003s
Epoch  59: Train%/Test% | Accuracy: 83.06%/75.94% | Precision: 83.12%/75.59% | Recall: 84.00%/77.49% | F1: 82.96%/75.42% | Time: fit=002s, train=000s, test=000s, total=003s
Epoch  60: Train%/Test% | Accuracy: 83.29%/75.94% | Precision: 83.35%/75.59% | Recall: 84.24%/77.49% | F1: 83.19%/75.42% | Time: fit=002s, train=000s, test=000s, total=003s
Epoch  61: Train%/Test% | Accuracy: 82.23%/74.06% | Precision: 82.48%/73.93% | Recall: 83.32%/75.73% | F1: 82.15%/73.56% | Time: fit=002s, train=000s, test=000s, total=003s
Epoch  62: Train%/Test% | Accuracy: 83.65%/75.94% | Precision: 83.77%/75.18% | Recall: 84.66%/76.95% | F1: 83.56%/75.27% | Time: fit=002s, train=000s, test=000s, total=003s
Epoch  63: Train%/Test% | Accuracy: 83.65%/75.47% | Precision: 83.69%/74.80% | Recall: 84.59%/76.58% | F1: 83.55%/74.82% | Time: fit=002s, train=000s, test=000s, total=003s
Epoch  64: Train%/Test% | Accuracy: 84.36%/75.47% | Precision: 84.32%/74.80% | Recall: 85.24%/76.58% | F1: 84.25%/74.82% | Time: fit=002s, train=000s, test=000s, total=003s
Epoch  65: Train%/Test% | Accuracy: 83.53%/75.00% | Precision: 83.55%/74.43% | Recall: 84.44%/76.21% | F1: 83.43%/74.38% | Time: fit=002s, train=000s, test=000s, total=003s
Epoch  66: Train%/Test% | Accuracy: 83.18%/75.47% | Precision: 83.30%/74.80% | Recall: 84.18%/76.58% | F1: 83.08%/74.82% | Time: fit=002s, train=000s, test=000s, total=003s
Epoch  67: Train%/Test% | Accuracy: 83.53%/75.00% | Precision: 83.72%/74.23% | Recall: 84.60%/75.94% | F1: 83.45%/74.30% | Time: fit=002s, train=000s, test=000s, total=003s
Epoch  68: Train%/Test% | Accuracy: 83.06%/75.47% | Precision: 83.20%/74.80% | Recall: 84.08%/76.58% | F1: 82.97%/74.82% | Time: fit=002s, train=000s, test=000s, total=003s
Epoch  69: Train%/Test% | Accuracy: 82.11%/74.06% | Precision: 82.49%/73.93% | Recall: 83.30%/75.73% | F1: 82.04%/73.56% | Time: fit=002s, train=000s, test=000s, total=003s
Epoch  70: Train%/Test% | Accuracy: 82.58%/74.06% | Precision: 82.86%/74.18% | Recall: 83.71%/76.00% | F1: 82.51%/73.63% | Time: fit=002s, train=000s, test=000s, total=003s
Epoch  71: Train%/Test% | Accuracy: 82.58%/74.06% | Precision: 82.86%/73.70% | Recall: 83.71%/75.46% | F1: 82.51%/73.49% | Time: fit=002s, train=000s, test=000s, total=003s
Epoch  72: Train%/Test% | Accuracy: 82.11%/74.06% | Precision: 82.49%/73.93% | Recall: 83.30%/75.73% | F1: 82.04%/73.56% | Time: fit=002s, train=000s, test=000s, total=003s
Epoch  73: Train%/Test% | Accuracy: 82.94%/73.58% | Precision: 83.34%/73.84% | Recall: 84.17%/75.62% | F1: 82.88%/73.18% | Time: fit=002s, train=000s, test=000s, total=003s
Epoch  74: Train%/Test% | Accuracy: 82.35%/73.58% | Precision: 82.78%/73.58% | Recall: 83.58%/75.35% | F1: 82.29%/73.12% | Time: fit=002s, train=000s, test=000s, total=003s
Epoch  75: Train%/Test% | Accuracy: 83.65%/75.47% | Precision: 83.81%/74.80% | Recall: 84.70%/76.58% | F1: 83.57%/74.82% | Time: fit=002s, train=000s, test=000s, total=003s
Epoch  76: Train%/Test% | Accuracy: 84.00%/75.94% | Precision: 84.15%/75.59% | Recall: 85.05%/77.49% | F1: 83.92%/75.42% | Time: fit=002s, train=000s, test=000s, total=003s
Epoch  77: Train%/Test% | Accuracy: 83.65%/75.94% | Precision: 83.86%/75.59% | Recall: 84.74%/77.49% | F1: 83.57%/75.42% | Time: fit=002s, train=000s, test=000s, total=003s
Epoch  78: Train%/Test% | Accuracy: 84.12%/75.47% | Precision: 84.20%/75.23% | Recall: 85.11%/77.11% | F1: 84.03%/74.97% | Time: fit=002s, train=000s, test=000s, total=003s
Epoch  79: Train%/Test% | Accuracy: 84.24%/76.42% | Precision: 84.34%/75.95% | Recall: 85.25%/77.86% | F1: 84.15%/75.87% | Time: fit=002s, train=000s, test=000s, total=003s
Epoch  80: Train%/Test% | Accuracy: 82.35%/74.53% | Precision: 82.67%/74.53% | Recall: 83.50%/76.37% | F1: 82.28%/74.08% | Time: fit=002s, train=000s, test=000s, total=003s
Epoch  81: Train%/Test% | Accuracy: 84.00%/76.89% | Precision: 84.02%/76.53% | Recall: 84.93%/78.50% | F1: 83.90%/76.38% | Time: fit=002s, train=000s, test=000s, total=003s
Epoch  82: Train%/Test% | Accuracy: 83.18%/75.94% | Precision: 83.34%/75.59% | Recall: 84.22%/77.49% | F1: 83.09%/75.42% | Time: fit=002s, train=000s, test=000s, total=003s
Epoch  83: Train%/Test% | Accuracy: 83.65%/76.42% | Precision: 83.77%/76.18% | Recall: 84.66%/78.13% | F1: 83.56%/75.93% | Time: fit=002s, train=000s, test=000s, total=003s
Epoch  84: Train%/Test% | Accuracy: 83.53%/76.42% | Precision: 83.72%/75.95% | Recall: 84.60%/77.86% | F1: 83.45%/75.87% | Time: fit=002s, train=000s, test=000s, total=003s
Epoch  85: Train%/Test% | Accuracy: 83.06%/76.42% | Precision: 83.29%/76.18% | Recall: 84.15%/78.13% | F1: 82.98%/75.93% | Time: fit=002s, train=000s, test=000s, total=003s
Epoch  86: Train%/Test% | Accuracy: 83.41%/75.47% | Precision: 83.67%/75.47% | Recall: 84.54%/77.38% | F1: 83.34%/75.04% | Time: fit=002s, train=000s, test=000s, total=003s
Epoch  87: Train%/Test% | Accuracy: 83.29%/76.42% | Precision: 83.62%/76.18% | Recall: 84.48%/78.13% | F1: 83.23%/75.93% | Time: fit=002s, train=000s, test=000s, total=003s
Epoch  88: Train%/Test% | Accuracy: 83.53%/76.42% | Precision: 83.76%/76.18% | Recall: 84.64%/78.13% | F1: 83.46%/75.93% | Time: fit=002s, train=000s, test=000s, total=003s
Epoch  89: Train%/Test% | Accuracy: 84.60%/75.94% | Precision: 84.68%/75.59% | Recall: 85.60%/77.49% | F1: 84.51%/75.42% | Time: fit=002s, train=000s, test=000s, total=003s
Epoch  90: Train%/Test% | Accuracy: 83.89%/76.89% | Precision: 83.97%/76.76% | Recall: 84.87%/78.77% | F1: 83.79%/76.45% | Time: fit=002s, train=000s, test=000s, total=003s
Epoch  91: Train%/Test% | Accuracy: 83.89%/76.89% | Precision: 83.97%/76.53% | Recall: 84.87%/78.50% | F1: 83.79%/76.38% | Time: fit=002s, train=000s, test=000s, total=003s
Epoch  92: Train%/Test% | Accuracy: 84.00%/76.42% | Precision: 84.02%/75.95% | Recall: 84.93%/77.86% | F1: 83.90%/75.87% | Time: fit=002s, train=000s, test=000s, total=003s
Epoch  93: Train%/Test% | Accuracy: 83.89%/77.36% | Precision: 83.93%/76.70% | Recall: 84.83%/78.61% | F1: 83.79%/76.76% | Time: fit=002s, train=000s, test=000s, total=003s
Epoch  94: Train%/Test% | Accuracy: 82.82%/74.53% | Precision: 83.05%/74.79% | Recall: 83.91%/76.64% | F1: 82.74%/74.14% | Time: fit=002s, train=000s, test=000s, total=003s
Epoch  95: Train%/Test% | Accuracy: 82.94%/75.00% | Precision: 83.15%/75.39% | Recall: 84.01%/77.28% | F1: 82.86%/74.65% | Time: fit=002s, train=000s, test=000s, total=003s
Epoch  96: Train%/Test% | Accuracy: 82.94%/74.53% | Precision: 83.24%/74.79% | Recall: 84.09%/76.64% | F1: 82.87%/74.14% | Time: fit=002s, train=000s, test=000s, total=003s
Epoch  97: Train%/Test% | Accuracy: 83.41%/75.94% | Precision: 83.49%/75.82% | Recall: 84.38%/77.76% | F1: 83.32%/75.48% | Time: fit=002s, train=000s, test=000s, total=003s
Epoch  98: Train%/Test% | Accuracy: 83.89%/75.94% | Precision: 83.89%/75.82% | Recall: 84.79%/77.76% | F1: 83.78%/75.48% | Time: fit=002s, train=000s, test=000s, total=003s
Epoch  99: Train%/Test% | Accuracy: 82.94%/76.42% | Precision: 83.15%/76.42% | Recall: 84.01%/78.40% | F1: 82.86%/76.00% | Time: fit=002s, train=000s, test=000s, total=003s
Epoch 100: Train%/Test% | Accuracy: 82.82%/77.36% | Precision: 82.92%/77.36% | Recall: 83.79%/79.41% | F1: 82.72%/76.96% | Time: fit=002s, train=000s, test=000s, total=003s
Epoch 101: Train%/Test% | Accuracy: 83.06%/75.94% | Precision: 83.16%/75.82% | Recall: 84.04%/77.76% | F1: 82.96%/75.48% | Time: fit=002s, train=000s, test=000s, total=003s
Epoch 102: Train%/Test% | Accuracy: 84.00%/77.36% | Precision: 84.02%/77.12% | Recall: 84.93%/79.14% | F1: 83.90%/76.90% | Time: fit=002s, train=000s, test=000s, total=003s
Epoch 103: Train%/Test% | Accuracy: 84.12%/76.89% | Precision: 84.05%/76.32% | Recall: 84.95%/78.23% | F1: 84.01%/76.31% | Time: fit=002s, train=000s, test=000s, total=003s
Epoch 104: Train%/Test% | Accuracy: 83.89%/75.47% | Precision: 83.81%/75.23% | Recall: 84.71%/77.11% | F1: 83.77%/74.97% | Time: fit=002s, train=000s, test=000s, total=003s
Epoch 105: Train%/Test% | Accuracy: 84.00%/75.94% | Precision: 83.91%/75.82% | Recall: 84.81%/77.76% | F1: 83.88%/75.48% | Time: fit=002s, train=000s, test=000s, total=003s
Epoch 106: Train%/Test% | Accuracy: 84.00%/76.42% | Precision: 84.06%/75.95% | Recall: 84.97%/77.86% | F1: 83.91%/75.87% | Time: fit=002s, train=000s, test=000s, total=003s
Epoch 107: Train%/Test% | Accuracy: 83.89%/76.89% | Precision: 84.01%/76.53% | Recall: 84.91%/78.50% | F1: 83.80%/76.38% | Time: fit=002s, train=000s, test=000s, total=003s
Epoch 108: Train%/Test% | Accuracy: 84.12%/78.30% | Precision: 84.12%/77.64% | Recall: 85.03%/79.62% | F1: 84.02%/77.73% | Time: fit=002s, train=000s, test=000s, total=003s
Epoch 109: Train%/Test% | Accuracy: 84.36%/75.94% | Precision: 84.44%/75.38% | Recall: 85.35%/77.22% | F1: 84.27%/75.35% | Time: fit=002s, train=000s, test=000s, total=003s
Epoch 110: Train%/Test% | Accuracy: 84.24%/75.00% | Precision: 84.19%/74.43% | Recall: 85.10%/76.21% | F1: 84.13%/74.38% | Time: fit=002s, train=000s, test=000s, total=003s
Epoch 111: Train%/Test% | Accuracy: 84.36%/76.89% | Precision: 84.32%/76.32% | Recall: 85.24%/78.23% | F1: 84.25%/76.31% | Time: fit=002s, train=000s, test=000s, total=003s
Epoch 112: Train%/Test% | Accuracy: 84.48%/76.89% | Precision: 84.50%/76.32% | Recall: 85.42%/78.23% | F1: 84.38%/76.31% | Time: fit=002s, train=000s, test=000s, total=003s
Epoch 113: Train%/Test% | Accuracy: 84.83%/76.89% | Precision: 84.80%/76.32% | Recall: 85.72%/78.23% | F1: 84.73%/76.31% | Time: fit=002s, train=000s, test=000s, total=003s
Epoch 114: Train%/Test% | Accuracy: 84.60%/77.36% | Precision: 84.64%/76.90% | Recall: 85.56%/78.87% | F1: 84.50%/76.83% | Time: fit=002s, train=000s, test=000s, total=003s
Epoch 115: Train%/Test% | Accuracy: 84.36%/75.47% | Precision: 84.44%/75.47% | Recall: 85.35%/77.38% | F1: 84.27%/75.04% | Time: fit=002s, train=000s, test=000s, total=003s
Epoch 116: Train%/Test% | Accuracy: 84.24%/76.89% | Precision: 84.30%/76.76% | Recall: 85.21%/78.77% | F1: 84.15%/76.45% | Time: fit=002s, train=000s, test=000s, total=003s
Epoch 117: Train%/Test% | Accuracy: 84.00%/76.42% | Precision: 84.19%/76.42% | Recall: 85.09%/78.40% | F1: 83.93%/76.00% | Time: fit=002s, train=000s, test=000s, total=003s
Epoch 118: Train%/Test% | Accuracy: 84.36%/76.42% | Precision: 84.40%/76.18% | Recall: 85.32%/78.13% | F1: 84.26%/75.93% | Time: fit=002s, train=000s, test=000s, total=003s
Epoch 119: Train%/Test% | Accuracy: 84.00%/77.83% | Precision: 84.10%/77.27% | Recall: 85.01%/79.25% | F1: 83.92%/77.28% | Time: fit=002s, train=000s, test=000s, total=003s
Epoch 120: Train%/Test% | Accuracy: 83.77%/76.42% | Precision: 83.96%/76.42% | Recall: 84.84%/78.40% | F1: 83.69%/76.00% | Time: fit=002s, train=000s, test=000s, total=003s
Epoch 121: Train%/Test% | Accuracy: 82.94%/74.06% | Precision: 83.10%/74.73% | Recall: 83.97%/76.53% | F1: 82.85%/73.75% | Time: fit=002s, train=000s, test=000s, total=003s
Epoch 122: Train%/Test% | Accuracy: 83.06%/74.53% | Precision: 83.24%/75.06% | Recall: 84.11%/76.90% | F1: 82.97%/74.20% | Time: fit=002s, train=000s, test=000s, total=003s
Epoch 123: Train%/Test% | Accuracy: 84.12%/77.36% | Precision: 84.20%/77.36% | Recall: 85.11%/79.41% | F1: 84.03%/76.96% | Time: fit=002s, train=000s, test=000s, total=003s
Epoch 124: Train%/Test% | Accuracy: 83.18%/74.53% | Precision: 83.43%/74.79% | Recall: 84.29%/76.64% | F1: 83.10%/74.14% | Time: fit=002s, train=000s, test=000s, total=003s
Epoch 125: Train%/Test% | Accuracy: 83.77%/76.89% | Precision: 83.79%/76.76% | Recall: 84.69%/78.77% | F1: 83.66%/76.45% | Time: fit=002s, train=000s, test=000s, total=003s
Epoch 126: Train%/Test% | Accuracy: 84.00%/77.36% | Precision: 84.19%/77.12% | Recall: 85.09%/79.14% | F1: 83.93%/76.90% | Time: fit=002s, train=000s, test=000s, total=003s
Epoch 127: Train%/Test% | Accuracy: 83.89%/77.36% | Precision: 84.05%/77.12% | Recall: 84.95%/79.14% | F1: 83.80%/76.90% | Time: fit=002s, train=000s, test=000s, total=003s
Epoch 128: Train%/Test% | Accuracy: 83.53%/76.42% | Precision: 83.63%/76.18% | Recall: 84.52%/78.13% | F1: 83.44%/75.93% | Time: fit=002s, train=000s, test=000s, total=003s
Epoch 129: Train%/Test% | Accuracy: 83.18%/76.42% | Precision: 83.53%/76.42% | Recall: 84.37%/78.40% | F1: 83.11%/76.00% | Time: fit=002s, train=000s, test=000s, total=003s
Epoch 130: Train%/Test% | Accuracy: 83.77%/75.94% | Precision: 83.96%/75.59% | Recall: 84.84%/77.49% | F1: 83.69%/75.42% | Time: fit=002s, train=000s, test=000s, total=003s
Epoch 131: Train%/Test% | Accuracy: 84.24%/76.89% | Precision: 84.30%/76.53% | Recall: 85.21%/78.50% | F1: 84.15%/76.38% | Time: fit=002s, train=000s, test=000s, total=003s
Epoch 132: Train%/Test% | Accuracy: 83.89%/77.36% | Precision: 84.05%/77.12% | Recall: 84.95%/79.14% | F1: 83.80%/76.90% | Time: fit=002s, train=000s, test=000s, total=003s
Epoch 133: Train%/Test% | Accuracy: 84.00%/76.42% | Precision: 84.19%/76.18% | Recall: 85.09%/78.13% | F1: 83.93%/75.93% | Time: fit=002s, train=000s, test=000s, total=003s
Epoch 134: Train%/Test% | Accuracy: 84.12%/76.89% | Precision: 84.12%/76.32% | Recall: 85.03%/78.23% | F1: 84.02%/76.31% | Time: fit=002s, train=000s, test=000s, total=003s
Epoch 135: Train%/Test% | Accuracy: 84.48%/78.30% | Precision: 84.62%/77.84% | Recall: 85.53%/79.89% | F1: 84.40%/77.80% | Time: fit=002s, train=000s, test=000s, total=003s
Epoch 136: Train%/Test% | Accuracy: 83.89%/77.83% | Precision: 84.05%/77.71% | Recall: 84.95%/79.78% | F1: 83.80%/77.41% | Time: fit=002s, train=000s, test=000s, total=003s
Epoch 137: Train%/Test% | Accuracy: 84.60%/77.83% | Precision: 84.60%/77.48% | Recall: 85.52%/79.52% | F1: 84.50%/77.35% | Time: fit=002s, train=000s, test=000s, total=003s
Epoch 138: Train%/Test% | Accuracy: 84.72%/76.89% | Precision: 84.73%/76.53% | Recall: 85.66%/78.50% | F1: 84.62%/76.38% | Time: fit=002s, train=000s, test=000s, total=003s
Epoch 139: Train%/Test% | Accuracy: 84.72%/76.42% | Precision: 84.73%/75.95% | Recall: 85.66%/77.86% | F1: 84.62%/75.87% | Time: fit=002s, train=000s, test=000s, total=003s
Epoch 140: Train%/Test% | Accuracy: 84.36%/77.83% | Precision: 84.44%/77.08% | Recall: 85.35%/78.98% | F1: 84.27%/77.21% | Time: fit=002s, train=000s, test=000s, total=003s
Epoch 141: Train%/Test% | Accuracy: 85.19%/77.83% | Precision: 85.13%/77.08% | Recall: 86.07%/78.98% | F1: 85.08%/77.21% | Time: fit=002s, train=000s, test=000s, total=003s
Epoch 142: Train%/Test% | Accuracy: 85.43%/77.36% | Precision: 85.34%/76.70% | Recall: 86.27%/78.61% | F1: 85.32%/76.76% | Time: fit=002s, train=000s, test=000s, total=003s
Epoch 143: Train%/Test% | Accuracy: 84.95%/77.36% | Precision: 85.01%/76.90% | Recall: 85.94%/78.87% | F1: 84.86%/76.83% | Time: fit=002s, train=000s, test=000s, total=003s
Epoch 144: Train%/Test% | Accuracy: 84.60%/76.89% | Precision: 84.68%/76.53% | Recall: 85.60%/78.50% | F1: 84.51%/76.38% | Time: fit=002s, train=000s, test=000s, total=003s
Epoch 145: Train%/Test% | Accuracy: 84.36%/76.89% | Precision: 84.40%/76.53% | Recall: 85.32%/78.50% | F1: 84.26%/76.38% | Time: fit=002s, train=000s, test=000s, total=003s
Epoch 146: Train%/Test% | Accuracy: 84.48%/77.83% | Precision: 84.62%/77.27% | Recall: 85.53%/79.25% | F1: 84.40%/77.28% | Time: fit=002s, train=000s, test=000s, total=003s
Epoch 147: Train%/Test% | Accuracy: 84.00%/77.83% | Precision: 84.15%/77.48% | Recall: 85.05%/79.52% | F1: 83.92%/77.35% | Time: fit=002s, train=000s, test=000s, total=003s
Epoch 148: Train%/Test% | Accuracy: 84.00%/76.89% | Precision: 84.10%/76.32% | Recall: 85.01%/78.23% | F1: 83.92%/76.31% | Time: fit=002s, train=000s, test=000s, total=003s
Epoch 149: Train%/Test% | Accuracy: 84.48%/76.42% | Precision: 84.54%/75.95% | Recall: 85.46%/77.86% | F1: 84.39%/75.87% | Time: fit=002s, train=000s, test=000s, total=003s
Epoch 150: Train%/Test% | Accuracy: 84.36%/76.42% | Precision: 84.40%/76.18% | Recall: 85.32%/78.13% | F1: 84.26%/75.93% | Time: fit=002s, train=000s, test=000s, total=003s
