[*] Load dataset...
[*] Fix malformed data...
[*] Split...
[*] Encoding...
[*] -> text...
[*] Encoding complete!
==============================
Using GPU for training
Dataset: FakeNewsNet
TMU params: num-clauses=5000, T=100, s=10.0
Epochs: 100
Feature(s): text
max-vocab=3000, max-domain=500, max-tweet=500
====================
Train size: 18556
Train classes: 2
Test size: 4640
Test classes: 2
Total features: 3000
==============================
[*] Training for 100 epochs...
Epoch   1: Train%/Test% | Accuracy: 65.39%/64.53% | Precision: 63.08%/62.24% | Recall: 67.36%/66.29% | F1: 61.97%/61.02% | Time: fit=036s, train=014s, test=004s, total=054s
Epoch   2: Train%/Test% | Accuracy: 69.66%/69.22% | Precision: 64.42%/63.97% | Recall: 68.18%/67.68% | F1: 64.77%/64.27% | Time: fit=031s, train=014s, test=003s, total=048s
Epoch   3: Train%/Test% | Accuracy: 69.72%/68.81% | Precision: 64.93%/64.21% | Recall: 69.05%/68.26% | F1: 65.19%/64.29% | Time: fit=032s, train=014s, test=003s, total=049s
Epoch   4: Train%/Test% | Accuracy: 69.58%/68.73% | Precision: 65.45%/64.72% | Recall: 69.99%/69.14% | F1: 65.49%/64.61% | Time: fit=032s, train=013s, test=003s, total=049s
Epoch   5: Train%/Test% | Accuracy: 70.40%/69.70% | Precision: 65.64%/65.24% | Recall: 69.95%/69.64% | F1: 65.96%/65.38% | Time: fit=032s, train=013s, test=003s, total=048s
Epoch   6: Train%/Test% | Accuracy: 71.28%/70.34% | Precision: 66.16%/65.43% | Recall: 70.39%/69.66% | F1: 66.67%/65.77% | Time: fit=031s, train=013s, test=003s, total=047s
Epoch   7: Train%/Test% | Accuracy: 69.16%/68.23% | Precision: 65.92%/65.18% | Recall: 70.89%/70.04% | F1: 65.58%/64.66% | Time: fit=031s, train=011s, test=002s, total=044s
Epoch   8: Train%/Test% | Accuracy: 69.78%/68.30% | Precision: 66.39%/65.15% | Recall: 71.47%/69.96% | F1: 66.18%/64.67% | Time: fit=030s, train=007s, test=002s, total=039s
Epoch   9: Train%/Test% | Accuracy: 70.78%/69.87% | Precision: 66.92%/66.40% | Recall: 71.97%/71.50% | F1: 67.00%/66.22% | Time: fit=031s, train=007s, test=002s, total=039s
Epoch  10: Train%/Test% | Accuracy: 71.23%/70.19% | Precision: 67.15%/66.46% | Recall: 72.18%/71.49% | F1: 67.36%/66.41% | Time: fit=031s, train=007s, test=002s, total=039s
Epoch  11: Train%/Test% | Accuracy: 72.54%/71.55% | Precision: 67.48%/66.91% | Recall: 72.04%/71.66% | F1: 68.11%/67.32% | Time: fit=030s, train=006s, test=002s, total=038s
Epoch  12: Train%/Test% | Accuracy: 72.31%/71.66% | Precision: 67.24%/66.80% | Recall: 71.75%/71.41% | F1: 67.85%/67.28% | Time: fit=030s, train=007s, test=002s, total=038s
Epoch  13: Train%/Test% | Accuracy: 72.25%/71.79% | Precision: 67.19%/66.72% | Recall: 71.71%/71.17% | F1: 67.80%/67.26% | Time: fit=030s, train=006s, test=002s, total=038s
Epoch  14: Train%/Test% | Accuracy: 72.28%/71.40% | Precision: 67.31%/66.52% | Recall: 71.89%/71.03% | F1: 67.89%/66.97% | Time: fit=030s, train=007s, test=002s, total=038s
Epoch  15: Train%/Test% | Accuracy: 73.46%/73.04% | Precision: 68.01%/67.62% | Recall: 72.39%/72.03% | F1: 68.83%/68.38% | Time: fit=030s, train=006s, test=002s, total=038s
Epoch  16: Train%/Test% | Accuracy: 73.93%/74.03% | Precision: 68.17%/68.39% | Recall: 72.31%/72.75% | F1: 69.07%/69.29% | Time: fit=030s, train=006s, test=002s, total=038s
Epoch  17: Train%/Test% | Accuracy: 74.12%/74.29% | Precision: 68.22%/68.42% | Recall: 72.22%/72.57% | F1: 69.15%/69.37% | Time: fit=030s, train=006s, test=002s, total=038s
Epoch  18: Train%/Test% | Accuracy: 74.25%/74.22% | Precision: 68.31%/68.33% | Recall: 72.29%/72.44% | F1: 69.26%/69.28% | Time: fit=030s, train=007s, test=002s, total=038s
Epoch  19: Train%/Test% | Accuracy: 73.90%/73.97% | Precision: 68.21%/68.38% | Recall: 72.42%/72.79% | F1: 69.10%/69.27% | Time: fit=031s, train=006s, test=002s, total=038s
Epoch  20: Train%/Test% | Accuracy: 72.67%/72.37% | Precision: 68.03%/67.66% | Recall: 73.00%/72.55% | F1: 68.57%/68.18% | Time: fit=030s, train=006s, test=002s, total=038s
Epoch  21: Train%/Test% | Accuracy: 72.76%/72.44% | Precision: 67.95%/67.70% | Recall: 72.79%/72.59% | F1: 68.55%/68.24% | Time: fit=030s, train=006s, test=002s, total=038s
Epoch  22: Train%/Test% | Accuracy: 73.04%/72.52% | Precision: 67.95%/67.63% | Recall: 72.60%/72.42% | F1: 68.65%/68.22% | Time: fit=030s, train=006s, test=002s, total=039s
Epoch  23: Train%/Test% | Accuracy: 72.24%/71.77% | Precision: 67.82%/67.54% | Recall: 72.86%/72.68% | F1: 68.25%/67.85% | Time: fit=030s, train=006s, test=002s, total=038s
Epoch  24: Train%/Test% | Accuracy: 72.11%/71.23% | Precision: 68.01%/67.36% | Recall: 73.27%/72.61% | F1: 68.32%/67.48% | Time: fit=031s, train=006s, test=002s, total=038s
Epoch  25: Train%/Test% | Accuracy: 72.35%/71.72% | Precision: 68.09%/67.45% | Recall: 73.29%/72.53% | F1: 68.48%/67.77% | Time: fit=030s, train=006s, test=002s, total=038s
Epoch  26: Train%/Test% | Accuracy: 72.18%/71.10% | Precision: 68.04%/67.21% | Recall: 73.29%/72.41% | F1: 68.37%/67.32% | Time: fit=030s, train=007s, test=002s, total=039s
Epoch  27: Train%/Test% | Accuracy: 72.68%/72.80% | Precision: 68.05%/68.13% | Recall: 73.02%/73.16% | F1: 68.59%/68.69% | Time: fit=030s, train=006s, test=002s, total=038s
Epoch  28: Train%/Test% | Accuracy: 72.70%/72.74% | Precision: 68.20%/68.14% | Recall: 73.29%/73.23% | F1: 68.71%/68.67% | Time: fit=030s, train=006s, test=002s, total=038s
Epoch  29: Train%/Test% | Accuracy: 72.70%/71.72% | Precision: 68.50%/67.55% | Recall: 73.84%/72.71% | F1: 68.91%/67.83% | Time: fit=030s, train=006s, test=002s, total=038s
Epoch  30: Train%/Test% | Accuracy: 72.51%/71.94% | Precision: 68.36%/67.87% | Recall: 73.68%/73.17% | F1: 68.73%/68.14% | Time: fit=030s, train=006s, test=002s, total=038s
Epoch  31: Train%/Test% | Accuracy: 74.28%/73.51% | Precision: 68.95%/68.19% | Recall: 73.60%/72.78% | F1: 69.83%/68.98% | Time: fit=030s, train=006s, test=002s, total=038s
Epoch  32: Train%/Test% | Accuracy: 74.33%/73.99% | Precision: 68.76%/68.61% | Recall: 73.16%/73.25% | F1: 69.68%/69.47% | Time: fit=030s, train=006s, test=002s, total=038s
Epoch  33: Train%/Test% | Accuracy: 74.35%/73.25% | Precision: 68.80%/67.90% | Recall: 73.23%/72.41% | F1: 69.73%/68.67% | Time: fit=030s, train=006s, test=002s, total=038s
Epoch  34: Train%/Test% | Accuracy: 74.78%/73.81% | Precision: 69.04%/68.31% | Recall: 73.32%/72.78% | F1: 70.03%/69.17% | Time: fit=030s, train=007s, test=002s, total=039s
Epoch  35: Train%/Test% | Accuracy: 74.93%/74.09% | Precision: 69.09%/68.54% | Recall: 73.27%/73.00% | F1: 70.10%/69.43% | Time: fit=030s, train=007s, test=002s, total=038s
Epoch  36: Train%/Test% | Accuracy: 74.82%/74.14% | Precision: 69.10%/68.51% | Recall: 73.40%/72.91% | F1: 70.09%/69.42% | Time: fit=030s, train=006s, test=002s, total=038s
Epoch  37: Train%/Test% | Accuracy: 74.49%/73.32% | Precision: 68.84%/67.90% | Recall: 73.18%/72.36% | F1: 69.79%/68.69% | Time: fit=030s, train=006s, test=002s, total=038s
Epoch  38: Train%/Test% | Accuracy: 73.20%/72.65% | Precision: 68.39%/67.90% | Recall: 73.33%/72.83% | F1: 69.04%/68.46% | Time: fit=030s, train=007s, test=002s, total=038s
Epoch  39: Train%/Test% | Accuracy: 73.39%/72.59% | Precision: 68.56%/67.76% | Recall: 73.53%/72.61% | F1: 69.24%/68.34% | Time: fit=031s, train=006s, test=002s, total=039s
Epoch  40: Train%/Test% | Accuracy: 73.80%/73.10% | Precision: 68.60%/67.95% | Recall: 73.30%/72.63% | F1: 69.41%/68.67% | Time: fit=030s, train=006s, test=002s, total=038s
Epoch  41: Train%/Test% | Accuracy: 72.26%/71.57% | Precision: 68.39%/67.79% | Recall: 73.86%/73.19% | F1: 68.63%/67.91% | Time: fit=030s, train=006s, test=002s, total=038s
Epoch  42: Train%/Test% | Accuracy: 72.89%/72.67% | Precision: 68.52%/68.42% | Recall: 73.78%/73.78% | F1: 69.01%/68.84% | Time: fit=030s, train=006s, test=002s, total=038s
Epoch  43: Train%/Test% | Accuracy: 72.83%/72.63% | Precision: 68.52%/68.36% | Recall: 73.80%/73.69% | F1: 68.98%/68.78% | Time: fit=030s, train=006s, test=002s, total=038s
Epoch  44: Train%/Test% | Accuracy: 72.95%/72.63% | Precision: 68.61%/68.39% | Recall: 73.90%/73.75% | F1: 69.09%/68.80% | Time: fit=030s, train=006s, test=002s, total=038s
Epoch  45: Train%/Test% | Accuracy: 72.97%/72.63% | Precision: 68.60%/68.39% | Recall: 73.88%/73.75% | F1: 69.10%/68.80% | Time: fit=030s, train=006s, test=002s, total=038s
Epoch  46: Train%/Test% | Accuracy: 73.86%/73.21% | Precision: 68.81%/68.32% | Recall: 73.67%/73.26% | F1: 69.59%/68.98% | Time: fit=030s, train=007s, test=002s, total=038s
Epoch  47: Train%/Test% | Accuracy: 72.94%/72.44% | Precision: 68.57%/68.30% | Recall: 73.84%/73.68% | F1: 69.06%/68.65% | Time: fit=030s, train=006s, test=002s, total=038s
Epoch  48: Train%/Test% | Accuracy: 72.93%/72.35% | Precision: 68.63%/68.22% | Recall: 73.95%/73.59% | F1: 69.10%/68.56% | Time: fit=030s, train=006s, test=002s, total=038s
Epoch  49: Train%/Test% | Accuracy: 73.19%/72.59% | Precision: 68.65%/68.20% | Recall: 73.83%/73.43% | F1: 69.22%/68.65% | Time: fit=030s, train=007s, test=002s, total=038s
Epoch  50: Train%/Test% | Accuracy: 72.91%/71.92% | Precision: 68.67%/67.92% | Recall: 74.04%/73.27% | F1: 69.12%/68.17% | Time: fit=030s, train=007s, test=002s, total=038s
Epoch  51: Train%/Test% | Accuracy: 72.92%/72.18% | Precision: 68.63%/68.11% | Recall: 73.95%/73.48% | F1: 69.09%/68.41% | Time: fit=030s, train=006s, test=002s, total=038s
Epoch  52: Train%/Test% | Accuracy: 73.05%/72.69% | Precision: 68.71%/68.56% | Recall: 74.02%/74.02% | F1: 69.21%/68.94% | Time: fit=030s, train=006s, test=002s, total=038s
Epoch  53: Train%/Test% | Accuracy: 73.31%/72.46% | Precision: 68.76%/68.18% | Recall: 73.96%/73.46% | F1: 69.35%/68.58% | Time: fit=030s, train=006s, test=002s, total=038s
Epoch  54: Train%/Test% | Accuracy: 73.02%/72.03% | Precision: 68.77%/68.09% | Recall: 74.16%/73.52% | F1: 69.23%/68.33% | Time: fit=030s, train=006s, test=002s, total=038s
Epoch  55: Train%/Test% | Accuracy: 72.83%/71.90% | Precision: 68.67%/68.05% | Recall: 74.08%/73.49% | F1: 69.08%/68.23% | Time: fit=031s, train=006s, test=002s, total=039s
Epoch  56: Train%/Test% | Accuracy: 73.28%/72.26% | Precision: 68.79%/68.13% | Recall: 74.04%/73.47% | F1: 69.36%/68.46% | Time: fit=030s, train=006s, test=002s, total=038s
Epoch  57: Train%/Test% | Accuracy: 73.24%/72.31% | Precision: 68.74%/68.18% | Recall: 73.96%/73.53% | F1: 69.31%/68.51% | Time: fit=030s, train=006s, test=002s, total=038s
Epoch  58: Train%/Test% | Accuracy: 71.01%/69.98% | Precision: 67.94%/67.23% | Recall: 73.59%/72.80% | F1: 67.72%/66.74% | Time: fit=030s, train=006s, test=002s, total=038s
Epoch  59: Train%/Test% | Accuracy: 71.27%/70.34% | Precision: 67.99%/67.35% | Recall: 73.60%/72.90% | F1: 67.89%/67.02% | Time: fit=030s, train=006s, test=002s, total=038s
Epoch  60: Train%/Test% | Accuracy: 71.08%/70.04% | Precision: 67.96%/67.04% | Recall: 73.61%/72.50% | F1: 67.77%/66.68% | Time: fit=030s, train=006s, test=002s, total=038s
Epoch  61: Train%/Test% | Accuracy: 73.31%/72.20% | Precision: 68.76%/67.88% | Recall: 73.97%/73.05% | F1: 69.36%/68.26% | Time: fit=030s, train=006s, test=002s, total=038s
Epoch  62: Train%/Test% | Accuracy: 72.47%/71.85% | Precision: 68.43%/67.77% | Recall: 73.84%/73.03% | F1: 68.76%/68.03% | Time: fit=029s, train=006s, test=002s, total=037s
Epoch  63: Train%/Test% | Accuracy: 72.55%/72.05% | Precision: 68.46%/68.06% | Recall: 73.84%/73.45% | F1: 68.82%/68.31% | Time: fit=029s, train=007s, test=002s, total=038s
Epoch  64: Train%/Test% | Accuracy: 73.18%/72.59% | Precision: 68.77%/68.39% | Recall: 74.07%/73.78% | F1: 69.31%/68.78% | Time: fit=030s, train=006s, test=002s, total=038s
Epoch  65: Train%/Test% | Accuracy: 71.18%/69.89% | Precision: 67.93%/66.83% | Recall: 73.53%/72.19% | F1: 67.81%/66.48% | Time: fit=030s, train=006s, test=002s, total=038s
Epoch  66: Train%/Test% | Accuracy: 71.15%/70.11% | Precision: 67.90%/67.05% | Recall: 73.49%/72.48% | F1: 67.78%/66.72% | Time: fit=030s, train=006s, test=002s, total=038s
Epoch  67: Train%/Test% | Accuracy: 71.00%/70.13% | Precision: 67.84%/67.28% | Recall: 73.44%/72.85% | F1: 67.66%/66.86% | Time: fit=030s, train=006s, test=002s, total=038s
Epoch  68: Train%/Test% | Accuracy: 71.35%/70.65% | Precision: 67.96%/67.33% | Recall: 73.51%/72.78% | F1: 67.92%/67.17% | Time: fit=030s, train=006s, test=002s, total=038s
Epoch  69: Train%/Test% | Accuracy: 71.25%/70.69% | Precision: 67.96%/67.43% | Recall: 73.54%/72.93% | F1: 67.86%/67.25% | Time: fit=030s, train=006s, test=002s, total=038s
Epoch  70: Train%/Test% | Accuracy: 72.48%/71.88% | Precision: 68.37%/67.98% | Recall: 73.72%/73.39% | F1: 68.73%/68.18% | Time: fit=030s, train=006s, test=002s, total=038s
Epoch  71: Train%/Test% | Accuracy: 72.10%/71.53% | Precision: 68.25%/67.80% | Recall: 73.69%/73.22% | F1: 68.46%/67.90% | Time: fit=030s, train=007s, test=002s, total=038s
Epoch  72: Train%/Test% | Accuracy: 72.80%/71.85% | Precision: 68.62%/67.80% | Recall: 74.00%/73.08% | F1: 69.04%/68.05% | Time: fit=030s, train=006s, test=002s, total=038s
Epoch  73: Train%/Test% | Accuracy: 72.50%/71.42% | Precision: 68.41%/67.59% | Recall: 73.78%/72.92% | F1: 68.76%/67.72% | Time: fit=030s, train=006s, test=002s, total=038s
Epoch  74: Train%/Test% | Accuracy: 72.39%/71.57% | Precision: 68.34%/67.81% | Recall: 73.72%/73.22% | F1: 68.67%/67.92% | Time: fit=030s, train=006s, test=002s, total=038s
Epoch  75: Train%/Test% | Accuracy: 72.08%/71.03% | Precision: 68.28%/67.54% | Recall: 73.75%/72.98% | F1: 68.48%/67.49% | Time: fit=030s, train=006s, test=002s, total=038s
Epoch  76: Train%/Test% | Accuracy: 72.97%/72.13% | Precision: 68.85%/68.35% | Recall: 74.32%/73.91% | F1: 69.26%/68.54% | Time: fit=029s, train=007s, test=002s, total=037s
Epoch  77: Train%/Test% | Accuracy: 73.21%/72.59% | Precision: 68.92%/68.53% | Recall: 74.33%/74.01% | F1: 69.42%/68.87% | Time: fit=030s, train=006s, test=002s, total=038s
Epoch  78: Train%/Test% | Accuracy: 73.16%/72.24% | Precision: 68.87%/68.28% | Recall: 74.26%/73.75% | F1: 69.36%/68.55% | Time: fit=030s, train=006s, test=002s, total=038s
Epoch  79: Train%/Test% | Accuracy: 72.74%/71.64% | Precision: 68.86%/68.05% | Recall: 74.46%/73.61% | F1: 69.16%/68.11% | Time: fit=030s, train=006s, test=002s, total=038s
Epoch  80: Train%/Test% | Accuracy: 72.50%/71.38% | Precision: 68.74%/67.87% | Recall: 74.37%/73.41% | F1: 68.97%/67.87% | Time: fit=030s, train=006s, test=002s, total=038s
Epoch  81: Train%/Test% | Accuracy: 72.46%/71.83% | Precision: 68.55%/68.26% | Recall: 74.05%/73.89% | F1: 68.83%/68.33% | Time: fit=030s, train=006s, test=002s, total=038s
Epoch  82: Train%/Test% | Accuracy: 72.08%/71.34% | Precision: 68.50%/67.92% | Recall: 74.13%/73.50% | F1: 68.61%/67.87% | Time: fit=030s, train=006s, test=002s, total=037s
Epoch  83: Train%/Test% | Accuracy: 72.29%/71.77% | Precision: 68.45%/68.06% | Recall: 73.96%/73.58% | F1: 68.69%/68.18% | Time: fit=030s, train=006s, test=002s, total=038s
Epoch  84: Train%/Test% | Accuracy: 72.16%/71.85% | Precision: 68.38%/68.19% | Recall: 73.89%/73.76% | F1: 68.58%/68.30% | Time: fit=030s, train=006s, test=002s, total=038s
Epoch  85: Train%/Test% | Accuracy: 72.45%/71.98% | Precision: 68.56%/68.15% | Recall: 74.08%/73.64% | F1: 68.83%/68.34% | Time: fit=030s, train=006s, test=002s, total=038s
Epoch  86: Train%/Test% | Accuracy: 71.90%/71.72% | Precision: 68.43%/68.17% | Recall: 74.09%/73.79% | F1: 68.48%/68.22% | Time: fit=030s, train=006s, test=002s, total=038s
Epoch  87: Train%/Test% | Accuracy: 72.29%/71.75% | Precision: 68.62%/68.12% | Recall: 74.25%/73.69% | F1: 68.79%/68.20% | Time: fit=030s, train=007s, test=002s, total=038s
Epoch  88: Train%/Test% | Accuracy: 72.08%/71.70% | Precision: 68.46%/68.21% | Recall: 74.06%/73.86% | F1: 68.59%/68.24% | Time: fit=030s, train=006s, test=002s, total=038s
Epoch  89: Train%/Test% | Accuracy: 72.21%/71.47% | Precision: 68.42%/67.94% | Recall: 73.95%/73.50% | F1: 68.63%/67.95% | Time: fit=030s, train=007s, test=002s, total=038s
Epoch  90: Train%/Test% | Accuracy: 70.31%/69.53% | Precision: 67.79%/67.13% | Recall: 73.55%/72.77% | F1: 67.24%/66.44% | Time: fit=030s, train=006s, test=002s, total=038s
Epoch  91: Train%/Test% | Accuracy: 70.83%/70.26% | Precision: 68.09%/67.58% | Recall: 73.90%/73.28% | F1: 67.70%/67.09% | Time: fit=030s, train=006s, test=002s, total=038s
Epoch  92: Train%/Test% | Accuracy: 70.63%/69.57% | Precision: 68.04%/67.08% | Recall: 73.86%/72.68% | F1: 67.56%/66.43% | Time: fit=030s, train=006s, test=002s, total=038s
Epoch  93: Train%/Test% | Accuracy: 69.91%/69.27% | Precision: 67.75%/67.22% | Recall: 73.57%/72.95% | F1: 66.99%/66.32% | Time: fit=030s, train=006s, test=002s, total=038s
Epoch  94: Train%/Test% | Accuracy: 69.70%/68.92% | Precision: 67.77%/67.07% | Recall: 73.65%/72.77% | F1: 66.87%/66.04% | Time: fit=030s, train=006s, test=002s, total=038s
Epoch  95: Train%/Test% | Accuracy: 69.85%/68.94% | Precision: 67.80%/66.90% | Recall: 73.67%/72.53% | F1: 66.98%/65.97% | Time: fit=030s, train=006s, test=002s, total=038s
Epoch  96: Train%/Test% | Accuracy: 69.69%/68.60% | Precision: 67.71%/66.79% | Recall: 73.56%/72.41% | F1: 66.83%/65.71% | Time: fit=030s, train=006s, test=002s, total=038s
Epoch  97: Train%/Test% | Accuracy: 70.08%/68.69% | Precision: 67.86%/66.76% | Recall: 73.72%/72.35% | F1: 67.14%/65.75% | Time: fit=030s, train=006s, test=002s, total=037s
Epoch  98: Train%/Test% | Accuracy: 70.17%/68.75% | Precision: 67.94%/66.83% | Recall: 73.81%/72.46% | F1: 67.23%/65.82% | Time: fit=030s, train=006s, test=002s, total=037s
Epoch  99: Train%/Test% | Accuracy: 70.62%/70.00% | Precision: 67.94%/67.37% | Recall: 73.71%/73.02% | F1: 67.50%/66.83% | Time: fit=030s, train=006s, test=002s, total=037s
Epoch 100: Train%/Test% | Accuracy: 72.53%/71.92% | Precision: 68.82%/68.37% | Recall: 74.49%/74.03% | F1: 69.03%/68.44% | Time: fit=030s, train=006s, test=002s, total=038s
