[nltk_data] Downloading package wordnet to /home/bjorvl16/nltk_data...
[nltk_data]   Package wordnet is already up-to-date!
[nltk_data] Downloading package stopwords to
[nltk_data]     /home/bjorvl16/nltk_data...
[nltk_data]   Package stopwords is already up-to-date!
[*] Load dataset...
[*] Fix malformed data...
[*] Split...
[*] Encoding...
[*] Encoding feature: text... 4922
==============================
Using GPU for training
Dataset: fake-news-datasets-deception-Celebrity
TMU params: num-clauses=5000, T=200, s=15.0
Epochs: 150
Feature(s): text
max-vocab=15000, max-domain=500, max-tweet=500
====================
Train size: 400
Train classes: 2
Test size: 100
Test classes: 2
Total features: 4922
==============================
[*] Training for 150 epochs...
Epoch   1: Train%/Test% | Accuracy: 48.75%/54.00% | Precision: 44.43%/52.04% | Recall: 49.72%/50.16% | F1: 33.61%/36.95% | Time: fit=007s, train=001s, test=000s, total=009s
Epoch   2: Train%/Test% | Accuracy: 48.75%/52.00% | Precision: 46.65%/39.06% | Recall: 49.70%/48.31% | F1: 34.42%/36.00% | Time: fit=005s, train=001s, test=000s, total=007s
Epoch   3: Train%/Test% | Accuracy: 70.25%/68.00% | Precision: 71.49%/68.44% | Recall: 69.99%/68.44% | F1: 69.63%/68.00% | Time: fit=005s, train=001s, test=000s, total=007s
Epoch   4: Train%/Test% | Accuracy: 61.75%/60.00% | Precision: 76.30%/72.55% | Recall: 62.48%/56.68% | F1: 56.32%/49.26% | Time: fit=005s, train=001s, test=000s, total=007s
Epoch   5: Train%/Test% | Accuracy: 79.50%/59.00% | Precision: 81.05%/59.27% | Recall: 79.27%/59.30% | F1: 79.15%/59.00% | Time: fit=005s, train=001s, test=000s, total=007s
Epoch   6: Train%/Test% | Accuracy: 80.25%/61.00% | Precision: 83.69%/63.84% | Recall: 80.57%/58.57% | F1: 79.84%/55.56% | Time: fit=005s, train=001s, test=000s, total=007s
Epoch   7: Train%/Test% | Accuracy: 60.25%/57.00% | Precision: 77.61%/77.84% | Recall: 61.03%/53.26% | F1: 53.64%/41.88% | Time: fit=005s, train=001s, test=000s, total=007s
Epoch   8: Train%/Test% | Accuracy: 82.00%/70.00% | Precision: 86.01%/71.90% | Recall: 82.33%/68.52% | F1: 81.59%/68.17% | Time: fit=005s, train=001s, test=000s, total=007s
Epoch   9: Train%/Test% | Accuracy: 71.25%/61.00% | Precision: 81.51%/67.77% | Recall: 71.81%/58.09% | F1: 69.03%/53.12% | Time: fit=005s, train=001s, test=000s, total=007s
Epoch  10: Train%/Test% | Accuracy: 63.75%/60.00% | Precision: 78.74%/68.89% | Recall: 64.46%/56.84% | F1: 58.93%/50.40% | Time: fit=005s, train=001s, test=000s, total=007s
Epoch  11: Train%/Test% | Accuracy: 79.25%/62.00% | Precision: 85.13%/64.22% | Recall: 79.66%/59.82% | F1: 78.49%/57.66% | Time: fit=005s, train=001s, test=000s, total=007s
Epoch  12: Train%/Test% | Accuracy: 86.25%/70.00% | Precision: 88.83%/70.86% | Recall: 86.51%/68.84% | F1: 86.07%/68.75% | Time: fit=005s, train=001s, test=000s, total=007s
Epoch  13: Train%/Test% | Accuracy: 90.75%/75.00% | Precision: 90.93%/75.35% | Recall: 90.82%/74.28% | F1: 90.75%/74.42% | Time: fit=005s, train=001s, test=000s, total=007s
Epoch  14: Train%/Test% | Accuracy: 90.25%/71.00% | Precision: 90.32%/70.81% | Recall: 90.21%/70.73% | F1: 90.24%/70.76% | Time: fit=005s, train=001s, test=000s, total=007s
Epoch  15: Train%/Test% | Accuracy: 89.50%/72.00% | Precision: 89.70%/72.33% | Recall: 89.58%/71.18% | F1: 89.50%/71.26% | Time: fit=005s, train=001s, test=000s, total=006s
Epoch  16: Train%/Test% | Accuracy: 91.00%/71.00% | Precision: 91.11%/71.14% | Recall: 91.06%/70.25% | F1: 91.00%/70.33% | Time: fit=005s, train=001s, test=000s, total=006s
Epoch  17: Train%/Test% | Accuracy: 89.50%/72.00% | Precision: 89.57%/71.92% | Recall: 89.55%/71.50% | F1: 89.50%/71.59% | Time: fit=005s, train=001s, test=000s, total=006s
Epoch  18: Train%/Test% | Accuracy: 90.75%/75.00% | Precision: 91.59%/76.07% | Recall: 90.61%/75.72% | F1: 90.68%/74.98% | Time: fit=005s, train=001s, test=000s, total=006s
Epoch  19: Train%/Test% | Accuracy: 91.25%/76.00% | Precision: 91.46%/76.00% | Recall: 91.18%/76.17% | F1: 91.23%/75.96% | Time: fit=005s, train=001s, test=000s, total=006s
Epoch  20: Train%/Test% | Accuracy: 88.50%/70.00% | Precision: 90.23%/72.92% | Recall: 88.30%/71.26% | F1: 88.33%/69.70% | Time: fit=005s, train=001s, test=000s, total=006s
Epoch  21: Train%/Test% | Accuracy: 92.25%/75.00% | Precision: 92.47%/74.85% | Recall: 92.18%/74.92% | F1: 92.23%/74.88% | Time: fit=005s, train=001s, test=000s, total=006s
Epoch  22: Train%/Test% | Accuracy: 93.25%/73.00% | Precision: 93.92%/72.93% | Recall: 93.13%/73.07% | F1: 93.21%/72.93% | Time: fit=005s, train=001s, test=000s, total=006s
Epoch  23: Train%/Test% | Accuracy: 91.25%/69.00% | Precision: 92.68%/71.49% | Recall: 91.07%/70.17% | F1: 91.15%/68.75% | Time: fit=005s, train=001s, test=000s, total=006s
Epoch  24: Train%/Test% | Accuracy: 92.50%/71.00% | Precision: 92.91%/71.62% | Recall: 92.41%/71.54% | F1: 92.47%/71.00% | Time: fit=005s, train=001s, test=000s, total=006s
Epoch  25: Train%/Test% | Accuracy: 94.75%/74.00% | Precision: 95.06%/74.20% | Recall: 94.67%/74.32% | F1: 94.73%/73.99% | Time: fit=005s, train=001s, test=000s, total=006s
Epoch  26: Train%/Test% | Accuracy: 94.25%/74.00% | Precision: 94.56%/73.88% | Recall: 94.17%/73.99% | F1: 94.23%/73.91% | Time: fit=005s, train=001s, test=000s, total=006s
Epoch  27: Train%/Test% | Accuracy: 95.50%/75.00% | Precision: 95.51%/74.93% | Recall: 95.49%/74.60% | F1: 95.50%/74.69% | Time: fit=005s, train=001s, test=000s, total=006s
Epoch  28: Train%/Test% | Accuracy: 94.25%/75.00% | Precision: 94.44%/75.09% | Recall: 94.32%/74.44% | F1: 94.25%/74.57% | Time: fit=005s, train=001s, test=000s, total=006s
Epoch  29: Train%/Test% | Accuracy: 95.00%/75.00% | Precision: 95.07%/75.09% | Recall: 95.05%/74.44% | F1: 95.00%/74.57% | Time: fit=005s, train=001s, test=000s, total=006s
Epoch  30: Train%/Test% | Accuracy: 93.75%/75.00% | Precision: 93.74%/75.09% | Recall: 93.75%/74.44% | F1: 93.75%/74.57% | Time: fit=005s, train=001s, test=000s, total=006s
Epoch  31: Train%/Test% | Accuracy: 95.50%/74.00% | Precision: 95.53%/73.97% | Recall: 95.48%/73.51% | F1: 95.50%/73.62% | Time: fit=005s, train=001s, test=000s, total=006s
Epoch  32: Train%/Test% | Accuracy: 96.00%/75.00% | Precision: 96.01%/75.09% | Recall: 96.03%/74.44% | F1: 96.00%/74.57% | Time: fit=005s, train=001s, test=000s, total=006s
Epoch  33: Train%/Test% | Accuracy: 97.25%/73.00% | Precision: 97.25%/72.83% | Recall: 97.24%/72.75% | F1: 97.25%/72.78% | Time: fit=005s, train=001s, test=000s, total=006s
Epoch  34: Train%/Test% | Accuracy: 96.00%/74.00% | Precision: 96.07%/73.86% | Recall: 95.97%/73.67% | F1: 96.00%/73.74% | Time: fit=005s, train=001s, test=000s, total=006s
Epoch  35: Train%/Test% | Accuracy: 96.50%/75.00% | Precision: 96.54%/75.09% | Recall: 96.54%/74.44% | F1: 96.50%/74.57% | Time: fit=005s, train=001s, test=000s, total=006s
Epoch  36: Train%/Test% | Accuracy: 95.50%/73.00% | Precision: 95.72%/73.55% | Recall: 95.58%/72.10% | F1: 95.50%/72.20% | Time: fit=005s, train=001s, test=000s, total=006s
Epoch  37: Train%/Test% | Accuracy: 97.00%/74.00% | Precision: 97.07%/74.17% | Recall: 97.05%/73.35% | F1: 97.00%/73.48% | Time: fit=005s, train=001s, test=000s, total=006s
Epoch  38: Train%/Test% | Accuracy: 95.00%/71.00% | Precision: 95.37%/71.76% | Recall: 95.10%/69.93% | F1: 95.00%/69.91% | Time: fit=005s, train=001s, test=000s, total=006s
Epoch  39: Train%/Test% | Accuracy: 97.25%/73.00% | Precision: 97.28%/73.03% | Recall: 97.28%/72.42% | F1: 97.25%/72.54% | Time: fit=005s, train=001s, test=000s, total=006s
Epoch  40: Train%/Test% | Accuracy: 96.75%/74.00% | Precision: 96.84%/74.45% | Recall: 96.80%/73.19% | F1: 96.75%/73.32% | Time: fit=005s, train=001s, test=000s, total=006s
Epoch  41: Train%/Test% | Accuracy: 96.25%/74.00% | Precision: 96.39%/74.83% | Recall: 96.31%/73.03% | F1: 96.25%/73.13% | Time: fit=005s, train=001s, test=000s, total=006s
Epoch  42: Train%/Test% | Accuracy: 96.75%/75.00% | Precision: 96.84%/75.35% | Recall: 96.80%/74.28% | F1: 96.75%/74.42% | Time: fit=005s, train=001s, test=000s, total=006s
Epoch  43: Train%/Test% | Accuracy: 97.00%/76.00% | Precision: 97.04%/76.57% | Recall: 97.04%/75.20% | F1: 97.00%/75.37% | Time: fit=005s, train=001s, test=000s, total=006s
Epoch  44: Train%/Test% | Accuracy: 96.25%/75.00% | Precision: 96.45%/75.70% | Recall: 96.32%/74.11% | F1: 96.25%/74.26% | Time: fit=005s, train=001s, test=000s, total=006s
Epoch  45: Train%/Test% | Accuracy: 96.25%/73.00% | Precision: 96.45%/73.25% | Recall: 96.32%/72.26% | F1: 96.25%/72.38% | Time: fit=005s, train=001s, test=000s, total=006s
Epoch  46: Train%/Test% | Accuracy: 95.50%/74.00% | Precision: 95.79%/74.17% | Recall: 95.59%/73.35% | F1: 95.50%/73.48% | Time: fit=005s, train=001s, test=000s, total=006s
Epoch  47: Train%/Test% | Accuracy: 98.00%/74.00% | Precision: 98.00%/74.17% | Recall: 98.02%/73.35% | F1: 98.00%/73.48% | Time: fit=005s, train=001s, test=000s, total=006s
Epoch  48: Train%/Test% | Accuracy: 97.50%/75.00% | Precision: 97.54%/75.35% | Recall: 97.54%/74.28% | F1: 97.50%/74.42% | Time: fit=005s, train=001s, test=000s, total=006s
Epoch  49: Train%/Test% | Accuracy: 97.25%/76.00% | Precision: 97.34%/76.57% | Recall: 97.30%/75.20% | F1: 97.25%/75.37% | Time: fit=005s, train=001s, test=000s, total=006s
Epoch  50: Train%/Test% | Accuracy: 96.25%/75.00% | Precision: 96.45%/75.70% | Recall: 96.32%/74.11% | F1: 96.25%/74.26% | Time: fit=005s, train=001s, test=000s, total=006s
Epoch  51: Train%/Test% | Accuracy: 96.25%/73.00% | Precision: 96.45%/73.96% | Recall: 96.32%/71.94% | F1: 96.25%/71.99% | Time: fit=005s, train=001s, test=000s, total=006s
Epoch  52: Train%/Test% | Accuracy: 97.25%/75.00% | Precision: 97.34%/75.70% | Recall: 97.30%/74.11% | F1: 97.25%/74.26% | Time: fit=005s, train=001s, test=000s, total=006s
Epoch  53: Train%/Test% | Accuracy: 97.50%/73.00% | Precision: 97.57%/73.55% | Recall: 97.55%/72.10% | F1: 97.50%/72.20% | Time: fit=005s, train=001s, test=000s, total=006s
Epoch  54: Train%/Test% | Accuracy: 96.75%/75.00% | Precision: 96.89%/75.70% | Recall: 96.81%/74.11% | F1: 96.75%/74.26% | Time: fit=005s, train=001s, test=000s, total=006s
Epoch  55: Train%/Test% | Accuracy: 97.25%/76.00% | Precision: 97.34%/76.57% | Recall: 97.30%/75.20% | F1: 97.25%/75.37% | Time: fit=005s, train=001s, test=000s, total=006s
Epoch  56: Train%/Test% | Accuracy: 97.50%/75.00% | Precision: 97.57%/75.35% | Recall: 97.55%/74.28% | F1: 97.50%/74.42% | Time: fit=005s, train=001s, test=000s, total=006s
Epoch  57: Train%/Test% | Accuracy: 98.50%/74.00% | Precision: 98.51%/74.17% | Recall: 98.53%/73.35% | F1: 98.50%/73.48% | Time: fit=005s, train=001s, test=000s, total=006s
Epoch  58: Train%/Test% | Accuracy: 98.00%/75.00% | Precision: 98.01%/75.35% | Recall: 98.03%/74.28% | F1: 98.00%/74.42% | Time: fit=005s, train=001s, test=000s, total=006s
Epoch  59: Train%/Test% | Accuracy: 97.00%/75.00% | Precision: 97.12%/75.35% | Recall: 97.06%/74.28% | F1: 97.00%/74.42% | Time: fit=005s, train=001s, test=000s, total=006s
Epoch  60: Train%/Test% | Accuracy: 98.00%/75.00% | Precision: 98.04%/75.35% | Recall: 98.04%/74.28% | F1: 98.00%/74.42% | Time: fit=005s, train=001s, test=000s, total=006s
Epoch  61: Train%/Test% | Accuracy: 98.25%/75.00% | Precision: 98.28%/75.35% | Recall: 98.28%/74.28% | F1: 98.25%/74.42% | Time: fit=005s, train=001s, test=000s, total=006s
Epoch  62: Train%/Test% | Accuracy: 97.50%/74.00% | Precision: 97.57%/74.45% | Recall: 97.55%/73.19% | F1: 97.50%/73.32% | Time: fit=005s, train=001s, test=000s, total=006s
Epoch  63: Train%/Test% | Accuracy: 96.75%/72.00% | Precision: 96.89%/72.66% | Recall: 96.81%/71.01% | F1: 96.75%/71.06% | Time: fit=005s, train=001s, test=000s, total=006s
Epoch  64: Train%/Test% | Accuracy: 97.25%/73.00% | Precision: 97.34%/73.55% | Recall: 97.30%/72.10% | F1: 97.25%/72.20% | Time: fit=005s, train=001s, test=000s, total=006s
Epoch  65: Train%/Test% | Accuracy: 98.00%/73.00% | Precision: 98.04%/73.55% | Recall: 98.04%/72.10% | F1: 98.00%/72.20% | Time: fit=005s, train=001s, test=000s, total=006s
Epoch  66: Train%/Test% | Accuracy: 98.25%/73.00% | Precision: 98.28%/73.55% | Recall: 98.28%/72.10% | F1: 98.25%/72.20% | Time: fit=005s, train=001s, test=000s, total=006s
Epoch  67: Train%/Test% | Accuracy: 98.25%/74.00% | Precision: 98.28%/74.45% | Recall: 98.28%/73.19% | F1: 98.25%/73.32% | Time: fit=005s, train=001s, test=000s, total=006s
Epoch  68: Train%/Test% | Accuracy: 98.25%/74.00% | Precision: 98.28%/74.83% | Recall: 98.28%/73.03% | F1: 98.25%/73.13% | Time: fit=004s, train=001s, test=000s, total=005s
Epoch  69: Train%/Test% | Accuracy: 99.00%/75.00% | Precision: 99.00%/75.70% | Recall: 99.02%/74.11% | F1: 99.00%/74.26% | Time: fit=005s, train=001s, test=000s, total=006s
Epoch  70: Train%/Test% | Accuracy: 98.25%/74.00% | Precision: 98.28%/74.83% | Recall: 98.28%/73.03% | F1: 98.25%/73.13% | Time: fit=005s, train=001s, test=000s, total=006s
Epoch  71: Train%/Test% | Accuracy: 99.00%/75.00% | Precision: 99.00%/75.70% | Recall: 99.02%/74.11% | F1: 99.00%/74.26% | Time: fit=005s, train=001s, test=000s, total=006s
Epoch  72: Train%/Test% | Accuracy: 98.00%/73.00% | Precision: 98.04%/73.96% | Recall: 98.04%/71.94% | F1: 98.00%/71.99% | Time: fit=004s, train=001s, test=000s, total=006s
Epoch  73: Train%/Test% | Accuracy: 98.25%/73.00% | Precision: 98.28%/73.96% | Recall: 98.28%/71.94% | F1: 98.25%/71.99% | Time: fit=005s, train=001s, test=000s, total=006s
Epoch  74: Train%/Test% | Accuracy: 98.75%/75.00% | Precision: 98.76%/75.70% | Recall: 98.77%/74.11% | F1: 98.75%/74.26% | Time: fit=004s, train=001s, test=000s, total=006s
Epoch  75: Train%/Test% | Accuracy: 99.50%/75.00% | Precision: 99.49%/75.35% | Recall: 99.51%/74.28% | F1: 99.50%/74.42% | Time: fit=005s, train=001s, test=000s, total=006s
Epoch  76: Train%/Test% | Accuracy: 99.50%/74.00% | Precision: 99.49%/74.17% | Recall: 99.51%/73.35% | F1: 99.50%/73.48% | Time: fit=005s, train=001s, test=000s, total=006s
Epoch  77: Train%/Test% | Accuracy: 99.50%/74.00% | Precision: 99.49%/74.17% | Recall: 99.51%/73.35% | F1: 99.50%/73.48% | Time: fit=005s, train=001s, test=000s, total=006s
Epoch  78: Train%/Test% | Accuracy: 99.25%/75.00% | Precision: 99.25%/75.35% | Recall: 99.26%/74.28% | F1: 99.25%/74.42% | Time: fit=005s, train=001s, test=000s, total=006s
Epoch  79: Train%/Test% | Accuracy: 99.50%/75.00% | Precision: 99.49%/75.35% | Recall: 99.51%/74.28% | F1: 99.50%/74.42% | Time: fit=005s, train=001s, test=000s, total=006s
Epoch  80: Train%/Test% | Accuracy: 99.50%/74.00% | Precision: 99.49%/74.17% | Recall: 99.51%/73.35% | F1: 99.50%/73.48% | Time: fit=004s, train=001s, test=000s, total=005s
Epoch  81: Train%/Test% | Accuracy: 99.50%/73.00% | Precision: 99.49%/73.55% | Recall: 99.51%/72.10% | F1: 99.50%/72.20% | Time: fit=005s, train=001s, test=000s, total=006s
Epoch  82: Train%/Test% | Accuracy: 99.25%/72.00% | Precision: 99.25%/72.33% | Recall: 99.26%/71.18% | F1: 99.25%/71.26% | Time: fit=005s, train=001s, test=000s, total=006s
Epoch  83: Train%/Test% | Accuracy: 99.75%/74.00% | Precision: 99.75%/74.17% | Recall: 99.75%/73.35% | F1: 99.75%/73.48% | Time: fit=005s, train=001s, test=000s, total=006s
Epoch  84: Train%/Test% | Accuracy: 100.00%/72.00% | Precision: 100.00%/71.92% | Recall: 100.00%/71.50% | F1: 100.00%/71.59% | Time: fit=005s, train=001s, test=000s, total=006s
Epoch  85: Train%/Test% | Accuracy: 100.00%/73.00% | Precision: 100.00%/73.03% | Recall: 100.00%/72.42% | F1: 100.00%/72.54% | Time: fit=005s, train=001s, test=000s, total=006s
Epoch  86: Train%/Test% | Accuracy: 99.75%/75.00% | Precision: 99.75%/75.35% | Recall: 99.75%/74.28% | F1: 99.75%/74.42% | Time: fit=005s, train=001s, test=000s, total=006s
Epoch  87: Train%/Test% | Accuracy: 99.50%/75.00% | Precision: 99.49%/75.70% | Recall: 99.51%/74.11% | F1: 99.50%/74.26% | Time: fit=004s, train=001s, test=000s, total=006s
Epoch  88: Train%/Test% | Accuracy: 99.75%/76.00% | Precision: 99.75%/76.57% | Recall: 99.75%/75.20% | F1: 99.75%/75.37% | Time: fit=004s, train=001s, test=000s, total=006s
Epoch  89: Train%/Test% | Accuracy: 100.00%/74.00% | Precision: 100.00%/74.45% | Recall: 100.00%/73.19% | F1: 100.00%/73.32% | Time: fit=004s, train=001s, test=000s, total=006s
Epoch  90: Train%/Test% | Accuracy: 99.50%/72.00% | Precision: 99.49%/73.08% | Recall: 99.51%/70.85% | F1: 99.50%/70.83% | Time: fit=005s, train=001s, test=000s, total=006s
Epoch  91: Train%/Test% | Accuracy: 99.50%/71.00% | Precision: 99.49%/71.76% | Recall: 99.51%/69.93% | F1: 99.50%/69.91% | Time: fit=004s, train=001s, test=000s, total=006s
Epoch  92: Train%/Test% | Accuracy: 99.50%/72.00% | Precision: 99.49%/72.66% | Recall: 99.51%/71.01% | F1: 99.50%/71.06% | Time: fit=004s, train=001s, test=000s, total=006s
Epoch  93: Train%/Test% | Accuracy: 99.75%/74.00% | Precision: 99.75%/74.45% | Recall: 99.75%/73.19% | F1: 99.75%/73.32% | Time: fit=004s, train=001s, test=000s, total=006s
Epoch  94: Train%/Test% | Accuracy: 99.75%/74.00% | Precision: 99.75%/74.17% | Recall: 99.75%/73.35% | F1: 99.75%/73.48% | Time: fit=005s, train=001s, test=000s, total=006s
Epoch  95: Train%/Test% | Accuracy: 100.00%/74.00% | Precision: 100.00%/74.17% | Recall: 100.00%/73.35% | F1: 100.00%/73.48% | Time: fit=004s, train=001s, test=000s, total=006s
Epoch  96: Train%/Test% | Accuracy: 99.75%/73.00% | Precision: 99.75%/73.25% | Recall: 99.75%/72.26% | F1: 99.75%/72.38% | Time: fit=004s, train=001s, test=000s, total=006s
Epoch  97: Train%/Test% | Accuracy: 99.75%/73.00% | Precision: 99.75%/73.25% | Recall: 99.75%/72.26% | F1: 99.75%/72.38% | Time: fit=004s, train=001s, test=000s, total=006s
Epoch  98: Train%/Test% | Accuracy: 99.50%/73.00% | Precision: 99.49%/73.25% | Recall: 99.51%/72.26% | F1: 99.50%/72.38% | Time: fit=004s, train=001s, test=000s, total=006s
Epoch  99: Train%/Test% | Accuracy: 99.75%/73.00% | Precision: 99.75%/73.25% | Recall: 99.75%/72.26% | F1: 99.75%/72.38% | Time: fit=004s, train=001s, test=000s, total=006s
Epoch 100: Train%/Test% | Accuracy: 100.00%/73.00% | Precision: 100.00%/73.03% | Recall: 100.00%/72.42% | F1: 100.00%/72.54% | Time: fit=004s, train=001s, test=000s, total=006s
Epoch 101: Train%/Test% | Accuracy: 100.00%/72.00% | Precision: 100.00%/71.92% | Recall: 100.00%/71.50% | F1: 100.00%/71.59% | Time: fit=004s, train=001s, test=000s, total=006s
Epoch 102: Train%/Test% | Accuracy: 99.75%/73.00% | Precision: 99.76%/73.03% | Recall: 99.74%/72.42% | F1: 99.75%/72.54% | Time: fit=004s, train=001s, test=000s, total=006s
Epoch 103: Train%/Test% | Accuracy: 99.50%/72.00% | Precision: 99.49%/72.08% | Recall: 99.51%/71.34% | F1: 99.50%/71.44% | Time: fit=004s, train=001s, test=000s, total=006s
Epoch 104: Train%/Test% | Accuracy: 99.50%/73.00% | Precision: 99.49%/73.25% | Recall: 99.51%/72.26% | F1: 99.50%/72.38% | Time: fit=004s, train=001s, test=000s, total=006s
Epoch 105: Train%/Test% | Accuracy: 99.75%/72.00% | Precision: 99.75%/72.08% | Recall: 99.75%/71.34% | F1: 99.75%/71.44% | Time: fit=004s, train=001s, test=000s, total=006s
Epoch 106: Train%/Test% | Accuracy: 99.25%/74.00% | Precision: 99.25%/74.45% | Recall: 99.26%/73.19% | F1: 99.25%/73.32% | Time: fit=005s, train=001s, test=000s, total=006s
Epoch 107: Train%/Test% | Accuracy: 99.75%/74.00% | Precision: 99.75%/74.17% | Recall: 99.75%/73.35% | F1: 99.75%/73.48% | Time: fit=004s, train=001s, test=000s, total=006s
Epoch 108: Train%/Test% | Accuracy: 99.75%/74.00% | Precision: 99.75%/74.45% | Recall: 99.75%/73.19% | F1: 99.75%/73.32% | Time: fit=004s, train=001s, test=000s, total=006s
Epoch 109: Train%/Test% | Accuracy: 99.75%/74.00% | Precision: 99.75%/74.45% | Recall: 99.75%/73.19% | F1: 99.75%/73.32% | Time: fit=004s, train=001s, test=000s, total=006s
Epoch 110: Train%/Test% | Accuracy: 99.00%/74.00% | Precision: 99.00%/74.83% | Recall: 99.02%/73.03% | F1: 99.00%/73.13% | Time: fit=004s, train=001s, test=000s, total=006s
Epoch 111: Train%/Test% | Accuracy: 99.25%/74.00% | Precision: 99.25%/74.83% | Recall: 99.26%/73.03% | F1: 99.25%/73.13% | Time: fit=004s, train=001s, test=000s, total=006s
Epoch 112: Train%/Test% | Accuracy: 99.75%/73.00% | Precision: 99.75%/73.03% | Recall: 99.75%/72.42% | F1: 99.75%/72.54% | Time: fit=004s, train=001s, test=000s, total=005s
Epoch 113: Train%/Test% | Accuracy: 99.50%/73.00% | Precision: 99.49%/73.55% | Recall: 99.51%/72.10% | F1: 99.50%/72.20% | Time: fit=004s, train=001s, test=000s, total=006s
Epoch 114: Train%/Test% | Accuracy: 99.50%/74.00% | Precision: 99.49%/74.17% | Recall: 99.51%/73.35% | F1: 99.50%/73.48% | Time: fit=004s, train=001s, test=000s, total=006s
Epoch 115: Train%/Test% | Accuracy: 99.75%/73.00% | Precision: 99.75%/73.25% | Recall: 99.75%/72.26% | F1: 99.75%/72.38% | Time: fit=004s, train=001s, test=000s, total=006s
Epoch 116: Train%/Test% | Accuracy: 99.75%/72.00% | Precision: 99.75%/72.08% | Recall: 99.75%/71.34% | F1: 99.75%/71.44% | Time: fit=004s, train=001s, test=000s, total=006s
Epoch 117: Train%/Test% | Accuracy: 99.75%/72.00% | Precision: 99.75%/72.08% | Recall: 99.75%/71.34% | F1: 99.75%/71.44% | Time: fit=004s, train=001s, test=000s, total=005s
Epoch 118: Train%/Test% | Accuracy: 99.75%/72.00% | Precision: 99.75%/72.33% | Recall: 99.75%/71.18% | F1: 99.75%/71.26% | Time: fit=004s, train=001s, test=000s, total=006s
Epoch 119: Train%/Test% | Accuracy: 99.75%/72.00% | Precision: 99.75%/72.08% | Recall: 99.75%/71.34% | F1: 99.75%/71.44% | Time: fit=004s, train=001s, test=000s, total=006s
Epoch 120: Train%/Test% | Accuracy: 100.00%/71.00% | Precision: 100.00%/70.96% | Recall: 100.00%/70.41% | F1: 100.00%/70.50% | Time: fit=004s, train=001s, test=000s, total=006s
Epoch 121: Train%/Test% | Accuracy: 99.75%/72.00% | Precision: 99.75%/72.08% | Recall: 99.75%/71.34% | F1: 99.75%/71.44% | Time: fit=004s, train=001s, test=000s, total=006s
Epoch 122: Train%/Test% | Accuracy: 99.75%/72.00% | Precision: 99.75%/72.08% | Recall: 99.75%/71.34% | F1: 99.75%/71.44% | Time: fit=004s, train=001s, test=000s, total=006s
Epoch 123: Train%/Test% | Accuracy: 99.75%/72.00% | Precision: 99.75%/72.08% | Recall: 99.75%/71.34% | F1: 99.75%/71.44% | Time: fit=004s, train=001s, test=000s, total=006s
Epoch 124: Train%/Test% | Accuracy: 100.00%/72.00% | Precision: 100.00%/72.08% | Recall: 100.00%/71.34% | F1: 100.00%/71.44% | Time: fit=004s, train=001s, test=000s, total=006s
Epoch 125: Train%/Test% | Accuracy: 99.75%/70.00% | Precision: 99.75%/70.20% | Recall: 99.75%/69.16% | F1: 99.75%/69.21% | Time: fit=004s, train=001s, test=000s, total=006s
Epoch 126: Train%/Test% | Accuracy: 99.75%/71.00% | Precision: 99.75%/71.41% | Recall: 99.75%/70.09% | F1: 99.75%/70.14% | Time: fit=004s, train=001s, test=000s, total=006s
Epoch 127: Train%/Test% | Accuracy: 99.75%/72.00% | Precision: 99.75%/72.33% | Recall: 99.75%/71.18% | F1: 99.75%/71.26% | Time: fit=004s, train=001s, test=000s, total=006s
Epoch 128: Train%/Test% | Accuracy: 99.75%/72.00% | Precision: 99.75%/72.33% | Recall: 99.75%/71.18% | F1: 99.75%/71.26% | Time: fit=004s, train=001s, test=000s, total=006s
Epoch 129: Train%/Test% | Accuracy: 100.00%/73.00% | Precision: 100.00%/73.25% | Recall: 100.00%/72.26% | F1: 100.00%/72.38% | Time: fit=004s, train=001s, test=000s, total=006s
Epoch 130: Train%/Test% | Accuracy: 99.75%/73.00% | Precision: 99.75%/73.96% | Recall: 99.75%/71.94% | F1: 99.75%/71.99% | Time: fit=004s, train=001s, test=000s, total=006s
Epoch 131: Train%/Test% | Accuracy: 99.75%/74.00% | Precision: 99.75%/74.83% | Recall: 99.75%/73.03% | F1: 99.75%/73.13% | Time: fit=004s, train=001s, test=000s, total=006s
Epoch 132: Train%/Test% | Accuracy: 99.75%/74.00% | Precision: 99.75%/75.31% | Recall: 99.75%/72.87% | F1: 99.75%/72.92% | Time: fit=004s, train=001s, test=000s, total=005s
Epoch 133: Train%/Test% | Accuracy: 99.75%/75.00% | Precision: 99.75%/76.15% | Recall: 99.75%/73.95% | F1: 99.75%/74.06% | Time: fit=004s, train=001s, test=000s, total=006s
Epoch 134: Train%/Test% | Accuracy: 99.75%/75.00% | Precision: 99.75%/76.15% | Recall: 99.75%/73.95% | F1: 99.75%/74.06% | Time: fit=004s, train=001s, test=000s, total=006s
Epoch 135: Train%/Test% | Accuracy: 100.00%/74.00% | Precision: 100.00%/75.31% | Recall: 100.00%/72.87% | F1: 100.00%/72.92% | Time: fit=004s, train=001s, test=000s, total=005s
Epoch 136: Train%/Test% | Accuracy: 100.00%/73.00% | Precision: 100.00%/73.96% | Recall: 100.00%/71.94% | F1: 100.00%/71.99% | Time: fit=004s, train=001s, test=000s, total=005s
Epoch 137: Train%/Test% | Accuracy: 100.00%/72.00% | Precision: 100.00%/72.66% | Recall: 100.00%/71.01% | F1: 100.00%/71.06% | Time: fit=004s, train=001s, test=000s, total=005s
Epoch 138: Train%/Test% | Accuracy: 100.00%/72.00% | Precision: 100.00%/72.66% | Recall: 100.00%/71.01% | F1: 100.00%/71.06% | Time: fit=004s, train=001s, test=000s, total=005s
Epoch 139: Train%/Test% | Accuracy: 100.00%/73.00% | Precision: 100.00%/73.96% | Recall: 100.00%/71.94% | F1: 100.00%/71.99% | Time: fit=004s, train=001s, test=000s, total=005s
Epoch 140: Train%/Test% | Accuracy: 100.00%/72.00% | Precision: 100.00%/72.66% | Recall: 100.00%/71.01% | F1: 100.00%/71.06% | Time: fit=004s, train=001s, test=000s, total=005s
Epoch 141: Train%/Test% | Accuracy: 100.00%/73.00% | Precision: 100.00%/73.25% | Recall: 100.00%/72.26% | F1: 100.00%/72.38% | Time: fit=004s, train=001s, test=000s, total=005s
Epoch 142: Train%/Test% | Accuracy: 100.00%/71.00% | Precision: 100.00%/70.96% | Recall: 100.00%/70.41% | F1: 100.00%/70.50% | Time: fit=004s, train=001s, test=000s, total=005s
Epoch 143: Train%/Test% | Accuracy: 100.00%/73.00% | Precision: 100.00%/73.03% | Recall: 100.00%/72.42% | F1: 100.00%/72.54% | Time: fit=004s, train=001s, test=000s, total=005s
Epoch 144: Train%/Test% | Accuracy: 100.00%/71.00% | Precision: 100.00%/71.14% | Recall: 100.00%/70.25% | F1: 100.00%/70.33% | Time: fit=004s, train=001s, test=000s, total=005s
Epoch 145: Train%/Test% | Accuracy: 100.00%/74.00% | Precision: 100.00%/74.45% | Recall: 100.00%/73.19% | F1: 100.00%/73.32% | Time: fit=004s, train=001s, test=000s, total=005s
Epoch 146: Train%/Test% | Accuracy: 100.00%/72.00% | Precision: 100.00%/72.08% | Recall: 100.00%/71.34% | F1: 100.00%/71.44% | Time: fit=004s, train=001s, test=000s, total=005s
Epoch 147: Train%/Test% | Accuracy: 100.00%/70.00% | Precision: 100.00%/70.20% | Recall: 100.00%/69.16% | F1: 100.00%/69.21% | Time: fit=004s, train=001s, test=000s, total=005s
Epoch 148: Train%/Test% | Accuracy: 100.00%/73.00% | Precision: 100.00%/73.03% | Recall: 100.00%/72.42% | F1: 100.00%/72.54% | Time: fit=004s, train=001s, test=000s, total=005s
Epoch 149: Train%/Test% | Accuracy: 100.00%/71.00% | Precision: 100.00%/70.96% | Recall: 100.00%/70.41% | F1: 100.00%/70.50% | Time: fit=004s, train=001s, test=000s, total=005s
Epoch 150: Train%/Test% | Accuracy: 100.00%/73.00% | Precision: 100.00%/73.25% | Recall: 100.00%/72.26% | F1: 100.00%/72.38% | Time: fit=004s, train=001s, test=000s, total=005s
