[*] Load dataset...
[*] Fix malformed data...
[*] Split...
[*] Encoding...
[*] -> domain...
pipeline.py:185: SettingWithCopyWarning: 
A value is trying to be set on a copy of a slice from a DataFrame.
Try using .loc[row_indexer,col_indexer] = value instead

See the caveats in the documentation: https://pandas.pydata.org/pandas-docs/stable/user_guide/indexing.html#returning-a-view-versus-a-copy
  train_df['domain'] = train_df['url'].apply(extract_domain)
pipeline.py:186: SettingWithCopyWarning: 
A value is trying to be set on a copy of a slice from a DataFrame.
Try using .loc[row_indexer,col_indexer] = value instead

See the caveats in the documentation: https://pandas.pydata.org/pandas-docs/stable/user_guide/indexing.html#returning-a-view-versus-a-copy
  test_df['domain'] = test_df['url'].apply(extract_domain)
[*] Encoding complete!
==============================
Using GPU for training
Dataset: FakeNewsNet-politifact
TMU params: num-clauses=5000, T=150, s=15.0
Epochs: 150
Feature(s): domain
max-vocab=15000, max-domain=500, max-tweet=500
====================
Train size: 844
Train classes: 2
Test size: 212
Test classes: 2
Total features: 318
==============================
[*] Training for 150 epochs...
Epoch   1: Train%/Test% | Accuracy: 58.06%/63.21%/usr/local/lib/python3.8/dist-packages/sklearn/metrics/_classification.py:1245: UndefinedMetricWarning: Precision is ill-defined and being set to 0.0 in labels with no predicted samples. Use `zero_division` parameter to control this behavior.
  _warn_prf(average, modifier, msg_start, len(result))
/usr/local/lib/python3.8/dist-packages/sklearn/metrics/_classification.py:1245: UndefinedMetricWarning: Precision is ill-defined and being set to 0.0 in labels with no predicted samples. Use `zero_division` parameter to control this behavior.
  _warn_prf(average, modifier, msg_start, len(result))
 | Precision: 29.03%/31.60% | Recall: 50.00%/50.00% | F1: 36.73%/38.73% | Time: fit=013s, train=002s, test=001s, total=015s
Epoch   2: Train%/Test% | Accuracy: 58.41%/63.68% | Precision: 79.13%/81.75% | Recall: 50.42%/50.64% | F1: 37.65%/40.11% | Time: fit=010s, train=002s, test=000s, total=013s
Epoch   3: Train%/Test% | Accuracy: 58.06%/63.21%/usr/local/lib/python3.8/dist-packages/sklearn/metrics/_classification.py:1245: UndefinedMetricWarning: Precision is ill-defined and being set to 0.0 in labels with no predicted samples. Use `zero_division` parameter to control this behavior.
  _warn_prf(average, modifier, msg_start, len(result))
/usr/local/lib/python3.8/dist-packages/sklearn/metrics/_classification.py:1245: UndefinedMetricWarning: Precision is ill-defined and being set to 0.0 in labels with no predicted samples. Use `zero_division` parameter to control this behavior.
  _warn_prf(average, modifier, msg_start, len(result))
 | Precision: 29.03%/31.60% | Recall: 50.00%/50.00% | F1: 36.73%/38.73% | Time: fit=010s, train=002s, test=001s, total=013s
Epoch   4: Train%/Test% | Accuracy: 63.86%/65.57% | Precision: 78.96%/82.37% | Recall: 57.00%/53.21% | F1: 50.63%/45.32% | Time: fit=010s, train=002s, test=000s, total=013s
Epoch   5: Train%/Test% | Accuracy: 62.91%/67.92% | Precision: 78.32%/83.17% | Recall: 55.87%/56.41% | F1: 48.64%/51.24% | Time: fit=010s, train=002s, test=000s, total=013s
Epoch   6: Train%/Test% | Accuracy: 61.85%/67.45% | Precision: 77.42%/83.00% | Recall: 54.60%/55.77% | F1: 46.31%/50.11% | Time: fit=010s, train=002s, test=000s, total=013s
Epoch   7: Train%/Test% | Accuracy: 73.34%/69.81% | Precision: 80.67%/78.47% | Recall: 68.69%/59.51% | F1: 68.28%/56.91% | Time: fit=010s, train=002s, test=000s, total=013s
Epoch   8: Train%/Test% | Accuracy: 68.13%/68.87% | Precision: 78.88%/77.42% | Recall: 62.28%/58.23% | F1: 59.42%/54.89% | Time: fit=010s, train=002s, test=000s, total=013s
Epoch   9: Train%/Test% | Accuracy: 80.09%/68.87% | Precision: 83.46%/69.95% | Recall: 77.09%/59.84% | F1: 77.97%/58.49% | Time: fit=010s, train=002s, test=000s, total=012s
Epoch  10: Train%/Test% | Accuracy: 77.37%/70.28% | Precision: 82.24%/73.48% | Recall: 73.69%/61.22% | F1: 74.27%/60.13% | Time: fit=010s, train=002s, test=000s, total=012s
Epoch  11: Train%/Test% | Accuracy: 62.44%/68.40% | Precision: 80.36%/83.33% | Recall: 55.23%/57.05% | F1: 47.24%/52.36% | Time: fit=010s, train=002s, test=000s, total=012s
Epoch  12: Train%/Test% | Accuracy: 65.64%/69.34% | Precision: 81.41%/83.67% | Recall: 59.04%/58.33% | F1: 53.89%/54.53% | Time: fit=010s, train=002s, test=000s, total=012s
Epoch  13: Train%/Test% | Accuracy: 73.10%/70.28% | Precision: 83.12%/78.93% | Recall: 68.06%/60.15% | F1: 67.24%/57.89% | Time: fit=010s, train=002s, test=000s, total=012s
Epoch  14: Train%/Test% | Accuracy: 64.69%/68.40% | Precision: 81.09%/83.33% | Recall: 57.91%/57.05% | F1: 52.00%/52.36% | Time: fit=010s, train=002s, test=000s, total=012s
Epoch  15: Train%/Test% | Accuracy: 83.29%/72.17% | Precision: 85.81%/76.63% | Recall: 80.87%/63.52% | F1: 81.86%/63.12% | Time: fit=010s, train=002s, test=000s, total=012s
Epoch  16: Train%/Test% | Accuracy: 74.41%/71.70% | Precision: 83.44%/84.54% | Recall: 69.65%/61.54% | F1: 69.31%/59.60% | Time: fit=010s, train=002s, test=000s, total=012s
Epoch  17: Train%/Test% | Accuracy: 78.20%/72.64% | Precision: 77.62%/72.64% | Recall: 77.62%/74.34% | F1: 77.62%/72.16% | Time: fit=010s, train=002s, test=000s, total=012s
Epoch  18: Train%/Test% | Accuracy: 79.50%/72.64% | Precision: 85.42%/84.90% | Recall: 75.84%/62.82% | F1: 76.65%/61.51% | Time: fit=010s, train=002s, test=000s, total=012s
Epoch  19: Train%/Test% | Accuracy: 76.42%/71.23% | Precision: 84.20%/81.82% | Recall: 72.09%/61.17% | F1: 72.32%/59.23% | Time: fit=010s, train=002s, test=000s, total=012s
Epoch  20: Train%/Test% | Accuracy: 79.27%/73.58% | Precision: 84.89%/85.26% | Recall: 75.64%/64.10% | F1: 76.42%/63.36% | Time: fit=010s, train=002s, test=000s, total=012s
Epoch  21: Train%/Test% | Accuracy: 64.93%/69.34% | Precision: 79.59%/83.67% | Recall: 58.27%/58.33% | F1: 52.79%/54.53% | Time: fit=010s, train=002s, test=000s, total=012s
Epoch  22: Train%/Test% | Accuracy: 63.63%/67.92% | Precision: 78.81%/83.17% | Recall: 56.72%/56.41% | F1: 50.13%/51.24% | Time: fit=010s, train=002s, test=000s, total=012s
Epoch  23: Train%/Test% | Accuracy: 64.34%/67.92% | Precision: 79.25%/83.17% | Recall: 57.56%/56.41% | F1: 51.60%/51.24% | Time: fit=010s, train=002s, test=000s, total=012s
Epoch  24: Train%/Test% | Accuracy: 72.51%/70.75% | Precision: 83.19%/84.18% | Recall: 67.31%/60.26% | F1: 66.23%/57.63% | Time: fit=010s, train=002s, test=000s, total=012s
Epoch  25: Train%/Test% | Accuracy: 76.18%/73.58% | Precision: 84.08%/85.26% | Recall: 71.81%/64.10% | F1: 71.98%/63.36% | Time: fit=010s, train=002s, test=000s, total=012s
Epoch  26: Train%/Test% | Accuracy: 77.73%/73.11% | Precision: 84.88%/85.08% | Recall: 73.64%/63.46% | F1: 74.15%/62.44% | Time: fit=010s, train=002s, test=000s, total=012s
Epoch  27: Train%/Test% | Accuracy: 64.81%/67.45% | Precision: 79.52%/83.00% | Recall: 58.13%/55.77% | F1: 52.55%/50.11% | Time: fit=010s, train=002s, test=000s, total=012s
Epoch  28: Train%/Test% | Accuracy: 63.74%/67.45% | Precision: 78.89%/83.00% | Recall: 56.86%/55.77% | F1: 50.38%/50.11% | Time: fit=010s, train=002s, test=000s, total=012s
Epoch  29: Train%/Test% | Accuracy: 63.51%/67.45% | Precision: 78.73%/83.00% | Recall: 56.58%/55.77% | F1: 49.89%/50.11% | Time: fit=010s, train=002s, test=000s, total=012s
Epoch  30: Train%/Test% | Accuracy: 63.27%/67.45% | Precision: 78.57%/83.00% | Recall: 56.29%/55.77% | F1: 49.39%/50.11% | Time: fit=010s, train=002s, test=000s, total=012s
Epoch  31: Train%/Test% | Accuracy: 63.27%/67.45% | Precision: 78.57%/83.00% | Recall: 56.29%/55.77% | F1: 49.39%/50.11% | Time: fit=010s, train=002s, test=000s, total=012s
Epoch  32: Train%/Test% | Accuracy: 68.48%/71.23% | Precision: 80.40%/84.36% | Recall: 62.59%/60.90% | F1: 59.70%/58.62% | Time: fit=010s, train=002s, test=000s, total=012s
Epoch  33: Train%/Test% | Accuracy: 82.94%/74.06% | Precision: 87.39%/80.62% | Recall: 79.94%/65.55% | F1: 81.06%/65.62% | Time: fit=010s, train=002s, test=000s, total=012s
Epoch  34: Train%/Test% | Accuracy: 82.82%/73.58% | Precision: 87.00%/80.24% | Recall: 79.87%/64.91% | F1: 80.97%/64.78% | Time: fit=010s, train=002s, test=000s, total=012s
Epoch  35: Train%/Test% | Accuracy: 78.20%/73.11% | Precision: 85.60%/83.01% | Recall: 74.13%/63.73% | F1: 74.70%/62.96% | Time: fit=010s, train=002s, test=000s, total=012s
Epoch  36: Train%/Test% | Accuracy: 81.87%/74.53% | Precision: 86.59%/83.83% | Recall: 78.70%/65.65% | F1: 79.75%/65.60% | Time: fit=010s, train=002s, test=000s, total=012s
Epoch  37: Train%/Test% | Accuracy: 85.31%/73.58% | Precision: 88.40%/80.24% | Recall: 82.88%/64.91% | F1: 84.02%/64.78% | Time: fit=010s, train=002s, test=000s, total=012s
Epoch  38: Train%/Test% | Accuracy: 82.35%/72.17% | Precision: 87.04%/82.44% | Recall: 79.23%/62.45% | F1: 80.32%/61.13% | Time: fit=010s, train=002s, test=000s, total=012s
Epoch  39: Train%/Test% | Accuracy: 82.94%/73.11% | Precision: 87.39%/83.01% | Recall: 79.94%/63.73% | F1: 81.06%/62.96% | Time: fit=010s, train=002s, test=000s, total=012s
Epoch  40: Train%/Test% | Accuracy: 85.90%/75.00% | Precision: 88.79%/84.09% | Recall: 83.58%/66.29% | F1: 84.72%/66.45% | Time: fit=010s, train=002s, test=000s, total=012s
Epoch  41: Train%/Test% | Accuracy: 71.92%/72.17% | Precision: 81.85%/84.72% | Recall: 66.72%/62.18% | F1: 65.55%/60.57% | Time: fit=010s, train=002s, test=000s, total=012s
Epoch  42: Train%/Test% | Accuracy: 85.78%/75.47% | Precision: 88.97%/84.36% | Recall: 83.36%/66.93% | F1: 84.53%/67.30% | Time: fit=010s, train=002s, test=000s, total=012s
Epoch  43: Train%/Test% | Accuracy: 85.55%/75.00% | Precision: 88.69%/84.09% | Recall: 83.12%/66.29% | F1: 84.27%/66.45% | Time: fit=010s, train=002s, test=000s, total=012s
Epoch  44: Train%/Test% | Accuracy: 84.83%/75.00% | Precision: 87.58%/82.62% | Recall: 82.47%/66.56% | F1: 83.55%/66.87% | Time: fit=010s, train=002s, test=000s, total=012s
Epoch  45: Train%/Test% | Accuracy: 84.83%/74.53% | Precision: 87.58%/82.30% | Recall: 82.47%/65.92% | F1: 83.55%/66.04% | Time: fit=010s, train=002s, test=000s, total=012s
Epoch  46: Train%/Test% | Accuracy: 84.12%/75.00% | Precision: 86.98%/82.62% | Recall: 81.66%/66.56% | F1: 82.73%/66.87% | Time: fit=010s, train=002s, test=000s, total=012s
Epoch  47: Train%/Test% | Accuracy: 80.33%/75.00% | Precision: 80.08%/74.65% | Recall: 79.22%/76.47% | F1: 79.54%/74.45% | Time: fit=010s, train=002s, test=000s, total=012s
Epoch  48: Train%/Test% | Accuracy: 81.64%/75.47% | Precision: 81.30%/75.01% | Recall: 80.77%/76.85% | F1: 80.99%/74.90% | Time: fit=010s, train=002s, test=000s, total=012s
Epoch  49: Train%/Test% | Accuracy: 81.28%/75.47% | Precision: 81.02%/75.01% | Recall: 80.27%/76.85% | F1: 80.56%/74.90% | Time: fit=010s, train=002s, test=000s, total=012s
Epoch  50: Train%/Test% | Accuracy: 82.11%/75.94% | Precision: 81.88%/75.38% | Recall: 81.14%/77.22% | F1: 81.43%/75.35% | Time: fit=010s, train=002s, test=000s, total=012s
Epoch  51: Train%/Test% | Accuracy: 82.35%/75.94% | Precision: 82.10%/75.38% | Recall: 81.42%/77.22% | F1: 81.70%/75.35% | Time: fit=010s, train=002s, test=000s, total=012s
Epoch  52: Train%/Test% | Accuracy: 81.99%/75.94% | Precision: 81.66%/75.38% | Recall: 81.16%/77.22% | F1: 81.37%/75.35% | Time: fit=010s, train=002s, test=000s, total=012s
Epoch  53: Train%/Test% | Accuracy: 82.35%/76.89% | Precision: 82.13%/76.13% | Recall: 81.39%/77.97% | F1: 81.68%/76.24% | Time: fit=010s, train=002s, test=000s, total=012s
Epoch  54: Train%/Test% | Accuracy: 82.11%/76.42% | Precision: 81.88%/75.75% | Recall: 81.14%/77.59% | F1: 81.43%/75.79% | Time: fit=010s, train=002s, test=000s, total=012s
Epoch  55: Train%/Test% | Accuracy: 82.46%/76.42% | Precision: 82.30%/75.75% | Recall: 81.45%/77.59% | F1: 81.78%/75.79% | Time: fit=010s, train=002s, test=000s, total=012s
Epoch  56: Train%/Test% | Accuracy: 82.70%/76.42% | Precision: 82.55%/75.75% | Recall: 81.69%/77.59% | F1: 82.02%/75.79% | Time: fit=010s, train=002s, test=000s, total=012s
Epoch  57: Train%/Test% | Accuracy: 83.06%/76.42% | Precision: 82.82%/75.75% | Recall: 82.19%/77.59% | F1: 82.45%/75.79% | Time: fit=010s, train=002s, test=000s, total=012s
Epoch  58: Train%/Test% | Accuracy: 82.58%/76.42% | Precision: 82.41%/75.75% | Recall: 81.59%/77.59% | F1: 81.91%/75.79% | Time: fit=010s, train=002s, test=000s, total=012s
Epoch  59: Train%/Test% | Accuracy: 82.58%/75.94% | Precision: 82.41%/75.38% | Recall: 81.59%/77.22% | F1: 81.91%/75.35% | Time: fit=010s, train=002s, test=000s, total=012s
Epoch  60: Train%/Test% | Accuracy: 82.35%/75.94% | Precision: 82.16%/75.38% | Recall: 81.35%/77.22% | F1: 81.66%/75.35% | Time: fit=010s, train=002s, test=000s, total=012s
Epoch  61: Train%/Test% | Accuracy: 82.82%/75.94% | Precision: 82.60%/75.38% | Recall: 81.91%/77.22% | F1: 82.19%/75.35% | Time: fit=010s, train=002s, test=000s, total=012s
Epoch  62: Train%/Test% | Accuracy: 82.82%/75.00% | Precision: 82.57%/74.65% | Recall: 81.95%/76.47% | F1: 82.20%/74.45% | Time: fit=010s, train=002s, test=000s, total=012s
Epoch  63: Train%/Test% | Accuracy: 82.35%/75.00% | Precision: 82.10%/74.65% | Recall: 81.42%/76.47% | F1: 81.70%/74.45% | Time: fit=010s, train=002s, test=000s, total=012s
Epoch  64: Train%/Test% | Accuracy: 82.58%/75.47% | Precision: 82.27%/75.01% | Recall: 81.79%/76.85% | F1: 81.99%/74.90% | Time: fit=010s, train=002s, test=000s, total=012s
Epoch  65: Train%/Test% | Accuracy: 82.58%/75.00% | Precision: 82.25%/74.65% | Recall: 81.82%/76.47% | F1: 82.01%/74.45% | Time: fit=010s, train=002s, test=000s, total=012s
Epoch  66: Train%/Test% | Accuracy: 82.70%/75.00% | Precision: 82.36%/74.65% | Recall: 81.97%/76.47% | F1: 82.14%/74.45% | Time: fit=010s, train=002s, test=000s, total=012s
Epoch  67: Train%/Test% | Accuracy: 83.41%/75.47% | Precision: 83.12%/75.01% | Recall: 82.66%/76.85% | F1: 82.86%/74.90% | Time: fit=010s, train=002s, test=000s, total=012s
Epoch  68: Train%/Test% | Accuracy: 83.18%/75.00% | Precision: 82.99%/74.43% | Recall: 82.26%/76.21% | F1: 82.55%/74.38% | Time: fit=010s, train=002s, test=000s, total=012s
Epoch  69: Train%/Test% | Accuracy: 83.06%/75.00% | Precision: 82.85%/74.43% | Recall: 82.15%/76.21% | F1: 82.43%/74.38% | Time: fit=010s, train=002s, test=000s, total=012s
Epoch  70: Train%/Test% | Accuracy: 83.18%/75.47% | Precision: 82.90%/75.01% | Recall: 82.37%/76.85% | F1: 82.60%/74.90% | Time: fit=010s, train=002s, test=000s, total=012s
Epoch  71: Train%/Test% | Accuracy: 82.82%/75.00% | Precision: 82.57%/74.43% | Recall: 81.95%/76.21% | F1: 82.20%/74.38% | Time: fit=010s, train=002s, test=000s, total=012s
Epoch  72: Train%/Test% | Accuracy: 83.18%/75.47% | Precision: 82.85%/74.80% | Recall: 82.45%/76.58% | F1: 82.63%/74.82% | Time: fit=010s, train=002s, test=000s, total=012s
Epoch  73: Train%/Test% | Accuracy: 83.06%/75.47% | Precision: 82.85%/74.80% | Recall: 82.15%/76.58% | F1: 82.43%/74.82% | Time: fit=010s, train=002s, test=000s, total=012s
Epoch  74: Train%/Test% | Accuracy: 82.82%/76.42% | Precision: 82.57%/75.75% | Recall: 81.95%/77.59% | F1: 82.20%/75.79% | Time: fit=010s, train=002s, test=000s, total=012s
Epoch  75: Train%/Test% | Accuracy: 82.82%/76.89% | Precision: 82.63%/75.95% | Recall: 81.87%/77.70% | F1: 82.17%/76.16% | Time: fit=010s, train=002s, test=000s, total=012s
Epoch  76: Train%/Test% | Accuracy: 83.65%/76.89% | Precision: 83.45%/75.95% | Recall: 82.78%/77.70% | F1: 83.06%/76.16% | Time: fit=010s, train=002s, test=000s, total=012s
Epoch  77: Train%/Test% | Accuracy: 82.94%/76.89% | Precision: 82.77%/75.95% | Recall: 81.97%/77.70% | F1: 82.29%/76.16% | Time: fit=010s, train=002s, test=000s, total=013s
Epoch  78: Train%/Test% | Accuracy: 83.77%/76.42% | Precision: 83.63%/75.56% | Recall: 82.85%/77.32% | F1: 83.15%/75.71% | Time: fit=010s, train=002s, test=000s, total=012s
Epoch  79: Train%/Test% | Accuracy: 83.41%/76.42% | Precision: 83.24%/75.56% | Recall: 82.50%/77.32% | F1: 82.79%/75.71% | Time: fit=010s, train=002s, test=000s, total=012s
Epoch  80: Train%/Test% | Accuracy: 83.18%/76.89% | Precision: 82.99%/76.13% | Recall: 82.26%/77.97% | F1: 82.55%/76.24% | Time: fit=010s, train=002s, test=000s, total=012s
Epoch  81: Train%/Test% | Accuracy: 83.53%/76.89% | Precision: 83.34%/76.13% | Recall: 82.64%/77.97% | F1: 82.92%/76.24% | Time: fit=010s, train=002s, test=000s, total=012s
Epoch  82: Train%/Test% | Accuracy: 83.53%/76.89% | Precision: 83.31%/76.13% | Recall: 82.68%/77.97% | F1: 82.94%/76.24% | Time: fit=010s, train=002s, test=000s, total=012s
Epoch  83: Train%/Test% | Accuracy: 83.41%/76.89% | Precision: 83.15%/76.13% | Recall: 82.62%/77.97% | F1: 82.84%/76.24% | Time: fit=010s, train=002s, test=000s, total=012s
Epoch  84: Train%/Test% | Accuracy: 83.77%/76.89% | Precision: 83.53%/76.13% | Recall: 82.96%/77.97% | F1: 83.20%/76.24% | Time: fit=010s, train=002s, test=000s, total=012s
Epoch  85: Train%/Test% | Accuracy: 83.65%/76.89% | Precision: 83.48%/76.13% | Recall: 82.74%/77.97% | F1: 83.04%/76.24% | Time: fit=010s, train=002s, test=000s, total=012s
Epoch  86: Train%/Test% | Accuracy: 83.53%/76.89% | Precision: 83.28%/76.13% | Recall: 82.72%/77.97% | F1: 82.96%/76.24% | Time: fit=010s, train=002s, test=000s, total=012s
Epoch  87: Train%/Test% | Accuracy: 83.41%/76.89% | Precision: 83.24%/76.13% | Recall: 82.50%/77.97% | F1: 82.79%/76.24% | Time: fit=010s, train=002s, test=000s, total=012s
Epoch  88: Train%/Test% | Accuracy: 83.65%/76.89% | Precision: 83.48%/76.13% | Recall: 82.74%/77.97% | F1: 83.04%/76.24% | Time: fit=010s, train=002s, test=000s, total=012s
Epoch  89: Train%/Test% | Accuracy: 83.41%/76.89% | Precision: 83.27%/76.13% | Recall: 82.46%/77.97% | F1: 82.78%/76.24% | Time: fit=010s, train=002s, test=000s, total=012s
Epoch  90: Train%/Test% | Accuracy: 83.53%/76.42% | Precision: 83.34%/75.75% | Recall: 82.64%/77.59% | F1: 82.92%/75.79% | Time: fit=010s, train=002s, test=000s, total=012s
Epoch  91: Train%/Test% | Accuracy: 83.65%/76.89% | Precision: 83.48%/76.13% | Recall: 82.74%/77.97% | F1: 83.04%/76.24% | Time: fit=010s, train=002s, test=000s, total=012s
Epoch  92: Train%/Test% | Accuracy: 83.77%/76.89% | Precision: 83.63%/76.13% | Recall: 82.85%/77.97% | F1: 83.15%/76.24% | Time: fit=010s, train=002s, test=000s, total=012s
Epoch  93: Train%/Test% | Accuracy: 83.65%/76.89% | Precision: 83.48%/76.13% | Recall: 82.74%/77.97% | F1: 83.04%/76.24% | Time: fit=010s, train=002s, test=000s, total=012s
Epoch  94: Train%/Test% | Accuracy: 83.29%/76.89% | Precision: 83.07%/76.13% | Recall: 82.44%/77.97% | F1: 82.70%/76.24% | Time: fit=010s, train=002s, test=000s, total=012s
Epoch  95: Train%/Test% | Accuracy: 83.18%/76.42% | Precision: 82.96%/75.75% | Recall: 82.30%/77.59% | F1: 82.56%/75.79% | Time: fit=010s, train=002s, test=000s, total=012s
Epoch  96: Train%/Test% | Accuracy: 83.06%/75.94% | Precision: 82.74%/75.38% | Recall: 82.31%/77.22% | F1: 82.50%/75.35% | Time: fit=010s, train=002s, test=000s, total=013s
Epoch  97: Train%/Test% | Accuracy: 82.46%/75.94% | Precision: 82.16%/75.38% | Recall: 81.64%/77.22% | F1: 81.86%/75.35% | Time: fit=010s, train=002s, test=000s, total=012s
Epoch  98: Train%/Test% | Accuracy: 83.18%/75.94% | Precision: 82.87%/75.38% | Recall: 82.41%/77.22% | F1: 82.61%/75.35% | Time: fit=010s, train=002s, test=000s, total=012s
Epoch  99: Train%/Test% | Accuracy: 83.29%/76.42% | Precision: 83.01%/75.75% | Recall: 82.52%/77.59% | F1: 82.73%/75.79% | Time: fit=010s, train=002s, test=000s, total=012s
Epoch 100: Train%/Test% | Accuracy: 83.29%/76.42% | Precision: 83.04%/75.75% | Recall: 82.48%/77.59% | F1: 82.71%/75.79% | Time: fit=010s, train=002s, test=000s, total=012s
Epoch 101: Train%/Test% | Accuracy: 83.89%/76.42% | Precision: 83.80%/75.75% | Recall: 82.91%/77.59% | F1: 83.25%/75.79% | Time: fit=010s, train=002s, test=000s, total=012s
Epoch 102: Train%/Test% | Accuracy: 83.77%/76.42% | Precision: 83.59%/75.75% | Recall: 82.88%/77.59% | F1: 83.17%/75.79% | Time: fit=010s, train=002s, test=000s, total=012s
Epoch 103: Train%/Test% | Accuracy: 83.29%/76.42% | Precision: 83.07%/75.75% | Recall: 82.44%/77.59% | F1: 82.70%/75.79% | Time: fit=010s, train=002s, test=000s, total=012s
Epoch 104: Train%/Test% | Accuracy: 83.89%/76.42% | Precision: 83.61%/75.75% | Recall: 83.14%/77.59% | F1: 83.35%/75.79% | Time: fit=010s, train=002s, test=000s, total=012s
Epoch 105: Train%/Test% | Accuracy: 83.77%/76.42% | Precision: 83.56%/75.75% | Recall: 82.92%/77.59% | F1: 83.19%/75.79% | Time: fit=010s, train=002s, test=000s, total=012s
Epoch 106: Train%/Test% | Accuracy: 83.41%/76.42% | Precision: 83.17%/75.75% | Recall: 82.58%/77.59% | F1: 82.83%/75.79% | Time: fit=010s, train=002s, test=000s, total=012s
Epoch 107: Train%/Test% | Accuracy: 83.18%/75.94% | Precision: 82.83%/75.38% | Recall: 82.49%/77.22% | F1: 82.64%/75.35% | Time: fit=010s, train=002s, test=000s, total=012s
Epoch 108: Train%/Test% | Accuracy: 83.41%/76.42% | Precision: 83.10%/75.75% | Recall: 82.70%/77.59% | F1: 82.87%/75.79% | Time: fit=010s, train=002s, test=000s, total=012s
Epoch 109: Train%/Test% | Accuracy: 83.65%/76.89% | Precision: 83.42%/76.13% | Recall: 82.82%/77.97% | F1: 83.07%/76.24% | Time: fit=010s, train=002s, test=000s, total=012s
Epoch 110: Train%/Test% | Accuracy: 83.77%/76.89% | Precision: 83.53%/76.13% | Recall: 82.96%/77.97% | F1: 83.20%/76.24% | Time: fit=010s, train=002s, test=000s, total=012s
Epoch 111: Train%/Test% | Accuracy: 83.77%/76.89% | Precision: 83.59%/76.13% | Recall: 82.88%/77.97% | F1: 83.17%/76.24% | Time: fit=010s, train=002s, test=000s, total=012s
Epoch 112: Train%/Test% | Accuracy: 83.77%/75.94% | Precision: 83.53%/75.18% | Recall: 82.96%/76.95% | F1: 83.20%/75.27% | Time: fit=010s, train=002s, test=000s, total=012s
Epoch 113: Train%/Test% | Accuracy: 83.65%/75.94% | Precision: 83.39%/75.18% | Recall: 82.86%/76.95% | F1: 83.09%/75.27% | Time: fit=010s, train=002s, test=000s, total=012s
Epoch 114: Train%/Test% | Accuracy: 83.29%/76.42% | Precision: 83.01%/75.75% | Recall: 82.52%/77.59% | F1: 82.73%/75.79% | Time: fit=010s, train=002s, test=000s, total=012s
Epoch 115: Train%/Test% | Accuracy: 83.06%/76.42% | Precision: 82.76%/75.75% | Recall: 82.27%/77.59% | F1: 82.48%/75.79% | Time: fit=010s, train=002s, test=000s, total=012s
Epoch 116: Train%/Test% | Accuracy: 83.18%/76.42% | Precision: 82.85%/75.75% | Recall: 82.45%/77.59% | F1: 82.63%/75.79% | Time: fit=010s, train=002s, test=000s, total=012s
Epoch 117: Train%/Test% | Accuracy: 83.06%/76.42% | Precision: 82.76%/75.75% | Recall: 82.27%/77.59% | F1: 82.48%/75.79% | Time: fit=010s, train=002s, test=000s, total=012s
Epoch 118: Train%/Test% | Accuracy: 83.53%/76.89% | Precision: 83.34%/76.13% | Recall: 82.64%/77.97% | F1: 82.92%/76.24% | Time: fit=010s, train=002s, test=000s, total=012s
Epoch 119: Train%/Test% | Accuracy: 83.77%/76.89% | Precision: 83.66%/76.13% | Recall: 82.81%/77.97% | F1: 83.14%/76.24% | Time: fit=010s, train=002s, test=000s, total=012s
Epoch 120: Train%/Test% | Accuracy: 83.77%/76.89% | Precision: 83.63%/76.13% | Recall: 82.85%/77.97% | F1: 83.15%/76.24% | Time: fit=010s, train=002s, test=000s, total=012s
Epoch 121: Train%/Test% | Accuracy: 83.41%/76.89% | Precision: 83.24%/76.13% | Recall: 82.50%/77.97% | F1: 82.79%/76.24% | Time: fit=010s, train=002s, test=000s, total=013s
Epoch 122: Train%/Test% | Accuracy: 83.89%/76.89% | Precision: 83.77%/76.13% | Recall: 82.95%/77.97% | F1: 83.27%/76.24% | Time: fit=010s, train=002s, test=000s, total=012s
Epoch 123: Train%/Test% | Accuracy: 84.00%/76.89% | Precision: 83.99%/76.13% | Recall: 82.97%/77.97% | F1: 83.35%/76.24% | Time: fit=010s, train=002s, test=000s, total=013s
Epoch 124: Train%/Test% | Accuracy: 84.24%/76.89% | Precision: 84.20%/76.13% | Recall: 83.25%/77.97% | F1: 83.62%/76.24% | Time: fit=010s, train=002s, test=000s, total=012s
Epoch 125: Train%/Test% | Accuracy: 84.24%/76.89% | Precision: 84.16%/76.13% | Recall: 83.29%/77.97% | F1: 83.63%/76.24% | Time: fit=010s, train=002s, test=000s, total=012s
Epoch 126: Train%/Test% | Accuracy: 84.00%/76.89% | Precision: 83.84%/76.13% | Recall: 83.13%/77.97% | F1: 83.42%/76.24% | Time: fit=010s, train=002s, test=000s, total=012s
Epoch 127: Train%/Test% | Accuracy: 84.00%/76.89% | Precision: 83.84%/76.13% | Recall: 83.13%/77.97% | F1: 83.42%/76.24% | Time: fit=010s, train=002s, test=000s, total=012s
Epoch 128: Train%/Test% | Accuracy: 84.12%/76.42% | Precision: 83.98%/75.75% | Recall: 83.23%/77.59% | F1: 83.53%/75.79% | Time: fit=010s, train=002s, test=000s, total=012s
Epoch 129: Train%/Test% | Accuracy: 84.24%/76.89% | Precision: 84.12%/76.13% | Recall: 83.33%/77.97% | F1: 83.65%/76.24% | Time: fit=010s, train=002s, test=000s, total=012s
Epoch 130: Train%/Test% | Accuracy: 83.53%/76.89% | Precision: 83.45%/76.13% | Recall: 82.52%/77.97% | F1: 82.88%/76.24% | Time: fit=010s, train=002s, test=000s, total=012s
Epoch 131: Train%/Test% | Accuracy: 83.41%/76.89% | Precision: 83.27%/76.13% | Recall: 82.46%/77.97% | F1: 82.78%/76.24% | Time: fit=010s, train=002s, test=000s, total=013s
Epoch 132: Train%/Test% | Accuracy: 83.89%/76.89% | Precision: 83.73%/76.13% | Recall: 82.99%/77.97% | F1: 83.29%/76.24% | Time: fit=010s, train=002s, test=000s, total=012s
Epoch 133: Train%/Test% | Accuracy: 83.77%/76.89% | Precision: 83.59%/76.13% | Recall: 82.88%/77.97% | F1: 83.17%/76.24% | Time: fit=010s, train=002s, test=000s, total=012s
Epoch 134: Train%/Test% | Accuracy: 83.65%/76.89% | Precision: 83.45%/76.13% | Recall: 82.78%/77.97% | F1: 83.06%/76.24% | Time: fit=010s, train=002s, test=000s, total=012s
Epoch 135: Train%/Test% | Accuracy: 83.41%/76.89% | Precision: 83.15%/76.13% | Recall: 82.62%/77.97% | F1: 82.84%/76.24% | Time: fit=010s, train=002s, test=000s, total=012s
Epoch 136: Train%/Test% | Accuracy: 83.29%/76.89% | Precision: 83.04%/76.13% | Recall: 82.48%/77.97% | F1: 82.71%/76.24% | Time: fit=010s, train=002s, test=000s, total=012s
Epoch 137: Train%/Test% | Accuracy: 83.89%/76.89% | Precision: 83.73%/76.13% | Recall: 82.99%/77.97% | F1: 83.29%/76.24% | Time: fit=010s, train=002s, test=000s, total=012s
Epoch 138: Train%/Test% | Accuracy: 84.12%/76.89% | Precision: 83.98%/76.13% | Recall: 83.23%/77.97% | F1: 83.53%/76.24% | Time: fit=010s, train=002s, test=000s, total=012s
Epoch 139: Train%/Test% | Accuracy: 84.00%/76.89% | Precision: 83.84%/76.13% | Recall: 83.13%/77.97% | F1: 83.42%/76.24% | Time: fit=010s, train=002s, test=000s, total=012s
Epoch 140: Train%/Test% | Accuracy: 84.12%/76.42% | Precision: 83.95%/75.75% | Recall: 83.27%/77.59% | F1: 83.55%/75.79% | Time: fit=010s, train=002s, test=000s, total=012s
Epoch 141: Train%/Test% | Accuracy: 83.89%/76.42% | Precision: 83.77%/75.75% | Recall: 82.95%/77.59% | F1: 83.27%/75.79% | Time: fit=010s, train=002s, test=000s, total=012s
Epoch 142: Train%/Test% | Accuracy: 84.00%/76.42% | Precision: 83.81%/75.75% | Recall: 83.17%/77.59% | F1: 83.43%/75.79% | Time: fit=010s, train=002s, test=000s, total=012s
Epoch 143: Train%/Test% | Accuracy: 84.12%/76.42% | Precision: 83.95%/75.75% | Recall: 83.27%/77.59% | F1: 83.55%/75.79% | Time: fit=010s, train=002s, test=000s, total=012s
Epoch 144: Train%/Test% | Accuracy: 84.00%/76.42% | Precision: 83.91%/75.75% | Recall: 83.05%/77.59% | F1: 83.39%/75.79% | Time: fit=010s, train=002s, test=000s, total=012s
Epoch 145: Train%/Test% | Accuracy: 84.24%/76.89% | Precision: 84.16%/76.13% | Recall: 83.29%/77.97% | F1: 83.63%/76.24% | Time: fit=010s, train=002s, test=000s, total=012s
Epoch 146: Train%/Test% | Accuracy: 84.36%/76.89% | Precision: 84.23%/76.13% | Recall: 83.47%/77.97% | F1: 83.78%/76.24% | Time: fit=010s, train=002s, test=000s, total=012s
Epoch 147: Train%/Test% | Accuracy: 84.12%/76.89% | Precision: 84.02%/76.13% | Recall: 83.19%/77.97% | F1: 83.52%/76.24% | Time: fit=010s, train=002s, test=000s, total=013s
Epoch 148: Train%/Test% | Accuracy: 84.24%/76.89% | Precision: 84.12%/76.13% | Recall: 83.33%/77.97% | F1: 83.65%/76.24% | Time: fit=010s, train=002s, test=000s, total=013s
Epoch 149: Train%/Test% | Accuracy: 84.00%/76.42% | Precision: 83.84%/75.75% | Recall: 83.13%/77.59% | F1: 83.42%/75.79% | Time: fit=010s, train=002s, test=000s, total=013s
Epoch 150: Train%/Test% | Accuracy: 83.89%/76.89% | Precision: 83.73%/76.13% | Recall: 82.99%/77.97% | F1: 83.29%/76.24% | Time: fit=010s, train=002s, test=000s, total=012s
