[nltk_data] Downloading package wordnet to /home/bjorvl16/nltk_data...
[nltk_data]   Package wordnet is already up-to-date!
[nltk_data] Downloading package stopwords to
[nltk_data]     /home/bjorvl16/nltk_data...
[nltk_data]   Package stopwords is already up-to-date!
[*] Load dataset...
[*] Fix malformed data...
[*] Split...
[*] Encoding...
[*] Encoding feature: text... 4922
==============================
Using CPU for training
Dataset: fake-news-datasets-deception-Celebrity
TMU params: num-clauses=5000, T=200, s=15.0
Epochs: 150
Feature(s): text
max-vocab=15000, max-domain=500, max-tweet=500
====================
Train size: 400
Train classes: 2
Test size: 100
Test classes: 2
Total features: 4922
==============================
[*] Training for 150 epochs...
Epoch   1: Train%/Test% | Accuracy: 57.00%/53.00% | Precision: 57.17%/52.36% | Recall: 57.10%/52.29% | F1: 56.93%/52.19% | Time: fit=006s, train=000s, test=000s, total=006s
Epoch   2: Train%/Test% | Accuracy: 55.50%/59.00% | Precision: 68.35%/78.42% | Recall: 56.31%/55.43% | F1: 47.27%/46.05% | Time: fit=005s, train=000s, test=000s, total=005s
Epoch   3: Train%/Test% | Accuracy: 68.00%/65.00% | Precision: 71.48%/69.11% | Recall: 68.39%/62.76% | F1: 66.93%/60.72% | Time: fit=005s, train=000s, test=000s, total=005s
Epoch   4: Train%/Test% | Accuracy: 75.50%/60.00% | Precision: 77.37%/60.39% | Recall: 75.23%/60.39% | F1: 74.94%/60.00% | Time: fit=004s, train=000s, test=000s, total=005s
Epoch   5: Train%/Test% | Accuracy: 82.00%/69.00% | Precision: 82.00%/68.83% | Recall: 82.01%/68.88% | F1: 82.00%/68.85% | Time: fit=004s, train=000s, test=000s, total=004s
Epoch   6: Train%/Test% | Accuracy: 52.25%/55.00% | Precision: 75.32%/77.27% | Recall: 53.19%/51.09% | F1: 39.61%/37.42% | Time: fit=004s, train=000s, test=000s, total=004s
Epoch   7: Train%/Test% | Accuracy: 57.75%/57.00% | Precision: 76.85%/77.84% | Recall: 58.58%/53.26% | F1: 49.58%/41.88% | Time: fit=004s, train=000s, test=000s, total=004s
Epoch   8: Train%/Test% | Accuracy: 71.50%/62.00% | Precision: 81.61%/71.21% | Recall: 72.06%/59.02% | F1: 69.35%/53.86% | Time: fit=004s, train=000s, test=000s, total=004s
Epoch   9: Train%/Test% | Accuracy: 69.75%/64.00% | Precision: 80.91%/68.12% | Recall: 70.34%/61.67% | F1: 67.13%/59.29% | Time: fit=004s, train=000s, test=000s, total=004s
Epoch  10: Train%/Test% | Accuracy: 74.00%/65.00% | Precision: 82.67%/69.11% | Recall: 74.51%/62.76% | F1: 72.41%/60.72% | Time: fit=004s, train=000s, test=000s, total=004s
Epoch  11: Train%/Test% | Accuracy: 85.50%/72.00% | Precision: 88.58%/74.29% | Recall: 85.78%/70.53% | F1: 85.27%/70.29% | Time: fit=003s, train=000s, test=000s, total=004s
Epoch  12: Train%/Test% | Accuracy: 88.75%/76.00% | Precision: 89.01%/76.87% | Recall: 88.67%/76.65% | F1: 88.71%/75.99% | Time: fit=003s, train=000s, test=000s, total=003s
Epoch  13: Train%/Test% | Accuracy: 83.50%/77.00% | Precision: 87.22%/80.07% | Recall: 83.18%/78.22% | F1: 82.98%/76.81% | Time: fit=003s, train=000s, test=000s, total=003s
Epoch  14: Train%/Test% | Accuracy: 80.75%/70.00% | Precision: 85.65%/75.71% | Recall: 80.38%/71.74% | F1: 79.93%/69.21% | Time: fit=003s, train=000s, test=000s, total=003s
Epoch  15: Train%/Test% | Accuracy: 88.75%/74.00% | Precision: 89.93%/75.83% | Recall: 88.58%/74.96% | F1: 88.63%/73.91% | Time: fit=004s, train=000s, test=000s, total=004s
Epoch  16: Train%/Test% | Accuracy: 86.75%/76.00% | Precision: 88.84%/78.61% | Recall: 86.52%/77.13% | F1: 86.51%/75.85% | Time: fit=003s, train=000s, test=000s, total=003s
Epoch  17: Train%/Test% | Accuracy: 87.50%/74.00% | Precision: 89.35%/76.49% | Recall: 87.28%/75.12% | F1: 87.30%/73.83% | Time: fit=003s, train=000s, test=000s, total=003s
Epoch  18: Train%/Test% | Accuracy: 89.25%/73.00% | Precision: 90.45%/76.59% | Recall: 89.08%/74.36% | F1: 89.14%/72.67% | Time: fit=003s, train=000s, test=000s, total=003s
Epoch  19: Train%/Test% | Accuracy: 92.75%/75.00% | Precision: 92.79%/74.85% | Recall: 92.72%/74.92% | F1: 92.74%/74.88% | Time: fit=003s, train=000s, test=000s, total=003s
Epoch  20: Train%/Test% | Accuracy: 91.75%/72.00% | Precision: 91.91%/72.00% | Recall: 91.69%/72.14% | F1: 91.73%/71.96% | Time: fit=003s, train=000s, test=000s, total=004s
Epoch  21: Train%/Test% | Accuracy: 91.25%/75.00% | Precision: 91.78%/75.33% | Recall: 91.14%/75.40% | F1: 91.20%/75.00% | Time: fit=003s, train=000s, test=000s, total=004s
Epoch  22: Train%/Test% | Accuracy: 92.50%/76.00% | Precision: 92.64%/75.88% | Recall: 92.45%/76.01% | F1: 92.48%/75.91% | Time: fit=003s, train=000s, test=000s, total=003s
Epoch  23: Train%/Test% | Accuracy: 92.00%/78.00% | Precision: 92.19%/77.88% | Recall: 91.94%/78.02% | F1: 91.98%/77.92% | Time: fit=003s, train=000s, test=000s, total=003s
Epoch  24: Train%/Test% | Accuracy: 91.50%/77.00% | Precision: 91.63%/76.86% | Recall: 91.45%/76.93% | F1: 91.48%/76.89% | Time: fit=003s, train=000s, test=000s, total=003s
Epoch  25: Train%/Test% | Accuracy: 92.25%/75.00% | Precision: 92.34%/75.35% | Recall: 92.30%/74.28% | F1: 92.25%/74.42% | Time: fit=003s, train=000s, test=000s, total=003s
Epoch  26: Train%/Test% | Accuracy: 93.25%/75.00% | Precision: 93.34%/75.35% | Recall: 93.30%/74.28% | F1: 93.25%/74.42% | Time: fit=003s, train=000s, test=000s, total=003s
Epoch  27: Train%/Test% | Accuracy: 92.50%/76.00% | Precision: 92.78%/76.57% | Recall: 92.59%/75.20% | F1: 92.50%/75.37% | Time: fit=003s, train=000s, test=000s, total=003s
Epoch  28: Train%/Test% | Accuracy: 93.75%/74.00% | Precision: 93.84%/73.97% | Recall: 93.80%/73.51% | F1: 93.75%/73.62% | Time: fit=003s, train=000s, test=000s, total=003s
Epoch  29: Train%/Test% | Accuracy: 93.25%/74.00% | Precision: 93.34%/74.17% | Recall: 93.30%/73.35% | F1: 93.25%/73.48% | Time: fit=003s, train=000s, test=000s, total=003s
Epoch  30: Train%/Test% | Accuracy: 95.75%/75.00% | Precision: 95.78%/75.09% | Recall: 95.78%/74.44% | F1: 95.75%/74.57% | Time: fit=003s, train=000s, test=000s, total=003s
Epoch  31: Train%/Test% | Accuracy: 94.00%/72.00% | Precision: 94.34%/72.46% | Recall: 93.92%/72.46% | F1: 93.98%/72.00% | Time: fit=003s, train=000s, test=000s, total=003s
Epoch  32: Train%/Test% | Accuracy: 95.00%/75.00% | Precision: 95.00%/75.09% | Recall: 95.02%/74.44% | F1: 95.00%/74.57% | Time: fit=003s, train=000s, test=000s, total=003s
Epoch  33: Train%/Test% | Accuracy: 96.00%/73.00% | Precision: 96.00%/72.83% | Recall: 96.00%/72.75% | F1: 96.00%/72.78% | Time: fit=003s, train=000s, test=000s, total=003s
Epoch  34: Train%/Test% | Accuracy: 96.75%/73.00% | Precision: 96.75%/72.83% | Recall: 96.75%/72.75% | F1: 96.75%/72.78% | Time: fit=003s, train=000s, test=000s, total=003s
Epoch  35: Train%/Test% | Accuracy: 95.25%/74.00% | Precision: 95.44%/74.45% | Recall: 95.32%/73.19% | F1: 95.25%/73.32% | Time: fit=003s, train=000s, test=000s, total=003s
Epoch  36: Train%/Test% | Accuracy: 93.75%/71.00% | Precision: 94.34%/71.76% | Recall: 93.87%/69.93% | F1: 93.74%/69.91% | Time: fit=003s, train=000s, test=000s, total=003s
Epoch  37: Train%/Test% | Accuracy: 94.00%/72.00% | Precision: 94.55%/73.08% | Recall: 94.12%/70.85% | F1: 93.99%/70.83% | Time: fit=003s, train=000s, test=000s, total=003s
Epoch  38: Train%/Test% | Accuracy: 93.00%/70.00% | Precision: 93.54%/70.86% | Recall: 93.12%/68.84% | F1: 92.99%/68.75% | Time: fit=003s, train=000s, test=000s, total=003s
Epoch  39: Train%/Test% | Accuracy: 95.00%/73.00% | Precision: 95.29%/73.55% | Recall: 95.09%/72.10% | F1: 95.00%/72.20% | Time: fit=003s, train=000s, test=000s, total=003s
Epoch  40: Train%/Test% | Accuracy: 96.00%/74.00% | Precision: 96.17%/74.45% | Recall: 96.07%/73.19% | F1: 96.00%/73.32% | Time: fit=003s, train=000s, test=000s, total=003s
Epoch  41: Train%/Test% | Accuracy: 96.50%/75.00% | Precision: 96.57%/75.70% | Recall: 96.55%/74.11% | F1: 96.50%/74.26% | Time: fit=003s, train=000s, test=000s, total=003s
Epoch  42: Train%/Test% | Accuracy: 95.75%/74.00% | Precision: 95.84%/74.45% | Recall: 95.80%/73.19% | F1: 95.75%/73.32% | Time: fit=003s, train=000s, test=000s, total=003s
Epoch  43: Train%/Test% | Accuracy: 96.25%/74.00% | Precision: 96.28%/74.45% | Recall: 96.28%/73.19% | F1: 96.25%/73.32% | Time: fit=003s, train=000s, test=000s, total=003s
Epoch  44: Train%/Test% | Accuracy: 96.25%/73.00% | Precision: 96.26%/73.25% | Recall: 96.27%/72.26% | F1: 96.25%/72.38% | Time: fit=003s, train=000s, test=000s, total=003s
Epoch  45: Train%/Test% | Accuracy: 97.00%/72.00% | Precision: 97.00%/71.92% | Recall: 97.00%/71.50% | F1: 97.00%/71.59% | Time: fit=003s, train=000s, test=000s, total=003s
Epoch  46: Train%/Test% | Accuracy: 97.00%/73.00% | Precision: 97.00%/73.03% | Recall: 97.00%/72.42% | F1: 97.00%/72.54% | Time: fit=003s, train=000s, test=000s, total=003s
Epoch  47: Train%/Test% | Accuracy: 97.50%/73.00% | Precision: 97.49%/73.03% | Recall: 97.51%/72.42% | F1: 97.50%/72.54% | Time: fit=003s, train=000s, test=000s, total=003s
Epoch  48: Train%/Test% | Accuracy: 97.75%/71.00% | Precision: 97.89%/70.85% | Recall: 97.70%/70.57% | F1: 97.75%/70.64% | Time: fit=003s, train=000s, test=000s, total=003s
Epoch  49: Train%/Test% | Accuracy: 98.50%/74.00% | Precision: 98.57%/74.17% | Recall: 98.47%/73.35% | F1: 98.50%/73.48% | Time: fit=003s, train=000s, test=000s, total=003s
Epoch  50: Train%/Test% | Accuracy: 98.25%/73.00% | Precision: 98.34%/73.03% | Recall: 98.21%/72.42% | F1: 98.25%/72.54% | Time: fit=003s, train=000s, test=000s, total=003s
Epoch  51: Train%/Test% | Accuracy: 98.25%/73.00% | Precision: 98.25%/73.55% | Recall: 98.25%/72.10% | F1: 98.25%/72.20% | Time: fit=003s, train=000s, test=000s, total=003s
Epoch  52: Train%/Test% | Accuracy: 98.25%/73.00% | Precision: 98.26%/73.25% | Recall: 98.24%/72.26% | F1: 98.25%/72.38% | Time: fit=003s, train=000s, test=000s, total=003s
Epoch  53: Train%/Test% | Accuracy: 98.75%/74.00% | Precision: 98.80%/73.86% | Recall: 98.72%/73.67% | F1: 98.75%/73.74% | Time: fit=003s, train=000s, test=000s, total=003s
Epoch  54: Train%/Test% | Accuracy: 98.75%/73.00% | Precision: 98.76%/73.25% | Recall: 98.74%/72.26% | F1: 98.75%/72.38% | Time: fit=003s, train=000s, test=000s, total=003s
Epoch  55: Train%/Test% | Accuracy: 99.00%/73.00% | Precision: 98.99%/73.25% | Recall: 99.01%/72.26% | F1: 99.00%/72.38% | Time: fit=003s, train=000s, test=000s, total=003s
Epoch  56: Train%/Test% | Accuracy: 99.00%/73.00% | Precision: 98.99%/73.03% | Recall: 99.01%/72.42% | F1: 99.00%/72.54% | Time: fit=002s, train=000s, test=000s, total=003s
Epoch  57: Train%/Test% | Accuracy: 98.50%/75.00% | Precision: 98.49%/75.35% | Recall: 98.51%/74.28% | F1: 98.50%/74.42% | Time: fit=003s, train=000s, test=000s, total=003s
Epoch  58: Train%/Test% | Accuracy: 99.00%/72.00% | Precision: 98.99%/72.08% | Recall: 99.01%/71.34% | F1: 99.00%/71.44% | Time: fit=003s, train=000s, test=000s, total=003s
Epoch  59: Train%/Test% | Accuracy: 99.25%/74.00% | Precision: 99.25%/74.45% | Recall: 99.26%/73.19% | F1: 99.25%/73.32% | Time: fit=003s, train=000s, test=000s, total=003s
Epoch  60: Train%/Test% | Accuracy: 99.00%/74.00% | Precision: 99.00%/74.17% | Recall: 99.02%/73.35% | F1: 99.00%/73.48% | Time: fit=002s, train=000s, test=000s, total=003s
Epoch  61: Train%/Test% | Accuracy: 99.00%/74.00% | Precision: 98.99%/74.17% | Recall: 99.01%/73.35% | F1: 99.00%/73.48% | Time: fit=002s, train=000s, test=000s, total=003s
Epoch  62: Train%/Test% | Accuracy: 99.25%/73.00% | Precision: 99.25%/73.03% | Recall: 99.25%/72.42% | F1: 99.25%/72.54% | Time: fit=003s, train=000s, test=000s, total=003s
Epoch  63: Train%/Test% | Accuracy: 99.25%/71.00% | Precision: 99.26%/70.96% | Recall: 99.24%/70.41% | F1: 99.25%/70.50% | Time: fit=002s, train=000s, test=000s, total=002s
Epoch  64: Train%/Test% | Accuracy: 100.00%/73.00% | Precision: 100.00%/73.03% | Recall: 100.00%/72.42% | F1: 100.00%/72.54% | Time: fit=002s, train=000s, test=000s, total=002s
Epoch  65: Train%/Test% | Accuracy: 99.25%/72.00% | Precision: 99.25%/72.08% | Recall: 99.26%/71.34% | F1: 99.25%/71.44% | Time: fit=002s, train=000s, test=000s, total=003s
Epoch  66: Train%/Test% | Accuracy: 99.25%/74.00% | Precision: 99.25%/74.45% | Recall: 99.26%/73.19% | F1: 99.25%/73.32% | Time: fit=002s, train=000s, test=000s, total=003s
Epoch  67: Train%/Test% | Accuracy: 99.25%/74.00% | Precision: 99.25%/74.45% | Recall: 99.25%/73.19% | F1: 99.25%/73.32% | Time: fit=002s, train=000s, test=000s, total=003s
Epoch  68: Train%/Test% | Accuracy: 99.00%/74.00% | Precision: 99.00%/74.45% | Recall: 99.00%/73.19% | F1: 99.00%/73.32% | Time: fit=002s, train=000s, test=000s, total=003s
Epoch  69: Train%/Test% | Accuracy: 98.25%/73.00% | Precision: 98.28%/73.55% | Recall: 98.28%/72.10% | F1: 98.25%/72.20% | Time: fit=002s, train=000s, test=000s, total=003s
Epoch  70: Train%/Test% | Accuracy: 98.25%/73.00% | Precision: 98.28%/73.55% | Recall: 98.28%/72.10% | F1: 98.25%/72.20% | Time: fit=002s, train=000s, test=000s, total=003s
Epoch  71: Train%/Test% | Accuracy: 98.00%/73.00% | Precision: 98.04%/73.55% | Recall: 98.04%/72.10% | F1: 98.00%/72.20% | Time: fit=002s, train=000s, test=000s, total=003s
Epoch  72: Train%/Test% | Accuracy: 98.00%/74.00% | Precision: 98.04%/74.83% | Recall: 98.04%/73.03% | F1: 98.00%/73.13% | Time: fit=002s, train=000s, test=000s, total=002s
Epoch  73: Train%/Test% | Accuracy: 98.75%/73.00% | Precision: 98.76%/73.55% | Recall: 98.77%/72.10% | F1: 98.75%/72.20% | Time: fit=002s, train=000s, test=000s, total=003s
Epoch  74: Train%/Test% | Accuracy: 99.50%/73.00% | Precision: 99.49%/73.25% | Recall: 99.51%/72.26% | F1: 99.50%/72.38% | Time: fit=002s, train=000s, test=000s, total=003s
Epoch  75: Train%/Test% | Accuracy: 99.00%/74.00% | Precision: 98.99%/74.45% | Recall: 99.01%/73.19% | F1: 99.00%/73.32% | Time: fit=002s, train=000s, test=000s, total=002s
Epoch  76: Train%/Test% | Accuracy: 99.50%/73.00% | Precision: 99.50%/72.89% | Recall: 99.50%/72.58% | F1: 99.50%/72.67% | Time: fit=002s, train=000s, test=000s, total=002s
Epoch  77: Train%/Test% | Accuracy: 99.50%/72.00% | Precision: 99.50%/71.83% | Recall: 99.50%/71.66% | F1: 99.50%/71.72% | Time: fit=002s, train=000s, test=000s, total=003s
Epoch  78: Train%/Test% | Accuracy: 99.50%/75.00% | Precision: 99.49%/74.93% | Recall: 99.51%/74.60% | F1: 99.50%/74.69% | Time: fit=002s, train=000s, test=000s, total=002s
Epoch  79: Train%/Test% | Accuracy: 99.50%/74.00% | Precision: 99.49%/73.97% | Recall: 99.51%/73.51% | F1: 99.50%/73.62% | Time: fit=002s, train=000s, test=000s, total=002s
Epoch  80: Train%/Test% | Accuracy: 99.50%/76.00% | Precision: 99.50%/76.03% | Recall: 99.50%/75.52% | F1: 99.50%/75.65% | Time: fit=002s, train=000s, test=000s, total=003s
Epoch  81: Train%/Test% | Accuracy: 99.25%/73.00% | Precision: 99.26%/72.83% | Recall: 99.24%/72.75% | F1: 99.25%/72.78% | Time: fit=002s, train=000s, test=000s, total=003s
Epoch  82: Train%/Test% | Accuracy: 99.50%/75.00% | Precision: 99.50%/75.35% | Recall: 99.50%/74.28% | F1: 99.50%/74.42% | Time: fit=002s, train=000s, test=000s, total=003s
Epoch  83: Train%/Test% | Accuracy: 99.25%/73.00% | Precision: 99.25%/73.55% | Recall: 99.25%/72.10% | F1: 99.25%/72.20% | Time: fit=002s, train=000s, test=000s, total=003s
Epoch  84: Train%/Test% | Accuracy: 99.50%/74.00% | Precision: 99.49%/74.45% | Recall: 99.51%/73.19% | F1: 99.50%/73.32% | Time: fit=002s, train=000s, test=000s, total=003s
Epoch  85: Train%/Test% | Accuracy: 99.50%/75.00% | Precision: 99.49%/75.70% | Recall: 99.51%/74.11% | F1: 99.50%/74.26% | Time: fit=003s, train=000s, test=000s, total=003s
Epoch  86: Train%/Test% | Accuracy: 99.50%/75.00% | Precision: 99.49%/75.70% | Recall: 99.51%/74.11% | F1: 99.50%/74.26% | Time: fit=002s, train=000s, test=000s, total=003s
Epoch  87: Train%/Test% | Accuracy: 99.25%/74.00% | Precision: 99.25%/74.83% | Recall: 99.26%/73.03% | F1: 99.25%/73.13% | Time: fit=002s, train=000s, test=000s, total=003s
Epoch  88: Train%/Test% | Accuracy: 99.50%/75.00% | Precision: 99.49%/75.70% | Recall: 99.51%/74.11% | F1: 99.50%/74.26% | Time: fit=002s, train=000s, test=000s, total=003s
Epoch  89: Train%/Test% | Accuracy: 99.50%/74.00% | Precision: 99.49%/74.45% | Recall: 99.51%/73.19% | F1: 99.50%/73.32% | Time: fit=002s, train=000s, test=000s, total=003s
Epoch  90: Train%/Test% | Accuracy: 99.75%/72.00% | Precision: 99.75%/72.08% | Recall: 99.75%/71.34% | F1: 99.75%/71.44% | Time: fit=002s, train=000s, test=000s, total=003s
Epoch  91: Train%/Test% | Accuracy: 99.75%/73.00% | Precision: 99.75%/73.25% | Recall: 99.75%/72.26% | F1: 99.75%/72.38% | Time: fit=002s, train=000s, test=000s, total=003s
Epoch  92: Train%/Test% | Accuracy: 99.75%/73.00% | Precision: 99.75%/73.25% | Recall: 99.75%/72.26% | F1: 99.75%/72.38% | Time: fit=003s, train=000s, test=000s, total=003s
Epoch  93: Train%/Test% | Accuracy: 99.50%/74.00% | Precision: 99.49%/74.45% | Recall: 99.51%/73.19% | F1: 99.50%/73.32% | Time: fit=002s, train=000s, test=000s, total=003s
Epoch  94: Train%/Test% | Accuracy: 99.50%/75.00% | Precision: 99.49%/75.35% | Recall: 99.51%/74.28% | F1: 99.50%/74.42% | Time: fit=002s, train=000s, test=000s, total=003s
Epoch  95: Train%/Test% | Accuracy: 99.50%/75.00% | Precision: 99.49%/75.09% | Recall: 99.51%/74.44% | F1: 99.50%/74.57% | Time: fit=002s, train=000s, test=000s, total=003s
Epoch  96: Train%/Test% | Accuracy: 99.50%/75.00% | Precision: 99.49%/75.09% | Recall: 99.51%/74.44% | F1: 99.50%/74.57% | Time: fit=002s, train=000s, test=000s, total=003s
Epoch  97: Train%/Test% | Accuracy: 99.50%/74.00% | Precision: 99.49%/74.17% | Recall: 99.51%/73.35% | F1: 99.50%/73.48% | Time: fit=002s, train=000s, test=000s, total=003s
Epoch  98: Train%/Test% | Accuracy: 99.25%/75.00% | Precision: 99.25%/75.35% | Recall: 99.26%/74.28% | F1: 99.25%/74.42% | Time: fit=002s, train=000s, test=000s, total=003s
Epoch  99: Train%/Test% | Accuracy: 99.25%/77.00% | Precision: 99.25%/77.16% | Recall: 99.25%/76.45% | F1: 99.25%/76.60% | Time: fit=002s, train=000s, test=000s, total=002s
Epoch 100: Train%/Test% | Accuracy: 99.50%/75.00% | Precision: 99.50%/74.93% | Recall: 99.50%/74.60% | F1: 99.50%/74.69% | Time: fit=002s, train=000s, test=000s, total=003s
Epoch 101: Train%/Test% | Accuracy: 99.50%/75.00% | Precision: 99.49%/75.35% | Recall: 99.51%/74.28% | F1: 99.50%/74.42% | Time: fit=002s, train=000s, test=000s, total=003s
Epoch 102: Train%/Test% | Accuracy: 99.50%/74.00% | Precision: 99.49%/73.97% | Recall: 99.51%/73.51% | F1: 99.50%/73.62% | Time: fit=002s, train=000s, test=000s, total=002s
Epoch 103: Train%/Test% | Accuracy: 99.75%/75.00% | Precision: 99.75%/75.09% | Recall: 99.75%/74.44% | F1: 99.75%/74.57% | Time: fit=002s, train=000s, test=000s, total=003s
Epoch 104: Train%/Test% | Accuracy: 99.75%/72.00% | Precision: 99.76%/71.83% | Recall: 99.74%/71.66% | F1: 99.75%/71.72% | Time: fit=002s, train=000s, test=000s, total=003s
Epoch 105: Train%/Test% | Accuracy: 99.75%/73.00% | Precision: 99.75%/72.89% | Recall: 99.75%/72.58% | F1: 99.75%/72.67% | Time: fit=002s, train=000s, test=000s, total=002s
Epoch 106: Train%/Test% | Accuracy: 99.50%/74.00% | Precision: 99.49%/74.45% | Recall: 99.51%/73.19% | F1: 99.50%/73.32% | Time: fit=002s, train=000s, test=000s, total=002s
Epoch 107: Train%/Test% | Accuracy: 99.50%/75.00% | Precision: 99.49%/75.35% | Recall: 99.51%/74.28% | F1: 99.50%/74.42% | Time: fit=002s, train=000s, test=000s, total=002s
Epoch 108: Train%/Test% | Accuracy: 99.75%/74.00% | Precision: 99.75%/74.17% | Recall: 99.75%/73.35% | F1: 99.75%/73.48% | Time: fit=002s, train=000s, test=000s, total=002s
Epoch 109: Train%/Test% | Accuracy: 99.50%/74.00% | Precision: 99.49%/74.45% | Recall: 99.51%/73.19% | F1: 99.50%/73.32% | Time: fit=002s, train=000s, test=000s, total=002s
Epoch 110: Train%/Test% | Accuracy: 99.50%/74.00% | Precision: 99.49%/74.45% | Recall: 99.51%/73.19% | F1: 99.50%/73.32% | Time: fit=002s, train=000s, test=000s, total=002s
Epoch 111: Train%/Test% | Accuracy: 99.50%/74.00% | Precision: 99.49%/74.45% | Recall: 99.51%/73.19% | F1: 99.50%/73.32% | Time: fit=002s, train=000s, test=000s, total=002s
Epoch 112: Train%/Test% | Accuracy: 99.50%/75.00% | Precision: 99.49%/75.70% | Recall: 99.51%/74.11% | F1: 99.50%/74.26% | Time: fit=002s, train=000s, test=000s, total=002s
Epoch 113: Train%/Test% | Accuracy: 99.75%/71.00% | Precision: 99.75%/70.85% | Recall: 99.75%/70.57% | F1: 99.75%/70.64% | Time: fit=002s, train=000s, test=000s, total=002s
Epoch 114: Train%/Test% | Accuracy: 99.75%/73.00% | Precision: 99.75%/73.03% | Recall: 99.75%/72.42% | F1: 99.75%/72.54% | Time: fit=002s, train=000s, test=000s, total=002s
Epoch 115: Train%/Test% | Accuracy: 99.75%/73.00% | Precision: 99.75%/73.03% | Recall: 99.75%/72.42% | F1: 99.75%/72.54% | Time: fit=002s, train=000s, test=000s, total=002s
Epoch 116: Train%/Test% | Accuracy: 100.00%/71.00% | Precision: 100.00%/70.85% | Recall: 100.00%/70.57% | F1: 100.00%/70.64% | Time: fit=002s, train=000s, test=000s, total=002s
Epoch 117: Train%/Test% | Accuracy: 99.75%/73.00% | Precision: 99.75%/73.03% | Recall: 99.75%/72.42% | F1: 99.75%/72.54% | Time: fit=002s, train=000s, test=000s, total=002s
Epoch 118: Train%/Test% | Accuracy: 99.50%/74.00% | Precision: 99.49%/74.17% | Recall: 99.51%/73.35% | F1: 99.50%/73.48% | Time: fit=002s, train=000s, test=000s, total=002s
Epoch 119: Train%/Test% | Accuracy: 99.75%/73.00% | Precision: 99.75%/73.03% | Recall: 99.75%/72.42% | F1: 99.75%/72.54% | Time: fit=002s, train=000s, test=000s, total=002s
Epoch 120: Train%/Test% | Accuracy: 99.75%/73.00% | Precision: 99.75%/73.03% | Recall: 99.75%/72.42% | F1: 99.75%/72.54% | Time: fit=002s, train=000s, test=000s, total=002s
Epoch 121: Train%/Test% | Accuracy: 99.75%/73.00% | Precision: 99.75%/73.25% | Recall: 99.75%/72.26% | F1: 99.75%/72.38% | Time: fit=002s, train=000s, test=000s, total=002s
Epoch 122: Train%/Test% | Accuracy: 99.75%/72.00% | Precision: 99.75%/71.92% | Recall: 99.75%/71.50% | F1: 99.75%/71.59% | Time: fit=002s, train=000s, test=000s, total=002s
Epoch 123: Train%/Test% | Accuracy: 100.00%/73.00% | Precision: 100.00%/72.89% | Recall: 100.00%/72.58% | F1: 100.00%/72.67% | Time: fit=002s, train=000s, test=000s, total=002s
Epoch 124: Train%/Test% | Accuracy: 99.75%/72.00% | Precision: 99.75%/71.92% | Recall: 99.75%/71.50% | F1: 99.75%/71.59% | Time: fit=002s, train=000s, test=000s, total=002s
Epoch 125: Train%/Test% | Accuracy: 99.75%/75.00% | Precision: 99.75%/75.09% | Recall: 99.75%/74.44% | F1: 99.75%/74.57% | Time: fit=002s, train=000s, test=000s, total=002s
Epoch 126: Train%/Test% | Accuracy: 99.75%/73.00% | Precision: 99.75%/73.03% | Recall: 99.75%/72.42% | F1: 99.75%/72.54% | Time: fit=002s, train=000s, test=000s, total=002s
Epoch 127: Train%/Test% | Accuracy: 99.50%/73.00% | Precision: 99.49%/73.03% | Recall: 99.51%/72.42% | F1: 99.50%/72.54% | Time: fit=002s, train=000s, test=000s, total=002s
Epoch 128: Train%/Test% | Accuracy: 99.75%/74.00% | Precision: 99.75%/74.45% | Recall: 99.75%/73.19% | F1: 99.75%/73.32% | Time: fit=002s, train=000s, test=000s, total=002s
Epoch 129: Train%/Test% | Accuracy: 99.50%/73.00% | Precision: 99.49%/73.55% | Recall: 99.51%/72.10% | F1: 99.50%/72.20% | Time: fit=002s, train=000s, test=000s, total=002s
Epoch 130: Train%/Test% | Accuracy: 99.50%/74.00% | Precision: 99.49%/74.17% | Recall: 99.51%/73.35% | F1: 99.50%/73.48% | Time: fit=002s, train=000s, test=000s, total=002s
Epoch 131: Train%/Test% | Accuracy: 99.50%/75.00% | Precision: 99.49%/75.09% | Recall: 99.51%/74.44% | F1: 99.50%/74.57% | Time: fit=002s, train=000s, test=000s, total=002s
Epoch 132: Train%/Test% | Accuracy: 99.50%/74.00% | Precision: 99.49%/74.45% | Recall: 99.51%/73.19% | F1: 99.50%/73.32% | Time: fit=002s, train=000s, test=000s, total=002s
Epoch 133: Train%/Test% | Accuracy: 99.50%/74.00% | Precision: 99.49%/74.45% | Recall: 99.51%/73.19% | F1: 99.50%/73.32% | Time: fit=002s, train=000s, test=000s, total=002s
Epoch 134: Train%/Test% | Accuracy: 99.25%/73.00% | Precision: 99.25%/74.47% | Recall: 99.26%/71.78% | F1: 99.25%/71.75% | Time: fit=002s, train=000s, test=000s, total=002s
Epoch 135: Train%/Test% | Accuracy: 99.50%/74.00% | Precision: 99.49%/74.83% | Recall: 99.51%/73.03% | F1: 99.50%/73.13% | Time: fit=002s, train=000s, test=000s, total=002s
Epoch 136: Train%/Test% | Accuracy: 99.50%/75.00% | Precision: 99.49%/75.35% | Recall: 99.51%/74.28% | F1: 99.50%/74.42% | Time: fit=002s, train=000s, test=000s, total=002s
Epoch 137: Train%/Test% | Accuracy: 99.75%/75.00% | Precision: 99.75%/75.09% | Recall: 99.75%/74.44% | F1: 99.75%/74.57% | Time: fit=002s, train=000s, test=000s, total=002s
Epoch 138: Train%/Test% | Accuracy: 99.75%/76.00% | Precision: 99.75%/76.25% | Recall: 99.75%/75.36% | F1: 99.75%/75.52% | Time: fit=002s, train=000s, test=000s, total=002s
Epoch 139: Train%/Test% | Accuracy: 100.00%/73.00% | Precision: 100.00%/72.89% | Recall: 100.00%/72.58% | F1: 100.00%/72.67% | Time: fit=002s, train=000s, test=000s, total=002s
Epoch 140: Train%/Test% | Accuracy: 100.00%/73.00% | Precision: 100.00%/72.89% | Recall: 100.00%/72.58% | F1: 100.00%/72.67% | Time: fit=002s, train=000s, test=000s, total=002s
Epoch 141: Train%/Test% | Accuracy: 99.75%/74.00% | Precision: 99.75%/73.97% | Recall: 99.75%/73.51% | F1: 99.75%/73.62% | Time: fit=002s, train=000s, test=000s, total=002s
Epoch 142: Train%/Test% | Accuracy: 99.75%/74.00% | Precision: 99.75%/73.97% | Recall: 99.75%/73.51% | F1: 99.75%/73.62% | Time: fit=002s, train=000s, test=000s, total=002s
Epoch 143: Train%/Test% | Accuracy: 99.75%/75.00% | Precision: 99.75%/75.35% | Recall: 99.75%/74.28% | F1: 99.75%/74.42% | Time: fit=002s, train=000s, test=000s, total=002s
Epoch 144: Train%/Test% | Accuracy: 99.75%/74.00% | Precision: 99.75%/73.97% | Recall: 99.75%/73.51% | F1: 99.75%/73.62% | Time: fit=002s, train=000s, test=000s, total=002s
Epoch 145: Train%/Test% | Accuracy: 99.75%/71.00% | Precision: 99.75%/70.81% | Recall: 99.75%/70.73% | F1: 99.75%/70.76% | Time: fit=002s, train=000s, test=000s, total=002s
Epoch 146: Train%/Test% | Accuracy: 99.75%/72.00% | Precision: 99.75%/71.83% | Recall: 99.75%/71.66% | F1: 99.75%/71.72% | Time: fit=002s, train=000s, test=000s, total=002s
Epoch 147: Train%/Test% | Accuracy: 99.50%/73.00% | Precision: 99.49%/73.03% | Recall: 99.51%/72.42% | F1: 99.50%/72.54% | Time: fit=002s, train=000s, test=000s, total=002s
Epoch 148: Train%/Test% | Accuracy: 99.50%/73.00% | Precision: 99.49%/73.03% | Recall: 99.51%/72.42% | F1: 99.50%/72.54% | Time: fit=002s, train=000s, test=000s, total=002s
Epoch 149: Train%/Test% | Accuracy: 99.50%/73.00% | Precision: 99.49%/73.03% | Recall: 99.51%/72.42% | F1: 99.50%/72.54% | Time: fit=002s, train=000s, test=000s, total=002s
Epoch 150: Train%/Test% | Accuracy: 99.50%/72.00% | Precision: 99.49%/72.33% | Recall: 99.51%/71.18% | F1: 99.50%/71.26% | Time: fit=002s, train=000s, test=000s, total=002s
