[*] Load dataset...
[*] Fix malformed data...
[*] Split...
[*] Encoding...
[*] -> text...
[*] -> domain...
pipeline.py:185: SettingWithCopyWarning: 
A value is trying to be set on a copy of a slice from a DataFrame.
Try using .loc[row_indexer,col_indexer] = value instead

See the caveats in the documentation: https://pandas.pydata.org/pandas-docs/stable/user_guide/indexing.html#returning-a-view-versus-a-copy
  train_df['domain'] = train_df['url'].apply(extract_domain)
pipeline.py:186: SettingWithCopyWarning: 
A value is trying to be set on a copy of a slice from a DataFrame.
Try using .loc[row_indexer,col_indexer] = value instead

See the caveats in the documentation: https://pandas.pydata.org/pandas-docs/stable/user_guide/indexing.html#returning-a-view-versus-a-copy
  test_df['domain'] = test_df['url'].apply(extract_domain)
[*] Encoding complete!
==============================
Using GPU for training
Dataset: FakeNewsNet-gossipcop
TMU params: num-clauses=5000, T=100, s=10.0
Epochs: 100
Feature(s): text, domain
max-vocab=3000, max-domain=500, max-tweet=500
====================
Train size: 17712
Train classes: 2
Test size: 4428
Test classes: 2
Total features: 3500
==============================
[*] Training for 100 epochs...
Epoch   1: Train%/Test% | Accuracy: 68.09%/67.48% | Precision: 65.40%/64.94% | Recall: 70.83%/70.20% | F1: 64.57%/63.99% | Time: fit=029s, train=008s, test=002s, total=039s
Epoch   2: Train%/Test% | Accuracy: 74.19%/73.69% | Precision: 68.02%/67.57% | Recall: 72.45%/71.92% | F1: 68.98%/68.47% | Time: fit=027s, train=007s, test=002s, total=036s
Epoch   3: Train%/Test% | Accuracy: 74.96%/74.84% | Precision: 68.49%/68.68% | Recall: 72.66%/73.16% | F1: 69.54%/69.71% | Time: fit=027s, train=007s, test=002s, total=036s
Epoch   4: Train%/Test% | Accuracy: 75.83%/75.27% | Precision: 69.58%/69.25% | Recall: 74.13%/73.96% | F1: 70.72%/70.32% | Time: fit=027s, train=007s, test=002s, total=035s
Epoch   5: Train%/Test% | Accuracy: 76.26%/75.18% | Precision: 69.94%/69.13% | Recall: 74.45%/73.80% | F1: 71.13%/70.20% | Time: fit=027s, train=007s, test=002s, total=035s
Epoch   6: Train%/Test% | Accuracy: 76.45%/75.90% | Precision: 70.12%/69.65% | Recall: 74.63%/74.15% | F1: 71.32%/70.80% | Time: fit=026s, train=007s, test=002s, total=035s
Epoch   7: Train%/Test% | Accuracy: 59.86%/58.56% | Precision: 63.97%/63.12% | Recall: 68.72%/67.46% | F1: 58.41%/57.21% | Time: fit=027s, train=007s, test=002s, total=035s
Epoch   8: Train%/Test% | Accuracy: 59.56%/58.33% | Precision: 63.67%/62.97% | Recall: 68.32%/67.24% | F1: 58.11%/57.00% | Time: fit=026s, train=007s, test=002s, total=034s
Epoch   9: Train%/Test% | Accuracy: 60.55%/59.39% | Precision: 63.93%/63.27% | Recall: 68.80%/67.78% | F1: 58.93%/57.89% | Time: fit=026s, train=007s, test=002s, total=034s
Epoch  10: Train%/Test% | Accuracy: 60.98%/59.69% | Precision: 64.24%/63.42% | Recall: 69.23%/68.01% | F1: 59.34%/58.15% | Time: fit=026s, train=006s, test=002s, total=034s
Epoch  11: Train%/Test% | Accuracy: 61.99%/60.79% | Precision: 64.43%/63.65% | Recall: 69.60%/68.45% | F1: 60.15%/59.04% | Time: fit=026s, train=007s, test=002s, total=034s
Epoch  12: Train%/Test% | Accuracy: 62.16%/61.29% | Precision: 64.43%/63.86% | Recall: 69.63%/68.78% | F1: 60.27%/59.47% | Time: fit=026s, train=006s, test=002s, total=034s
Epoch  13: Train%/Test% | Accuracy: 62.61%/61.72% | Precision: 64.72%/64.31% | Recall: 70.04%/69.38% | F1: 60.70%/59.93% | Time: fit=026s, train=006s, test=002s, total=034s
Epoch  14: Train%/Test% | Accuracy: 64.90%/63.87% | Precision: 65.14%/64.62% | Recall: 70.74%/69.96% | F1: 62.46%/61.56% | Time: fit=026s, train=006s, test=002s, total=034s
Epoch  15: Train%/Test% | Accuracy: 78.01%/77.57% | Precision: 71.43%/71.15% | Recall: 75.53%/75.47% | F1: 72.73%/72.44% | Time: fit=026s, train=006s, test=002s, total=034s
Epoch  16: Train%/Test% | Accuracy: 78.42%/77.53% | Precision: 71.83%/71.14% | Recall: 75.88%/75.51% | F1: 73.15%/72.43% | Time: fit=026s, train=006s, test=002s, total=034s
Epoch  17: Train%/Test% | Accuracy: 78.21%/77.24% | Precision: 71.72%/70.91% | Recall: 75.97%/75.38% | F1: 73.05%/72.18% | Time: fit=026s, train=006s, test=002s, total=034s
Epoch  18: Train%/Test% | Accuracy: 78.41%/77.37% | Precision: 71.96%/70.95% | Recall: 76.29%/75.27% | F1: 73.31%/72.23% | Time: fit=026s, train=006s, test=002s, total=034s
Epoch  19: Train%/Test% | Accuracy: 78.24%/77.82% | Precision: 71.74%/71.45% | Recall: 75.98%/75.86% | F1: 73.07%/72.77% | Time: fit=026s, train=006s, test=002s, total=034s
Epoch  20: Train%/Test% | Accuracy: 78.92%/78.36% | Precision: 72.18%/71.73% | Recall: 75.81%/75.58% | F1: 73.46%/73.01% | Time: fit=026s, train=006s, test=002s, total=034s
Epoch  21: Train%/Test% | Accuracy: 78.65%/77.87% | Precision: 71.96%/71.37% | Recall: 75.76%/75.54% | F1: 73.25%/72.66% | Time: fit=026s, train=006s, test=002s, total=034s
Epoch  22: Train%/Test% | Accuracy: 79.67%/79.25% | Precision: 72.79%/72.42% | Recall: 75.72%/75.58% | F1: 73.93%/73.60% | Time: fit=025s, train=006s, test=002s, total=033s
Epoch  23: Train%/Test% | Accuracy: 79.38%/78.95% | Precision: 72.56%/72.26% | Recall: 75.82%/75.87% | F1: 73.77%/73.53% | Time: fit=026s, train=006s, test=002s, total=034s
Epoch  24: Train%/Test% | Accuracy: 79.56%/79.18% | Precision: 72.66%/72.35% | Recall: 75.62%/75.54% | F1: 73.81%/73.54% | Time: fit=026s, train=006s, test=002s, total=033s
Epoch  25: Train%/Test% | Accuracy: 78.74%/78.12% | Precision: 72.08%/71.62% | Recall: 75.91%/75.77% | F1: 73.38%/72.92% | Time: fit=025s, train=006s, test=002s, total=033s
Epoch  26: Train%/Test% | Accuracy: 80.54%/79.99% | Precision: 73.40%/72.78% | Recall: 73.96%/73.77% | F1: 73.67%/73.24% | Time: fit=026s, train=006s, test=002s, total=034s
Epoch  27: Train%/Test% | Accuracy: 80.08%/79.58% | Precision: 72.90%/72.37% | Recall: 74.21%/73.95% | F1: 73.49%/73.07% | Time: fit=025s, train=006s, test=002s, total=033s
Epoch  28: Train%/Test% | Accuracy: 77.38%/76.87% | Precision: 71.29%/70.93% | Recall: 76.24%/75.97% | F1: 72.59%/72.17% | Time: fit=025s, train=006s, test=002s, total=033s
Epoch  29: Train%/Test% | Accuracy: 78.24%/77.82% | Precision: 71.83%/71.50% | Recall: 76.25%/75.99% | F1: 73.18%/72.82% | Time: fit=026s, train=006s, test=002s, total=034s
Epoch  30: Train%/Test% | Accuracy: 78.71%/78.55% | Precision: 72.24%/72.09% | Recall: 76.48%/76.30% | F1: 73.60%/73.44% | Time: fit=025s, train=006s, test=002s, total=033s
Epoch  31: Train%/Test% | Accuracy: 78.80%/78.91% | Precision: 72.28%/72.53% | Recall: 76.44%/76.86% | F1: 73.64%/73.91% | Time: fit=026s, train=006s, test=002s, total=034s
Epoch  32: Train%/Test% | Accuracy: 78.57%/78.57% | Precision: 72.02%/72.17% | Recall: 76.13%/76.48% | F1: 73.35%/73.52% | Time: fit=026s, train=006s, test=002s, total=034s
Epoch  33: Train%/Test% | Accuracy: 78.45%/78.09% | Precision: 72.01%/71.84% | Recall: 76.37%/76.45% | F1: 73.37%/73.19% | Time: fit=026s, train=006s, test=002s, total=034s
Epoch  34: Train%/Test% | Accuracy: 77.79%/76.81% | Precision: 71.56%/70.81% | Recall: 76.30%/75.77% | F1: 72.90%/72.05% | Time: fit=025s, train=006s, test=002s, total=034s
Epoch  35: Train%/Test% | Accuracy: 78.00%/77.35% | Precision: 71.69%/71.19% | Recall: 76.30%/75.93% | F1: 73.03%/72.48% | Time: fit=026s, train=006s, test=002s, total=034s
Epoch  36: Train%/Test% | Accuracy: 77.91%/77.12% | Precision: 71.59%/70.96% | Recall: 76.19%/75.69% | F1: 72.93%/72.23% | Time: fit=026s, train=006s, test=002s, total=034s
Epoch  37: Train%/Test% | Accuracy: 78.05%/77.48% | Precision: 71.66%/71.28% | Recall: 76.13%/75.96% | F1: 73.00%/72.58% | Time: fit=026s, train=006s, test=002s, total=034s
Epoch  38: Train%/Test% | Accuracy: 78.04%/77.28% | Precision: 71.75%/71.18% | Recall: 76.38%/76.01% | F1: 73.10%/72.46% | Time: fit=026s, train=006s, test=002s, total=034s
Epoch  39: Train%/Test% | Accuracy: 77.42%/76.81% | Precision: 71.41%/71.04% | Recall: 76.49%/76.31% | F1: 72.71%/72.26% | Time: fit=025s, train=006s, test=002s, total=033s
Epoch  40: Train%/Test% | Accuracy: 77.55%/76.78% | Precision: 71.54%/71.06% | Recall: 76.62%/76.39% | F1: 72.86%/72.27% | Time: fit=025s, train=006s, test=002s, total=033s
Epoch  41: Train%/Test% | Accuracy: 77.47%/76.74% | Precision: 71.48%/71.01% | Recall: 76.58%/76.33% | F1: 72.78%/72.22% | Time: fit=026s, train=006s, test=002s, total=034s
Epoch  42: Train%/Test% | Accuracy: 79.84%/79.07% | Precision: 72.97%/72.18% | Recall: 75.87%/75.24% | F1: 74.11%/73.33% | Time: fit=026s, train=006s, test=002s, total=034s
Epoch  43: Train%/Test% | Accuracy: 79.12%/78.91% | Precision: 72.50%/72.44% | Recall: 76.35%/76.57% | F1: 73.82%/73.79% | Time: fit=025s, train=006s, test=002s, total=033s
Epoch  44: Train%/Test% | Accuracy: 78.93%/78.30% | Precision: 72.42%/71.95% | Recall: 76.58%/76.40% | F1: 73.79%/73.30% | Time: fit=026s, train=006s, test=002s, total=034s
Epoch  45: Train%/Test% | Accuracy: 78.34%/77.53% | Precision: 72.07%/71.45% | Recall: 76.73%/76.34% | F1: 73.44%/72.76% | Time: fit=025s, train=006s, test=002s, total=033s
Epoch  46: Train%/Test% | Accuracy: 78.48%/77.66% | Precision: 72.13%/71.49% | Recall: 76.65%/76.24% | F1: 73.50%/72.81% | Time: fit=026s, train=006s, test=002s, total=033s
Epoch  47: Train%/Test% | Accuracy: 78.65%/77.73% | Precision: 72.32%/71.53% | Recall: 76.89%/76.22% | F1: 73.71%/72.85% | Time: fit=025s, train=006s, test=002s, total=033s
Epoch  48: Train%/Test% | Accuracy: 78.73%/77.80% | Precision: 72.42%/71.61% | Recall: 77.01%/76.32% | F1: 73.82%/72.94% | Time: fit=026s, train=006s, test=002s, total=034s
Epoch  49: Train%/Test% | Accuracy: 79.84%/78.86% | Precision: 73.37%/72.48% | Recall: 77.44%/76.80% | F1: 74.77%/73.85% | Time: fit=025s, train=006s, test=002s, total=033s
Epoch  50: Train%/Test% | Accuracy: 78.44%/77.37% | Precision: 72.44%/71.62% | Recall: 77.61%/77.00% | F1: 73.85%/72.90% | Time: fit=026s, train=006s, test=002s, total=033s
Epoch  51: Train%/Test% | Accuracy: 80.77%/80.24% | Precision: 73.84%/73.25% | Recall: 75.50%/75.12% | F1: 74.57%/74.06% | Time: fit=025s, train=006s, test=002s, total=033s
Epoch  52: Train%/Test% | Accuracy: 81.05%/80.71% | Precision: 74.13%/73.79% | Recall: 75.28%/75.33% | F1: 74.66%/74.48% | Time: fit=026s, train=006s, test=002s, total=033s
Epoch  53: Train%/Test% | Accuracy: 81.31%/80.92% | Precision: 74.40%/73.92% | Recall: 74.24%/74.03% | F1: 74.32%/73.97% | Time: fit=026s, train=006s, test=002s, total=033s
Epoch  54: Train%/Test% | Accuracy: 80.75%/80.53% | Precision: 73.66%/73.43% | Recall: 73.97%/73.94% | F1: 73.81%/73.68% | Time: fit=026s, train=006s, test=002s, total=034s
Epoch  55: Train%/Test% | Accuracy: 78.56%/77.73% | Precision: 72.36%/71.68% | Recall: 77.16%/76.63% | F1: 73.76%/73.01% | Time: fit=026s, train=006s, test=002s, total=033s
Epoch  56: Train%/Test% | Accuracy: 78.18%/77.62% | Precision: 72.08%/71.74% | Recall: 77.06%/76.94% | F1: 73.46%/73.05% | Time: fit=025s, train=006s, test=002s, total=033s
Epoch  57: Train%/Test% | Accuracy: 78.64%/77.87% | Precision: 72.44%/71.87% | Recall: 77.25%/76.91% | F1: 73.85%/73.21% | Time: fit=025s, train=006s, test=002s, total=033s
Epoch  58: Train%/Test% | Accuracy: 78.68%/78.12% | Precision: 72.53%/72.26% | Recall: 77.43%/77.56% | F1: 73.95%/73.63% | Time: fit=025s, train=006s, test=002s, total=033s
Epoch  59: Train%/Test% | Accuracy: 78.82%/78.43% | Precision: 72.52%/72.22% | Recall: 77.12%/76.90% | F1: 73.93%/73.60% | Time: fit=025s, train=006s, test=002s, total=033s
Epoch  60: Train%/Test% | Accuracy: 78.20%/77.66% | Precision: 72.14%/71.81% | Recall: 77.20%/77.07% | F1: 73.52%/73.13% | Time: fit=025s, train=006s, test=002s, total=033s
Epoch  61: Train%/Test% | Accuracy: 77.82%/77.28% | Precision: 71.91%/71.54% | Recall: 77.18%/76.91% | F1: 73.25%/72.81% | Time: fit=026s, train=006s, test=002s, total=034s
Epoch  62: Train%/Test% | Accuracy: 78.01%/77.15% | Precision: 72.06%/71.39% | Recall: 77.27%/76.73% | F1: 73.42%/72.65% | Time: fit=026s, train=006s, test=002s, total=034s
Epoch  63: Train%/Test% | Accuracy: 79.05%/78.61% | Precision: 72.80%/72.51% | Recall: 77.50%/77.40% | F1: 74.23%/73.92% | Time: fit=026s, train=006s, test=002s, total=033s
Epoch  64: Train%/Test% | Accuracy: 79.54%/79.27% | Precision: 73.10%/73.00% | Recall: 77.32%/77.55% | F1: 74.51%/74.43% | Time: fit=025s, train=006s, test=002s, total=033s
Epoch  65: Train%/Test% | Accuracy: 79.44%/78.61% | Precision: 73.07%/72.36% | Recall: 77.46%/76.96% | F1: 74.49%/73.74% | Time: fit=026s, train=006s, test=002s, total=033s
Epoch  66: Train%/Test% | Accuracy: 79.40%/78.95% | Precision: 72.97%/72.64% | Recall: 77.24%/77.12% | F1: 74.37%/74.04% | Time: fit=026s, train=006s, test=002s, total=033s
Epoch  67: Train%/Test% | Accuracy: 78.66%/78.27% | Precision: 72.42%/72.22% | Recall: 77.15%/77.18% | F1: 73.82%/73.60% | Time: fit=025s, train=006s, test=002s, total=033s
Epoch  68: Train%/Test% | Accuracy: 78.25%/77.57% | Precision: 72.03%/71.39% | Recall: 76.79%/76.11% | F1: 73.40%/72.70% | Time: fit=025s, train=006s, test=002s, total=033s
Epoch  69: Train%/Test% | Accuracy: 78.25%/77.46% | Precision: 72.05%/71.37% | Recall: 76.86%/76.23% | F1: 73.43%/72.67% | Time: fit=025s, train=006s, test=002s, total=033s
Epoch  70: Train%/Test% | Accuracy: 78.88%/77.89% | Precision: 72.54%/71.67% | Recall: 77.07%/76.35% | F1: 73.95%/73.01% | Time: fit=025s, train=006s, test=002s, total=033s
Epoch  71: Train%/Test% | Accuracy: 78.04%/77.10% | Precision: 72.00%/71.25% | Recall: 77.07%/76.44% | F1: 73.36%/72.51% | Time: fit=026s, train=006s, test=002s, total=034s
Epoch  72: Train%/Test% | Accuracy: 77.62%/77.15% | Precision: 71.78%/71.47% | Recall: 77.13%/76.92% | F1: 73.10%/72.72% | Time: fit=026s, train=006s, test=002s, total=034s
Epoch  73: Train%/Test% | Accuracy: 77.50%/77.21% | Precision: 71.68%/71.56% | Recall: 77.06%/77.06% | F1: 72.99%/72.82% | Time: fit=025s, train=006s, test=002s, total=033s
Epoch  74: Train%/Test% | Accuracy: 77.96%/77.35% | Precision: 72.02%/71.66% | Recall: 77.24%/77.11% | F1: 73.38%/72.93% | Time: fit=025s, train=006s, test=002s, total=033s
Epoch  75: Train%/Test% | Accuracy: 78.06%/77.55% | Precision: 72.10%/71.80% | Recall: 77.31%/77.18% | F1: 73.47%/73.10% | Time: fit=025s, train=006s, test=002s, total=033s
Epoch  76: Train%/Test% | Accuracy: 78.27%/77.64% | Precision: 72.25%/71.82% | Recall: 77.37%/77.12% | F1: 73.64%/73.13% | Time: fit=026s, train=006s, test=002s, total=034s
Epoch  77: Train%/Test% | Accuracy: 78.56%/78.30% | Precision: 72.28%/72.17% | Recall: 76.96%/77.00% | F1: 73.68%/73.54% | Time: fit=025s, train=006s, test=002s, total=033s
Epoch  78: Train%/Test% | Accuracy: 78.49%/78.16% | Precision: 72.16%/71.98% | Recall: 76.73%/76.72% | F1: 73.54%/73.34% | Time: fit=025s, train=007s, test=002s, total=033s
Epoch  79: Train%/Test% | Accuracy: 79.01%/78.64% | Precision: 72.61%/72.38% | Recall: 77.00%/76.97% | F1: 74.01%/73.76% | Time: fit=025s, train=006s, test=002s, total=033s
Epoch  80: Train%/Test% | Accuracy: 78.78%/78.14% | Precision: 72.45%/71.94% | Recall: 77.00%/76.64% | F1: 73.85%/73.29% | Time: fit=025s, train=006s, test=002s, total=033s
Epoch  81: Train%/Test% | Accuracy: 78.94%/78.39% | Precision: 72.60%/72.17% | Recall: 77.12%/76.84% | F1: 74.01%/73.54% | Time: fit=025s, train=006s, test=002s, total=033s
Epoch  82: Train%/Test% | Accuracy: 79.67%/79.18% | Precision: 73.04%/72.61% | Recall: 76.74%/76.46% | F1: 74.36%/73.93% | Time: fit=025s, train=006s, test=002s, total=033s
Epoch  83: Train%/Test% | Accuracy: 79.54%/79.00% | Precision: 72.95%/72.56% | Recall: 76.78%/76.76% | F1: 74.29%/73.93% | Time: fit=025s, train=006s, test=002s, total=033s
Epoch  84: Train%/Test% | Accuracy: 78.69%/78.18% | Precision: 72.44%/72.11% | Recall: 77.15%/77.06% | F1: 73.84%/73.49% | Time: fit=025s, train=006s, test=002s, total=033s
Epoch  85: Train%/Test% | Accuracy: 78.79%/78.36% | Precision: 72.55%/72.34% | Recall: 77.27%/77.37% | F1: 73.97%/73.73% | Time: fit=025s, train=006s, test=002s, total=033s
Epoch  86: Train%/Test% | Accuracy: 78.90%/78.59% | Precision: 72.60%/72.53% | Recall: 77.22%/77.52% | F1: 74.02%/73.94% | Time: fit=025s, train=006s, test=002s, total=033s
Epoch  87: Train%/Test% | Accuracy: 78.92%/78.36% | Precision: 72.61%/72.32% | Recall: 77.19%/77.30% | F1: 74.02%/73.71% | Time: fit=025s, train=006s, test=002s, total=033s
Epoch  88: Train%/Test% | Accuracy: 79.01%/78.09% | Precision: 72.68%/71.94% | Recall: 77.22%/76.74% | F1: 74.09%/73.30% | Time: fit=025s, train=006s, test=002s, total=033s
Epoch  89: Train%/Test% | Accuracy: 78.55%/77.69% | Precision: 72.35%/71.71% | Recall: 77.17%/76.76% | F1: 73.75%/73.03% | Time: fit=025s, train=006s, test=002s, total=033s
Epoch  90: Train%/Test% | Accuracy: 78.94%/78.41% | Precision: 72.60%/72.24% | Recall: 77.13%/77.01% | F1: 74.01%/73.63% | Time: fit=025s, train=006s, test=002s, total=033s
Epoch  91: Train%/Test% | Accuracy: 78.60%/77.85% | Precision: 72.29%/71.77% | Recall: 76.89%/76.67% | F1: 73.68%/73.11% | Time: fit=025s, train=006s, test=002s, total=033s
Epoch  92: Train%/Test% | Accuracy: 78.24%/77.55% | Precision: 72.04%/71.62% | Recall: 76.85%/76.74% | F1: 73.41%/72.93% | Time: fit=026s, train=006s, test=002s, total=033s
Epoch  93: Train%/Test% | Accuracy: 77.42%/76.51% | Precision: 71.59%/71.03% | Recall: 76.93%/76.63% | F1: 72.88%/72.18% | Time: fit=025s, train=006s, test=002s, total=033s
Epoch  94: Train%/Test% | Accuracy: 77.53%/76.47% | Precision: 71.64%/70.94% | Recall: 76.91%/76.47% | F1: 72.95%/72.09% | Time: fit=025s, train=006s, test=002s, total=033s
Epoch  95: Train%/Test% | Accuracy: 78.65%/77.96% | Precision: 72.34%/71.91% | Recall: 76.93%/76.88% | F1: 73.73%/73.26% | Time: fit=026s, train=006s, test=002s, total=033s
Epoch  96: Train%/Test% | Accuracy: 78.60%/78.30% | Precision: 72.34%/72.25% | Recall: 77.03%/77.23% | F1: 73.73%/73.63% | Time: fit=025s, train=006s, test=002s, total=033s
Epoch  97: Train%/Test% | Accuracy: 78.96%/78.57% | Precision: 72.58%/72.40% | Recall: 77.01%/77.18% | F1: 73.98%/73.80% | Time: fit=025s, train=006s, test=002s, total=033s
Epoch  98: Train%/Test% | Accuracy: 77.76%/76.90% | Precision: 71.96%/71.41% | Recall: 77.39%/77.07% | F1: 73.29%/72.60% | Time: fit=025s, train=006s, test=002s, total=033s
Epoch  99: Train%/Test% | Accuracy: 78.08%/77.01% | Precision: 72.13%/71.35% | Recall: 77.36%/76.80% | F1: 73.50%/72.58% | Time: fit=025s, train=006s, test=002s, total=033s
Epoch 100: Train%/Test% | Accuracy: 77.45%/76.49% | Precision: 71.73%/71.03% | Recall: 77.23%/76.65% | F1: 73.02%/72.17% | Time: fit=025s, train=006s, test=002s, total=033s
