[*] Load dataset...
[*] Fix malformed data...
[*] Split...
[*] Encoding...
[*] -> text...
[*] Encoding complete!
==============================
Using GPU for training
Dataset: FakeNewsNet-politifact
TMU params: num-clauses=5000, T=150, s=5.0
Epochs: 150
Feature(s): text
max-vocab=15000, max-domain=500, max-tweet=500
====================
Train size: 844
Train classes: 2
Test size: 212
Test classes: 2
Total features: 2934
==============================
[*] Training for 150 epochs...
Epoch   1: Train%/Test% | Accuracy: 65.76%/58.96% | Precision: 69.49%/62.41% | Recall: 68.47%/62.72% | F1: 65.64%/58.94% | Time: fit=019s, train=003s, test=001s, total=023s
Epoch   2: Train%/Test% | Accuracy: 69.79%/62.26% | Precision: 72.07%/64.26% | Recall: 71.86%/65.06% | F1: 69.78%/62.10% | Time: fit=018s, train=003s, test=001s, total=022s
Epoch   3: Train%/Test% | Accuracy: 68.60%/62.74% | Precision: 71.78%/65.25% | Recall: 71.08%/65.97% | F1: 68.55%/62.64% | Time: fit=018s, train=003s, test=001s, total=022s
Epoch   4: Train%/Test% | Accuracy: 68.48%/60.38% | Precision: 72.50%/64.09% | Recall: 71.29%/64.37% | F1: 68.37%/60.36% | Time: fit=018s, train=003s, test=001s, total=022s
Epoch   5: Train%/Test% | Accuracy: 69.43%/62.74% | Precision: 73.31%/66.37% | Recall: 72.18%/66.77% | F1: 69.34%/62.72% | Time: fit=018s, train=003s, test=001s, total=022s
Epoch   6: Train%/Test% | Accuracy: 71.21%/60.85% | Precision: 74.16%/64.79% | Recall: 73.60%/65.01% | F1: 71.18%/60.84% | Time: fit=017s, train=003s, test=001s, total=021s
Epoch   7: Train%/Test% | Accuracy: 70.62%/63.21% | Precision: 73.31%/65.91% | Recall: 72.89%/66.61% | F1: 70.60%/63.13% | Time: fit=017s, train=003s, test=001s, total=021s
Epoch   8: Train%/Test% | Accuracy: 70.85%/61.79% | Precision: 73.92%/64.63% | Recall: 73.29%/65.22% | F1: 70.82%/61.72% | Time: fit=017s, train=003s, test=001s, total=021s
Epoch   9: Train%/Test% | Accuracy: 69.79%/61.32% | Precision: 73.43%/64.32% | Recall: 72.45%/64.85% | F1: 69.72%/61.27% | Time: fit=017s, train=003s, test=001s, total=021s
Epoch  10: Train%/Test% | Accuracy: 71.21%/62.26% | Precision: 74.44%/64.59% | Recall: 73.71%/65.33% | F1: 71.17%/62.14% | Time: fit=017s, train=003s, test=001s, total=021s
Epoch  11: Train%/Test% | Accuracy: 71.09%/59.43% | Precision: 74.08%/62.37% | Recall: 73.49%/62.82% | F1: 71.06%/59.38% | Time: fit=017s, train=003s, test=001s, total=021s
Epoch  12: Train%/Test% | Accuracy: 72.27%/63.68% | Precision: 74.60%/65.21% | Recall: 74.40%/66.18% | F1: 72.27%/63.44% | Time: fit=017s, train=003s, test=001s, total=021s
Epoch  13: Train%/Test% | Accuracy: 71.21%/63.68% | Precision: 73.46%/65.53% | Recall: 73.28%/66.45% | F1: 71.21%/63.50% | Time: fit=017s, train=003s, test=001s, total=021s
Epoch  14: Train%/Test% | Accuracy: 51.90%/46.23% | Precision: 70.61%/66.05% | Recall: 58.38%/56.93% | F1: 46.85%/42.50% | Time: fit=017s, train=003s, test=001s, total=021s
Epoch  15: Train%/Test% | Accuracy: 52.01%/46.23% | Precision: 70.67%/66.05% | Recall: 58.48%/56.93% | F1: 47.03%/42.50% | Time: fit=017s, train=003s, test=001s, total=021s
Epoch  16: Train%/Test% | Accuracy: 51.07%/45.75% | Precision: 69.68%/65.76% | Recall: 57.62%/56.55% | F1: 45.71%/41.84% | Time: fit=017s, train=003s, test=001s, total=021s
Epoch  17: Train%/Test% | Accuracy: 52.61%/47.17% | Precision: 69.27%/65.02% | Recall: 58.83%/57.41% | F1: 48.21%/44.06% | Time: fit=017s, train=003s, test=001s, total=021s
Epoch  18: Train%/Test% | Accuracy: 53.67%/46.70% | Precision: 69.18%/63.32% | Recall: 59.67%/56.76% | F1: 49.85%/43.69% | Time: fit=017s, train=003s, test=001s, total=021s
Epoch  19: Train%/Test% | Accuracy: 56.75%/50.94% | Precision: 70.03%/64.97% | Recall: 62.21%/59.85% | F1: 54.15%/49.31% | Time: fit=017s, train=003s, test=001s, total=021s
Epoch  20: Train%/Test% | Accuracy: 58.53%/50.94% | Precision: 70.04%/61.66% | Recall: 63.58%/58.78% | F1: 56.60%/49.94% | Time: fit=017s, train=003s, test=001s, total=021s
Epoch  21: Train%/Test% | Accuracy: 59.60%/51.42% | Precision: 69.60%/61.31% | Recall: 64.30%/58.89% | F1: 58.11%/50.61% | Time: fit=017s, train=003s, test=001s, total=021s
Epoch  22: Train%/Test% | Accuracy: 59.72%/51.42% | Precision: 69.67%/61.31% | Recall: 64.40%/58.89% | F1: 58.25%/50.61% | Time: fit=017s, train=003s, test=001s, total=021s
Epoch  23: Train%/Test% | Accuracy: 60.19%/52.36% | Precision: 69.76%/61.95% | Recall: 64.77%/59.63% | F1: 58.86%/51.69% | Time: fit=017s, train=003s, test=001s, total=021s
Epoch  24: Train%/Test% | Accuracy: 59.60%/51.89% | Precision: 68.68%/61.63% | Recall: 64.11%/59.26% | F1: 58.30%/51.15% | Time: fit=017s, train=003s, test=001s, total=021s
Epoch  25: Train%/Test% | Accuracy: 74.17%/65.09% | Precision: 75.99%/66.80% | Recall: 76.07%/67.83% | F1: 74.17%/64.89% | Time: fit=017s, train=003s, test=001s, total=021s
Epoch  26: Train%/Test% | Accuracy: 73.46%/66.98% | Precision: 75.26%/68.08% | Recall: 75.34%/69.33% | F1: 73.46%/66.68% | Time: fit=017s, train=003s, test=001s, total=021s
Epoch  27: Train%/Test% | Accuracy: 73.82%/68.87% | Precision: 75.59%/69.68% | Recall: 75.68%/71.09% | F1: 73.81%/68.53% | Time: fit=017s, train=003s, test=001s, total=021s
Epoch  28: Train%/Test% | Accuracy: 73.70%/67.45% | Precision: 75.28%/68.41% | Recall: 75.47%/69.70% | F1: 73.69%/67.13% | Time: fit=017s, train=003s, test=001s, total=020s
Epoch  29: Train%/Test% | Accuracy: 75.59%/67.92% | Precision: 76.47%/68.18% | Recall: 76.98%/69.54% | F1: 75.56%/67.43% | Time: fit=017s, train=003s, test=001s, total=021s
Epoch  30: Train%/Test% | Accuracy: 75.59%/68.87% | Precision: 76.41%/68.87% | Recall: 76.94%/70.28% | F1: 75.55%/68.32% | Time: fit=017s, train=003s, test=001s, total=021s
Epoch  31: Train%/Test% | Accuracy: 74.29%/66.51% | Precision: 74.96%/66.39% | Recall: 75.51%/67.61% | F1: 74.23%/65.87% | Time: fit=017s, train=003s, test=001s, total=021s
Epoch  32: Train%/Test% | Accuracy: 72.87%/63.21% | Precision: 74.26%/64.29% | Recall: 74.52%/65.27% | F1: 72.86%/62.88% | Time: fit=017s, train=003s, test=001s, total=021s
Epoch  33: Train%/Test% | Accuracy: 73.82%/64.62% | Precision: 74.89%/65.86% | Recall: 75.29%/66.92% | F1: 73.79%/64.34% | Time: fit=017s, train=003s, test=001s, total=021s
Epoch  34: Train%/Test% | Accuracy: 73.82%/63.21% | Precision: 74.89%/64.29% | Recall: 75.29%/65.27% | F1: 73.79%/62.88% | Time: fit=017s, train=003s, test=001s, total=021s
Epoch  35: Train%/Test% | Accuracy: 74.88%/65.09% | Precision: 75.88%/65.61% | Recall: 76.33%/66.76% | F1: 74.85%/64.64% | Time: fit=017s, train=003s, test=001s, total=021s
Epoch  36: Train%/Test% | Accuracy: 74.64%/66.04% | Precision: 75.58%/66.29% | Recall: 76.05%/67.51% | F1: 74.61%/65.52% | Time: fit=017s, train=003s, test=001s, total=021s
Epoch  37: Train%/Test% | Accuracy: 74.53%/64.62% | Precision: 75.55%/65.28% | Recall: 75.98%/66.39% | F1: 74.50%/64.20% | Time: fit=017s, train=003s, test=001s, total=021s
Epoch  38: Train%/Test% | Accuracy: 74.29%/62.74% | Precision: 75.44%/63.67% | Recall: 75.82%/64.63% | F1: 74.27%/62.37% | Time: fit=017s, train=003s, test=001s, total=020s
Epoch  39: Train%/Test% | Accuracy: 75.24%/63.21% | Precision: 75.97%/63.46% | Recall: 76.52%/64.47% | F1: 75.19%/62.65% | Time: fit=017s, train=003s, test=001s, total=021s
Epoch  40: Train%/Test% | Accuracy: 75.24%/64.15% | Precision: 75.86%/64.41% | Recall: 76.44%/65.48% | F1: 75.18%/63.60% | Time: fit=017s, train=003s, test=001s, total=021s
Epoch  41: Train%/Test% | Accuracy: 74.05%/62.74% | Precision: 74.95%/63.39% | Recall: 75.42%/64.36% | F1: 74.02%/62.29% | Time: fit=017s, train=003s, test=001s, total=020s
Epoch  42: Train%/Test% | Accuracy: 74.17%/64.15% | Precision: 75.22%/64.67% | Recall: 75.64%/65.75% | F1: 74.15%/63.69% | Time: fit=017s, train=003s, test=001s, total=020s
Epoch  43: Train%/Test% | Accuracy: 74.64%/65.57% | Precision: 75.52%/65.44% | Recall: 76.01%/66.60% | F1: 74.61%/64.91% | Time: fit=017s, train=003s, test=001s, total=021s
Epoch  44: Train%/Test% | Accuracy: 75.36%/66.04% | Precision: 76.12%/66.29% | Recall: 76.66%/67.51% | F1: 75.31%/65.52% | Time: fit=017s, train=003s, test=001s, total=021s
Epoch  45: Train%/Test% | Accuracy: 75.36%/65.57% | Precision: 76.12%/65.69% | Recall: 76.66%/66.87% | F1: 75.31%/65.00% | Time: fit=017s, train=003s, test=001s, total=021s
Epoch  46: Train%/Test% | Accuracy: 75.83%/66.98% | Precision: 76.48%/66.74% | Recall: 77.07%/67.99% | F1: 75.77%/66.31% | Time: fit=017s, train=003s, test=001s, total=021s
Epoch  47: Train%/Test% | Accuracy: 77.01%/67.45% | Precision: 77.41%/67.09% | Recall: 78.09%/68.36% | F1: 76.93%/66.74% | Time: fit=016s, train=003s, test=001s, total=020s
Epoch  48: Train%/Test% | Accuracy: 74.41%/65.09% | Precision: 75.22%/65.89% | Recall: 75.72%/67.03% | F1: 74.37%/64.71% | Time: fit=017s, train=003s, test=001s, total=020s
Epoch  49: Train%/Test% | Accuracy: 75.00%/66.51% | Precision: 75.91%/66.64% | Recall: 76.39%/67.88% | F1: 74.97%/65.96% | Time: fit=017s, train=003s, test=001s, total=020s
Epoch  50: Train%/Test% | Accuracy: 74.76%/67.45% | Precision: 75.55%/67.33% | Recall: 76.07%/68.63% | F1: 74.72%/66.83% | Time: fit=017s, train=003s, test=001s, total=020s
Epoch  51: Train%/Test% | Accuracy: 76.30%/68.40% | Precision: 76.65%/68.04% | Recall: 77.32%/69.37% | F1: 76.21%/67.71% | Time: fit=017s, train=003s, test=001s, total=021s
Epoch  52: Train%/Test% | Accuracy: 75.83%/67.45% | Precision: 76.22%/67.33% | Recall: 76.87%/68.63% | F1: 75.74%/66.83% | Time: fit=016s, train=003s, test=001s, total=020s
Epoch  53: Train%/Test% | Accuracy: 75.12%/66.98% | Precision: 75.61%/66.74% | Recall: 76.22%/67.99% | F1: 75.04%/66.31% | Time: fit=017s, train=003s, test=001s, total=021s
Epoch  54: Train%/Test% | Accuracy: 75.59%/66.98% | Precision: 76.24%/66.74% | Recall: 76.82%/67.99% | F1: 75.54%/66.31% | Time: fit=016s, train=003s, test=001s, total=020s
Epoch  55: Train%/Test% | Accuracy: 76.18%/66.98% | Precision: 76.81%/66.74% | Recall: 77.41%/67.99% | F1: 76.13%/66.31% | Time: fit=016s, train=003s, test=001s, total=020s
Epoch  56: Train%/Test% | Accuracy: 75.47%/65.57% | Precision: 76.38%/65.44% | Recall: 76.88%/66.60% | F1: 75.44%/64.91% | Time: fit=017s, train=003s, test=001s, total=020s
Epoch  57: Train%/Test% | Accuracy: 75.24%/66.04% | Precision: 76.14%/66.04% | Recall: 76.63%/67.24% | F1: 75.20%/65.43% | Time: fit=017s, train=003s, test=001s, total=021s
Epoch  58: Train%/Test% | Accuracy: 74.29%/65.09% | Precision: 75.19%/65.61% | Recall: 75.66%/66.76% | F1: 74.25%/64.64% | Time: fit=017s, train=003s, test=001s, total=020s
Epoch  59: Train%/Test% | Accuracy: 74.05%/67.92% | Precision: 73.40%/65.87% | Recall: 73.62%/66.32% | F1: 73.49%/66.04% | Time: fit=016s, train=003s, test=001s, total=020s
Epoch  60: Train%/Test% | Accuracy: 74.29%/66.98% | Precision: 73.64%/64.88% | Recall: 73.86%/65.31% | F1: 73.73%/65.04% | Time: fit=016s, train=003s, test=001s, total=020s
Epoch  61: Train%/Test% | Accuracy: 74.76%/66.98% | Precision: 74.11%/64.88% | Recall: 74.27%/65.31% | F1: 74.18%/65.04% | Time: fit=017s, train=003s, test=001s, total=020s
Epoch  62: Train%/Test% | Accuracy: 74.29%/66.98% | Precision: 73.64%/64.88% | Recall: 73.86%/65.31% | F1: 73.73%/65.04% | Time: fit=017s, train=003s, test=001s, total=020s
Epoch  63: Train%/Test% | Accuracy: 74.88%/66.98% | Precision: 74.23%/64.88% | Recall: 74.41%/65.31% | F1: 74.31%/65.04% | Time: fit=016s, train=003s, test=001s, total=020s
Epoch  64: Train%/Test% | Accuracy: 76.30%/66.98% | Precision: 76.96%/66.74% | Recall: 77.55%/67.99% | F1: 76.25%/66.31% | Time: fit=017s, train=003s, test=001s, total=021s
Epoch  65: Train%/Test% | Accuracy: 75.95%/67.92% | Precision: 76.47%/67.23% | Recall: 77.09%/68.47% | F1: 75.88%/67.08% | Time: fit=017s, train=003s, test=001s, total=021s
Epoch  66: Train%/Test% | Accuracy: 76.54%/67.92% | Precision: 77.09%/67.23% | Recall: 77.72%/68.47% | F1: 76.48%/67.08% | Time: fit=016s, train=003s, test=001s, total=020s
Epoch  67: Train%/Test% | Accuracy: 76.30%/67.92% | Precision: 76.85%/67.23% | Recall: 77.47%/68.47% | F1: 76.24%/67.08% | Time: fit=017s, train=003s, test=001s, total=020s
Epoch  68: Train%/Test% | Accuracy: 76.66%/67.45% | Precision: 77.08%/67.09% | Recall: 77.74%/68.36% | F1: 76.58%/66.74% | Time: fit=016s, train=003s, test=001s, total=020s
Epoch  69: Train%/Test% | Accuracy: 75.95%/65.09% | Precision: 76.63%/65.09% | Recall: 77.21%/66.23% | F1: 75.90%/64.47% | Time: fit=017s, train=003s, test=001s, total=021s
Epoch  70: Train%/Test% | Accuracy: 76.66%/66.51% | Precision: 77.08%/66.15% | Recall: 77.74%/67.35% | F1: 76.58%/65.78% | Time: fit=016s, train=003s, test=001s, total=020s
Epoch  71: Train%/Test% | Accuracy: 76.42%/65.57% | Precision: 76.94%/65.44% | Recall: 77.58%/66.60% | F1: 76.35%/64.91% | Time: fit=017s, train=003s, test=001s, total=020s
Epoch  72: Train%/Test% | Accuracy: 76.66%/65.57% | Precision: 77.13%/65.44% | Recall: 77.78%/66.60% | F1: 76.59%/64.91% | Time: fit=017s, train=003s, test=001s, total=020s
Epoch  73: Train%/Test% | Accuracy: 76.30%/66.04% | Precision: 76.96%/65.79% | Recall: 77.55%/66.97% | F1: 76.25%/65.34% | Time: fit=017s, train=003s, test=001s, total=020s
Epoch  74: Train%/Test% | Accuracy: 76.66%/66.51% | Precision: 77.23%/66.15% | Recall: 77.86%/67.35% | F1: 76.60%/65.78% | Time: fit=017s, train=003s, test=001s, total=020s
Epoch  75: Train%/Test% | Accuracy: 76.78%/67.45% | Precision: 77.32%/66.87% | Recall: 77.96%/68.09% | F1: 76.71%/66.64% | Time: fit=016s, train=003s, test=001s, total=020s
Epoch  76: Train%/Test% | Accuracy: 76.54%/68.87% | Precision: 77.31%/68.40% | Recall: 77.88%/69.75% | F1: 76.50%/68.14% | Time: fit=016s, train=003s, test=001s, total=020s
Epoch  77: Train%/Test% | Accuracy: 76.30%/68.40% | Precision: 77.07%/68.04% | Recall: 77.63%/69.37% | F1: 76.26%/67.71% | Time: fit=017s, train=003s, test=001s, total=020s
Epoch  78: Train%/Test% | Accuracy: 76.30%/67.92% | Precision: 77.13%/67.68% | Recall: 77.67%/69.00% | F1: 76.26%/67.27% | Time: fit=017s, train=003s, test=001s, total=020s
Epoch  79: Train%/Test% | Accuracy: 76.90%/66.98% | Precision: 77.64%/66.51% | Recall: 78.22%/67.72% | F1: 76.85%/66.21% | Time: fit=017s, train=003s, test=001s, total=020s
Epoch  80: Train%/Test% | Accuracy: 76.07%/67.92% | Precision: 75.48%/65.87% | Recall: 75.82%/66.32% | F1: 75.61%/66.04% | Time: fit=016s, train=003s, test=001s, total=020s
Epoch  81: Train%/Test% | Accuracy: 76.07%/67.92% | Precision: 75.48%/65.87% | Recall: 75.82%/66.32% | F1: 75.61%/66.04% | Time: fit=017s, train=003s, test=001s, total=020s
Epoch  82: Train%/Test% | Accuracy: 75.95%/68.40% | Precision: 75.33%/66.30% | Recall: 75.56%/66.70% | F1: 75.43%/66.45% | Time: fit=017s, train=003s, test=001s, total=020s
Epoch  83: Train%/Test% | Accuracy: 75.36%/67.92% | Precision: 74.77%/65.87% | Recall: 75.13%/66.32% | F1: 74.90%/66.04% | Time: fit=017s, train=003s, test=001s, total=020s
Epoch  84: Train%/Test% | Accuracy: 75.59%/68.40% | Precision: 75.00%/66.30% | Recall: 75.33%/66.70% | F1: 75.12%/66.45% | Time: fit=017s, train=003s, test=001s, total=020s
Epoch  85: Train%/Test% | Accuracy: 75.71%/68.40% | Precision: 75.11%/66.30% | Recall: 75.44%/66.70% | F1: 75.23%/66.45% | Time: fit=017s, train=003s, test=001s, total=020s
Epoch  86: Train%/Test% | Accuracy: 75.59%/67.92% | Precision: 75.01%/65.87% | Recall: 75.37%/66.32% | F1: 75.14%/66.04% | Time: fit=017s, train=003s, test=001s, total=020s
Epoch  87: Train%/Test% | Accuracy: 75.59%/67.92% | Precision: 75.01%/65.74% | Recall: 75.37%/66.05% | F1: 75.14%/65.87% | Time: fit=017s, train=003s, test=001s, total=020s
Epoch  88: Train%/Test% | Accuracy: 76.18%/68.40% | Precision: 75.58%/66.30% | Recall: 75.88%/66.70% | F1: 75.70%/66.45% | Time: fit=017s, train=003s, test=001s, total=020s
Epoch  89: Train%/Test% | Accuracy: 75.71%/68.40% | Precision: 75.14%/66.30% | Recall: 75.51%/66.70% | F1: 75.27%/66.45% | Time: fit=017s, train=003s, test=001s, total=021s
Epoch  90: Train%/Test% | Accuracy: 75.59%/68.40% | Precision: 75.02%/66.42% | Recall: 75.41%/66.96% | F1: 75.15%/66.61% | Time: fit=017s, train=003s, test=001s, total=020s
Epoch  91: Train%/Test% | Accuracy: 76.90%/69.34% | Precision: 77.82%/69.22% | Recall: 78.34%/70.66% | F1: 76.86%/68.75% | Time: fit=017s, train=003s, test=001s, total=020s
Epoch  92: Train%/Test% | Accuracy: 76.54%/68.87% | Precision: 77.37%/68.63% | Recall: 77.91%/70.02% | F1: 76.50%/68.23% | Time: fit=017s, train=003s, test=001s, total=021s
Epoch  93: Train%/Test% | Accuracy: 77.25%/69.34% | Precision: 78.08%/69.47% | Recall: 78.64%/70.92% | F1: 77.21%/68.83% | Time: fit=017s, train=003s, test=001s, total=020s
Epoch  94: Train%/Test% | Accuracy: 64.10%/52.36% | Precision: 71.67%/59.72% | Recall: 68.06%/58.56% | F1: 63.42%/52.05% | Time: fit=017s, train=003s, test=001s, total=020s
Epoch  95: Train%/Test% | Accuracy: 60.31%/53.30% | Precision: 70.60%/61.96% | Recall: 65.03%/60.11% | F1: 58.85%/52.84% | Time: fit=016s, train=003s, test=001s, total=020s
Epoch  96: Train%/Test% | Accuracy: 60.55%/52.36% | Precision: 70.54%/61.34% | Recall: 65.20%/59.37% | F1: 59.17%/51.79% | Time: fit=017s, train=003s, test=001s, total=021s
Epoch  97: Train%/Test% | Accuracy: 60.55%/52.83% | Precision: 70.34%/62.26% | Recall: 65.16%/60.01% | F1: 59.20%/52.22% | Time: fit=017s, train=003s, test=001s, total=021s
Epoch  98: Train%/Test% | Accuracy: 60.19%/52.83% | Precision: 70.14%/62.26% | Recall: 64.85%/60.01% | F1: 58.78%/52.22% | Time: fit=017s, train=003s, test=001s, total=020s
Epoch  99: Train%/Test% | Accuracy: 60.78%/52.36% | Precision: 70.29%/60.76% | Recall: 65.32%/59.10% | F1: 59.52%/51.89% | Time: fit=017s, train=003s, test=001s, total=021s
Epoch 100: Train%/Test% | Accuracy: 63.86%/52.83% | Precision: 70.63%/59.57% | Recall: 67.62%/58.67% | F1: 63.29%/52.62% | Time: fit=017s, train=003s, test=001s, total=021s
Epoch 101: Train%/Test% | Accuracy: 77.84%/66.04% | Precision: 78.42%/66.29% | Recall: 79.08%/67.51% | F1: 77.79%/65.52% | Time: fit=016s, train=003s, test=001s, total=020s
Epoch 102: Train%/Test% | Accuracy: 78.44%/66.51% | Precision: 78.88%/66.64% | Recall: 79.59%/67.88% | F1: 78.37%/65.96% | Time: fit=016s, train=003s, test=001s, total=020s
Epoch 103: Train%/Test% | Accuracy: 78.55%/66.98% | Precision: 79.08%/66.98% | Recall: 79.77%/68.25% | F1: 78.49%/66.39% | Time: fit=017s, train=003s, test=001s, total=021s
Epoch 104: Train%/Test% | Accuracy: 78.55%/69.34% | Precision: 79.13%/68.98% | Recall: 79.81%/70.39% | F1: 78.50%/68.67% | Time: fit=017s, train=003s, test=001s, total=020s
Epoch 105: Train%/Test% | Accuracy: 79.98%/71.23% | Precision: 80.25%/70.65% | Recall: 81.03%/72.15% | F1: 79.89%/70.51% | Time: fit=016s, train=003s, test=001s, total=020s
Epoch 106: Train%/Test% | Accuracy: 78.67%/69.34% | Precision: 79.17%/69.22% | Recall: 79.87%/70.66% | F1: 78.61%/68.75% | Time: fit=016s, train=003s, test=001s, total=020s
Epoch 107: Train%/Test% | Accuracy: 79.15%/68.87% | Precision: 79.49%/68.63% | Recall: 80.24%/70.02% | F1: 79.07%/68.23% | Time: fit=016s, train=003s, test=001s, total=020s
Epoch 108: Train%/Test% | Accuracy: 78.44%/68.87% | Precision: 78.88%/68.87% | Recall: 79.59%/70.28% | F1: 78.37%/68.32% | Time: fit=017s, train=003s, test=001s, total=021s
Epoch 109: Train%/Test% | Accuracy: 78.44%/69.81% | Precision: 78.88%/69.34% | Recall: 79.59%/70.76% | F1: 78.37%/69.11% | Time: fit=017s, train=003s, test=001s, total=020s
Epoch 110: Train%/Test% | Accuracy: 78.08%/70.28% | Precision: 78.55%/69.93% | Recall: 79.24%/71.40% | F1: 78.01%/69.63% | Time: fit=017s, train=003s, test=001s, total=020s
Epoch 111: Train%/Test% | Accuracy: 79.50%/70.28% | Precision: 79.88%/69.93% | Recall: 80.62%/71.40% | F1: 79.43%/69.63% | Time: fit=016s, train=003s, test=001s, total=020s
Epoch 112: Train%/Test% | Accuracy: 79.27%/68.40% | Precision: 79.69%/68.04% | Recall: 80.42%/69.37% | F1: 79.20%/67.71% | Time: fit=017s, train=003s, test=001s, total=020s
Epoch 113: Train%/Test% | Accuracy: 78.55%/69.34% | Precision: 79.08%/69.22% | Recall: 79.77%/70.66% | F1: 78.49%/68.75% | Time: fit=017s, train=003s, test=001s, total=021s
Epoch 114: Train%/Test% | Accuracy: 78.79%/69.34% | Precision: 79.21%/68.98% | Recall: 79.93%/70.39% | F1: 78.72%/68.67% | Time: fit=017s, train=003s, test=001s, total=020s
Epoch 115: Train%/Test% | Accuracy: 78.67%/68.87% | Precision: 79.34%/68.63% | Recall: 79.99%/70.02% | F1: 78.62%/68.23% | Time: fit=017s, train=003s, test=001s, total=020s
Epoch 116: Train%/Test% | Accuracy: 78.20%/67.92% | Precision: 78.55%/67.45% | Recall: 79.26%/68.73% | F1: 78.12%/67.18% | Time: fit=017s, train=003s, test=001s, total=020s
Epoch 117: Train%/Test% | Accuracy: 78.79%/68.40% | Precision: 79.26%/68.04% | Recall: 79.97%/69.37% | F1: 78.73%/67.71% | Time: fit=017s, train=003s, test=001s, total=020s
Epoch 118: Train%/Test% | Accuracy: 78.32%/69.34% | Precision: 78.90%/69.47% | Recall: 79.56%/70.92% | F1: 78.26%/68.83% | Time: fit=017s, train=003s, test=001s, total=020s
Epoch 119: Train%/Test% | Accuracy: 78.08%/68.40% | Precision: 78.66%/68.79% | Recall: 79.32%/70.18% | F1: 78.02%/67.95% | Time: fit=017s, train=003s, test=001s, total=020s
Epoch 120: Train%/Test% | Accuracy: 78.67%/68.40% | Precision: 79.17%/68.79% | Recall: 79.87%/70.18% | F1: 78.61%/67.95% | Time: fit=016s, train=003s, test=001s, total=020s
Epoch 121: Train%/Test% | Accuracy: 78.08%/66.98% | Precision: 78.77%/68.08% | Recall: 79.40%/69.33% | F1: 78.03%/66.68% | Time: fit=016s, train=003s, test=001s, total=020s
Epoch 122: Train%/Test% | Accuracy: 78.32%/67.92% | Precision: 78.90%/68.45% | Recall: 79.56%/69.80% | F1: 78.26%/67.51% | Time: fit=017s, train=003s, test=001s, total=020s
Epoch 123: Train%/Test% | Accuracy: 77.37%/68.87% | Precision: 78.11%/69.68% | Recall: 78.71%/71.09% | F1: 77.33%/68.53% | Time: fit=016s, train=003s, test=001s, total=020s
Epoch 124: Train%/Test% | Accuracy: 76.90%/68.87% | Precision: 77.82%/69.39% | Recall: 78.34%/70.82% | F1: 76.86%/68.46% | Time: fit=017s, train=003s, test=001s, total=020s
Epoch 125: Train%/Test% | Accuracy: 77.73%/69.34% | Precision: 78.62%/69.73% | Recall: 79.17%/71.19% | F1: 77.69%/68.91% | Time: fit=016s, train=003s, test=001s, total=020s
Epoch 126: Train%/Test% | Accuracy: 77.96%/69.34% | Precision: 79.05%/69.73% | Recall: 79.53%/71.19% | F1: 77.94%/68.91% | Time: fit=017s, train=003s, test=001s, total=021s
Epoch 127: Train%/Test% | Accuracy: 78.08%/70.28% | Precision: 79.01%/70.41% | Recall: 79.55%/71.94% | F1: 78.05%/69.79% | Time: fit=017s, train=003s, test=001s, total=020s
Epoch 128: Train%/Test% | Accuracy: 77.01%/69.34% | Precision: 78.16%/69.73% | Recall: 78.60%/71.19% | F1: 77.00%/68.91% | Time: fit=017s, train=003s, test=001s, total=020s
Epoch 129: Train%/Test% | Accuracy: 77.13%/68.87% | Precision: 78.25%/69.12% | Recall: 78.70%/70.55% | F1: 77.11%/68.39% | Time: fit=017s, train=003s, test=001s, total=020s
Epoch 130: Train%/Test% | Accuracy: 77.25%/68.87% | Precision: 78.27%/69.12% | Recall: 78.76%/70.55% | F1: 77.23%/68.39% | Time: fit=017s, train=003s, test=001s, total=020s
Epoch 131: Train%/Test% | Accuracy: 77.61%/69.81% | Precision: 78.47%/69.81% | Recall: 79.03%/71.30% | F1: 77.57%/69.28% | Time: fit=017s, train=003s, test=001s, total=020s
Epoch 132: Train%/Test% | Accuracy: 76.90%/68.40% | Precision: 77.75%/68.27% | Recall: 78.30%/69.64% | F1: 76.86%/67.79% | Time: fit=016s, train=003s, test=001s, total=020s
Epoch 133: Train%/Test% | Accuracy: 77.61%/68.87% | Precision: 78.41%/68.63% | Recall: 78.99%/70.02% | F1: 77.57%/68.23% | Time: fit=016s, train=003s, test=001s, total=020s
Epoch 134: Train%/Test% | Accuracy: 77.13%/69.34% | Precision: 77.82%/68.98% | Recall: 78.42%/70.39% | F1: 77.08%/68.67% | Time: fit=017s, train=003s, test=001s, total=020s
Epoch 135: Train%/Test% | Accuracy: 77.25%/68.87% | Precision: 77.91%/68.63% | Recall: 78.53%/70.02% | F1: 77.20%/68.23% | Time: fit=017s, train=003s, test=001s, total=020s
Epoch 136: Train%/Test% | Accuracy: 76.90%/68.87% | Precision: 77.64%/68.63% | Recall: 78.22%/70.02% | F1: 76.85%/68.23% | Time: fit=017s, train=003s, test=001s, total=020s
Epoch 137: Train%/Test% | Accuracy: 77.84%/68.87% | Precision: 78.42%/68.63% | Recall: 79.08%/70.02% | F1: 77.79%/68.23% | Time: fit=017s, train=003s, test=001s, total=020s
Epoch 138: Train%/Test% | Accuracy: 77.49%/68.40% | Precision: 78.04%/68.27% | Recall: 78.69%/69.64% | F1: 77.43%/67.79% | Time: fit=017s, train=003s, test=001s, total=020s
Epoch 139: Train%/Test% | Accuracy: 77.37%/69.34% | Precision: 78.29%/69.22% | Recall: 78.82%/70.66% | F1: 77.34%/68.75% | Time: fit=017s, train=003s, test=001s, total=021s
Epoch 140: Train%/Test% | Accuracy: 77.73%/70.75% | Precision: 78.75%/70.75% | Recall: 79.25%/72.31% | F1: 77.70%/70.24% | Time: fit=017s, train=003s, test=001s, total=020s
Epoch 141: Train%/Test% | Accuracy: 77.13%/70.28% | Precision: 78.05%/70.16% | Recall: 78.58%/71.67% | F1: 77.10%/69.72% | Time: fit=016s, train=003s, test=001s, total=020s
Epoch 142: Train%/Test% | Accuracy: 77.01%/69.81% | Precision: 77.90%/69.57% | Recall: 78.44%/71.03% | F1: 76.98%/69.19% | Time: fit=017s, train=003s, test=001s, total=020s
Epoch 143: Train%/Test% | Accuracy: 76.78%/69.81% | Precision: 77.61%/69.81% | Recall: 78.16%/71.30% | F1: 76.74%/69.28% | Time: fit=016s, train=003s, test=001s, total=020s
Epoch 144: Train%/Test% | Accuracy: 65.52%/54.72% | Precision: 71.11%/61.31% | Recall: 68.89%/60.43% | F1: 65.18%/54.57% | Time: fit=017s, train=003s, test=001s, total=020s
Epoch 145: Train%/Test% | Accuracy: 66.47%/55.19% | Precision: 71.69%/61.16% | Recall: 69.71%/60.53% | F1: 66.20%/55.11% | Time: fit=017s, train=003s, test=001s, total=020s
Epoch 146: Train%/Test% | Accuracy: 66.35%/55.19% | Precision: 71.50%/61.62% | Recall: 69.57%/60.80% | F1: 66.09%/55.07% | Time: fit=017s, train=003s, test=001s, total=020s
Epoch 147: Train%/Test% | Accuracy: 66.59%/55.19% | Precision: 71.89%/61.62% | Recall: 69.85%/60.80% | F1: 66.31%/55.07% | Time: fit=017s, train=003s, test=001s, total=020s
Epoch 148: Train%/Test% | Accuracy: 66.59%/55.19% | Precision: 72.26%/61.62% | Recall: 69.97%/60.80% | F1: 66.27%/55.07% | Time: fit=016s, train=003s, test=001s, total=020s
Epoch 149: Train%/Test% | Accuracy: 66.23%/53.77% | Precision: 71.79%/60.21% | Recall: 69.59%/59.41% | F1: 65.92%/53.62% | Time: fit=017s, train=003s, test=001s, total=021s
Epoch 150: Train%/Test% | Accuracy: 77.96%/68.87% | Precision: 78.68%/69.12% | Recall: 79.30%/70.55% | F1: 77.92%/68.39% | Time: fit=017s, train=003s, test=000s, total=021s
