[*] Load dataset...
[*] Fix malformed data...
[*] Split...
[*] Encoding...
[*] -> domain...
pipeline.py:185: SettingWithCopyWarning: 
A value is trying to be set on a copy of a slice from a DataFrame.
Try using .loc[row_indexer,col_indexer] = value instead

See the caveats in the documentation: https://pandas.pydata.org/pandas-docs/stable/user_guide/indexing.html#returning-a-view-versus-a-copy
  train_df['domain'] = train_df['url'].apply(extract_domain)
pipeline.py:186: SettingWithCopyWarning: 
A value is trying to be set on a copy of a slice from a DataFrame.
Try using .loc[row_indexer,col_indexer] = value instead

See the caveats in the documentation: https://pandas.pydata.org/pandas-docs/stable/user_guide/indexing.html#returning-a-view-versus-a-copy
  test_df['domain'] = test_df['url'].apply(extract_domain)
[*] Encoding complete!
==============================
Using GPU for training
Dataset: FakeNewsNet-politifact
TMU params: num-clauses=5000, T=100, s=10.0
Epochs: 100
Feature(s): domain
max-vocab=3000, max-domain=500, max-tweet=500
====================
Train size: 844
Train classes: 2
Test size: 212
Test classes: 2
Total features: 318
==============================
[*] Training for 100 epochs...
Epoch   1: Train%/Test% | Accuracy: 56.52%/47.64% | Precision: 72.66%/68.59% | Recall: 62.36%/58.31% | F1: 53.32%/44.15% | Time: fit=002s, train=000s, test=000s, total=002s
Epoch   2: Train%/Test% | Accuracy: 60.78%/50.94% | Precision: 73.32%/69.83% | Recall: 65.87%/60.93% | F1: 58.98%/48.52% | Time: fit=000s, train=000s, test=000s, total=001s
Epoch   3: Train%/Test% | Accuracy: 72.51%/70.28% | Precision: 71.83%/70.16% | Recall: 71.15%/71.67% | F1: 71.38%/69.72% | Time: fit=000s, train=000s, test=000s, total=001s
Epoch   4: Train%/Test% | Accuracy: 69.31%/69.34% | Precision: 77.03%/77.96% | Recall: 64.01%/58.87% | F1: 62.25%/55.91% | Time: fit=000s, train=000s, test=000s, total=001s
Epoch   5: Train%/Test% | Accuracy: 69.91%/64.15% | Precision: 70.63%/69.96% | Recall: 71.06%/69.50% | F1: 69.85%/64.14% | Time: fit=001s, train=000s, test=000s, total=001s
Epoch   6: Train%/Test% | Accuracy: 71.21%/63.68% | Precision: 70.42%/59.96% | Recall: 69.99%/58.95% | F1: 70.15%/59.09% | Time: fit=000s, train=000s, test=000s, total=001s
Epoch   7: Train%/Test% | Accuracy: 75.47%/71.23% | Precision: 82.00%/84.36% | Recall: 71.23%/60.90% | F1: 71.39%/58.62% | Time: fit=000s, train=000s, test=000s, total=001s
Epoch   8: Train%/Test% | Accuracy: 75.59%/72.17% | Precision: 82.76%/82.44% | Recall: 71.26%/62.45% | F1: 71.37%/61.13% | Time: fit=000s, train=000s, test=000s, total=001s
Epoch   9: Train%/Test% | Accuracy: 74.17%/72.17% | Precision: 83.03%/84.72% | Recall: 69.41%/62.18% | F1: 69.02%/60.57% | Time: fit=000s, train=000s, test=000s, total=001s
Epoch  10: Train%/Test% | Accuracy: 69.31%/70.75% | Precision: 80.85%/84.18% | Recall: 63.57%/60.26% | F1: 61.14%/57.63% | Time: fit=000s, train=000s, test=000s, total=001s
Epoch  11: Train%/Test% | Accuracy: 74.41%/72.64% | Precision: 81.58%/84.90% | Recall: 69.92%/62.82% | F1: 69.79%/61.51% | Time: fit=000s, train=000s, test=000s, total=001s
Epoch  12: Train%/Test% | Accuracy: 75.59%/75.00% | Precision: 75.26%/74.05% | Recall: 74.04%/75.67% | F1: 74.40%/74.21% | Time: fit=000s, train=000s, test=000s, total=001s
Epoch  13: Train%/Test% | Accuracy: 76.90%/75.94% | Precision: 76.51%/75.00% | Recall: 75.59%/76.68% | F1: 75.91%/75.19% | Time: fit=000s, train=000s, test=000s, total=001s
Epoch  14: Train%/Test% | Accuracy: 75.95%/75.94% | Precision: 75.63%/75.00% | Recall: 74.42%/76.68% | F1: 74.79%/75.19% | Time: fit=000s, train=000s, test=000s, total=001s
Epoch  15: Train%/Test% | Accuracy: 76.18%/75.47% | Precision: 76.01%/74.44% | Recall: 74.51%/76.04% | F1: 74.93%/74.66% | Time: fit=000s, train=000s, test=000s, total=001s
Epoch  16: Train%/Test% | Accuracy: 77.96%/76.42% | Precision: 77.72%/75.56% | Recall: 76.59%/77.32% | F1: 76.96%/75.71% | Time: fit=000s, train=000s, test=000s, total=001s
Epoch  17: Train%/Test% | Accuracy: 77.37%/75.00% | Precision: 77.16%/74.05% | Recall: 75.88%/75.67% | F1: 76.28%/74.21% | Time: fit=000s, train=000s, test=000s, total=001s
Epoch  18: Train%/Test% | Accuracy: 77.61%/75.94% | Precision: 77.52%/75.00% | Recall: 76.01%/76.68% | F1: 76.45%/75.19% | Time: fit=000s, train=000s, test=000s, total=001s
Epoch  19: Train%/Test% | Accuracy: 77.25%/75.94% | Precision: 77.08%/75.18% | Recall: 75.70%/76.95% | F1: 76.12%/75.27% | Time: fit=000s, train=000s, test=000s, total=001s
Epoch  20: Train%/Test% | Accuracy: 78.32%/76.42% | Precision: 78.08%/75.75% | Recall: 76.98%/77.59% | F1: 77.34%/75.79% | Time: fit=000s, train=000s, test=000s, total=001s
Epoch  21: Train%/Test% | Accuracy: 77.25%/75.47% | Precision: 77.02%/74.80% | Recall: 75.78%/76.58% | F1: 76.17%/74.82% | Time: fit=000s, train=000s, test=000s, total=001s
Epoch  22: Train%/Test% | Accuracy: 78.08%/75.94% | Precision: 77.77%/75.18% | Recall: 76.81%/76.95% | F1: 77.14%/75.27% | Time: fit=000s, train=000s, test=000s, total=001s
Epoch  23: Train%/Test% | Accuracy: 80.21%/76.89% | Precision: 80.04%/76.13% | Recall: 79.00%/77.97% | F1: 79.37%/76.24% | Time: fit=000s, train=000s, test=000s, total=001s
Epoch  24: Train%/Test% | Accuracy: 79.27%/75.47% | Precision: 79.16%/74.80% | Recall: 77.87%/76.58% | F1: 78.29%/74.82% | Time: fit=000s, train=000s, test=000s, total=001s
Epoch  25: Train%/Test% | Accuracy: 79.98%/75.94% | Precision: 79.67%/75.18% | Recall: 78.91%/76.95% | F1: 79.20%/75.27% | Time: fit=000s, train=000s, test=000s, total=001s
Epoch  26: Train%/Test% | Accuracy: 80.45%/76.42% | Precision: 80.29%/75.75% | Recall: 79.24%/77.59% | F1: 79.61%/75.79% | Time: fit=000s, train=000s, test=000s, total=001s
Epoch  27: Train%/Test% | Accuracy: 80.69%/76.42% | Precision: 80.44%/75.75% | Recall: 79.60%/77.59% | F1: 79.92%/75.79% | Time: fit=000s, train=000s, test=000s, total=001s
Epoch  28: Train%/Test% | Accuracy: 80.57%/76.42% | Precision: 80.33%/75.75% | Recall: 79.46%/77.59% | F1: 79.79%/75.79% | Time: fit=000s, train=000s, test=000s, total=001s
Epoch  29: Train%/Test% | Accuracy: 81.16%/76.42% | Precision: 80.94%/75.75% | Recall: 80.09%/77.59% | F1: 80.41%/75.79% | Time: fit=000s, train=000s, test=000s, total=001s
Epoch  30: Train%/Test% | Accuracy: 79.62%/75.00% | Precision: 79.33%/74.05% | Recall: 78.49%/75.67% | F1: 78.80%/74.21% | Time: fit=000s, train=000s, test=000s, total=001s
Epoch  31: Train%/Test% | Accuracy: 80.92%/76.42% | Precision: 80.73%/75.75% | Recall: 79.81%/77.59% | F1: 80.15%/75.79% | Time: fit=000s, train=000s, test=000s, total=001s
Epoch  32: Train%/Test% | Accuracy: 79.98%/75.47% | Precision: 79.67%/74.62% | Recall: 78.91%/76.31% | F1: 79.20%/74.74% | Time: fit=000s, train=000s, test=000s, total=001s
Epoch  33: Train%/Test% | Accuracy: 80.45%/75.94% | Precision: 80.22%/75.00% | Recall: 79.32%/76.68% | F1: 79.65%/75.19% | Time: fit=000s, train=000s, test=000s, total=001s
Epoch  34: Train%/Test% | Accuracy: 80.57%/75.47% | Precision: 80.36%/74.62% | Recall: 79.42%/76.31% | F1: 79.77%/74.74% | Time: fit=000s, train=000s, test=000s, total=001s
Epoch  35: Train%/Test% | Accuracy: 80.33%/75.94% | Precision: 80.15%/75.18% | Recall: 79.14%/76.95% | F1: 79.50%/75.27% | Time: fit=000s, train=000s, test=000s, total=001s
Epoch  36: Train%/Test% | Accuracy: 80.33%/76.89% | Precision: 80.15%/76.13% | Recall: 79.14%/77.97% | F1: 79.50%/76.24% | Time: fit=000s, train=000s, test=000s, total=001s
Epoch  37: Train%/Test% | Accuracy: 80.69%/75.94% | Precision: 80.65%/75.00% | Recall: 79.37%/76.68% | F1: 79.80%/75.19% | Time: fit=000s, train=000s, test=000s, total=001s
Epoch  38: Train%/Test% | Accuracy: 79.98%/75.00% | Precision: 79.69%/74.23% | Recall: 78.87%/75.94% | F1: 79.18%/74.30% | Time: fit=000s, train=000s, test=000s, total=001s
Epoch  39: Train%/Test% | Accuracy: 80.92%/75.47% | Precision: 80.76%/74.62% | Recall: 79.77%/76.31% | F1: 80.13%/74.74% | Time: fit=000s, train=000s, test=000s, total=001s
Epoch  40: Train%/Test% | Accuracy: 80.21%/74.06% | Precision: 79.94%/73.49% | Recall: 79.12%/75.19% | F1: 79.43%/73.41% | Time: fit=000s, train=000s, test=000s, total=001s
Epoch  41: Train%/Test% | Accuracy: 80.92%/75.47% | Precision: 80.79%/74.62% | Recall: 79.73%/76.31% | F1: 80.11%/74.74% | Time: fit=000s, train=000s, test=000s, total=001s
Epoch  42: Train%/Test% | Accuracy: 81.16%/76.42% | Precision: 80.94%/75.75% | Recall: 80.09%/77.59% | F1: 80.41%/75.79% | Time: fit=000s, train=000s, test=000s, total=001s
Epoch  43: Train%/Test% | Accuracy: 81.52%/76.42% | Precision: 81.30%/75.75% | Recall: 80.48%/77.59% | F1: 80.79%/75.79% | Time: fit=000s, train=000s, test=000s, total=001s
Epoch  44: Train%/Test% | Accuracy: 81.04%/76.42% | Precision: 80.77%/75.75% | Recall: 80.03%/77.59% | F1: 80.32%/75.79% | Time: fit=000s, train=000s, test=000s, total=001s
Epoch  45: Train%/Test% | Accuracy: 80.81%/76.42% | Precision: 80.45%/75.75% | Recall: 79.90%/77.59% | F1: 80.13%/75.79% | Time: fit=000s, train=000s, test=000s, total=001s
Epoch  46: Train%/Test% | Accuracy: 81.16%/76.42% | Precision: 80.89%/75.75% | Recall: 80.17%/77.59% | F1: 80.45%/75.79% | Time: fit=000s, train=000s, test=000s, total=001s
Epoch  47: Train%/Test% | Accuracy: 80.69%/76.42% | Precision: 80.39%/75.75% | Recall: 79.68%/77.59% | F1: 79.96%/75.79% | Time: fit=000s, train=000s, test=000s, total=001s
Epoch  48: Train%/Test% | Accuracy: 82.35%/76.42% | Precision: 82.05%/75.75% | Recall: 81.50%/77.59% | F1: 81.73%/75.79% | Time: fit=000s, train=000s, test=000s, total=001s
Epoch  49: Train%/Test% | Accuracy: 82.23%/75.47% | Precision: 81.89%/74.62% | Recall: 81.44%/76.31% | F1: 81.63%/74.74% | Time: fit=000s, train=000s, test=000s, total=001s
Epoch  50: Train%/Test% | Accuracy: 82.58%/76.89% | Precision: 82.45%/76.13% | Recall: 81.55%/77.97% | F1: 81.89%/76.24% | Time: fit=000s, train=000s, test=000s, total=001s
Epoch  51: Train%/Test% | Accuracy: 82.11%/76.89% | Precision: 81.85%/76.13% | Recall: 81.18%/77.97% | F1: 81.45%/76.24% | Time: fit=000s, train=000s, test=000s, total=001s
Epoch  52: Train%/Test% | Accuracy: 82.35%/75.94% | Precision: 82.10%/75.00% | Recall: 81.42%/76.68% | F1: 81.70%/75.19% | Time: fit=000s, train=000s, test=000s, total=001s
Epoch  53: Train%/Test% | Accuracy: 82.58%/76.89% | Precision: 82.48%/76.13% | Recall: 81.51%/77.97% | F1: 81.87%/76.24% | Time: fit=000s, train=000s, test=000s, total=001s
Epoch  54: Train%/Test% | Accuracy: 82.46%/76.89% | Precision: 82.24%/76.13% | Recall: 81.53%/77.97% | F1: 81.81%/76.24% | Time: fit=000s, train=000s, test=000s, total=001s
Epoch  55: Train%/Test% | Accuracy: 82.23%/76.42% | Precision: 81.91%/75.75% | Recall: 81.40%/77.59% | F1: 81.62%/75.79% | Time: fit=000s, train=000s, test=000s, total=001s
Epoch  56: Train%/Test% | Accuracy: 82.70%/76.89% | Precision: 82.55%/76.13% | Recall: 81.69%/77.97% | F1: 82.02%/76.24% | Time: fit=000s, train=000s, test=000s, total=001s
Epoch  57: Train%/Test% | Accuracy: 82.70%/76.42% | Precision: 82.36%/75.75% | Recall: 81.97%/77.59% | F1: 82.14%/75.79% | Time: fit=000s, train=000s, test=000s, total=001s
Epoch  58: Train%/Test% | Accuracy: 82.11%/75.94% | Precision: 81.83%/75.00% | Recall: 81.22%/76.68% | F1: 81.47%/75.19% | Time: fit=000s, train=000s, test=000s, total=001s
Epoch  59: Train%/Test% | Accuracy: 82.46%/75.94% | Precision: 82.30%/75.00% | Recall: 81.45%/76.68% | F1: 81.78%/75.19% | Time: fit=000s, train=000s, test=000s, total=001s
Epoch  60: Train%/Test% | Accuracy: 82.46%/76.89% | Precision: 82.18%/76.13% | Recall: 81.60%/77.97% | F1: 81.84%/76.24% | Time: fit=001s, train=000s, test=000s, total=001s
Epoch  61: Train%/Test% | Accuracy: 81.87%/76.42% | Precision: 81.63%/75.75% | Recall: 80.90%/77.59% | F1: 81.19%/75.79% | Time: fit=000s, train=000s, test=000s, total=001s
Epoch  62: Train%/Test% | Accuracy: 82.35%/76.89% | Precision: 82.07%/76.13% | Recall: 81.46%/77.97% | F1: 81.71%/76.24% | Time: fit=000s, train=000s, test=000s, total=001s
Epoch  63: Train%/Test% | Accuracy: 82.35%/76.89% | Precision: 82.07%/76.13% | Recall: 81.46%/77.97% | F1: 81.71%/76.24% | Time: fit=000s, train=000s, test=000s, total=001s
Epoch  64: Train%/Test% | Accuracy: 78.32%/67.92% | Precision: 80.28%/75.33% | Recall: 80.35%/74.09% | F1: 78.32%/67.88% | Time: fit=000s, train=000s, test=000s, total=001s
Epoch  65: Train%/Test% | Accuracy: 78.20%/67.92% | Precision: 80.20%/75.33% | Recall: 80.24%/74.09% | F1: 78.20%/67.88% | Time: fit=000s, train=000s, test=000s, total=001s
Epoch  66: Train%/Test% | Accuracy: 79.03%/67.92% | Precision: 81.09%/75.33% | Recall: 81.12%/74.09% | F1: 79.03%/67.88% | Time: fit=000s, train=000s, test=000s, total=001s
Epoch  67: Train%/Test% | Accuracy: 82.46%/76.89% | Precision: 82.21%/76.13% | Recall: 81.57%/77.97% | F1: 81.83%/76.24% | Time: fit=000s, train=000s, test=000s, total=001s
Epoch  68: Train%/Test% | Accuracy: 82.82%/76.42% | Precision: 82.63%/75.56% | Recall: 81.87%/77.32% | F1: 82.17%/75.71% | Time: fit=000s, train=000s, test=000s, total=001s
Epoch  69: Train%/Test% | Accuracy: 83.29%/76.89% | Precision: 83.13%/76.13% | Recall: 82.36%/77.97% | F1: 82.66%/76.24% | Time: fit=000s, train=000s, test=000s, total=001s
Epoch  70: Train%/Test% | Accuracy: 83.18%/76.42% | Precision: 82.90%/75.75% | Recall: 82.37%/77.59% | F1: 82.60%/75.79% | Time: fit=000s, train=000s, test=000s, total=001s
Epoch  71: Train%/Test% | Accuracy: 82.58%/76.42% | Precision: 82.32%/75.75% | Recall: 81.71%/77.59% | F1: 81.96%/75.79% | Time: fit=000s, train=000s, test=000s, total=001s
Epoch  72: Train%/Test% | Accuracy: 82.70%/76.42% | Precision: 82.55%/75.56% | Recall: 81.69%/77.32% | F1: 82.02%/75.71% | Time: fit=000s, train=000s, test=000s, total=001s
Epoch  73: Train%/Test% | Accuracy: 82.35%/76.89% | Precision: 82.27%/76.13% | Recall: 81.23%/77.97% | F1: 81.61%/76.24% | Time: fit=000s, train=000s, test=000s, total=001s
Epoch  74: Train%/Test% | Accuracy: 82.58%/76.89% | Precision: 82.45%/76.13% | Recall: 81.55%/77.97% | F1: 81.89%/76.24% | Time: fit=000s, train=000s, test=000s, total=001s
Epoch  75: Train%/Test% | Accuracy: 82.46%/76.42% | Precision: 82.45%/75.56% | Recall: 81.29%/77.32% | F1: 81.70%/75.71% | Time: fit=000s, train=000s, test=000s, total=001s
Epoch  76: Train%/Test% | Accuracy: 82.82%/76.42% | Precision: 82.81%/75.56% | Recall: 81.68%/77.32% | F1: 82.08%/75.71% | Time: fit=000s, train=000s, test=000s, total=001s
Epoch  77: Train%/Test% | Accuracy: 83.18%/76.89% | Precision: 83.13%/76.13% | Recall: 82.10%/77.97% | F1: 82.48%/76.24% | Time: fit=000s, train=000s, test=000s, total=001s
Epoch  78: Train%/Test% | Accuracy: 83.29%/76.89% | Precision: 83.16%/76.13% | Recall: 82.32%/77.97% | F1: 82.65%/76.24% | Time: fit=000s, train=000s, test=000s, total=001s
Epoch  79: Train%/Test% | Accuracy: 83.18%/76.42% | Precision: 82.93%/75.75% | Recall: 82.33%/77.59% | F1: 82.58%/75.79% | Time: fit=000s, train=000s, test=000s, total=001s
Epoch  80: Train%/Test% | Accuracy: 83.06%/76.42% | Precision: 82.88%/75.75% | Recall: 82.12%/77.59% | F1: 82.42%/75.79% | Time: fit=000s, train=000s, test=000s, total=001s
Epoch  81: Train%/Test% | Accuracy: 83.53%/76.42% | Precision: 83.26%/75.75% | Recall: 82.76%/77.59% | F1: 82.97%/75.79% | Time: fit=000s, train=000s, test=000s, total=001s
Epoch  82: Train%/Test% | Accuracy: 83.89%/76.42% | Precision: 83.67%/75.75% | Recall: 83.06%/77.59% | F1: 83.32%/75.79% | Time: fit=000s, train=000s, test=000s, total=001s
Epoch  83: Train%/Test% | Accuracy: 84.00%/76.42% | Precision: 83.84%/75.75% | Recall: 83.13%/77.59% | F1: 83.42%/75.79% | Time: fit=000s, train=000s, test=000s, total=001s
Epoch  84: Train%/Test% | Accuracy: 83.77%/76.42% | Precision: 83.59%/75.75% | Recall: 82.88%/77.59% | F1: 83.17%/75.79% | Time: fit=000s, train=000s, test=000s, total=001s
Epoch  85: Train%/Test% | Accuracy: 83.18%/75.94% | Precision: 82.90%/75.38% | Recall: 82.37%/77.22% | F1: 82.60%/75.35% | Time: fit=000s, train=000s, test=000s, total=001s
Epoch  86: Train%/Test% | Accuracy: 83.41%/75.94% | Precision: 83.24%/75.38% | Recall: 82.50%/77.22% | F1: 82.79%/75.35% | Time: fit=000s, train=000s, test=000s, total=001s
Epoch  87: Train%/Test% | Accuracy: 83.29%/75.94% | Precision: 83.13%/75.38% | Recall: 82.36%/77.22% | F1: 82.66%/75.35% | Time: fit=000s, train=000s, test=000s, total=001s
Epoch  88: Train%/Test% | Accuracy: 83.18%/76.89% | Precision: 83.05%/76.13% | Recall: 82.18%/77.97% | F1: 82.52%/76.24% | Time: fit=000s, train=000s, test=000s, total=001s
Epoch  89: Train%/Test% | Accuracy: 83.18%/76.89% | Precision: 83.05%/76.13% | Recall: 82.18%/77.97% | F1: 82.52%/76.24% | Time: fit=000s, train=000s, test=000s, total=001s
Epoch  90: Train%/Test% | Accuracy: 83.41%/76.42% | Precision: 83.24%/75.75% | Recall: 82.50%/77.59% | F1: 82.79%/75.79% | Time: fit=000s, train=000s, test=000s, total=001s
Epoch  91: Train%/Test% | Accuracy: 83.06%/76.42% | Precision: 82.82%/75.75% | Recall: 82.19%/77.59% | F1: 82.45%/75.79% | Time: fit=000s, train=000s, test=000s, total=001s
Epoch  92: Train%/Test% | Accuracy: 78.55%/67.92% | Precision: 80.44%/75.33% | Recall: 80.55%/74.09% | F1: 78.55%/67.88% | Time: fit=000s, train=000s, test=000s, total=001s
Epoch  93: Train%/Test% | Accuracy: 78.91%/67.45% | Precision: 80.93%/75.12% | Recall: 80.97%/73.72% | F1: 78.91%/67.39% | Time: fit=000s, train=000s, test=000s, total=001s
Epoch  94: Train%/Test% | Accuracy: 79.03%/67.45% | Precision: 81.01%/75.12% | Recall: 81.08%/73.72% | F1: 79.03%/67.39% | Time: fit=000s, train=000s, test=000s, total=001s
Epoch  95: Train%/Test% | Accuracy: 83.65%/76.42% | Precision: 83.45%/75.75% | Recall: 82.78%/77.59% | F1: 83.06%/75.79% | Time: fit=000s, train=000s, test=000s, total=001s
Epoch  96: Train%/Test% | Accuracy: 83.53%/76.42% | Precision: 83.31%/75.75% | Recall: 82.68%/77.59% | F1: 82.94%/75.79% | Time: fit=000s, train=000s, test=000s, total=001s
Epoch  97: Train%/Test% | Accuracy: 83.29%/76.42% | Precision: 82.99%/75.75% | Recall: 82.55%/77.59% | F1: 82.74%/75.79% | Time: fit=000s, train=000s, test=000s, total=001s
Epoch  98: Train%/Test% | Accuracy: 83.18%/75.00% | Precision: 82.87%/74.65% | Recall: 82.41%/76.47% | F1: 82.61%/74.45% | Time: fit=000s, train=000s, test=000s, total=001s
Epoch  99: Train%/Test% | Accuracy: 83.29%/75.47% | Precision: 82.99%/75.01% | Recall: 82.55%/76.85% | F1: 82.74%/74.90% | Time: fit=000s, train=000s, test=000s, total=001s
Epoch 100: Train%/Test% | Accuracy: 83.29%/76.89% | Precision: 83.07%/76.13% | Recall: 82.44%/77.97% | F1: 82.70%/76.24% | Time: fit=000s, train=000s, test=000s, total=001s
