[nltk_data] Downloading package wordnet to /home/bjorvl16/nltk_data...
[nltk_data]   Package wordnet is already up-to-date!
[nltk_data] Downloading package stopwords to
[nltk_data]     /home/bjorvl16/nltk_data...
[nltk_data]   Package stopwords is already up-to-date!
[*] Load dataset...
[*] Fix malformed data...
[*] Split...
[*] Encoding...
[*] Encoding feature: text... 4922
==============================
Using CPU for training
Dataset: fake-news-datasets-deception-Celebrity
TMU params: num-clauses=5000, T=200, s=15.0
Epochs: 150
Feature(s): text
max-vocab=15000, max-domain=500, max-tweet=500
====================
Train size: 400
Train classes: 2
Test size: 100
Test classes: 2
Total features: 4922
==============================
[*] Training for 150 epochs...
Epoch   1: Train%/Test% | Accuracy: 57.75%/54.00% | Precision: 58.35%/53.12% | Recall: 57.97%/52.90% | F1: 57.34%/52.46% | Time: fit=006s, train=000s, test=000s, total=006s
Epoch   2: Train%/Test% | Accuracy: 62.00%/53.00% | Precision: 67.16%/51.02% | Recall: 62.53%/50.68% | F1: 59.47%/47.26% | Time: fit=005s, train=000s, test=000s, total=005s
Epoch   3: Train%/Test% | Accuracy: 69.00%/63.00% | Precision: 74.67%/67.82% | Recall: 68.51%/64.77% | F1: 66.75%/61.90% | Time: fit=005s, train=000s, test=000s, total=005s
Epoch   4: Train%/Test% | Accuracy: 64.50%/51.00% | Precision: 77.06%/58.75% | Recall: 63.81%/53.99% | F1: 59.21%/45.01% | Time: fit=005s, train=000s, test=000s, total=005s
Epoch   5: Train%/Test% | Accuracy: 81.50%/72.00% | Precision: 83.17%/72.00% | Recall: 81.27%/72.14% | F1: 81.18%/71.96% | Time: fit=004s, train=000s, test=000s, total=004s
Epoch   6: Train%/Test% | Accuracy: 50.00%/55.00% | Precision: 74.75%/77.27% | Recall: 50.98%/51.09% | F1: 35.03%/37.42% | Time: fit=004s, train=000s, test=000s, total=004s
Epoch   7: Train%/Test% | Accuracy: 57.25%/55.00% | Precision: 76.70%/60.65% | Recall: 58.09%/51.25% | F1: 48.74%/39.18% | Time: fit=004s, train=000s, test=000s, total=004s
Epoch   8: Train%/Test% | Accuracy: 77.25%/68.00% | Precision: 83.78%/72.96% | Recall: 77.69%/65.86% | F1: 76.28%/64.35% | Time: fit=004s, train=000s, test=000s, total=004s
Epoch   9: Train%/Test% | Accuracy: 81.25%/69.00% | Precision: 85.86%/72.67% | Recall: 81.61%/67.11% | F1: 80.74%/66.15% | Time: fit=004s, train=000s, test=000s, total=004s
Epoch  10: Train%/Test% | Accuracy: 81.00%/70.00% | Precision: 85.73%/73.49% | Recall: 81.36%/68.20% | F1: 80.47%/67.45% | Time: fit=004s, train=000s, test=000s, total=004s
Epoch  11: Train%/Test% | Accuracy: 81.25%/73.00% | Precision: 85.86%/76.84% | Recall: 81.61%/71.30% | F1: 80.74%/70.88% | Time: fit=004s, train=000s, test=000s, total=004s
Epoch  12: Train%/Test% | Accuracy: 90.00%/68.00% | Precision: 90.24%/68.44% | Recall: 89.93%/68.44% | F1: 89.97%/68.00% | Time: fit=004s, train=000s, test=000s, total=004s
Epoch  13: Train%/Test% | Accuracy: 75.00%/61.00% | Precision: 83.10%/74.17% | Recall: 74.50%/63.73% | F1: 73.11%/57.42% | Time: fit=003s, train=000s, test=000s, total=004s
Epoch  14: Train%/Test% | Accuracy: 71.50%/59.00% | Precision: 82.08%/73.14% | Recall: 70.92%/61.88% | F1: 68.58%/54.64% | Time: fit=004s, train=000s, test=000s, total=004s
Epoch  15: Train%/Test% | Accuracy: 79.50%/67.00% | Precision: 85.31%/72.68% | Recall: 79.09%/68.80% | F1: 78.46%/66.02% | Time: fit=004s, train=000s, test=000s, total=004s
Epoch  16: Train%/Test% | Accuracy: 72.50%/61.00% | Precision: 82.48%/74.17% | Recall: 71.94%/63.73% | F1: 69.88%/57.42% | Time: fit=003s, train=000s, test=000s, total=004s
Epoch  17: Train%/Test% | Accuracy: 77.75%/63.00% | Precision: 84.42%/71.40% | Recall: 77.31%/65.26% | F1: 76.42%/60.93% | Time: fit=003s, train=000s, test=000s, total=004s
Epoch  18: Train%/Test% | Accuracy: 84.25%/66.00% | Precision: 87.43%/70.95% | Recall: 83.96%/67.71% | F1: 83.82%/65.11% | Time: fit=004s, train=000s, test=000s, total=004s
Epoch  19: Train%/Test% | Accuracy: 89.75%/72.00% | Precision: 90.46%/73.23% | Recall: 89.62%/72.79% | F1: 89.68%/71.96% | Time: fit=003s, train=000s, test=000s, total=004s
Epoch  20: Train%/Test% | Accuracy: 90.25%/79.00% | Precision: 90.52%/79.35% | Recall: 90.17%/79.43% | F1: 90.22%/79.00% | Time: fit=003s, train=000s, test=000s, total=004s
Epoch  21: Train%/Test% | Accuracy: 90.25%/74.00% | Precision: 90.67%/74.84% | Recall: 90.15%/74.64% | F1: 90.21%/73.99% | Time: fit=003s, train=000s, test=000s, total=004s
Epoch  22: Train%/Test% | Accuracy: 89.50%/78.00% | Precision: 89.73%/78.21% | Recall: 89.43%/78.34% | F1: 89.47%/77.99% | Time: fit=003s, train=000s, test=000s, total=003s
Epoch  23: Train%/Test% | Accuracy: 91.75%/75.00% | Precision: 91.97%/76.07% | Recall: 91.68%/75.72% | F1: 91.73%/74.98% | Time: fit=003s, train=000s, test=000s, total=003s
Epoch  24: Train%/Test% | Accuracy: 92.00%/78.00% | Precision: 92.09%/78.21% | Recall: 91.96%/78.34% | F1: 91.99%/77.99% | Time: fit=003s, train=000s, test=000s, total=003s
Epoch  25: Train%/Test% | Accuracy: 91.75%/75.00% | Precision: 92.23%/75.35% | Recall: 91.86%/74.28% | F1: 91.74%/74.42% | Time: fit=003s, train=000s, test=000s, total=004s
Epoch  26: Train%/Test% | Accuracy: 93.75%/74.00% | Precision: 93.76%/73.86% | Recall: 93.77%/73.67% | F1: 93.75%/73.74% | Time: fit=003s, train=000s, test=000s, total=003s
Epoch  27: Train%/Test% | Accuracy: 91.50%/74.00% | Precision: 92.02%/74.45% | Recall: 91.62%/73.19% | F1: 91.49%/73.32% | Time: fit=003s, train=000s, test=000s, total=004s
Epoch  28: Train%/Test% | Accuracy: 90.50%/72.00% | Precision: 91.59%/72.66% | Recall: 90.67%/71.01% | F1: 90.46%/71.06% | Time: fit=003s, train=000s, test=000s, total=003s
Epoch  29: Train%/Test% | Accuracy: 95.00%/73.00% | Precision: 95.07%/73.25% | Recall: 95.05%/72.26% | F1: 95.00%/72.38% | Time: fit=003s, train=000s, test=000s, total=004s
Epoch  30: Train%/Test% | Accuracy: 94.50%/73.00% | Precision: 94.53%/72.93% | Recall: 94.48%/73.07% | F1: 94.50%/72.93% | Time: fit=003s, train=000s, test=000s, total=003s
Epoch  31: Train%/Test% | Accuracy: 95.25%/77.00% | Precision: 95.30%/76.93% | Recall: 95.22%/77.09% | F1: 95.24%/76.94% | Time: fit=003s, train=000s, test=000s, total=003s
Epoch  32: Train%/Test% | Accuracy: 94.75%/74.00% | Precision: 94.76%/73.86% | Recall: 94.77%/73.67% | F1: 94.75%/73.74% | Time: fit=003s, train=000s, test=000s, total=003s
Epoch  33: Train%/Test% | Accuracy: 93.50%/75.00% | Precision: 93.61%/75.35% | Recall: 93.56%/74.28% | F1: 93.50%/74.42% | Time: fit=003s, train=000s, test=000s, total=003s
Epoch  34: Train%/Test% | Accuracy: 95.25%/74.00% | Precision: 95.25%/73.83% | Recall: 95.26%/73.83% | F1: 95.25%/73.83% | Time: fit=003s, train=000s, test=000s, total=003s
Epoch  35: Train%/Test% | Accuracy: 95.00%/76.00% | Precision: 95.04%/76.25% | Recall: 95.04%/75.36% | F1: 95.00%/75.52% | Time: fit=003s, train=000s, test=000s, total=003s
Epoch  36: Train%/Test% | Accuracy: 94.00%/74.00% | Precision: 94.29%/74.45% | Recall: 94.09%/73.19% | F1: 94.00%/73.32% | Time: fit=003s, train=000s, test=000s, total=003s
Epoch  37: Train%/Test% | Accuracy: 94.25%/74.00% | Precision: 94.58%/74.45% | Recall: 94.34%/73.19% | F1: 94.25%/73.32% | Time: fit=003s, train=000s, test=000s, total=003s
Epoch  38: Train%/Test% | Accuracy: 92.75%/72.00% | Precision: 93.33%/72.66% | Recall: 92.87%/71.01% | F1: 92.74%/71.06% | Time: fit=003s, train=000s, test=000s, total=003s
Epoch  39: Train%/Test% | Accuracy: 94.75%/74.00% | Precision: 95.01%/74.45% | Recall: 94.83%/73.19% | F1: 94.75%/73.32% | Time: fit=003s, train=000s, test=000s, total=003s
Epoch  40: Train%/Test% | Accuracy: 94.75%/75.00% | Precision: 95.01%/75.35% | Recall: 94.83%/74.28% | F1: 94.75%/74.42% | Time: fit=003s, train=000s, test=000s, total=003s
Epoch  41: Train%/Test% | Accuracy: 95.25%/74.00% | Precision: 95.44%/74.45% | Recall: 95.32%/73.19% | F1: 95.25%/73.32% | Time: fit=003s, train=000s, test=000s, total=003s
Epoch  42: Train%/Test% | Accuracy: 95.75%/75.00% | Precision: 95.89%/75.09% | Recall: 95.81%/74.44% | F1: 95.75%/74.57% | Time: fit=003s, train=000s, test=000s, total=003s
Epoch  43: Train%/Test% | Accuracy: 97.00%/77.00% | Precision: 97.04%/77.16% | Recall: 97.04%/76.45% | F1: 97.00%/76.60% | Time: fit=003s, train=000s, test=000s, total=003s
Epoch  44: Train%/Test% | Accuracy: 97.00%/75.00% | Precision: 97.00%/74.93% | Recall: 97.00%/74.60% | F1: 97.00%/74.69% | Time: fit=003s, train=000s, test=000s, total=003s
Epoch  45: Train%/Test% | Accuracy: 97.75%/75.00% | Precision: 97.75%/75.09% | Recall: 97.76%/74.44% | F1: 97.75%/74.57% | Time: fit=003s, train=000s, test=000s, total=003s
Epoch  46: Train%/Test% | Accuracy: 96.75%/76.00% | Precision: 96.84%/76.57% | Recall: 96.80%/75.20% | F1: 96.75%/75.37% | Time: fit=003s, train=000s, test=000s, total=003s
Epoch  47: Train%/Test% | Accuracy: 97.75%/74.00% | Precision: 97.76%/74.17% | Recall: 97.77%/73.35% | F1: 97.75%/73.48% | Time: fit=003s, train=000s, test=000s, total=003s
Epoch  48: Train%/Test% | Accuracy: 98.25%/75.00% | Precision: 98.27%/74.85% | Recall: 98.23%/74.92% | F1: 98.25%/74.88% | Time: fit=003s, train=000s, test=000s, total=003s
Epoch  49: Train%/Test% | Accuracy: 98.75%/72.00% | Precision: 98.76%/71.83% | Recall: 98.74%/71.66% | F1: 98.75%/71.72% | Time: fit=003s, train=000s, test=000s, total=003s
Epoch  50: Train%/Test% | Accuracy: 98.75%/73.00% | Precision: 98.76%/72.83% | Recall: 98.74%/72.75% | F1: 98.75%/72.78% | Time: fit=003s, train=000s, test=000s, total=003s
Epoch  51: Train%/Test% | Accuracy: 98.75%/73.00% | Precision: 98.75%/72.83% | Recall: 98.75%/72.75% | F1: 98.75%/72.78% | Time: fit=003s, train=000s, test=000s, total=003s
Epoch  52: Train%/Test% | Accuracy: 98.25%/72.00% | Precision: 98.26%/71.83% | Recall: 98.24%/71.66% | F1: 98.25%/71.72% | Time: fit=003s, train=000s, test=000s, total=003s
Epoch  53: Train%/Test% | Accuracy: 99.00%/74.00% | Precision: 99.00%/73.86% | Recall: 99.02%/73.67% | F1: 99.00%/73.74% | Time: fit=003s, train=000s, test=000s, total=003s
Epoch  54: Train%/Test% | Accuracy: 98.50%/74.00% | Precision: 98.51%/73.86% | Recall: 98.53%/73.67% | F1: 98.50%/73.74% | Time: fit=003s, train=000s, test=000s, total=003s
Epoch  55: Train%/Test% | Accuracy: 98.00%/75.00% | Precision: 98.04%/75.09% | Recall: 98.04%/74.44% | F1: 98.00%/74.57% | Time: fit=003s, train=000s, test=000s, total=003s
Epoch  56: Train%/Test% | Accuracy: 97.75%/74.00% | Precision: 97.80%/74.45% | Recall: 97.79%/73.19% | F1: 97.75%/73.32% | Time: fit=003s, train=000s, test=000s, total=003s
Epoch  57: Train%/Test% | Accuracy: 98.50%/71.00% | Precision: 98.51%/70.85% | Recall: 98.53%/70.57% | F1: 98.50%/70.64% | Time: fit=003s, train=000s, test=000s, total=003s
Epoch  58: Train%/Test% | Accuracy: 99.00%/74.00% | Precision: 99.00%/73.97% | Recall: 99.00%/73.51% | F1: 99.00%/73.62% | Time: fit=003s, train=000s, test=000s, total=003s
Epoch  59: Train%/Test% | Accuracy: 99.00%/71.00% | Precision: 99.04%/70.84% | Recall: 98.98%/70.89% | F1: 99.00%/70.86% | Time: fit=003s, train=000s, test=000s, total=003s
Epoch  60: Train%/Test% | Accuracy: 98.00%/74.00% | Precision: 98.04%/74.45% | Recall: 98.04%/73.19% | F1: 98.00%/73.32% | Time: fit=003s, train=000s, test=000s, total=003s
Epoch  61: Train%/Test% | Accuracy: 97.75%/70.00% | Precision: 97.84%/69.87% | Recall: 97.71%/69.97% | F1: 97.75%/69.89% | Time: fit=003s, train=000s, test=000s, total=003s
Epoch  62: Train%/Test% | Accuracy: 97.75%/71.00% | Precision: 97.84%/70.84% | Recall: 97.71%/70.89% | F1: 97.75%/70.86% | Time: fit=003s, train=000s, test=000s, total=003s
Epoch  63: Train%/Test% | Accuracy: 98.25%/70.00% | Precision: 98.30%/69.87% | Recall: 98.22%/69.97% | F1: 98.25%/69.89% | Time: fit=003s, train=000s, test=000s, total=003s
Epoch  64: Train%/Test% | Accuracy: 98.00%/71.00% | Precision: 98.04%/70.93% | Recall: 97.98%/71.05% | F1: 98.00%/70.93% | Time: fit=003s, train=000s, test=000s, total=003s
Epoch  65: Train%/Test% | Accuracy: 98.50%/74.00% | Precision: 98.51%/73.83% | Recall: 98.49%/73.83% | F1: 98.50%/73.83% | Time: fit=003s, train=000s, test=000s, total=003s
Epoch  66: Train%/Test% | Accuracy: 98.75%/72.00% | Precision: 98.77%/71.82% | Recall: 98.73%/71.82% | F1: 98.75%/71.82% | Time: fit=003s, train=000s, test=000s, total=003s
Epoch  67: Train%/Test% | Accuracy: 99.00%/73.00% | Precision: 99.01%/72.89% | Recall: 98.99%/72.58% | F1: 99.00%/72.67% | Time: fit=003s, train=000s, test=000s, total=003s
Epoch  68: Train%/Test% | Accuracy: 99.25%/73.00% | Precision: 99.26%/73.03% | Recall: 99.24%/72.42% | F1: 99.25%/72.54% | Time: fit=003s, train=000s, test=000s, total=003s
Epoch  69: Train%/Test% | Accuracy: 99.50%/74.00% | Precision: 99.49%/74.17% | Recall: 99.51%/73.35% | F1: 99.50%/73.48% | Time: fit=003s, train=000s, test=000s, total=003s
Epoch  70: Train%/Test% | Accuracy: 98.25%/75.00% | Precision: 98.28%/75.35% | Recall: 98.28%/74.28% | F1: 98.25%/74.42% | Time: fit=003s, train=000s, test=000s, total=003s
Epoch  71: Train%/Test% | Accuracy: 99.00%/74.00% | Precision: 98.99%/74.17% | Recall: 99.01%/73.35% | F1: 99.00%/73.48% | Time: fit=002s, train=000s, test=000s, total=003s
Epoch  72: Train%/Test% | Accuracy: 99.50%/76.00% | Precision: 99.50%/76.03% | Recall: 99.50%/75.52% | F1: 99.50%/75.65% | Time: fit=002s, train=000s, test=000s, total=003s
Epoch  73: Train%/Test% | Accuracy: 99.50%/76.00% | Precision: 99.51%/76.03% | Recall: 99.49%/75.52% | F1: 99.50%/75.65% | Time: fit=003s, train=000s, test=000s, total=003s
Epoch  74: Train%/Test% | Accuracy: 99.75%/76.00% | Precision: 99.76%/76.03% | Recall: 99.74%/75.52% | F1: 99.75%/75.65% | Time: fit=003s, train=000s, test=000s, total=003s
Epoch  75: Train%/Test% | Accuracy: 99.75%/75.00% | Precision: 99.76%/75.09% | Recall: 99.74%/74.44% | F1: 99.75%/74.57% | Time: fit=003s, train=000s, test=000s, total=003s
Epoch  76: Train%/Test% | Accuracy: 99.50%/75.00% | Precision: 99.50%/75.09% | Recall: 99.50%/74.44% | F1: 99.50%/74.57% | Time: fit=002s, train=000s, test=000s, total=003s
Epoch  77: Train%/Test% | Accuracy: 99.50%/76.00% | Precision: 99.50%/76.25% | Recall: 99.50%/75.36% | F1: 99.50%/75.52% | Time: fit=002s, train=000s, test=000s, total=003s
Epoch  78: Train%/Test% | Accuracy: 99.25%/74.00% | Precision: 99.26%/73.97% | Recall: 99.24%/73.51% | F1: 99.25%/73.62% | Time: fit=002s, train=000s, test=000s, total=003s
Epoch  79: Train%/Test% | Accuracy: 99.50%/76.00% | Precision: 99.50%/76.03% | Recall: 99.50%/75.52% | F1: 99.50%/75.65% | Time: fit=002s, train=000s, test=000s, total=003s
Epoch  80: Train%/Test% | Accuracy: 99.25%/76.00% | Precision: 99.26%/75.89% | Recall: 99.24%/75.68% | F1: 99.25%/75.76% | Time: fit=002s, train=000s, test=000s, total=003s
Epoch  81: Train%/Test% | Accuracy: 99.50%/74.00% | Precision: 99.50%/74.17% | Recall: 99.50%/73.35% | F1: 99.50%/73.48% | Time: fit=002s, train=000s, test=000s, total=003s
Epoch  82: Train%/Test% | Accuracy: 99.25%/74.00% | Precision: 99.25%/74.45% | Recall: 99.26%/73.19% | F1: 99.25%/73.32% | Time: fit=002s, train=000s, test=000s, total=003s
Epoch  83: Train%/Test% | Accuracy: 98.50%/73.00% | Precision: 98.50%/73.55% | Recall: 98.52%/72.10% | F1: 98.50%/72.20% | Time: fit=002s, train=000s, test=000s, total=003s
Epoch  84: Train%/Test% | Accuracy: 98.75%/74.00% | Precision: 98.76%/74.45% | Recall: 98.77%/73.19% | F1: 98.75%/73.32% | Time: fit=002s, train=000s, test=000s, total=003s
Epoch  85: Train%/Test% | Accuracy: 99.75%/74.00% | Precision: 99.75%/74.17% | Recall: 99.75%/73.35% | F1: 99.75%/73.48% | Time: fit=002s, train=000s, test=000s, total=003s
Epoch  86: Train%/Test% | Accuracy: 98.75%/74.00% | Precision: 98.76%/74.83% | Recall: 98.77%/73.03% | F1: 98.75%/73.13% | Time: fit=002s, train=000s, test=000s, total=003s
Epoch  87: Train%/Test% | Accuracy: 99.00%/73.00% | Precision: 99.00%/73.55% | Recall: 99.02%/72.10% | F1: 99.00%/72.20% | Time: fit=002s, train=000s, test=000s, total=003s
Epoch  88: Train%/Test% | Accuracy: 99.75%/72.00% | Precision: 99.75%/72.33% | Recall: 99.75%/71.18% | F1: 99.75%/71.26% | Time: fit=002s, train=000s, test=000s, total=003s
Epoch  89: Train%/Test% | Accuracy: 99.50%/72.00% | Precision: 99.50%/72.33% | Recall: 99.50%/71.18% | F1: 99.50%/71.26% | Time: fit=003s, train=000s, test=000s, total=003s
Epoch  90: Train%/Test% | Accuracy: 99.75%/71.00% | Precision: 99.75%/71.14% | Recall: 99.75%/70.25% | F1: 99.75%/70.33% | Time: fit=002s, train=000s, test=000s, total=002s
Epoch  91: Train%/Test% | Accuracy: 99.75%/73.00% | Precision: 99.75%/73.03% | Recall: 99.75%/72.42% | F1: 99.75%/72.54% | Time: fit=002s, train=000s, test=000s, total=003s
Epoch  92: Train%/Test% | Accuracy: 99.25%/73.00% | Precision: 99.25%/73.25% | Recall: 99.25%/72.26% | F1: 99.25%/72.38% | Time: fit=002s, train=000s, test=000s, total=003s
Epoch  93: Train%/Test% | Accuracy: 99.25%/73.00% | Precision: 99.25%/73.25% | Recall: 99.25%/72.26% | F1: 99.25%/72.38% | Time: fit=002s, train=000s, test=000s, total=003s
Epoch  94: Train%/Test% | Accuracy: 99.00%/73.00% | Precision: 98.99%/73.25% | Recall: 99.01%/72.26% | F1: 99.00%/72.38% | Time: fit=002s, train=000s, test=000s, total=003s
Epoch  95: Train%/Test% | Accuracy: 99.75%/74.00% | Precision: 99.75%/74.45% | Recall: 99.75%/73.19% | F1: 99.75%/73.32% | Time: fit=002s, train=000s, test=000s, total=002s
Epoch  96: Train%/Test% | Accuracy: 99.75%/70.00% | Precision: 99.75%/69.87% | Recall: 99.75%/69.48% | F1: 99.75%/69.56% | Time: fit=003s, train=000s, test=000s, total=003s
Epoch  97: Train%/Test% | Accuracy: 99.75%/72.00% | Precision: 99.75%/71.92% | Recall: 99.75%/71.50% | F1: 99.75%/71.59% | Time: fit=002s, train=000s, test=000s, total=003s
Epoch  98: Train%/Test% | Accuracy: 99.75%/73.00% | Precision: 99.75%/73.03% | Recall: 99.75%/72.42% | F1: 99.75%/72.54% | Time: fit=002s, train=000s, test=000s, total=003s
Epoch  99: Train%/Test% | Accuracy: 99.75%/74.00% | Precision: 99.75%/74.17% | Recall: 99.75%/73.35% | F1: 99.75%/73.48% | Time: fit=002s, train=000s, test=000s, total=002s
Epoch 100: Train%/Test% | Accuracy: 99.75%/72.00% | Precision: 99.75%/72.08% | Recall: 99.75%/71.34% | F1: 99.75%/71.44% | Time: fit=002s, train=000s, test=000s, total=002s
Epoch 101: Train%/Test% | Accuracy: 99.75%/73.00% | Precision: 99.75%/73.03% | Recall: 99.75%/72.42% | F1: 99.75%/72.54% | Time: fit=002s, train=000s, test=000s, total=002s
Epoch 102: Train%/Test% | Accuracy: 99.75%/72.00% | Precision: 99.75%/72.08% | Recall: 99.75%/71.34% | F1: 99.75%/71.44% | Time: fit=002s, train=000s, test=000s, total=003s
Epoch 103: Train%/Test% | Accuracy: 99.75%/73.00% | Precision: 99.75%/73.25% | Recall: 99.75%/72.26% | F1: 99.75%/72.38% | Time: fit=002s, train=000s, test=000s, total=002s
Epoch 104: Train%/Test% | Accuracy: 99.75%/73.00% | Precision: 99.75%/73.03% | Recall: 99.75%/72.42% | F1: 99.75%/72.54% | Time: fit=002s, train=000s, test=000s, total=002s
Epoch 105: Train%/Test% | Accuracy: 99.75%/72.00% | Precision: 99.75%/71.92% | Recall: 99.75%/71.50% | F1: 99.75%/71.59% | Time: fit=002s, train=000s, test=000s, total=002s
Epoch 106: Train%/Test% | Accuracy: 99.75%/72.00% | Precision: 99.75%/72.08% | Recall: 99.75%/71.34% | F1: 99.75%/71.44% | Time: fit=002s, train=000s, test=000s, total=002s
Epoch 107: Train%/Test% | Accuracy: 99.75%/71.00% | Precision: 99.75%/70.85% | Recall: 99.75%/70.57% | F1: 99.75%/70.64% | Time: fit=002s, train=000s, test=000s, total=002s
Epoch 108: Train%/Test% | Accuracy: 99.75%/74.00% | Precision: 99.75%/73.97% | Recall: 99.75%/73.51% | F1: 99.75%/73.62% | Time: fit=002s, train=000s, test=000s, total=002s
Epoch 109: Train%/Test% | Accuracy: 99.75%/73.00% | Precision: 99.75%/72.83% | Recall: 99.75%/72.75% | F1: 99.75%/72.78% | Time: fit=002s, train=000s, test=000s, total=002s
Epoch 110: Train%/Test% | Accuracy: 100.00%/73.00% | Precision: 100.00%/72.89% | Recall: 100.00%/72.58% | F1: 100.00%/72.67% | Time: fit=002s, train=000s, test=000s, total=002s
Epoch 111: Train%/Test% | Accuracy: 100.00%/71.00% | Precision: 100.00%/70.84% | Recall: 100.00%/70.89% | F1: 100.00%/70.86% | Time: fit=002s, train=000s, test=000s, total=002s
Epoch 112: Train%/Test% | Accuracy: 100.00%/72.00% | Precision: 100.00%/71.88% | Recall: 100.00%/71.98% | F1: 100.00%/71.90% | Time: fit=002s, train=000s, test=000s, total=002s
Epoch 113: Train%/Test% | Accuracy: 100.00%/73.00% | Precision: 100.00%/72.84% | Recall: 100.00%/72.91% | F1: 100.00%/72.87% | Time: fit=002s, train=000s, test=000s, total=002s
Epoch 114: Train%/Test% | Accuracy: 99.75%/74.00% | Precision: 99.75%/73.97% | Recall: 99.75%/73.51% | F1: 99.75%/73.62% | Time: fit=002s, train=000s, test=000s, total=003s
Epoch 115: Train%/Test% | Accuracy: 99.75%/74.00% | Precision: 99.75%/74.17% | Recall: 99.75%/73.35% | F1: 99.75%/73.48% | Time: fit=002s, train=000s, test=000s, total=003s
Epoch 116: Train%/Test% | Accuracy: 100.00%/71.00% | Precision: 100.00%/70.85% | Recall: 100.00%/70.57% | F1: 100.00%/70.64% | Time: fit=002s, train=000s, test=000s, total=002s
Epoch 117: Train%/Test% | Accuracy: 99.75%/74.00% | Precision: 99.75%/74.17% | Recall: 99.75%/73.35% | F1: 99.75%/73.48% | Time: fit=002s, train=000s, test=000s, total=002s
Epoch 118: Train%/Test% | Accuracy: 99.75%/73.00% | Precision: 99.75%/73.03% | Recall: 99.75%/72.42% | F1: 99.75%/72.54% | Time: fit=002s, train=000s, test=000s, total=002s
Epoch 119: Train%/Test% | Accuracy: 99.75%/73.00% | Precision: 99.75%/73.03% | Recall: 99.75%/72.42% | F1: 99.75%/72.54% | Time: fit=002s, train=000s, test=000s, total=002s
Epoch 120: Train%/Test% | Accuracy: 99.75%/72.00% | Precision: 99.75%/71.83% | Recall: 99.75%/71.66% | F1: 99.75%/71.72% | Time: fit=002s, train=000s, test=000s, total=002s
Epoch 121: Train%/Test% | Accuracy: 99.75%/73.00% | Precision: 99.75%/73.03% | Recall: 99.75%/72.42% | F1: 99.75%/72.54% | Time: fit=002s, train=000s, test=000s, total=002s
Epoch 122: Train%/Test% | Accuracy: 99.75%/75.00% | Precision: 99.75%/75.09% | Recall: 99.75%/74.44% | F1: 99.75%/74.57% | Time: fit=002s, train=000s, test=000s, total=002s
Epoch 123: Train%/Test% | Accuracy: 99.75%/75.00% | Precision: 99.75%/75.09% | Recall: 99.75%/74.44% | F1: 99.75%/74.57% | Time: fit=002s, train=000s, test=000s, total=002s
Epoch 124: Train%/Test% | Accuracy: 99.75%/72.00% | Precision: 99.75%/71.83% | Recall: 99.75%/71.66% | F1: 99.75%/71.72% | Time: fit=002s, train=000s, test=000s, total=002s
Epoch 125: Train%/Test% | Accuracy: 99.75%/72.00% | Precision: 99.75%/72.08% | Recall: 99.75%/71.34% | F1: 99.75%/71.44% | Time: fit=002s, train=000s, test=000s, total=002s
Epoch 126: Train%/Test% | Accuracy: 99.75%/72.00% | Precision: 99.75%/71.83% | Recall: 99.75%/71.66% | F1: 99.75%/71.72% | Time: fit=002s, train=000s, test=000s, total=002s
Epoch 127: Train%/Test% | Accuracy: 99.75%/71.00% | Precision: 99.75%/70.81% | Recall: 99.75%/70.73% | F1: 99.75%/70.76% | Time: fit=002s, train=000s, test=000s, total=002s
Epoch 128: Train%/Test% | Accuracy: 99.75%/72.00% | Precision: 99.75%/71.83% | Recall: 99.75%/71.66% | F1: 99.75%/71.72% | Time: fit=002s, train=000s, test=000s, total=002s
Epoch 129: Train%/Test% | Accuracy: 99.75%/72.00% | Precision: 99.75%/71.83% | Recall: 99.75%/71.66% | F1: 99.75%/71.72% | Time: fit=002s, train=000s, test=000s, total=002s
Epoch 130: Train%/Test% | Accuracy: 99.75%/72.00% | Precision: 99.75%/72.33% | Recall: 99.75%/71.18% | F1: 99.75%/71.26% | Time: fit=002s, train=000s, test=000s, total=002s
Epoch 131: Train%/Test% | Accuracy: 99.75%/71.00% | Precision: 99.75%/71.14% | Recall: 99.75%/70.25% | F1: 99.75%/70.33% | Time: fit=002s, train=000s, test=000s, total=002s
Epoch 132: Train%/Test% | Accuracy: 99.75%/71.00% | Precision: 99.75%/71.14% | Recall: 99.75%/70.25% | F1: 99.75%/70.33% | Time: fit=002s, train=000s, test=000s, total=003s
Epoch 133: Train%/Test% | Accuracy: 99.75%/72.00% | Precision: 99.75%/72.08% | Recall: 99.75%/71.34% | F1: 99.75%/71.44% | Time: fit=002s, train=000s, test=000s, total=002s
Epoch 134: Train%/Test% | Accuracy: 99.75%/71.00% | Precision: 99.75%/71.14% | Recall: 99.75%/70.25% | F1: 99.75%/70.33% | Time: fit=002s, train=000s, test=000s, total=002s
Epoch 135: Train%/Test% | Accuracy: 99.50%/73.00% | Precision: 99.49%/73.55% | Recall: 99.51%/72.10% | F1: 99.50%/72.20% | Time: fit=002s, train=000s, test=000s, total=002s
Epoch 136: Train%/Test% | Accuracy: 99.50%/73.00% | Precision: 99.49%/73.55% | Recall: 99.51%/72.10% | F1: 99.50%/72.20% | Time: fit=002s, train=000s, test=000s, total=002s
Epoch 137: Train%/Test% | Accuracy: 99.50%/73.00% | Precision: 99.49%/73.25% | Recall: 99.51%/72.26% | F1: 99.50%/72.38% | Time: fit=002s, train=000s, test=000s, total=002s
Epoch 138: Train%/Test% | Accuracy: 99.50%/72.00% | Precision: 99.49%/72.33% | Recall: 99.51%/71.18% | F1: 99.50%/71.26% | Time: fit=002s, train=000s, test=000s, total=002s
Epoch 139: Train%/Test% | Accuracy: 99.50%/71.00% | Precision: 99.49%/71.41% | Recall: 99.51%/70.09% | F1: 99.50%/70.14% | Time: fit=002s, train=000s, test=000s, total=002s
Epoch 140: Train%/Test% | Accuracy: 99.50%/71.00% | Precision: 99.49%/71.14% | Recall: 99.51%/70.25% | F1: 99.50%/70.33% | Time: fit=002s, train=000s, test=000s, total=002s
Epoch 141: Train%/Test% | Accuracy: 99.75%/73.00% | Precision: 99.75%/73.03% | Recall: 99.75%/72.42% | F1: 99.75%/72.54% | Time: fit=002s, train=000s, test=000s, total=002s
Epoch 142: Train%/Test% | Accuracy: 99.75%/73.00% | Precision: 99.75%/73.03% | Recall: 99.75%/72.42% | F1: 99.75%/72.54% | Time: fit=002s, train=000s, test=000s, total=002s
Epoch 143: Train%/Test% | Accuracy: 99.75%/73.00% | Precision: 99.75%/73.03% | Recall: 99.75%/72.42% | F1: 99.75%/72.54% | Time: fit=002s, train=000s, test=000s, total=002s
Epoch 144: Train%/Test% | Accuracy: 99.75%/74.00% | Precision: 99.75%/73.86% | Recall: 99.75%/73.67% | F1: 99.75%/73.74% | Time: fit=002s, train=000s, test=000s, total=002s
Epoch 145: Train%/Test% | Accuracy: 99.75%/74.00% | Precision: 99.75%/73.97% | Recall: 99.75%/73.51% | F1: 99.75%/73.62% | Time: fit=002s, train=000s, test=000s, total=002s
Epoch 146: Train%/Test% | Accuracy: 99.50%/72.00% | Precision: 99.49%/71.92% | Recall: 99.51%/71.50% | F1: 99.50%/71.59% | Time: fit=002s, train=000s, test=000s, total=003s
Epoch 147: Train%/Test% | Accuracy: 99.75%/74.00% | Precision: 99.75%/73.97% | Recall: 99.75%/73.51% | F1: 99.75%/73.62% | Time: fit=002s, train=000s, test=000s, total=002s
Epoch 148: Train%/Test% | Accuracy: 99.75%/72.00% | Precision: 99.75%/71.82% | Recall: 99.75%/71.82% | F1: 99.75%/71.82% | Time: fit=002s, train=000s, test=000s, total=002s
Epoch 149: Train%/Test% | Accuracy: 99.75%/74.00% | Precision: 99.75%/73.97% | Recall: 99.75%/73.51% | F1: 99.75%/73.62% | Time: fit=002s, train=000s, test=000s, total=002s
Epoch 150: Train%/Test% | Accuracy: 99.75%/74.00% | Precision: 99.75%/73.97% | Recall: 99.75%/73.51% | F1: 99.75%/73.62% | Time: fit=002s, train=000s, test=000s, total=002s
