[*] Load dataset...
[*] Fix malformed data...
[*] Split...
[*] Encoding...
[*] -> text...
[*] -> domain...
pipeline.py:185: SettingWithCopyWarning: 
A value is trying to be set on a copy of a slice from a DataFrame.
Try using .loc[row_indexer,col_indexer] = value instead

See the caveats in the documentation: https://pandas.pydata.org/pandas-docs/stable/user_guide/indexing.html#returning-a-view-versus-a-copy
  train_df['domain'] = train_df['url'].apply(extract_domain)
pipeline.py:186: SettingWithCopyWarning: 
A value is trying to be set on a copy of a slice from a DataFrame.
Try using .loc[row_indexer,col_indexer] = value instead

See the caveats in the documentation: https://pandas.pydata.org/pandas-docs/stable/user_guide/indexing.html#returning-a-view-versus-a-copy
  test_df['domain'] = test_df['url'].apply(extract_domain)
[*] Encoding complete!
==============================
Using GPU for training
Dataset: FakeNewsNet-politifact
TMU params: num-clauses=5000, T=250, s=10.0
Epochs: 150
Feature(s): text, domain
max-vocab=15000, max-domain=500, max-tweet=500
====================
Train size: 844
Train classes: 2
Test size: 212
Test classes: 2
Total features: 3252
==============================
[*] Training for 150 epochs...
Epoch   1: Train%/Test% | Accuracy: 54.62%/49.06% | Precision: 69.09%/67.55% | Recall: 60.41%/59.17% | F1: 51.28%/46.30% | Time: fit=019s, train=003s, test=001s, total=023s
Epoch   2: Train%/Test% | Accuracy: 76.54%/76.42% | Precision: 76.17%/75.40% | Recall: 76.78%/77.06% | F1: 76.26%/75.63% | Time: fit=012s, train=001s, test=000s, total=014s
Epoch   3: Train%/Test% | Accuracy: 71.80%/64.15% | Precision: 75.02%/67.65% | Recall: 74.30%/68.16% | F1: 71.77%/64.12% | Time: fit=007s, train=001s, test=000s, total=009s
Epoch   4: Train%/Test% | Accuracy: 78.91%/75.00% | Precision: 80.36%/75.57% | Recall: 76.47%/68.97% | F1: 77.19%/69.94% | Time: fit=007s, train=001s, test=000s, total=009s
Epoch   5: Train%/Test% | Accuracy: 74.05%/72.17% | Precision: 79.41%/75.68% | Recall: 69.85%/63.79% | F1: 69.85%/63.57% | Time: fit=007s, train=001s, test=000s, total=009s
Epoch   6: Train%/Test% | Accuracy: 72.87%/70.75% | Precision: 79.40%/74.07% | Recall: 68.28%/61.86% | F1: 67.86%/61.01% | Time: fit=007s, train=001s, test=000s, total=009s
Epoch   7: Train%/Test% | Accuracy: 74.05%/71.23% | Precision: 79.23%/74.63% | Recall: 69.89%/62.50% | F1: 69.91%/61.87% | Time: fit=007s, train=001s, test=000s, total=009s
Epoch   8: Train%/Test% | Accuracy: 76.07%/73.11% | Precision: 78.58%/74.06% | Recall: 72.88%/66.14% | F1: 73.43%/66.71% | Time: fit=007s, train=001s, test=000s, total=009s
Epoch   9: Train%/Test% | Accuracy: 79.86%/75.00% | Precision: 80.82%/74.83% | Recall: 77.75%/69.51% | F1: 78.45%/70.47% | Time: fit=007s, train=001s, test=000s, total=009s
Epoch  10: Train%/Test% | Accuracy: 81.16%/72.64% | Precision: 80.84%/70.80% | Recall: 81.58%/71.39% | F1: 80.95%/71.03% | Time: fit=007s, train=001s, test=000s, total=009s
Epoch  11: Train%/Test% | Accuracy: 76.78%/61.32% | Precision: 78.35%/62.68% | Recall: 78.59%/63.51% | F1: 76.77%/61.04% | Time: fit=007s, train=001s, test=000s, total=009s
Epoch  12: Train%/Test% | Accuracy: 81.16%/70.28% | Precision: 81.64%/69.50% | Recall: 82.40%/70.87% | F1: 81.10%/69.45% | Time: fit=007s, train=001s, test=000s, total=009s
Epoch  13: Train%/Test% | Accuracy: 79.62%/75.47% | Precision: 80.70%/76.48% | Recall: 77.43%/69.35% | F1: 78.14%/70.37% | Time: fit=007s, train=001s, test=000s, total=009s
Epoch  14: Train%/Test% | Accuracy: 79.98%/75.00% | Precision: 80.30%/74.53% | Recall: 78.29%/69.78% | F1: 78.85%/70.73% | Time: fit=007s, train=001s, test=000s, total=009s
Epoch  15: Train%/Test% | Accuracy: 80.09%/74.06% | Precision: 80.20%/72.65% | Recall: 78.58%/69.57% | F1: 79.08%/70.35% | Time: fit=007s, train=001s, test=000s, total=008s
Epoch  16: Train%/Test% | Accuracy: 81.28%/70.75% | Precision: 81.11%/70.07% | Recall: 81.92%/71.51% | F1: 81.12%/69.98% | Time: fit=007s, train=001s, test=000s, total=009s
Epoch  17: Train%/Test% | Accuracy: 72.63%/59.43% | Precision: 75.75%/63.89% | Recall: 75.10%/63.89% | F1: 72.60%/59.43% | Time: fit=007s, train=001s, test=000s, total=008s
Epoch  18: Train%/Test% | Accuracy: 69.67%/59.91% | Precision: 74.47%/65.52% | Recall: 72.74%/65.07% | F1: 69.50%/59.88% | Time: fit=007s, train=001s, test=000s, total=009s
Epoch  19: Train%/Test% | Accuracy: 70.73%/59.43% | Precision: 75.23%/64.77% | Recall: 73.70%/64.43% | F1: 70.61%/59.42% | Time: fit=007s, train=001s, test=000s, total=009s
Epoch  20: Train%/Test% | Accuracy: 70.85%/60.38% | Precision: 75.18%/65.80% | Recall: 73.76%/65.44% | F1: 70.74%/60.36% | Time: fit=007s, train=001s, test=000s, total=008s
Epoch  21: Train%/Test% | Accuracy: 70.85%/61.32% | Precision: 74.73%/65.92% | Recall: 73.60%/65.92% | F1: 70.77%/61.32% | Time: fit=007s, train=001s, test=000s, total=008s
Epoch  22: Train%/Test% | Accuracy: 70.38%/59.91% | Precision: 74.78%/65.52% | Recall: 73.31%/65.07% | F1: 70.26%/59.88% | Time: fit=007s, train=001s, test=000s, total=009s
Epoch  23: Train%/Test% | Accuracy: 70.38%/60.38% | Precision: 75.14%/66.29% | Recall: 73.43%/65.71% | F1: 70.23%/60.35% | Time: fit=007s, train=001s, test=000s, total=008s
Epoch  24: Train%/Test% | Accuracy: 81.28%/71.23% | Precision: 81.44%/70.87% | Recall: 82.27%/72.42% | F1: 81.18%/70.60% | Time: fit=007s, train=001s, test=000s, total=008s
Epoch  25: Train%/Test% | Accuracy: 82.94%/73.11% | Precision: 82.80%/72.54% | Recall: 83.66%/74.18% | F1: 82.80%/72.45% | Time: fit=007s, train=001s, test=000s, total=008s
Epoch  26: Train%/Test% | Accuracy: 83.18%/75.00% | Precision: 82.80%/74.05% | Recall: 83.55%/75.67% | F1: 82.96%/74.21% | Time: fit=007s, train=001s, test=000s, total=008s
Epoch  27: Train%/Test% | Accuracy: 81.40%/71.23% | Precision: 81.31%/71.10% | Recall: 82.14%/72.68% | F1: 81.26%/70.68% | Time: fit=007s, train=001s, test=000s, total=008s
Epoch  28: Train%/Test% | Accuracy: 84.24%/77.83% | Precision: 83.76%/76.31% | Recall: 84.23%/77.37% | F1: 83.94%/76.68% | Time: fit=007s, train=001s, test=000s, total=008s
Epoch  29: Train%/Test% | Accuracy: 79.86%/72.17% | Precision: 80.26%/72.05% | Recall: 81.01%/73.70% | F1: 79.79%/71.64% | Time: fit=007s, train=001s, test=000s, total=008s
Epoch  30: Train%/Test% | Accuracy: 79.50%/72.64% | Precision: 79.93%/72.40% | Recall: 80.66%/74.07% | F1: 79.43%/72.08% | Time: fit=007s, train=001s, test=000s, total=008s
Epoch  31: Train%/Test% | Accuracy: 80.92%/77.36% | Precision: 81.28%/76.89% | Recall: 79.30%/72.98% | F1: 79.87%/74.02% | Time: fit=007s, train=001s, test=000s, total=008s
Epoch  32: Train%/Test% | Accuracy: 82.70%/78.77% | Precision: 82.66%/77.83% | Recall: 81.57%/75.44% | F1: 81.97%/76.26% | Time: fit=007s, train=001s, test=000s, total=008s
Epoch  33: Train%/Test% | Accuracy: 80.21%/76.89% | Precision: 80.79%/76.43% | Recall: 78.37%/72.34% | F1: 79.00%/73.37% | Time: fit=007s, train=001s, test=000s, total=008s
Epoch  34: Train%/Test% | Accuracy: 81.99%/78.77% | Precision: 81.95%/78.03% | Recall: 80.80%/75.17% | F1: 81.21%/76.09% | Time: fit=007s, train=001s, test=000s, total=008s
Epoch  35: Train%/Test% | Accuracy: 81.99%/76.42% | Precision: 81.87%/74.88% | Recall: 80.88%/73.31% | F1: 81.25%/73.88% | Time: fit=007s, train=001s, test=000s, total=008s
Epoch  36: Train%/Test% | Accuracy: 81.87%/75.94% | Precision: 82.01%/74.50% | Recall: 80.51%/72.40% | F1: 81.00%/73.09% | Time: fit=007s, train=001s, test=000s, total=008s
Epoch  37: Train%/Test% | Accuracy: 82.58%/77.36% | Precision: 82.20%/75.77% | Recall: 81.90%/74.86% | F1: 82.04%/75.24% | Time: fit=007s, train=001s, test=000s, total=008s
Epoch  38: Train%/Test% | Accuracy: 81.75%/78.30% | Precision: 81.47%/77.04% | Recall: 80.84%/75.33% | F1: 81.09%/75.97% | Time: fit=007s, train=001s, test=000s, total=008s
Epoch  39: Train%/Test% | Accuracy: 82.11%/76.89% | Precision: 81.80%/75.37% | Recall: 81.26%/73.95% | F1: 81.48%/74.49% | Time: fit=007s, train=001s, test=000s, total=008s
Epoch  40: Train%/Test% | Accuracy: 81.99%/77.36% | Precision: 81.69%/75.86% | Recall: 81.12%/74.59% | F1: 81.35%/75.09% | Time: fit=007s, train=001s, test=000s, total=008s
Epoch  41: Train%/Test% | Accuracy: 83.89%/76.42% | Precision: 83.42%/74.65% | Recall: 83.57%/74.38% | F1: 83.49%/74.51% | Time: fit=007s, train=001s, test=000s, total=008s
Epoch  42: Train%/Test% | Accuracy: 83.41%/76.89% | Precision: 82.98%/75.18% | Recall: 82.93%/74.75% | F1: 82.96%/74.95% | Time: fit=007s, train=001s, test=000s, total=008s
Epoch  43: Train%/Test% | Accuracy: 83.18%/78.30% | Precision: 82.79%/76.70% | Recall: 82.57%/76.41% | F1: 82.67%/76.55% | Time: fit=007s, train=001s, test=000s, total=008s
Epoch  44: Train%/Test% | Accuracy: 82.94%/73.11% | Precision: 82.44%/71.25% | Recall: 82.84%/71.77% | F1: 82.60%/71.46% | Time: fit=007s, train=001s, test=000s, total=008s
Epoch  45: Train%/Test% | Accuracy: 83.89%/75.47% | Precision: 83.40%/73.70% | Recall: 83.81%/74.17% | F1: 83.57%/73.90% | Time: fit=007s, train=001s, test=000s, total=008s
Epoch  46: Train%/Test% | Accuracy: 83.18%/75.47% | Precision: 82.74%/74.03% | Recall: 83.39%/75.24% | F1: 82.93%/74.37% | Time: fit=007s, train=001s, test=000s, total=008s
Epoch  47: Train%/Test% | Accuracy: 83.65%/75.00% | Precision: 83.22%/73.49% | Recall: 83.88%/74.60% | F1: 83.41%/73.82% | Time: fit=007s, train=001s, test=000s, total=008s
Epoch  48: Train%/Test% | Accuracy: 84.72%/77.83% | Precision: 84.26%/76.31% | Recall: 84.84%/77.37% | F1: 84.46%/76.68% | Time: fit=007s, train=001s, test=000s, total=008s
Epoch  49: Train%/Test% | Accuracy: 85.19%/77.36% | Precision: 84.72%/75.66% | Recall: 85.13%/75.93% | F1: 84.89%/75.79% | Time: fit=007s, train=001s, test=000s, total=008s
Epoch  50: Train%/Test% | Accuracy: 85.19%/76.89% | Precision: 84.72%/75.17% | Recall: 85.17%/75.55% | F1: 84.90%/75.35% | Time: fit=007s, train=001s, test=000s, total=008s
Epoch  51: Train%/Test% | Accuracy: 82.82%/77.83% | Precision: 82.81%/76.72% | Recall: 81.68%/74.43% | F1: 82.08%/75.20% | Time: fit=007s, train=001s, test=000s, total=008s
Epoch  52: Train%/Test% | Accuracy: 82.35%/76.89% | Precision: 82.67%/75.77% | Recall: 80.88%/73.14% | F1: 81.43%/73.97% | Time: fit=007s, train=001s, test=000s, total=008s
Epoch  53: Train%/Test% | Accuracy: 82.23%/77.36% | Precision: 82.47%/76.43% | Recall: 80.81%/73.52% | F1: 81.34%/74.41% | Time: fit=007s, train=001s, test=000s, total=008s
Epoch  54: Train%/Test% | Accuracy: 82.70%/76.89% | Precision: 82.59%/75.48% | Recall: 81.65%/73.68% | F1: 82.01%/74.32% | Time: fit=007s, train=001s, test=000s, total=008s
Epoch  55: Train%/Test% | Accuracy: 82.94%/77.83% | Precision: 82.88%/76.90% | Recall: 81.86%/74.16% | F1: 82.23%/75.03% | Time: fit=007s, train=001s, test=000s, total=008s
Epoch  56: Train%/Test% | Accuracy: 81.75%/76.42% | Precision: 81.55%/75.13% | Recall: 80.72%/72.77% | F1: 81.04%/73.53% | Time: fit=007s, train=001s, test=000s, total=008s
Epoch  57: Train%/Test% | Accuracy: 81.99%/76.42% | Precision: 81.74%/74.99% | Recall: 81.04%/73.04% | F1: 81.32%/73.71% | Time: fit=007s, train=001s, test=000s, total=008s
Epoch  58: Train%/Test% | Accuracy: 81.40%/76.42% | Precision: 81.08%/74.99% | Recall: 80.49%/73.04% | F1: 80.73%/73.71% | Time: fit=007s, train=001s, test=000s, total=008s
Epoch  59: Train%/Test% | Accuracy: 81.75%/76.89% | Precision: 81.49%/75.61% | Recall: 80.80%/73.41% | F1: 81.07%/74.15% | Time: fit=007s, train=001s, test=000s, total=008s
Epoch  60: Train%/Test% | Accuracy: 84.12%/76.42% | Precision: 83.64%/74.69% | Recall: 84.09%/75.18% | F1: 83.82%/74.91% | Time: fit=007s, train=001s, test=000s, total=008s
Epoch  61: Train%/Test% | Accuracy: 83.77%/77.36% | Precision: 83.31%/75.73% | Recall: 83.90%/76.46% | F1: 83.50%/76.02% | Time: fit=007s, train=001s, test=000s, total=008s
Epoch  62: Train%/Test% | Accuracy: 85.31%/75.47% | Precision: 84.85%/73.83% | Recall: 85.43%/74.70% | F1: 85.05%/74.15% | Time: fit=007s, train=001s, test=000s, total=008s
Epoch  63: Train%/Test% | Accuracy: 84.83%/75.00% | Precision: 84.39%/73.38% | Recall: 85.02%/74.33% | F1: 84.59%/73.71% | Time: fit=007s, train=001s, test=000s, total=008s
Epoch  64: Train%/Test% | Accuracy: 84.72%/76.42% | Precision: 84.26%/74.81% | Recall: 84.84%/75.72% | F1: 84.46%/75.14% | Time: fit=007s, train=001s, test=000s, total=008s
Epoch  65: Train%/Test% | Accuracy: 85.31%/76.89% | Precision: 84.84%/75.15% | Recall: 85.27%/75.29% | F1: 85.02%/75.22% | Time: fit=007s, train=001s, test=000s, total=008s
Epoch  66: Train%/Test% | Accuracy: 82.46%/77.83% | Precision: 82.11%/76.44% | Recall: 81.72%/74.96% | F1: 81.89%/75.53% | Time: fit=007s, train=001s, test=000s, total=008s
Epoch  67: Train%/Test% | Accuracy: 82.58%/78.30% | Precision: 82.29%/77.19% | Recall: 81.75%/75.07% | F1: 81.98%/75.81% | Time: fit=007s, train=001s, test=000s, total=008s
Epoch  68: Train%/Test% | Accuracy: 83.65%/79.25% | Precision: 83.48%/78.71% | Recall: 82.74%/75.55% | F1: 83.04%/76.54% | Time: fit=007s, train=001s, test=000s, total=008s
Epoch  69: Train%/Test% | Accuracy: 83.41%/78.30% | Precision: 83.42%/77.36% | Recall: 82.30%/74.80% | F1: 82.71%/75.65% | Time: fit=007s, train=001s, test=000s, total=008s
Epoch  70: Train%/Test% | Accuracy: 82.82%/76.89% | Precision: 82.77%/75.61% | Recall: 81.72%/73.41% | F1: 82.10%/74.15% | Time: fit=007s, train=001s, test=000s, total=008s
Epoch  71: Train%/Test% | Accuracy: 83.29%/79.25% | Precision: 82.94%/77.88% | Recall: 82.63%/76.88% | F1: 82.77%/77.30% | Time: fit=007s, train=001s, test=000s, total=008s
Epoch  72: Train%/Test% | Accuracy: 84.72%/78.77% | Precision: 84.24%/77.17% | Recall: 84.60%/77.32% | F1: 84.39%/77.24% | Time: fit=008s, train=001s, test=000s, total=009s
Epoch  73: Train%/Test% | Accuracy: 84.48%/78.30% | Precision: 84.09%/76.75% | Recall: 84.01%/76.14% | F1: 84.05%/76.41% | Time: fit=007s, train=001s, test=000s, total=009s
Epoch  74: Train%/Test% | Accuracy: 84.48%/78.77% | Precision: 84.11%/77.24% | Recall: 83.97%/76.78% | F1: 84.03%/76.99% | Time: fit=007s, train=001s, test=000s, total=008s
Epoch  75: Train%/Test% | Accuracy: 84.72%/78.30% | Precision: 84.44%/76.75% | Recall: 84.05%/76.14% | F1: 84.22%/76.41% | Time: fit=008s, train=007s, test=002s, total=017s
Epoch  76: Train%/Test% | Accuracy: 83.77%/76.89% | Precision: 83.32%/75.17% | Recall: 83.39%/75.55% | F1: 83.35%/75.35% | Time: fit=043s, train=008s, test=002s, total=054s
Epoch  77: Train%/Test% | Accuracy: 81.40%/75.47% | Precision: 80.88%/73.66% | Recall: 81.04%/73.90% | F1: 80.95%/73.77% | Time: fit=043s, train=009s, test=002s, total=054s
Epoch  78: Train%/Test% | Accuracy: 82.23%/75.00% | Precision: 81.73%/73.38% | Recall: 82.18%/74.33% | F1: 81.90%/73.71% | Time: fit=042s, train=008s, test=002s, total=052s
Epoch  79: Train%/Test% | Accuracy: 84.24%/75.00% | Precision: 84.00%/73.60% | Recall: 84.86%/74.87% | F1: 84.09%/73.93% | Time: fit=042s, train=008s, test=002s, total=052s
Epoch  80: Train%/Test% | Accuracy: 84.12%/74.53% | Precision: 83.95%/73.06% | Recall: 84.84%/74.23% | F1: 83.99%/73.38% | Time: fit=043s, train=008s, test=002s, total=053s
Epoch  81: Train%/Test% | Accuracy: 85.90%/76.42% | Precision: 85.57%/74.81% | Recall: 86.41%/75.72% | F1: 85.73%/75.14% | Time: fit=042s, train=008s, test=002s, total=052s
Epoch  82: Train%/Test% | Accuracy: 85.19%/75.00% | Precision: 84.85%/73.38% | Recall: 85.68%/74.33% | F1: 85.02%/73.71% | Time: fit=041s, train=008s, test=002s, total=051s
Epoch  83: Train%/Test% | Accuracy: 85.66%/74.53% | Precision: 85.33%/73.06% | Recall: 86.16%/74.23% | F1: 85.49%/73.38% | Time: fit=041s, train=009s, test=002s, total=052s
Epoch  84: Train%/Test% | Accuracy: 85.55%/75.00% | Precision: 85.18%/73.49% | Recall: 85.98%/74.60% | F1: 85.36%/73.82% | Time: fit=041s, train=008s, test=002s, total=051s
Epoch  85: Train%/Test% | Accuracy: 82.94%/75.47% | Precision: 82.44%/73.70% | Recall: 82.72%/74.17% | F1: 82.56%/73.90% | Time: fit=040s, train=008s, test=002s, total=050s
Epoch  86: Train%/Test% | Accuracy: 82.94%/77.36% | Precision: 82.47%/75.68% | Recall: 82.52%/75.39% | F1: 82.50%/75.53% | Time: fit=041s, train=008s, test=002s, total=051s
Epoch  87: Train%/Test% | Accuracy: 82.82%/75.94% | Precision: 82.34%/74.14% | Recall: 82.46%/74.00% | F1: 82.40%/74.07% | Time: fit=041s, train=008s, test=002s, total=050s
Epoch  88: Train%/Test% | Accuracy: 82.46%/76.42% | Precision: 81.97%/74.65% | Recall: 82.15%/74.65% | F1: 82.05%/74.65% | Time: fit=041s, train=008s, test=002s, total=051s
Epoch  89: Train%/Test% | Accuracy: 82.70%/76.42% | Precision: 82.21%/74.65% | Recall: 82.40%/74.65% | F1: 82.29%/74.65% | Time: fit=042s, train=008s, test=002s, total=052s
Epoch  90: Train%/Test% | Accuracy: 78.79%/66.04% | Precision: 80.06%/67.13% | Recall: 80.48%/68.31% | F1: 78.78%/65.73% | Time: fit=042s, train=008s, test=002s, total=052s
Epoch  91: Train%/Test% | Accuracy: 79.86%/67.45% | Precision: 80.71%/67.84% | Recall: 81.32%/69.16% | F1: 79.83%/66.99% | Time: fit=042s, train=008s, test=002s, total=052s
Epoch  92: Train%/Test% | Accuracy: 83.89%/74.06% | Precision: 83.43%/72.18% | Recall: 84.04%/72.51% | F1: 83.63%/72.33% | Time: fit=040s, train=008s, test=002s, total=051s
Epoch  93: Train%/Test% | Accuracy: 83.65%/71.23% | Precision: 83.48%/70.44% | Recall: 84.35%/71.88% | F1: 83.51%/70.42% | Time: fit=039s, train=004s, test=001s, total=044s
Epoch  94: Train%/Test% | Accuracy: 84.12%/72.64% | Precision: 83.89%/71.59% | Recall: 84.76%/73.00% | F1: 83.97%/71.73% | Time: fit=014s, train=001s, test=000s, total=015s
Epoch  95: Train%/Test% | Accuracy: 82.35%/75.94% | Precision: 82.00%/74.17% | Recall: 81.58%/73.47% | F1: 81.76%/73.77% | Time: fit=010s, train=006s, test=002s, total=019s
Epoch  96: Train%/Test% | Accuracy: 82.23%/76.42% | Precision: 81.84%/74.72% | Recall: 81.52%/73.84% | F1: 81.66%/74.21% | Time: fit=054s, train=011s, test=003s, total=067s
Epoch  97: Train%/Test% | Accuracy: 81.75%/75.47% | Precision: 81.30%/73.64% | Recall: 81.15%/73.10% | F1: 81.22%/73.34% | Time: fit=055s, train=011s, test=003s, total=068s
Epoch  98: Train%/Test% | Accuracy: 82.70%/76.89% | Precision: 82.46%/75.22% | Recall: 81.81%/74.48% | F1: 82.07%/74.80% | Time: fit=055s, train=010s, test=003s, total=068s
Epoch  99: Train%/Test% | Accuracy: 82.94%/77.36% | Precision: 82.60%/75.71% | Recall: 82.21%/75.12% | F1: 82.38%/75.39% | Time: fit=049s, train=011s, test=003s, total=062s
Epoch 100: Train%/Test% | Accuracy: 84.48%/75.47% | Precision: 84.10%/74.15% | Recall: 84.87%/75.51% | F1: 84.28%/74.47% | Time: fit=047s, train=009s, test=002s, total=057s
Epoch 101: Train%/Test% | Accuracy: 84.48%/74.53% | Precision: 84.16%/73.19% | Recall: 84.99%/74.49% | F1: 84.30%/73.49% | Time: fit=042s, train=008s, test=002s, total=052s
Epoch 102: Train%/Test% | Accuracy: 85.55%/75.94% | Precision: 85.11%/74.28% | Recall: 85.79%/75.08% | F1: 85.32%/74.59% | Time: fit=041s, train=008s, test=002s, total=051s
Epoch 103: Train%/Test% | Accuracy: 85.31%/73.58% | Precision: 84.90%/72.09% | Recall: 85.62%/73.21% | F1: 85.10%/72.40% | Time: fit=042s, train=009s, test=002s, total=052s
Epoch 104: Train%/Test% | Accuracy: 86.02%/76.89% | Precision: 85.57%/75.21% | Recall: 86.12%/75.82% | F1: 85.77%/75.47% | Time: fit=043s, train=008s, test=002s, total=053s
Epoch 105: Train%/Test% | Accuracy: 85.43%/75.94% | Precision: 84.99%/74.28% | Recall: 85.65%/75.08% | F1: 85.20%/74.59% | Time: fit=043s, train=008s, test=002s, total=053s
Epoch 106: Train%/Test% | Accuracy: 86.26%/77.83% | Precision: 85.81%/76.20% | Recall: 86.44%/76.84% | F1: 86.03%/76.47% | Time: fit=041s, train=008s, test=002s, total=051s
Epoch 107: Train%/Test% | Accuracy: 86.49%/76.89% | Precision: 86.05%/75.26% | Recall: 86.68%/76.09% | F1: 86.27%/75.58% | Time: fit=041s, train=008s, test=002s, total=051s
Epoch 108: Train%/Test% | Accuracy: 86.26%/77.36% | Precision: 85.81%/75.73% | Recall: 86.40%/76.46% | F1: 86.02%/76.02% | Time: fit=041s, train=008s, test=002s, total=051s
Epoch 109: Train%/Test% | Accuracy: 85.78%/77.83% | Precision: 85.34%/76.20% | Recall: 85.99%/76.84% | F1: 85.55%/76.47% | Time: fit=041s, train=008s, test=002s, total=051s
Epoch 110: Train%/Test% | Accuracy: 86.02%/77.36% | Precision: 85.59%/75.73% | Recall: 86.27%/76.46% | F1: 85.80%/76.02% | Time: fit=041s, train=008s, test=002s, total=051s
Epoch 111: Train%/Test% | Accuracy: 84.12%/78.77% | Precision: 83.73%/77.31% | Recall: 83.62%/76.51% | F1: 83.67%/76.86% | Time: fit=041s, train=008s, test=002s, total=051s
Epoch 112: Train%/Test% | Accuracy: 83.89%/77.83% | Precision: 83.49%/76.18% | Recall: 83.38%/76.03% | F1: 83.43%/76.10% | Time: fit=040s, train=008s, test=002s, total=050s
Epoch 113: Train%/Test% | Accuracy: 85.31%/76.42% | Precision: 84.94%/74.81% | Recall: 85.74%/75.72% | F1: 85.12%/75.14% | Time: fit=040s, train=008s, test=002s, total=050s
Epoch 114: Train%/Test% | Accuracy: 84.00%/78.30% | Precision: 83.62%/76.83% | Recall: 83.48%/75.87% | F1: 83.55%/76.27% | Time: fit=039s, train=008s, test=002s, total=050s
Epoch 115: Train%/Test% | Accuracy: 83.77%/78.30% | Precision: 83.41%/76.83% | Recall: 83.16%/75.87% | F1: 83.27%/76.27% | Time: fit=041s, train=009s, test=002s, total=052s
Epoch 116: Train%/Test% | Accuracy: 83.65%/78.77% | Precision: 83.34%/77.52% | Recall: 82.94%/75.98% | F1: 83.12%/76.57% | Time: fit=042s, train=008s, test=002s, total=052s
Epoch 117: Train%/Test% | Accuracy: 83.29%/77.36% | Precision: 82.92%/75.71% | Recall: 82.67%/75.12% | F1: 82.79%/75.39% | Time: fit=040s, train=007s, test=002s, total=049s
Epoch 118: Train%/Test% | Accuracy: 85.55%/75.94% | Precision: 85.11%/74.36% | Recall: 85.79%/75.34% | F1: 85.32%/74.70% | Time: fit=021s, train=003s, test=001s, total=024s
Epoch 119: Train%/Test% | Accuracy: 85.43%/76.89% | Precision: 84.97%/75.21% | Recall: 85.57%/75.82% | F1: 85.18%/75.47% | Time: fit=007s, train=001s, test=000s, total=009s
Epoch 120: Train%/Test% | Accuracy: 85.43%/76.42% | Precision: 84.99%/74.74% | Recall: 85.65%/75.45% | F1: 85.20%/75.03% | Time: fit=020s, train=009s, test=003s, total=031s
Epoch 121: Train%/Test% | Accuracy: 85.66%/76.42% | Precision: 85.22%/74.74% | Recall: 85.85%/75.45% | F1: 85.43%/75.03% | Time: fit=052s, train=010s, test=003s, total=066s
Epoch 122: Train%/Test% | Accuracy: 85.43%/74.06% | Precision: 85.02%/72.52% | Recall: 85.76%/73.58% | F1: 85.22%/72.83% | Time: fit=052s, train=010s, test=003s, total=065s
Epoch 123: Train%/Test% | Accuracy: 85.31%/75.47% | Precision: 84.87%/73.83% | Recall: 85.54%/74.70% | F1: 85.08%/74.15% | Time: fit=051s, train=009s, test=002s, total=063s
Epoch 124: Train%/Test% | Accuracy: 85.07%/75.94% | Precision: 84.65%/74.45% | Recall: 85.34%/75.61% | F1: 84.85%/74.81% | Time: fit=048s, train=010s, test=002s, total=060s
Epoch 125: Train%/Test% | Accuracy: 85.78%/75.47% | Precision: 85.39%/74.15% | Recall: 86.15%/75.51% | F1: 85.59%/74.47% | Time: fit=042s, train=009s, test=002s, total=053s
Epoch 126: Train%/Test% | Accuracy: 85.55%/77.36% | Precision: 85.14%/75.78% | Recall: 85.87%/76.73% | F1: 85.34%/76.14% | Time: fit=042s, train=008s, test=002s, total=052s
Epoch 127: Train%/Test% | Accuracy: 85.66%/76.89% | Precision: 85.25%/75.33% | Recall: 85.97%/76.36% | F1: 85.46%/75.69% | Time: fit=042s, train=008s, test=002s, total=052s
Epoch 128: Train%/Test% | Accuracy: 85.43%/76.42% | Precision: 85.02%/74.99% | Recall: 85.76%/76.25% | F1: 85.22%/75.35% | Time: fit=042s, train=008s, test=002s, total=052s
Epoch 129: Train%/Test% | Accuracy: 85.90%/77.83% | Precision: 85.47%/76.31% | Recall: 86.13%/77.37% | F1: 85.68%/76.68% | Time: fit=043s, train=008s, test=002s, total=053s
Epoch 130: Train%/Test% | Accuracy: 82.46%/70.75% | Precision: 82.54%/70.07% | Recall: 83.41%/71.51% | F1: 82.36%/69.98% | Time: fit=042s, train=008s, test=002s, total=052s
Epoch 131: Train%/Test% | Accuracy: 83.53%/74.53% | Precision: 83.41%/73.19% | Recall: 84.29%/74.49% | F1: 83.40%/73.49% | Time: fit=042s, train=008s, test=002s, total=052s
Epoch 132: Train%/Test% | Accuracy: 86.85%/78.77% | Precision: 86.40%/77.17% | Recall: 86.95%/77.58% | F1: 86.61%/77.36% | Time: fit=042s, train=008s, test=002s, total=052s
Epoch 133: Train%/Test% | Accuracy: 86.37%/79.25% | Precision: 85.93%/77.67% | Recall: 86.50%/77.96% | F1: 86.13%/77.81% | Time: fit=041s, train=008s, test=002s, total=051s
Epoch 134: Train%/Test% | Accuracy: 86.26%/80.66% | Precision: 85.80%/79.24% | Recall: 86.28%/79.08% | F1: 85.99%/79.15% | Time: fit=040s, train=001s, test=000s, total=041s
Epoch 135: Train%/Test% | Accuracy: 86.14%/79.25% | Precision: 85.71%/77.67% | Recall: 86.38%/77.96% | F1: 85.92%/77.81% | Time: fit=007s, train=001s, test=000s, total=008s
Epoch 136: Train%/Test% | Accuracy: 85.90%/78.77% | Precision: 85.47%/77.19% | Recall: 86.13%/77.85% | F1: 85.68%/77.47% | Time: fit=007s, train=001s, test=000s, total=008s
Epoch 137: Train%/Test% | Accuracy: 86.26%/78.30% | Precision: 85.82%/76.67% | Recall: 86.48%/76.94% | F1: 86.04%/76.80% | Time: fit=007s, train=001s, test=000s, total=008s
Epoch 138: Train%/Test% | Accuracy: 85.90%/77.83% | Precision: 85.45%/76.18% | Recall: 86.01%/76.03% | F1: 85.65%/76.10% | Time: fit=007s, train=001s, test=000s, total=008s
Epoch 139: Train%/Test% | Accuracy: 85.78%/77.83% | Precision: 85.33%/76.16% | Recall: 85.87%/76.30% | F1: 85.53%/76.23% | Time: fit=007s, train=001s, test=000s, total=008s
Epoch 140: Train%/Test% | Accuracy: 84.83%/75.00% | Precision: 84.45%/73.38% | Recall: 85.21%/74.33% | F1: 84.64%/73.71% | Time: fit=007s, train=001s, test=000s, total=008s
Epoch 141: Train%/Test% | Accuracy: 85.31%/76.42% | Precision: 84.91%/74.81% | Recall: 85.66%/75.72% | F1: 85.11%/75.14% | Time: fit=007s, train=001s, test=000s, total=008s
Epoch 142: Train%/Test% | Accuracy: 84.95%/75.94% | Precision: 84.52%/74.22% | Recall: 85.20%/74.81% | F1: 84.73%/74.47% | Time: fit=007s, train=001s, test=000s, total=008s
Epoch 143: Train%/Test% | Accuracy: 86.14%/77.83% | Precision: 85.69%/76.17% | Recall: 86.30%/76.57% | F1: 85.90%/76.35% | Time: fit=007s, train=001s, test=000s, total=008s
Epoch 144: Train%/Test% | Accuracy: 85.90%/78.30% | Precision: 85.44%/76.67% | Recall: 85.98%/76.67% | F1: 85.64%/76.67% | Time: fit=008s, train=001s, test=000s, total=009s
Epoch 145: Train%/Test% | Accuracy: 86.26%/78.30% | Precision: 85.80%/76.67% | Recall: 86.32%/76.67% | F1: 86.00%/76.67% | Time: fit=033s, train=007s, test=002s, total=042s
Epoch 146: Train%/Test% | Accuracy: 85.78%/76.42% | Precision: 85.33%/74.66% | Recall: 85.87%/74.91% | F1: 85.53%/74.78% | Time: fit=034s, train=007s, test=002s, total=042s
Epoch 147: Train%/Test% | Accuracy: 85.78%/76.89% | Precision: 85.36%/75.26% | Recall: 86.07%/76.09% | F1: 85.57%/75.58% | Time: fit=033s, train=007s, test=002s, total=042s
Epoch 148: Train%/Test% | Accuracy: 86.14%/74.53% | Precision: 85.79%/73.06% | Recall: 86.61%/74.23% | F1: 85.97%/73.38% | Time: fit=033s, train=006s, test=002s, total=040s
Epoch 149: Train%/Test% | Accuracy: 85.31%/73.58% | Precision: 84.96%/72.09% | Recall: 85.78%/73.21% | F1: 85.13%/72.40% | Time: fit=033s, train=006s, test=002s, total=041s
Epoch 150: Train%/Test% | Accuracy: 86.73%/78.30% | Precision: 86.29%/76.67% | Recall: 86.92%/76.67% | F1: 86.51%/76.67% | Time: fit=033s, train=007s, test=002s, total=042s
