[*] Load dataset...
[*] Fix malformed data...
[*] Split...
[*] Encoding...
[*] -> domain...
pipeline.py:185: SettingWithCopyWarning: 
A value is trying to be set on a copy of a slice from a DataFrame.
Try using .loc[row_indexer,col_indexer] = value instead

See the caveats in the documentation: https://pandas.pydata.org/pandas-docs/stable/user_guide/indexing.html#returning-a-view-versus-a-copy
  train_df['domain'] = train_df['url'].apply(extract_domain)
pipeline.py:186: SettingWithCopyWarning: 
A value is trying to be set on a copy of a slice from a DataFrame.
Try using .loc[row_indexer,col_indexer] = value instead

See the caveats in the documentation: https://pandas.pydata.org/pandas-docs/stable/user_guide/indexing.html#returning-a-view-versus-a-copy
  test_df['domain'] = test_df['url'].apply(extract_domain)
[*] Encoding complete!
==============================
Using GPU for training
Dataset: FakeNewsNet-gossipcop
TMU params: num-clauses=5000, T=100, s=10.0
Epochs: 100
Feature(s): domain
max-vocab=3000, max-domain=500, max-tweet=500
====================
Train size: 17712
Train classes: 2
Test size: 4428
Test classes: 2
Total features: 500
==============================
[*] Training for 100 epochs...
Epoch   1: Train%/Test% | Accuracy: 64.91%/63.84% | Precision: 61.97%/61.62% | Recall: 66.16%/65.76% | F1: 60.92%/60.17% | Time: fit=011s, train=003s, test=001s, total=015s
Epoch   2: Train%/Test% | Accuracy: 66.66%/65.61% | Precision: 62.38%/62.03% | Recall: 66.40%/66.08% | F1: 62.01%/61.31% | Time: fit=010s, train=003s, test=001s, total=013s
Epoch   3: Train%/Test% | Accuracy: 67.23%/65.94% | Precision: 63.37%/62.74% | Recall: 67.83%/67.11% | F1: 62.93%/61.92% | Time: fit=010s, train=003s, test=001s, total=013s
Epoch   4: Train%/Test% | Accuracy: 70.09%/69.02% | Precision: 64.12%/63.79% | Recall: 67.94%/67.85% | F1: 64.59%/63.98% | Time: fit=010s, train=003s, test=001s, total=013s
Epoch   5: Train%/Test% | Accuracy: 71.21%/70.10% | Precision: 64.91%/64.34% | Recall: 68.68%/68.28% | F1: 65.55%/64.77% | Time: fit=010s, train=003s, test=001s, total=013s
Epoch   6: Train%/Test% | Accuracy: 71.36%/70.42% | Precision: 64.97%/64.43% | Recall: 68.70%/68.26% | F1: 65.64%/64.94% | Time: fit=010s, train=003s, test=001s, total=013s
Epoch   7: Train%/Test% | Accuracy: 71.72%/70.62% | Precision: 65.32%/64.71% | Recall: 69.10%/68.65% | F1: 66.03%/65.23% | Time: fit=010s, train=003s, test=001s, total=013s
Epoch   8: Train%/Test% | Accuracy: 71.83%/69.83% | Precision: 65.65%/64.12% | Recall: 69.66%/68.04% | F1: 66.35%/64.51% | Time: fit=010s, train=003s, test=001s, total=013s
Epoch   9: Train%/Test% | Accuracy: 71.69%/70.14% | Precision: 65.62%/64.51% | Recall: 69.70%/68.56% | F1: 66.29%/64.93% | Time: fit=010s, train=003s, test=001s, total=013s
Epoch  10: Train%/Test% | Accuracy: 72.47%/70.84% | Precision: 66.22%/65.08% | Recall: 70.28%/69.18% | F1: 67.00%/65.60% | Time: fit=010s, train=003s, test=001s, total=013s
Epoch  11: Train%/Test% | Accuracy: 72.98%/71.54% | Precision: 66.33%/65.40% | Recall: 70.06%/69.33% | F1: 67.19%/66.06% | Time: fit=010s, train=003s, test=001s, total=013s
Epoch  12: Train%/Test% | Accuracy: 72.53%/71.18% | Precision: 66.07%/65.23% | Recall: 69.93%/69.25% | F1: 66.87%/65.82% | Time: fit=010s, train=003s, test=001s, total=013s
Epoch  13: Train%/Test% | Accuracy: 72.43%/70.84% | Precision: 65.98%/65.06% | Recall: 69.84%/69.15% | F1: 66.77%/65.59% | Time: fit=010s, train=002s, test=001s, total=013s
Epoch  14: Train%/Test% | Accuracy: 72.07%/70.46% | Precision: 66.00%/65.05% | Recall: 70.15%/69.35% | F1: 66.71%/65.45% | Time: fit=010s, train=002s, test=001s, total=013s
Epoch  15: Train%/Test% | Accuracy: 71.30%/69.65% | Precision: 65.45%/64.51% | Recall: 69.64%/68.81% | F1: 66.03%/64.75% | Time: fit=009s, train=003s, test=001s, total=013s
Epoch  16: Train%/Test% | Accuracy: 72.09%/70.30% | Precision: 65.91%/64.92% | Recall: 69.97%/69.21% | F1: 66.63%/65.30% | Time: fit=009s, train=002s, test=001s, total=013s
Epoch  17: Train%/Test% | Accuracy: 72.94%/71.09% | Precision: 66.57%/65.35% | Recall: 70.58%/69.54% | F1: 67.41%/65.90% | Time: fit=010s, train=003s, test=001s, total=013s
Epoch  18: Train%/Test% | Accuracy: 73.30%/71.03% | Precision: 66.76%/64.94% | Recall: 70.64%/68.82% | F1: 67.65%/65.54% | Time: fit=010s, train=002s, test=001s, total=013s
Epoch  19: Train%/Test% | Accuracy: 72.80%/71.03% | Precision: 66.42%/65.10% | Recall: 70.41%/69.11% | F1: 67.25%/65.67% | Time: fit=010s, train=002s, test=001s, total=013s
Epoch  20: Train%/Test% | Accuracy: 73.02%/70.87% | Precision: 66.63%/64.99% | Recall: 70.64%/69.01% | F1: 67.48%/65.53% | Time: fit=009s, train=003s, test=001s, total=013s
Epoch  21: Train%/Test% | Accuracy: 73.60%/72.06% | Precision: 66.93%/65.77% | Recall: 70.71%/69.67% | F1: 67.85%/66.51% | Time: fit=010s, train=003s, test=001s, total=013s
Epoch  22: Train%/Test% | Accuracy: 74.18%/72.54% | Precision: 67.48%/66.01% | Recall: 71.31%/69.76% | F1: 68.46%/66.82% | Time: fit=010s, train=002s, test=001s, total=013s
Epoch  23: Train%/Test% | Accuracy: 73.23%/71.41% | Precision: 66.89%/65.50% | Recall: 70.99%/69.62% | F1: 67.76%/66.12% | Time: fit=009s, train=003s, test=001s, total=013s
Epoch  24: Train%/Test% | Accuracy: 73.74%/71.64% | Precision: 67.34%/65.68% | Recall: 71.45%/69.80% | F1: 68.27%/66.33% | Time: fit=010s, train=003s, test=001s, total=013s
Epoch  25: Train%/Test% | Accuracy: 73.74%/71.93% | Precision: 67.21%/65.71% | Recall: 71.17%/69.64% | F1: 68.14%/66.42% | Time: fit=010s, train=003s, test=001s, total=013s
Epoch  26: Train%/Test% | Accuracy: 73.04%/71.21% | Precision: 66.70%/65.38% | Recall: 70.77%/69.52% | F1: 67.55%/65.96% | Time: fit=010s, train=003s, test=001s, total=013s
Epoch  27: Train%/Test% | Accuracy: 72.89%/71.52% | Precision: 66.59%/65.60% | Recall: 70.68%/69.73% | F1: 67.42%/66.23% | Time: fit=010s, train=003s, test=001s, total=013s
Epoch  28: Train%/Test% | Accuracy: 72.87%/70.91% | Precision: 66.64%/65.25% | Recall: 70.79%/69.45% | F1: 67.46%/65.76% | Time: fit=010s, train=003s, test=001s, total=013s
Epoch  29: Train%/Test% | Accuracy: 72.43%/70.48% | Precision: 66.36%/64.95% | Recall: 70.59%/69.17% | F1: 67.12%/65.39% | Time: fit=010s, train=002s, test=001s, total=013s
Epoch  30: Train%/Test% | Accuracy: 72.61%/70.73% | Precision: 66.49%/65.12% | Recall: 70.70%/69.33% | F1: 67.27%/65.60% | Time: fit=010s, train=002s, test=001s, total=013s
Epoch  31: Train%/Test% | Accuracy: 72.67%/70.73% | Precision: 66.48%/65.05% | Recall: 70.64%/69.21% | F1: 67.28%/65.55% | Time: fit=009s, train=003s, test=001s, total=013s
Epoch  32: Train%/Test% | Accuracy: 72.71%/70.98% | Precision: 66.54%/65.33% | Recall: 70.73%/69.56% | F1: 67.34%/65.84% | Time: fit=010s, train=002s, test=001s, total=013s
Epoch  33: Train%/Test% | Accuracy: 73.13%/71.27% | Precision: 66.70%/65.38% | Recall: 70.70%/69.47% | F1: 67.57%/65.97% | Time: fit=009s, train=002s, test=001s, total=013s
Epoch  34: Train%/Test% | Accuracy: 72.70%/70.73% | Precision: 66.54%/65.12% | Recall: 70.74%/69.33% | F1: 67.33%/65.60% | Time: fit=010s, train=002s, test=001s, total=013s
Epoch  35: Train%/Test% | Accuracy: 73.35%/70.87% | Precision: 66.97%/65.13% | Recall: 71.04%/69.26% | F1: 67.85%/65.65% | Time: fit=009s, train=002s, test=001s, total=013s
Epoch  36: Train%/Test% | Accuracy: 73.01%/70.96% | Precision: 66.82%/65.29% | Recall: 71.04%/69.51% | F1: 67.66%/65.81% | Time: fit=009s, train=003s, test=001s, total=013s
Epoch  37: Train%/Test% | Accuracy: 73.70%/71.05% | Precision: 67.20%/65.10% | Recall: 71.19%/69.09% | F1: 68.13%/65.67% | Time: fit=010s, train=002s, test=001s, total=013s
Epoch  38: Train%/Test% | Accuracy: 72.71%/70.73% | Precision: 66.72%/65.30% | Recall: 71.08%/69.65% | F1: 67.49%/65.74% | Time: fit=009s, train=002s, test=001s, total=013s
Epoch  39: Train%/Test% | Accuracy: 73.12%/70.82% | Precision: 66.74%/65.01% | Recall: 70.78%/69.07% | F1: 67.60%/65.54% | Time: fit=010s, train=003s, test=001s, total=013s
Epoch  40: Train%/Test% | Accuracy: 73.13%/70.91% | Precision: 66.98%/65.33% | Recall: 71.25%/69.61% | F1: 67.82%/65.83% | Time: fit=009s, train=002s, test=001s, total=013s
Epoch  41: Train%/Test% | Accuracy: 73.04%/71.27% | Precision: 66.86%/65.51% | Recall: 71.10%/69.72% | F1: 67.69%/66.08% | Time: fit=009s, train=002s, test=001s, total=013s
Epoch  42: Train%/Test% | Accuracy: 72.81%/70.75% | Precision: 66.82%/65.26% | Recall: 71.20%/69.57% | F1: 67.60%/65.72% | Time: fit=010s, train=003s, test=001s, total=013s
Epoch  43: Train%/Test% | Accuracy: 72.82%/71.52% | Precision: 66.78%/65.82% | Recall: 71.11%/70.14% | F1: 67.57%/66.41% | Time: fit=010s, train=002s, test=001s, total=013s
Epoch  44: Train%/Test% | Accuracy: 73.15%/71.70% | Precision: 67.04%/65.88% | Recall: 71.35%/70.13% | F1: 67.88%/66.51% | Time: fit=010s, train=003s, test=001s, total=013s
Epoch  45: Train%/Test% | Accuracy: 72.98%/71.16% | Precision: 66.89%/65.47% | Recall: 71.21%/69.71% | F1: 67.71%/66.02% | Time: fit=010s, train=002s, test=001s, total=013s
Epoch  46: Train%/Test% | Accuracy: 73.27%/71.25% | Precision: 67.07%/65.48% | Recall: 71.32%/69.68% | F1: 67.93%/66.05% | Time: fit=009s, train=002s, test=001s, total=013s
Epoch  47: Train%/Test% | Accuracy: 73.54%/71.14% | Precision: 67.20%/65.30% | Recall: 71.35%/69.41% | F1: 68.11%/65.87% | Time: fit=010s, train=003s, test=001s, total=013s
Epoch  48: Train%/Test% | Accuracy: 73.03%/70.91% | Precision: 67.03%/65.44% | Recall: 71.44%/69.80% | F1: 67.84%/65.91% | Time: fit=009s, train=002s, test=001s, total=013s
Epoch  49: Train%/Test% | Accuracy: 73.56%/71.30% | Precision: 67.30%/65.60% | Recall: 71.54%/69.87% | F1: 68.20%/66.16% | Time: fit=010s, train=003s, test=001s, total=013s
Epoch  50: Train%/Test% | Accuracy: 73.42%/71.45% | Precision: 67.24%/65.72% | Recall: 71.54%/70.00% | F1: 68.12%/66.31% | Time: fit=010s, train=002s, test=001s, total=013s
Epoch  51: Train%/Test% | Accuracy: 73.44%/71.09% | Precision: 67.30%/65.46% | Recall: 71.65%/69.73% | F1: 68.18%/65.98% | Time: fit=009s, train=002s, test=001s, total=013s
Epoch  52: Train%/Test% | Accuracy: 73.21%/70.78% | Precision: 67.06%/65.07% | Recall: 71.36%/69.20% | F1: 67.91%/65.57% | Time: fit=010s, train=003s, test=001s, total=013s
Epoch  53: Train%/Test% | Accuracy: 73.87%/71.32% | Precision: 67.42%/65.44% | Recall: 71.51%/69.56% | F1: 68.37%/66.04% | Time: fit=010s, train=002s, test=001s, total=013s
Epoch  54: Train%/Test% | Accuracy: 73.35%/71.03% | Precision: 67.10%/65.29% | Recall: 71.31%/69.46% | F1: 67.98%/65.83% | Time: fit=010s, train=002s, test=001s, total=013s
Epoch  55: Train%/Test% | Accuracy: 74.20%/71.68% | Precision: 67.52%/65.43% | Recall: 71.37%/69.29% | F1: 68.51%/66.12% | Time: fit=009s, train=003s, test=001s, total=013s
Epoch  56: Train%/Test% | Accuracy: 74.66%/71.88% | Precision: 67.89%/65.56% | Recall: 71.66%/69.39% | F1: 68.91%/66.28% | Time: fit=009s, train=002s, test=001s, total=013s
Epoch  57: Train%/Test% | Accuracy: 73.89%/71.82% | Precision: 67.40%/65.83% | Recall: 71.43%/69.95% | F1: 68.35%/66.50% | Time: fit=010s, train=002s, test=001s, total=013s
Epoch  58: Train%/Test% | Accuracy: 73.92%/71.39% | Precision: 67.43%/65.44% | Recall: 71.45%/69.51% | F1: 68.38%/66.05% | Time: fit=010s, train=003s, test=001s, total=013s
Epoch  59: Train%/Test% | Accuracy: 74.15%/71.57% | Precision: 67.69%/65.60% | Recall: 71.79%/69.69% | F1: 68.67%/66.24% | Time: fit=010s, train=003s, test=001s, total=013s
Epoch  60: Train%/Test% | Accuracy: 74.10%/72.06% | Precision: 67.57%/65.92% | Recall: 71.58%/69.96% | F1: 68.54%/66.64% | Time: fit=009s, train=003s, test=001s, total=013s
Epoch  61: Train%/Test% | Accuracy: 74.18%/71.82% | Precision: 67.65%/65.81% | Recall: 71.66%/69.92% | F1: 68.62%/66.48% | Time: fit=010s, train=003s, test=001s, total=013s
Epoch  62: Train%/Test% | Accuracy: 74.31%/72.24% | Precision: 67.70%/66.07% | Recall: 71.63%/70.11% | F1: 68.69%/66.82% | Time: fit=010s, train=002s, test=001s, total=013s
Epoch  63: Train%/Test% | Accuracy: 74.08%/72.09% | Precision: 67.52%/65.95% | Recall: 71.49%/70.00% | F1: 68.49%/66.68% | Time: fit=010s, train=003s, test=001s, total=013s
Epoch  64: Train%/Test% | Accuracy: 74.21%/72.04% | Precision: 67.59%/65.86% | Recall: 71.50%/69.84% | F1: 68.57%/66.58% | Time: fit=010s, train=002s, test=001s, total=013s
Epoch  65: Train%/Test% | Accuracy: 74.33%/72.49% | Precision: 67.65%/66.06% | Recall: 71.49%/69.89% | F1: 68.64%/66.86% | Time: fit=010s, train=003s, test=001s, total=013s
Epoch  66: Train%/Test% | Accuracy: 74.88%/72.85% | Precision: 67.98%/66.22% | Recall: 71.59%/69.90% | F1: 69.01%/67.07% | Time: fit=010s, train=003s, test=001s, total=013s
Epoch  67: Train%/Test% | Accuracy: 74.73%/72.61% | Precision: 67.97%/66.05% | Recall: 71.75%/69.77% | F1: 69.00%/66.87% | Time: fit=009s, train=002s, test=001s, total=013s
Epoch  68: Train%/Test% | Accuracy: 73.81%/71.77% | Precision: 67.46%/65.73% | Recall: 71.64%/69.79% | F1: 68.39%/66.40% | Time: fit=009s, train=003s, test=001s, total=013s
Epoch  69: Train%/Test% | Accuracy: 74.11%/71.86% | Precision: 67.69%/65.77% | Recall: 71.81%/69.82% | F1: 68.66%/66.47% | Time: fit=010s, train=003s, test=001s, total=013s
Epoch  70: Train%/Test% | Accuracy: 73.82%/72.02% | Precision: 67.47%/66.00% | Recall: 71.64%/70.15% | F1: 68.40%/66.70% | Time: fit=009s, train=002s, test=001s, total=013s
Epoch  71: Train%/Test% | Accuracy: 74.12%/72.18% | Precision: 67.67%/66.09% | Recall: 71.79%/70.19% | F1: 68.65%/66.81% | Time: fit=010s, train=003s, test=001s, total=013s
Epoch  72: Train%/Test% | Accuracy: 74.44%/73.01% | Precision: 67.73%/66.61% | Recall: 71.56%/70.55% | F1: 68.74%/67.46% | Time: fit=009s, train=002s, test=001s, total=013s
Epoch  73: Train%/Test% | Accuracy: 73.93%/72.36% | Precision: 67.51%/66.32% | Recall: 71.61%/70.50% | F1: 68.46%/67.06% | Time: fit=010s, train=003s, test=001s, total=013s
Epoch  74: Train%/Test% | Accuracy: 74.14%/72.83% | Precision: 67.61%/66.65% | Recall: 71.63%/70.78% | F1: 68.59%/67.46% | Time: fit=010s, train=002s, test=001s, total=013s
Epoch  75: Train%/Test% | Accuracy: 74.12%/72.81% | Precision: 67.61%/66.69% | Recall: 71.64%/70.89% | F1: 68.58%/67.50% | Time: fit=009s, train=002s, test=001s, total=013s
Epoch  76: Train%/Test% | Accuracy: 74.22%/72.47% | Precision: 67.62%/66.32% | Recall: 71.56%/70.42% | F1: 68.60%/67.09% | Time: fit=009s, train=003s, test=001s, total=013s
Epoch  77: Train%/Test% | Accuracy: 74.46%/72.52% | Precision: 67.70%/66.25% | Recall: 71.48%/70.25% | F1: 68.71%/67.04% | Time: fit=010s, train=002s, test=001s, total=013s
Epoch  78: Train%/Test% | Accuracy: 73.94%/71.86% | Precision: 67.49%/65.91% | Recall: 71.56%/70.08% | F1: 68.44%/66.58% | Time: fit=010s, train=003s, test=001s, total=013s
Epoch  79: Train%/Test% | Accuracy: 74.13%/72.11% | Precision: 67.59%/66.04% | Recall: 71.58%/70.15% | F1: 68.56%/66.76% | Time: fit=010s, train=003s, test=001s, total=013s
Epoch  80: Train%/Test% | Accuracy: 73.85%/71.93% | Precision: 67.37%/65.92% | Recall: 71.41%/70.06% | F1: 68.31%/66.61% | Time: fit=010s, train=003s, test=001s, total=013s
Epoch  81: Train%/Test% | Accuracy: 74.76%/73.10% | Precision: 67.89%/66.48% | Recall: 71.53%/70.19% | F1: 68.92%/67.35% | Time: fit=010s, train=003s, test=001s, total=013s
Epoch  82: Train%/Test% | Accuracy: 74.64%/72.54% | Precision: 67.87%/66.03% | Recall: 71.63%/69.79% | F1: 68.89%/66.84% | Time: fit=010s, train=002s, test=001s, total=013s
Epoch  83: Train%/Test% | Accuracy: 73.87%/72.15% | Precision: 67.42%/66.05% | Recall: 71.49%/70.14% | F1: 68.36%/66.78% | Time: fit=009s, train=003s, test=001s, total=013s
Epoch  84: Train%/Test% | Accuracy: 74.11%/72.74% | Precision: 67.50%/66.50% | Recall: 71.42%/70.56% | F1: 68.48%/67.31% | Time: fit=010s, train=003s, test=001s, total=013s
Epoch  85: Train%/Test% | Accuracy: 74.19%/72.79% | Precision: 67.47%/66.42% | Recall: 71.26%/70.37% | F1: 68.45%/67.25% | Time: fit=010s, train=002s, test=001s, total=013s
Epoch  86: Train%/Test% | Accuracy: 74.39%/72.92% | Precision: 67.62%/66.54% | Recall: 71.37%/70.49% | F1: 68.62%/67.38% | Time: fit=009s, train=003s, test=001s, total=013s
Epoch  87: Train%/Test% | Accuracy: 74.62%/72.90% | Precision: 67.83%/66.37% | Recall: 71.56%/70.15% | F1: 68.84%/67.21% | Time: fit=009s, train=002s, test=001s, total=013s
Epoch  88: Train%/Test% | Accuracy: 73.52%/71.97% | Precision: 67.13%/65.96% | Recall: 71.22%/70.09% | F1: 68.03%/66.65% | Time: fit=009s, train=002s, test=001s, total=013s
Epoch  89: Train%/Test% | Accuracy: 73.82%/72.20% | Precision: 67.34%/66.07% | Recall: 71.38%/70.14% | F1: 68.29%/66.81% | Time: fit=010s, train=002s, test=001s, total=013s
Epoch  90: Train%/Test% | Accuracy: 74.27%/72.20% | Precision: 67.70%/66.05% | Recall: 71.68%/70.11% | F1: 68.69%/66.79% | Time: fit=010s, train=003s, test=001s, total=013s
Epoch  91: Train%/Test% | Accuracy: 74.55%/72.81% | Precision: 67.89%/66.47% | Recall: 71.79%/70.45% | F1: 68.91%/67.30% | Time: fit=009s, train=003s, test=001s, total=013s
Epoch  92: Train%/Test% | Accuracy: 74.56%/72.97% | Precision: 67.85%/66.61% | Recall: 71.68%/70.58% | F1: 68.86%/67.45% | Time: fit=009s, train=002s, test=001s, total=013s
Epoch  93: Train%/Test% | Accuracy: 74.38%/72.94% | Precision: 67.74%/66.56% | Recall: 71.64%/70.50% | F1: 68.74%/67.40% | Time: fit=009s, train=002s, test=001s, total=013s
Epoch  94: Train%/Test% | Accuracy: 74.28%/72.79% | Precision: 67.72%/66.50% | Recall: 71.72%/70.53% | F1: 68.71%/67.32% | Time: fit=010s, train=002s, test=001s, total=013s
Epoch  95: Train%/Test% | Accuracy: 74.32%/72.70% | Precision: 67.76%/66.44% | Recall: 71.77%/70.47% | F1: 68.76%/67.24% | Time: fit=009s, train=003s, test=001s, total=013s
Epoch  96: Train%/Test% | Accuracy: 74.31%/72.81% | Precision: 67.74%/66.49% | Recall: 71.73%/70.48% | F1: 68.73%/67.31% | Time: fit=010s, train=003s, test=001s, total=013s
Epoch  97: Train%/Test% | Accuracy: 74.47%/73.10% | Precision: 67.84%/66.69% | Recall: 71.76%/70.64% | F1: 68.85%/67.56% | Time: fit=009s, train=002s, test=001s, total=013s
Epoch  98: Train%/Test% | Accuracy: 74.15%/72.81% | Precision: 67.59%/66.47% | Recall: 71.58%/70.45% | F1: 68.57%/67.30% | Time: fit=009s, train=002s, test=001s, total=013s
Epoch  99: Train%/Test% | Accuracy: 74.14%/72.63% | Precision: 67.60%/66.34% | Recall: 71.60%/70.33% | F1: 68.57%/67.14% | Time: fit=010s, train=002s, test=001s, total=013s
Epoch 100: Train%/Test% | Accuracy: 74.98%/73.24% | Precision: 68.09%/66.55% | Recall: 71.71%/70.22% | F1: 69.13%/67.44% | Time: fit=009s, train=003s, test=001s, total=013s
