[nltk_data] Downloading package wordnet to /home/bjorvl16/nltk_data...
[nltk_data]   Package wordnet is already up-to-date!
[nltk_data] Downloading package stopwords to
[nltk_data]     /home/bjorvl16/nltk_data...
[nltk_data]   Package stopwords is already up-to-date!
[*] Load dataset...
[*] Fix malformed data...
[*] Split...
[*] Encoding...
[*] Encoding feature: text... 464
==============================
Using GPU for training
Dataset: FakeNewsNet-politifact
TMU params: num-clauses=5000, T=50, s=5.0
Epochs: 150
Feature(s): text
max-vocab=15000, max-domain=500, max-tweet=500
====================
Train size: 844
Train classes: 2
Test size: 212
Test classes: 2
Total features: 464
==============================
[*] Training for 150 epochs...
*** compiler output in /tmp/tmp291lfex5
*** compiler output in /tmp/tmpnqxhmnzp
*** compiler output in /tmp/tmp7yuvdbji
Epoch   1: Train%/Test% | Accuracy: 68.36%/65.57% | Precision: 71.26%/70.24% | Recall: 70.72%/70.35% | F1: 68.33%/65.57% | Time: fit=008s, train=000s, test=000s, total=009s
Epoch   2: Train%/Test% | Accuracy: 70.85%/66.51% | Precision: 75.30%/69.50% | Recall: 73.80%/70.29% | F1: 70.73%/66.45% | Time: fit=002s, train=000s, test=000s, total=003s
Epoch   3: Train%/Test% | Accuracy: 74.53%/69.81% | Precision: 77.35%/71.94% | Recall: 76.89%/73.17% | F1: 74.51%/69.68% | Time: fit=002s, train=000s, test=000s, total=003s
Epoch   4: Train%/Test% | Accuracy: 72.27%/69.34% | Precision: 76.04%/72.02% | Recall: 74.99%/73.07% | F1: 72.21%/69.26% | Time: fit=002s, train=000s, test=000s, total=003s
Epoch   5: Train%/Test% | Accuracy: 75.59%/70.75% | Precision: 77.53%/71.88% | Recall: 77.57%/73.38% | F1: 75.59%/70.49% | Time: fit=002s, train=000s, test=000s, total=003s
Epoch   6: Train%/Test% | Accuracy: 76.54%/73.58% | Precision: 77.82%/74.72% | Recall: 78.19%/76.43% | F1: 76.53%/73.35% | Time: fit=002s, train=000s, test=000s, total=003s
Epoch   7: Train%/Test% | Accuracy: 78.08%/72.17% | Precision: 79.07%/73.14% | Recall: 79.59%/74.77% | F1: 78.05%/71.89% | Time: fit=002s, train=000s, test=000s, total=003s
Epoch   8: Train%/Test% | Accuracy: 78.32%/73.11% | Precision: 78.46%/72.76% | Recall: 79.21%/74.45% | F1: 78.20%/72.53% | Time: fit=002s, train=000s, test=000s, total=003s
Epoch   9: Train%/Test% | Accuracy: 78.44%/75.47% | Precision: 78.56%/74.80% | Recall: 79.31%/76.58% | F1: 78.32%/74.82% | Time: fit=002s, train=000s, test=000s, total=003s
Epoch  10: Train%/Test% | Accuracy: 80.09%/75.94% | Precision: 80.44%/75.59% | Recall: 81.21%/77.49% | F1: 80.02%/75.42% | Time: fit=002s, train=000s, test=000s, total=003s
Epoch  11: Train%/Test% | Accuracy: 80.09%/73.58% | Precision: 80.65%/73.84% | Recall: 81.37%/75.62% | F1: 80.04%/73.18% | Time: fit=002s, train=000s, test=000s, total=003s
Epoch  12: Train%/Test% | Accuracy: 78.20%/73.58% | Precision: 79.36%/74.12% | Recall: 79.81%/75.89% | F1: 78.18%/73.24% | Time: fit=002s, train=000s, test=000s, total=003s
Epoch  13: Train%/Test% | Accuracy: 79.27%/72.64% | Precision: 80.33%/73.17% | Recall: 80.85%/74.88% | F1: 79.24%/72.29% | Time: fit=002s, train=000s, test=000s, total=003s
Epoch  14: Train%/Test% | Accuracy: 79.15%/72.17% | Precision: 80.18%/74.15% | Recall: 80.71%/75.57% | F1: 79.12%/72.03% | Time: fit=002s, train=000s, test=000s, total=003s
Epoch  15: Train%/Test% | Accuracy: 79.74%/74.06% | Precision: 80.81%/75.36% | Recall: 81.34%/77.07% | F1: 79.72%/73.85% | Time: fit=002s, train=000s, test=000s, total=003s
Epoch  16: Train%/Test% | Accuracy: 80.57%/72.64% | Precision: 81.30%/73.77% | Recall: 81.97%/75.41% | F1: 80.53%/72.40% | Time: fit=002s, train=000s, test=000s, total=003s
Epoch  17: Train%/Test% | Accuracy: 80.33%/75.00% | Precision: 81.06%/75.68% | Recall: 81.73%/77.54% | F1: 80.29%/74.70% | Time: fit=002s, train=000s, test=000s, total=003s
Epoch  18: Train%/Test% | Accuracy: 80.45%/74.53% | Precision: 81.04%/75.36% | Recall: 81.75%/77.17% | F1: 80.40%/74.25% | Time: fit=002s, train=000s, test=000s, total=003s
Epoch  19: Train%/Test% | Accuracy: 81.04%/72.17% | Precision: 81.90%/73.46% | Recall: 82.54%/75.04% | F1: 81.01%/71.94% | Time: fit=002s, train=000s, test=000s, total=003s
Epoch  20: Train%/Test% | Accuracy: 81.04%/72.17% | Precision: 82.23%/73.80% | Recall: 82.73%/75.31% | F1: 81.03%/71.99% | Time: fit=002s, train=000s, test=000s, total=003s
Epoch  21: Train%/Test% | Accuracy: 80.69%/71.23% | Precision: 81.91%/72.51% | Recall: 82.39%/74.02% | F1: 80.67%/70.99% | Time: fit=002s, train=000s, test=000s, total=003s
Epoch  22: Train%/Test% | Accuracy: 80.33%/71.23% | Precision: 81.81%/73.20% | Recall: 82.16%/74.56% | F1: 80.32%/71.08% | Time: fit=002s, train=000s, test=000s, total=003s
Epoch  23: Train%/Test% | Accuracy: 78.79%/74.53% | Precision: 80.28%/75.67% | Recall: 80.60%/77.44% | F1: 78.78%/74.30% | Time: fit=002s, train=000s, test=000s, total=003s
Epoch  24: Train%/Test% | Accuracy: 79.50%/73.11% | Precision: 81.08%/75.11% | Recall: 81.37%/76.59% | F1: 79.50%/72.98% | Time: fit=002s, train=000s, test=000s, total=003s
Epoch  25: Train%/Test% | Accuracy: 80.69%/70.75% | Precision: 82.05%/72.90% | Recall: 82.47%/74.19% | F1: 80.68%/70.63% | Time: fit=002s, train=000s, test=000s, total=003s
Epoch  26: Train%/Test% | Accuracy: 80.33%/72.64% | Precision: 81.88%/74.10% | Recall: 82.20%/75.68% | F1: 80.33%/72.44% | Time: fit=002s, train=000s, test=000s, total=003s
Epoch  27: Train%/Test% | Accuracy: 80.09%/72.17% | Precision: 81.42%/72.84% | Recall: 81.84%/74.50% | F1: 80.08%/71.84% | Time: fit=002s, train=000s, test=000s, total=003s
Epoch  28: Train%/Test% | Accuracy: 80.33%/75.00% | Precision: 81.12%/74.88% | Recall: 81.77%/76.74% | F1: 80.30%/74.52% | Time: fit=002s, train=000s, test=000s, total=003s
Epoch  29: Train%/Test% | Accuracy: 81.16%/74.06% | Precision: 81.93%/73.70% | Recall: 82.60%/75.46% | F1: 81.12%/73.49% | Time: fit=002s, train=000s, test=000s, total=003s
Epoch  30: Train%/Test% | Accuracy: 81.16%/74.53% | Precision: 81.93%/74.53% | Recall: 82.60%/76.37% | F1: 81.12%/74.08% | Time: fit=002s, train=000s, test=000s, total=003s
Epoch  31: Train%/Test% | Accuracy: 80.92%/75.00% | Precision: 81.88%/75.39% | Recall: 82.47%/77.28% | F1: 80.90%/74.65% | Time: fit=002s, train=000s, test=000s, total=003s
Epoch  32: Train%/Test% | Accuracy: 81.28%/73.58% | Precision: 82.40%/74.12% | Recall: 82.94%/75.89% | F1: 81.26%/73.24% | Time: fit=002s, train=000s, test=000s, total=003s
Epoch  33: Train%/Test% | Accuracy: 81.04%/72.17% | Precision: 82.16%/73.46% | Recall: 82.69%/75.04% | F1: 81.02%/71.94% | Time: fit=002s, train=000s, test=000s, total=003s
Epoch  34: Train%/Test% | Accuracy: 80.21%/72.17% | Precision: 81.10%/73.46% | Recall: 81.70%/75.04% | F1: 80.18%/71.94% | Time: fit=002s, train=000s, test=000s, total=003s
Epoch  35: Train%/Test% | Accuracy: 81.04%/72.64% | Precision: 81.84%/73.17% | Recall: 82.50%/74.88% | F1: 81.01%/72.29% | Time: fit=002s, train=000s, test=000s, total=003s
Epoch  36: Train%/Test% | Accuracy: 81.40%/73.58% | Precision: 82.29%/74.41% | Recall: 82.92%/76.16% | F1: 81.37%/73.30% | Time: fit=002s, train=000s, test=000s, total=003s
Epoch  37: Train%/Test% | Accuracy: 81.16%/73.11% | Precision: 81.75%/74.41% | Recall: 82.48%/76.05% | F1: 81.11%/72.90% | Time: fit=002s, train=000s, test=000s, total=003s
Epoch  38: Train%/Test% | Accuracy: 81.99%/74.06% | Precision: 82.73%/75.04% | Recall: 83.43%/76.80% | F1: 81.95%/73.80% | Time: fit=002s, train=000s, test=000s, total=003s
Epoch  39: Train%/Test% | Accuracy: 81.87%/75.00% | Precision: 82.70%/75.68% | Recall: 83.37%/77.54% | F1: 81.84%/74.70% | Time: fit=002s, train=000s, test=000s, total=003s
Epoch  40: Train%/Test% | Accuracy: 81.52%/75.00% | Precision: 82.25%/75.39% | Recall: 82.94%/77.28% | F1: 81.48%/74.65% | Time: fit=002s, train=000s, test=000s, total=003s
Epoch  41: Train%/Test% | Accuracy: 83.06%/76.42% | Precision: 83.49%/77.25% | Recall: 84.31%/79.20% | F1: 83.00%/76.16% | Time: fit=002s, train=000s, test=000s, total=003s
Epoch  42: Train%/Test% | Accuracy: 82.94%/75.94% | Precision: 83.29%/76.34% | Recall: 84.13%/78.29% | F1: 82.87%/75.60% | Time: fit=002s, train=000s, test=000s, total=003s
Epoch  43: Train%/Test% | Accuracy: 82.11%/74.53% | Precision: 82.25%/75.06% | Recall: 83.10%/76.90% | F1: 82.02%/74.20% | Time: fit=002s, train=000s, test=000s, total=003s
Epoch  44: Train%/Test% | Accuracy: 82.35%/77.83% | Precision: 82.33%/77.71% | Recall: 83.19%/79.78% | F1: 82.23%/77.41% | Time: fit=002s, train=000s, test=000s, total=003s
Epoch  45: Train%/Test% | Accuracy: 81.99%/76.42% | Precision: 81.88%/76.18% | Recall: 82.73%/78.13% | F1: 81.85%/75.93% | Time: fit=002s, train=000s, test=000s, total=003s
Epoch  46: Train%/Test% | Accuracy: 82.11%/76.89% | Precision: 82.34%/77.28% | Recall: 83.18%/79.31% | F1: 82.03%/76.56% | Time: fit=002s, train=000s, test=000s, total=003s
Epoch  47: Train%/Test% | Accuracy: 82.58%/75.94% | Precision: 82.64%/75.38% | Recall: 83.51%/77.22% | F1: 82.48%/75.35% | Time: fit=002s, train=000s, test=000s, total=003s
Epoch  48: Train%/Test% | Accuracy: 82.46%/75.47% | Precision: 82.63%/75.23% | Recall: 83.49%/77.11% | F1: 82.38%/74.97% | Time: fit=002s, train=000s, test=000s, total=003s
Epoch  49: Train%/Test% | Accuracy: 83.18%/76.42% | Precision: 83.21%/76.18% | Recall: 84.10%/78.13% | F1: 83.07%/75.93% | Time: fit=002s, train=000s, test=000s, total=003s
Epoch  50: Train%/Test% | Accuracy: 83.06%/74.53% | Precision: 83.29%/74.53% | Recall: 84.15%/76.37% | F1: 82.98%/74.08% | Time: fit=002s, train=000s, test=000s, total=003s
Epoch  51: Train%/Test% | Accuracy: 83.18%/75.00% | Precision: 83.58%/74.88% | Recall: 84.41%/76.74% | F1: 83.12%/74.52% | Time: fit=002s, train=000s, test=000s, total=003s
Epoch  52: Train%/Test% | Accuracy: 83.29%/74.06% | Precision: 83.57%/74.18% | Recall: 84.44%/76.00% | F1: 83.22%/73.63% | Time: fit=002s, train=000s, test=000s, total=003s
Epoch  53: Train%/Test% | Accuracy: 83.18%/75.47% | Precision: 83.63%/75.73% | Recall: 84.45%/77.65% | F1: 83.12%/75.10% | Time: fit=002s, train=000s, test=000s, total=003s
Epoch  54: Train%/Test% | Accuracy: 83.41%/72.64% | Precision: 84.04%/73.77% | Recall: 84.81%/75.41% | F1: 83.37%/72.40% | Time: fit=002s, train=000s, test=000s, total=003s
Epoch  55: Train%/Test% | Accuracy: 82.35%/73.11% | Precision: 82.94%/73.79% | Recall: 83.70%/75.52% | F1: 82.30%/72.79% | Time: fit=002s, train=000s, test=000s, total=003s
Epoch  56: Train%/Test% | Accuracy: 82.46%/74.06% | Precision: 83.27%/75.04% | Recall: 83.96%/76.80% | F1: 82.43%/73.80% | Time: fit=002s, train=000s, test=000s, total=003s
Epoch  57: Train%/Test% | Accuracy: 82.46%/73.58% | Precision: 83.33%/74.72% | Recall: 84.00%/76.43% | F1: 82.44%/73.35% | Time: fit=002s, train=000s, test=000s, total=003s
Epoch  58: Train%/Test% | Accuracy: 81.99%/73.11% | Precision: 82.85%/74.41% | Recall: 83.51%/76.05% | F1: 81.96%/72.90% | Time: fit=002s, train=000s, test=000s, total=003s
Epoch  59: Train%/Test% | Accuracy: 82.35%/73.11% | Precision: 83.18%/74.41% | Recall: 83.86%/76.05% | F1: 82.32%/72.90% | Time: fit=002s, train=000s, test=000s, total=003s
Epoch  60: Train%/Test% | Accuracy: 82.82%/71.70% | Precision: 83.41%/73.15% | Recall: 84.18%/74.67% | F1: 82.78%/71.49% | Time: fit=002s, train=000s, test=000s, total=003s
Epoch  61: Train%/Test% | Accuracy: 83.29%/73.11% | Precision: 83.95%/74.41% | Recall: 84.71%/76.05% | F1: 83.25%/72.90% | Time: fit=002s, train=000s, test=000s, total=003s
Epoch  62: Train%/Test% | Accuracy: 83.18%/72.64% | Precision: 83.48%/73.46% | Recall: 84.33%/75.14% | F1: 83.11%/72.34% | Time: fit=002s, train=000s, test=000s, total=003s
Epoch  63: Train%/Test% | Accuracy: 83.06%/73.11% | Precision: 83.44%/73.79% | Recall: 84.27%/75.52% | F1: 82.99%/72.79% | Time: fit=002s, train=000s, test=000s, total=003s
Epoch  64: Train%/Test% | Accuracy: 83.53%/72.64% | Precision: 83.72%/72.90% | Recall: 84.60%/74.61% | F1: 83.45%/72.22% | Time: fit=002s, train=000s, test=000s, total=003s
Epoch  65: Train%/Test% | Accuracy: 82.11%/73.58% | Precision: 82.70%/73.58% | Recall: 83.45%/75.35% | F1: 82.06%/73.12% | Time: fit=002s, train=000s, test=000s, total=003s
Epoch  66: Train%/Test% | Accuracy: 82.46%/74.53% | Precision: 83.14%/74.53% | Recall: 83.88%/76.37% | F1: 82.42%/74.08% | Time: fit=002s, train=000s, test=000s, total=003s
Epoch  67: Train%/Test% | Accuracy: 82.46%/74.06% | Precision: 83.27%/74.45% | Recall: 83.96%/76.26% | F1: 82.43%/73.69% | Time: fit=002s, train=000s, test=000s, total=003s
Epoch  68: Train%/Test% | Accuracy: 82.35%/74.06% | Precision: 83.24%/74.45% | Recall: 83.89%/76.26% | F1: 82.32%/73.69% | Time: fit=002s, train=000s, test=000s, total=003s
Epoch  69: Train%/Test% | Accuracy: 82.82%/73.58% | Precision: 83.59%/74.41% | Recall: 84.30%/76.16% | F1: 82.79%/73.30% | Time: fit=002s, train=000s, test=000s, total=003s
Epoch  70: Train%/Test% | Accuracy: 82.35%/72.17% | Precision: 83.44%/73.14% | Recall: 84.01%/74.77% | F1: 82.33%/71.89% | Time: fit=002s, train=000s, test=000s, total=003s
Epoch  71: Train%/Test% | Accuracy: 82.58%/73.58% | Precision: 83.75%/75.05% | Recall: 84.29%/76.69% | F1: 82.57%/73.39% | Time: fit=002s, train=000s, test=000s, total=003s
Epoch  72: Train%/Test% | Accuracy: 81.87%/73.11% | Precision: 83.04%/74.75% | Recall: 83.56%/76.32% | F1: 81.86%/72.94% | Time: fit=002s, train=000s, test=000s, total=003s
Epoch  73: Train%/Test% | Accuracy: 82.23%/72.64% | Precision: 83.16%/73.46% | Recall: 83.79%/75.14% | F1: 82.20%/72.34% | Time: fit=002s, train=000s, test=000s, total=003s
Epoch  74: Train%/Test% | Accuracy: 82.70%/74.06% | Precision: 83.77%/75.36% | Recall: 84.36%/77.07% | F1: 82.68%/73.85% | Time: fit=002s, train=000s, test=000s, total=003s
Epoch  75: Train%/Test% | Accuracy: 81.64%/74.06% | Precision: 82.80%/75.04% | Recall: 83.32%/76.80% | F1: 81.62%/73.80% | Time: fit=002s, train=000s, test=000s, total=003s
Epoch  76: Train%/Test% | Accuracy: 82.23%/73.11% | Precision: 83.36%/74.41% | Recall: 83.91%/76.05% | F1: 82.21%/72.90% | Time: fit=002s, train=000s, test=000s, total=003s
Epoch  77: Train%/Test% | Accuracy: 82.35%/73.58% | Precision: 83.59%/74.41% | Recall: 84.09%/76.16% | F1: 82.33%/73.30% | Time: fit=002s, train=000s, test=000s, total=003s
Epoch  78: Train%/Test% | Accuracy: 82.23%/73.11% | Precision: 83.29%/73.79% | Recall: 83.87%/75.52% | F1: 82.21%/72.79% | Time: fit=002s, train=000s, test=000s, total=003s
Epoch  79: Train%/Test% | Accuracy: 83.41%/74.06% | Precision: 84.35%/74.45% | Recall: 85.01%/76.26% | F1: 83.39%/73.69% | Time: fit=002s, train=000s, test=000s, total=003s
Epoch  80: Train%/Test% | Accuracy: 82.82%/75.00% | Precision: 83.79%/75.68% | Recall: 84.42%/77.54% | F1: 82.80%/74.70% | Time: fit=002s, train=000s, test=000s, total=003s
Epoch  81: Train%/Test% | Accuracy: 82.46%/75.47% | Precision: 83.39%/76.62% | Recall: 84.04%/78.45% | F1: 82.44%/75.25% | Time: fit=002s, train=000s, test=000s, total=003s
Epoch  82: Train%/Test% | Accuracy: 82.82%/74.06% | Precision: 83.47%/74.73% | Recall: 84.22%/76.53% | F1: 82.78%/73.75% | Time: fit=002s, train=000s, test=000s, total=003s
Epoch  83: Train%/Test% | Accuracy: 83.29%/75.47% | Precision: 83.89%/75.73% | Recall: 84.67%/77.65% | F1: 83.25%/75.10% | Time: fit=002s, train=000s, test=000s, total=003s
Epoch  84: Train%/Test% | Accuracy: 83.06%/75.00% | Precision: 83.77%/75.39% | Recall: 84.51%/77.28% | F1: 83.02%/74.65% | Time: fit=002s, train=000s, test=000s, total=003s
Epoch  85: Train%/Test% | Accuracy: 81.99%/74.06% | Precision: 82.67%/74.18% | Recall: 83.39%/76.00% | F1: 81.95%/73.63% | Time: fit=002s, train=000s, test=000s, total=003s
Epoch  86: Train%/Test% | Accuracy: 82.35%/74.06% | Precision: 83.18%/74.45% | Recall: 83.86%/76.26% | F1: 82.32%/73.69% | Time: fit=002s, train=000s, test=000s, total=003s
Epoch  87: Train%/Test% | Accuracy: 83.18%/73.58% | Precision: 83.86%/73.84% | Recall: 84.61%/75.62% | F1: 83.14%/73.18% | Time: fit=002s, train=000s, test=000s, total=003s
Epoch  88: Train%/Test% | Accuracy: 82.46%/73.58% | Precision: 83.21%/73.84% | Recall: 83.92%/75.62% | F1: 82.43%/73.18% | Time: fit=002s, train=000s, test=000s, total=003s
Epoch  89: Train%/Test% | Accuracy: 82.94%/73.58% | Precision: 83.62%/73.58% | Recall: 84.37%/75.35% | F1: 82.90%/73.12% | Time: fit=002s, train=000s, test=000s, total=003s
Epoch  90: Train%/Test% | Accuracy: 82.94%/74.53% | Precision: 83.56%/74.29% | Recall: 84.33%/76.10% | F1: 82.90%/74.01% | Time: fit=002s, train=000s, test=000s, total=003s
Epoch  91: Train%/Test% | Accuracy: 82.82%/72.64% | Precision: 83.36%/72.90% | Recall: 84.15%/74.61% | F1: 82.77%/72.22% | Time: fit=002s, train=000s, test=000s, total=003s
Epoch  92: Train%/Test% | Accuracy: 83.29%/75.00% | Precision: 83.57%/74.65% | Recall: 84.44%/76.47% | F1: 83.22%/74.45% | Time: fit=002s, train=000s, test=000s, total=003s
Epoch  93: Train%/Test% | Accuracy: 82.23%/73.58% | Precision: 82.68%/73.58% | Recall: 83.48%/75.35% | F1: 82.17%/73.12% | Time: fit=002s, train=000s, test=000s, total=003s
Epoch  94: Train%/Test% | Accuracy: 82.35%/74.53% | Precision: 82.94%/74.29% | Recall: 83.70%/76.10% | F1: 82.30%/74.01% | Time: fit=002s, train=000s, test=000s, total=003s
Epoch  95: Train%/Test% | Accuracy: 82.23%/73.58% | Precision: 82.85%/73.58% | Recall: 83.60%/75.35% | F1: 82.18%/73.12% | Time: fit=002s, train=000s, test=000s, total=003s
Epoch  96: Train%/Test% | Accuracy: 82.58%/74.06% | Precision: 83.18%/74.18% | Recall: 83.94%/76.00% | F1: 82.54%/73.63% | Time: fit=002s, train=000s, test=000s, total=003s
Epoch  97: Train%/Test% | Accuracy: 83.06%/73.11% | Precision: 83.71%/73.51% | Recall: 84.47%/75.25% | F1: 83.02%/72.73% | Time: fit=002s, train=000s, test=000s, total=003s
Epoch  98: Train%/Test% | Accuracy: 82.94%/74.53% | Precision: 83.40%/74.53% | Recall: 84.21%/76.37% | F1: 82.88%/74.08% | Time: fit=002s, train=000s, test=000s, total=003s
Epoch  99: Train%/Test% | Accuracy: 82.82%/75.47% | Precision: 83.30%/75.47% | Recall: 84.11%/77.38% | F1: 82.77%/75.04% | Time: fit=002s, train=000s, test=000s, total=003s
Epoch 100: Train%/Test% | Accuracy: 82.46%/75.00% | Precision: 83.09%/74.88% | Recall: 83.84%/76.74% | F1: 82.42%/74.52% | Time: fit=002s, train=000s, test=000s, total=003s
Epoch 101: Train%/Test% | Accuracy: 82.11%/75.47% | Precision: 82.76%/76.01% | Recall: 83.49%/77.92% | F1: 82.07%/75.15% | Time: fit=002s, train=000s, test=000s, total=003s
Epoch 102: Train%/Test% | Accuracy: 82.46%/75.47% | Precision: 83.03%/75.73% | Recall: 83.80%/77.65% | F1: 82.42%/75.10% | Time: fit=002s, train=000s, test=000s, total=003s
Epoch 103: Train%/Test% | Accuracy: 82.70%/74.53% | Precision: 83.11%/74.79% | Recall: 83.93%/76.64% | F1: 82.64%/74.14% | Time: fit=002s, train=000s, test=000s, total=003s
Epoch 104: Train%/Test% | Accuracy: 82.35%/74.53% | Precision: 82.88%/75.06% | Recall: 83.66%/76.90% | F1: 82.30%/74.20% | Time: fit=002s, train=000s, test=000s, total=003s
Epoch 105: Train%/Test% | Accuracy: 82.35%/75.94% | Precision: 83.00%/76.07% | Recall: 83.74%/78.02% | F1: 82.30%/75.55% | Time: fit=002s, train=000s, test=000s, total=003s
Epoch 106: Train%/Test% | Accuracy: 81.99%/75.00% | Precision: 82.67%/75.13% | Recall: 83.39%/77.01% | F1: 81.95%/74.59% | Time: fit=002s, train=000s, test=000s, total=003s
Epoch 107: Train%/Test% | Accuracy: 82.46%/74.06% | Precision: 83.21%/74.45% | Recall: 83.92%/76.26% | F1: 82.43%/73.69% | Time: fit=002s, train=000s, test=000s, total=003s
Epoch 108: Train%/Test% | Accuracy: 82.35%/74.53% | Precision: 82.83%/74.53% | Recall: 83.62%/76.37% | F1: 82.29%/74.08% | Time: fit=002s, train=000s, test=000s, total=003s
Epoch 109: Train%/Test% | Accuracy: 82.70%/74.53% | Precision: 83.32%/74.79% | Recall: 84.08%/76.64% | F1: 82.66%/74.14% | Time: fit=002s, train=000s, test=000s, total=003s
Epoch 110: Train%/Test% | Accuracy: 82.94%/75.00% | Precision: 83.50%/75.13% | Recall: 84.29%/77.01% | F1: 82.89%/74.59% | Time: fit=002s, train=000s, test=000s, total=003s
Epoch 111: Train%/Test% | Accuracy: 82.58%/75.00% | Precision: 83.29%/74.88% | Recall: 84.02%/76.74% | F1: 82.55%/74.52% | Time: fit=002s, train=000s, test=000s, total=003s
Epoch 112: Train%/Test% | Accuracy: 83.41%/75.47% | Precision: 84.04%/75.47% | Recall: 84.81%/77.38% | F1: 83.37%/75.04% | Time: fit=002s, train=000s, test=000s, total=003s
Epoch 113: Train%/Test% | Accuracy: 83.18%/75.00% | Precision: 83.92%/75.13% | Recall: 84.65%/77.01% | F1: 83.14%/74.59% | Time: fit=002s, train=000s, test=000s, total=003s
Epoch 114: Train%/Test% | Accuracy: 82.58%/75.47% | Precision: 83.48%/75.73% | Recall: 84.14%/77.65% | F1: 82.56%/75.10% | Time: fit=002s, train=000s, test=000s, total=003s
Epoch 115: Train%/Test% | Accuracy: 84.60%/76.89% | Precision: 85.11%/76.76% | Recall: 85.95%/78.77% | F1: 84.55%/76.45% | Time: fit=002s, train=000s, test=000s, total=003s
Epoch 116: Train%/Test% | Accuracy: 84.48%/75.47% | Precision: 85.14%/75.73% | Recall: 85.93%/77.65% | F1: 84.44%/75.10% | Time: fit=002s, train=000s, test=000s, total=003s
Epoch 117: Train%/Test% | Accuracy: 84.48%/77.36% | Precision: 84.76%/77.12% | Recall: 85.65%/79.14% | F1: 84.41%/76.90% | Time: fit=002s, train=000s, test=000s, total=003s
Epoch 118: Train%/Test% | Accuracy: 83.18%/75.94% | Precision: 83.86%/76.34% | Recall: 84.61%/78.29% | F1: 83.14%/75.60% | Time: fit=002s, train=000s, test=000s, total=003s
Epoch 119: Train%/Test% | Accuracy: 83.53%/75.00% | Precision: 84.02%/74.88% | Recall: 84.84%/76.74% | F1: 83.48%/74.52% | Time: fit=002s, train=000s, test=000s, total=003s
Epoch 120: Train%/Test% | Accuracy: 83.41%/75.94% | Precision: 83.72%/75.82% | Recall: 84.58%/77.76% | F1: 83.34%/75.48% | Time: fit=002s, train=000s, test=000s, total=003s
Epoch 121: Train%/Test% | Accuracy: 83.65%/77.83% | Precision: 84.00%/77.96% | Recall: 84.86%/80.05% | F1: 83.59%/77.46% | Time: fit=002s, train=000s, test=000s, total=003s
Epoch 122: Train%/Test% | Accuracy: 83.29%/77.36% | Precision: 83.72%/77.36% | Recall: 84.55%/79.41% | F1: 83.24%/76.96% | Time: fit=002s, train=000s, test=000s, total=003s
Epoch 123: Train%/Test% | Accuracy: 83.06%/76.42% | Precision: 83.44%/76.18% | Recall: 84.27%/78.13% | F1: 82.99%/75.93% | Time: fit=002s, train=000s, test=000s, total=003s
Epoch 124: Train%/Test% | Accuracy: 82.58%/76.42% | Precision: 83.18%/76.42% | Recall: 83.94%/78.40% | F1: 82.54%/76.00% | Time: fit=002s, train=000s, test=000s, total=003s
Epoch 125: Train%/Test% | Accuracy: 82.70%/75.47% | Precision: 83.44%/76.01% | Recall: 84.16%/77.92% | F1: 82.67%/75.15% | Time: fit=002s, train=000s, test=000s, total=003s
Epoch 126: Train%/Test% | Accuracy: 82.94%/75.47% | Precision: 83.81%/76.01% | Recall: 84.48%/77.92% | F1: 82.91%/75.15% | Time: fit=002s, train=000s, test=000s, total=003s
Epoch 127: Train%/Test% | Accuracy: 82.58%/75.47% | Precision: 83.55%/76.01% | Recall: 84.18%/77.92% | F1: 82.56%/75.15% | Time: fit=002s, train=000s, test=000s, total=003s
Epoch 128: Train%/Test% | Accuracy: 82.82%/75.94% | Precision: 83.79%/76.34% | Recall: 84.42%/78.29% | F1: 82.80%/75.60% | Time: fit=002s, train=000s, test=000s, total=003s
Epoch 129: Train%/Test% | Accuracy: 83.06%/75.00% | Precision: 84.09%/75.68% | Recall: 84.70%/77.54% | F1: 83.04%/74.70% | Time: fit=002s, train=000s, test=000s, total=003s
Epoch 130: Train%/Test% | Accuracy: 83.06%/74.53% | Precision: 83.96%/75.36% | Recall: 84.62%/77.17% | F1: 83.03%/74.25% | Time: fit=002s, train=000s, test=000s, total=003s
Epoch 131: Train%/Test% | Accuracy: 82.46%/74.06% | Precision: 83.39%/74.73% | Recall: 84.04%/76.53% | F1: 82.44%/73.75% | Time: fit=002s, train=000s, test=000s, total=003s
Epoch 132: Train%/Test% | Accuracy: 82.82%/75.00% | Precision: 83.59%/75.39% | Recall: 84.30%/77.28% | F1: 82.79%/74.65% | Time: fit=002s, train=000s, test=000s, total=003s
Epoch 133: Train%/Test% | Accuracy: 83.06%/75.47% | Precision: 83.89%/76.01% | Recall: 84.58%/77.92% | F1: 83.03%/75.15% | Time: fit=002s, train=000s, test=000s, total=003s
Epoch 134: Train%/Test% | Accuracy: 83.18%/74.53% | Precision: 83.74%/75.36% | Recall: 84.53%/77.17% | F1: 83.13%/74.25% | Time: fit=002s, train=000s, test=000s, total=003s
Epoch 135: Train%/Test% | Accuracy: 83.18%/75.00% | Precision: 83.86%/75.39% | Recall: 84.61%/77.28% | F1: 83.14%/74.65% | Time: fit=002s, train=000s, test=000s, total=003s
Epoch 136: Train%/Test% | Accuracy: 83.18%/75.00% | Precision: 83.69%/75.39% | Recall: 84.49%/77.28% | F1: 83.13%/74.65% | Time: fit=002s, train=000s, test=000s, total=003s
Epoch 137: Train%/Test% | Accuracy: 84.60%/77.36% | Precision: 84.72%/77.12% | Recall: 85.64%/79.14% | F1: 84.51%/76.90% | Time: fit=002s, train=000s, test=000s, total=003s
Epoch 138: Train%/Test% | Accuracy: 84.48%/76.42% | Precision: 84.62%/76.42% | Recall: 85.53%/78.40% | F1: 84.40%/76.00% | Time: fit=002s, train=000s, test=000s, total=003s
Epoch 139: Train%/Test% | Accuracy: 83.65%/76.89% | Precision: 83.95%/76.76% | Recall: 84.82%/78.77% | F1: 83.58%/76.45% | Time: fit=002s, train=000s, test=000s, total=003s
Epoch 140: Train%/Test% | Accuracy: 82.58%/73.58% | Precision: 83.18%/74.41% | Recall: 83.94%/76.16% | F1: 82.54%/73.30% | Time: fit=002s, train=000s, test=000s, total=003s
Epoch 141: Train%/Test% | Accuracy: 82.70%/74.06% | Precision: 83.16%/74.73% | Recall: 83.97%/76.53% | F1: 82.65%/73.75% | Time: fit=002s, train=000s, test=000s, total=003s
Epoch 142: Train%/Test% | Accuracy: 82.70%/75.00% | Precision: 83.21%/75.68% | Recall: 84.00%/77.54% | F1: 82.65%/74.70% | Time: fit=002s, train=000s, test=000s, total=003s
Epoch 143: Train%/Test% | Accuracy: 83.29%/76.89% | Precision: 83.67%/77.01% | Recall: 84.51%/79.04% | F1: 83.23%/76.51% | Time: fit=002s, train=000s, test=000s, total=003s
Epoch 144: Train%/Test% | Accuracy: 83.06%/76.42% | Precision: 83.44%/76.67% | Recall: 84.27%/78.66% | F1: 82.99%/76.05% | Time: fit=002s, train=000s, test=000s, total=003s
Epoch 145: Train%/Test% | Accuracy: 83.18%/77.83% | Precision: 83.53%/77.71% | Recall: 84.37%/79.78% | F1: 83.11%/77.41% | Time: fit=002s, train=000s, test=000s, total=003s
Epoch 146: Train%/Test% | Accuracy: 83.29%/77.36% | Precision: 83.67%/77.36% | Recall: 84.51%/79.41% | F1: 83.23%/76.96% | Time: fit=002s, train=000s, test=000s, total=003s
Epoch 147: Train%/Test% | Accuracy: 82.11%/75.47% | Precision: 82.88%/76.01% | Recall: 83.57%/77.92% | F1: 82.07%/75.15% | Time: fit=002s, train=000s, test=000s, total=003s
Epoch 148: Train%/Test% | Accuracy: 82.82%/73.58% | Precision: 83.30%/74.41% | Recall: 84.11%/76.16% | F1: 82.77%/73.30% | Time: fit=002s, train=000s, test=000s, total=003s
Epoch 149: Train%/Test% | Accuracy: 82.70%/73.58% | Precision: 83.44%/74.41% | Recall: 84.16%/76.16% | F1: 82.67%/73.30% | Time: fit=002s, train=000s, test=000s, total=003s
Epoch 150: Train%/Test% | Accuracy: 82.58%/74.53% | Precision: 83.07%/75.36% | Recall: 83.86%/77.17% | F1: 82.53%/74.25% | Time: fit=002s, train=000s, test=000s, total=003s
