[*] Load dataset...
[*] Fix malformed data...
[*] Split...
[*] Encoding...
[*] -> text...
[*] Encoding complete!
==============================
Using GPU for training
Dataset: FakeNewsNet-politifact
TMU params: num-clauses=5000, T=50, s=15.0
Epochs: 150
Feature(s): text
max-vocab=15000, max-domain=500, max-tweet=500
====================
Train size: 844
Train classes: 2
Test size: 212
Test classes: 2
Total features: 2934
==============================
[*] Training for 150 epochs...
Epoch   1: Train%/Test% | Accuracy: 42.65%/38.68% | Precision: 71.12%/68.75% | Recall: 50.61%/51.49% | F1: 30.91%/30.17% | Time: fit=017s, train=003s, test=001s, total=021s
Epoch   2: Train%/Test% | Accuracy: 70.26%/74.53% | Precision: 74.92%/76.05% | Recall: 65.65%/67.80% | F1: 64.86%/68.62% | Time: fit=016s, train=003s, test=001s, total=020s
Epoch   3: Train%/Test% | Accuracy: 75.00%/71.23% | Precision: 79.73%/73.79% | Recall: 71.06%/62.77% | F1: 71.30%/62.34% | Time: fit=016s, train=003s, test=001s, total=020s
Epoch   4: Train%/Test% | Accuracy: 69.79%/68.40% | Precision: 77.68%/71.86% | Recall: 64.53%/58.39% | F1: 62.93%/55.85% | Time: fit=016s, train=003s, test=001s, total=020s
Epoch   5: Train%/Test% | Accuracy: 76.30%/73.58% | Precision: 78.77%/74.11% | Recall: 73.16%/67.05% | F1: 73.73%/67.78% | Time: fit=016s, train=003s, test=001s, total=020s
Epoch   6: Train%/Test% | Accuracy: 81.75%/78.30% | Precision: 81.86%/77.81% | Recall: 80.40%/74.26% | F1: 80.88%/75.29% | Time: fit=016s, train=003s, test=001s, total=019s
Epoch   7: Train%/Test% | Accuracy: 82.23%/76.42% | Precision: 81.74%/74.69% | Recall: 81.79%/75.18% | F1: 81.77%/74.91% | Time: fit=016s, train=003s, test=001s, total=019s
Epoch   8: Train%/Test% | Accuracy: 81.52%/76.89% | Precision: 81.77%/75.95% | Recall: 82.59%/77.70% | F1: 81.43%/76.16% | Time: fit=015s, train=003s, test=001s, total=019s
Epoch   9: Train%/Test% | Accuracy: 78.55%/71.70% | Precision: 79.75%/71.96% | Recall: 80.20%/73.59% | F1: 78.54%/71.27% | Time: fit=015s, train=003s, test=001s, total=019s
Epoch  10: Train%/Test% | Accuracy: 78.91%/69.34% | Precision: 80.01%/70.01% | Recall: 80.50%/71.46% | F1: 78.89%/68.97% | Time: fit=015s, train=003s, test=001s, total=019s
Epoch  11: Train%/Test% | Accuracy: 77.61%/67.92% | Precision: 80.27%/70.38% | Recall: 79.93%/71.41% | F1: 77.60%/67.82% | Time: fit=015s, train=003s, test=001s, total=019s
Epoch  12: Train%/Test% | Accuracy: 83.65%/75.94% | Precision: 83.16%/74.15% | Recall: 83.45%/74.27% | F1: 83.29%/74.21% | Time: fit=015s, train=003s, test=001s, total=019s
Epoch  13: Train%/Test% | Accuracy: 80.92%/76.89% | Precision: 80.76%/75.61% | Recall: 79.77%/73.41% | F1: 80.13%/74.15% | Time: fit=015s, train=003s, test=001s, total=019s
Epoch  14: Train%/Test% | Accuracy: 82.58%/77.36% | Precision: 82.14%/75.86% | Recall: 82.06%/74.59% | F1: 82.10%/75.09% | Time: fit=015s, train=003s, test=001s, total=019s
Epoch  15: Train%/Test% | Accuracy: 82.46%/76.42% | Precision: 81.96%/74.72% | Recall: 82.19%/73.84% | F1: 82.06%/74.21% | Time: fit=015s, train=003s, test=001s, total=019s
Epoch  16: Train%/Test% | Accuracy: 81.99%/72.64% | Precision: 81.51%/70.71% | Recall: 82.06%/71.13% | F1: 81.69%/70.89% | Time: fit=015s, train=003s, test=001s, total=019s
Epoch  17: Train%/Test% | Accuracy: 80.45%/74.06% | Precision: 79.97%/72.24% | Recall: 80.54%/72.78% | F1: 80.14%/72.46% | Time: fit=015s, train=003s, test=001s, total=019s
Epoch  18: Train%/Test% | Accuracy: 80.92%/75.00% | Precision: 80.47%/73.23% | Recall: 81.06%/73.79% | F1: 80.64%/73.46% | Time: fit=015s, train=003s, test=001s, total=019s
Epoch  19: Train%/Test% | Accuracy: 81.87%/73.11% | Precision: 82.64%/72.76% | Recall: 83.33%/74.45% | F1: 81.84%/72.53% | Time: fit=015s, train=003s, test=001s, total=019s
Epoch  20: Train%/Test% | Accuracy: 81.99%/74.53% | Precision: 81.61%/72.95% | Recall: 82.33%/73.96% | F1: 81.76%/73.27% | Time: fit=015s, train=003s, test=001s, total=019s
Epoch  21: Train%/Test% | Accuracy: 81.64%/72.64% | Precision: 81.51%/71.27% | Recall: 82.34%/72.46% | F1: 81.49%/71.52% | Time: fit=015s, train=003s, test=001s, total=019s
Epoch  22: Train%/Test% | Accuracy: 84.83%/75.00% | Precision: 84.45%/73.38% | Recall: 85.21%/74.33% | F1: 84.64%/73.71% | Time: fit=015s, train=003s, test=001s, total=019s
Epoch  23: Train%/Test% | Accuracy: 84.00%/75.47% | Precision: 83.79%/74.03% | Recall: 84.66%/75.24% | F1: 83.86%/74.37% | Time: fit=015s, train=003s, test=001s, total=019s
Epoch  24: Train%/Test% | Accuracy: 82.82%/75.47% | Precision: 82.92%/73.83% | Recall: 83.79%/74.70% | F1: 82.72%/74.15% | Time: fit=015s, train=003s, test=001s, total=019s
Epoch  25: Train%/Test% | Accuracy: 68.25%/58.02% | Precision: 76.33%/66.01% | Recall: 72.22%/64.38% | F1: 67.70%/57.81% | Time: fit=015s, train=003s, test=001s, total=019s
Epoch  26: Train%/Test% | Accuracy: 83.53%/75.94% | Precision: 83.26%/74.28% | Recall: 84.09%/75.08% | F1: 83.36%/74.59% | Time: fit=015s, train=003s, test=001s, total=019s
Epoch  27: Train%/Test% | Accuracy: 82.82%/75.00% | Precision: 82.70%/73.60% | Recall: 83.56%/74.87% | F1: 82.68%/73.93% | Time: fit=015s, train=003s, test=001s, total=019s
Epoch  28: Train%/Test% | Accuracy: 83.41%/73.11% | Precision: 83.08%/71.68% | Recall: 83.87%/72.84% | F1: 83.22%/71.96% | Time: fit=015s, train=003s, test=001s, total=019s
Epoch  29: Train%/Test% | Accuracy: 83.65%/74.06% | Precision: 83.51%/72.93% | Recall: 84.39%/74.39% | F1: 83.52%/73.15% | Time: fit=015s, train=003s, test=001s, total=019s
Epoch  30: Train%/Test% | Accuracy: 82.58%/71.70% | Precision: 82.64%/70.31% | Recall: 83.51%/71.45% | F1: 82.48%/70.54% | Time: fit=015s, train=003s, test=001s, total=019s
Epoch  31: Train%/Test% | Accuracy: 83.65%/71.70% | Precision: 83.42%/70.31% | Recall: 84.27%/71.45% | F1: 83.49%/70.54% | Time: fit=015s, train=003s, test=001s, total=019s
Epoch  32: Train%/Test% | Accuracy: 83.41%/71.23% | Precision: 83.24%/70.07% | Recall: 84.11%/71.35% | F1: 83.27%/70.22% | Time: fit=015s, train=003s, test=001s, total=019s
Epoch  33: Train%/Test% | Accuracy: 85.55%/77.36% | Precision: 85.20%/75.66% | Recall: 86.02%/75.93% | F1: 85.37%/75.79% | Time: fit=015s, train=003s, test=001s, total=019s
Epoch  34: Train%/Test% | Accuracy: 68.36%/61.32% | Precision: 77.29%/70.30% | Recall: 72.52%/68.06% | F1: 67.72%/61.10% | Time: fit=015s, train=003s, test=001s, total=019s
Epoch  35: Train%/Test% | Accuracy: 68.25%/60.38% | Precision: 77.24%/69.85% | Recall: 72.42%/67.32% | F1: 67.59%/60.09% | Time: fit=015s, train=003s, test=001s, total=019s
Epoch  36: Train%/Test% | Accuracy: 86.02%/79.25% | Precision: 85.68%/77.67% | Recall: 86.51%/78.22% | F1: 85.85%/77.92% | Time: fit=015s, train=003s, test=001s, total=019s
Epoch  37: Train%/Test% | Accuracy: 84.36%/76.89% | Precision: 84.19%/75.65% | Recall: 85.08%/77.16% | F1: 84.23%/75.99% | Time: fit=015s, train=003s, test=001s, total=019s
Epoch  38: Train%/Test% | Accuracy: 84.24%/75.94% | Precision: 84.43%/75.18% | Recall: 85.33%/76.95% | F1: 84.16%/75.27% | Time: fit=015s, train=003s, test=001s, total=019s
Epoch  39: Train%/Test% | Accuracy: 84.12%/74.53% | Precision: 84.12%/73.49% | Recall: 85.03%/75.03% | F1: 84.02%/73.68% | Time: fit=015s, train=003s, test=001s, total=019s
Epoch  40: Train%/Test% | Accuracy: 70.02%/61.32% | Precision: 78.04%/71.01% | Recall: 73.95%/68.33% | F1: 69.55%/61.04% | Time: fit=015s, train=003s, test=001s, total=019s
Epoch  41: Train%/Test% | Accuracy: 84.60%/76.89% | Precision: 84.49%/75.53% | Recall: 85.40%/76.89% | F1: 84.48%/75.90% | Time: fit=015s, train=003s, test=001s, total=019s
Epoch  42: Train%/Test% | Accuracy: 85.43%/77.36% | Precision: 85.30%/76.07% | Recall: 86.23%/77.54% | F1: 85.31%/76.43% | Time: fit=015s, train=003s, test=001s, total=019s
Epoch  43: Train%/Test% | Accuracy: 84.83%/73.58% | Precision: 85.09%/72.91% | Recall: 86.00%/74.55% | F1: 84.77%/72.89% | Time: fit=015s, train=003s, test=001s, total=019s
Epoch  44: Train%/Test% | Accuracy: 84.60%/75.47% | Precision: 84.90%/74.80% | Recall: 85.79%/76.58% | F1: 84.53%/74.82% | Time: fit=015s, train=003s, test=001s, total=019s
Epoch  45: Train%/Test% | Accuracy: 85.07%/72.17% | Precision: 85.33%/72.05% | Recall: 86.24%/73.70% | F1: 85.01%/71.64% | Time: fit=015s, train=003s, test=001s, total=019s
Epoch  46: Train%/Test% | Accuracy: 85.43%/72.17% | Precision: 85.71%/72.30% | Recall: 86.63%/73.97% | F1: 85.36%/71.71% | Time: fit=015s, train=003s, test=001s, total=019s
Epoch  47: Train%/Test% | Accuracy: 84.60%/74.06% | Precision: 84.60%/73.49% | Recall: 85.52%/75.19% | F1: 84.50%/73.41% | Time: fit=015s, train=003s, test=001s, total=019s
Epoch  48: Train%/Test% | Accuracy: 85.31%/73.11% | Precision: 85.35%/72.76% | Recall: 86.29%/74.45% | F1: 85.22%/72.53% | Time: fit=015s, train=003s, test=001s, total=019s
Epoch  49: Train%/Test% | Accuracy: 86.49%/74.53% | Precision: 86.61%/73.67% | Recall: 87.58%/75.30% | F1: 86.42%/73.77% | Time: fit=015s, train=003s, test=001s, total=019s
Epoch  50: Train%/Test% | Accuracy: 86.49%/75.00% | Precision: 86.49%/74.05% | Recall: 87.47%/75.67% | F1: 86.40%/74.21% | Time: fit=015s, train=003s, test=001s, total=019s
Epoch  51: Train%/Test% | Accuracy: 85.31%/75.47% | Precision: 85.35%/74.44% | Recall: 86.29%/76.04% | F1: 85.22%/74.66% | Time: fit=015s, train=003s, test=001s, total=019s
Epoch  52: Train%/Test% | Accuracy: 84.95%/74.53% | Precision: 85.19%/73.49% | Recall: 86.10%/75.03% | F1: 84.88%/73.68% | Time: fit=015s, train=003s, test=001s, total=019s
Epoch  53: Train%/Test% | Accuracy: 85.78%/75.94% | Precision: 85.86%/75.18% | Recall: 86.81%/76.95% | F1: 85.70%/75.27% | Time: fit=015s, train=003s, test=001s, total=019s
Epoch  54: Train%/Test% | Accuracy: 84.60%/77.36% | Precision: 85.17%/76.51% | Recall: 85.99%/78.34% | F1: 84.56%/76.69% | Time: fit=015s, train=003s, test=001s, total=019s
Epoch  55: Train%/Test% | Accuracy: 85.43%/75.47% | Precision: 85.76%/75.01% | Recall: 86.66%/76.85% | F1: 85.37%/74.90% | Time: fit=015s, train=003s, test=001s, total=019s
Epoch  56: Train%/Test% | Accuracy: 84.83%/75.00% | Precision: 85.35%/74.65% | Recall: 86.19%/76.47% | F1: 84.79%/74.45% | Time: fit=015s, train=003s, test=001s, total=019s
Epoch  57: Train%/Test% | Accuracy: 84.36%/75.47% | Precision: 84.93%/75.23% | Recall: 85.75%/77.11% | F1: 84.32%/74.97% | Time: fit=015s, train=003s, test=001s, total=019s
Epoch  58: Train%/Test% | Accuracy: 84.24%/74.53% | Precision: 84.90%/74.53% | Recall: 85.68%/76.37% | F1: 84.20%/74.08% | Time: fit=015s, train=003s, test=001s, total=019s
Epoch  59: Train%/Test% | Accuracy: 85.07%/77.36% | Precision: 85.33%/76.51% | Recall: 86.24%/78.34% | F1: 85.01%/76.69% | Time: fit=015s, train=003s, test=001s, total=019s
Epoch  60: Train%/Test% | Accuracy: 85.55%/77.83% | Precision: 85.80%/76.90% | Recall: 86.73%/78.71% | F1: 85.48%/77.13% | Time: fit=015s, train=003s, test=001s, total=019s
Epoch  61: Train%/Test% | Accuracy: 85.78%/75.94% | Precision: 85.99%/75.18% | Recall: 86.93%/76.95% | F1: 85.71%/75.27% | Time: fit=015s, train=003s, test=001s, total=019s
Epoch  62: Train%/Test% | Accuracy: 84.95%/73.58% | Precision: 85.67%/73.84% | Recall: 86.45%/75.62% | F1: 84.92%/73.18% | Time: fit=015s, train=003s, test=001s, total=019s
Epoch  63: Train%/Test% | Accuracy: 85.07%/74.06% | Precision: 85.64%/74.18% | Recall: 86.48%/76.00% | F1: 85.03%/73.63% | Time: fit=015s, train=003s, test=001s, total=019s
Epoch  64: Train%/Test% | Accuracy: 84.00%/75.00% | Precision: 84.55%/74.65% | Recall: 85.36%/76.47% | F1: 83.96%/74.45% | Time: fit=015s, train=003s, test=001s, total=019s
Epoch  65: Train%/Test% | Accuracy: 85.07%/77.36% | Precision: 85.28%/76.35% | Recall: 86.20%/78.07% | F1: 85.00%/76.61% | Time: fit=015s, train=003s, test=001s, total=019s
Epoch  66: Train%/Test% | Accuracy: 84.83%/76.42% | Precision: 85.04%/75.40% | Recall: 85.96%/77.06% | F1: 84.76%/75.63% | Time: fit=015s, train=003s, test=001s, total=019s
Epoch  67: Train%/Test% | Accuracy: 84.00%/75.00% | Precision: 84.39%/74.43% | Recall: 85.24%/76.21% | F1: 83.95%/74.38% | Time: fit=015s, train=003s, test=001s, total=019s
Epoch  68: Train%/Test% | Accuracy: 84.48%/76.89% | Precision: 84.76%/76.13% | Recall: 85.65%/77.97% | F1: 84.41%/76.24% | Time: fit=015s, train=003s, test=001s, total=019s
Epoch  69: Train%/Test% | Accuracy: 84.36%/74.06% | Precision: 84.77%/74.18% | Recall: 85.63%/76.00% | F1: 84.31%/73.63% | Time: fit=016s, train=003s, test=001s, total=019s
Epoch  70: Train%/Test% | Accuracy: 85.19%/74.06% | Precision: 85.47%/74.18% | Recall: 86.38%/76.00% | F1: 85.13%/73.63% | Time: fit=015s, train=003s, test=001s, total=019s
Epoch  71: Train%/Test% | Accuracy: 84.83%/73.11% | Precision: 85.04%/73.24% | Recall: 85.96%/74.98% | F1: 84.76%/72.67% | Time: fit=015s, train=003s, test=001s, total=019s
Epoch  72: Train%/Test% | Accuracy: 84.95%/75.47% | Precision: 85.19%/75.23% | Recall: 86.10%/77.11% | F1: 84.88%/74.97% | Time: fit=015s, train=003s, test=001s, total=019s
Epoch  73: Train%/Test% | Accuracy: 84.72%/77.36% | Precision: 84.95%/76.70% | Recall: 85.86%/78.61% | F1: 84.65%/76.76% | Time: fit=015s, train=003s, test=001s, total=019s
Epoch  74: Train%/Test% | Accuracy: 85.78%/77.36% | Precision: 85.67%/76.07% | Recall: 86.62%/77.54% | F1: 85.67%/76.43% | Time: fit=015s, train=003s, test=001s, total=019s
Epoch  75: Train%/Test% | Accuracy: 86.02%/77.36% | Precision: 85.95%/76.07% | Recall: 86.90%/77.54% | F1: 85.92%/76.43% | Time: fit=015s, train=003s, test=001s, total=019s
Epoch  76: Train%/Test% | Accuracy: 87.09%/75.00% | Precision: 87.14%/74.23% | Recall: 88.13%/75.94% | F1: 87.01%/74.30% | Time: fit=015s, train=003s, test=001s, total=019s
Epoch  77: Train%/Test% | Accuracy: 86.97%/75.47% | Precision: 87.05%/74.62% | Recall: 88.03%/76.31% | F1: 86.89%/74.74% | Time: fit=015s, train=003s, test=001s, total=019s
Epoch  78: Train%/Test% | Accuracy: 86.02%/75.00% | Precision: 86.33%/74.65% | Recall: 87.25%/76.47% | F1: 85.96%/74.45% | Time: fit=015s, train=003s, test=001s, total=019s
Epoch  79: Train%/Test% | Accuracy: 85.55%/75.47% | Precision: 86.01%/75.23% | Recall: 86.88%/77.11% | F1: 85.50%/74.97% | Time: fit=015s, train=003s, test=001s, total=019s
Epoch  80: Train%/Test% | Accuracy: 86.14%/75.47% | Precision: 86.47%/74.80% | Recall: 87.39%/76.58% | F1: 86.08%/74.82% | Time: fit=015s, train=003s, test=001s, total=019s
Epoch  81: Train%/Test% | Accuracy: 86.14%/74.53% | Precision: 86.47%/73.86% | Recall: 87.39%/75.56% | F1: 86.08%/73.86% | Time: fit=015s, train=003s, test=001s, total=019s
Epoch  82: Train%/Test% | Accuracy: 85.90%/75.47% | Precision: 85.96%/74.62% | Recall: 86.92%/76.31% | F1: 85.82%/74.74% | Time: fit=015s, train=003s, test=001s, total=019s
Epoch  83: Train%/Test% | Accuracy: 84.95%/75.00% | Precision: 85.14%/74.05% | Recall: 86.06%/75.67% | F1: 84.88%/74.21% | Time: fit=015s, train=003s, test=001s, total=019s
Epoch  84: Train%/Test% | Accuracy: 86.85%/76.89% | Precision: 86.66%/75.42% | Recall: 87.62%/76.63% | F1: 86.73%/75.80% | Time: fit=015s, train=003s, test=001s, total=019s
Epoch  85: Train%/Test% | Accuracy: 86.73%/77.36% | Precision: 86.50%/75.78% | Recall: 87.43%/76.73% | F1: 86.60%/76.14% | Time: fit=015s, train=003s, test=001s, total=019s
Epoch  86: Train%/Test% | Accuracy: 86.14%/78.30% | Precision: 86.01%/76.76% | Recall: 86.96%/77.75% | F1: 86.03%/77.13% | Time: fit=015s, train=003s, test=001s, total=019s
Epoch  87: Train%/Test% | Accuracy: 86.49%/77.36% | Precision: 86.27%/75.78% | Recall: 87.19%/76.73% | F1: 86.36%/76.14% | Time: fit=015s, train=003s, test=001s, total=019s
Epoch  88: Train%/Test% | Accuracy: 87.09%/77.36% | Precision: 86.87%/75.73% | Recall: 87.82%/76.46% | F1: 86.97%/76.02% | Time: fit=015s, train=003s, test=001s, total=019s
Epoch  89: Train%/Test% | Accuracy: 86.02%/75.94% | Precision: 85.95%/74.57% | Recall: 86.90%/75.88% | F1: 85.92%/74.91% | Time: fit=016s, train=003s, test=001s, total=019s
Epoch  90: Train%/Test% | Accuracy: 87.09%/76.89% | Precision: 86.80%/75.33% | Recall: 87.70%/76.36% | F1: 86.95%/75.69% | Time: fit=015s, train=003s, test=001s, total=019s
Epoch  91: Train%/Test% | Accuracy: 86.37%/76.42% | Precision: 86.16%/74.89% | Recall: 87.09%/75.99% | F1: 86.25%/75.25% | Time: fit=015s, train=003s, test=001s, total=019s
Epoch  92: Train%/Test% | Accuracy: 85.19%/77.36% | Precision: 85.07%/76.07% | Recall: 85.99%/77.54% | F1: 85.07%/76.43% | Time: fit=015s, train=003s, test=001s, total=019s
Epoch  93: Train%/Test% | Accuracy: 86.26%/77.36% | Precision: 86.00%/75.86% | Recall: 86.91%/77.00% | F1: 86.12%/76.24% | Time: fit=015s, train=003s, test=001s, total=019s
Epoch  94: Train%/Test% | Accuracy: 86.97%/76.89% | Precision: 86.71%/75.65% | Recall: 87.64%/77.16% | F1: 86.84%/75.99% | Time: fit=015s, train=003s, test=001s, total=019s
Epoch  95: Train%/Test% | Accuracy: 86.85%/75.94% | Precision: 86.61%/74.45% | Recall: 87.54%/75.61% | F1: 86.72%/74.81% | Time: fit=015s, train=003s, test=001s, total=019s
Epoch  96: Train%/Test% | Accuracy: 86.02%/75.94% | Precision: 85.95%/74.57% | Recall: 86.90%/75.88% | F1: 85.92%/74.91% | Time: fit=015s, train=003s, test=001s, total=019s
Epoch  97: Train%/Test% | Accuracy: 86.49%/78.30% | Precision: 86.29%/76.92% | Recall: 87.23%/78.28% | F1: 86.37%/77.33% | Time: fit=015s, train=003s, test=001s, total=019s
Epoch  98: Train%/Test% | Accuracy: 86.85%/76.89% | Precision: 86.69%/75.53% | Recall: 87.65%/76.89% | F1: 86.74%/75.90% | Time: fit=015s, train=003s, test=001s, total=019s
Epoch  99: Train%/Test% | Accuracy: 88.27%/76.89% | Precision: 88.06%/75.42% | Recall: 89.04%/76.63% | F1: 88.16%/75.80% | Time: fit=015s, train=003s, test=001s, total=019s
Epoch 100: Train%/Test% | Accuracy: 87.91%/75.47% | Precision: 87.69%/74.15% | Recall: 88.65%/75.51% | F1: 87.80%/74.47% | Time: fit=015s, train=003s, test=001s, total=019s
Epoch 101: Train%/Test% | Accuracy: 87.80%/76.89% | Precision: 87.61%/75.79% | Recall: 88.59%/77.43% | F1: 87.69%/76.08% | Time: fit=015s, train=003s, test=001s, total=019s
Epoch 102: Train%/Test% | Accuracy: 87.44%/77.83% | Precision: 87.27%/76.49% | Recall: 88.24%/77.91% | F1: 87.33%/76.88% | Time: fit=015s, train=003s, test=001s, total=019s
Epoch 103: Train%/Test% | Accuracy: 87.91%/76.42% | Precision: 87.78%/75.40% | Recall: 88.77%/77.06% | F1: 87.82%/75.63% | Time: fit=015s, train=003s, test=001s, total=019s
Epoch 104: Train%/Test% | Accuracy: 86.49%/75.00% | Precision: 86.49%/74.23% | Recall: 87.47%/75.94% | F1: 86.40%/74.30% | Time: fit=016s, train=003s, test=001s, total=019s
Epoch 105: Train%/Test% | Accuracy: 87.20%/75.94% | Precision: 87.03%/74.84% | Recall: 88.00%/76.42% | F1: 87.09%/75.10% | Time: fit=015s, train=003s, test=001s, total=019s
Epoch 106: Train%/Test% | Accuracy: 86.97%/75.94% | Precision: 86.83%/75.00% | Recall: 87.80%/76.68% | F1: 86.86%/75.19% | Time: fit=015s, train=003s, test=001s, total=019s
Epoch 107: Train%/Test% | Accuracy: 85.66%/75.00% | Precision: 86.15%/75.39% | Recall: 87.03%/77.28% | F1: 85.62%/74.65% | Time: fit=015s, train=003s, test=001s, total=019s
Epoch 108: Train%/Test% | Accuracy: 85.90%/73.58% | Precision: 86.34%/73.12% | Recall: 87.23%/74.82% | F1: 85.85%/72.97% | Time: fit=015s, train=003s, test=001s, total=019s
Epoch 109: Train%/Test% | Accuracy: 87.20%/76.42% | Precision: 87.17%/75.24% | Recall: 88.16%/76.79% | F1: 87.12%/75.54% | Time: fit=015s, train=003s, test=001s, total=019s
Epoch 110: Train%/Test% | Accuracy: 86.73%/75.00% | Precision: 86.73%/73.89% | Recall: 87.71%/75.40% | F1: 86.64%/74.12% | Time: fit=015s, train=003s, test=001s, total=019s
Epoch 111: Train%/Test% | Accuracy: 86.85%/75.94% | Precision: 86.79%/74.84% | Recall: 87.77%/76.42% | F1: 86.75%/75.10% | Time: fit=015s, train=003s, test=001s, total=019s
Epoch 112: Train%/Test% | Accuracy: 87.09%/77.36% | Precision: 87.07%/76.20% | Recall: 88.05%/77.80% | F1: 87.00%/76.52% | Time: fit=015s, train=003s, test=001s, total=019s
Epoch 113: Train%/Test% | Accuracy: 86.97%/75.47% | Precision: 87.09%/74.62% | Recall: 88.07%/76.31% | F1: 86.90%/74.74% | Time: fit=015s, train=003s, test=001s, total=019s
Epoch 114: Train%/Test% | Accuracy: 87.32%/76.89% | Precision: 87.23%/75.65% | Recall: 88.22%/77.16% | F1: 87.23%/75.99% | Time: fit=015s, train=003s, test=001s, total=019s
Epoch 115: Train%/Test% | Accuracy: 86.37%/76.89% | Precision: 86.47%/75.95% | Recall: 87.44%/77.70% | F1: 86.30%/76.16% | Time: fit=015s, train=003s, test=001s, total=019s
Epoch 116: Train%/Test% | Accuracy: 87.68%/74.53% | Precision: 87.64%/73.49% | Recall: 88.64%/75.03% | F1: 87.59%/73.68% | Time: fit=015s, train=003s, test=001s, total=019s
Epoch 117: Train%/Test% | Accuracy: 87.44%/74.53% | Precision: 87.48%/73.33% | Recall: 88.48%/74.76% | F1: 87.36%/73.59% | Time: fit=015s, train=003s, test=001s, total=019s
Epoch 118: Train%/Test% | Accuracy: 87.09%/73.11% | Precision: 87.27%/72.34% | Recall: 88.25%/73.91% | F1: 87.02%/72.36% | Time: fit=015s, train=003s, test=001s, total=019s
Epoch 119: Train%/Test% | Accuracy: 87.80%/73.11% | Precision: 87.82%/72.15% | Recall: 88.82%/73.64% | F1: 87.72%/72.27% | Time: fit=015s, train=003s, test=001s, total=019s
Epoch 120: Train%/Test% | Accuracy: 86.97%/75.00% | Precision: 87.05%/74.23% | Recall: 88.03%/75.94% | F1: 86.89%/74.30% | Time: fit=015s, train=003s, test=001s, total=019s
Epoch 121: Train%/Test% | Accuracy: 86.73%/75.00% | Precision: 86.69%/74.23% | Recall: 87.67%/75.94% | F1: 86.64%/74.30% | Time: fit=015s, train=003s, test=001s, total=019s
Epoch 122: Train%/Test% | Accuracy: 86.73%/74.06% | Precision: 86.85%/73.49% | Recall: 87.83%/75.19% | F1: 86.66%/73.41% | Time: fit=015s, train=003s, test=001s, total=019s
Epoch 123: Train%/Test% | Accuracy: 86.26%/74.06% | Precision: 86.51%/73.29% | Recall: 87.46%/74.92% | F1: 86.20%/73.33% | Time: fit=015s, train=003s, test=001s, total=019s
Epoch 124: Train%/Test% | Accuracy: 85.55%/73.58% | Precision: 86.12%/73.34% | Recall: 86.96%/75.09% | F1: 85.51%/73.05% | Time: fit=015s, train=003s, test=001s, total=019s
Epoch 125: Train%/Test% | Accuracy: 86.61%/74.53% | Precision: 87.05%/74.29% | Recall: 87.96%/76.10% | F1: 86.57%/74.01% | Time: fit=015s, train=003s, test=001s, total=019s
Epoch 126: Train%/Test% | Accuracy: 86.37%/74.06% | Precision: 86.81%/74.18% | Recall: 87.72%/76.00% | F1: 86.33%/73.63% | Time: fit=015s, train=003s, test=001s, total=019s
Epoch 127: Train%/Test% | Accuracy: 86.14%/75.00% | Precision: 86.52%/75.13% | Recall: 87.43%/77.01% | F1: 86.09%/74.59% | Time: fit=015s, train=003s, test=001s, total=019s
Epoch 128: Train%/Test% | Accuracy: 86.26%/74.53% | Precision: 86.78%/74.53% | Recall: 87.65%/76.37% | F1: 86.21%/74.08% | Time: fit=015s, train=003s, test=001s, total=019s
Epoch 129: Train%/Test% | Accuracy: 86.14%/76.89% | Precision: 86.52%/76.32% | Recall: 87.43%/78.23% | F1: 86.09%/76.31% | Time: fit=015s, train=003s, test=001s, total=019s
Epoch 130: Train%/Test% | Accuracy: 86.26%/77.36% | Precision: 86.61%/77.12% | Recall: 87.54%/79.14% | F1: 86.20%/76.90% | Time: fit=015s, train=003s, test=001s, total=019s
Epoch 131: Train%/Test% | Accuracy: 85.66%/75.94% | Precision: 86.33%/76.07% | Recall: 87.14%/78.02% | F1: 85.63%/75.55% | Time: fit=015s, train=003s, test=001s, total=019s
Epoch 132: Train%/Test% | Accuracy: 86.14%/75.94% | Precision: 86.74%/75.82% | Recall: 87.59%/77.76% | F1: 86.10%/75.48% | Time: fit=015s, train=003s, test=001s, total=019s
Epoch 133: Train%/Test% | Accuracy: 85.66%/74.06% | Precision: 86.33%/74.18% | Recall: 87.14%/76.00% | F1: 85.63%/73.63% | Time: fit=015s, train=003s, test=001s, total=019s
Epoch 134: Train%/Test% | Accuracy: 86.26%/74.06% | Precision: 86.83%/74.18% | Recall: 87.69%/76.00% | F1: 86.22%/73.63% | Time: fit=015s, train=003s, test=001s, total=019s
Epoch 135: Train%/Test% | Accuracy: 86.02%/73.11% | Precision: 86.33%/72.76% | Recall: 87.25%/74.45% | F1: 85.96%/72.53% | Time: fit=015s, train=003s, test=001s, total=019s
Epoch 136: Train%/Test% | Accuracy: 85.90%/73.58% | Precision: 86.14%/73.34% | Recall: 87.07%/75.09% | F1: 85.84%/73.05% | Time: fit=015s, train=003s, test=001s, total=019s
Epoch 137: Train%/Test% | Accuracy: 86.02%/72.64% | Precision: 86.18%/72.17% | Recall: 87.14%/73.80% | F1: 85.95%/72.00% | Time: fit=015s, train=003s, test=001s, total=019s
Epoch 138: Train%/Test% | Accuracy: 86.61%/73.58% | Precision: 86.71%/72.38% | Recall: 87.69%/73.75% | F1: 86.54%/72.61% | Time: fit=015s, train=003s, test=001s, total=019s
Epoch 139: Train%/Test% | Accuracy: 86.37%/73.58% | Precision: 86.52%/72.38% | Recall: 87.48%/73.75% | F1: 86.30%/72.61% | Time: fit=015s, train=003s, test=001s, total=019s
Epoch 140: Train%/Test% | Accuracy: 85.78%/71.70% | Precision: 85.95%/70.82% | Recall: 86.89%/72.25% | F1: 85.71%/70.86% | Time: fit=015s, train=003s, test=001s, total=019s
Epoch 141: Train%/Test% | Accuracy: 84.72%/71.23% | Precision: 85.50%/71.10% | Recall: 86.25%/72.68% | F1: 84.69%/70.68% | Time: fit=015s, train=003s, test=001s, total=019s
Epoch 142: Train%/Test% | Accuracy: 84.48%/71.23% | Precision: 85.26%/71.62% | Recall: 86.01%/73.22% | F1: 84.45%/70.82% | Time: fit=015s, train=003s, test=001s, total=019s
Epoch 143: Train%/Test% | Accuracy: 84.48%/72.17% | Precision: 85.32%/72.56% | Recall: 86.04%/74.23% | F1: 84.45%/71.78% | Time: fit=015s, train=003s, test=001s, total=019s
Epoch 144: Train%/Test% | Accuracy: 84.24%/72.64% | Precision: 85.09%/72.90% | Recall: 85.80%/74.61% | F1: 84.21%/72.22% | Time: fit=015s, train=003s, test=001s, total=019s
Epoch 145: Train%/Test% | Accuracy: 84.95%/72.17% | Precision: 85.44%/72.05% | Recall: 86.30%/73.70% | F1: 84.91%/71.64% | Time: fit=015s, train=003s, test=001s, total=019s
Epoch 146: Train%/Test% | Accuracy: 85.19%/73.58% | Precision: 85.68%/73.12% | Recall: 86.54%/74.82% | F1: 85.14%/72.97% | Time: fit=015s, train=003s, test=001s, total=019s
Epoch 147: Train%/Test% | Accuracy: 85.31%/73.11% | Precision: 85.88%/72.99% | Recall: 86.72%/74.71% | F1: 85.27%/72.60% | Time: fit=015s, train=003s, test=001s, total=019s
Epoch 148: Train%/Test% | Accuracy: 85.90%/71.70% | Precision: 86.45%/71.46% | Recall: 87.31%/73.06% | F1: 85.86%/71.12% | Time: fit=015s, train=003s, test=001s, total=019s
Epoch 149: Train%/Test% | Accuracy: 85.19%/72.17% | Precision: 85.85%/72.30% | Recall: 86.66%/73.97% | F1: 85.15%/71.71% | Time: fit=015s, train=003s, test=001s, total=019s
Epoch 150: Train%/Test% | Accuracy: 85.66%/72.17% | Precision: 86.21%/72.30% | Recall: 87.07%/73.97% | F1: 85.62%/71.71% | Time: fit=015s, train=003s, test=001s, total=019s
