[nltk_data] Downloading package wordnet to /home/bjorvl16/nltk_data...
[nltk_data]   Package wordnet is already up-to-date!
[nltk_data] Downloading package stopwords to
[nltk_data]     /home/bjorvl16/nltk_data...
[nltk_data]   Package stopwords is already up-to-date!
[*] Load dataset...
[*] Fix malformed data...
[*] Split...
[*] Encoding...
[*] Encoding feature: text... 464
[*] Encoding feature: domain... 34
==============================
Using GPU for training
Dataset: FakeNewsNet-politifact
TMU params: num-clauses=5000, T=50, s=5.0
Epochs: 150
Feature(s): text, domain
max-vocab=15000, max-domain=500, max-tweet=500
====================
Train size: 844
Train classes: 2
Test size: 212
Test classes: 2
Total features: 498
==============================
[*] Training for 150 epochs...
Epoch   1: Train%/Test% | Accuracy: 66.82%/65.09% | Precision: 70.60%/68.24% | Recall: 69.55%/68.91% | F1: 66.72%/65.04% | Time: fit=003s, train=000s, test=000s, total=003s
Epoch   2: Train%/Test% | Accuracy: 73.34%/75.47% | Precision: 74.81%/76.01% | Recall: 75.04%/77.92% | F1: 73.33%/75.15% | Time: fit=002s, train=000s, test=000s, total=003s
Epoch   3: Train%/Test% | Accuracy: 78.67%/76.42% | Precision: 79.28%/76.95% | Recall: 79.95%/78.93% | F1: 78.62%/76.11% | Time: fit=002s, train=000s, test=000s, total=003s
Epoch   4: Train%/Test% | Accuracy: 78.67%/74.53% | Precision: 79.51%/75.36% | Recall: 80.10%/77.17% | F1: 78.64%/74.25% | Time: fit=002s, train=000s, test=000s, total=003s
Epoch   5: Train%/Test% | Accuracy: 78.79%/75.47% | Precision: 79.73%/75.73% | Recall: 80.28%/77.65% | F1: 78.76%/75.10% | Time: fit=002s, train=000s, test=000s, total=003s
Epoch   6: Train%/Test% | Accuracy: 75.12%/73.58% | Precision: 76.81%/75.05% | Recall: 76.96%/76.69% | F1: 75.12%/73.39% | Time: fit=002s, train=000s, test=000s, total=003s
Epoch   7: Train%/Test% | Accuracy: 75.00%/73.11% | Precision: 76.80%/74.41% | Recall: 76.90%/76.05% | F1: 75.00%/72.90% | Time: fit=002s, train=000s, test=000s, total=003s
Epoch   8: Train%/Test% | Accuracy: 73.46%/69.81% | Precision: 76.38%/73.13% | Recall: 75.85%/73.98% | F1: 73.44%/69.77% | Time: fit=002s, train=000s, test=000s, total=003s
Epoch   9: Train%/Test% | Accuracy: 75.00%/73.11% | Precision: 77.47%/75.49% | Recall: 77.21%/76.86% | F1: 75.00%/73.01% | Time: fit=002s, train=000s, test=000s, total=003s
Epoch  10: Train%/Test% | Accuracy: 73.22%/66.98% | Precision: 76.32%/70.61% | Recall: 75.68%/71.20% | F1: 73.20%/66.95% | Time: fit=002s, train=000s, test=000s, total=003s
Epoch  11: Train%/Test% | Accuracy: 74.17%/70.75% | Precision: 77.12%/74.10% | Recall: 76.58%/74.99% | F1: 74.15%/70.71% | Time: fit=002s, train=000s, test=000s, total=003s
Epoch  12: Train%/Test% | Accuracy: 75.59%/70.75% | Precision: 77.95%/73.68% | Recall: 77.76%/74.72% | F1: 75.59%/70.69% | Time: fit=002s, train=000s, test=000s, total=003s
Epoch  13: Train%/Test% | Accuracy: 79.86%/81.13% | Precision: 80.53%/80.15% | Recall: 81.20%/82.13% | F1: 79.81%/80.51% | Time: fit=002s, train=000s, test=000s, total=003s
Epoch  14: Train%/Test% | Accuracy: 75.71%/75.00% | Precision: 77.22%/76.31% | Recall: 77.47%/78.08% | F1: 75.71%/74.80% | Time: fit=002s, train=000s, test=000s, total=003s
Epoch  15: Train%/Test% | Accuracy: 73.70%/71.23% | Precision: 76.92%/74.82% | Recall: 76.21%/75.63% | F1: 73.67%/71.20% | Time: fit=002s, train=000s, test=000s, total=003s
Epoch  16: Train%/Test% | Accuracy: 71.45%/67.92% | Precision: 76.25%/74.11% | Recall: 74.51%/73.56% | F1: 71.31%/67.91% | Time: fit=002s, train=000s, test=000s, total=003s
Epoch  17: Train%/Test% | Accuracy: 74.29%/73.11% | Precision: 77.40%/75.90% | Recall: 76.76%/77.12% | F1: 74.27%/73.04% | Time: fit=002s, train=000s, test=000s, total=003s
Epoch  18: Train%/Test% | Accuracy: 72.75%/70.75% | Precision: 76.66%/74.10% | Recall: 75.51%/74.99% | F1: 72.68%/70.71% | Time: fit=002s, train=000s, test=000s, total=003s
Epoch  19: Train%/Test% | Accuracy: 77.49%/72.64% | Precision: 79.73%/74.82% | Recall: 79.63%/76.22% | F1: 77.49%/72.52% | Time: fit=002s, train=000s, test=000s, total=003s
Epoch  20: Train%/Test% | Accuracy: 78.08%/74.53% | Precision: 80.03%/76.01% | Recall: 80.10%/77.71% | F1: 78.08%/74.34% | Time: fit=002s, train=000s, test=000s, total=003s
Epoch  21: Train%/Test% | Accuracy: 82.35%/81.13% | Precision: 82.10%/80.15% | Recall: 82.91%/82.13% | F1: 82.17%/80.51% | Time: fit=002s, train=000s, test=000s, total=003s
Epoch  22: Train%/Test% | Accuracy: 78.44%/73.58% | Precision: 80.03%/75.78% | Recall: 80.29%/77.23% | F1: 78.43%/73.47% | Time: fit=002s, train=000s, test=000s, total=003s
Epoch  23: Train%/Test% | Accuracy: 80.21%/77.36% | Precision: 80.97%/78.20% | Recall: 81.63%/80.21% | F1: 80.18%/77.11% | Time: fit=002s, train=000s, test=000s, total=003s
Epoch  24: Train%/Test% | Accuracy: 80.21%/77.83% | Precision: 80.69%/78.52% | Recall: 81.43%/80.59% | F1: 80.15%/77.57% | Time: fit=002s, train=000s, test=000s, total=003s
Epoch  25: Train%/Test% | Accuracy: 78.55%/76.42% | Precision: 78.93%/76.95% | Recall: 79.65%/78.93% | F1: 78.48%/76.11% | Time: fit=002s, train=000s, test=000s, total=003s
Epoch  26: Train%/Test% | Accuracy: 79.50%/76.89% | Precision: 79.98%/77.28% | Recall: 80.70%/79.31% | F1: 79.44%/76.56% | Time: fit=002s, train=000s, test=000s, total=003s
Epoch  27: Train%/Test% | Accuracy: 79.27%/77.83% | Precision: 79.85%/78.23% | Recall: 80.54%/80.32% | F1: 79.21%/77.52% | Time: fit=002s, train=000s, test=000s, total=003s
Epoch  28: Train%/Test% | Accuracy: 78.55%/75.00% | Precision: 79.62%/75.99% | Recall: 80.12%/77.81% | F1: 78.53%/74.75% | Time: fit=002s, train=000s, test=000s, total=003s
Epoch  29: Train%/Test% | Accuracy: 74.29%/73.58% | Precision: 76.48%/75.78% | Recall: 76.37%/77.23% | F1: 74.29%/73.47% | Time: fit=002s, train=000s, test=000s, total=003s
Epoch  30: Train%/Test% | Accuracy: 76.90%/75.00% | Precision: 78.90%/77.03% | Recall: 78.93%/78.62% | F1: 76.90%/74.87% | Time: fit=002s, train=000s, test=000s, total=003s
Epoch  31: Train%/Test% | Accuracy: 76.54%/73.11% | Precision: 79.40%/76.33% | Recall: 78.93%/77.39% | F1: 76.53%/73.06% | Time: fit=002s, train=000s, test=000s, total=003s
Epoch  32: Train%/Test% | Accuracy: 78.08%/74.06% | Precision: 80.48%/76.46% | Recall: 80.30%/77.87% | F1: 78.08%/73.96% | Time: fit=002s, train=000s, test=000s, total=003s
Epoch  33: Train%/Test% | Accuracy: 79.86%/76.89% | Precision: 80.77%/77.57% | Recall: 81.36%/79.57% | F1: 79.83%/76.61% | Time: fit=002s, train=000s, test=000s, total=003s
Epoch  34: Train%/Test% | Accuracy: 79.62%/76.89% | Precision: 80.41%/77.88% | Recall: 81.04%/79.84% | F1: 79.58%/76.66% | Time: fit=002s, train=000s, test=000s, total=003s
Epoch  35: Train%/Test% | Accuracy: 78.79%/73.58% | Precision: 79.60%/75.78% | Recall: 80.21%/77.23% | F1: 78.75%/73.47% | Time: fit=002s, train=000s, test=000s, total=003s
Epoch  36: Train%/Test% | Accuracy: 82.11%/81.60% | Precision: 81.66%/80.34% | Recall: 82.28%/81.97% | F1: 81.84%/80.81% | Time: fit=002s, train=000s, test=000s, total=003s
Epoch  37: Train%/Test% | Accuracy: 81.04%/79.72% | Precision: 80.84%/78.80% | Recall: 81.63%/80.74% | F1: 80.87%/79.08% | Time: fit=002s, train=000s, test=000s, total=003s
Epoch  38: Train%/Test% | Accuracy: 82.23%/82.55% | Precision: 81.85%/81.31% | Recall: 82.58%/82.98% | F1: 82.00%/81.80% | Time: fit=002s, train=000s, test=000s, total=003s
Epoch  39: Train%/Test% | Accuracy: 82.35%/82.08% | Precision: 81.86%/80.72% | Recall: 82.40%/82.07% | F1: 82.05%/81.19% | Time: fit=002s, train=000s, test=000s, total=003s
Epoch  40: Train%/Test% | Accuracy: 77.25%/73.58% | Precision: 78.47%/76.17% | Recall: 78.88%/77.50% | F1: 77.24%/73.50% | Time: fit=002s, train=000s, test=000s, total=003s
Epoch  41: Train%/Test% | Accuracy: 78.20%/75.47% | Precision: 79.10%/77.32% | Recall: 79.66%/78.99% | F1: 78.17%/75.33% | Time: fit=002s, train=000s, test=000s, total=003s
Epoch  42: Train%/Test% | Accuracy: 81.75%/79.25% | Precision: 81.87%/79.25% | Recall: 82.72%/81.44% | F1: 81.65%/78.88% | Time: fit=002s, train=000s, test=000s, total=003s
Epoch  43: Train%/Test% | Accuracy: 77.01%/73.11% | Precision: 78.37%/75.49% | Recall: 78.71%/76.86% | F1: 77.00%/73.01% | Time: fit=002s, train=000s, test=000s, total=003s
Epoch  44: Train%/Test% | Accuracy: 77.13%/73.58% | Precision: 78.52%/76.17% | Recall: 78.86%/77.50% | F1: 77.12%/73.50% | Time: fit=002s, train=000s, test=000s, total=003s
Epoch  45: Train%/Test% | Accuracy: 78.55%/75.00% | Precision: 79.55%/77.03% | Recall: 80.08%/78.62% | F1: 78.53%/74.87% | Time: fit=002s, train=000s, test=000s, total=003s
Epoch  46: Train%/Test% | Accuracy: 77.01%/73.11% | Precision: 78.66%/75.90% | Recall: 78.87%/77.12% | F1: 77.01%/73.04% | Time: fit=002s, train=000s, test=000s, total=003s
Epoch  47: Train%/Test% | Accuracy: 75.83%/73.11% | Precision: 77.93%/75.90% | Recall: 77.89%/77.12% | F1: 75.83%/73.04% | Time: fit=002s, train=000s, test=000s, total=003s
Epoch  48: Train%/Test% | Accuracy: 75.24%/72.17% | Precision: 78.00%/75.80% | Recall: 77.58%/76.65% | F1: 75.23%/72.14% | Time: fit=002s, train=000s, test=000s, total=003s
Epoch  49: Train%/Test% | Accuracy: 78.79%/72.64% | Precision: 79.92%/75.62% | Recall: 80.40%/76.75% | F1: 78.77%/72.58% | Time: fit=002s, train=000s, test=000s, total=003s
Epoch  50: Train%/Test% | Accuracy: 82.82%/82.55% | Precision: 82.52%/81.31% | Recall: 83.32%/82.98% | F1: 82.64%/81.80% | Time: fit=002s, train=000s, test=000s, total=003s
Epoch  51: Train%/Test% | Accuracy: 78.55%/75.47% | Precision: 79.68%/76.96% | Recall: 80.16%/78.72% | F1: 78.54%/75.29% | Time: fit=002s, train=000s, test=000s, total=003s
Epoch  52: Train%/Test% | Accuracy: 78.67%/76.89% | Precision: 79.51%/78.21% | Recall: 80.10%/80.11% | F1: 78.64%/76.70% | Time: fit=002s, train=000s, test=000s, total=003s
Epoch  53: Train%/Test% | Accuracy: 77.96%/74.06% | Precision: 78.99%/75.70% | Recall: 79.49%/77.33% | F1: 77.94%/73.89% | Time: fit=002s, train=000s, test=000s, total=003s
Epoch  54: Train%/Test% | Accuracy: 83.41%/79.72% | Precision: 83.21%/79.16% | Recall: 84.07%/81.28% | F1: 83.26%/79.21% | Time: fit=002s, train=000s, test=000s, total=003s
Epoch  55: Train%/Test% | Accuracy: 82.23%/80.66% | Precision: 82.12%/80.10% | Recall: 82.97%/82.29% | F1: 82.09%/80.18% | Time: fit=002s, train=000s, test=000s, total=003s
Epoch  56: Train%/Test% | Accuracy: 78.67%/76.42% | Precision: 79.23%/77.57% | Recall: 79.91%/79.47% | F1: 78.61%/76.20% | Time: fit=002s, train=000s, test=000s, total=003s
Epoch  57: Train%/Test% | Accuracy: 77.25%/75.00% | Precision: 78.47%/77.03% | Recall: 78.88%/78.62% | F1: 77.24%/74.87% | Time: fit=002s, train=000s, test=000s, total=003s
Epoch  58: Train%/Test% | Accuracy: 76.54%/73.58% | Precision: 77.96%/76.17% | Recall: 78.27%/77.50% | F1: 76.53%/73.50% | Time: fit=002s, train=000s, test=000s, total=003s
Epoch  59: Train%/Test% | Accuracy: 77.73%/74.53% | Precision: 78.75%/76.01% | Recall: 79.25%/77.71% | F1: 77.70%/74.34% | Time: fit=002s, train=000s, test=000s, total=003s
Epoch  60: Train%/Test% | Accuracy: 78.44%/75.94% | Precision: 79.28%/76.93% | Recall: 79.86%/78.83% | F1: 78.40%/75.71% | Time: fit=002s, train=000s, test=000s, total=003s
Epoch  61: Train%/Test% | Accuracy: 78.08%/76.89% | Precision: 79.07%/78.21% | Recall: 79.59%/80.11% | F1: 78.05%/76.70% | Time: fit=002s, train=000s, test=000s, total=003s
Epoch  62: Train%/Test% | Accuracy: 77.84%/75.94% | Precision: 79.17%/77.61% | Recall: 79.55%/79.36% | F1: 77.83%/75.79% | Time: fit=002s, train=000s, test=000s, total=003s
Epoch  63: Train%/Test% | Accuracy: 74.05%/69.81% | Precision: 77.15%/74.03% | Recall: 76.52%/74.51% | F1: 74.03%/69.80% | Time: fit=002s, train=000s, test=000s, total=003s
Epoch  64: Train%/Test% | Accuracy: 75.24%/72.17% | Precision: 78.00%/74.93% | Recall: 77.58%/76.11% | F1: 75.23%/72.09% | Time: fit=002s, train=000s, test=000s, total=003s
Epoch  65: Train%/Test% | Accuracy: 76.54%/73.58% | Precision: 78.50%/75.78% | Recall: 78.54%/77.23% | F1: 76.54%/73.47% | Time: fit=002s, train=000s, test=000s, total=003s
Epoch  66: Train%/Test% | Accuracy: 77.25%/73.58% | Precision: 79.48%/75.78% | Recall: 79.39%/77.23% | F1: 77.25%/73.47% | Time: fit=002s, train=000s, test=000s, total=003s
Epoch  67: Train%/Test% | Accuracy: 76.30%/72.64% | Precision: 78.78%/75.21% | Recall: 78.53%/76.48% | F1: 76.30%/72.55% | Time: fit=002s, train=000s, test=000s, total=003s
Epoch  68: Train%/Test% | Accuracy: 75.36%/73.11% | Precision: 77.88%/75.90% | Recall: 77.60%/77.12% | F1: 75.35%/73.04% | Time: fit=002s, train=000s, test=000s, total=003s
Epoch  69: Train%/Test% | Accuracy: 82.23%/83.02% | Precision: 82.00%/81.75% | Recall: 82.81%/83.35% | F1: 82.06%/82.25% | Time: fit=002s, train=000s, test=000s, total=003s
Epoch  70: Train%/Test% | Accuracy: 82.11%/82.08% | Precision: 81.86%/80.87% | Recall: 82.67%/82.61% | F1: 81.93%/81.34% | Time: fit=002s, train=000s, test=000s, total=003s
Epoch  71: Train%/Test% | Accuracy: 80.69%/81.60% | Precision: 80.15%/80.17% | Recall: 80.35%/81.16% | F1: 80.24%/80.57% | Time: fit=002s, train=000s, test=000s, total=003s
Epoch  72: Train%/Test% | Accuracy: 80.45%/80.66% | Precision: 79.97%/79.23% | Recall: 80.54%/80.42% | F1: 80.14%/79.66% | Time: fit=002s, train=000s, test=000s, total=003s
Epoch  73: Train%/Test% | Accuracy: 81.16%/82.08% | Precision: 80.74%/80.72% | Recall: 81.38%/82.07% | F1: 80.90%/81.19% | Time: fit=002s, train=000s, test=000s, total=003s
Epoch  74: Train%/Test% | Accuracy: 80.69%/82.55% | Precision: 80.24%/81.18% | Recall: 80.86%/82.44% | F1: 80.41%/81.65% | Time: fit=002s, train=000s, test=000s, total=003s
Epoch  75: Train%/Test% | Accuracy: 82.11%/83.02% | Precision: 81.62%/81.65% | Recall: 82.12%/82.82% | F1: 81.79%/82.10% | Time: fit=002s, train=000s, test=000s, total=003s
Epoch  76: Train%/Test% | Accuracy: 81.52%/83.02% | Precision: 81.04%/81.69% | Recall: 81.61%/83.08% | F1: 81.22%/82.18% | Time: fit=002s, train=000s, test=000s, total=003s
Epoch  77: Train%/Test% | Accuracy: 81.64%/83.02% | Precision: 81.17%/81.69% | Recall: 81.75%/83.08% | F1: 81.35%/82.18% | Time: fit=002s, train=000s, test=000s, total=003s
Epoch  78: Train%/Test% | Accuracy: 82.70%/83.96% | Precision: 82.20%/82.63% | Recall: 82.63%/83.83% | F1: 82.37%/83.10% | Time: fit=002s, train=000s, test=000s, total=003s
Epoch  79: Train%/Test% | Accuracy: 82.82%/83.02% | Precision: 82.35%/81.69% | Recall: 82.42%/82.01% | F1: 82.38%/81.84% | Time: fit=002s, train=000s, test=000s, total=003s
Epoch  80: Train%/Test% | Accuracy: 82.82%/83.96% | Precision: 82.34%/82.65% | Recall: 82.46%/83.30% | F1: 82.40%/82.94% | Time: fit=002s, train=000s, test=000s, total=003s
Epoch  81: Train%/Test% | Accuracy: 83.18%/84.43% | Precision: 82.69%/83.13% | Recall: 82.92%/83.94% | F1: 82.79%/83.48% | Time: fit=002s, train=000s, test=000s, total=003s
Epoch  82: Train%/Test% | Accuracy: 83.18%/84.91% | Precision: 82.71%/83.61% | Recall: 82.81%/84.58% | F1: 82.75%/84.02% | Time: fit=002s, train=000s, test=000s, total=003s
Epoch  83: Train%/Test% | Accuracy: 83.29%/82.55% | Precision: 82.86%/81.65% | Recall: 83.53%/83.78% | F1: 83.05%/82.00% | Time: fit=002s, train=000s, test=000s, total=003s
Epoch  84: Train%/Test% | Accuracy: 83.18%/81.60% | Precision: 82.82%/80.87% | Recall: 83.59%/83.04% | F1: 82.97%/81.09% | Time: fit=002s, train=000s, test=000s, total=003s
Epoch  85: Train%/Test% | Accuracy: 83.41%/82.08% | Precision: 83.18%/81.26% | Recall: 84.03%/83.41% | F1: 83.25%/81.54% | Time: fit=002s, train=000s, test=000s, total=003s
Epoch  86: Train%/Test% | Accuracy: 82.23%/80.66% | Precision: 82.05%/80.10% | Recall: 82.89%/82.29% | F1: 82.07%/80.18% | Time: fit=002s, train=000s, test=000s, total=003s
Epoch  87: Train%/Test% | Accuracy: 83.41%/83.96% | Precision: 82.93%/82.63% | Recall: 83.17%/83.83% | F1: 83.03%/83.10% | Time: fit=002s, train=000s, test=000s, total=003s
Epoch  88: Train%/Test% | Accuracy: 83.06%/84.43% | Precision: 82.56%/83.12% | Recall: 82.90%/84.20% | F1: 82.70%/83.56% | Time: fit=002s, train=000s, test=000s, total=003s
Epoch  89: Train%/Test% | Accuracy: 83.29%/83.96% | Precision: 82.80%/82.65% | Recall: 83.06%/83.30% | F1: 82.92%/82.94% | Time: fit=002s, train=000s, test=000s, total=003s
Epoch  90: Train%/Test% | Accuracy: 82.82%/83.96% | Precision: 82.42%/82.71% | Recall: 83.13%/84.37% | F1: 82.59%/83.24% | Time: fit=002s, train=000s, test=000s, total=003s
Epoch  91: Train%/Test% | Accuracy: 81.04%/80.19% | Precision: 81.12%/79.73% | Recall: 81.95%/81.92% | F1: 80.93%/79.73% | Time: fit=002s, train=000s, test=000s, total=003s
Epoch  92: Train%/Test% | Accuracy: 76.18%/76.42% | Precision: 77.42%/77.57% | Recall: 77.80%/79.47% | F1: 76.17%/76.20% | Time: fit=002s, train=000s, test=000s, total=003s
Epoch  93: Train%/Test% | Accuracy: 80.69%/78.77% | Precision: 80.75%/78.65% | Recall: 81.56%/80.80% | F1: 80.57%/78.37% | Time: fit=002s, train=000s, test=000s, total=003s
Epoch  94: Train%/Test% | Accuracy: 80.81%/79.72% | Precision: 81.01%/79.60% | Recall: 81.82%/81.81% | F1: 80.71%/79.33% | Time: fit=002s, train=000s, test=000s, total=003s
Epoch  95: Train%/Test% | Accuracy: 83.65%/81.60% | Precision: 83.42%/80.56% | Recall: 84.27%/82.50% | F1: 83.49%/80.96% | Time: fit=002s, train=000s, test=000s, total=003s
Epoch  96: Train%/Test% | Accuracy: 78.91%/76.42% | Precision: 79.88%/76.95% | Recall: 80.43%/78.93% | F1: 78.88%/76.11% | Time: fit=002s, train=000s, test=000s, total=003s
Epoch  97: Train%/Test% | Accuracy: 79.38%/76.89% | Precision: 80.17%/77.57% | Recall: 80.79%/79.57% | F1: 79.35%/76.61% | Time: fit=002s, train=000s, test=000s, total=003s
Epoch  98: Train%/Test% | Accuracy: 77.25%/76.89% | Precision: 78.54%/77.88% | Recall: 78.92%/79.84% | F1: 77.24%/76.66% | Time: fit=002s, train=000s, test=000s, total=003s
Epoch  99: Train%/Test% | Accuracy: 78.67%/77.36% | Precision: 79.51%/77.90% | Recall: 80.10%/79.95% | F1: 78.64%/77.06% | Time: fit=002s, train=000s, test=000s, total=003s
Epoch 100: Train%/Test% | Accuracy: 79.62%/77.83% | Precision: 80.23%/78.23% | Recall: 80.92%/80.32% | F1: 79.57%/77.52% | Time: fit=002s, train=000s, test=000s, total=003s
Epoch 101: Train%/Test% | Accuracy: 80.21%/76.42% | Precision: 80.64%/76.95% | Recall: 81.39%/78.93% | F1: 80.15%/76.11% | Time: fit=002s, train=000s, test=000s, total=003s
Epoch 102: Train%/Test% | Accuracy: 80.45%/75.94% | Precision: 81.04%/76.63% | Recall: 81.75%/78.56% | F1: 80.40%/75.66% | Time: fit=002s, train=000s, test=000s, total=003s
Epoch 103: Train%/Test% | Accuracy: 79.62%/76.42% | Precision: 80.18%/77.57% | Recall: 80.88%/79.47% | F1: 79.57%/76.20% | Time: fit=002s, train=000s, test=000s, total=003s
Epoch 104: Train%/Test% | Accuracy: 78.67%/75.47% | Precision: 79.45%/76.62% | Recall: 80.06%/78.45% | F1: 78.63%/75.25% | Time: fit=002s, train=000s, test=000s, total=003s
Epoch 105: Train%/Test% | Accuracy: 79.62%/75.47% | Precision: 80.18%/76.30% | Recall: 80.88%/78.19% | F1: 79.57%/75.20% | Time: fit=002s, train=000s, test=000s, total=003s
Epoch 106: Train%/Test% | Accuracy: 77.01%/73.11% | Precision: 78.51%/75.11% | Recall: 78.79%/76.59% | F1: 77.01%/72.98% | Time: fit=002s, train=000s, test=000s, total=003s
Epoch 107: Train%/Test% | Accuracy: 76.30%/73.11% | Precision: 77.94%/75.90% | Recall: 78.14%/77.12% | F1: 76.30%/73.04% | Time: fit=002s, train=000s, test=000s, total=003s
Epoch 108: Train%/Test% | Accuracy: 80.57%/76.42% | Precision: 81.13%/77.57% | Recall: 81.85%/79.47% | F1: 80.52%/76.20% | Time: fit=002s, train=000s, test=000s, total=003s
Epoch 109: Train%/Test% | Accuracy: 81.64%/77.36% | Precision: 81.91%/77.90% | Recall: 82.73%/79.95% | F1: 81.56%/77.06% | Time: fit=002s, train=000s, test=000s, total=003s
Epoch 110: Train%/Test% | Accuracy: 83.77%/81.60% | Precision: 83.55%/80.56% | Recall: 84.41%/82.50% | F1: 83.62%/80.96% | Time: fit=002s, train=000s, test=000s, total=003s
Epoch 111: Train%/Test% | Accuracy: 83.18%/83.96% | Precision: 83.18%/82.79% | Recall: 84.06%/84.63% | F1: 83.07%/83.31% | Time: fit=002s, train=000s, test=000s, total=003s
Epoch 112: Train%/Test% | Accuracy: 78.32%/75.47% | Precision: 79.65%/76.62% | Recall: 80.03%/78.45% | F1: 78.31%/75.25% | Time: fit=002s, train=000s, test=000s, total=003s
Epoch 113: Train%/Test% | Accuracy: 79.27%/76.89% | Precision: 79.90%/77.01% | Recall: 80.57%/79.04% | F1: 79.22%/76.51% | Time: fit=002s, train=000s, test=000s, total=003s
Epoch 114: Train%/Test% | Accuracy: 83.77%/81.60% | Precision: 83.47%/80.44% | Recall: 84.30%/82.23% | F1: 83.59%/80.89% | Time: fit=002s, train=000s, test=000s, total=003s
Epoch 115: Train%/Test% | Accuracy: 83.53%/81.60% | Precision: 83.13%/80.44% | Recall: 83.86%/82.23% | F1: 83.31%/80.89% | Time: fit=002s, train=000s, test=000s, total=003s
Epoch 116: Train%/Test% | Accuracy: 84.36%/81.13% | Precision: 84.08%/80.15% | Recall: 84.92%/82.13% | F1: 84.20%/80.51% | Time: fit=002s, train=000s, test=000s, total=003s
Epoch 117: Train%/Test% | Accuracy: 84.36%/82.55% | Precision: 84.01%/81.52% | Recall: 84.81%/83.52% | F1: 84.17%/81.94% | Time: fit=002s, train=000s, test=000s, total=003s
Epoch 118: Train%/Test% | Accuracy: 83.65%/82.08% | Precision: 83.37%/81.11% | Recall: 84.19%/83.14% | F1: 83.48%/81.48% | Time: fit=002s, train=000s, test=000s, total=003s
Epoch 119: Train%/Test% | Accuracy: 82.35%/83.02% | Precision: 82.00%/81.93% | Recall: 82.76%/83.89% | F1: 82.14%/82.39% | Time: fit=002s, train=000s, test=000s, total=003s
Epoch 120: Train%/Test% | Accuracy: 82.35%/83.49% | Precision: 82.07%/82.36% | Recall: 82.88%/84.26% | F1: 82.17%/82.85% | Time: fit=002s, train=000s, test=000s, total=003s
Epoch 121: Train%/Test% | Accuracy: 83.18%/83.02% | Precision: 82.89%/81.93% | Recall: 83.71%/83.89% | F1: 83.00%/82.39% | Time: fit=002s, train=000s, test=000s, total=003s
Epoch 122: Train%/Test% | Accuracy: 83.18%/83.02% | Precision: 82.89%/81.93% | Recall: 83.71%/83.89% | F1: 83.00%/82.39% | Time: fit=002s, train=000s, test=000s, total=003s
Epoch 123: Train%/Test% | Accuracy: 84.48%/82.55% | Precision: 84.16%/81.52% | Recall: 84.99%/83.52% | F1: 84.30%/81.94% | Time: fit=002s, train=000s, test=000s, total=003s
Epoch 124: Train%/Test% | Accuracy: 80.69%/78.30% | Precision: 81.27%/78.56% | Recall: 82.00%/80.69% | F1: 80.64%/77.97% | Time: fit=002s, train=000s, test=000s, total=003s
Epoch 125: Train%/Test% | Accuracy: 80.09%/78.30% | Precision: 80.76%/78.56% | Recall: 81.45%/80.69% | F1: 80.05%/77.97% | Time: fit=002s, train=000s, test=000s, total=003s
Epoch 126: Train%/Test% | Accuracy: 80.21%/78.77% | Precision: 80.80%/79.17% | Recall: 81.51%/81.33% | F1: 80.16%/78.47% | Time: fit=002s, train=000s, test=000s, total=003s
Epoch 127: Train%/Test% | Accuracy: 82.82%/82.55% | Precision: 82.70%/81.81% | Recall: 83.56%/84.05% | F1: 82.68%/82.06% | Time: fit=002s, train=000s, test=000s, total=003s
Epoch 128: Train%/Test% | Accuracy: 82.82%/84.91% | Precision: 82.37%/83.63% | Recall: 83.01%/85.11% | F1: 82.56%/84.16% | Time: fit=002s, train=000s, test=000s, total=003s
Epoch 129: Train%/Test% | Accuracy: 82.94%/84.91% | Precision: 82.51%/83.63% | Recall: 83.19%/85.11% | F1: 82.70%/84.16% | Time: fit=002s, train=000s, test=000s, total=003s
Epoch 130: Train%/Test% | Accuracy: 82.70%/79.25% | Precision: 82.87%/79.50% | Recall: 83.73%/81.71% | F1: 82.61%/78.93% | Time: fit=002s, train=000s, test=000s, total=003s
Epoch 131: Train%/Test% | Accuracy: 77.84%/74.53% | Precision: 79.10%/76.36% | Recall: 79.51%/77.98% | F1: 77.83%/74.38% | Time: fit=002s, train=000s, test=000s, total=003s
Epoch 132: Train%/Test% | Accuracy: 80.09%/75.94% | Precision: 80.76%/76.93% | Recall: 81.45%/78.83% | F1: 80.05%/75.71% | Time: fit=002s, train=000s, test=000s, total=003s
Epoch 133: Train%/Test% | Accuracy: 78.08%/75.94% | Precision: 79.14%/76.93% | Recall: 79.63%/78.83% | F1: 78.06%/75.71% | Time: fit=002s, train=000s, test=000s, total=003s
Epoch 134: Train%/Test% | Accuracy: 78.32%/76.42% | Precision: 79.58%/77.57% | Recall: 79.99%/79.47% | F1: 78.30%/76.20% | Time: fit=002s, train=000s, test=000s, total=003s
Epoch 135: Train%/Test% | Accuracy: 77.73%/75.94% | Precision: 78.62%/76.93% | Recall: 79.17%/78.83% | F1: 77.69%/75.71% | Time: fit=002s, train=000s, test=000s, total=003s
Epoch 136: Train%/Test% | Accuracy: 78.08%/75.94% | Precision: 79.27%/76.93% | Recall: 79.71%/78.83% | F1: 78.06%/75.71% | Time: fit=002s, train=000s, test=000s, total=003s
Epoch 137: Train%/Test% | Accuracy: 78.79%/75.94% | Precision: 79.66%/76.93% | Recall: 80.25%/78.83% | F1: 78.76%/75.71% | Time: fit=002s, train=000s, test=000s, total=003s
Epoch 138: Train%/Test% | Accuracy: 78.20%/75.47% | Precision: 79.29%/76.62% | Recall: 79.77%/78.45% | F1: 78.18%/75.25% | Time: fit=002s, train=000s, test=000s, total=003s
Epoch 139: Train%/Test% | Accuracy: 77.61%/75.00% | Precision: 78.29%/75.68% | Recall: 78.91%/77.54% | F1: 77.56%/74.70% | Time: fit=002s, train=000s, test=000s, total=003s
Epoch 140: Train%/Test% | Accuracy: 76.66%/73.58% | Precision: 77.58%/74.72% | Recall: 78.09%/76.43% | F1: 76.63%/73.35% | Time: fit=002s, train=000s, test=000s, total=003s
Epoch 141: Train%/Test% | Accuracy: 79.27%/75.00% | Precision: 79.64%/75.39% | Recall: 80.38%/77.28% | F1: 79.19%/74.65% | Time: fit=002s, train=000s, test=000s, total=003s
Epoch 142: Train%/Test% | Accuracy: 78.79%/75.94% | Precision: 79.48%/76.93% | Recall: 80.13%/78.83% | F1: 78.75%/75.71% | Time: fit=002s, train=000s, test=000s, total=003s
Epoch 143: Train%/Test% | Accuracy: 78.91%/75.47% | Precision: 79.88%/76.30% | Recall: 80.43%/78.19% | F1: 78.88%/75.20% | Time: fit=002s, train=000s, test=000s, total=003s
Epoch 144: Train%/Test% | Accuracy: 76.90%/74.53% | Precision: 78.58%/76.36% | Recall: 78.77%/77.98% | F1: 76.89%/74.38% | Time: fit=002s, train=000s, test=000s, total=003s
Epoch 145: Train%/Test% | Accuracy: 79.62%/76.89% | Precision: 80.02%/77.28% | Recall: 80.76%/79.31% | F1: 79.55%/76.56% | Time: fit=002s, train=000s, test=000s, total=003s
Epoch 146: Train%/Test% | Accuracy: 78.67%/77.36% | Precision: 79.45%/78.20% | Recall: 80.06%/80.21% | F1: 78.63%/77.11% | Time: fit=002s, train=000s, test=000s, total=003s
Epoch 147: Train%/Test% | Accuracy: 81.52%/80.19% | Precision: 81.60%/79.95% | Recall: 82.44%/82.19% | F1: 81.41%/79.78% | Time: fit=002s, train=000s, test=000s, total=003s
Epoch 148: Train%/Test% | Accuracy: 80.69%/78.30% | Precision: 81.06%/78.84% | Recall: 81.84%/80.96% | F1: 80.62%/78.02% | Time: fit=002s, train=000s, test=000s, total=003s
Epoch 149: Train%/Test% | Accuracy: 83.41%/82.08% | Precision: 83.10%/81.11% | Recall: 83.91%/83.14% | F1: 83.23%/81.48% | Time: fit=002s, train=000s, test=000s, total=003s
Epoch 150: Train%/Test% | Accuracy: 78.67%/73.58% | Precision: 79.45%/75.41% | Recall: 80.06%/76.96% | F1: 78.63%/73.43% | Time: fit=002s, train=000s, test=000s, total=003s
