[nltk_data] Downloading package wordnet to /home/bjorvl16/nltk_data...
[nltk_data]   Package wordnet is already up-to-date!
[nltk_data] Downloading package stopwords to
[nltk_data]     /home/bjorvl16/nltk_data...
[nltk_data]   Package stopwords is already up-to-date!
[*] Load dataset...
[*] Fix malformed data...
[*] Split...
[*] Encoding...
[*] Encoding feature: domain... 34
==============================
Using GPU for training
Dataset: FakeNewsNet-politifact
TMU params: num-clauses=5000, T=250, s=10.0
Epochs: 150
Feature(s): domain
max-vocab=15000, max-domain=500, max-tweet=500
====================
Train size: 844
Train classes: 2
Test size: 212
Test classes: 2
Total features: 34
==============================
[*] Training for 150 epochs...
Epoch   1: Train%/Test% | Accuracy: 77.37%/81.13% | Precision: 76.78%/79.75% | Recall: 76.67%/81.06% | F1: 76.72%/80.20% | Time: fit=003s, train=000s, test=000s, total=003s
Epoch   2: Train%/Test% | Accuracy: 78.55%/81.13% | Precision: 78.11%/79.68% | Recall: 77.57%/79.98% | F1: 77.79%/79.82% | Time: fit=001s, train=000s, test=000s, total=002s
Epoch   3: Train%/Test% | Accuracy: 73.34%/72.64% | Precision: 75.84%/76.53% | Recall: 75.55%/77.29% | F1: 73.33%/72.62% | Time: fit=002s, train=000s, test=000s, total=003s
Epoch   4: Train%/Test% | Accuracy: 78.08%/80.19% | Precision: 77.49%/78.78% | Recall: 77.52%/80.04% | F1: 77.51%/79.21% | Time: fit=002s, train=000s, test=000s, total=003s
Epoch   5: Train%/Test% | Accuracy: 79.27%/82.08% | Precision: 79.06%/80.68% | Recall: 77.99%/81.00% | F1: 78.36%/80.83% | Time: fit=002s, train=000s, test=000s, total=003s
Epoch   6: Train%/Test% | Accuracy: 79.98%/81.13% | Precision: 80.01%/79.68% | Recall: 78.52%/79.98% | F1: 78.99%/79.82% | Time: fit=002s, train=000s, test=000s, total=003s
Epoch   7: Train%/Test% | Accuracy: 79.86%/81.13% | Precision: 80.48%/79.87% | Recall: 77.95%/79.18% | F1: 78.58%/79.49% | Time: fit=002s, train=000s, test=000s, total=003s
Epoch   8: Train%/Test% | Accuracy: 80.92%/81.13% | Precision: 81.18%/79.72% | Recall: 79.38%/79.72% | F1: 79.92%/79.72% | Time: fit=002s, train=000s, test=000s, total=003s
Epoch   9: Train%/Test% | Accuracy: 81.04%/80.66% | Precision: 81.39%/79.19% | Recall: 79.44%/79.34% | F1: 80.01%/79.26% | Time: fit=002s, train=000s, test=000s, total=003s
Epoch  10: Train%/Test% | Accuracy: 80.45%/81.13% | Precision: 80.40%/79.68% | Recall: 79.13%/79.98% | F1: 79.55%/79.82% | Time: fit=002s, train=000s, test=000s, total=003s
Epoch  11: Train%/Test% | Accuracy: 80.21%/81.13% | Precision: 80.14%/79.68% | Recall: 78.88%/79.98% | F1: 79.30%/79.82% | Time: fit=002s, train=000s, test=000s, total=003s
Epoch  12: Train%/Test% | Accuracy: 82.23%/82.08% | Precision: 82.86%/80.90% | Recall: 80.54%/80.20% | F1: 81.19%/80.51% | Time: fit=002s, train=000s, test=000s, total=003s
Epoch  13: Train%/Test% | Accuracy: 81.40%/82.55% | Precision: 81.92%/81.37% | Recall: 79.71%/80.84% | F1: 80.33%/81.08% | Time: fit=002s, train=000s, test=000s, total=003s
Epoch  14: Train%/Test% | Accuracy: 81.64%/82.55% | Precision: 81.90%/81.27% | Recall: 80.15%/81.10% | F1: 80.69%/81.19% | Time: fit=002s, train=000s, test=000s, total=003s
Epoch  15: Train%/Test% | Accuracy: 81.52%/80.66% | Precision: 81.40%/79.17% | Recall: 80.36%/79.61% | F1: 80.73%/79.37% | Time: fit=002s, train=000s, test=000s, total=003s
Epoch  16: Train%/Test% | Accuracy: 82.46%/81.13% | Precision: 83.33%/79.98% | Recall: 80.66%/78.91% | F1: 81.38%/79.37% | Time: fit=002s, train=000s, test=000s, total=003s
Epoch  17: Train%/Test% | Accuracy: 82.70%/82.08% | Precision: 83.90%/81.19% | Recall: 80.75%/79.66% | F1: 81.54%/80.28% | Time: fit=002s, train=000s, test=000s, total=003s
Epoch  18: Train%/Test% | Accuracy: 83.18%/82.55% | Precision: 84.52%/82.27% | Recall: 81.20%/79.50% | F1: 82.02%/80.48% | Time: fit=002s, train=000s, test=000s, total=003s
Epoch  19: Train%/Test% | Accuracy: 83.06%/83.96% | Precision: 83.75%/83.32% | Recall: 81.41%/81.69% | F1: 82.08%/82.35% | Time: fit=002s, train=000s, test=000s, total=003s
Epoch  20: Train%/Test% | Accuracy: 83.18%/84.43% | Precision: 84.35%/84.20% | Recall: 81.28%/81.79% | F1: 82.07%/82.71% | Time: fit=002s, train=000s, test=000s, total=003s
Epoch  21: Train%/Test% | Accuracy: 83.29%/83.02% | Precision: 84.37%/82.46% | Recall: 81.46%/80.41% | F1: 82.22%/81.20% | Time: fit=002s, train=000s, test=000s, total=003s
Epoch  22: Train%/Test% | Accuracy: 83.29%/83.49% | Precision: 84.88%/83.11% | Recall: 81.22%/80.78% | F1: 82.09%/81.66% | Time: fit=002s, train=000s, test=000s, total=003s
Epoch  23: Train%/Test% | Accuracy: 83.41%/83.02% | Precision: 84.62%/82.46% | Recall: 81.52%/80.41% | F1: 82.32%/81.20% | Time: fit=002s, train=000s, test=000s, total=003s
Epoch  24: Train%/Test% | Accuracy: 83.89%/81.60% | Precision: 84.84%/80.58% | Recall: 82.16%/79.29% | F1: 82.91%/79.82% | Time: fit=002s, train=000s, test=000s, total=003s
Epoch  25: Train%/Test% | Accuracy: 84.24%/82.08% | Precision: 85.05%/81.19% | Recall: 82.63%/79.66% | F1: 83.33%/80.28% | Time: fit=002s, train=000s, test=000s, total=003s
Epoch  26: Train%/Test% | Accuracy: 84.24%/82.08% | Precision: 85.05%/81.19% | Recall: 82.63%/79.66% | F1: 83.33%/80.28% | Time: fit=002s, train=000s, test=000s, total=003s
Epoch  27: Train%/Test% | Accuracy: 83.77%/82.08% | Precision: 84.67%/81.19% | Recall: 82.06%/79.66% | F1: 82.79%/80.28% | Time: fit=002s, train=000s, test=000s, total=003s
Epoch  28: Train%/Test% | Accuracy: 84.24%/82.08% | Precision: 84.92%/81.19% | Recall: 82.70%/79.66% | F1: 83.37%/80.28% | Time: fit=002s, train=000s, test=000s, total=003s
Epoch  29: Train%/Test% | Accuracy: 84.00%/81.60% | Precision: 84.53%/80.44% | Recall: 82.54%/79.55% | F1: 83.16%/79.94% | Time: fit=002s, train=000s, test=000s, total=003s
Epoch  30: Train%/Test% | Accuracy: 84.48%/83.02% | Precision: 85.18%/81.83% | Recall: 82.95%/81.48% | F1: 83.62%/81.65% | Time: fit=002s, train=000s, test=000s, total=003s
Epoch  31: Train%/Test% | Accuracy: 84.36%/82.55% | Precision: 85.08%/81.37% | Recall: 82.81%/80.84% | F1: 83.49%/81.08% | Time: fit=002s, train=000s, test=000s, total=003s
Epoch  32: Train%/Test% | Accuracy: 84.12%/82.08% | Precision: 85.42%/81.03% | Recall: 82.25%/79.93% | F1: 83.08%/80.40% | Time: fit=002s, train=000s, test=000s, total=003s
Epoch  33: Train%/Test% | Accuracy: 84.12%/82.55% | Precision: 85.51%/81.64% | Recall: 82.21%/80.30% | F1: 83.05%/80.86% | Time: fit=002s, train=000s, test=000s, total=003s
Epoch  34: Train%/Test% | Accuracy: 84.83%/83.02% | Precision: 86.14%/82.08% | Recall: 83.02%/80.94% | F1: 83.85%/81.43% | Time: fit=002s, train=000s, test=000s, total=003s
Epoch  35: Train%/Test% | Accuracy: 84.12%/83.49% | Precision: 85.69%/83.11% | Recall: 82.13%/80.78% | F1: 83.01%/81.66% | Time: fit=002s, train=000s, test=000s, total=003s
Epoch  36: Train%/Test% | Accuracy: 84.72%/83.49% | Precision: 85.80%/82.89% | Recall: 82.99%/81.05% | F1: 83.78%/81.78% | Time: fit=002s, train=000s, test=000s, total=003s
Epoch  37: Train%/Test% | Accuracy: 84.83%/82.55% | Precision: 85.67%/81.49% | Recall: 83.25%/80.57% | F1: 83.97%/80.97% | Time: fit=002s, train=000s, test=000s, total=003s
Epoch  38: Train%/Test% | Accuracy: 84.95%/83.02% | Precision: 85.70%/81.94% | Recall: 83.43%/81.21% | F1: 84.12%/81.54% | Time: fit=002s, train=000s, test=000s, total=003s
Epoch  39: Train%/Test% | Accuracy: 84.60%/83.49% | Precision: 85.79%/82.69% | Recall: 82.81%/81.31% | F1: 83.62%/81.89% | Time: fit=002s, train=000s, test=000s, total=003s
Epoch  40: Train%/Test% | Accuracy: 84.95%/83.49% | Precision: 86.49%/82.69% | Recall: 83.04%/81.31% | F1: 83.93%/81.89% | Time: fit=002s, train=000s, test=000s, total=003s
Epoch  41: Train%/Test% | Accuracy: 84.48%/83.96% | Precision: 85.70%/83.13% | Recall: 82.67%/81.96% | F1: 83.49%/82.46% | Time: fit=002s, train=000s, test=000s, total=003s
Epoch  42: Train%/Test% | Accuracy: 84.72%/82.08% | Precision: 85.25%/80.73% | Recall: 83.31%/80.73% | F1: 83.93%/80.73% | Time: fit=002s, train=000s, test=000s, total=003s
Epoch  43: Train%/Test% | Accuracy: 84.36%/81.60% | Precision: 84.83%/80.25% | Recall: 82.96%/80.09% | F1: 83.56%/80.17% | Time: fit=002s, train=000s, test=000s, total=003s
Epoch  44: Train%/Test% | Accuracy: 84.83%/82.55% | Precision: 85.67%/81.37% | Recall: 83.25%/80.84% | F1: 83.97%/81.08% | Time: fit=002s, train=000s, test=000s, total=003s
Epoch  45: Train%/Test% | Accuracy: 84.83%/83.49% | Precision: 85.67%/82.53% | Recall: 83.25%/81.58% | F1: 83.97%/82.00% | Time: fit=002s, train=000s, test=000s, total=003s
Epoch  46: Train%/Test% | Accuracy: 84.83%/83.49% | Precision: 85.67%/82.53% | Recall: 83.25%/81.58% | F1: 83.97%/82.00% | Time: fit=002s, train=000s, test=000s, total=003s
Epoch  47: Train%/Test% | Accuracy: 85.19%/83.49% | Precision: 86.10%/82.53% | Recall: 83.60%/81.58% | F1: 84.34%/82.00% | Time: fit=002s, train=000s, test=000s, total=003s
Epoch  48: Train%/Test% | Accuracy: 84.83%/82.55% | Precision: 85.97%/81.37% | Recall: 83.10%/80.84% | F1: 83.89%/81.08% | Time: fit=002s, train=000s, test=000s, total=003s
Epoch  49: Train%/Test% | Accuracy: 85.43%/83.02% | Precision: 86.68%/82.08% | Recall: 83.69%/80.94% | F1: 84.51%/81.43% | Time: fit=002s, train=000s, test=000s, total=003s
Epoch  50: Train%/Test% | Accuracy: 85.07%/84.43% | Precision: 86.01%/83.75% | Recall: 83.46%/82.33% | F1: 84.20%/82.93% | Time: fit=002s, train=000s, test=000s, total=003s
Epoch  51: Train%/Test% | Accuracy: 85.55%/83.96% | Precision: 86.94%/83.54% | Recall: 83.75%/81.42% | F1: 84.61%/82.24% | Time: fit=002s, train=000s, test=000s, total=003s
Epoch  52: Train%/Test% | Accuracy: 85.19%/83.96% | Precision: 86.17%/83.32% | Recall: 83.56%/81.69% | F1: 84.32%/82.35% | Time: fit=002s, train=000s, test=000s, total=003s
Epoch  53: Train%/Test% | Accuracy: 85.43%/83.96% | Precision: 86.76%/83.54% | Recall: 83.65%/81.42% | F1: 84.49%/82.24% | Time: fit=002s, train=000s, test=000s, total=003s
Epoch  54: Train%/Test% | Accuracy: 86.26%/83.96% | Precision: 88.12%/83.54% | Recall: 84.32%/81.42% | F1: 85.29%/82.24% | Time: fit=002s, train=000s, test=000s, total=003s
Epoch  55: Train%/Test% | Accuracy: 84.95%/84.43% | Precision: 86.78%/83.96% | Recall: 82.92%/82.06% | F1: 83.87%/82.82% | Time: fit=002s, train=000s, test=000s, total=003s
Epoch  56: Train%/Test% | Accuracy: 85.07%/84.43% | Precision: 86.58%/84.20% | Recall: 83.18%/81.79% | F1: 84.07%/82.71% | Time: fit=002s, train=000s, test=000s, total=003s
Epoch  57: Train%/Test% | Accuracy: 85.31%/84.91% | Precision: 86.76%/84.62% | Recall: 83.47%/82.43% | F1: 84.34%/83.29% | Time: fit=002s, train=000s, test=000s, total=003s
Epoch  58: Train%/Test% | Accuracy: 85.66%/84.91% | Precision: 87.11%/84.62% | Recall: 83.85%/82.43% | F1: 84.73%/83.29% | Time: fit=002s, train=000s, test=000s, total=003s
Epoch  59: Train%/Test% | Accuracy: 86.37%/84.91% | Precision: 88.01%/84.62% | Recall: 84.54%/82.43% | F1: 85.47%/83.29% | Time: fit=002s, train=000s, test=000s, total=003s
Epoch  60: Train%/Test% | Accuracy: 85.55%/84.43% | Precision: 86.69%/83.58% | Recall: 83.87%/82.60% | F1: 84.67%/83.03% | Time: fit=002s, train=000s, test=000s, total=003s
Epoch  61: Train%/Test% | Accuracy: 85.66%/83.02% | Precision: 87.21%/82.25% | Recall: 83.81%/80.67% | F1: 84.71%/81.32% | Time: fit=002s, train=000s, test=000s, total=003s
Epoch  62: Train%/Test% | Accuracy: 86.14%/81.60% | Precision: 87.22%/80.58% | Recall: 84.53%/79.29% | F1: 85.32%/79.82% | Time: fit=002s, train=000s, test=000s, total=003s
Epoch  63: Train%/Test% | Accuracy: 85.78%/82.08% | Precision: 86.57%/81.03% | Recall: 84.31%/79.93% | F1: 85.01%/80.40% | Time: fit=002s, train=000s, test=000s, total=003s
Epoch  64: Train%/Test% | Accuracy: 86.02%/82.55% | Precision: 86.98%/81.64% | Recall: 84.47%/80.30% | F1: 85.22%/80.86% | Time: fit=002s, train=000s, test=000s, total=003s
Epoch  65: Train%/Test% | Accuracy: 86.02%/81.60% | Precision: 87.56%/80.74% | Recall: 84.20%/79.02% | F1: 85.10%/79.69% | Time: fit=002s, train=000s, test=000s, total=003s
Epoch  66: Train%/Test% | Accuracy: 86.02%/83.02% | Precision: 87.30%/82.08% | Recall: 84.31%/80.94% | F1: 85.15%/81.43% | Time: fit=002s, train=000s, test=000s, total=003s
Epoch  67: Train%/Test% | Accuracy: 86.14%/83.49% | Precision: 87.22%/82.53% | Recall: 84.53%/81.58% | F1: 85.32%/82.00% | Time: fit=002s, train=000s, test=000s, total=003s
Epoch  68: Train%/Test% | Accuracy: 86.02%/83.49% | Precision: 86.76%/82.40% | Recall: 84.59%/81.85% | F1: 85.27%/82.10% | Time: fit=002s, train=000s, test=000s, total=003s
Epoch  69: Train%/Test% | Accuracy: 86.02%/83.49% | Precision: 86.63%/82.40% | Recall: 84.67%/81.85% | F1: 85.31%/82.10% | Time: fit=002s, train=000s, test=000s, total=003s
Epoch  70: Train%/Test% | Accuracy: 85.78%/83.49% | Precision: 86.44%/82.40% | Recall: 84.38%/81.85% | F1: 85.04%/82.10% | Time: fit=002s, train=000s, test=000s, total=003s
Epoch  71: Train%/Test% | Accuracy: 85.55%/82.55% | Precision: 86.12%/81.27% | Recall: 84.18%/81.10% | F1: 84.81%/81.19% | Time: fit=002s, train=000s, test=000s, total=003s
Epoch  72: Train%/Test% | Accuracy: 85.66%/82.55% | Precision: 86.62%/81.49% | Recall: 84.09%/80.57% | F1: 84.84%/80.97% | Time: fit=002s, train=000s, test=000s, total=003s
Epoch  73: Train%/Test% | Accuracy: 85.66%/82.08% | Precision: 86.70%/81.03% | Recall: 84.05%/79.93% | F1: 84.82%/80.40% | Time: fit=002s, train=000s, test=000s, total=003s
Epoch  74: Train%/Test% | Accuracy: 85.66%/81.60% | Precision: 86.21%/80.20% | Recall: 84.32%/80.36% | F1: 84.94%/80.28% | Time: fit=002s, train=000s, test=000s, total=003s
Epoch  75: Train%/Test% | Accuracy: 85.66%/81.60% | Precision: 86.15%/80.25% | Recall: 84.36%/80.09% | F1: 84.96%/80.17% | Time: fit=002s, train=000s, test=000s, total=003s
Epoch  76: Train%/Test% | Accuracy: 86.14%/83.02% | Precision: 87.30%/82.08% | Recall: 84.49%/80.94% | F1: 85.30%/81.43% | Time: fit=002s, train=000s, test=000s, total=003s
Epoch  77: Train%/Test% | Accuracy: 86.26%/81.60% | Precision: 87.56%/80.34% | Recall: 84.56%/79.82% | F1: 85.40%/80.06% | Time: fit=002s, train=000s, test=000s, total=003s
Epoch  78: Train%/Test% | Accuracy: 86.61%/82.55% | Precision: 88.18%/81.64% | Recall: 84.82%/80.30% | F1: 85.74%/80.86% | Time: fit=002s, train=000s, test=000s, total=003s
Epoch  79: Train%/Test% | Accuracy: 86.73%/83.02% | Precision: 88.18%/82.25% | Recall: 85.00%/80.67% | F1: 85.89%/81.32% | Time: fit=002s, train=000s, test=000s, total=003s
Epoch  80: Train%/Test% | Accuracy: 86.61%/83.02% | Precision: 87.91%/82.08% | Recall: 84.94%/80.94% | F1: 85.79%/81.43% | Time: fit=002s, train=000s, test=000s, total=003s
Epoch  81: Train%/Test% | Accuracy: 86.61%/83.02% | Precision: 87.83%/81.94% | Recall: 84.98%/81.21% | F1: 85.81%/81.54% | Time: fit=002s, train=000s, test=000s, total=003s
Epoch  82: Train%/Test% | Accuracy: 86.85%/83.49% | Precision: 88.54%/82.69% | Recall: 85.03%/81.31% | F1: 85.97%/81.89% | Time: fit=002s, train=000s, test=000s, total=003s
Epoch  83: Train%/Test% | Accuracy: 87.20%/83.49% | Precision: 88.80%/82.69% | Recall: 85.45%/81.31% | F1: 86.38%/81.89% | Time: fit=002s, train=000s, test=000s, total=003s
Epoch  84: Train%/Test% | Accuracy: 87.20%/82.55% | Precision: 89.10%/81.81% | Recall: 85.33%/80.03% | F1: 86.32%/80.74% | Time: fit=002s, train=000s, test=000s, total=003s
Epoch  85: Train%/Test% | Accuracy: 86.49%/83.02% | Precision: 88.71%/82.25% | Recall: 84.45%/80.67% | F1: 85.49%/81.32% | Time: fit=002s, train=000s, test=000s, total=003s
Epoch  86: Train%/Test% | Accuracy: 86.26%/82.08% | Precision: 89.14%/81.84% | Recall: 83.97%/78.86% | F1: 85.11%/79.88% | Time: fit=002s, train=000s, test=000s, total=003s
Epoch  87: Train%/Test% | Accuracy: 86.14%/83.02% | Precision: 88.94%/82.96% | Recall: 83.87%/79.87% | F1: 84.99%/80.94% | Time: fit=002s, train=000s, test=000s, total=003s
Epoch  88: Train%/Test% | Accuracy: 86.14%/80.19% | Precision: 88.94%/79.60% | Recall: 83.87%/76.83% | F1: 84.99%/77.76% | Time: fit=002s, train=000s, test=000s, total=003s
Epoch  89: Train%/Test% | Accuracy: 86.26%/82.08% | Precision: 88.54%/81.84% | Recall: 84.16%/78.86% | F1: 85.21%/79.88% | Time: fit=002s, train=000s, test=000s, total=003s
Epoch  90: Train%/Test% | Accuracy: 86.02%/82.55% | Precision: 88.05%/82.27% | Recall: 84.00%/79.50% | F1: 85.00%/80.48% | Time: fit=002s, train=000s, test=000s, total=003s
Epoch  91: Train%/Test% | Accuracy: 86.26%/83.49% | Precision: 88.54%/83.11% | Recall: 84.16%/80.78% | F1: 85.21%/81.66% | Time: fit=002s, train=000s, test=000s, total=003s
Epoch  92: Train%/Test% | Accuracy: 86.26%/83.02% | Precision: 88.54%/82.69% | Recall: 84.16%/80.14% | F1: 85.21%/81.07% | Time: fit=002s, train=000s, test=000s, total=003s
Epoch  93: Train%/Test% | Accuracy: 86.73%/83.49% | Precision: 88.00%/82.69% | Recall: 85.08%/81.31% | F1: 85.92%/81.89% | Time: fit=002s, train=000s, test=000s, total=003s
Epoch  94: Train%/Test% | Accuracy: 86.61%/83.02% | Precision: 87.59%/82.08% | Recall: 85.10%/80.94% | F1: 85.86%/81.43% | Time: fit=002s, train=000s, test=000s, total=003s
Epoch  95: Train%/Test% | Accuracy: 86.61%/82.55% | Precision: 87.37%/81.27% | Recall: 85.22%/81.10% | F1: 85.90%/81.19% | Time: fit=002s, train=000s, test=000s, total=003s
Epoch  96: Train%/Test% | Accuracy: 86.61%/82.08% | Precision: 87.52%/80.73% | Recall: 85.14%/80.73% | F1: 85.87%/80.73% | Time: fit=002s, train=000s, test=000s, total=003s
Epoch  97: Train%/Test% | Accuracy: 86.26%/82.08% | Precision: 86.95%/80.73% | Recall: 84.87%/80.73% | F1: 85.54%/80.73% | Time: fit=002s, train=000s, test=000s, total=003s
Epoch  98: Train%/Test% | Accuracy: 86.97%/82.08% | Precision: 88.18%/80.73% | Recall: 85.36%/80.73% | F1: 86.19%/80.73% | Time: fit=002s, train=000s, test=000s, total=003s
Epoch  99: Train%/Test% | Accuracy: 86.61%/82.55% | Precision: 87.59%/81.49% | Recall: 85.10%/80.57% | F1: 85.86%/80.97% | Time: fit=002s, train=000s, test=000s, total=003s
Epoch 100: Train%/Test% | Accuracy: 85.90%/81.13% | Precision: 86.81%/79.78% | Recall: 84.37%/79.45% | F1: 85.11%/79.61% | Time: fit=002s, train=000s, test=000s, total=003s
Epoch 101: Train%/Test% | Accuracy: 86.85%/83.02% | Precision: 88.36%/82.46% | Recall: 85.11%/80.41% | F1: 86.01%/81.20% | Time: fit=002s, train=000s, test=000s, total=003s
Epoch 102: Train%/Test% | Accuracy: 87.09%/83.49% | Precision: 88.27%/82.40% | Recall: 85.51%/81.85% | F1: 86.33%/82.10% | Time: fit=002s, train=000s, test=000s, total=003s
Epoch 103: Train%/Test% | Accuracy: 86.37%/83.02% | Precision: 87.49%/82.08% | Recall: 84.78%/80.94% | F1: 85.57%/81.43% | Time: fit=002s, train=000s, test=000s, total=003s
Epoch 104: Train%/Test% | Accuracy: 87.20%/83.02% | Precision: 88.62%/82.25% | Recall: 85.53%/80.67% | F1: 86.41%/81.32% | Time: fit=002s, train=000s, test=000s, total=003s
Epoch 105: Train%/Test% | Accuracy: 86.85%/83.96% | Precision: 88.09%/83.32% | Recall: 85.22%/81.69% | F1: 86.06%/82.35% | Time: fit=002s, train=000s, test=000s, total=003s
Epoch 106: Train%/Test% | Accuracy: 86.97%/83.49% | Precision: 88.10%/82.53% | Recall: 85.40%/81.58% | F1: 86.21%/82.00% | Time: fit=002s, train=000s, test=000s, total=003s
Epoch 107: Train%/Test% | Accuracy: 86.97%/83.49% | Precision: 88.10%/82.53% | Recall: 85.40%/81.58% | F1: 86.21%/82.00% | Time: fit=002s, train=000s, test=000s, total=003s
Epoch 108: Train%/Test% | Accuracy: 87.20%/83.49% | Precision: 88.80%/82.69% | Recall: 85.45%/81.31% | F1: 86.38%/81.89% | Time: fit=002s, train=000s, test=000s, total=003s
Epoch 109: Train%/Test% | Accuracy: 86.85%/84.43% | Precision: 88.09%/83.43% | Recall: 85.22%/82.86% | F1: 86.06%/83.13% | Time: fit=002s, train=000s, test=000s, total=003s
Epoch 110: Train%/Test% | Accuracy: 86.97%/83.96% | Precision: 88.73%/82.98% | Recall: 85.13%/82.22% | F1: 86.09%/82.57% | Time: fit=002s, train=000s, test=000s, total=003s
Epoch 111: Train%/Test% | Accuracy: 86.73%/83.96% | Precision: 88.56%/82.98% | Recall: 84.85%/82.22% | F1: 85.82%/82.57% | Time: fit=002s, train=000s, test=000s, total=003s
Epoch 112: Train%/Test% | Accuracy: 86.61%/84.43% | Precision: 87.67%/83.43% | Recall: 85.06%/82.86% | F1: 85.84%/83.13% | Time: fit=002s, train=000s, test=000s, total=003s
Epoch 113: Train%/Test% | Accuracy: 86.49%/84.43% | Precision: 87.35%/83.43% | Recall: 85.04%/82.86% | F1: 85.76%/83.13% | Time: fit=002s, train=000s, test=000s, total=003s
Epoch 114: Train%/Test% | Accuracy: 85.90%/83.02% | Precision: 86.35%/81.75% | Recall: 84.64%/81.75% | F1: 85.22%/81.75% | Time: fit=002s, train=000s, test=000s, total=003s
Epoch 115: Train%/Test% | Accuracy: 81.64%/74.06% | Precision: 82.66%/76.46% | Recall: 83.24%/77.87% | F1: 81.61%/73.96% | Time: fit=002s, train=000s, test=000s, total=003s
Epoch 116: Train%/Test% | Accuracy: 81.99%/75.47% | Precision: 82.73%/76.96% | Recall: 83.43%/78.72% | F1: 81.95%/75.29% | Time: fit=002s, train=000s, test=000s, total=003s
Epoch 117: Train%/Test% | Accuracy: 82.58%/75.47% | Precision: 83.18%/76.96% | Recall: 83.94%/78.72% | F1: 82.54%/75.29% | Time: fit=002s, train=000s, test=000s, total=003s
Epoch 118: Train%/Test% | Accuracy: 83.06%/75.00% | Precision: 83.49%/75.99% | Recall: 84.31%/77.81% | F1: 83.00%/74.75% | Time: fit=002s, train=000s, test=000s, total=003s
Epoch 119: Train%/Test% | Accuracy: 87.32%/83.02% | Precision: 89.39%/82.96% | Recall: 85.40%/79.87% | F1: 86.42%/80.94% | Time: fit=002s, train=000s, test=000s, total=003s
Epoch 120: Train%/Test% | Accuracy: 86.37%/81.60% | Precision: 88.10%/80.58% | Recall: 84.50%/79.29% | F1: 85.45%/79.82% | Time: fit=002s, train=000s, test=000s, total=003s
Epoch 121: Train%/Test% | Accuracy: 86.73%/82.55% | Precision: 88.36%/82.02% | Recall: 84.93%/79.76% | F1: 85.85%/80.61% | Time: fit=002s, train=000s, test=000s, total=003s
Epoch 122: Train%/Test% | Accuracy: 86.73%/83.02% | Precision: 88.46%/82.96% | Recall: 84.89%/79.87% | F1: 85.84%/80.94% | Time: fit=002s, train=000s, test=000s, total=003s
Epoch 123: Train%/Test% | Accuracy: 86.73%/82.08% | Precision: 88.09%/81.37% | Recall: 85.04%/79.39% | F1: 85.91%/80.15% | Time: fit=002s, train=000s, test=000s, total=003s
Epoch 124: Train%/Test% | Accuracy: 86.97%/82.08% | Precision: 88.44%/80.90% | Recall: 85.25%/80.20% | F1: 86.14%/80.51% | Time: fit=002s, train=000s, test=000s, total=003s
Epoch 125: Train%/Test% | Accuracy: 86.85%/80.19% | Precision: 88.36%/78.83% | Recall: 85.11%/78.17% | F1: 86.01%/78.46% | Time: fit=002s, train=000s, test=000s, total=003s
Epoch 126: Train%/Test% | Accuracy: 86.97%/82.55% | Precision: 88.27%/81.27% | Recall: 85.33%/81.10% | F1: 86.17%/81.19% | Time: fit=002s, train=000s, test=000s, total=003s
Epoch 127: Train%/Test% | Accuracy: 86.97%/82.08% | Precision: 88.93%/80.90% | Recall: 85.05%/80.20% | F1: 86.05%/80.51% | Time: fit=002s, train=000s, test=000s, total=003s
Epoch 128: Train%/Test% | Accuracy: 87.09%/82.55% | Precision: 88.62%/81.37% | Recall: 85.35%/80.84% | F1: 86.26%/81.08% | Time: fit=002s, train=000s, test=000s, total=003s
Epoch 129: Train%/Test% | Accuracy: 86.49%/81.13% | Precision: 88.29%/79.98% | Recall: 84.60%/78.91% | F1: 85.56%/79.37% | Time: fit=002s, train=000s, test=000s, total=003s
Epoch 130: Train%/Test% | Accuracy: 87.44%/83.02% | Precision: 89.58%/82.46% | Recall: 85.50%/80.41% | F1: 86.54%/81.20% | Time: fit=002s, train=000s, test=000s, total=003s
Epoch 131: Train%/Test% | Accuracy: 87.20%/83.02% | Precision: 89.88%/82.69% | Recall: 85.06%/80.14% | F1: 86.20%/81.07% | Time: fit=002s, train=000s, test=000s, total=003s
Epoch 132: Train%/Test% | Accuracy: 87.56%/83.02% | Precision: 90.00%/82.08% | Recall: 85.52%/80.94% | F1: 86.63%/81.43% | Time: fit=002s, train=000s, test=000s, total=003s
Epoch 133: Train%/Test% | Accuracy: 87.68%/83.96% | Precision: 89.74%/83.32% | Recall: 85.78%/81.69% | F1: 86.81%/82.35% | Time: fit=002s, train=000s, test=000s, total=003s
Epoch 134: Train%/Test% | Accuracy: 87.68%/83.02% | Precision: 89.96%/82.46% | Recall: 85.70%/80.41% | F1: 86.78%/81.20% | Time: fit=002s, train=000s, test=000s, total=003s
Epoch 135: Train%/Test% | Accuracy: 87.56%/82.08% | Precision: 89.55%/81.19% | Recall: 85.68%/79.66% | F1: 86.70%/80.28% | Time: fit=002s, train=000s, test=000s, total=003s
Epoch 136: Train%/Test% | Accuracy: 87.20%/80.66% | Precision: 89.31%/79.84% | Recall: 85.26%/77.74% | F1: 86.29%/78.51% | Time: fit=002s, train=000s, test=000s, total=003s
Epoch 137: Train%/Test% | Accuracy: 87.44%/82.08% | Precision: 89.92%/81.84% | Recall: 85.38%/78.86% | F1: 86.49%/79.88% | Time: fit=002s, train=000s, test=000s, total=003s
Epoch 138: Train%/Test% | Accuracy: 87.56%/83.49% | Precision: 89.06%/82.89% | Recall: 85.88%/81.05% | F1: 86.78%/81.78% | Time: fit=002s, train=000s, test=000s, total=003s
Epoch 139: Train%/Test% | Accuracy: 87.32%/81.60% | Precision: 88.98%/80.58% | Recall: 85.55%/79.29% | F1: 86.49%/79.82% | Time: fit=002s, train=000s, test=000s, total=003s
Epoch 140: Train%/Test% | Accuracy: 87.44%/82.55% | Precision: 88.71%/81.49% | Recall: 85.85%/80.57% | F1: 86.69%/80.97% | Time: fit=002s, train=000s, test=000s, total=003s
Epoch 141: Train%/Test% | Accuracy: 87.44%/81.13% | Precision: 88.46%/79.78% | Recall: 85.97%/79.45% | F1: 86.74%/79.61% | Time: fit=002s, train=000s, test=000s, total=003s
Epoch 142: Train%/Test% | Accuracy: 87.56%/81.60% | Precision: 89.45%/80.58% | Recall: 85.72%/79.29% | F1: 86.71%/79.82% | Time: fit=002s, train=000s, test=000s, total=003s
Epoch 143: Train%/Test% | Accuracy: 87.80%/82.08% | Precision: 89.61%/81.37% | Recall: 86.00%/79.39% | F1: 86.98%/80.15% | Time: fit=002s, train=000s, test=000s, total=003s
Epoch 144: Train%/Test% | Accuracy: 87.56%/83.49% | Precision: 89.15%/83.38% | Recall: 85.84%/80.51% | F1: 86.76%/81.53% | Time: fit=002s, train=000s, test=000s, total=003s
Epoch 145: Train%/Test% | Accuracy: 87.80%/84.43% | Precision: 89.23%/83.96% | Recall: 86.16%/82.06% | F1: 87.05%/82.82% | Time: fit=002s, train=000s, test=000s, total=003s
Epoch 146: Train%/Test% | Accuracy: 87.32%/83.96% | Precision: 88.45%/82.86% | Recall: 85.79%/82.49% | F1: 86.59%/82.66% | Time: fit=002s, train=000s, test=000s, total=003s
Epoch 147: Train%/Test% | Accuracy: 87.56%/84.91% | Precision: 88.80%/84.19% | Recall: 85.99%/82.97% | F1: 86.83%/83.49% | Time: fit=002s, train=000s, test=000s, total=003s
Epoch 148: Train%/Test% | Accuracy: 88.15%/84.43% | Precision: 89.77%/83.96% | Recall: 86.46%/82.06% | F1: 87.40%/82.82% | Time: fit=002s, train=000s, test=000s, total=003s
Epoch 149: Train%/Test% | Accuracy: 87.91%/83.96% | Precision: 89.60%/83.13% | Recall: 86.18%/81.96% | F1: 87.13%/82.46% | Time: fit=002s, train=000s, test=000s, total=003s
Epoch 150: Train%/Test% | Accuracy: 87.56%/82.55% | Precision: 88.80%/81.49% | Recall: 85.99%/80.57% | F1: 86.83%/80.97% | Time: fit=002s, train=000s, test=000s, total=003s
