[*] Load dataset...
[*] Fix malformed data...
[*] Split...
[*] Encoding...
[*] -> text...
[*] -> tweet_ids...
[*] Encoding complete!
==============================
Using GPU for training
Dataset: FakeNewsNet-gossipcop
TMU params: num-clauses=5000, T=100, s=10.0
Epochs: 100
Feature(s): text, tweet
max-vocab=3000, max-domain=500, max-tweet=500
====================
Train size: 17712
Train classes: 2
Test size: 4428
Test classes: 2
Total features: 3500
==============================
[*] Training for 100 epochs...
Epoch   1: Train%/Test% | Accuracy: 67.97%/67.05% | Precision: 63.67%/63.05% | Recall: 68.08%/67.32% | F1: 63.46%/62.64% | Time: fit=030s, train=008s, test=002s, total=040s
Epoch   2: Train%/Test% | Accuracy: 70.46%/69.29% | Precision: 65.10%/64.28% | Recall: 69.48%/68.57% | F1: 65.48%/64.44% | Time: fit=028s, train=007s, test=002s, total=037s
Epoch   3: Train%/Test% | Accuracy: 71.92%/70.82% | Precision: 66.14%/65.01% | Recall: 70.53%/69.07% | F1: 66.79%/65.54% | Time: fit=027s, train=007s, test=002s, total=036s
Epoch   4: Train%/Test% | Accuracy: 74.29%/73.53% | Precision: 67.56%/66.77% | Recall: 71.34%/70.38% | F1: 68.55%/67.68% | Time: fit=027s, train=007s, test=002s, total=036s
Epoch   5: Train%/Test% | Accuracy: 74.25%/74.12% | Precision: 67.28%/67.24% | Recall: 70.76%/70.77% | F1: 68.25%/68.20% | Time: fit=027s, train=007s, test=002s, total=036s
Epoch   6: Train%/Test% | Accuracy: 75.42%/74.82% | Precision: 68.09%/67.54% | Recall: 71.08%/70.56% | F1: 69.08%/68.50% | Time: fit=027s, train=007s, test=002s, total=036s
Epoch   7: Train%/Test% | Accuracy: 75.75%/74.93% | Precision: 68.58%/67.82% | Recall: 71.81%/71.08% | F1: 69.63%/68.82% | Time: fit=027s, train=007s, test=002s, total=035s
Epoch   8: Train%/Test% | Accuracy: 75.68%/74.84% | Precision: 68.74%/67.90% | Recall: 72.32%/71.37% | F1: 69.83%/68.91% | Time: fit=026s, train=007s, test=002s, total=035s
Epoch   9: Train%/Test% | Accuracy: 75.82%/74.73% | Precision: 68.84%/67.76% | Recall: 72.35%/71.20% | F1: 69.93%/68.76% | Time: fit=027s, train=007s, test=002s, total=035s
Epoch  10: Train%/Test% | Accuracy: 75.94%/75.18% | Precision: 68.84%/68.10% | Recall: 72.17%/71.40% | F1: 69.92%/69.13% | Time: fit=026s, train=007s, test=002s, total=035s
Epoch  11: Train%/Test% | Accuracy: 75.88%/74.68% | Precision: 68.99%/67.86% | Recall: 72.64%/71.49% | F1: 70.10%/68.87% | Time: fit=026s, train=007s, test=002s, total=035s
Epoch  12: Train%/Test% | Accuracy: 76.25%/75.05% | Precision: 69.23%/68.11% | Recall: 72.67%/71.60% | F1: 70.34%/69.14% | Time: fit=026s, train=007s, test=002s, total=035s
Epoch  13: Train%/Test% | Accuracy: 76.21%/75.32% | Precision: 69.18%/68.41% | Recall: 72.60%/71.94% | F1: 70.28%/69.46% | Time: fit=026s, train=007s, test=002s, total=035s
Epoch  14: Train%/Test% | Accuracy: 76.34%/75.63% | Precision: 69.17%/68.56% | Recall: 72.35%/71.86% | F1: 70.25%/69.61% | Time: fit=027s, train=006s, test=002s, total=035s
Epoch  15: Train%/Test% | Accuracy: 76.46%/74.95% | Precision: 69.46%/68.03% | Recall: 72.91%/71.54% | F1: 70.58%/69.06% | Time: fit=026s, train=006s, test=002s, total=034s
Epoch  16: Train%/Test% | Accuracy: 75.50%/74.62% | Precision: 68.93%/68.27% | Recall: 73.02%/72.50% | F1: 70.03%/69.29% | Time: fit=026s, train=006s, test=002s, total=034s
Epoch  17: Train%/Test% | Accuracy: 76.38%/75.05% | Precision: 69.59%/68.37% | Recall: 73.38%/72.21% | F1: 70.74%/69.42% | Time: fit=026s, train=006s, test=002s, total=034s
Epoch  18: Train%/Test% | Accuracy: 74.80%/72.79% | Precision: 68.89%/67.13% | Recall: 73.72%/71.77% | F1: 69.90%/67.86% | Time: fit=026s, train=006s, test=002s, total=034s
Epoch  19: Train%/Test% | Accuracy: 75.15%/73.26% | Precision: 69.03%/67.24% | Recall: 73.67%/71.61% | F1: 70.09%/68.08% | Time: fit=026s, train=006s, test=002s, total=034s
Epoch  20: Train%/Test% | Accuracy: 74.73%/73.04% | Precision: 68.76%/67.18% | Recall: 73.51%/71.68% | F1: 69.76%/67.98% | Time: fit=026s, train=006s, test=002s, total=034s
Epoch  21: Train%/Test% | Accuracy: 74.90%/72.99% | Precision: 68.97%/67.12% | Recall: 73.80%/71.59% | F1: 69.99%/67.91% | Time: fit=026s, train=006s, test=002s, total=034s
Epoch  22: Train%/Test% | Accuracy: 74.82%/73.35% | Precision: 68.69%/67.26% | Recall: 73.27%/71.57% | F1: 69.72%/68.12% | Time: fit=026s, train=006s, test=002s, total=034s
Epoch  23: Train%/Test% | Accuracy: 76.27%/74.32% | Precision: 69.67%/67.78% | Recall: 73.75%/71.73% | F1: 70.84%/68.77% | Time: fit=026s, train=006s, test=002s, total=034s
Epoch  24: Train%/Test% | Accuracy: 76.32%/74.66% | Precision: 69.72%/68.22% | Recall: 73.82%/72.34% | F1: 70.90%/69.25% | Time: fit=026s, train=006s, test=002s, total=034s
Epoch  25: Train%/Test% | Accuracy: 76.20%/74.71% | Precision: 69.62%/68.29% | Recall: 73.74%/72.43% | F1: 70.79%/69.32% | Time: fit=026s, train=007s, test=002s, total=034s
Epoch  26: Train%/Test% | Accuracy: 76.56%/75.16% | Precision: 69.89%/68.58% | Recall: 73.88%/72.57% | F1: 71.08%/69.65% | Time: fit=026s, train=006s, test=002s, total=035s
Epoch  27: Train%/Test% | Accuracy: 75.87%/74.59% | Precision: 69.45%/68.25% | Recall: 73.77%/72.49% | F1: 70.59%/69.27% | Time: fit=026s, train=006s, test=002s, total=034s
Epoch  28: Train%/Test% | Accuracy: 80.01%/79.86% | Precision: 72.52%/72.35% | Recall: 70.26%/70.10% | F1: 71.22%/71.05% | Time: fit=026s, train=006s, test=002s, total=034s
Epoch  29: Train%/Test% | Accuracy: 79.97%/79.58% | Precision: 72.47%/71.94% | Recall: 70.04%/69.60% | F1: 71.05%/70.58% | Time: fit=027s, train=006s, test=002s, total=035s
Epoch  30: Train%/Test% | Accuracy: 78.97%/78.84% | Precision: 71.17%/71.08% | Recall: 70.96%/71.09% | F1: 71.06%/71.09% | Time: fit=026s, train=006s, test=002s, total=034s
Epoch  31: Train%/Test% | Accuracy: 79.44%/79.38% | Precision: 71.73%/71.72% | Recall: 70.77%/70.91% | F1: 71.22%/71.29% | Time: fit=026s, train=006s, test=002s, total=034s
Epoch  32: Train%/Test% | Accuracy: 79.39%/79.18% | Precision: 71.71%/71.48% | Recall: 71.25%/71.12% | F1: 71.47%/71.30% | Time: fit=026s, train=006s, test=002s, total=034s
Epoch  33: Train%/Test% | Accuracy: 79.40%/79.09% | Precision: 71.74%/71.36% | Recall: 71.42%/71.03% | F1: 71.58%/71.19% | Time: fit=027s, train=006s, test=002s, total=035s
Epoch  34: Train%/Test% | Accuracy: 75.97%/74.73% | Precision: 69.39%/68.25% | Recall: 73.50%/72.32% | F1: 70.54%/69.28% | Time: fit=026s, train=006s, test=002s, total=034s
Epoch  35: Train%/Test% | Accuracy: 76.17%/74.98% | Precision: 69.50%/68.41% | Recall: 73.49%/72.39% | F1: 70.66%/69.46% | Time: fit=027s, train=006s, test=002s, total=035s
Epoch  36: Train%/Test% | Accuracy: 76.07%/74.98% | Precision: 69.41%/68.31% | Recall: 73.40%/72.16% | F1: 70.56%/69.36% | Time: fit=026s, train=006s, test=002s, total=034s
Epoch  37: Train%/Test% | Accuracy: 76.35%/75.07% | Precision: 69.66%/68.45% | Recall: 73.62%/72.38% | F1: 70.83%/69.51% | Time: fit=026s, train=006s, test=002s, total=034s
Epoch  38: Train%/Test% | Accuracy: 76.79%/75.95% | Precision: 70.05%/69.40% | Recall: 73.92%/73.47% | F1: 71.24%/70.54% | Time: fit=026s, train=006s, test=002s, total=034s
Epoch  39: Train%/Test% | Accuracy: 76.67%/75.70% | Precision: 70.04%/69.19% | Recall: 74.08%/73.31% | F1: 71.24%/70.31% | Time: fit=026s, train=006s, test=002s, total=034s
Epoch  40: Train%/Test% | Accuracy: 76.55%/76.04% | Precision: 69.88%/69.46% | Recall: 73.85%/73.50% | F1: 71.06%/70.61% | Time: fit=026s, train=006s, test=002s, total=034s
Epoch  41: Train%/Test% | Accuracy: 76.78%/76.08% | Precision: 70.02%/69.32% | Recall: 73.85%/73.08% | F1: 71.21%/70.45% | Time: fit=026s, train=006s, test=002s, total=034s
Epoch  42: Train%/Test% | Accuracy: 76.48%/74.98% | Precision: 69.94%/68.43% | Recall: 74.11%/72.45% | F1: 71.13%/69.49% | Time: fit=026s, train=006s, test=002s, total=034s
Epoch  43: Train%/Test% | Accuracy: 75.99%/75.14% | Precision: 69.58%/68.81% | Recall: 73.93%/73.13% | F1: 70.74%/69.88% | Time: fit=026s, train=006s, test=002s, total=034s
Epoch  44: Train%/Test% | Accuracy: 76.22%/75.52% | Precision: 69.79%/69.17% | Recall: 74.13%/73.48% | F1: 70.97%/70.27% | Time: fit=026s, train=006s, test=002s, total=034s
Epoch  45: Train%/Test% | Accuracy: 75.77%/74.93% | Precision: 69.60%/68.95% | Recall: 74.26%/73.67% | F1: 70.74%/69.98% | Time: fit=026s, train=006s, test=002s, total=034s
Epoch  46: Train%/Test% | Accuracy: 75.79%/74.82% | Precision: 69.62%/68.82% | Recall: 74.29%/73.50% | F1: 70.76%/69.84% | Time: fit=026s, train=006s, test=002s, total=034s
Epoch  47: Train%/Test% | Accuracy: 75.40%/74.66% | Precision: 69.26%/68.66% | Recall: 73.92%/73.30% | F1: 70.35%/69.66% | Time: fit=026s, train=006s, test=002s, total=034s
Epoch  48: Train%/Test% | Accuracy: 75.11%/74.37% | Precision: 69.31%/68.65% | Recall: 74.34%/73.55% | F1: 70.34%/69.58% | Time: fit=026s, train=006s, test=002s, total=034s
Epoch  49: Train%/Test% | Accuracy: 75.62%/74.82% | Precision: 69.50%/68.85% | Recall: 74.21%/73.56% | F1: 70.61%/69.87% | Time: fit=026s, train=006s, test=002s, total=034s
Epoch  50: Train%/Test% | Accuracy: 75.48%/75.07% | Precision: 69.40%/68.96% | Recall: 74.13%/73.53% | F1: 70.49%/70.01% | Time: fit=026s, train=006s, test=002s, total=034s
Epoch  51: Train%/Test% | Accuracy: 75.60%/74.82% | Precision: 69.51%/68.68% | Recall: 74.25%/73.18% | F1: 70.62%/69.71% | Time: fit=026s, train=006s, test=002s, total=034s
Epoch  52: Train%/Test% | Accuracy: 75.49%/74.53% | Precision: 69.41%/68.51% | Recall: 74.16%/73.11% | F1: 70.51%/69.50% | Time: fit=026s, train=006s, test=002s, total=034s
Epoch  53: Train%/Test% | Accuracy: 78.44%/77.26% | Precision: 71.10%/69.70% | Recall: 73.33%/71.78% | F1: 72.01%/70.54% | Time: fit=026s, train=006s, test=002s, total=034s
Epoch  54: Train%/Test% | Accuracy: 78.49%/77.35% | Precision: 71.16%/69.84% | Recall: 73.38%/72.00% | F1: 72.06%/70.70% | Time: fit=026s, train=006s, test=002s, total=034s
Epoch  55: Train%/Test% | Accuracy: 78.44%/77.10% | Precision: 71.04%/69.48% | Recall: 73.09%/71.48% | F1: 71.89%/70.29% | Time: fit=026s, train=006s, test=002s, total=034s
Epoch  56: Train%/Test% | Accuracy: 78.31%/76.81% | Precision: 70.95%/69.16% | Recall: 73.17%/71.22% | F1: 71.86%/69.98% | Time: fit=026s, train=006s, test=002s, total=034s
Epoch  57: Train%/Test% | Accuracy: 78.41%/77.44% | Precision: 70.95%/69.80% | Recall: 72.83%/71.61% | F1: 71.75%/70.56% | Time: fit=026s, train=006s, test=002s, total=034s
Epoch  58: Train%/Test% | Accuracy: 79.01%/78.43% | Precision: 71.59%/70.91% | Recall: 73.09%/72.42% | F1: 72.25%/71.57% | Time: fit=026s, train=006s, test=002s, total=034s
Epoch  59: Train%/Test% | Accuracy: 75.63%/73.69% | Precision: 69.77%/67.94% | Recall: 74.80%/72.69% | F1: 70.86%/68.80% | Time: fit=026s, train=006s, test=002s, total=034s
Epoch  60: Train%/Test% | Accuracy: 75.30%/73.19% | Precision: 69.52%/67.80% | Recall: 74.59%/72.78% | F1: 70.57%/68.53% | Time: fit=026s, train=006s, test=002s, total=034s
Epoch  61: Train%/Test% | Accuracy: 75.60%/74.01% | Precision: 69.56%/68.06% | Recall: 74.35%/72.64% | F1: 70.67%/68.98% | Time: fit=026s, train=006s, test=002s, total=034s
Epoch  62: Train%/Test% | Accuracy: 75.52%/73.60% | Precision: 69.58%/67.86% | Recall: 74.50%/72.60% | F1: 70.67%/68.71% | Time: fit=026s, train=006s, test=002s, total=034s
Epoch  63: Train%/Test% | Accuracy: 75.25%/73.22% | Precision: 69.40%/67.65% | Recall: 74.37%/72.47% | F1: 70.45%/68.42% | Time: fit=026s, train=006s, test=002s, total=034s
Epoch  64: Train%/Test% | Accuracy: 75.57%/73.74% | Precision: 69.60%/67.90% | Recall: 74.50%/72.56% | F1: 70.70%/68.77% | Time: fit=026s, train=006s, test=002s, total=034s
Epoch  65: Train%/Test% | Accuracy: 74.62%/72.74% | Precision: 69.04%/67.28% | Recall: 74.21%/72.10% | F1: 69.97%/67.97% | Time: fit=026s, train=006s, test=002s, total=034s
Epoch  66: Train%/Test% | Accuracy: 74.41%/72.54% | Precision: 68.96%/67.25% | Recall: 74.23%/72.19% | F1: 69.85%/67.88% | Time: fit=026s, train=006s, test=002s, total=034s
Epoch  67: Train%/Test% | Accuracy: 74.59%/72.56% | Precision: 69.18%/67.35% | Recall: 74.53%/72.36% | F1: 70.08%/67.97% | Time: fit=026s, train=006s, test=002s, total=034s
Epoch  68: Train%/Test% | Accuracy: 75.21%/73.51% | Precision: 69.41%/67.62% | Recall: 74.44%/72.19% | F1: 70.45%/68.48% | Time: fit=026s, train=006s, test=002s, total=034s
Epoch  69: Train%/Test% | Accuracy: 75.05%/73.26% | Precision: 69.45%/67.73% | Recall: 74.69%/72.60% | F1: 70.44%/68.50% | Time: fit=026s, train=006s, test=002s, total=034s
Epoch  70: Train%/Test% | Accuracy: 74.55%/72.45% | Precision: 69.27%/67.23% | Recall: 74.74%/72.19% | F1: 70.13%/67.83% | Time: fit=026s, train=006s, test=002s, total=034s
Epoch  71: Train%/Test% | Accuracy: 74.42%/72.04% | Precision: 69.30%/67.00% | Recall: 74.91%/72.02% | F1: 70.11%/67.51% | Time: fit=026s, train=006s, test=002s, total=034s
Epoch  72: Train%/Test% | Accuracy: 74.09%/72.13% | Precision: 69.04%/67.17% | Recall: 74.63%/72.27% | F1: 69.79%/67.66% | Time: fit=026s, train=006s, test=002s, total=034s
Epoch  73: Train%/Test% | Accuracy: 74.49%/72.52% | Precision: 69.12%/67.02% | Recall: 74.50%/71.76% | F1: 70.00%/67.69% | Time: fit=026s, train=006s, test=002s, total=034s
Epoch  74: Train%/Test% | Accuracy: 74.44%/72.47% | Precision: 69.02%/67.09% | Recall: 74.33%/71.92% | F1: 69.91%/67.73% | Time: fit=026s, train=006s, test=002s, total=034s
Epoch  75: Train%/Test% | Accuracy: 74.06%/72.38% | Precision: 68.83%/67.20% | Recall: 74.23%/72.18% | F1: 69.62%/67.78% | Time: fit=026s, train=006s, test=002s, total=034s
Epoch  76: Train%/Test% | Accuracy: 74.38%/72.49% | Precision: 69.15%/67.34% | Recall: 74.64%/72.38% | F1: 69.99%/67.93% | Time: fit=026s, train=007s, test=002s, total=034s
Epoch  77: Train%/Test% | Accuracy: 74.72%/72.76% | Precision: 69.28%/67.35% | Recall: 74.62%/72.21% | F1: 70.20%/68.03% | Time: fit=026s, train=006s, test=002s, total=034s
Epoch  78: Train%/Test% | Accuracy: 75.40%/73.74% | Precision: 69.48%/67.85% | Recall: 74.41%/72.46% | F1: 70.55%/68.73% | Time: fit=026s, train=006s, test=002s, total=034s
Epoch  79: Train%/Test% | Accuracy: 75.87%/74.28% | Precision: 69.82%/68.10% | Recall: 74.65%/72.47% | F1: 70.96%/69.07% | Time: fit=026s, train=006s, test=002s, total=034s
Epoch  80: Train%/Test% | Accuracy: 75.60%/73.98% | Precision: 69.74%/68.01% | Recall: 74.78%/72.56% | F1: 70.83%/68.93% | Time: fit=026s, train=006s, test=002s, total=034s
Epoch  81: Train%/Test% | Accuracy: 75.50%/74.07% | Precision: 69.67%/68.12% | Recall: 74.72%/72.72% | F1: 70.75%/69.05% | Time: fit=026s, train=006s, test=002s, total=034s
Epoch  82: Train%/Test% | Accuracy: 75.16%/73.13% | Precision: 69.45%/67.57% | Recall: 74.59%/72.38% | F1: 70.47%/68.32% | Time: fit=026s, train=006s, test=002s, total=034s
Epoch  83: Train%/Test% | Accuracy: 75.20%/73.53% | Precision: 69.40%/67.89% | Recall: 74.44%/72.71% | F1: 70.44%/68.71% | Time: fit=026s, train=006s, test=002s, total=034s
Epoch  84: Train%/Test% | Accuracy: 75.67%/74.16% | Precision: 69.70%/68.22% | Recall: 74.60%/72.84% | F1: 70.81%/69.16% | Time: fit=026s, train=006s, test=002s, total=034s
Epoch  85: Train%/Test% | Accuracy: 75.78%/74.19% | Precision: 69.79%/68.34% | Recall: 74.69%/73.08% | F1: 70.92%/69.27% | Time: fit=026s, train=006s, test=002s, total=034s
Epoch  86: Train%/Test% | Accuracy: 75.57%/73.74% | Precision: 69.73%/68.12% | Recall: 74.79%/73.01% | F1: 70.82%/68.96% | Time: fit=026s, train=006s, test=002s, total=034s
Epoch  87: Train%/Test% | Accuracy: 75.20%/73.58% | Precision: 69.50%/68.04% | Recall: 74.65%/72.97% | F1: 70.53%/68.84% | Time: fit=026s, train=006s, test=002s, total=034s
Epoch  88: Train%/Test% | Accuracy: 75.28%/73.24% | Precision: 69.57%/67.62% | Recall: 74.74%/72.39% | F1: 70.61%/68.40% | Time: fit=026s, train=006s, test=002s, total=034s
Epoch  89: Train%/Test% | Accuracy: 75.43%/73.40% | Precision: 69.65%/67.76% | Recall: 74.75%/72.56% | F1: 70.71%/68.56% | Time: fit=026s, train=006s, test=002s, total=034s
Epoch  90: Train%/Test% | Accuracy: 75.18%/73.31% | Precision: 69.48%/67.79% | Recall: 74.63%/72.69% | F1: 70.50%/68.56% | Time: fit=026s, train=006s, test=002s, total=034s
Epoch  91: Train%/Test% | Accuracy: 74.53%/72.79% | Precision: 69.25%/67.51% | Recall: 74.72%/72.51% | F1: 70.11%/68.17% | Time: fit=026s, train=006s, test=002s, total=034s
Epoch  92: Train%/Test% | Accuracy: 74.75%/72.97% | Precision: 69.44%/67.74% | Recall: 74.93%/72.82% | F1: 70.33%/68.40% | Time: fit=026s, train=006s, test=002s, total=034s
Epoch  93: Train%/Test% | Accuracy: 74.41%/72.18% | Precision: 69.33%/67.37% | Recall: 74.97%/72.62% | F1: 70.13%/67.83% | Time: fit=026s, train=006s, test=002s, total=034s
Epoch  94: Train%/Test% | Accuracy: 74.75%/72.92% | Precision: 69.30%/67.72% | Recall: 74.66%/72.82% | F1: 70.23%/68.38% | Time: fit=026s, train=006s, test=002s, total=034s
Epoch  95: Train%/Test% | Accuracy: 74.72%/72.99% | Precision: 69.26%/67.67% | Recall: 74.59%/72.68% | F1: 70.19%/68.36% | Time: fit=026s, train=006s, test=002s, total=034s
Epoch  96: Train%/Test% | Accuracy: 74.63%/73.24% | Precision: 69.19%/67.94% | Recall: 74.51%/73.03% | F1: 70.10%/68.66% | Time: fit=026s, train=006s, test=002s, total=034s
Epoch  97: Train%/Test% | Accuracy: 75.16%/73.67% | Precision: 69.43%/68.02% | Recall: 74.54%/72.87% | F1: 70.45%/68.86% | Time: fit=026s, train=006s, test=002s, total=034s
Epoch  98: Train%/Test% | Accuracy: 75.40%/73.87% | Precision: 69.58%/68.05% | Recall: 74.63%/72.74% | F1: 70.65%/68.94% | Time: fit=026s, train=006s, test=002s, total=034s
Epoch  99: Train%/Test% | Accuracy: 75.32%/73.92% | Precision: 69.51%/68.05% | Recall: 74.56%/72.71% | F1: 70.56%/68.95% | Time: fit=026s, train=006s, test=002s, total=034s
Epoch 100: Train%/Test% | Accuracy: 75.30%/74.01% | Precision: 69.53%/68.22% | Recall: 74.61%/72.99% | F1: 70.57%/69.12% | Time: fit=026s, train=006s, test=002s, total=034s
