[nltk_data] Downloading package wordnet to /home/bjorvl16/nltk_data...
[nltk_data]   Package wordnet is already up-to-date!
[nltk_data] Downloading package stopwords to
[nltk_data]     /home/bjorvl16/nltk_data...
[nltk_data]   Package stopwords is already up-to-date!
[*] Load dataset...
[*] Fix malformed data...
[*] Split...
[*] Encoding...
[*] Encoding feature: text... 464
[*] Encoding feature: domain... 34
==============================
Using GPU for training
Dataset: FakeNewsNet-politifact
TMU params: num-clauses=5000, T=250, s=10.0
Epochs: 150
Feature(s): text, domain
max-vocab=15000, max-domain=500, max-tweet=500
====================
Train size: 844
Train classes: 2
Test size: 212
Test classes: 2
Total features: 498
==============================
[*] Training for 150 epochs...
Epoch   1: Train%/Test% | Accuracy: 79.74%/83.02% | Precision: 79.98%/82.46% | Recall: 78.08%/80.41% | F1: 78.62%/81.20% | Time: fit=003s, train=000s, test=000s, total=003s
Epoch   2: Train%/Test% | Accuracy: 79.27%/80.19% | Precision: 80.83%/79.60% | Recall: 76.81%/76.83% | F1: 77.55%/77.76% | Time: fit=001s, train=000s, test=000s, total=002s
Epoch   3: Train%/Test% | Accuracy: 76.90%/80.19% | Precision: 78.72%/79.85% | Recall: 74.06%/76.56% | F1: 74.69%/77.61% | Time: fit=002s, train=000s, test=000s, total=003s
Epoch   4: Train%/Test% | Accuracy: 80.81%/83.49% | Precision: 81.02%/82.89% | Recall: 79.27%/81.05% | F1: 79.80%/81.78% | Time: fit=002s, train=000s, test=000s, total=003s
Epoch   5: Train%/Test% | Accuracy: 82.46%/83.49% | Precision: 82.05%/82.22% | Recall: 81.84%/82.39% | F1: 81.94%/82.30% | Time: fit=002s, train=000s, test=000s, total=003s
Epoch   6: Train%/Test% | Accuracy: 81.40%/82.08% | Precision: 81.46%/80.73% | Recall: 80.06%/80.73% | F1: 80.52%/80.73% | Time: fit=002s, train=000s, test=000s, total=003s
Epoch   7: Train%/Test% | Accuracy: 78.79%/80.66% | Precision: 79.79%/79.66% | Recall: 76.56%/78.00% | F1: 77.23%/78.65% | Time: fit=002s, train=000s, test=000s, total=003s
Epoch   8: Train%/Test% | Accuracy: 81.16%/81.60% | Precision: 81.12%/80.25% | Recall: 79.89%/80.09% | F1: 80.31%/80.17% | Time: fit=002s, train=000s, test=000s, total=003s
Epoch   9: Train%/Test% | Accuracy: 81.87%/83.02% | Precision: 81.69%/81.83% | Recall: 80.82%/81.48% | F1: 81.15%/81.65% | Time: fit=002s, train=000s, test=000s, total=003s
Epoch  10: Train%/Test% | Accuracy: 80.45%/82.08% | Precision: 80.36%/80.90% | Recall: 79.16%/80.20% | F1: 79.57%/80.51% | Time: fit=002s, train=000s, test=000s, total=003s
Epoch  11: Train%/Test% | Accuracy: 82.82%/82.55% | Precision: 82.47%/81.21% | Recall: 82.11%/81.37% | F1: 82.27%/81.29% | Time: fit=002s, train=000s, test=000s, total=003s
Epoch  12: Train%/Test% | Accuracy: 82.11%/82.08% | Precision: 81.88%/80.73% | Recall: 81.14%/80.73% | F1: 81.43%/80.73% | Time: fit=002s, train=000s, test=000s, total=003s
Epoch  13: Train%/Test% | Accuracy: 81.04%/81.13% | Precision: 81.14%/79.87% | Recall: 79.64%/79.18% | F1: 80.12%/79.49% | Time: fit=002s, train=000s, test=000s, total=003s
Epoch  14: Train%/Test% | Accuracy: 81.52%/82.08% | Precision: 81.60%/80.80% | Recall: 80.16%/80.46% | F1: 80.64%/80.63% | Time: fit=002s, train=000s, test=000s, total=003s
Epoch  15: Train%/Test% | Accuracy: 82.94%/81.60% | Precision: 82.58%/80.17% | Recall: 82.25%/80.63% | F1: 82.40%/80.38% | Time: fit=002s, train=000s, test=000s, total=003s
Epoch  16: Train%/Test% | Accuracy: 83.29%/82.08% | Precision: 83.07%/80.73% | Recall: 82.44%/80.73% | F1: 82.70%/80.73% | Time: fit=002s, train=000s, test=000s, total=003s
Epoch  17: Train%/Test% | Accuracy: 83.89%/82.55% | Precision: 83.42%/81.18% | Recall: 83.61%/82.44% | F1: 83.51%/81.65% | Time: fit=002s, train=000s, test=000s, total=003s
Epoch  18: Train%/Test% | Accuracy: 83.89%/80.19% | Precision: 83.42%/78.95% | Recall: 84.01%/80.58% | F1: 83.62%/79.38% | Time: fit=002s, train=000s, test=000s, total=003s
Epoch  19: Train%/Test% | Accuracy: 83.18%/81.60% | Precision: 82.71%/80.26% | Recall: 82.81%/81.70% | F1: 82.75%/80.74% | Time: fit=002s, train=000s, test=000s, total=003s
Epoch  20: Train%/Test% | Accuracy: 83.65%/79.72% | Precision: 83.16%/78.53% | Recall: 83.49%/80.20% | F1: 83.30%/78.93% | Time: fit=002s, train=000s, test=000s, total=003s
Epoch  21: Train%/Test% | Accuracy: 83.41%/80.66% | Precision: 82.92%/79.48% | Recall: 83.28%/81.22% | F1: 83.07%/79.91% | Time: fit=002s, train=000s, test=000s, total=003s
Epoch  22: Train%/Test% | Accuracy: 84.24%/81.13% | Precision: 83.77%/79.75% | Recall: 84.04%/81.06% | F1: 83.89%/80.20% | Time: fit=002s, train=000s, test=000s, total=003s
Epoch  23: Train%/Test% | Accuracy: 83.18%/79.72% | Precision: 82.89%/78.97% | Recall: 83.71%/81.01% | F1: 83.00%/79.15% | Time: fit=002s, train=000s, test=000s, total=003s
Epoch  24: Train%/Test% | Accuracy: 83.53%/80.19% | Precision: 83.05%/78.95% | Recall: 83.54%/80.58% | F1: 83.23%/79.38% | Time: fit=002s, train=000s, test=000s, total=003s
Epoch  25: Train%/Test% | Accuracy: 83.18%/81.60% | Precision: 82.69%/80.34% | Recall: 83.20%/81.97% | F1: 82.87%/80.81% | Time: fit=002s, train=000s, test=000s, total=003s
Epoch  26: Train%/Test% | Accuracy: 84.83%/80.66% | Precision: 84.66%/80.10% | Recall: 85.57%/82.29% | F1: 84.70%/80.18% | Time: fit=002s, train=000s, test=000s, total=003s
Epoch  27: Train%/Test% | Accuracy: 84.00%/82.08% | Precision: 83.67%/80.87% | Recall: 84.46%/82.61% | F1: 83.82%/81.34% | Time: fit=002s, train=000s, test=000s, total=003s
Epoch  28: Train%/Test% | Accuracy: 83.77%/80.19% | Precision: 83.43%/79.07% | Recall: 84.22%/80.85% | F1: 83.58%/79.46% | Time: fit=002s, train=000s, test=000s, total=003s
Epoch  29: Train%/Test% | Accuracy: 83.65%/80.66% | Precision: 83.81%/80.31% | Recall: 84.70%/82.56% | F1: 83.57%/80.24% | Time: fit=002s, train=000s, test=000s, total=003s
Epoch  30: Train%/Test% | Accuracy: 84.12%/80.66% | Precision: 83.98%/80.31% | Recall: 84.88%/82.56% | F1: 83.99%/80.24% | Time: fit=002s, train=000s, test=000s, total=003s
Epoch  31: Train%/Test% | Accuracy: 83.65%/80.66% | Precision: 83.28%/79.48% | Recall: 84.04%/81.22% | F1: 83.44%/79.91% | Time: fit=002s, train=000s, test=000s, total=003s
Epoch  32: Train%/Test% | Accuracy: 84.12%/80.66% | Precision: 83.69%/79.48% | Recall: 84.37%/81.22% | F1: 83.89%/79.91% | Time: fit=002s, train=000s, test=000s, total=003s
Epoch  33: Train%/Test% | Accuracy: 84.48%/82.55% | Precision: 84.01%/81.18% | Recall: 84.32%/82.44% | F1: 84.14%/81.65% | Time: fit=002s, train=000s, test=000s, total=003s
Epoch  34: Train%/Test% | Accuracy: 84.36%/80.66% | Precision: 84.05%/79.92% | Recall: 84.88%/82.02% | F1: 84.19%/80.12% | Time: fit=002s, train=000s, test=000s, total=003s
Epoch  35: Train%/Test% | Accuracy: 85.90%/83.02% | Precision: 85.45%/81.69% | Recall: 85.82%/83.08% | F1: 85.60%/82.18% | Time: fit=002s, train=000s, test=000s, total=003s
Epoch  36: Train%/Test% | Accuracy: 85.07%/81.60% | Precision: 84.60%/80.26% | Recall: 85.03%/81.70% | F1: 84.77%/80.74% | Time: fit=002s, train=000s, test=000s, total=003s
Epoch  37: Train%/Test% | Accuracy: 85.55%/83.49% | Precision: 85.14%/82.14% | Recall: 85.20%/82.92% | F1: 85.17%/82.48% | Time: fit=002s, train=000s, test=000s, total=003s
Epoch  38: Train%/Test% | Accuracy: 84.60%/84.43% | Precision: 84.13%/83.16% | Recall: 84.38%/83.67% | F1: 84.25%/83.40% | Time: fit=002s, train=000s, test=000s, total=003s
Epoch  39: Train%/Test% | Accuracy: 85.31%/84.91% | Precision: 84.86%/83.61% | Recall: 85.11%/84.58% | F1: 84.97%/84.02% | Time: fit=002s, train=000s, test=000s, total=003s
Epoch  40: Train%/Test% | Accuracy: 85.55%/83.96% | Precision: 85.08%/82.66% | Recall: 85.59%/84.10% | F1: 85.28%/83.17% | Time: fit=002s, train=000s, test=000s, total=003s
Epoch  41: Train%/Test% | Accuracy: 85.90%/83.49% | Precision: 85.50%/82.27% | Recall: 86.25%/83.99% | F1: 85.70%/82.78% | Time: fit=002s, train=000s, test=000s, total=003s
Epoch  42: Train%/Test% | Accuracy: 80.09%/76.42% | Precision: 81.01%/77.57% | Recall: 81.60%/79.47% | F1: 80.07%/76.20% | Time: fit=002s, train=000s, test=000s, total=003s
Epoch  43: Train%/Test% | Accuracy: 85.43%/80.66% | Precision: 85.16%/79.61% | Recall: 86.04%/81.49% | F1: 85.28%/79.98% | Time: fit=002s, train=000s, test=000s, total=003s
Epoch  44: Train%/Test% | Accuracy: 85.07%/82.08% | Precision: 84.82%/80.98% | Recall: 85.69%/82.87% | F1: 84.92%/81.41% | Time: fit=002s, train=000s, test=000s, total=003s
Epoch  45: Train%/Test% | Accuracy: 80.57%/75.94% | Precision: 81.49%/77.61% | Recall: 82.09%/79.36% | F1: 80.54%/75.79% | Time: fit=002s, train=000s, test=000s, total=003s
Epoch  46: Train%/Test% | Accuracy: 80.33%/77.83% | Precision: 81.06%/78.83% | Recall: 81.73%/80.86% | F1: 80.29%/77.61% | Time: fit=002s, train=000s, test=000s, total=003s
Epoch  47: Train%/Test% | Accuracy: 81.87%/77.36% | Precision: 82.20%/77.62% | Recall: 83.02%/79.68% | F1: 81.80%/77.01% | Time: fit=002s, train=000s, test=000s, total=003s
Epoch  48: Train%/Test% | Accuracy: 85.07%/81.13% | Precision: 84.84%/80.48% | Recall: 85.73%/82.66% | F1: 84.93%/80.63% | Time: fit=002s, train=000s, test=000s, total=003s
Epoch  49: Train%/Test% | Accuracy: 86.73%/83.96% | Precision: 86.34%/82.79% | Recall: 87.12%/84.63% | F1: 86.55%/83.31% | Time: fit=002s, train=000s, test=000s, total=003s
Epoch  50: Train%/Test% | Accuracy: 86.14%/83.96% | Precision: 85.77%/82.79% | Recall: 86.57%/84.63% | F1: 85.96%/83.31% | Time: fit=002s, train=000s, test=000s, total=003s
Epoch  51: Train%/Test% | Accuracy: 81.40%/77.36% | Precision: 81.77%/77.90% | Recall: 82.57%/79.95% | F1: 81.33%/77.06% | Time: fit=002s, train=000s, test=000s, total=003s
Epoch  52: Train%/Test% | Accuracy: 83.53%/80.19% | Precision: 83.37%/79.73% | Recall: 84.25%/81.92% | F1: 83.39%/79.73% | Time: fit=002s, train=000s, test=000s, total=003s
Epoch  53: Train%/Test% | Accuracy: 80.92%/76.89% | Precision: 81.46%/77.57% | Recall: 82.20%/79.57% | F1: 80.87%/76.61% | Time: fit=002s, train=000s, test=000s, total=003s
Epoch  54: Train%/Test% | Accuracy: 81.99%/75.94% | Precision: 82.39%/76.93% | Recall: 83.20%/78.83% | F1: 81.93%/75.71% | Time: fit=002s, train=000s, test=000s, total=003s
Epoch  55: Train%/Test% | Accuracy: 80.33%/75.94% | Precision: 81.06%/77.26% | Recall: 81.73%/79.09% | F1: 80.29%/75.75% | Time: fit=002s, train=000s, test=000s, total=003s
Epoch  56: Train%/Test% | Accuracy: 81.28%/75.47% | Precision: 81.84%/76.62% | Recall: 82.58%/78.45% | F1: 81.23%/75.25% | Time: fit=002s, train=000s, test=000s, total=003s
Epoch  57: Train%/Test% | Accuracy: 84.60%/82.08% | Precision: 84.49%/81.26% | Recall: 85.40%/83.41% | F1: 84.48%/81.54% | Time: fit=002s, train=000s, test=000s, total=003s
Epoch  58: Train%/Test% | Accuracy: 84.00%/81.60% | Precision: 83.99%/81.05% | Recall: 84.89%/83.30% | F1: 83.90%/81.15% | Time: fit=002s, train=000s, test=000s, total=003s
Epoch  59: Train%/Test% | Accuracy: 86.73%/82.08% | Precision: 86.30%/80.72% | Recall: 86.96%/82.07% | F1: 86.52%/81.19% | Time: fit=002s, train=000s, test=000s, total=003s
Epoch  60: Train%/Test% | Accuracy: 86.97%/81.60% | Precision: 86.55%/80.26% | Recall: 87.25%/81.70% | F1: 86.77%/80.74% | Time: fit=002s, train=000s, test=000s, total=003s
Epoch  61: Train%/Test% | Accuracy: 86.02%/83.49% | Precision: 85.72%/82.47% | Recall: 86.59%/84.53% | F1: 85.87%/82.91% | Time: fit=002s, train=000s, test=000s, total=003s
Epoch  62: Train%/Test% | Accuracy: 84.36%/82.08% | Precision: 84.29%/81.62% | Recall: 85.20%/83.95% | F1: 84.25%/81.66% | Time: fit=002s, train=000s, test=000s, total=003s
Epoch  63: Train%/Test% | Accuracy: 85.55%/82.55% | Precision: 85.34%/81.65% | Recall: 86.26%/83.78% | F1: 85.41%/82.00% | Time: fit=002s, train=000s, test=000s, total=003s
Epoch  64: Train%/Test% | Accuracy: 84.12%/80.66% | Precision: 84.29%/80.79% | Recall: 85.19%/83.09% | F1: 84.04%/80.34% | Time: fit=002s, train=000s, test=000s, total=003s
Epoch  65: Train%/Test% | Accuracy: 85.19%/82.08% | Precision: 85.10%/81.43% | Recall: 86.03%/83.68% | F1: 85.08%/81.60% | Time: fit=002s, train=000s, test=000s, total=003s
Epoch  66: Train%/Test% | Accuracy: 86.37%/81.60% | Precision: 86.06%/80.56% | Recall: 86.93%/82.50% | F1: 86.22%/80.96% | Time: fit=002s, train=000s, test=000s, total=003s
Epoch  67: Train%/Test% | Accuracy: 84.48%/80.19% | Precision: 84.58%/79.95% | Recall: 85.50%/82.19% | F1: 84.39%/79.78% | Time: fit=002s, train=000s, test=000s, total=003s
Epoch  68: Train%/Test% | Accuracy: 86.14%/82.08% | Precision: 85.98%/81.43% | Recall: 86.92%/83.68% | F1: 86.02%/81.60% | Time: fit=002s, train=000s, test=000s, total=003s
Epoch  69: Train%/Test% | Accuracy: 86.49%/81.13% | Precision: 86.32%/80.68% | Recall: 87.27%/82.93% | F1: 86.38%/80.69% | Time: fit=002s, train=000s, test=000s, total=003s
Epoch  70: Train%/Test% | Accuracy: 87.56%/82.08% | Precision: 87.21%/81.26% | Recall: 88.07%/83.41% | F1: 87.41%/81.54% | Time: fit=002s, train=000s, test=000s, total=003s
Epoch  71: Train%/Test% | Accuracy: 88.03%/83.49% | Precision: 87.69%/82.76% | Recall: 88.56%/85.07% | F1: 87.89%/83.03% | Time: fit=002s, train=000s, test=000s, total=003s
Epoch  72: Train%/Test% | Accuracy: 86.37%/83.49% | Precision: 85.93%/82.36% | Recall: 86.54%/84.26% | F1: 86.14%/82.85% | Time: fit=002s, train=000s, test=000s, total=003s
Epoch  73: Train%/Test% | Accuracy: 86.26%/84.43% | Precision: 85.81%/83.23% | Recall: 86.36%/85.01% | F1: 86.01%/83.77% | Time: fit=002s, train=000s, test=000s, total=003s
Epoch  74: Train%/Test% | Accuracy: 86.14%/83.49% | Precision: 85.71%/82.27% | Recall: 86.41%/83.99% | F1: 85.93%/82.78% | Time: fit=002s, train=000s, test=000s, total=003s
Epoch  75: Train%/Test% | Accuracy: 87.44%/83.96% | Precision: 87.00%/82.71% | Recall: 87.54%/84.37% | F1: 87.21%/83.24% | Time: fit=002s, train=000s, test=000s, total=003s
Epoch  76: Train%/Test% | Accuracy: 86.97%/83.49% | Precision: 86.59%/82.27% | Recall: 87.40%/83.99% | F1: 86.80%/82.78% | Time: fit=002s, train=000s, test=000s, total=003s
Epoch  77: Train%/Test% | Accuracy: 85.19%/81.60% | Precision: 85.21%/81.26% | Recall: 86.15%/83.57% | F1: 85.10%/81.20% | Time: fit=002s, train=000s, test=000s, total=003s
Epoch  78: Train%/Test% | Accuracy: 85.55%/80.19% | Precision: 85.44%/79.73% | Recall: 86.37%/81.92% | F1: 85.43%/79.73% | Time: fit=002s, train=000s, test=000s, total=003s
Epoch  79: Train%/Test% | Accuracy: 87.32%/83.02% | Precision: 86.94%/81.93% | Recall: 87.75%/83.89% | F1: 87.15%/82.39% | Time: fit=002s, train=000s, test=000s, total=003s
Epoch  80: Train%/Test% | Accuracy: 81.87%/76.89% | Precision: 82.58%/77.57% | Recall: 83.29%/79.57% | F1: 81.83%/76.61% | Time: fit=002s, train=000s, test=000s, total=003s
Epoch  81: Train%/Test% | Accuracy: 86.85%/82.55% | Precision: 86.79%/82.00% | Recall: 87.77%/84.32% | F1: 86.75%/82.11% | Time: fit=002s, train=000s, test=000s, total=003s
Epoch  82: Train%/Test% | Accuracy: 86.37%/82.55% | Precision: 85.98%/81.31% | Recall: 86.74%/82.98% | F1: 86.18%/81.80% | Time: fit=002s, train=000s, test=000s, total=003s
Epoch  83: Train%/Test% | Accuracy: 86.02%/80.66% | Precision: 85.95%/79.92% | Recall: 86.90%/82.02% | F1: 85.92%/80.12% | Time: fit=002s, train=000s, test=000s, total=003s
Epoch  84: Train%/Test% | Accuracy: 86.37%/81.60% | Precision: 86.16%/80.70% | Recall: 87.09%/82.77% | F1: 86.25%/81.03% | Time: fit=002s, train=000s, test=000s, total=003s
Epoch  85: Train%/Test% | Accuracy: 86.14%/82.55% | Precision: 85.92%/81.40% | Recall: 86.85%/83.25% | F1: 86.01%/81.87% | Time: fit=002s, train=000s, test=000s, total=003s
Epoch  86: Train%/Test% | Accuracy: 83.18%/78.30% | Precision: 83.58%/78.56% | Recall: 84.41%/80.69% | F1: 83.12%/77.97% | Time: fit=002s, train=000s, test=000s, total=003s
Epoch  87: Train%/Test% | Accuracy: 84.48%/78.30% | Precision: 84.86%/78.84% | Recall: 85.73%/80.96% | F1: 84.42%/78.02% | Time: fit=002s, train=000s, test=000s, total=003s
Epoch  88: Train%/Test% | Accuracy: 85.78%/84.91% | Precision: 85.36%/83.61% | Recall: 86.07%/84.85% | F1: 85.57%/84.09% | Time: fit=002s, train=000s, test=000s, total=003s
Epoch  89: Train%/Test% | Accuracy: 87.32%/84.43% | Precision: 86.90%/83.17% | Recall: 87.59%/84.74% | F1: 87.12%/83.70% | Time: fit=002s, train=000s, test=000s, total=003s
Epoch  90: Train%/Test% | Accuracy: 87.32%/84.43% | Precision: 86.93%/83.13% | Recall: 87.12%/83.94% | F1: 87.02%/83.48% | Time: fit=002s, train=000s, test=000s, total=003s
Epoch  91: Train%/Test% | Accuracy: 87.09%/85.85% | Precision: 86.64%/84.59% | Recall: 87.15%/85.86% | F1: 86.84%/85.08% | Time: fit=002s, train=000s, test=000s, total=003s
Epoch  92: Train%/Test% | Accuracy: 86.85%/84.43% | Precision: 86.45%/83.13% | Recall: 86.63%/83.94% | F1: 86.53%/83.48% | Time: fit=002s, train=000s, test=000s, total=003s
Epoch  93: Train%/Test% | Accuracy: 86.73%/84.43% | Precision: 86.30%/83.23% | Recall: 86.96%/85.01% | F1: 86.52%/83.77% | Time: fit=002s, train=000s, test=000s, total=003s
Epoch  94: Train%/Test% | Accuracy: 86.49%/81.60% | Precision: 86.24%/80.87% | Recall: 87.15%/83.04% | F1: 86.36%/81.09% | Time: fit=002s, train=000s, test=000s, total=003s
Epoch  95: Train%/Test% | Accuracy: 86.26%/82.55% | Precision: 85.93%/81.65% | Recall: 86.79%/83.78% | F1: 86.10%/82.00% | Time: fit=002s, train=000s, test=000s, total=003s
Epoch  96: Train%/Test% | Accuracy: 83.89%/79.25% | Precision: 84.24%/79.79% | Recall: 85.10%/81.97% | F1: 83.82%/78.98% | Time: fit=002s, train=000s, test=000s, total=003s
Epoch  97: Train%/Test% | Accuracy: 86.37%/83.96% | Precision: 86.25%/83.32% | Recall: 87.21%/85.71% | F1: 86.27%/83.54% | Time: fit=002s, train=000s, test=000s, total=003s
Epoch  98: Train%/Test% | Accuracy: 83.89%/81.13% | Precision: 84.10%/81.13% | Recall: 84.99%/83.47% | F1: 83.81%/80.80% | Time: fit=002s, train=000s, test=000s, total=003s
Epoch  99: Train%/Test% | Accuracy: 86.97%/83.02% | Precision: 86.69%/81.93% | Recall: 87.60%/83.89% | F1: 86.83%/82.39% | Time: fit=002s, train=000s, test=000s, total=003s
Epoch 100: Train%/Test% | Accuracy: 84.83%/81.60% | Precision: 84.96%/81.26% | Recall: 85.88%/83.57% | F1: 84.75%/81.20% | Time: fit=002s, train=000s, test=000s, total=003s
Epoch 101: Train%/Test% | Accuracy: 84.48%/79.25% | Precision: 84.86%/79.50% | Recall: 85.73%/81.71% | F1: 84.42%/78.93% | Time: fit=002s, train=000s, test=000s, total=003s
Epoch 102: Train%/Test% | Accuracy: 86.14%/83.49% | Precision: 86.12%/82.60% | Recall: 87.08%/84.80% | F1: 86.04%/82.97% | Time: fit=002s, train=000s, test=000s, total=003s
Epoch 103: Train%/Test% | Accuracy: 86.02%/83.96% | Precision: 85.88%/82.71% | Recall: 86.82%/84.37% | F1: 85.90%/83.24% | Time: fit=002s, train=000s, test=000s, total=003s
Epoch 104: Train%/Test% | Accuracy: 84.48%/83.02% | Precision: 84.62%/82.38% | Recall: 85.53%/84.69% | F1: 84.40%/82.57% | Time: fit=002s, train=000s, test=000s, total=003s
Epoch 105: Train%/Test% | Accuracy: 84.00%/80.66% | Precision: 84.29%/80.54% | Recall: 85.17%/82.83% | F1: 83.94%/80.29% | Time: fit=002s, train=000s, test=000s, total=003s
Epoch 106: Train%/Test% | Accuracy: 84.00%/81.13% | Precision: 84.29%/80.89% | Recall: 85.17%/83.20% | F1: 83.94%/80.75% | Time: fit=002s, train=000s, test=000s, total=003s
Epoch 107: Train%/Test% | Accuracy: 87.32%/83.49% | Precision: 86.99%/82.20% | Recall: 87.87%/83.73% | F1: 87.17%/82.71% | Time: fit=002s, train=000s, test=000s, total=003s
Epoch 108: Train%/Test% | Accuracy: 82.94%/78.30% | Precision: 83.50%/78.84% | Recall: 84.29%/80.96% | F1: 82.89%/78.02% | Time: fit=002s, train=000s, test=000s, total=003s
Epoch 109: Train%/Test% | Accuracy: 81.87%/76.89% | Precision: 82.77%/77.88% | Recall: 83.41%/79.84% | F1: 81.84%/76.66% | Time: fit=002s, train=000s, test=000s, total=003s
Epoch 110: Train%/Test% | Accuracy: 80.33%/75.47% | Precision: 81.73%/77.70% | Recall: 82.12%/79.26% | F1: 80.32%/75.36% | Time: fit=002s, train=000s, test=000s, total=003s
Epoch 111: Train%/Test% | Accuracy: 81.16%/76.89% | Precision: 82.32%/78.57% | Recall: 82.83%/80.38% | F1: 81.14%/76.74% | Time: fit=002s, train=000s, test=000s, total=003s
Epoch 112: Train%/Test% | Accuracy: 84.83%/80.66% | Precision: 85.00%/80.79% | Recall: 85.92%/83.09% | F1: 84.76%/80.34% | Time: fit=002s, train=000s, test=000s, total=003s
Epoch 113: Train%/Test% | Accuracy: 84.12%/79.72% | Precision: 84.24%/79.60% | Recall: 85.15%/81.81% | F1: 84.04%/79.33% | Time: fit=002s, train=000s, test=000s, total=003s
Epoch 114: Train%/Test% | Accuracy: 84.12%/81.13% | Precision: 84.48%/80.89% | Recall: 85.35%/83.20% | F1: 84.06%/80.75% | Time: fit=002s, train=000s, test=000s, total=003s
Epoch 115: Train%/Test% | Accuracy: 82.58%/75.94% | Precision: 83.29%/76.63% | Recall: 84.02%/78.56% | F1: 82.55%/75.66% | Time: fit=002s, train=000s, test=000s, total=003s
Epoch 116: Train%/Test% | Accuracy: 86.85%/83.96% | Precision: 86.63%/82.79% | Recall: 87.58%/84.63% | F1: 86.73%/83.31% | Time: fit=002s, train=000s, test=000s, total=003s
Epoch 117: Train%/Test% | Accuracy: 83.77%/79.25% | Precision: 84.15%/79.01% | Recall: 85.00%/81.17% | F1: 83.71%/78.82% | Time: fit=002s, train=000s, test=000s, total=003s
Epoch 118: Train%/Test% | Accuracy: 82.94%/75.94% | Precision: 83.62%/76.63% | Recall: 84.37%/78.56% | F1: 82.90%/75.66% | Time: fit=002s, train=000s, test=000s, total=003s
Epoch 119: Train%/Test% | Accuracy: 85.19%/78.77% | Precision: 85.25%/78.65% | Recall: 86.19%/80.80% | F1: 85.10%/78.37% | Time: fit=002s, train=000s, test=000s, total=003s
Epoch 120: Train%/Test% | Accuracy: 84.72%/79.25% | Precision: 84.82%/79.01% | Recall: 85.74%/81.17% | F1: 84.63%/78.82% | Time: fit=002s, train=000s, test=000s, total=003s
Epoch 121: Train%/Test% | Accuracy: 86.85%/83.96% | Precision: 86.58%/82.89% | Recall: 87.50%/84.90% | F1: 86.71%/83.37% | Time: fit=002s, train=000s, test=000s, total=003s
Epoch 122: Train%/Test% | Accuracy: 84.00%/78.30% | Precision: 84.29%/78.56% | Recall: 85.17%/80.69% | F1: 83.94%/77.97% | Time: fit=002s, train=000s, test=000s, total=003s
Epoch 123: Train%/Test% | Accuracy: 86.49%/82.55% | Precision: 86.35%/81.81% | Recall: 87.31%/84.05% | F1: 86.38%/82.06% | Time: fit=002s, train=000s, test=000s, total=003s
Epoch 124: Train%/Test% | Accuracy: 87.09%/84.43% | Precision: 86.90%/83.32% | Recall: 87.86%/85.28% | F1: 86.97%/83.83% | Time: fit=002s, train=000s, test=000s, total=003s
Epoch 125: Train%/Test% | Accuracy: 87.09%/84.43% | Precision: 86.76%/83.23% | Recall: 87.62%/85.01% | F1: 86.93%/83.77% | Time: fit=002s, train=000s, test=000s, total=003s
Epoch 126: Train%/Test% | Accuracy: 85.31%/80.66% | Precision: 85.43%/80.31% | Recall: 86.37%/82.56% | F1: 85.23%/80.24% | Time: fit=002s, train=000s, test=000s, total=003s
Epoch 127: Train%/Test% | Accuracy: 83.06%/78.30% | Precision: 83.65%/78.56% | Recall: 84.43%/80.69% | F1: 83.01%/77.97% | Time: fit=002s, train=000s, test=000s, total=003s
Epoch 128: Train%/Test% | Accuracy: 82.82%/77.36% | Precision: 83.47%/77.90% | Recall: 84.22%/79.95% | F1: 82.78%/77.06% | Time: fit=002s, train=000s, test=000s, total=003s
Epoch 129: Train%/Test% | Accuracy: 85.43%/80.66% | Precision: 85.57%/80.31% | Recall: 86.51%/82.56% | F1: 85.35%/80.24% | Time: fit=002s, train=000s, test=000s, total=003s
Epoch 130: Train%/Test% | Accuracy: 88.51%/84.91% | Precision: 88.18%/83.75% | Recall: 89.08%/85.65% | F1: 88.37%/84.29% | Time: fit=002s, train=000s, test=000s, total=003s
Epoch 131: Train%/Test% | Accuracy: 86.37%/81.13% | Precision: 86.28%/80.89% | Recall: 87.25%/83.20% | F1: 86.27%/80.75% | Time: fit=002s, train=000s, test=000s, total=003s
Epoch 132: Train%/Test% | Accuracy: 85.78%/81.60% | Precision: 85.95%/81.48% | Recall: 86.89%/83.84% | F1: 85.71%/81.25% | Time: fit=002s, train=000s, test=000s, total=003s
Epoch 133: Train%/Test% | Accuracy: 88.27%/83.49% | Precision: 88.01%/82.36% | Recall: 88.96%/84.26% | F1: 88.15%/82.85% | Time: fit=002s, train=000s, test=000s, total=003s
Epoch 134: Train%/Test% | Accuracy: 89.10%/83.96% | Precision: 88.71%/82.79% | Recall: 89.51%/84.63% | F1: 88.94%/83.31% | Time: fit=002s, train=000s, test=000s, total=003s
Epoch 135: Train%/Test% | Accuracy: 88.39%/83.49% | Precision: 88.01%/82.20% | Recall: 88.82%/83.73% | F1: 88.23%/82.71% | Time: fit=002s, train=000s, test=000s, total=003s
Epoch 136: Train%/Test% | Accuracy: 86.26%/79.25% | Precision: 86.22%/79.01% | Recall: 87.18%/81.17% | F1: 86.16%/78.82% | Time: fit=002s, train=000s, test=000s, total=003s
Epoch 137: Train%/Test% | Accuracy: 86.85%/83.02% | Precision: 86.69%/82.21% | Recall: 87.65%/84.42% | F1: 86.74%/82.51% | Time: fit=002s, train=000s, test=000s, total=003s
Epoch 138: Train%/Test% | Accuracy: 87.80%/83.02% | Precision: 87.47%/82.21% | Recall: 88.35%/84.42% | F1: 87.65%/82.51% | Time: fit=002s, train=000s, test=000s, total=003s
Epoch 139: Train%/Test% | Accuracy: 87.80%/83.96% | Precision: 87.51%/83.01% | Recall: 88.43%/85.17% | F1: 87.67%/83.43% | Time: fit=002s, train=000s, test=000s, total=003s
Epoch 140: Train%/Test% | Accuracy: 84.95%/79.72% | Precision: 85.14%/80.11% | Recall: 86.06%/82.35% | F1: 84.88%/79.43% | Time: fit=002s, train=000s, test=000s, total=003s
Epoch 141: Train%/Test% | Accuracy: 86.26%/81.13% | Precision: 85.98%/80.15% | Recall: 86.87%/82.13% | F1: 86.11%/80.51% | Time: fit=002s, train=000s, test=000s, total=003s
Epoch 142: Train%/Test% | Accuracy: 86.49%/82.08% | Precision: 86.53%/81.62% | Recall: 87.50%/83.95% | F1: 86.41%/81.66% | Time: fit=002s, train=000s, test=000s, total=003s
Epoch 143: Train%/Test% | Accuracy: 86.37%/81.60% | Precision: 86.43%/81.48% | Recall: 87.40%/83.84% | F1: 86.29%/81.25% | Time: fit=002s, train=000s, test=000s, total=003s
Epoch 144: Train%/Test% | Accuracy: 83.77%/78.77% | Precision: 84.48%/79.46% | Recall: 85.24%/81.60% | F1: 83.73%/78.52% | Time: fit=002s, train=000s, test=000s, total=003s
Epoch 145: Train%/Test% | Accuracy: 88.03%/82.55% | Precision: 87.91%/81.81% | Recall: 88.91%/84.05% | F1: 87.94%/82.06% | Time: fit=002s, train=000s, test=000s, total=003s
Epoch 146: Train%/Test% | Accuracy: 87.80%/83.02% | Precision: 87.41%/81.83% | Recall: 88.20%/83.62% | F1: 87.63%/82.33% | Time: fit=002s, train=000s, test=000s, total=003s
Epoch 147: Train%/Test% | Accuracy: 87.32%/82.08% | Precision: 87.34%/81.43% | Recall: 88.34%/83.68% | F1: 87.24%/81.60% | Time: fit=002s, train=000s, test=000s, total=003s
Epoch 148: Train%/Test% | Accuracy: 82.82%/74.06% | Precision: 83.99%/76.87% | Recall: 84.54%/78.14% | F1: 82.80%/73.99% | Time: fit=002s, train=000s, test=000s, total=003s
Epoch 149: Train%/Test% | Accuracy: 83.06%/74.53% | Precision: 84.09%/76.74% | Recall: 84.70%/78.24% | F1: 83.04%/74.42% | Time: fit=002s, train=000s, test=000s, total=003s
Epoch 150: Train%/Test% | Accuracy: 82.82%/74.53% | Precision: 83.92%/77.14% | Recall: 84.50%/78.51% | F1: 82.80%/74.45% | Time: fit=002s, train=000s, test=000s, total=003s
