[nltk_data] Downloading package wordnet to /home/bjorvl16/nltk_data...
[nltk_data]   Package wordnet is already up-to-date!
[nltk_data] Downloading package stopwords to
[nltk_data]     /home/bjorvl16/nltk_data...
[nltk_data]   Package stopwords is already up-to-date!
[*] Load dataset...
[*] Fix malformed data...
[*] Split...
[*] Encoding...
[*] Encoding feature: text... 3673
==============================
Using GPU for training
Dataset: hate-speech-dataset
TMU params: num-clauses=5000, T=200, s=15.0
Epochs: 150
Feature(s): text
max-vocab=15000, max-domain=500, max-tweet=500
====================
Train size: 8755
Train classes: 2
Test size: 2189
Test classes: 2
Total features: 3673
==============================
[*] Training for 150 epochs...
Epoch   1: Train%/Test% | Accuracy: 88.02%/89.04% | Precision: 63.74%/65.95% | Recall: 54.82%/56.31% | F1: 55.95%/58.09% | Time: fit=102s, train=021s, test=005s, total=127s
Epoch   2: Train%/Test% | Accuracy: 88.89%/89.17% | Precision: 69.93%/67.04% | Recall: 56.39%/56.97% | F1: 58.30%/58.98% | Time: fit=100s, train=020s, test=005s, total=125s
Epoch   3: Train%/Test% | Accuracy: 88.35%/87.94% | Precision: 68.30%/63.95% | Recall: 60.68%/59.24% | F1: 62.99%/60.84% | Time: fit=099s, train=020s, test=005s, total=124s
Epoch   4: Train%/Test% | Accuracy: 89.13%/89.17% | Precision: 71.88%/66.36% | Recall: 56.70%/55.79% | F1: 58.81%/57.46% | Time: fit=099s, train=020s, test=005s, total=123s
Epoch   5: Train%/Test% | Accuracy: 88.87%/88.62% | Precision: 70.12%/64.23% | Recall: 58.36%/56.47% | F1: 60.81%/58.15% | Time: fit=097s, train=020s, test=005s, total=121s
Epoch   6: Train%/Test% | Accuracy: 89.03%/88.94% | Precision: 71.09%/66.20% | Recall: 58.72%/57.44% | F1: 61.32%/59.44% | Time: fit=099s, train=020s, test=005s, total=124s
Epoch   7: Train%/Test% | Accuracy: 87.63%/87.76% | Precision: 66.43%/64.63% | Recall: 61.58%/61.30% | F1: 63.35%/62.63% | Time: fit=099s, train=020s, test=005s, total=124s
Epoch   8: Train%/Test% | Accuracy: 87.54%/87.48% | Precision: 66.50%/64.18% | Recall: 62.34%/61.54% | F1: 63.95%/62.64% | Time: fit=099s, train=020s, test=005s, total=123s
Epoch   9: Train%/Test% | Accuracy: 87.52%/87.44% | Precision: 66.41%/63.87% | Recall: 62.24%/61.12% | F1: 63.84%/62.25% | Time: fit=098s, train=019s, test=005s, total=122s
Epoch  10: Train%/Test% | Accuracy: 87.40%/87.16% | Precision: 66.43%/63.58% | Recall: 62.99%/61.56% | F1: 64.39%/62.44% | Time: fit=095s, train=019s, test=005s, total=120s
Epoch  11: Train%/Test% | Accuracy: 87.21%/86.80% | Precision: 66.40%/63.35% | Recall: 64.01%/62.34% | F1: 65.05%/62.81% | Time: fit=098s, train=020s, test=005s, total=123s
Epoch  12: Train%/Test% | Accuracy: 86.50%/86.20% | Precision: 65.21%/62.60% | Recall: 64.33%/62.60% | F1: 64.75%/62.60% | Time: fit=099s, train=020s, test=005s, total=123s
Epoch  13: Train%/Test% | Accuracy: 86.45%/86.39% | Precision: 65.42%/63.46% | Recall: 65.02%/63.88% | F1: 65.22%/63.67% | Time: fit=099s, train=020s, test=005s, total=123s
Epoch  14: Train%/Test% | Accuracy: 86.62%/86.34% | Precision: 65.84%/63.39% | Recall: 65.39%/63.86% | F1: 65.61%/63.61% | Time: fit=098s, train=019s, test=005s, total=122s
Epoch  15: Train%/Test% | Accuracy: 86.32%/86.11% | Precision: 65.36%/63.29% | Recall: 65.44%/64.32% | F1: 65.40%/63.77% | Time: fit=097s, train=019s, test=005s, total=121s
Epoch  16: Train%/Test% | Accuracy: 86.21%/86.07% | Precision: 65.20%/63.22% | Recall: 65.43%/64.29% | F1: 65.31%/63.72% | Time: fit=097s, train=020s, test=005s, total=122s
Epoch  17: Train%/Test% | Accuracy: 86.26%/86.07% | Precision: 65.38%/63.30% | Recall: 65.73%/64.49% | F1: 65.55%/63.85% | Time: fit=099s, train=020s, test=005s, total=124s
Epoch  18: Train%/Test% | Accuracy: 86.34%/85.93% | Precision: 65.64%/62.92% | Recall: 66.09%/64.02% | F1: 65.86%/63.43% | Time: fit=099s, train=020s, test=005s, total=124s
Epoch  19: Train%/Test% | Accuracy: 86.20%/85.24% | Precision: 66.41%/62.74% | Recall: 68.89%/65.41% | F1: 67.51%/63.85% | Time: fit=099s, train=020s, test=005s, total=123s
Epoch  20: Train%/Test% | Accuracy: 86.10%/85.52% | Precision: 66.52%/63.44% | Recall: 69.65%/66.35% | F1: 67.85%/64.64% | Time: fit=097s, train=019s, test=005s, total=121s
Epoch  21: Train%/Test% | Accuracy: 84.18%/83.14% | Precision: 65.69%/62.64% | Recall: 73.44%/69.75% | F1: 68.14%/64.71% | Time: fit=097s, train=020s, test=005s, total=122s
Epoch  22: Train%/Test% | Accuracy: 75.47%/74.14% | Precision: 60.93%/59.14% | Recall: 72.73%/70.44% | F1: 61.58%/59.12% | Time: fit=099s, train=020s, test=005s, total=124s
Epoch  23: Train%/Test% | Accuracy: 74.84%/72.91% | Precision: 60.99%/58.69% | Recall: 73.36%/69.95% | F1: 61.41%/58.22% | Time: fit=099s, train=019s, test=005s, total=123s
Epoch  24: Train%/Test% | Accuracy: 73.85%/72.13% | Precision: 60.75%/58.38% | Recall: 73.40%/69.52% | F1: 60.80%/57.62% | Time: fit=099s, train=020s, test=005s, total=123s
Epoch  25: Train%/Test% | Accuracy: 73.42%/71.68% | Precision: 60.69%/58.14% | Recall: 73.51%/69.07% | F1: 60.57%/57.20% | Time: fit=097s, train=019s, test=005s, total=121s
Epoch  26: Train%/Test% | Accuracy: 73.82%/72.68% | Precision: 60.85%/58.67% | Recall: 73.69%/70.02% | F1: 60.88%/58.11% | Time: fit=096s, train=020s, test=005s, total=121s
Epoch  27: Train%/Test% | Accuracy: 73.23%/72.36% | Precision: 60.51%/58.69% | Recall: 73.14%/70.23% | F1: 60.32%/58.00% | Time: fit=099s, train=019s, test=005s, total=123s
Epoch  28: Train%/Test% | Accuracy: 74.04%/72.59% | Precision: 60.88%/58.71% | Recall: 73.64%/70.16% | F1: 61.00%/58.11% | Time: fit=099s, train=020s, test=005s, total=123s
Epoch  29: Train%/Test% | Accuracy: 74.49%/73.32% | Precision: 60.94%/58.86% | Recall: 73.49%/70.18% | F1: 61.24%/58.54% | Time: fit=099s, train=020s, test=005s, total=124s
Epoch  30: Train%/Test% | Accuracy: 75.13%/74.46% | Precision: 61.03%/59.35% | Recall: 73.26%/70.81% | F1: 61.56%/59.45% | Time: fit=098s, train=019s, test=005s, total=122s
Epoch  31: Train%/Test% | Accuracy: 75.52%/74.51% | Precision: 61.19%/59.51% | Recall: 73.39%/71.23% | F1: 61.86%/59.63% | Time: fit=097s, train=020s, test=005s, total=122s
Epoch  32: Train%/Test% | Accuracy: 72.86%/72.32% | Precision: 60.79%/59.50% | Recall: 74.15%/72.57% | F1: 60.43%/58.76% | Time: fit=099s, train=020s, test=005s, total=123s
Epoch  33: Train%/Test% | Accuracy: 71.99%/71.63% | Precision: 60.62%/59.45% | Recall: 74.15%/72.78% | F1: 59.89%/58.42% | Time: fit=099s, train=020s, test=005s, total=124s
Epoch  34: Train%/Test% | Accuracy: 72.63%/73.37% | Precision: 61.01%/60.13% | Recall: 74.87%/73.75% | F1: 60.52%/59.79% | Time: fit=099s, train=019s, test=005s, total=123s
Epoch  35: Train%/Test% | Accuracy: 72.15%/72.64% | Precision: 60.81%/59.77% | Recall: 74.60%/73.14% | F1: 60.14%/59.14% | Time: fit=097s, train=019s, test=005s, total=121s
Epoch  36: Train%/Test% | Accuracy: 71.38%/71.95% | Precision: 60.65%/59.57% | Recall: 74.57%/72.96% | F1: 59.64%/58.67% | Time: fit=096s, train=019s, test=005s, total=120s
Epoch  37: Train%/Test% | Accuracy: 72.27%/72.91% | Precision: 60.84%/59.67% | Recall: 74.62%/72.70% | F1: 60.21%/59.16% | Time: fit=099s, train=020s, test=005s, total=123s
Epoch  38: Train%/Test% | Accuracy: 72.48%/73.14% | Precision: 60.70%/59.35% | Recall: 74.11%/71.65% | F1: 60.19%/58.95% | Time: fit=099s, train=020s, test=005s, total=124s
Epoch  39: Train%/Test% | Accuracy: 73.51%/74.05% | Precision: 60.86%/59.59% | Recall: 73.93%/71.77% | F1: 60.77%/59.54% | Time: fit=099s, train=020s, test=005s, total=123s
Epoch  40: Train%/Test% | Accuracy: 73.92%/73.87% | Precision: 61.04%/59.51% | Recall: 74.16%/71.66% | F1: 61.11%/59.39% | Time: fit=098s, train=019s, test=005s, total=121s
Epoch  41: Train%/Test% | Accuracy: 73.36%/73.41% | Precision: 60.99%/59.67% | Recall: 74.38%/72.39% | F1: 60.83%/59.37% | Time: fit=096s, train=019s, test=005s, total=120s
Epoch  42: Train%/Test% | Accuracy: 72.10%/72.77% | Precision: 60.63%/59.27% | Recall: 74.12%/71.64% | F1: 59.95%/58.73% | Time: fit=098s, train=020s, test=005s, total=123s
Epoch  43: Train%/Test% | Accuracy: 73.15%/73.41% | Precision: 60.86%/59.53% | Recall: 74.17%/72.00% | F1: 60.62%/59.23% | Time: fit=099s, train=020s, test=005s, total=123s
Epoch  44: Train%/Test% | Accuracy: 72.64%/73.05% | Precision: 60.60%/59.24% | Recall: 73.75%/71.40% | F1: 60.17%/58.81% | Time: fit=099s, train=020s, test=005s, total=124s
Epoch  45: Train%/Test% | Accuracy: 73.44%/73.46% | Precision: 60.84%/59.20% | Recall: 73.93%/71.04% | F1: 60.73%/58.93% | Time: fit=098s, train=019s, test=005s, total=122s
Epoch  46: Train%/Test% | Accuracy: 72.86%/73.87% | Precision: 60.66%/59.44% | Recall: 73.79%/71.47% | F1: 60.31%/59.32% | Time: fit=096s, train=019s, test=005s, total=120s
Epoch  47: Train%/Test% | Accuracy: 73.68%/74.97% | Precision: 61.10%/60.13% | Recall: 74.47%/72.67% | F1: 61.06%/60.42% | Time: fit=098s, train=020s, test=005s, total=123s
Epoch  48: Train%/Test% | Accuracy: 73.17%/73.92% | Precision: 61.10%/59.81% | Recall: 74.82%/72.48% | F1: 60.84%/59.70% | Time: fit=099s, train=020s, test=005s, total=124s
Epoch  49: Train%/Test% | Accuracy: 73.56%/74.10% | Precision: 61.15%/59.89% | Recall: 74.72%/72.58% | F1: 61.06%/59.85% | Time: fit=099s, train=019s, test=005s, total=123s
Epoch  50: Train%/Test% | Accuracy: 73.18%/73.46% | Precision: 61.22%/60.03% | Recall: 75.14%/73.40% | F1: 60.96%/59.73% | Time: fit=099s, train=019s, test=005s, total=123s
Epoch  51: Train%/Test% | Accuracy: 74.52%/74.51% | Precision: 61.44%/59.65% | Recall: 74.85%/71.63% | F1: 61.72%/59.77% | Time: fit=097s, train=019s, test=005s, total=120s
Epoch  52: Train%/Test% | Accuracy: 74.19%/73.55% | Precision: 61.22%/59.10% | Recall: 74.49%/70.70% | F1: 61.38%/58.86% | Time: fit=097s, train=020s, test=005s, total=122s
Epoch  53: Train%/Test% | Accuracy: 74.89%/74.83% | Precision: 61.49%/59.86% | Recall: 74.70%/72.00% | F1: 61.91%/60.10% | Time: fit=099s, train=020s, test=005s, total=124s
Epoch  54: Train%/Test% | Accuracy: 74.69%/74.05% | Precision: 61.52%/59.59% | Recall: 74.95%/71.77% | F1: 61.86%/59.54% | Time: fit=099s, train=020s, test=005s, total=123s
Epoch  55: Train%/Test% | Accuracy: 74.56%/74.14% | Precision: 61.41%/59.77% | Recall: 74.74%/72.21% | F1: 61.71%/59.75% | Time: fit=099s, train=020s, test=005s, total=124s
Epoch  56: Train%/Test% | Accuracy: 72.94%/72.91% | Precision: 61.15%/59.67% | Recall: 75.09%/72.70% | F1: 60.79%/59.16% | Time: fit=098s, train=019s, test=005s, total=122s
Epoch  57: Train%/Test% | Accuracy: 72.91%/73.00% | Precision: 61.18%/59.91% | Recall: 75.21%/73.35% | F1: 60.80%/59.43% | Time: fit=098s, train=020s, test=005s, total=122s
Epoch  58: Train%/Test% | Accuracy: 73.27%/73.41% | Precision: 61.24%/60.15% | Recall: 75.14%/73.77% | F1: 61.02%/59.83% | Time: fit=099s, train=020s, test=005s, total=124s
Epoch  59: Train%/Test% | Accuracy: 73.51%/73.64% | Precision: 61.28%/59.83% | Recall: 75.10%/72.72% | F1: 61.15%/59.62% | Time: fit=099s, train=019s, test=005s, total=123s
Epoch  60: Train%/Test% | Accuracy: 73.01%/73.14% | Precision: 61.03%/59.55% | Recall: 74.73%/72.24% | F1: 60.71%/59.15% | Time: fit=099s, train=020s, test=005s, total=123s
Epoch  61: Train%/Test% | Accuracy: 73.10%/72.64% | Precision: 61.14%/59.28% | Recall: 74.96%/71.76% | F1: 60.85%/58.69% | Time: fit=097s, train=019s, test=005s, total=122s
Epoch  62: Train%/Test% | Accuracy: 72.74%/71.63% | Precision: 61.13%/58.97% | Recall: 75.16%/71.40% | F1: 60.68%/57.97% | Time: fit=097s, train=020s, test=005s, total=122s
Epoch  63: Train%/Test% | Accuracy: 73.44%/72.50% | Precision: 61.25%/58.88% | Recall: 75.06%/70.70% | F1: 61.10%/58.24% | Time: fit=099s, train=020s, test=005s, total=124s
Epoch  64: Train%/Test% | Accuracy: 73.38%/72.82% | Precision: 61.24%/58.87% | Recall: 75.07%/70.49% | F1: 61.06%/58.36% | Time: fit=099s, train=020s, test=005s, total=124s
Epoch  65: Train%/Test% | Accuracy: 72.90%/73.00% | Precision: 61.21%/59.64% | Recall: 75.29%/72.56% | F1: 60.82%/59.17% | Time: fit=099s, train=019s, test=005s, total=123s
Epoch  66: Train%/Test% | Accuracy: 72.55%/72.27% | Precision: 61.18%/59.14% | Recall: 75.42%/71.56% | F1: 60.64%/58.40% | Time: fit=097s, train=019s, test=005s, total=121s
Epoch  67: Train%/Test% | Accuracy: 73.32%/73.73% | Precision: 61.45%/59.66% | Recall: 75.71%/72.18% | F1: 61.23%/59.49% | Time: fit=097s, train=019s, test=005s, total=121s
Epoch  68: Train%/Test% | Accuracy: 73.68%/74.01% | Precision: 61.60%/59.92% | Recall: 75.87%/72.72% | F1: 61.52%/59.84% | Time: fit=099s, train=020s, test=005s, total=124s
Epoch  69: Train%/Test% | Accuracy: 73.50%/74.51% | Precision: 61.44%/60.20% | Recall: 75.54%/73.20% | F1: 61.29%/60.32% | Time: fit=099s, train=020s, test=005s, total=124s
Epoch  70: Train%/Test% | Accuracy: 74.86%/75.01% | Precision: 61.69%/60.01% | Recall: 75.32%/72.30% | F1: 62.10%/60.32% | Time: fit=099s, train=020s, test=005s, total=123s
Epoch  71: Train%/Test% | Accuracy: 75.03%/74.87% | Precision: 61.68%/59.88% | Recall: 75.14%/72.03% | F1: 62.15%/60.14% | Time: fit=099s, train=019s, test=005s, total=123s
Epoch  72: Train%/Test% | Accuracy: 75.31%/76.02% | Precision: 61.84%/60.35% | Recall: 75.39%/72.47% | F1: 62.42%/61.01% | Time: fit=097s, train=019s, test=005s, total=121s
Epoch  73: Train%/Test% | Accuracy: 75.47%/75.24% | Precision: 62.19%/60.12% | Recall: 76.24%/72.43% | F1: 62.81%/60.51% | Time: fit=099s, train=020s, test=005s, total=123s
Epoch  74: Train%/Test% | Accuracy: 74.76%/74.14% | Precision: 61.69%/59.56% | Recall: 75.39%/71.62% | F1: 62.06%/59.54% | Time: fit=099s, train=020s, test=005s, total=124s
Epoch  75: Train%/Test% | Accuracy: 74.47%/73.78% | Precision: 61.64%/59.82% | Recall: 75.46%/72.60% | F1: 61.89%/59.66% | Time: fit=099s, train=020s, test=005s, total=123s
Epoch  76: Train%/Test% | Accuracy: 74.92%/74.51% | Precision: 61.77%/59.86% | Recall: 75.48%/72.22% | F1: 62.19%/59.98% | Time: fit=098s, train=019s, test=005s, total=122s
Epoch  77: Train%/Test% | Accuracy: 74.73%/74.23% | Precision: 61.68%/59.74% | Recall: 75.38%/72.06% | F1: 62.04%/59.76% | Time: fit=097s, train=019s, test=005s, total=121s
Epoch  78: Train%/Test% | Accuracy: 75.32%/75.15% | Precision: 61.82%/60.15% | Recall: 75.30%/72.57% | F1: 62.40%/60.50% | Time: fit=099s, train=020s, test=005s, total=124s
Epoch  79: Train%/Test% | Accuracy: 76.00%/74.92% | Precision: 62.15%/60.04% | Recall: 75.69%/72.45% | F1: 62.98%/60.31% | Time: fit=099s, train=020s, test=005s, total=124s
Epoch  80: Train%/Test% | Accuracy: 74.62%/73.87% | Precision: 61.77%/59.93% | Recall: 75.72%/72.84% | F1: 62.08%/59.80% | Time: fit=099s, train=020s, test=005s, total=124s
Epoch  81: Train%/Test% | Accuracy: 72.77%/72.68% | Precision: 61.21%/59.58% | Recall: 75.36%/72.58% | F1: 60.76%/58.98% | Time: fit=099s, train=019s, test=005s, total=123s
Epoch  82: Train%/Test% | Accuracy: 75.20%/74.78% | Precision: 61.89%/59.98% | Recall: 75.60%/72.37% | F1: 62.42%/60.20% | Time: fit=096s, train=019s, test=005s, total=120s
Epoch  83: Train%/Test% | Accuracy: 75.11%/75.01% | Precision: 61.97%/60.57% | Recall: 75.91%/73.87% | F1: 62.46%/60.87% | Time: fit=098s, train=020s, test=005s, total=122s
Epoch  84: Train%/Test% | Accuracy: 74.94%/74.92% | Precision: 62.13%/60.66% | Recall: 76.49%/74.22% | F1: 62.54%/60.93% | Time: fit=099s, train=020s, test=005s, total=124s
Epoch  85: Train%/Test% | Accuracy: 75.33%/75.10% | Precision: 62.17%/60.68% | Recall: 76.30%/74.12% | F1: 62.74%/61.01% | Time: fit=099s, train=020s, test=005s, total=124s
Epoch  86: Train%/Test% | Accuracy: 74.31%/73.41% | Precision: 61.91%/60.08% | Recall: 76.31%/73.57% | F1: 62.07%/59.76% | Time: fit=098s, train=020s, test=005s, total=123s
Epoch  87: Train%/Test% | Accuracy: 74.12%/73.00% | Precision: 61.69%/59.71% | Recall: 75.84%/72.75% | F1: 61.79%/59.24% | Time: fit=097s, train=019s, test=005s, total=120s
Epoch  88: Train%/Test% | Accuracy: 75.07%/74.05% | Precision: 62.01%/59.94% | Recall: 76.06%/72.75% | F1: 62.48%/59.88% | Time: fit=097s, train=020s, test=005s, total=121s
Epoch  89: Train%/Test% | Accuracy: 74.94%/74.10% | Precision: 62.08%/59.96% | Recall: 76.35%/72.78% | F1: 62.50%/59.92% | Time: fit=099s, train=019s, test=005s, total=123s
Epoch  90: Train%/Test% | Accuracy: 73.81%/73.32% | Precision: 61.49%/60.25% | Recall: 75.49%/74.11% | F1: 61.47%/59.88% | Time: fit=099s, train=019s, test=005s, total=124s
Epoch  91: Train%/Test% | Accuracy: 74.09%/73.50% | Precision: 61.54%/60.05% | Recall: 75.43%/73.43% | F1: 61.64%/59.77% | Time: fit=099s, train=019s, test=005s, total=123s
Epoch  92: Train%/Test% | Accuracy: 73.71%/72.59% | Precision: 61.45%/59.47% | Recall: 75.43%/72.33% | F1: 61.39%/58.85% | Time: fit=097s, train=019s, test=005s, total=121s
Epoch  93: Train%/Test% | Accuracy: 73.14%/73.00% | Precision: 61.22%/59.84% | Recall: 75.16%/73.15% | F1: 60.93%/59.37% | Time: fit=096s, train=020s, test=005s, total=121s
Epoch  94: Train%/Test% | Accuracy: 73.76%/73.09% | Precision: 61.42%/59.40% | Recall: 75.33%/71.82% | F1: 61.39%/58.98% | Time: fit=099s, train=019s, test=005s, total=123s
Epoch  95: Train%/Test% | Accuracy: 73.82%/73.78% | Precision: 61.46%/60.03% | Recall: 75.41%/73.19% | F1: 61.45%/59.86% | Time: fit=099s, train=020s, test=005s, total=123s
Epoch  96: Train%/Test% | Accuracy: 73.92%/73.82% | Precision: 61.32%/59.84% | Recall: 74.92%/72.62% | F1: 61.36%/59.70% | Time: fit=099s, train=020s, test=005s, total=123s
Epoch  97: Train%/Test% | Accuracy: 73.33%/72.64% | Precision: 61.43%/59.28% | Recall: 75.63%/71.76% | F1: 61.21%/58.69% | Time: fit=097s, train=019s, test=005s, total=121s
Epoch  98: Train%/Test% | Accuracy: 73.75%/73.46% | Precision: 61.61%/59.62% | Recall: 75.86%/72.22% | F1: 61.56%/59.34% | Time: fit=097s, train=019s, test=005s, total=121s
Epoch  99: Train%/Test% | Accuracy: 71.50%/71.63% | Precision: 60.95%/59.45% | Recall: 75.32%/72.78% | F1: 59.95%/58.42% | Time: fit=099s, train=020s, test=005s, total=124s
Epoch 100: Train%/Test% | Accuracy: 72.60%/71.08% | Precision: 61.32%/58.76% | Recall: 75.76%/71.10% | F1: 60.78%/57.55% | Time: fit=099s, train=020s, test=005s, total=123s
Epoch 101: Train%/Test% | Accuracy: 72.77%/71.22% | Precision: 61.24%/58.95% | Recall: 75.45%/71.57% | F1: 60.79%/57.78% | Time: fit=099s, train=019s, test=005s, total=123s
Epoch 102: Train%/Test% | Accuracy: 72.70%/71.59% | Precision: 61.12%/59.02% | Recall: 75.14%/71.57% | F1: 60.65%/58.00% | Time: fit=098s, train=019s, test=005s, total=122s
Epoch 103: Train%/Test% | Accuracy: 71.88%/70.81% | Precision: 60.90%/59.01% | Recall: 74.99%/71.93% | F1: 60.09%/57.66% | Time: fit=097s, train=019s, test=005s, total=121s
Epoch 104: Train%/Test% | Accuracy: 71.49%/71.13% | Precision: 60.78%/59.40% | Recall: 74.86%/72.89% | F1: 59.80%/58.15% | Time: fit=099s, train=020s, test=005s, total=124s
Epoch 105: Train%/Test% | Accuracy: 71.75%/70.63% | Precision: 61.06%/59.29% | Recall: 75.51%/72.81% | F1: 60.17%/57.82% | Time: fit=100s, train=020s, test=005s, total=124s
Epoch 106: Train%/Test% | Accuracy: 71.88%/70.21% | Precision: 61.14%/59.08% | Recall: 75.67%/72.38% | F1: 60.29%/57.45% | Time: fit=099s, train=019s, test=005s, total=123s
Epoch 107: Train%/Test% | Accuracy: 72.93%/71.36% | Precision: 61.48%/59.35% | Recall: 76.03%/72.63% | F1: 61.08%/58.20% | Time: fit=098s, train=019s, test=005s, total=122s
Epoch 108: Train%/Test% | Accuracy: 72.50%/71.22% | Precision: 61.37%/59.23% | Recall: 75.97%/72.35% | F1: 60.78%/58.03% | Time: fit=097s, train=019s, test=005s, total=121s
Epoch 109: Train%/Test% | Accuracy: 71.98%/70.49% | Precision: 61.29%/59.04% | Recall: 76.04%/72.14% | F1: 60.47%/57.54% | Time: fit=098s, train=020s, test=005s, total=123s
Epoch 110: Train%/Test% | Accuracy: 72.12%/70.90% | Precision: 61.43%/59.18% | Recall: 76.34%/72.37% | F1: 60.65%/57.85% | Time: fit=099s, train=020s, test=005s, total=123s
Epoch 111: Train%/Test% | Accuracy: 73.82%/72.91% | Precision: 61.85%/59.53% | Recall: 76.49%/72.31% | F1: 61.80%/59.03% | Time: fit=099s, train=019s, test=005s, total=123s
Epoch 112: Train%/Test% | Accuracy: 74.40%/73.96% | Precision: 61.99%/59.83% | Recall: 76.50%/72.50% | F1: 62.19%/59.74% | Time: fit=099s, train=019s, test=005s, total=123s
Epoch 113: Train%/Test% | Accuracy: 74.61%/73.87% | Precision: 62.02%/59.72% | Recall: 76.44%/72.25% | F1: 62.30%/59.60% | Time: fit=097s, train=019s, test=005s, total=120s
Epoch 114: Train%/Test% | Accuracy: 73.73%/72.82% | Precision: 61.74%/59.50% | Recall: 76.26%/72.26% | F1: 61.67%/58.96% | Time: fit=098s, train=020s, test=005s, total=122s
Epoch 115: Train%/Test% | Accuracy: 74.03%/72.77% | Precision: 61.75%/59.13% | Recall: 76.06%/71.25% | F1: 61.80%/58.59% | Time: fit=099s, train=020s, test=005s, total=124s
Epoch 116: Train%/Test% | Accuracy: 74.32%/73.32% | Precision: 61.97%/59.63% | Recall: 76.50%/72.34% | F1: 62.14%/59.29% | Time: fit=099s, train=020s, test=005s, total=123s
Epoch 117: Train%/Test% | Accuracy: 73.76%/72.09% | Precision: 61.81%/59.49% | Recall: 76.41%/72.64% | F1: 61.74%/58.65% | Time: fit=098s, train=019s, test=005s, total=122s
Epoch 118: Train%/Test% | Accuracy: 74.57%/73.32% | Precision: 62.07%/59.77% | Recall: 76.60%/72.74% | F1: 62.33%/59.43% | Time: fit=095s, train=019s, test=005s, total=119s
Epoch 119: Train%/Test% | Accuracy: 75.65%/74.10% | Precision: 62.50%/60.03% | Recall: 76.98%/72.97% | F1: 63.18%/59.98% | Time: fit=097s, train=020s, test=005s, total=122s
Epoch 120: Train%/Test% | Accuracy: 75.45%/74.28% | Precision: 62.48%/60.17% | Recall: 77.09%/73.27% | F1: 63.08%/60.20% | Time: fit=099s, train=020s, test=005s, total=123s
Epoch 121: Train%/Test% | Accuracy: 75.36%/74.05% | Precision: 62.50%/59.80% | Recall: 77.22%/72.36% | F1: 63.06%/59.75% | Time: fit=099s, train=020s, test=005s, total=123s
Epoch 122: Train%/Test% | Accuracy: 73.95%/72.91% | Precision: 61.85%/59.81% | Recall: 76.42%/73.10% | F1: 61.86%/59.29% | Time: fit=099s, train=019s, test=005s, total=123s
Epoch 123: Train%/Test% | Accuracy: 72.79%/72.27% | Precision: 61.51%/59.69% | Recall: 76.18%/73.13% | F1: 61.04%/58.92% | Time: fit=096s, train=019s, test=005s, total=119s
Epoch 124: Train%/Test% | Accuracy: 81.12%/81.64% | Precision: 64.01%/62.73% | Recall: 74.87%/72.65% | F1: 66.32%/64.92% | Time: fit=097s, train=020s, test=005s, total=121s
Epoch 125: Train%/Test% | Accuracy: 81.18%/81.41% | Precision: 64.15%/62.62% | Recall: 75.17%/72.72% | F1: 66.48%/64.78% | Time: fit=099s, train=020s, test=005s, total=123s
Epoch 126: Train%/Test% | Accuracy: 80.82%/81.73% | Precision: 63.84%/63.07% | Recall: 74.84%/73.49% | F1: 66.08%/65.35% | Time: fit=099s, train=019s, test=005s, total=123s
Epoch 127: Train%/Test% | Accuracy: 80.57%/81.50% | Precision: 63.75%/62.90% | Recall: 74.97%/73.36% | F1: 65.94%/65.12% | Time: fit=099s, train=020s, test=005s, total=123s
Epoch 128: Train%/Test% | Accuracy: 73.38%/73.87% | Precision: 61.67%/60.41% | Recall: 76.28%/74.22% | F1: 61.45%/60.26% | Time: fit=097s, train=019s, test=005s, total=121s
Epoch 129: Train%/Test% | Accuracy: 73.54%/73.92% | Precision: 61.77%/60.49% | Recall: 76.46%/74.44% | F1: 61.61%/60.36% | Time: fit=097s, train=020s, test=005s, total=121s
Epoch 130: Train%/Test% | Accuracy: 73.84%/74.05% | Precision: 61.91%/60.21% | Recall: 76.64%/73.54% | F1: 61.86%/60.15% | Time: fit=099s, train=020s, test=005s, total=123s
Epoch 131: Train%/Test% | Accuracy: 73.23%/72.91% | Precision: 61.85%/59.88% | Recall: 76.88%/73.29% | F1: 61.53%/59.36% | Time: fit=099s, train=020s, test=005s, total=124s
Epoch 132: Train%/Test% | Accuracy: 72.22%/72.09% | Precision: 61.47%/60.10% | Recall: 76.40%/74.41% | F1: 60.74%/59.21% | Time: fit=098s, train=019s, test=005s, total=123s
Epoch 133: Train%/Test% | Accuracy: 72.26%/71.54% | Precision: 61.53%/59.62% | Recall: 76.56%/73.32% | F1: 60.81%/58.53% | Time: fit=097s, train=019s, test=005s, total=121s
Epoch 134: Train%/Test% | Accuracy: 72.88%/72.22% | Precision: 61.75%/59.61% | Recall: 76.82%/72.91% | F1: 61.29%/58.82% | Time: fit=096s, train=019s, test=005s, total=120s
Epoch 135: Train%/Test% | Accuracy: 73.92%/73.55% | Precision: 62.18%/60.14% | Recall: 77.36%/73.65% | F1: 62.14%/59.87% | Time: fit=099s, train=020s, test=005s, total=123s
Epoch 136: Train%/Test% | Accuracy: 74.29%/73.64% | Precision: 62.31%/60.04% | Recall: 77.47%/73.31% | F1: 62.42%/59.81% | Time: fit=099s, train=020s, test=005s, total=124s
Epoch 137: Train%/Test% | Accuracy: 74.53%/74.33% | Precision: 62.30%/60.26% | Recall: 77.29%/73.49% | F1: 62.53%/60.30% | Time: fit=099s, train=019s, test=005s, total=124s
Epoch 138: Train%/Test% | Accuracy: 74.19%/73.92% | Precision: 62.04%/60.15% | Recall: 76.78%/73.46% | F1: 62.14%/60.04% | Time: fit=098s, train=019s, test=005s, total=122s
Epoch 139: Train%/Test% | Accuracy: 74.12%/73.73% | Precision: 62.04%/60.21% | Recall: 76.84%/73.75% | F1: 62.11%/60.02% | Time: fit=097s, train=019s, test=005s, total=121s
Epoch 140: Train%/Test% | Accuracy: 74.27%/73.78% | Precision: 62.20%/60.23% | Recall: 77.19%/73.78% | F1: 62.32%/60.06% | Time: fit=099s, train=020s, test=005s, total=123s
Epoch 141: Train%/Test% | Accuracy: 73.74%/74.05% | Precision: 61.94%/60.48% | Recall: 76.80%/74.32% | F1: 61.85%/60.41% | Time: fit=099s, train=020s, test=005s, total=123s
Epoch 142: Train%/Test% | Accuracy: 74.12%/74.05% | Precision: 62.01%/60.14% | Recall: 76.75%/73.34% | F1: 62.08%/60.08% | Time: fit=099s, train=020s, test=005s, total=124s
Epoch 143: Train%/Test% | Accuracy: 71.80%/72.00% | Precision: 61.45%/60.13% | Recall: 76.57%/74.56% | F1: 60.52%/59.20% | Time: fit=098s, train=019s, test=005s, total=122s
Epoch 144: Train%/Test% | Accuracy: 72.29%/72.36% | Precision: 61.48%/60.21% | Recall: 76.39%/74.56% | F1: 60.78%/59.43% | Time: fit=096s, train=019s, test=005s, total=120s
Epoch 145: Train%/Test% | Accuracy: 72.54%/72.27% | Precision: 61.53%/59.90% | Recall: 76.40%/73.72% | F1: 60.94%/59.11% | Time: fit=098s, train=020s, test=005s, total=123s
Epoch 146: Train%/Test% | Accuracy: 81.52%/81.91% | Precision: 63.81%/62.31% | Recall: 73.61%/71.03% | F1: 66.10%/64.41% | Time: fit=099s, train=020s, test=005s, total=124s
Epoch 147: Train%/Test% | Accuracy: 82.36%/83.05% | Precision: 63.81%/63.07% | Recall: 72.05%/71.08% | F1: 66.05%/65.28% | Time: fit=099s, train=020s, test=005s, total=124s
Epoch 148: Train%/Test% | Accuracy: 72.07%/72.36% | Precision: 61.35%/60.07% | Recall: 76.14%/74.17% | F1: 60.56%/59.30% | Time: fit=098s, train=019s, test=005s, total=122s
Epoch 149: Train%/Test% | Accuracy: 72.55%/72.73% | Precision: 61.47%/60.41% | Recall: 76.23%/74.96% | F1: 60.90%/59.78% | Time: fit=096s, train=019s, test=005s, total=120s
Epoch 150: Train%/Test% | Accuracy: 71.75%/71.68% | Precision: 61.24%/59.74% | Recall: 76.00%/73.59% | F1: 60.32%/58.70% | Time: fit=098s, train=020s, test=005s, total=122s
